[36;1mSaving config:
[0m
{
    "args":	null,
    "env":	null,
    "exp_name":	"HER_mpi1_random_TD3Torch_PandaReach-v2",
    "logger":	null,
    "logger_kwargs":	{
        "exp_name":	"HER_mpi1_random_TD3Torch_PandaReach-v2",
        "output_dir":	"HER_DRLib_Torch_exps/2023-03-13_HER_mpi1_random_TD3Torch_PandaReach-v2\\2023-03-13_16-17-39-HER_mpi1_random_TD3Torch_PandaReach-v2_s300"
    },
    "net":	null
}
something error happend
bad
something error happend
something error happend
something error happend
something error happend
something error happend
something error happend
something error happend
bad
something error happend
bad
something error happend
bad
something error happend
bad
something error happend
bad
something error happend
something error happend
bad
something error happend
something error happend
