[36;1mSaving config:
[0m
{
    "args":	null,
    "env":	null,
    "exp_name":	"HER_mpi1_random_TD3Torch_PandaReach-v2",
    "logger":	null,
    "logger_kwargs":	{
        "exp_name":	"HER_mpi1_random_TD3Torch_PandaReach-v2",
        "output_dir":	"HER_DRLib_Torch_exps/2023-05-27_HER_mpi1_random_TD3Torch_PandaReach-v2\\2023-05-27_10-32-11-HER_mpi1_random_TD3Torch_PandaReach-v2_s300"
    },
    "net":	null
}
right -32.15717558986981
right -0.2676767708895049
right -7.809281540882349
right -2.5224358245948686
right -55.60691074916549
right -22.950377508711433
right -23.732426527263108
right 2.3855070535725655
right -9.152010640021405
right -230.22073472322177
right 3.3666764611619175
right -5.84727726727859
right -15.864226689470073
right -69.20165282053968
right -27.793618559148754
right -8.68829517946072
right -13.905877051015679
right -3.351058321357616
right -24.042746258071375
right -11.81441117698336
right -2.3103246505346338
right -3.5852683897714694
right 4.588782797412332
right -17.23168276278504
right -7.435668256703515
right -30.50275406842318
right -18.61366470615134
right -7.201417105799571
right -0.06314066541588836
right -8.557875401675435
right 3.0476936004846262
right -0.399500422979429
right -2.4734445900581807
right 6.871292773571215
right -4.103740174190554
right 5.762919599561468
right -12.482327436190683
right -14.648142411236776
right -10.669221232761554
right 0.052361635013319585
right -10.313996587230491
right 5.8298207942631555
right 0.20338255525849824
right 5.614191015396889
right -12.748732029861223
right -147.49789576908944
right 2.3064290582979083
right -6.885355274972483
right -1.3257317900343413
right -5.744234101130157
right -6.022393519662977
right 1.8105481142416178
---------------------------------------
|             Epoch |               0 |
|             EpRet |       -1.39e+03 |
|         EpRealRet |       -1.39e+03 |
|         TestEpRet |       -1.46e+03 |
|         AverageQ1 |           -47.9 |
|             StdQ1 |            7.18 |
|             MaxQ1 |         -0.0987 |
|             MinQ1 |            -172 |
|                Q2 |           -47.9 |
|       TestSuccess |               0 |
| TotalEnvInteracts |        1.97e+05 |
|         TotalTime |             128 |
---------------------------------------
right -39.398119476574266
right -2.552809277428503
right -339.2905743329859
right -0.35995112924538475
right -6.769709197030373
right 3.2301972241874557
right 2.6715273513555724
right -13.152953774489138
right 1.1715867474956099
right -10.373711111783393
right -8.082401926022236
right -11.574999033175999
right -3.44696314047707
right -0.23264113028557531
right 0.48066253105375445
right -16.038940483436704
right 5.932975586900257
right -5.963392570299476
right -6.559131441861371
right -7.800608175754093
right -40.00575165968996
right 1.5932695796918388
right -16.66338773894347
right -5.015900970833716
right -9.39922760559261
right -27.832192153497843
right 4.715732311591243
right 2.5602448752877542
right 