[36;1mSaving config:
[0m
{
    "args":	null,
    "env":	null,
    "exp_name":	"HER_mpi1_random_TD3Torch_PandaReach-v2",
    "logger":	null,
    "logger_kwargs":	{
        "exp_name":	"HER_mpi1_random_TD3Torch_PandaReach-v2",
        "output_dir":	"HER_DRLib_Torch_exps/2023-04-05_HER_mpi1_random_TD3Torch_PandaReach-v2\\2023-04-05_19-33-04-HER_mpi1_random_TD3Torch_PandaReach-v2_s300"
    },
    "net":	null
}
right 3.096416333441841
bad
the batchsize 512
the batchsize 512
the batchsize 512
the batchsize 512
the batchsize 512
the batchsize 512
the batchsize 512
the batchsize 512
the batchsize 512
the batchsize 512
the batchsize 512
the batchsize 512
the batchsize 512
the batchsize 512
the batchsize 512
the batchsize 512
the batchsize 512
the batchsize 512
the batchsize 512
the batchsize 512
the batchsize 512
the batchsize 512
the batchsize 512
the batchsize 512
the batchsize 512
the batchsize 512
the batchsize 512
the batchsize 512
the batchsize 512
the batchsize 512
the batchsize 512
the batchsize 512
the batchsize 512
the batchsize 512
the batchsize 512
the batchsize 512
the batchsize 512
the batchsize 512
the batchsize 512
the batchsize 512
the batchsize 512
the batchsize 512
the batchsize 512
the batchsize 512
the batchsize 512
the batchsize 512
the batchsize 512
the batchsize 512
the batchsize 512
the batchsize 512
the batchsize 512
the batchsize 512
the batchsize 512
the batchsize 512
the batchsize 512
the batchsize 512
the batchsize 512
the batchsize 512
the batchsize 512
the batchsize 512
the batchsize 512
the batchsize 512
the batchsize 512
the batchsize 512
the batchsize 512
the batchsize 512
the batchsize 512
the batchsize 512
the batchsize 512
the batchsize 512
the batchsize 512
the batchsize 512
the batchsize 512
the batchsize 512
the batchsize 512
the batchsize 512
the batchsize 512
the batchsize 512
the batchsize 512
the batchsize 512
