[36;1mSaving config:
[0m
{
    "args":	null,
    "env":	null,
    "exp_name":	"HER_mpi1_random_TD3Torch_PandaReach-v2",
    "logger":	null,
    "logger_kwargs":	{
        "exp_name":	"HER_mpi1_random_TD3Torch_PandaReach-v2",
        "output_dir":	"HER_DRLib_Torch_exps/2023-04-05_HER_mpi1_random_TD3Torch_PandaReach-v2\\2023-04-05_19-30-22-HER_mpi1_random_TD3Torch_PandaReach-v2_s300"
    },
    "net":	null
}
right 5.638374019017346
bad
right 8.873870173149681
right -25.468444209769828
bad
right -4.241496325192333
bad
right -8.857304089080909
right -3.6162913525016034
bad
right -16.325834587694132
right -22.010162829299247
right -19.797264795681144
right -6.11051665915117
right -0.8288843683845073
right 0.1711953962749284
right -26.967047358905504
right -2.7539191057620194
bad
