[36;1mSaving config:
[0m
{
    "args":	null,
    "env":	null,
    "exp_name":	"HER_mpi1_random_TD3Torch_PandaReach-v2",
    "logger":	null,
    "logger_kwargs":	{
        "exp_name":	"HER_mpi1_random_TD3Torch_PandaReach-v2",
        "output_dir":	"HER_DRLib_Torch_exps/2023-01-05_HER_mpi1_random_TD3Torch_PandaReach-v2/2023-01-05_23-11-05-HER_mpi1_random_TD3Torch_PandaReach-v2_s300"
    },
    "net":	null
}
bad
midle [-0.013493420481681784, 0.20075877010822296, 0.07173793697729706]
a [ 0.28204643  0.31109437 -0.09920946]
bad
midle [-0.013493420481681784, 0.20075877010822296, 0.07173793697729706]
a [-0.5        -0.47364974  0.42692107]
bad
midle [-0.013493420481681784, 0.20075877010822296, 0.07173793697729706]
a [-0.15992129  0.17304034  0.42641548]
bad
midle [-0.013493420481681784, 0.20075877010822296, 0.07173793697729706]
a [0.2186452  0.03941234 0.08234725]
bad
bad
midle [-0.013493420481681784, 0.20075877010822296, 0.07173793697729706]
a [ 0.5         0.17088686 -0.2829421 ]
bad
bad
midle [-0.013493420481681784, 0.20075877010822296, 0.07173793697729706]
a [-0.40193943  0.13077109  0.34301989]
bad
midle [-0.013493420481681784, 0.20075877010822296, 0.07173793697729706]
a [ 0.5         0.18401444 -0.5       ]
