[36;1mSaving config:
[0m
{
    "args":	null,
    "env":	null,
    "exp_name":	"HER_mpi1_random_TD3Torch_PandaReach-v2",
    "logger":	null,
    "logger_kwargs":	{
        "exp_name":	"HER_mpi1_random_TD3Torch_PandaReach-v2",
        "output_dir":	"HER_DRLib_Torch_exps/2022-12-12_HER_mpi1_random_TD3Torch_PandaReach-v2/2022-12-12_20-21-42-HER_mpi1_random_TD3Torch_PandaReach-v2_s300"
    },
    "net":	null
}
bad
内在奖励是什么 [0.08935805 0.08935805 0.08935805 0.08935805 0.08935805 0.08935805
 0.08935805 0.08935805 0.08935805 0.08935805 0.08935805 0.08935805
 0.08935805 0.08935805 0.08935805 0.08935805 0.08935805 0.08935805
 0.08935805 0.08935805 0.08935805 0.08935805 0.08935805 0.08935805
 0.08935805 0.08935805 0.08935805 0.08935805 0.08935805 0.08935805
 0.08935805 0.08935805 0.08935805 0.08935805 0.08935805 0.08935805
 0.08935805 0.08935805 0.08935805 0.08935805 0.08935805 0.08935805
 0.08935805 0.08935805 0.08935805 0.08935805 0.08935805 0.08935805
 0.08935805 0.08935805 0.08935805 0.08935805 0.08935805 0.08935805
 0.08935805 0.08935805 0.08935805 0.08935805 0.08935805 0.08935805
 0.08935805 0.08935805 0.08935805 0.08935805 0.08935805 0.08935805
 0.08935805 0.08935805 0.08935805 0.08935805 0.08935805 0.08935805
 0.08935805 0.08935805 0.08935805 0.08935805 0.08935805 0.08935805
 0.08935805 0.08935805 0.08935805 0.08935805 0.08935805 0.08935805
 0.08935805 0.08935805 0.08935805 0.08935805 0.08935805 0.08935805
 0.08935805 0.08935805 0.08935805 0.08935805 0.08935805 0.08935805
 0.08935805 0.08935805 0.08935805 0.08935805 0.08935805 0.08935805
 0.08935805 0.08935805 0.08935805 0.08935805 0.08935805 0.08935805
 0.08935805 0.08935805 0.08935805 0.08935805 0.08935805 0.08935805
 0.08935805 0.08935805 0.08935805 0.08935805 0.08935805 0.08935805
 0.08935805 0.08935805 0.08935805 0.08935805 0.08935805 0.08935805
 0.08935805 0.08935805 0.08935805 0.08935805 0.08935805 0.08935805
 0.08935805 0.08935805 0.08935805 0.08935805 0.08935805 0.08935805
 0.08935805 0.08935805 0.08935805 0.08935805 0.08935805 0.08935805
 0.08935805 0.08935805 0.08935805 0.08935805 0.08935805 0.08935805
 0.08935805 0.08935805 0.08935805 0.08935805 0.08935805 0.08935805
 0.08935805 0.08935805 0.08935805 0.08935805 0.08935805 0.08935805
 0.08935805 0.08935805 0.08935805 0.08935805 0.08935805 0.08935805
 0.08935805 0.08935805 0.08935805 0.08935805 0.08935805 0.08935805
 0.08935805 0.08935805 0.08935805 0.08935805 0.08935805 0.08935805
 0.08935805 0.08935805 0.08935805 0.08935805 0.08935805 0.08935805
 0.08935805 0.08935805 0.08935805 0.08935805 0.08935805 0.08935805
 0.08935805 0.08935805 0.08935805 0.08935805 0.08935805 0.08935805
 0.08935805 0.08935805 0.08935805 0.08935805 0.08935805 0.08935805
 0.08935805 0.08935805 0.08935805 0.08935805 0.08935805 0.08935805
 0.08935805 0.08935805 0.08935805 0.08935805 0.08935805 0.08935805
 0.08935805 0.08935805 0.08935805 0.08935805 0.08935805 0.08935805
 0.08935805 0.08935805 0.08935805 0.08935805 0.08935805 0.08935805
 0.08935805 0.08935805 0.08935805 0.08935805 0.08935805 0.08935805
 0.08935805 0.08935805 0.08935805 0.08935805 0.08935805 0.08935805
 0.08935805 0.08935805 0.08935805 0.08935805 0.08935805 0.08935805
 0.08935805 0.08935805 0.08935805 0.08935805 0.08935805 0.08935805
 0.08935805 0.08935805 0.08935805 0.        ]
