[36;1mSaving config:
[0m
{
    "args":	null,
    "env":	null,
    "exp_name":	"HER_mpi1_random_TD3Torch_PandaReach-v2",
    "logger":	null,
    "logger_kwargs":	{
        "exp_name":	"HER_mpi1_random_TD3Torch_PandaReach-v2",
        "output_dir":	"HER_DRLib_Torch_exps/2023-04-19_HER_mpi1_random_TD3Torch_PandaReach-v2\\2023-04-19_20-30-31-HER_mpi1_random_TD3Torch_PandaReach-v2_s300"
    },
    "net":	null
}
right 6.43176136014058
bad
right 7.308400628738044
right -0.28736426131019144
right 8.223384327442226
bad
right -25.880958797100824
right -0.8422823771662351
right -20.914872035416426
right 3.6201495623104485
right -14.022321660382215
right 6.374079839515099
right -0.3606878848211217
right 2.781548973188672
right 0.7055577391450321
bad
right -1.9844834225457966
right -7.710410519176811
right -59.857852026694374
right 7.373501104259157
right 7.2582002043053
right 4.65419254420862
bad
right -8.164391652080841
right -23.84567707312346
right -3.1009480147677024
bad
right 2.027440021401988
right -5.663383866881208
right -17.043229232962553
right 3.7890126006921427
right -5.110064598727151
right -6.544129711890697
right -15.173938236418
bad
bad
right -31.917943237114088
bad
right -18.242362080597275
right -6.390767625480926
right 2.7165660102091858
right -25.304621117823018
right -2.2551270000724593
right -10.990321036073443
right -10.892777409075673
right -16.948743955382604
right -62.57140321626866
right -15.08436265718219
right -19.351424125710324
right -1.1656192105134338
right -21.41952627150863
right -1.6264867127772593
right -9.928115686405917
right -3.9041479619021864
right -5.175126037126738
right 1.4065386751420181
right -14.513325213823446
right -20.03210810307468
right 6.53427128755977
right -12.377248514476491
bad
right -29.278443737675424
right -13.229785404472075
right -4.110311026310221
right -22.30130341145528
bad
right -11.442495140235177
bad
right -19.369482659669778
right -17.18862024868868
right -22.239173943293636
bad
---------------------------------------
|             Epoch |               0 |
|             EpRet |            -686 |
|         EpRealRet |            -686 |
|         TestEpRet |            -470 |
|         AverageQ1 |             -47 |
|             StdQ1 |            8.02 |
|             MaxQ1 |         -0.0867 |
|             MinQ1 |            -172 |
|                Q2 |             -47 |
|       TestSuccess |               0 |
| TotalEnvInteracts |        1.97e+05 |
|         TotalTime |            72.6 |
---------------------------------------
right -23.619256713623997
right -22.848637201848888
bad
bad
right -4.326506227927613
right -34.92248208428413
right -10.751471507070384
right -2.0881650494536217
bad
bad
right -242.1445857487495
right -3.1504930125742767
bad
bad
right 3.389435012040276
right -19.073788559274625
bad
right 2.973135972059815
right -41.12131064415376
bad
right 5.891882544151974
bad
right -4.430734855734569
right -9.599905769933056
right 3.1063922680633604
bad
right -4.20979123465367
right -0.37537928357448
right 6.009091634494526
bad
bad
right -1.767937090360343
right -14.286413076732835
right -6.867477819316154
bad
right -8.117052349454717
right -6.596421845502725
right 7.852252011346138
right -31.966560943898273
right 4.051636782452247
right 4.388872450801639
right -78.59595691796918
right 3.3594331050726716
bad
bad
right -52.52641368661098
right 7.876563957910536
right -15.10509022859404
bad
right 0.45828796589195164
right -3.9663510547427556
right -7.326629207488594
right 3.0094151884230156
bad
right -9.883424373800075
right -2.1269357508663767
right -6.826503443229754
---------------------------------------
|             Epoch |               1 |
|             EpRet |            -762 |
|         EpRealRet |            -762 |
|         TestEpRet |            -581 |
|         AverageQ1 |           -49.3 |
|             StdQ1 |            3.89 |
|             MaxQ1 |            2.87 |
|             MinQ1 |           -62.3 |
|                Q2 |           -49.3 |
|       TestSuccess |               0 |
| TotalEnvInteracts |        3.98e+05 |
|         TotalTime |             144 |
---------------------------------------
bad
bad
right -8.19316321261947
right -12.27555739555396
bad
bad
right -0.42886704065711356
right -15.930676048718325
bad
right 1.2828793614720517
bad
right 2.972693716778676
bad
right 3.145361590311656
bad
right -11.297682088054643
right 2.1590994347128722
bad
right -15.563016062555803
right 5.073836916839211
right 4.688278610681575
right 1.206529948984688
right -8.233184219968738
right -2.3006147058608732
right -16.33333063556296
right -9.129448979259024
right -23.811387995730044
right -3.45695738059781
right 7.912896514700748
right -10.856143455648535
right 2.194448857260322
right -12.934560979538453
right -12.394699569444935
right 1.8349027978045989
bad
right 2.7141722573330416
right -3.419765080275532
right -4.990741075599168
right 7.9065407260005145
right -10.440503142659445
bad
right -1.8652961496662819
right -7.213359950784184
right 5.964778568717406
right 1.6643828474291045
bad
right -1.9692483693982084
right 2.579650179440004
bad
bad
right 6.490644553015807
right -10.596795273491288
right -11.177206294117788
right -2.7982591768678127
right -66.47877370010713
right 2.477687380071403
bad
right -2.577729534048192
right -10.900547975609584
---------------------------------------
|             Epoch |               2 |
|             EpRet |            -698 |
|         EpRealRet |            -698 |
|         TestEpRet |            -511 |
|         AverageQ1 |           -49.5 |
|             StdQ1 |            3.05 |
|             MaxQ1 |           0.416 |
|             MinQ1 |             -66 |
|                Q2 |           -49.5 |
|       TestSuccess |               0 |
| TotalEnvInteracts |        5.99e+05 |
|         TotalTime |             219 |
---------------------------------------
right -38.25635902918276
right 4.067725958830702
right -10.188316595393047
right -7.928301347966148
right 7.030267728893769
bad
right -27.288987461655204
right -51.070240521975975
right 2.2809980429025245
right 4.20557205769558
bad
right -24.85035397442121
right 0.053548069004605736
right -4.293798868503378
right -11.12656399827754
right 4.135653450468057
right -19.497365357613575
right -5.568220954413267
right -0.7852674335490146
right -41.99421282769701
right 4.26959842112873
right -2.9805514442263803
right -19.108499757501715
right -38.11323066695693
right -4.26229222190255
right 4.394622496095498
right -2.235645879181444
right -8.24859117780646
bad
bad
right -1.7287433898140687
right -159.07838282966446
right 1.5791164824121786
right -12.068809118346802
right 5.791396270278621
bad
right -1.611492793411415
right -4.888422557117542
right -3.4106106500635835
bad
right -8.635891170087014
right -0.5063685312008559
right -103.6009809469812
right -15.648821584983452
bad
right 5.499078652431177
bad
bad
bad
right -2.292331261730599
right -36.136349661087465
right -14.052438853494081
bad
right -17.390760694351663
right -23.16567523004189
right -4.909051298674825
right 9.194452202858649
bad
right -1.712141211527328
right -4.697779272244135
bad
right -19.485522202747937
right -25.166262919813207
right -46.54266840148174
right -1.5431815437174663
right -7.936734633700727
---------------------------------------
|             Epoch |               3 |
|             EpRet |            -613 |
|         EpRealRet |            -613 |
|         TestEpRet |            -522 |
|         AverageQ1 |           -49.7 |
|             StdQ1 |            2.35 |
|             MaxQ1 |          -0.331 |
|             MinQ1 |           -65.8 |
|                Q2 |           -49.7 |
|       TestSuccess |               0 |
| TotalEnvInteracts |           8e+05 |
|         TotalTime |             294 |
---------------------------------------
right -12.028689245107891
right -0.22505017796992988
right 4.764945015198855
bad
right -14.028273282088861
right -7.419774291891855
right 7.712844875460647
right -5.841304788207102
right -2.923062924132111
right -16.54607264725548
bad
right -11.757999832265046
right -33.108984450471084
right -50.10557160312984
right 3.4565889464330146
right -21.935644581040616
right 2.0619232482268313
right -87.0904130070333
right -4.0624585432309
bad
right -5.741500158910629
bad
right -2.906799126346435
right -0.594120393127282
right -1.8871331925262496
right -21.98392377253727
right 3.765862876045495
right -20.79561407798701
bad
bad
right -22.59766679499372
right -7.9855413015216
bad
right -26.57479702574632
right -0.7953067984184017
right 2.4711175724080015
right -1.790449824187606
right -19.69922378724281
right -13.227477415290657
right -0.24543488556327375
right -1.4883320893022969
right -11.616382867576345
right -30.141688048753387
right -16.199483285619163
bad
right -1.4573606370963255
bad
right 3.046477976328977
right -81.58748518271439
right -2.940499839605092
right 5.840278163273318
right 0.1378050005730742
right -12.146096732103778
bad
right -28.84442059624797
right 5.61651597849166
bad
right 4.375782282981947
right 5.3558582008830715
right -1.8951898900018236
bad
bad
right -8.08909337959911
right 3.1938867186919504
right -13.063064549770658
bad
bad
---------------------------------------
|             Epoch |               4 |
|             EpRet |            -602 |
|         EpRealRet |            -602 |
|         TestEpRet |            -594 |
|         AverageQ1 |           -49.7 |
|             StdQ1 |            2.18 |
|             MaxQ1 |            0.47 |
|             MinQ1 |           -57.9 |
|                Q2 |           -49.7 |
|       TestSuccess |               0 |
| TotalEnvInteracts |           1e+06 |
|         TotalTime |             369 |
---------------------------------------
right 0.35288696043872037
right -4.317514528760068
bad
right -17.399010895619035
right 7.795238161187433
right -8.75638176998319
right 7.441595574490494
right -7.504784303195557
right -2.074695372978873
right -13.796474843404859
right 4.368742911986384
right -0.5706247636088495
right -5.122133088734085
right -12.613783652583447
right -10.502139986159555
right 0.6208698786213667
bad
right -17.970610023496057
right -6.920811122748908
right -5.497123970406326
right 5.472585625197392
right 1.0265571267705997
bad
right -25.13351633308767
right -4.23757225328065
right -142.96372114438134
right -5.655257169120382
bad
right -12.933137367304397
right -33.57708865805453
right -9.300620579694382
right 1.7580184638778036
right -11.883169254851676
right -7.855702812006285
right -0.5221906440119675
right -27.425609138324404
right -69.35082874195142
right -24.575518118854333
right -6.671829284542092
right -15.7490453141016
right -2.2508590334534873
right -3.0728467754683066
right 6.868606140119219
right -15.7139205250113
right -6.400131668568495
right -30.690357902158453
right -3.7028883625681708
right -17.635859606602406
bad
right 4.693053788911091
bad
right 1.9325294784637634
right 6.28279447804658
bad
right -12.482847951566221
right 6.669512853469656
right 7.528932123185454
bad
right -30.048845261404004
right -1.9206554538739358
right -17.006568529334043
right -7.662833575997219
right -1.734412540912908
right 0.23759574272904693
right -7.288571833844465
right -8.136694914972697
right 7.8364087165072
right -0.41226051330202296
right 5.713954485179941
right -12.282838215312285
right -20.11970433629312
right -2.2796598919035045
right -0.8107933770897606
bad
---------------------------------------
|             Epoch |               5 |
|             EpRet |            -630 |
|         EpRealRet |            -630 |
|         TestEpRet |            -636 |
|         AverageQ1 |           -49.8 |
|             StdQ1 |            2.03 |
|             MaxQ1 |           0.755 |
|             MinQ1 |           -56.4 |
|                Q2 |           -49.8 |
|       TestSuccess |               0 |
| TotalEnvInteracts |         1.2e+06 |
|         TotalTime |             448 |
---------------------------------------
right -20.282590213912897
right 7.520329808319098
right -7.255626122055961
bad
right 0.07476846610272503
right -10.762268490769252
right 2.7051231672184803
right -20.207024176137022
right -11.60120326166679
right -25.80166761145123
right -6.249880221585769
right -2.4467238216795444
right -0.39688112041430657
right -13.037804901016244
right 0.9081707081423271
right -7.92976687611748
right 0.39407598069314176
right 2.6622801614663407
right -0.734051738881865
right 3.808699482760389
bad
right -18.034784272123908
right 2.656508788380444
right -15.475813615322686
right 2.884460367828524
right 1.8338848328199049
right -7.2442350465280185
right -5.615329184011538
right -0.010707105178900278
right 0.9773347625452935
bad
right 7.274146266034501
right -11.778974952869032
right 4.879680667709766
bad
bad
bad
right -4.850784795090327
right -9.839486065022548
right -3.899271288118463
bad
right 1.324641349701004
bad
right -9.962754602136794
bad
right -53.7033864104305
right -13.289566078356966
right 2.9022101133185076
bad
bad
right -0.2899832030352645
right 6.755154823581064
bad
bad
bad
bad
right -0.8614175312405781
right 4.776194379562989
right -18.794635199506814
right 6.452082732032581
---------------------------------------
|             Epoch |               6 |
|             EpRet |            -671 |
|         EpRealRet |            -671 |
|         TestEpRet |            -507 |
|         AverageQ1 |           -49.8 |
|             StdQ1 |            1.88 |
|             MaxQ1 |           0.898 |
|             MinQ1 |           -66.8 |
|                Q2 |           -49.8 |
|       TestSuccess |               0 |
| TotalEnvInteracts |         1.4e+06 |
|         TotalTime |             529 |
---------------------------------------
right -18.531406330419152
bad
right 6.237988966634096
right -21.643155978601225
bad
right 5.764885556444649
right 1.264910389612826
right -4.379337072800972
right -37.42967801606912
right -38.01500221378254
bad
bad
bad
right -59.71711531545738
right 4.945894957498831
right -9.788563591681541
right -16.25728788042007
right 0.6206448188304297
right 4.785636332240837
right 3.661948195890651
bad
right 6.636929229555339
right -18.4520936445286
right -9.237548517859405
right -20.170002640390194
bad
right -3.5988946220657763
right 3.167105745585417
right -15.397537334938477
bad
right -67.82348229291867
right -5.3165211309003
right 3.7420768321759956
right -17.474657136699108
bad
right -13.296180270258535
right 4.2229168145247575
right -0.2637437843792938
right -36.16792476344316
right 7.94629311277388
right 5.8291648160941
right -4.648845759410117
right -11.829681965337628
right 0.9629084684925946
right -3.360215033496072
right -17.970683285599076
right -5.953849019698932
right -21.629089037127823
right -17.21219571678772
right 6.361438449724481
right -21.40461111135473
bad
right -5.39513341294718
bad
right -16.518426080425765
right 2.1723038275088724
right -33.743193093873096
bad
bad
right -21.431987241029383
right -7.001549287849805
right -16.211694317508293
bad
bad
---------------------------------------
|             Epoch |               7 |
|             EpRet |            -607 |
|         EpRealRet |            -607 |
|         TestEpRet |            -480 |
|         AverageQ1 |           -49.8 |
|             StdQ1 |            1.84 |
|             MaxQ1 |            1.36 |
|             MinQ1 |           -59.1 |
|                Q2 |           -49.8 |
|       TestSuccess |               0 |
| TotalEnvInteracts |         1.6e+06 |
|         TotalTime |             603 |
---------------------------------------
right 6.006490498967798
right 1.897808913742118
right 5.929570341509138
right -1.7319542308631792
right -42.33758679303374
right -17.381609088868252
right -18.224913472741335
right 5.262730042371004
right -23.212550298416687
right -13.833180167375978
right 5.706745942465045
bad
right 0.4317956118095374
right -29.090057714022628
bad
right -9.054945013574518
right -1.2433780853728145
right -6.175337640846777
right -8.620285425652131
right -17.65270690516159
right -11.279978352952146
bad
bad
right -10.814692244823728
right -25.272112413526187
right -11.835567310265866
right 2.166838692001373
right 3.4684003570092887
right 1.7119521532359894
bad
right -21.86269374507132
right -3.198189016172929
right -28.403848267895995
right -17.233317047957094
right 4.172653493960298
right 5.090069616290781
right 1.4992808845006937
right 5.004700597413027
bad
right -0.3356315859893595
bad
right -15.493226440921333
right 6.623282425150473
right -55.28028473718922
right -3.420229215683573
bad
right -0.42113840958299953
bad
right 7.36903653779981
right -7.059078704434274
bad
right -22.75154394046509
right -1.0566597746341735
right -14.919852028376738
right -41.91704040947052
right -2.7887812187780607
right -1.050320667468256
right -17.920320782273325
bad
right -15.560918162040824
---------------------------------------
|             Epoch |               8 |
|             EpRet |            -617 |
|         EpRealRet |            -617 |
|         TestEpRet |            -693 |
|         AverageQ1 |           -49.8 |
|             StdQ1 |            1.81 |
|             MaxQ1 |           0.965 |
|             MinQ1 |           -59.1 |
|                Q2 |           -49.8 |
|       TestSuccess |               0 |
| TotalEnvInteracts |         1.8e+06 |
|         TotalTime |             677 |
---------------------------------------
right -9.818558394315438
bad
right -19.70727628236762
right -12.539040662692639
bad
right 0.0882214571738178
right 1.2379983984392933
right -11.793344051702128
right -25.527418881220086
right -3.83239742907708
right 0.6083271092485809
right -23.262055607414617
right 4.716934110556249
right -18.94544457071234
right 4.213049428470837
bad
right 0.9646814606232326
bad
right -15.593369648048046
right 0.07509330847961415
right -15.655322156024273
right -27.664928910644008
right -13.560897620238887
bad
bad
right 6.5968799319817055
bad
right -20.41970197930686
right 4.42177440560947
right 0.03354482258781388
right 5.615194004259536
bad
right -26.184532905213196
right -17.92360404796969
right -31.643939361866593
right -1.5044096550886614
right -28.982417189745185
right -2.6056838605723183
bad
right -4.736572184694943
bad
right -20.33586427751077
bad
bad
right -22.677203354124906
right 0.4978351513620076
right -6.793240719345118
right -35.231617217086
right -1.4046271537672546
right -30.018280986073137
bad
right 4.823621766120617
right -7.080085210370829
right -0.06677795078045712
right -3.1184813940660874
bad
right -23.83802188453832
bad
right -15.67565942154722
right -15.08902488159574
right 1.8638097514968148
bad
right -2.7219284675113506
right 7.228257042120873
right 3.381467086667012
right -5.157058867031424
right 5.281291997061304
right -2.37391550154231
right -2.82401546311813
right -0.07427740494811275
right -22.600174514458224
right -8.56760728246212
right -22.82347147054425
right 1.758422508239578
right 4.852466043427142
bad
right 3.381463131248675
---------------------------------------
|             Epoch |               9 |
|             EpRet |            -650 |
|         EpRealRet |            -650 |
|         TestEpRet |            -600 |
|         AverageQ1 |           -49.8 |
|             StdQ1 |            1.67 |
|             MaxQ1 |             2.2 |
|             MinQ1 |           -57.6 |
|                Q2 |           -49.8 |
|       TestSuccess |               0 |
| TotalEnvInteracts |        2.01e+06 |
|         TotalTime |             753 |
---------------------------------------
bad
right -12.862548349621644
right -33.01754207349036
bad
right -2.9240134873001793
right -25.616011492300444
right -17.38757548127306
bad
right 1.0500250687927917
right -1.1778276040991038
right -12.977492918709839
right -0.3207398768195624
right -27.443055092768674
right 4.609362964295172
bad
right -20.22873294592508
right 1.6618938345055874
right 0.3715928072392085
right 3.5580147722110294
right -22.316972192512374
right 7.088483170549291
right -7.258859658923534
bad
bad
right -22.473333913461843
bad
right -46.377256111525604
right -5.280476099047565
right 7.585444031319975
right -12.37573237596029
right -7.736786969620255
right 8.11182639930269
right 6.285693574728203
bad
right -25.0681527702502
right -26.264598989622584
right 3.406249187154006
right 6.16749365666828
right -8.128522051073514
right 4.782333691218659
right 0.5766773985908422
right -11.162811614468154
right -40.684452617361416
right -28.91417000558988
bad
right -25.829266475507254
