[36;1mSaving config:
[0m
{
    "args":	null,
    "env":	null,
    "exp_name":	"HER_mpi1_random_TD3Torch_PandaReach-v2",
    "logger":	null,
    "logger_kwargs":	{
        "exp_name":	"HER_mpi1_random_TD3Torch_PandaReach-v2",
        "output_dir":	"HER_DRLib_Torch_exps/2022-12-27_HER_mpi1_random_TD3Torch_PandaReach-v2/2022-12-27_14-54-35-HER_mpi1_random_TD3Torch_PandaReach-v2_s300"
    },
    "net":	null
}
0.053973681926727246 -0.8030350804328918 -0.28695174790918826
bad
0.053973681926727246 -0.8030350804328918 -0.28695174790918826
-0.19980689167976384 -1.0337877869606018 -0.07329452335834502
-0.3742377090454102 -1.0890071988105774 0.1338759481906891
-0.3108459043502808 -1.0762041211128235 0.0806956708431244
-0.421704672574997 -1.1024931073188782 0.14338458776474
-0.6659841540455819 -1.0928648710250854 0.2702829957008362
0.053973681926727246 -0.8030350804328918 -0.28695174790918826
bad
0.053973681926727246 -0.8030350804328918 -0.28695174790918826
-0.2010020244121552 -1.032515525817871 -0.12596240937709807
-0.33020632743835454 -1.0873368978500366 0.07055987119674684
-0.5728354680538178 -1.1204944849014282 0.1866873323917389
0.053973681926727246 -0.8030350804328918 -0.28695174790918826
bad
0.053973681926727246 -0.8030350804328918 -0.28695174790918826
-0.16193216323852544 -1.0085108280181885 -0.03769083619117736
-0.41110428452491765 -1.0927541255950928 0.16280857920646669
-0.665185724683106 -1.0806577801704407 0.29466516971588136
0.053973681926727246 -0.8030350804328918 -0.28695174790918826
-0.20578184008598333 -1.0368801355361938 -0.10425283312797545
-0.14602779626846318 -0.9855087399482727 0.06310538649559022
-0.15911256551742559 -0.9707552790641785 0.13905627727508546
-0.2221463251113892 -0.9190759062767029 0.3307159662246704
-0.2601143348217011 -0.9370877146720886 0.3392941474914551
-0.43973609089851384 -0.9227504730224609 0.46335477828979493
-0.2974705624580384 -0.7194099426269531 0.5645446896553039
-0.4780127334594727 -0.8048572540283203 0.5760129213333129
-0.6639225001633168 -0.8545028567314148 0.5653130531311035
0.053973681926727246 -0.8030350804328918 -0.28695174790918826
0.08799577474594111 -0.733831524848938 -0.20554400533437728
0.050061113834381055 -0.8018185496330261 0.02136628031730653
0.01507950544357295 -0.800700306892395 0.15887821912765504
-0.044121556282043506 -0.8075017929077148 0.26487935781478883
0.017648465633392285 -0.7872908115386963 0.17625744342803956
-0.07401501417160039 -0.8764570951461792 0.19835726618766786
-0.18701642036437993 -0.9712216854095459 0.1961715042591095
-0.14433770656585698 -0.9214589595794678 0.23514081239700318
-0.28604208707809453 -1.0715711116790771 0.03241316676139833
-0.21046545386314397 -0.998281717300415 0.16918314695358277
-0.25696601748466497 -1.021035075187683 0.17338598966598512
-0.1961490142345429 -0.9406006336212158 0.27010751962661744
-0.16282772302627568 -0.880848228931427 0.3227513551712036
-0.21772062063217168 -0.8935881853103638 0.3610221862792969
-0.24940132379531865 -0.8889946341514587 0.39330483675003053
-0.18554007291793828 -0.8958619236946106 0.3267272233963013
-0.16356044292449956 -0.856225848197937 0.3549804210662842
-0.1823698210716248 -0.877605676651001 0.3475456953048706
-0.1406804251670838 -0.8830806016921997 0.2933898091316223
-0.13767819881439214 -0.8567426204681396 0.3262417435646057
0.053973681926727246 -0.8030350804328918 -0.28695174790918826
0.053973681926727246 -0.8030350804328918 -0.28695174790918826
0.053973681926727246 -0.8030350804328918 -0.28695174790918826
0.053973681926727246 -0.8030350804328918 -0.28695174790918826
0.053973681926727246 -0.8030350804328918 -0.28695174790918826
0.021045453548431348 -0.8042739033699036 -0.29794355407357215
0.053973681926727246 -0.8030350804328918 -0.28695174790918826
0.053973681926727246 -0.8030350804328918 -0.28695174790918826
0.030897207260131787 -0.8346666097640991 -0.08065569698810576
0.04456282377243037 -0.8139194250106812 -0.15877247154712676
-0.18532102584838872 -1.002264678478241 -0.24885788112878798
-0.12343328475952153 -0.9816151857376099 -0.01606495976448058
-0.11217742443084722 -0.9410566091537476 0.13286260962486268
-0.053392701148986865 -0.8459286093711853 0.2197482705116272
-0.0776598978042603 -0.8320650458335876 0.281882119178772
0.030573136806487988 -0.6844562292098999 0.290307354927063
-0.0004622268676758301 -0.6825622618198395 0.34013278484344484
-0.040510289669036914 -0.7195788323879242 0.35969693660736085
-0.09935926675796514 -0.7615609765052795 0.38865251541137696
-0.16547768592834478 -0.7993897199630737 0.41730738878250123
-0.14761500835418706 -0.8066655993461609 0.39371771812438966
-0.37591143727302556 -0.9393247961997986 0.4162505388259888
-0.3068658339977265 -0.8874039053916931 0.4350904941558838
-0.24223845481872563 -0.9394720792770386 0.32073683738708497
-0.24032907962799077 -0.9115555882453918 0.35816187858581544
-0.2624307799339295 -0.8812684416770935 0.411706280708313
-0.2924980449676514 -0.9160975813865662 0.3931409239768982
-0.5014695900678635 -1.1140055656433105 0.1670296311378479
0.053973681926727246 -0.8030350804328918 -0.28695174790918826
0.09623641490936274 -0.7168177366256714 -0.23413105607032775
-0.06476753234863286 -0.9003406763076782 -0.2687857963144779
0.053973681926727246 -0.8030350804328918 -0.28695174790918826
0.053973681926727246 -0.8030350804328918 -0.28695174790918826
0.010268278121948193 -0.8594667315483093 -0.045024383068084706
0.0227778029441833 -0.8053904175758362 0.1265022873878479
0.013048417568206738 -0.7489528357982635 0.246478807926178
0.016633100509643506 -0.6375719308853149 0.353406023979187
0.05167514801025386 -0.7642044425010681 0.12985421419143678
0.06265342950820918 -0.7880832552909851 -0.1139284998178482
0.07782173871994014 -0.7339316010475159 0.10848785638809205
bad
0.053973681926727246 -0.8030350804328918 -0.28695174790918826
0.03729087829589839 -0.8296098113059998 -0.04880620837211608
-0.16131352663040166 -0.9854448437690735 -0.2559706337749958
-0.11362116813659673 -0.976089596748352 -0.026466119289398182
-0.13885837078094487 -0.9615145921707153 0.13388846516609193
-0.14086364984512334 -0.8207007050514221 0.3716541647911072
-0.31766062259674077 -0.6448771953582764 0.6114960432052612
-0.39322849392890935 -0.5330511331558228 0.6772990942001342
-0.3321815657615662 -0.5145806670188904 0.6647334814071655
-0.25207617163658147 -0.36195729672908783 0.6622871875762939
-0.19644507050514226 -0.2785854618996382 0.640880537033081
-0.13341753959655767 -0.34507472068071365 0.6009334444999694
-0.09626584529876714 -0.46964922547340393 0.5502418994903564
-0.22412621259689336 -0.593214601278305 0.5896759152412414
-0.17834918975830083 -0.4113079160451889 0.6182374477386474
-0.09282069683074956 -0.3249937370419502 0.5749071359634399
-0.062132351398468066 -0.3070765994489193 0.5528414964675903
-0.058345489501953174 -0.46994316577911377 0.519178283214569
0.0009710860252379883 -0.38307490944862366 0.4854692339897156
-0.07712333679199224 -0.344474159181118 0.5609143495559692
-0.06434654474258428 -0.26048827823251486 0.5566534519195556
0.053973681926727246 -0.8030350804328918 -0.28695174790918826
0.08341271400451655 -0.7632149457931519 -0.04218344688415526
0.05056668043136592 -0.7888614535331726 0.07094640731811525
bad
0.053973681926727246 -0.8030350804328918 -0.28695174790918826
0.05680734634399409 -0.8046315908432007 -0.06568390429019927
0.05078185319900508 -0.8050661087036133 0.008898925781250011
bad
0.053973681926727246 -0.8030350804328918 -0.28695174790918826
0.03413207054138179 -0.833552896976471 -0.04889850616455077
0.01082099199295039 -0.8472582101821899 0.04465870261192323
bad
0.053973681926727246 -0.8030350804328918 -0.28695174790918826
0.10997206687927241 -0.7233656048774719 -0.04535122513771056
bad
0.053973681926727246 -0.8030350804328918 -0.28695174790918826
bad
0.053973681926727246 -0.8030350804328918 -0.28695174790918826
0.07549137592315669 -0.7741541862487793 -0.14491890668869017
0.06023079872131343 -0.7846543788909912 0.04362518787384034
0.030959792137145947 -0.7380690574645996 0.22551066875457765
-0.011336379051208545 -0.7223941087722778 0.3164492964744568
0.040667004585266064 -0.7070978581905365 0.24585444927215577
bad
0.053973681926727246 -0.8030350804328918 -0.28695174790918826
-0.034644954204559375 -0.9057545065879822 -0.04271339178085326
0.026860780715942334 -0.7670049071311951 0.18840785026550294
0.0028415393829345215 -0.7404745519161224 0.2753515362739563
0.0029642653465270508 -0.7067658305168152 0.31211323738098146
bad
0.053973681926727246 -0.8030350804328918 -0.28695174790918826
0.04799956798553462 -0.815779447555542 -0.04828380346298217
0.047806031703948926 -0.7736963629722595 0.12318525910377504
bad
0.053973681926727246 -0.8030350804328918 -0.28695174790918826
0.020193047523498486 -0.8321223855018616 -0.12217967510223388
0.061382598876953076 -0.7710719704627991 0.07804284691810609
0.019615180492401074 -0.7684625387191772 0.2052987337112427
-0.017980389595031787 -0.7493551671504974 0.29757381677627565
-0.04237394809722905 -0.7428627908229828 0.3395474672317505
-0.015433840751647998 -0.6475934386253357 0.3877703666687012
-0.03029947757720952 -0.705110102891922 0.359765899181366
-0.019976310729980518 -0.6308308243751526 0.4049887776374817
bad
0.053973681926727246 -0.8030350804328918 -0.28695174790918826
0.04278922796249385 -0.8201761841773987 -0.04439731240272521
0.008066601753234814 -0.8504370450973511 0.04021905064582826
0.01054919481277461 -0.7383650839328766 0.2616847276687622
0.049597926139831494 -0.7461860179901123 0.1706975519657135
0.07837218761444087 -0.6457042992115021 0.24285532236099244
bad
0.053973681926727246 -0.8030350804328918 -0.28695174790918826
0.036882705688476514 -0.8179346323013306 -0.19392676204442977
0.008066482543945264 -0.8574626445770264 0.007081222534179699
0.07247853994369502 -0.7255964577198029 0.13831801414489747
-0.020695559978485156 -0.7871184349060059 0.25451369285583497
bad
0.053973681926727246 -0.8030350804328918 -0.28695174790918826
0.039293594360351514 -0.8270631432533264 -0.04870812892913817
0.054054505825042676 -0.7697423696517944 0.11046413779258729
-0.041342668533325244 -0.9059557914733887 -0.008580285310745228
0.01584012031555171 -0.795816957950592 0.164938223361969
0.0063859891891479 -0.7367593348026276 0.2736362934112549
-0.05486422061920171 -0.769634485244751 0.32768089771270753
-0.08728163719177251 -0.7977533936500549 0.3374551057815552
-0.22994076490402227 -0.8374056220054626 0.4333083152770996
-0.369763218164444 -1.0133164525032043 0.3062346696853638
-0.26581805229187017 -0.9199997186660767 0.36830581426620485
-0.06673275709152227 -0.8706215023994446 0.19748882651329042
-0.13645815134048467 -0.9050375819206238 0.2526629090309143
-0.10420393228530889 -0.8250307440757751 0.32611675262451173
-0.08996617078781133 -0.7714318037033081 0.36876256465911866
-0.23507332086563115 -0.6066072583198547 0.5898127675056457
-0.09780292987823491 -0.47843046486377716 0.5487161993980407
-0.06372594118118291 -0.4158444106578827 0.5380519151687622
bad
0.053973681926727246 -0.8030350804328918 -0.28695174790918826
0.053657121658325146 -0.8077936172485352 -0.05206667184829711
0.08139920949935908 -0.7180227339267731 0.1328361451625824
bad
0.053973681926727246 -0.8030350804328918 -0.28695174790918826
0.10639560937881465 -0.7283206880092621 -0.04388492107391356
0.09931410074234004 -0.6903555691242218 0.12869994044303895
bad
0.053973681926727246 -0.8030350804328918 -0.28695174790918826
0.08849186420440669 -0.7581365704536438 -0.04635183811187743
0.062380261421203564 -0.7545415759086609 0.11995662450790406
0.016607351303100537 -0.7796549201011658 0.19404972791671754
-0.0010907578468323242 -0.8143575191497803 0.1709978997707367
0.06565684795379634 -0.7502923011779785 0.11173812747001649
0.06169820547103877 -0.6856342852115631 0.23192257881164552
bad
0.053973681926727246 -0.8030350804328918 -0.28695174790918826
0.02155996084213252 -0.824168860912323 -0.24222168251872062
0.07728619098663325 -0.7614696621894836 -0.1910413011908531
0.04504115104675288 -0.8101983666419983 0.020657879114151012
0.05196387290954585 -0.7409252524375916 0.17495883703231813
-0.005235784053802539 -0.8056632280349731 0.19593263864517213
0.008618779182434033 -0.7177615463733673 0.29167057275772096
-0.016216866970062305 -0.7028545439243317 0.3432545781135559
-0.014220647811889697 -0.7275868058204651 0.3159886717796326
bad
0.053973681926727246 -0.8030350804328918 -0.28695174790918826
0.10193575143814082 -0.7369996905326843 -0.08020580112934111
0.08602631807327266 -0.7268723547458649 0.09980405569076539
0.042708046436309766 -0.7298894226551056 0.2141032934188843
bad
0.053973681926727246 -0.8030350804328918 -0.28695174790918826
0.0851184201240539 -0.7573249340057373 -0.1485252410173416
0.10296679258346553 -0.7257100343704224 -0.07025246620178222
0.03599978208541865 -0.803381085395813 -0.20564528852701186
0.10010123968124385 -0.7218959033489227 0.036697280406951915
0.05257511854171748 -0.7363326251506805 0.18135286569595338
-0.003972046375274707 -0.7576096057891846 0.26572264432907106
-0.027336411476135303 -0.7399626672267914 0.32210971117019654
-0.06029837608337407 -0.7580031156539917 0.3471230387687683
-0.07194846153259282 -0.7469172775745392 0.3720296144485474
-0.09323053836822515 -0.6931518614292145 0.4389528751373291
-0.12092476367950444 -0.7408225536346436 0.42839778661727906
-0.09506975889205938 -0.7054808437824249 0.43168480396270753
-0.08381819009780889 -0.7346161901950836 0.3963045597076416
-0.06531517982482915 -0.6745455861091614 0.4245554327964783
-0.04181765794754033 -0.5810079276561737 0.4582760453224182
-0.04256664991378789 -0.6409620344638824 0.4232646942138672
-0.04813884973526006 -0.6433764398097992 0.4280159592628479
-0.038214855194091846 -0.6804873049259186 0.39011855125427247
-0.05735217809677129 -0.6965151429176331 0.39933903217315675
-0.07790642261505132 -0.7019524872303009 0.4171194553375244
0.053973681926727246 -0.8030350804328918 -0.28695174790918826
0.053973681926727246 -0.8030350804328918 -0.28695174790918826
0.02662677288055415 -0.831146240234375 -0.18720246404409407
0.10316295146942134 -0.7317945957183838 -0.022798675298690785
0.09125108242034907 -0.6656970679759979 0.18803052306175233
bad
0.053973681926727246 -0.8030350804328918 -0.28695174790918826
bad
0.053973681926727246 -0.8030350804328918 -0.28695174790918826
-0.012427740097045947 -0.8408418297767639 -0.257684263586998
-0.00992124557495122 -0.8020998239517212 -0.12642586529254912
-0.07209520816802983 -0.7953518033027649 -0.051263022422790516
-0.23832085013389592 -0.7295892536640167 0.21048290729522706
-0.4249000477790833 -0.6289503276348114 0.43479515314102174
-0.5840377214550972 -0.43990863859653473 0.46409614086151124
-0.4322729635238648 -0.5606738328933716 0.6104741215705871
-0.5492848980426789 -0.3809579610824585 0.7016981363296508
-0.6338554027676583 -0.10143700242042542 0.6932074546813964
-0.5763700607419014 -0.19957344606518745 0.7123648643493652
0.053973681926727246 -0.8030350804328918 -0.28695174790918826
0.0235138607025146 -0.7941820025444031 -0.2806642457842827
0.053973681926727246 -0.8030350804328918 -0.28695174790918826
-0.15111946344375615 -0.9964327812194824 -0.16491255462169646
-0.16867821693420415 -1.004159390926361 0.023645204305648815
-0.34237455606460576 -1.0765118598937988 0.1270789921283722
-0.44867866516113286 -1.0835700631141663 0.21847666501998902
-0.48236114561557775 -1.1226508617401123 0.1208706021308899
-0.24142154335975652 -0.9575365781784058 0.29046471118927003
-0.017640166282653857 -0.8303415179252625 0.1704347848892212
-0.08153449773788457 -0.9080444574356079 0.13185663223266603
-0.23652874708175664 -0.7679428458213806 0.4863081693649292
-0.46841581940650945 -0.6068888902664185 0.65921391248703
-0.5715131092071534 -0.36007729172706604 0.7161415338516235
-0.6465593653917313 -0.06415115296840668 0.6765207767486572
0.053973681926727246 -0.8030350804328918 -0.28695174790918826
-0.007738761901855518 -0.8744636178016663 -0.03394861817359923
0.08227122545242305 -0.7107571065425873 0.1341147541999817
-0.030621581077575732 -0.7881127595901489 0.2583680272102356
-0.1290929245948792 -0.7451010048389435 0.37976927757263185
-0.25806882262229924 -0.5190194249153137 0.5050954937934875
-0.4885247874259949 -0.2886470817029476 0.4974984049797058
-0.6438674482703209 -0.12357254326343536 0.3933344602584839
0.053973681926727246 -0.8030350804328918 -0.28695174790918826
0.06005150794982905 -0.7577874064445496 -0.2411916136741638
0.05542958498001094 -0.786896824836731 -0.11992429494857787
0.09593290805816646 -0.7208834290504456 0.059143465757370006
-0.010671727657318164 -0.6247481405735016 0.3734912395477295
-0.025040440559387256 -0.38997669517993927 0.4345818281173706
-0.18356251001358037 -0.18519389629364014 0.5629230856895446
-0.31285320997238164 -0.01677514612674713 0.6514755010604858
-0.2810789573192597 -0.14308153092861176 0.6734129309654235
-0.4939513731002808 -0.008913785219192505 0.6998788237571716
0.053973681926727246 -0.8030350804328918 -0.28695174790918826
-0.14098005771636968 -0.960968554019928 -0.27776008397340773
0.053973681926727246 -0.8030350804328918 -0.28695174790918826
0.04635912895202632 -0.793908417224884 -0.2058566242456436
0.08684749126434321 -0.7110800743103027 -0.25427171885967254
bad
0.053973681926727246 -0.8030350804328918 -0.28695174790918826
0.10005045652389521 -0.7325103580951691 -0.11190185248851775
bad
0.053973681926727246 -0.8030350804328918 -0.28695174790918826
0.023899383544921826 -0.8081585764884949 -0.27584740072488784
-0.01791142702102666 -0.846627950668335 -0.27263899631798266
0.0509457659721374 -0.7684951424598694 -0.24847957044839858
-0.00546246051788335 -0.8481736183166504 -0.18497212529182433
-0.031682424545288135 -0.7737804055213928 -0.10498670041561126
-0.23889934301376348 -0.5965393781661987 -0.08605882823467254
-0.20973550558090215 -0.6425231099128723 0.11533297300338746
-0.20153915166854863 -0.5975971221923828 0.30835164785385133
-0.4063334691524506 -0.41419652104377747 0.5032969832420349
-0.3210164833068848 -0.21017243713140488 0.462340247631073
-0.4752222973108292 -0.02928660809993744 0.49325103759765626
-0.2730097699165345 0.13438564538955688 0.5484070301055908
-0.19504823565483098 0.2971770763397217 0.4159945368766785
-0.2526462900638581 0.4280266761779785 0.34067673683166505
-0.26897572755813604 0.48921751976013184 0.26234824657440187
-0.2518851983547211 0.4833187460899353 0.2558708906173706
-0.31613602519035344 0.5657661557197571 0.13087342381477357
-0.28253927111625676 0.5674705505371094 0.06617833375930787
-0.301100127696991 0.5662491321563721 0.10889307856559755
-0.2392894554138184 0.5238245129585266 0.14397622346878053
0.053973681926727246 -0.8030350804328918 -0.28695174790918826
0.053973681926727246 -0.8030350804328918 -0.28695174790918826
0.05632478713989253 -0.7924933433532715 -0.15298399627208709
0.04878098487853999 -0.8037340641021729 -0.013380932807922352
0.011808879375457715 -0.7951360940933228 0.16500280499458314
-0.08361595153808599 -0.721470057964325 0.3836519241333008
-0.2506194341182709 -0.5351698696613312 0.5469527959823608
-0.37032257795333867 -0.3084638714790344 0.6166857004165649
-0.2937206852436066 -0.10057216882705688 0.6303712248802185
-0.23840852856636052 0.09015586972236633 0.5827701807022094
-0.20092775702476506 0.21525010466575623 0.5080923557281494
-0.1793822574615479 0.2837564945220947 0.44278908967971803
-0.16518657684326177 0.318434476852417 0.3981203556060791
-0.15286629676818853 0.3312574625015259 0.37260777950286866
-0.14282696723937993 0.33243584632873535 0.3609185338020325
-0.13546883344650273 0.32877588272094727 0.3572438478469849
-0.1308750438690186 0.32405197620391846 0.3576509475708008
-0.1285864639282227 0.32002347707748413 0.35970879793167115
-0.1278068351745606 0.31724607944488525 0.36196399927139283
-0.12785976409912114 0.3156765103340149 0.3637589931488037
-0.12825154542922979 0.3150053024291992 0.36492009162902833
-0.12868856668472295 0.3148799538612366 0.36552704572677613
0.053973681926727246 -0.8030350804328918 -0.28695174790918826
0.05632478713989253 -0.7924933433532715 -0.15298399627208709
0.04878098487853999 -0.8037340641021729 -0.013380932807922352
0.011808879375457715 -0.7951360940933228 0.16500280499458314
-0.08361595153808599 -0.721470057964325 0.3836519241333008
-0.2506194341182709 -0.5351698696613312 0.5469527959823608
-0.37032257795333867 -0.3084638714790344 0.6166857004165649
-0.2937206852436066 -0.10057216882705688 0.6303712248802185
-0.23840852856636052 0.09015586972236633 0.5827701807022094
-0.20092775702476506 0.21525010466575623 0.5080923557281494
-0.1793822574615479 0.2837564945220947 0.44278908967971803
-0.16518657684326177 0.318434476852417 0.3981203556060791
-0.15286629676818853 0.3312574625015259 0.37260777950286866
-0.14282696723937993 0.33243584632873535 0.3609185338020325
-0.13546883344650273 0.32877588272094727 0.3572438478469849
-0.1308750438690186 0.32405197620391846 0.3576509475708008
-0.1285864639282227 0.32002347707748413 0.35970879793167115
-0.1278068351745606 0.31724607944488525 0.36196399927139283
-0.12785976409912114 0.3156765103340149 0.3637589931488037
-0.12825154542922979 0.3150053024291992 0.36492009162902833
-0.12868856668472295 0.3148799538612366 0.36552704572677613
0.053973681926727246 -0.8030350804328918 -0.28695174790918826
0.05632478713989253 -0.7924933433532715 -0.15298399627208709
0.04878098487853999 -0.8037340641021729 -0.013380932807922352
0.011808879375457715 -0.7951360940933228 0.16500280499458314
-0.08361595153808599 -0.721470057964325 0.3836519241333008
-0.2506194341182709 -0.5351698696613312 0.5469527959823608
-0.37032257795333867 -0.3084638714790344 0.6166857004165649
-0.2937206852436066 -0.10057216882705688 0.6303712248802185
-0.23840852856636052 0.09015586972236633 0.5827701807022094
-0.20092775702476506 0.21525010466575623 0.5080923557281494
-0.1793822574615479 0.2837564945220947 0.44278908967971803
-0.16518657684326177 0.318434476852417 0.3981203556060791
-0.15286629676818853 0.3312574625015259 0.37260777950286866
-0.14282696723937993 0.33243584632873535 0.3609185338020325
-0.13546883344650273 0.32877588272094727 0.3572438478469849
-0.1308750438690186 0.32405197620391846 0.3576509475708008
-0.1285864639282227 0.32002347707748413 0.35970879793167115
-0.1278068351745606 0.31724607944488525 0.36196399927139283
-0.12785976409912114 0.3156765103340149 0.3637589931488037
-0.12825154542922979 0.3150053024291992 0.36492009162902833
-0.12868856668472295 0.3148799538612366 0.36552704572677613
0.053973681926727246 -0.8030350804328918 -0.28695174790918826
0.05632478713989253 -0.7924933433532715 -0.15298399627208709
0.04878098487853999 -0.8037340641021729 -0.013380932807922352
0.011808879375457715 -0.7951360940933228 0.16500280499458314
-0.08361595153808599 -0.721470057964325 0.3836519241333008
-0.2506194341182709 -0.5351698696613312 0.5469527959823608
-0.37032257795333867 -0.3084638714790344 0.6166857004165649
-0.2937206852436066 -0.10057216882705688 0.6303712248802185
-0.23840852856636052 0.09015586972236633 0.5827701807022094
-0.20092775702476506 0.21525010466575623 0.5080923557281494
-0.1793822574615479 0.2837564945220947 0.44278908967971803
-0.16518657684326177 0.318434476852417 0.3981203556060791
-0.15286629676818853 0.3312574625015259 0.37260777950286866
-0.14282696723937993 0.33243584632873535 0.3609185338020325
-0.13546883344650273 0.32877588272094727 0.3572438478469849
-0.1308750438690186 0.32405197620391846 0.3576509475708008
-0.1285864639282227 0.32002347707748413 0.35970879793167115
-0.1278068351745606 0.31724607944488525 0.36196399927139283
-0.12785976409912114 0.3156765103340149 0.3637589931488037
-0.12825154542922979 0.3150053024291992 0.36492009162902833
-0.12868856668472295 0.3148799538612366 0.36552704572677613
0.053973681926727246 -0.8030350804328918 -0.28695174790918826
0.05632478713989253 -0.7924933433532715 -0.15298399627208709
0.04878098487853999 -0.8037340641021729 -0.013380932807922352
0.011808879375457715 -0.7951360940933228 0.16500280499458314
-0.08361595153808599 -0.721470057964325 0.3836519241333008
-0.2506194341182709 -0.5351698696613312 0.5469527959823608
-0.37032257795333867 -0.3084638714790344 0.6166857004165649
-0.2937206852436066 -0.10057216882705688 0.6303712248802185
-0.23840852856636052 0.09015586972236633 0.5827701807022094
-0.20092775702476506 0.21525010466575623 0.5080923557281494
-0.1793822574615479 0.2837564945220947 0.44278908967971803
-0.16518657684326177 0.318434476852417 0.3981203556060791
-0.15286629676818853 0.3312574625015259 0.37260777950286866
-0.14282696723937993 0.33243584632873535 0.3609185338020325
-0.13546883344650273 0.32877588272094727 0.3572438478469849
-0.1308750438690186 0.32405197620391846 0.3576509475708008
-0.1285864639282227 0.32002347707748413 0.35970879793167115
-0.1278068351745606 0.31724607944488525 0.36196399927139283
-0.12785976409912114 0.3156765103340149 0.3637589931488037
-0.12825154542922979 0.3150053024291992 0.36492009162902833
-0.12868856668472295 0.3148799538612366 0.36552704572677613
0.053973681926727246 -0.8030350804328918 -0.28695174790918826
0.05632478713989253 -0.7924933433532715 -0.15298399627208709
0.04878098487853999 -0.8037340641021729 -0.013380932807922352
0.011808879375457715 -0.7951360940933228 0.16500280499458314
-0.08361595153808599 -0.721470057964325 0.3836519241333008
-0.2506194341182709 -0.5351698696613312 0.5469527959823608
-0.37032257795333867 -0.3084638714790344 0.6166857004165649
-0.2937206852436066 -0.10057216882705688 0.6303712248802185
-0.23840852856636052 0.09015586972236633 0.5827701807022094
-0.20092775702476506 0.21525010466575623 0.5080923557281494
-0.1793822574615479 0.2837564945220947 0.44278908967971803
-0.16518657684326177 0.318434476852417 0.3981203556060791
-0.15286629676818853 0.3312574625015259 0.37260777950286866
-0.14282696723937993 0.33243584632873535 0.3609185338020325
-0.13546883344650273 0.32877588272094727 0.3572438478469849
-0.1308750438690186 0.32405197620391846 0.3576509475708008
-0.1285864639282227 0.32002347707748413 0.35970879793167115
-0.1278068351745606 0.31724607944488525 0.36196399927139283
-0.12785976409912114 0.3156765103340149 0.3637589931488037
-0.12825154542922979 0.3150053024291992 0.36492009162902833
-0.12868856668472295 0.3148799538612366 0.36552704572677613
0.053973681926727246 -0.8030350804328918 -0.28695174790918826
0.05632478713989253 -0.7924933433532715 -0.15298399627208709
0.04878098487853999 -0.8037340641021729 -0.013380932807922352
0.011808879375457715 -0.7951360940933228 0.16500280499458314
-0.08361595153808599 -0.721470057964325 0.3836519241333008
-0.2506194341182709 -0.5351698696613312 0.5469527959823608
-0.37032257795333867 -0.3084638714790344 0.6166857004165649
-0.2937206852436066 -0.10057216882705688 0.6303712248802185
-0.23840852856636052 0.09015586972236633 0.5827701807022094
-0.20092775702476506 0.21525010466575623 0.5080923557281494
-0.1793822574615479 0.2837564945220947 0.44278908967971803
-0.16518657684326177 0.318434476852417 0.3981203556060791
-0.15286629676818853 0.3312574625015259 0.37260777950286866
-0.14282696723937993 0.33243584632873535 0.3609185338020325
-0.13546883344650273 0.32877588272094727 0.3572438478469849
-0.1308750438690186 0.32405197620391846 0.3576509475708008
-0.1285864639282227 0.32002347707748413 0.35970879793167115
-0.1278068351745606 0.31724607944488525 0.36196399927139283
-0.12785976409912114 0.3156765103340149 0.3637589931488037
-0.12825154542922979 0.3150053024291992 0.36492009162902833
-0.12868856668472295 0.3148799538612366 0.36552704572677613
0.053973681926727246 -0.8030350804328918 -0.28695174790918826
0.05632478713989253 -0.7924933433532715 -0.15298399627208709
0.04878098487853999 -0.8037340641021729 -0.013380932807922352
0.011808879375457715 -0.7951360940933228 0.16500280499458314
-0.08361595153808599 -0.721470057964325 0.3836519241333008
-0.2506194341182709 -0.5351698696613312 0.5469527959823608
-0.37032257795333867 -0.3084638714790344 0.6166857004165649
-0.2937206852436066 -0.10057216882705688 0.6303712248802185
-0.23840852856636052 0.09015586972236633 0.5827701807022094
-0.20092775702476506 0.21525010466575623 0.5080923557281494
-0.1793822574615479 0.2837564945220947 0.44278908967971803
-0.16518657684326177 0.318434476852417 0.3981203556060791
-0.15286629676818853 0.3312574625015259 0.37260777950286866
-0.14282696723937993 0.33243584632873535 0.3609185338020325
-0.13546883344650273 0.32877588272094727 0.3572438478469849
-0.1308750438690186 0.32405197620391846 0.3576509475708008
-0.1285864639282227 0.32002347707748413 0.35970879793167115
-0.1278068351745606 0.31724607944488525 0.36196399927139283
-0.12785976409912114 0.3156765103340149 0.3637589931488037
-0.12825154542922979 0.3150053024291992 0.36492009162902833
-0.12868856668472295 0.3148799538612366 0.36552704572677613
0.053973681926727246 -0.8030350804328918 -0.28695174790918826
0.05632478713989253 -0.7924933433532715 -0.15298399627208709
0.04878098487853999 -0.8037340641021729 -0.013380932807922352
0.011808879375457715 -0.7951360940933228 0.16500280499458314
-0.08361595153808599 -0.721470057964325 0.3836519241333008
-0.2506194341182709 -0.5351698696613312 0.5469527959823608
-0.37032257795333867 -0.3084638714790344 0.6166857004165649
-0.2937206852436066 -0.10057216882705688 0.6303712248802185
-0.23840852856636052 0.09015586972236633 0.5827701807022094
-0.20092775702476506 0.21525010466575623 0.5080923557281494
-0.1793822574615479 0.2837564945220947 0.44278908967971803
-0.16518657684326177 0.318434476852417 0.3981203556060791
-0.15286629676818853 0.3312574625015259 0.37260777950286866
-0.14282696723937993 0.33243584632873535 0.3609185338020325
-0.13546883344650273 0.32877588272094727 0.3572438478469849
-0.1308750438690186 0.32405197620391846 0.3576509475708008
-0.1285864639282227 0.32002347707748413 0.35970879793167115
-0.1278068351745606 0.31724607944488525 0.36196399927139283
-0.12785976409912114 0.3156765103340149 0.3637589931488037
-0.12825154542922979 0.3150053024291992 0.36492009162902833
-0.12868856668472295 0.3148799538612366 0.36552704572677613
0.053973681926727246 -0.8030350804328918 -0.28695174790918826
0.05632478713989253 -0.7924933433532715 -0.15298399627208709
0.04878098487853999 -0.8037340641021729 -0.013380932807922352
0.011808879375457715 -0.7951360940933228 0.16500280499458314
-0.08361595153808599 -0.721470057964325 0.3836519241333008
-0.2506194341182709 -0.5351698696613312 0.5469527959823608
-0.37032257795333867 -0.3084638714790344 0.6166857004165649
-0.2937206852436066 -0.10057216882705688 0.6303712248802185
-0.23840852856636052 0.09015586972236633 0.5827701807022094
-0.20092775702476506 0.21525010466575623 0.5080923557281494
-0.1793822574615479 0.2837564945220947 0.44278908967971803
-0.16518657684326177 0.318434476852417 0.3981203556060791
-0.15286629676818853 0.3312574625015259 0.37260777950286866
-0.14282696723937993 0.33243584632873535 0.3609185338020325
-0.13546883344650273 0.32877588272094727 0.3572438478469849
-0.1308750438690186 0.32405197620391846 0.3576509475708008
-0.1285864639282227 0.32002347707748413 0.35970879793167115
-0.1278068351745606 0.31724607944488525 0.36196399927139283
-0.12785976409912114 0.3156765103340149 0.3637589931488037
-0.12825154542922979 0.3150053024291992 0.36492009162902833
-0.12868856668472295 0.3148799538612366 0.36552704572677613
---------------------------------------
|             Epoch |               0 |
|             EpRet |             -33 |
|         EpRealRet |             -33 |
|         TestEpRet |           -64.4 |
|         AverageQ1 |           -25.2 |
|             StdQ1 |            10.8 |
|             MaxQ1 |          0.0113 |
|             MinQ1 |           -51.4 |
|                Q2 |           -25.2 |
|       TestSuccess |               0 |
| TotalEnvInteracts |        1.97e+05 |
|         TotalTime |            36.4 |
---------------------------------------
0.053973681926727246 -0.8030350804328918 -0.28695174790918826
0.08484388113021846 -0.7520068287849426 -0.17743130326271056
0.1067999672889709 -0.696344643831253 -0.20719354152679442
0.07728273391723628 -0.7371905148029327 0.08250824809074403
bad
0.053973681926727246 -0.8030350804328918 -0.28695174790918826
0.036803014278411816 -0.826518177986145 -0.06710335910320281
0.0010803413391112793 -0.8242237567901611 0.13749052286148072
-0.11161398172378545 -0.8082471489906311 0.35303349494934083
-0.24831496953964238 -0.7351812422275543 0.5260695934295654
-0.3036628592014313 -0.7581232786178589 0.5428431153297424
-0.37483631849288945 -0.4859341084957123 0.6844154119491577
-0.24358200311660771 -0.2679006978869438 0.6647996425628662
-0.26278155326843267 -0.06992988288402557 0.6562753438949585
-0.32050215482711797 -0.011210888624191284 0.6666298627853393
-0.2050976979732514 0.163152813911438 0.5453388810157775
-0.2904875504970551 0.1225128173828125 0.6106101393699646
-0.30010413408279424 0.006034672260284424 0.6544989466667175
-0.5371589887142182 0.19271832704544067 0.6512354731559753
0.053973681926727246 -0.8030350804328918 -0.28695174790918826
-0.0020203518867493164 -0.8711406588554382 -0.10757749080657958
0.007454521656036328 -0.848516583442688 -0.1798290267586708
-0.06099253177642827 -0.919733464717865 -0.1559407889842987
0.053973681926727246 -0.8030350804328918 -0.28695174790918826
0.10488457202911372 -0.7078149616718292 -0.20286241471767424
-0.04035323143005376 -0.9072856307029724 -0.02242698073387145
-0.05257385253906255 -0.8651724457740784 0.17323459386825563
-0.19698404550552373 -0.7213133573532104 0.4976161241531372
-0.34039553284645085 -0.4771644026041031 0.6662258625030517
-0.3857123482227326 -0.27724149264395237 0.7030325651168823
-0.49792896986007695 -0.1600695624947548 0.6933716058731079
-0.41615422844886785 -0.017250895500183105 0.6800015091896057
-0.3851671743392945 0.011059939861297607 0.6816421270370483
-0.3355971801280976 0.014616221189498901 0.6658269882202148
-0.26375689387321477 0.021482735872268677 0.6346504807472229
-0.2882587540149689 0.14968577027320862 0.5971093297004699
-0.18887358188629155 0.16061648726463318 0.5363338708877563
-0.21113111853599553 0.08202570676803589 0.587235939502716
-0.19941579580307012 0.04090231657028198 0.595693302154541
-0.13248609781265264 -0.12303069233894348 0.5959189653396606
-0.2848842370510102 -0.0044791847467422485 0.6495549201965332
-0.26374434709548955 0.01832360029220581 0.6357280135154724
-0.48372853577137 -0.15095378458499908 0.7188968181610107
-0.31955491781234746 -0.09777049720287323 0.6826748967170715
0.053973681926727246 -0.8030350804328918 -0.28695174790918826
0.12937659740447993 -0.6825520396232605 -0.1368636816740036
bad
0.053973681926727246 -0.8030350804328918 -0.28695174790918826
-0.0028824734687805664 -0.8689732551574707 -0.03338755965232848
-0.06906133174896245 -0.9279369115829468 0.01566452980041505
-0.0020717906951904785 -0.802997887134552 0.17790837287902833
-0.1862043964862824 -0.7254853546619415 0.47078896760940553
-0.2409972476959229 -0.5878520011901855 0.5962795734405517
-0.23128338932991033 -0.6036913096904755 0.5889528512954711
-0.2903904843330384 -0.4673090875148773 0.660166335105896
-0.22084461927413945 -0.2560484129935503 0.6540089964866638
-0.23546951293945317 -0.12750614434480667 0.6537784457206726
-0.2012473571300507 -0.2058916725218296 0.6438285827636718
-0.16480659723281865 -0.22599100321531296 0.6247806668281555
-0.3860129344463349 -0.3186572715640068 0.7078283548355102
-0.35572799324989324 -0.37699607014656067 0.6977431893348693
-0.4509009796380997 -0.30326857417821884 0.7217260122299194
-0.30386041879653936 -0.2081024833023548 0.6879918694496154
-0.35574781179428105 -0.22707967832684517 0.7031492710113525
-0.3627785968780518 -0.12865285575389862 0.6997833967208862
-0.3101480829715729 -0.14744214713573456 0.6860415458679199
-0.11819123506546025 -0.1518549546599388 0.5901042342185974
0.009782738685607861 -0.08401168882846832 0.4687171697616577
0.053973681926727246 -0.8030350804328918 -0.28695174790918826
-0.10584937810897832 -0.9681549072265625 -0.04080613255500792
-0.016070716381073047 -0.7804133296012878 0.2530432462692261
-0.26873203396797185 -0.7931287884712219 0.4980247139930725
-0.44778934895992284 -0.7453283667564392 0.6056195020675659
-0.3510126399993897 -0.6805581152439117 0.6068624973297119
-0.40700184583663945 -0.4537927061319351 0.6991741776466369
-0.2706090438365937 -0.24528323207050562 0.6764367938041687
-0.2348479855060578 -0.31533657014369965 0.6591032266616821
-0.305172108411789 -0.28763657808303833 0.6880250692367553
-0.2128881144523621 -0.40715888142585754 0.637817633152008
-0.1988435018062592 -0.48156656324863434 0.6140287637710571
-0.33602669119834905 -0.5751666724681854 0.6473443031311035
-0.4982664662599564 -0.38542091846466064 0.7194849967956543
-0.3329811620712281 -0.45060236752033234 0.679601502418518
-0.18591582059860234 -0.2818448059260845 0.6358936548233032
-0.2462944912910462 -0.3178965002298355 0.6638528823852539
-0.19424318552017217 -0.5283733904361725 0.5970566987991333
-0.2868266332149506 -0.5679498016834259 0.6297452569007873
-0.28541573166847234 -0.5264701843261719 0.6433392882347106
-0.29940172314643865 -0.313457615673542 0.6846278429031372
0.053973681926727246 -0.8030350804328918 -0.28695174790918826
bad
0.053973681926727246 -0.8030350804328918 -0.28695174790918826
-0.02721219539642339 -0.894596517086029 -0.12799136638641356
-0.1738796162605286 -0.9794223308563232 0.14537827372550965
-0.15650939226150518 -0.8287142515182495 0.37748427391052247
-0.364712827205658 -0.7623372673988342 0.5669159412384033
-0.2917746829986573 -0.6187087595462799 0.612957489490509
-0.287481598854065 -0.36888138949871063 0.6753679037094116
-0.32161178469657903 -0.4498589187860489 0.674652886390686
-0.22879137873649602 -0.4624125361442566 0.6343692660331726
-0.33252393484115605 -0.5251187980175018 0.6604262709617614
-0.26990064263343816 -0.4633469432592392 0.653238308429718
-0.35002233862876897 -0.4612116515636444 0.6829287528991699
-0.37790935516357427 -0.4164268970489502 0.6984440803527832
-0.27540501236915593 -0.30415789410471916 0.6769211411476135
-0.30560671567916875 -0.4126613289117813 0.6767770767211914
-0.2925881671905518 -0.3360585570335388 0.6807636141777038
-0.26102127909660344 -0.43486014008522034 0.6553761482238769
-0.3100572752952576 -0.42968086898326874 0.6755228161811828
-0.21001356124877935 -0.41955672204494476 0.6341188073158264
-0.16762989044189458 -0.2939998432993889 0.6258127212524414
-0.29034578084945684 -0.4752212017774582 0.6584214091300964
0.053973681926727246 -0.8030350804328918 -0.28695174790918826
-0.07339464902877813 -0.9120748043060303 -0.26740826964378356
-0.043649308681488086 -0.913459062576294 -0.0267341911792755
-0.0003033804893494141 -0.8692775964736938 -0.06368780434131621
-0.06904386758804326 -0.8151120543479919 0.2893690586090088
-0.14749877929687505 -0.7650039196014404 0.43211371898651124
-0.1701880025863648 -0.5231689214706421 0.584124755859375
-0.263699643611908 -0.40480785071849823 0.6612898826599121
-0.3672731745243073 -0.33944354206323624 0.7039664506912231
-0.24746637821197515 -0.17170079797506332 0.6638154506683349
-0.05987786531448369 -0.08398379385471344 0.5345052599906921
-0.12246584177017217 -0.3170461878180504 0.5962528705596923
-0.2305197644233704 -0.3271762281656265 0.6558577537536621
-0.1582122373580933 -0.38659656047821045 0.6108299612998962
-0.26707970380783086 -0.49792735278606415 0.6432714581489563
-0.3601889836788178 -0.4165133833885193 0.6932571053504943
-0.24469309329986577 -0.41278888285160065 0.6521613717079162
-0.34867378354072576 -0.45097343623638153 0.6838916659355163
-0.21907433152198796 -0.3360960856080055 0.649964165687561
-0.22810324311256414 -0.42816686630249023 0.6414575695991516
-0.2959056127071381 -0.393841028213501 0.6758988618850708
0.053973681926727246 -0.8030350804328918 -0.28695174790918826
-0.001954548358917285 -0.8721632361412048 -0.05780048966407775
-0.1484062004089356 -0.9039821624755859 0.26804853677749635
-0.13364117622375493 -0.6927071809768677 0.47538985013961793
-0.11669497966766362 -0.42527686059474945 0.576127004623413
-0.15945654392242437 -0.4372333437204361 0.6017800688743591
-0.14087938547134404 -0.4649810642004013 0.5833562731742858
-0.24405246257781987 -0.3628741204738617 0.6572552442550659
-0.16554891347885137 -0.27639734372496605 0.6253492355346679
-0.16290258646011357 -0.4526592493057251 0.6005089998245239
-0.3023394870758057 -0.34426267445087433 0.6833859205245971
-0.25389512658119207 -0.4440811723470688 0.6504358768463134
-0.16500150442123418 -0.32168908417224884 0.6225466847419738
-0.30795022130012517 -0.42084909975528717 0.6747090935707092
-0.20815109491348271 -0.3927067369222641 0.6376226067543029
-0.1605841445922852 -0.3862355053424835 0.6122728705406189
-0.2043388712406159 -0.2676301337778568 0.646275770664215
-0.18074186921119695 -0.15532493591308594 0.6290743470191955
-0.2875842678546906 -0.21318387612700462 0.6819370508193969
-0.28123381018638616 -0.1613820642232895 0.6766651391983032
-0.18605100393295293 -0.24145413748919964 0.6371651411056518
