[36;1mSaving config:
[0m
{
    "args":	null,
    "env":	null,
    "exp_name":	"HER_mpi1_random_TD3Torch_PandaReach-v2",
    "logger":	null,
    "logger_kwargs":	{
        "exp_name":	"HER_mpi1_random_TD3Torch_PandaReach-v2",
        "output_dir":	"HER_DRLib_Torch_exps/2022-12-27_HER_mpi1_random_TD3Torch_PandaReach-v2/2022-12-27_20-07-19-HER_mpi1_random_TD3Torch_PandaReach-v2_s300"
    },
    "net":	null
}
bad
bad
bad
bad
bad
bad
bad
bad
right
bad
---------------------------------------
|             Epoch |               0 |
|             EpRet |           -42.1 |
|         EpRealRet |           -42.1 |
|         TestEpRet |               0 |
|         AverageQ1 |           -47.3 |
|             StdQ1 |            7.82 |
|             MaxQ1 |          0.0113 |
|             MinQ1 |           -55.6 |
|                Q2 |           -47.2 |
|       TestSuccess |               0 |
| TotalEnvInteracts |        1.97e+05 |
|         TotalTime |            30.2 |
---------------------------------------
bad
bad
bad
