[36;1mSaving config:
[0m
{
    "args":	null,
    "env":	null,
    "exp_name":	"HER_mpi1_random_TD3Torch_PandaReach-v2",
    "logger":	null,
    "logger_kwargs":	{
        "exp_name":	"HER_mpi1_random_TD3Torch_PandaReach-v2",
        "output_dir":	"HER_DRLib_Torch_exps/2022-12-27_HER_mpi1_random_TD3Torch_PandaReach-v2/2022-12-27_17-29-59-HER_mpi1_random_TD3Torch_PandaReach-v2_s300"
    },
    "net":	null
}
bad
bad
bad
bad
bad
bad
bad
bad
bad
bad
bad
bad
bad
bad
bad
bad
bad
bad
bad
bad
bad
bad
bad
bad
bad
bad
bad
bad
bad
bad
bad
bad
bad
bad
bad
bad
bad
bad
bad
bad
bad
bad
bad
bad
bad
bad
bad
bad
---------------------------------------
|             Epoch |               0 |
|             EpRet |           -64.4 |
|         EpRealRet |           -64.4 |
|         TestEpRet |               0 |
|         AverageQ1 |           -48.5 |
|             StdQ1 |            6.93 |
|             MaxQ1 |          0.0113 |
|             MinQ1 |           -56.1 |
|                Q2 |           -48.5 |
|       TestSuccess |               0 |
| TotalEnvInteracts |        1.97e+05 |
|         TotalTime |            33.3 |
---------------------------------------
bad
bad
bad
bad
bad
bad
bad
bad
bad
bad
bad
bad
bad
bad
bad
bad
bad
bad
bad
bad
bad
bad
bad
bad
bad
bad
bad
bad
bad
bad
bad
bad
bad
bad
bad
bad
bad
bad
bad
bad
bad
bad
bad
bad
bad
bad
bad
bad
bad
bad
bad
bad
bad
bad
---------------------------------------
|             Epoch |               1 |
|             EpRet |           -30.7 |
|         EpRealRet |           -30.7 |
|         TestEpRet |               0 |
|         AverageQ1 |             -50 |
|             StdQ1 |          0.0598 |
|             MaxQ1 |           -49.6 |
|             MinQ1 |           -50.2 |
|                Q2 |             -50 |
|       TestSuccess |               0 |
| TotalEnvInteracts |        3.98e+05 |
|         TotalTime |            68.3 |
---------------------------------------
bad
bad
bad
bad
bad
bad
bad
bad
bad
bad
bad
bad
bad
bad
bad
bad
bad
bad
bad
bad
bad
bad
bad
bad
bad
bad
bad
bad
bad
bad
bad
bad
bad
bad
bad
bad
bad
bad
bad
bad
bad
bad
bad
bad
bad
bad
bad
bad
bad
bad
bad
bad
bad
bad
---------------------------------------
|             Epoch |               2 |
|             EpRet |             -35 |
|         EpRealRet |             -35 |
|         TestEpRet |               0 |
|         AverageQ1 |             -50 |
|             StdQ1 |          0.0531 |
|             MaxQ1 |           -49.7 |
|             MinQ1 |           -50.2 |
|                Q2 |             -50 |
|       TestSuccess |               0 |
| TotalEnvInteracts |        5.99e+05 |
|         TotalTime |             105 |
---------------------------------------
bad
bad
bad
bad
bad
bad
bad
bad
bad
bad
bad
bad
bad
bad
bad
bad
bad
bad
bad
bad
bad
bad
bad
bad
bad
bad
bad
bad
bad
bad
bad
bad
bad
bad
bad
bad
bad
bad
bad
bad
bad
bad
bad
bad
bad
bad
bad
bad
bad
bad
bad
bad
bad
bad
bad
bad
---------------------------------------
|             Epoch |               3 |
|             EpRet |           -29.3 |
|         EpRealRet |           -29.3 |
|         TestEpRet |               0 |
|         AverageQ1 |             -50 |
|             StdQ1 |           0.048 |
|             MaxQ1 |           -49.6 |
|             MinQ1 |           -50.2 |
|                Q2 |             -50 |
|       TestSuccess |               0 |
| TotalEnvInteracts |           8e+05 |
|         TotalTime |             142 |
---------------------------------------
bad
bad
bad
bad
bad
bad
bad
bad
bad
bad
bad
bad
bad
bad
bad
bad
bad
bad
bad
bad
bad
bad
bad
bad
bad
bad
bad
bad
bad
bad
bad
bad
bad
bad
bad
bad
bad
bad
bad
bad
bad
bad
bad
bad
bad
bad
bad
bad
bad
bad
bad
bad
bad
bad
bad
---------------------------------------
|             Epoch |               4 |
|             EpRet |           -31.8 |
|         EpRealRet |           -31.8 |
|         TestEpRet |               0 |
|         AverageQ1 |             -50 |
|             StdQ1 |           0.058 |
|             MaxQ1 |           -49.7 |
|             MinQ1 |           -50.4 |
|                Q2 |             -50 |
|       TestSuccess |               0 |
| TotalEnvInteracts |           1e+06 |
|         TotalTime |             181 |
---------------------------------------
bad
bad
bad
bad
bad
bad
bad
bad
bad
bad
bad
bad
bad
bad
bad
bad
bad
bad
bad
bad
bad
bad
bad
bad
bad
bad
bad
bad
bad
bad
bad
bad
bad
bad
bad
bad
bad
bad
bad
bad
bad
bad
bad
bad
bad
bad
bad
bad
bad
bad
bad
bad
---------------------------------------
|             Epoch |               5 |
|             EpRet |             -34 |
|         EpRealRet |             -34 |
|         TestEpRet |               0 |
|         AverageQ1 |             -50 |
|             StdQ1 |          0.0579 |
|             MaxQ1 |           -49.7 |
|             MinQ1 |           -50.3 |
|                Q2 |             -50 |
|       TestSuccess |               0 |
| TotalEnvInteracts |         1.2e+06 |
|         TotalTime |             220 |
---------------------------------------
bad
bad
bad
bad
bad
bad
bad
bad
bad
bad
bad
bad
bad
bad
bad
bad
bad
bad
bad
bad
bad
bad
bad
bad
bad
bad
bad
bad
bad
bad
bad
bad
bad
bad
bad
bad
bad
bad
bad
bad
bad
bad
bad
bad
bad
bad
bad
bad
bad
bad
bad
bad
bad
bad
---------------------------------------
|             Epoch |               6 |
|             EpRet |           -33.1 |
|         EpRealRet |           -33.1 |
|         TestEpRet |               0 |
|         AverageQ1 |             -50 |
|             StdQ1 |          0.0571 |
|             MaxQ1 |           -49.5 |
|             MinQ1 |           -50.2 |
|                Q2 |             -50 |
|       TestSuccess |               0 |
| TotalEnvInteracts |         1.4e+06 |
|         TotalTime |             260 |
---------------------------------------
bad
bad
bad
bad
bad
bad
bad
bad
bad
bad
bad
bad
bad
bad
bad
bad
bad
bad
bad
bad
bad
bad
bad
bad
bad
bad
bad
bad
bad
bad
bad
bad
bad
bad
bad
bad
bad
bad
bad
bad
bad
bad
bad
bad
bad
bad
bad
bad
bad
bad
bad
bad
bad
bad
---------------------------------------
|             Epoch |               7 |
|             EpRet |           -34.9 |
|         EpRealRet |           -34.9 |
|         TestEpRet |               0 |
|         AverageQ1 |             -50 |
|             StdQ1 |          0.0566 |
|             MaxQ1 |           -49.4 |
|             MinQ1 |           -50.3 |
|                Q2 |             -50 |
|       TestSuccess |               0 |
| TotalEnvInteracts |         1.6e+06 |
|         TotalTime |             299 |
---------------------------------------
bad
bad
bad
bad
bad
bad
bad
bad
bad
bad
bad
bad
bad
bad
bad
bad
bad
bad
bad
bad
bad
bad
bad
bad
bad
bad
bad
bad
bad
bad
bad
bad
bad
bad
bad
bad
bad
bad
bad
bad
bad
bad
bad
bad
bad
bad
bad
bad
bad
bad
---------------------------------------
|             Epoch |               8 |
|             EpRet |           -31.5 |
|         EpRealRet |           -31.5 |
|         TestEpRet |               0 |
|         AverageQ1 |             -50 |
|             StdQ1 |          0.0569 |
|             MaxQ1 |           -49.3 |
|             MinQ1 |           -50.3 |
|                Q2 |             -50 |
|       TestSuccess |               0 |
| TotalEnvInteracts |         1.8e+06 |
|         TotalTime |             338 |
---------------------------------------
bad
bad
bad
bad
bad
bad
bad
bad
bad
bad
bad
bad
bad
bad
bad
bad
bad
bad
bad
bad
bad
bad
bad
bad
bad
bad
bad
bad
bad
bad
bad
bad
bad
bad
bad
bad
bad
bad
bad
bad
bad
bad
bad
bad
bad
bad
bad
bad
bad
bad
bad
bad
bad
bad
---------------------------------------
|             Epoch |               9 |
|             EpRet |           -45.7 |
|         EpRealRet |           -45.7 |
|         TestEpRet |               0 |
|         AverageQ1 |             -50 |
|             StdQ1 |          0.0578 |
|             MaxQ1 |           -49.6 |
|             MinQ1 |           -50.4 |
|                Q2 |             -50 |
|       TestSuccess |               0 |
| TotalEnvInteracts |        2.01e+06 |
|         TotalTime |             379 |
---------------------------------------
bad
bad
bad
bad
bad
bad
bad
bad
bad
bad
bad
bad
bad
bad
bad
bad
bad
bad
bad
bad
bad
bad
bad
bad
bad
bad
bad
bad
bad
bad
bad
bad
bad
bad
bad
bad
bad
bad
bad
bad
bad
bad
bad
bad
bad
bad
bad
bad
bad
bad
bad
bad
bad
bad
bad
bad
bad
---------------------------------------
|             Epoch |              10 |
|             EpRet |           -40.3 |
|         EpRealRet |           -40.3 |
|         TestEpRet |               0 |
|         AverageQ1 |             -50 |
|             StdQ1 |          0.0561 |
|             MaxQ1 |           -49.7 |
|             MinQ1 |           -50.3 |
|                Q2 |             -50 |
|       TestSuccess |               0 |
| TotalEnvInteracts |        2.21e+06 |
|         TotalTime |             418 |
---------------------------------------
bad
bad
bad
bad
bad
bad
bad
bad
bad
bad
bad
bad
bad
bad
bad
bad
bad
bad
bad
bad
bad
bad
bad
bad
bad
bad
bad
bad
bad
bad
bad
bad
bad
bad
bad
bad
bad
bad
bad
bad
bad
bad
bad
bad
bad
bad
bad
bad
bad
bad
bad
bad
bad
---------------------------------------
|             Epoch |              11 |
|             EpRet |           -29.6 |
|         EpRealRet |           -29.6 |
|         TestEpRet |               0 |
|         AverageQ1 |             -50 |
|             StdQ1 |          0.0549 |
|             MaxQ1 |           -49.7 |
|             MinQ1 |           -50.2 |
|                Q2 |             -50 |
|       TestSuccess |               0 |
| TotalEnvInteracts |        2.41e+06 |
|         TotalTime |             458 |
---------------------------------------
bad
bad
bad
bad
bad
bad
bad
bad
bad
bad
bad
bad
bad
bad
bad
bad
bad
bad
bad
bad
bad
bad
bad
bad
bad
bad
bad
bad
bad
bad
bad
bad
bad
bad
bad
bad
bad
bad
bad
bad
bad
bad
bad
bad
bad
bad
bad
bad
bad
bad
bad
bad
bad
bad
bad
---------------------------------------
|             Epoch |              12 |
|             EpRet |           -38.3 |
|         EpRealRet |           -38.3 |
|         TestEpRet |               0 |
|         AverageQ1 |             -50 |
|             StdQ1 |           0.058 |
|             MaxQ1 |           -47.9 |
|             MinQ1 |           -51.3 |
|                Q2 |             -50 |
|       TestSuccess |               0 |
| TotalEnvInteracts |        2.61e+06 |
|         TotalTime |             497 |
---------------------------------------
bad
bad
bad
bad
bad
bad
bad
bad
bad
bad
bad
bad
bad
bad
bad
bad
bad
bad
bad
bad
bad
bad
bad
bad
bad
bad
bad
bad
bad
bad
bad
bad
bad
bad
bad
bad
bad
bad
bad
bad
bad
bad
bad
bad
bad
bad
bad
bad
bad
bad
bad
bad
bad
bad
bad
bad
---------------------------------------
|             Epoch |              13 |
|             EpRet |           -34.1 |
|         EpRealRet |           -34.1 |
|         TestEpRet |               0 |
|         AverageQ1 |             -50 |
|             StdQ1 |          0.0533 |
|             MaxQ1 |           -49.7 |
|             MinQ1 |           -50.3 |
|                Q2 |             -50 |
|       TestSuccess |               0 |
| TotalEnvInteracts |        2.81e+06 |
|         TotalTime |             536 |
---------------------------------------
bad
bad
bad
bad
bad
bad
bad
bad
bad
bad
bad
bad
bad
bad
bad
bad
bad
bad
bad
bad
bad
bad
bad
bad
bad
bad
bad
bad
bad
bad
bad
bad
bad
bad
bad
bad
bad
bad
bad
bad
bad
bad
bad
bad
bad
bad
bad
bad
bad
bad
bad
bad
bad
bad
bad
bad
bad
bad
---------------------------------------
|             Epoch |              14 |
|             EpRet |           -34.2 |
|         EpRealRet |           -34.2 |
|         TestEpRet |               0 |
|         AverageQ1 |             -50 |
|             StdQ1 |          0.0535 |
|             MaxQ1 |           -49.7 |
|             MinQ1 |           -50.3 |
|                Q2 |             -50 |
|       TestSuccess |               0 |
| TotalEnvInteracts |        3.01e+06 |
|         TotalTime |             575 |
---------------------------------------
bad
bad
bad
bad
bad
bad
bad
bad
bad
bad
bad
bad
bad
bad
bad
bad
bad
bad
bad
bad
bad
bad
bad
bad
bad
bad
bad
bad
bad
bad
bad
bad
bad
bad
bad
bad
bad
bad
bad
bad
bad
bad
bad
bad
bad
bad
bad
bad
bad
bad
bad
---------------------------------------
|             Epoch |              15 |
|             EpRet |           -39.3 |
|         EpRealRet |           -39.3 |
|         TestEpRet |               0 |
|         AverageQ1 |             -50 |
|             StdQ1 |          0.0529 |
|             MaxQ1 |           -49.6 |
|             MinQ1 |           -50.3 |
|                Q2 |             -50 |
|       TestSuccess |               0 |
| TotalEnvInteracts |        3.21e+06 |
|         TotalTime |             615 |
---------------------------------------
bad
bad
bad
bad
bad
bad
bad
bad
bad
bad
bad
bad
bad
bad
bad
bad
bad
bad
bad
bad
bad
bad
bad
bad
bad
bad
bad
bad
bad
bad
bad
bad
bad
bad
bad
bad
bad
bad
bad
bad
bad
bad
bad
bad
bad
bad
bad
bad
bad
bad
bad
---------------------------------------
|             Epoch |              16 |
|             EpRet |           -33.8 |
|         EpRealRet |           -33.8 |
|         TestEpRet |               0 |
|         AverageQ1 |             -50 |
|             StdQ1 |          0.0529 |
|             MaxQ1 |           -49.7 |
|             MinQ1 |           -50.3 |
|                Q2 |             -50 |
|       TestSuccess |               0 |
| TotalEnvInteracts |        3.41e+06 |
|         TotalTime |             654 |
---------------------------------------
bad
bad
bad
bad
bad
bad
bad
bad
bad
bad
bad
bad
bad
bad
bad
bad
bad
bad
bad
bad
bad
bad
bad
bad
bad
bad
bad
bad
bad
bad
bad
bad
bad
bad
bad
bad
bad
bad
bad
bad
bad
bad
bad
bad
bad
bad
bad
bad
bad
bad
bad
bad
bad
bad
bad
bad
---------------------------------------
|             Epoch |              17 |
|             EpRet |           -32.1 |
|         EpRealRet |           -32.1 |
|         TestEpRet |               0 |
|         AverageQ1 |             -50 |
|             StdQ1 |          0.0519 |
|             MaxQ1 |           -49.7 |
|             MinQ1 |           -50.3 |
|                Q2 |             -50 |
|       TestSuccess |               0 |
| TotalEnvInteracts |        3.61e+06 |
|         TotalTime |             694 |
---------------------------------------
bad
bad
bad
bad
bad
bad
bad
bad
bad
bad
bad
bad
bad
bad
bad
bad
bad
bad
bad
bad
bad
bad
bad
bad
bad
bad
bad
bad
bad
bad
bad
bad
bad
bad
bad
bad
bad
bad
bad
bad
bad
bad
bad
bad
bad
bad
bad
bad
bad
bad
bad
bad
bad
---------------------------------------
|             Epoch |              18 |
|             EpRet |           -34.3 |
|         EpRealRet |           -34.3 |
|         TestEpRet |               0 |
|         AverageQ1 |             -50 |
|             StdQ1 |          0.0524 |
|             MaxQ1 |           -49.7 |
|             MinQ1 |           -50.3 |
|                Q2 |             -50 |
|       TestSuccess |               0 |
| TotalEnvInteracts |        3.81e+06 |
|         TotalTime |             733 |
---------------------------------------
bad
bad
bad
bad
bad
bad
bad
bad
bad
bad
bad
bad
bad
bad
bad
bad
bad
bad
bad
bad
bad
bad
bad
bad
bad
bad
bad
bad
bad
bad
bad
bad
bad
bad
bad
bad
bad
bad
bad
bad
bad
bad
bad
bad
bad
bad
bad
bad
bad
bad
---------------------------------------
|             Epoch |              19 |
|             EpRet |           -34.5 |
|         EpRealRet |           -34.5 |
|         TestEpRet |               0 |
|         AverageQ1 |             -50 |
|             StdQ1 |           0.051 |
|             MaxQ1 |           -49.7 |
|             MinQ1 |           -50.3 |
|                Q2 |             -50 |
|       TestSuccess |               0 |
| TotalEnvInteracts |        4.02e+06 |
|         TotalTime |             773 |
---------------------------------------
bad
bad
bad
bad
bad
bad
bad
bad
bad
bad
bad
bad
bad
bad
bad
bad
bad
bad
bad
bad
bad
bad
bad
bad
bad
bad
bad
bad
bad
bad
bad
bad
bad
bad
bad
bad
bad
bad
bad
bad
bad
bad
bad
bad
bad
bad
bad
bad
bad
---------------------------------------
|             Epoch |              20 |
|             EpRet |           -40.5 |
|         EpRealRet |           -40.5 |
|         TestEpRet |               0 |
|         AverageQ1 |             -50 |
|             StdQ1 |          0.0512 |
|             MaxQ1 |           -49.7 |
|             MinQ1 |           -50.3 |
|                Q2 |             -50 |
|       TestSuccess |               0 |
| TotalEnvInteracts |        4.22e+06 |
|         TotalTime |             813 |
---------------------------------------
bad
bad
bad
bad
bad
bad
bad
bad
bad
bad
bad
bad
bad
bad
bad
bad
bad
bad
bad
bad
bad
bad
bad
bad
bad
bad
bad
bad
bad
bad
bad
bad
bad
bad
bad
bad
bad
bad
bad
bad
bad
bad
bad
bad
bad
bad
bad
bad
bad
bad
bad
bad
bad
---------------------------------------
|             Epoch |              21 |
|             EpRet |           -32.8 |
|         EpRealRet |           -32.8 |
|         TestEpRet |               0 |
|         AverageQ1 |             -50 |
|             StdQ1 |           0.051 |
|             MaxQ1 |           -49.7 |
|             MinQ1 |           -50.3 |
|                Q2 |             -50 |
|       TestSuccess |               0 |
| TotalEnvInteracts |        4.42e+06 |
|         TotalTime |             852 |
---------------------------------------
bad
bad
bad
bad
bad
bad
bad
bad
bad
bad
bad
bad
bad
bad
bad
bad
bad
bad
bad
bad
bad
bad
bad
bad
bad
bad
bad
bad
bad
bad
bad
bad
bad
bad
bad
bad
bad
bad
bad
bad
bad
bad
bad
bad
bad
bad
bad
bad
bad
bad
bad
bad
bad
bad
bad
bad
---------------------------------------
|             Epoch |              22 |
|             EpRet |           -32.3 |
|         EpRealRet |           -32.3 |
|         TestEpRet |               0 |
|         AverageQ1 |             -50 |
|             StdQ1 |          0.0505 |
|             MaxQ1 |           -49.7 |
|             MinQ1 |           -50.3 |
|                Q2 |             -50 |
|       TestSuccess |               0 |
| TotalEnvInteracts |        4.62e+06 |
|         TotalTime |             892 |
---------------------------------------
bad
bad
bad
bad
bad
bad
bad
bad
bad
bad
bad
bad
bad
bad
bad
bad
bad
bad
bad
bad
bad
bad
bad
bad
bad
bad
bad
bad
bad
bad
bad
bad
bad
bad
bad
bad
bad
bad
bad
bad
bad
bad
bad
bad
bad
bad
bad
bad
bad
bad
bad
bad
bad
bad
bad
---------------------------------------
|             Epoch |              23 |
|             EpRet |             -35 |
|         EpRealRet |             -35 |
|         TestEpRet |               0 |
|         AverageQ1 |             -50 |
|             StdQ1 |          0.0508 |
|             MaxQ1 |           -49.7 |
|             MinQ1 |           -50.4 |
|                Q2 |             -50 |
|       TestSuccess |               0 |
| TotalEnvInteracts |        4.82e+06 |
|         TotalTime |             931 |
---------------------------------------
bad
bad
bad
bad
bad
bad
bad
bad
bad
bad
bad
bad
bad
bad
bad
bad
bad
bad
bad
bad
bad
bad
bad
bad
bad
bad
bad
bad
bad
bad
bad
bad
bad
bad
bad
bad
bad
bad
bad
bad
bad
bad
bad
bad
bad
bad
bad
bad
bad
bad
bad
bad
bad
bad
bad
bad
---------------------------------------
|             Epoch |              24 |
|             EpRet |           -28.4 |
|         EpRealRet |           -28.4 |
|         TestEpRet |               0 |
|         AverageQ1 |             -50 |
|             StdQ1 |          0.0498 |
|             MaxQ1 |           -49.8 |
|             MinQ1 |           -50.2 |
|                Q2 |             -50 |
|       TestSuccess |               0 |
| TotalEnvInteracts |        5.02e+06 |
|         TotalTime |             970 |
---------------------------------------
bad
bad
bad
bad
bad
bad
bad
bad
bad
bad
bad
bad
bad
bad
bad
bad
bad
bad
bad
bad
bad
bad
bad
bad
bad
bad
bad
bad
bad
bad
bad
bad
bad
bad
bad
bad
bad
bad
bad
bad
bad
bad
bad
bad
bad
bad
bad
bad
bad
bad
bad
bad
bad
---------------------------------------
|             Epoch |              25 |
|             EpRet |             -33 |
|         EpRealRet |             -33 |
|         TestEpRet |               0 |
|         AverageQ1 |             -50 |
|             StdQ1 |          0.0499 |
|             MaxQ1 |           -49.6 |
|             MinQ1 |           -50.3 |
|                Q2 |             -50 |
|       TestSuccess |               0 |
| TotalEnvInteracts |        5.22e+06 |
|         TotalTime |        1.01e+03 |
---------------------------------------
bad
bad
bad
bad
bad
bad
bad
bad
bad
bad
bad
bad
bad
bad
bad
bad
bad
bad
bad
bad
bad
bad
bad
bad
bad
bad
bad
bad
bad
bad
bad
bad
bad
bad
bad
bad
bad
bad
bad
bad
bad
bad
bad
bad
bad
bad
bad
bad
bad
bad
bad
bad
bad
---------------------------------------
|             Epoch |              26 |
|             EpRet |           -34.1 |
|         EpRealRet |           -34.1 |
|         TestEpRet |               0 |
|         AverageQ1 |             -50 |
|             StdQ1 |            0.05 |
|             MaxQ1 |           -49.7 |
|             MinQ1 |           -50.3 |
|                Q2 |             -50 |
|       TestSuccess |               0 |
| TotalEnvInteracts |        5.42e+06 |
|         TotalTime |        1.05e+03 |
---------------------------------------
bad
bad
bad
bad
bad
bad
bad
bad
bad
bad
bad
bad
bad
bad
bad
bad
bad
bad
bad
bad
bad
bad
bad
bad
bad
bad
bad
bad
bad
bad
bad
bad
bad
bad
bad
bad
bad
bad
bad
bad
bad
bad
bad
bad
bad
bad
bad
bad
bad
bad
bad
bad
---------------------------------------
|             Epoch |              27 |
|             EpRet |           -34.1 |
|         EpRealRet |           -34.1 |
|         TestEpRet |               0 |
|         AverageQ1 |             -50 |
|             StdQ1 |          0.0493 |
|             MaxQ1 |           -49.7 |
|             MinQ1 |           -50.3 |
|                Q2 |             -50 |
|       TestSuccess |               0 |
| TotalEnvInteracts |        5.62e+06 |
|         TotalTime |        1.09e+03 |
---------------------------------------
bad
bad
bad
bad
bad
bad
bad
bad
bad
bad
bad
bad
bad
bad
bad
bad
bad
bad
bad
bad
bad
bad
bad
bad
bad
bad
bad
bad
bad
bad
bad
bad
bad
bad
bad
bad
bad
bad
bad
bad
bad
bad
bad
bad
bad
bad
bad
bad
bad
bad
bad
bad
bad
bad
bad
---------------------------------------
|             Epoch |              28 |
|             EpRet |           -29.7 |
|         EpRealRet |           -29.7 |
|         TestEpRet |               0 |
|         AverageQ1 |             -50 |
|             StdQ1 |          0.0497 |
|             MaxQ1 |           -49.8 |
|             MinQ1 |           -50.3 |
|                Q2 |             -50 |
|       TestSuccess |               0 |
| TotalEnvInteracts |        5.82e+06 |
|         TotalTime |        1.13e+03 |
---------------------------------------
bad
bad
bad
bad
bad
bad
bad
bad
bad
bad
bad
bad
bad
bad
bad
bad
bad
bad
bad
bad
bad
bad
bad
bad
bad
bad
bad
bad
bad
bad
bad
bad
bad
bad
bad
bad
bad
bad
bad
bad
bad
bad
bad
bad
bad
bad
bad
bad
bad
bad
bad
bad
bad
---------------------------------------
|             Epoch |              29 |
|             EpRet |           -42.9 |
|         EpRealRet |           -42.9 |
|         TestEpRet |               0 |
|         AverageQ1 |             -50 |
|             StdQ1 |            0.05 |
|             MaxQ1 |           -48.7 |
|             MinQ1 |           -50.6 |
|                Q2 |             -50 |
|       TestSuccess |               0 |
| TotalEnvInteracts |        6.03e+06 |
|         TotalTime |        1.17e+03 |
---------------------------------------
bad
bad
bad
bad
bad
bad
bad
bad
bad
bad
bad
bad
bad
bad
bad
bad
bad
bad
bad
bad
bad
bad
bad
bad
bad
bad
bad
bad
bad
bad
bad
bad
bad
bad
bad
bad
bad
bad
bad
bad
bad
bad
bad
bad
bad
bad
bad
bad
bad
bad
bad
bad
bad
bad
bad
bad
bad
bad
---------------------------------------
|             Epoch |              30 |
|             EpRet |             -38 |
|         EpRealRet |             -38 |
|         TestEpRet |               0 |
|         AverageQ1 |             -50 |
|             StdQ1 |          0.0495 |
|             MaxQ1 |           -49.7 |
|             MinQ1 |           -50.3 |
|                Q2 |             -50 |
|       TestSuccess |               0 |
| TotalEnvInteracts |        6.23e+06 |
|         TotalTime |        1.21e+03 |
---------------------------------------
bad
bad
bad
bad
bad
bad
bad
bad
bad
bad
bad
bad
bad
bad
bad
bad
bad
bad
bad
bad
bad
bad
bad
bad
bad
bad
bad
bad
bad
bad
bad
bad
bad
bad
bad
bad
bad
bad
bad
bad
bad
bad
bad
bad
bad
bad
bad
bad
bad
bad
bad
bad
bad
---------------------------------------
|             Epoch |              31 |
|             EpRet |           -33.4 |
|         EpRealRet |           -33.4 |
|         TestEpRet |               0 |
|         AverageQ1 |             -50 |
|             StdQ1 |          0.0485 |
|             MaxQ1 |           -49.7 |
|             MinQ1 |           -50.4 |
|                Q2 |             -50 |
|       TestSuccess |               0 |
| TotalEnvInteracts |        6.43e+06 |
|         TotalTime |        1.25e+03 |
---------------------------------------
bad
bad
bad
bad
bad
bad
bad
bad
bad
bad
bad
bad
bad
bad
bad
bad
bad
bad
bad
bad
bad
bad
bad
bad
bad
bad
bad
bad
bad
bad
bad
bad
bad
bad
bad
bad
bad
bad
bad
bad
bad
bad
bad
bad
bad
bad
bad
bad
bad
bad
bad
bad
bad
---------------------------------------
|             Epoch |              32 |
|             EpRet |           -42.8 |
|         EpRealRet |           -42.8 |
|         TestEpRet |               0 |
|         AverageQ1 |             -50 |
|             StdQ1 |          0.0488 |
|             MaxQ1 |           -49.7 |
|             MinQ1 |           -50.3 |
|                Q2 |             -50 |
|       TestSuccess |               0 |
| TotalEnvInteracts |        6.63e+06 |
|         TotalTime |        1.29e+03 |
---------------------------------------
bad
bad
bad
bad
bad
bad
bad
bad
bad
bad
bad
bad
bad
bad
bad
bad
bad
bad
bad
bad
bad
bad
bad
bad
bad
bad
bad
bad
bad
bad
bad
bad
bad
bad
bad
bad
bad
bad
bad
bad
bad
bad
bad
bad
bad
bad
bad
bad
bad
---------------------------------------
|             Epoch |              33 |
|             EpRet |             -83 |
|         EpRealRet |             -83 |
|         TestEpRet |            -176 |
|         AverageQ1 |             -50 |
|             StdQ1 |          0.0484 |
|             MaxQ1 |           -49.7 |
|             MinQ1 |           -50.4 |
|                Q2 |             -50 |
|       TestSuccess |               0 |
| TotalEnvInteracts |        6.83e+06 |
|         TotalTime |        1.33e+03 |
---------------------------------------
bad
bad
bad
bad
bad
bad
bad
bad
bad
bad
bad
bad
bad
bad
bad
bad
bad
bad
bad
bad
bad
bad
bad
bad
bad
bad
bad
bad
bad
bad
bad
bad
bad
bad
bad
bad
bad
bad
---------------------------------------
|             Epoch |              34 |
|             EpRet |           -94.6 |
|         EpRealRet |           -94.6 |
|         TestEpRet |           -67.2 |
|         AverageQ1 |             -50 |
|             StdQ1 |          0.0485 |
|             MaxQ1 |           -49.7 |
|             MinQ1 |           -50.3 |
|                Q2 |             -50 |
|       TestSuccess |               0 |
| TotalEnvInteracts |        7.03e+06 |
|         TotalTime |        1.37e+03 |
---------------------------------------
bad
bad
bad
bad
bad
bad
bad
bad
bad
bad
bad
bad
bad
bad
bad
bad
bad
bad
bad
bad
bad
bad
bad
bad
bad
bad
bad
bad
bad
bad
bad
bad
bad
bad
bad
bad
bad
bad
bad
bad
bad
---------------------------------------
|             Epoch |              35 |
|             EpRet |           -93.2 |
|         EpRealRet |           -93.2 |
|         TestEpRet |           -68.6 |
|         AverageQ1 |             -50 |
|             StdQ1 |          0.0478 |
|             MaxQ1 |           -49.8 |
|             MinQ1 |           -50.3 |
|                Q2 |             -50 |
|       TestSuccess |               0 |
| TotalEnvInteracts |        7.23e+06 |
|         TotalTime |        1.41e+03 |
---------------------------------------
bad
bad
bad
bad
bad
bad
bad
bad
bad
bad
bad
bad
bad
bad
bad
bad
bad
bad
bad
bad
bad
bad
bad
bad
bad
bad
bad
bad
bad
bad
bad
bad
bad
bad
bad
bad
bad
bad
bad
bad
bad
bad
bad
---------------------------------------
|             Epoch |              36 |
|             EpRet |            -111 |
|         EpRealRet |            -111 |
|         TestEpRet |             -69 |
|         AverageQ1 |             -50 |
|             StdQ1 |           0.048 |
|             MaxQ1 |           -49.7 |
|             MinQ1 |           -50.3 |
|                Q2 |             -50 |
|       TestSuccess |               0 |
| TotalEnvInteracts |        7.43e+06 |
|         TotalTime |        1.45e+03 |
---------------------------------------
bad
bad
bad
bad
bad
bad
bad
bad
bad
bad
bad
bad
bad
bad
bad
bad
bad
bad
bad
bad
bad
bad
bad
bad
bad
bad
bad
bad
bad
bad
bad
bad
bad
bad
bad
bad
bad
bad
bad
bad
bad
bad
---------------------------------------
|             Epoch |              37 |
|             EpRet |            -118 |
|         EpRealRet |            -118 |
|         TestEpRet |            -104 |
|         AverageQ1 |             -50 |
|             StdQ1 |          0.0474 |
|             MaxQ1 |           -49.7 |
|             MinQ1 |           -50.4 |
|                Q2 |             -50 |
|       TestSuccess |               0 |
| TotalEnvInteracts |        7.63e+06 |
|         TotalTime |        1.49e+03 |
---------------------------------------
bad
bad
bad
bad
bad
bad
bad
bad
bad
bad
bad
bad
bad
bad
bad
bad
bad
bad
bad
bad
bad
bad
bad
bad
bad
bad
bad
bad
bad
---------------------------------------
|             Epoch |              38 |
|             EpRet |            -101 |
|         EpRealRet |            -101 |
|         TestEpRet |               0 |
|         AverageQ1 |             -50 |
|             StdQ1 |          0.0469 |
|             MaxQ1 |           -49.7 |
|             MinQ1 |           -50.2 |
|                Q2 |             -50 |
|       TestSuccess |               0 |
| TotalEnvInteracts |        7.83e+06 |
|         TotalTime |        1.53e+03 |
---------------------------------------
bad
bad
bad
bad
bad
bad
bad
bad
bad
bad
bad
bad
bad
bad
bad
bad
bad
bad
bad
bad
---------------------------------------
|             Epoch |              39 |
|             EpRet |           -69.8 |
|         EpRealRet |           -69.8 |
|         TestEpRet |               0 |
|         AverageQ1 |             -50 |
|             StdQ1 |          0.0479 |
|             MaxQ1 |           -49.7 |
|             MinQ1 |           -50.4 |
|                Q2 |             -50 |
|       TestSuccess |               0 |
| TotalEnvInteracts |        8.04e+06 |
|         TotalTime |        1.57e+03 |
---------------------------------------
bad
bad
bad
bad
bad
bad
bad
bad
bad
bad
bad
bad
bad
bad
bad
bad
bad
bad
bad
bad
bad
bad
---------------------------------------
|             Epoch |              40 |
|             EpRet |           -64.3 |
|         EpRealRet |           -64.3 |
|         TestEpRet |           -72.5 |
|         AverageQ1 |             -50 |
|             StdQ1 |          0.0459 |
|             MaxQ1 |           -49.7 |
|             MinQ1 |           -50.4 |
|                Q2 |             -50 |
|       TestSuccess |               0 |
| TotalEnvInteracts |        8.24e+06 |
|         TotalTime |         1.6e+03 |
---------------------------------------
bad
bad
bad
bad
bad
bad
bad
bad
bad
bad
bad
bad
bad
bad
bad
bad
bad
bad
bad
bad
bad
bad
bad
bad
bad
bad
bad
bad
bad
bad
bad
bad
bad
bad
bad
bad
bad
bad
bad
---------------------------------------
|             Epoch |              41 |
|             EpRet |           -89.4 |
|         EpRealRet |           -89.4 |
|         TestEpRet |            -107 |
|         AverageQ1 |             -50 |
|             StdQ1 |          0.0471 |
|             MaxQ1 |           -49.7 |
|             MinQ1 |           -50.4 |
|                Q2 |             -50 |
|       TestSuccess |               0 |
| TotalEnvInteracts |        8.44e+06 |
|         TotalTime |        1.64e+03 |
---------------------------------------
bad
bad
bad
bad
bad
bad
bad
bad
bad
bad
bad
bad
bad
bad
bad
bad
bad
bad
bad
bad
bad
bad
bad
bad
bad
bad
bad
bad
bad
bad
bad
bad
bad
bad
bad
bad
bad
bad
bad
bad
bad
bad
bad
bad
bad
---------------------------------------
|             Epoch |              42 |
|             EpRet |           -63.3 |
|         EpRealRet |           -63.3 |
|         TestEpRet |               0 |
|         AverageQ1 |             -50 |
|             StdQ1 |          0.0474 |
|             MaxQ1 |           -49.7 |
|             MinQ1 |           -50.2 |
|                Q2 |             -50 |
|       TestSuccess |               0 |
| TotalEnvInteracts |        8.64e+06 |
|         TotalTime |        1.68e+03 |
---------------------------------------
bad
bad
bad
bad
bad
bad
bad
bad
bad
bad
bad
bad
bad
bad
bad
bad
bad
bad
bad
bad
bad
bad
bad
bad
bad
bad
bad
bad
bad
bad
bad
bad
bad
bad
bad
bad
bad
bad
bad
bad
bad
bad
bad
bad
bad
bad
bad
bad
bad
bad
bad
bad
bad
bad
bad
---------------------------------------
|             Epoch |              43 |
|             EpRet |           -52.5 |
|         EpRealRet |           -52.5 |
|         TestEpRet |               0 |
|         AverageQ1 |             -50 |
|             StdQ1 |          0.0453 |
|             MaxQ1 |           -49.8 |
|             MinQ1 |           -50.3 |
|                Q2 |             -50 |
|       TestSuccess |               0 |
| TotalEnvInteracts |        8.84e+06 |
|         TotalTime |        1.72e+03 |
---------------------------------------
bad
bad
bad
bad
bad
bad
bad
bad
bad
bad
bad
bad
bad
bad
bad
bad
bad
bad
bad
bad
bad
bad
bad
bad
bad
bad
bad
bad
bad
bad
bad
bad
bad
bad
bad
bad
bad
bad
bad
bad
bad
bad
bad
bad
bad
bad
bad
bad
bad
bad
bad
bad
bad
bad
bad
---------------------------------------
|             Epoch |              44 |
|             EpRet |           -40.6 |
|         EpRealRet |           -40.6 |
|         TestEpRet |               0 |
|         AverageQ1 |             -50 |
|             StdQ1 |          0.0465 |
|             MaxQ1 |           -49.7 |
|             MinQ1 |           -50.3 |
|                Q2 |             -50 |
|       TestSuccess |               0 |
| TotalEnvInteracts |        9.04e+06 |
|         TotalTime |        1.76e+03 |
---------------------------------------
bad
bad
bad
bad
bad
bad
bad
bad
bad
bad
bad
bad
bad
bad
bad
bad
bad
bad
bad
bad
bad
bad
bad
bad
bad
bad
bad
bad
bad
bad
bad
bad
bad
bad
bad
bad
bad
bad
bad
bad
bad
bad
bad
bad
bad
bad
bad
bad
bad
bad
bad
bad
---------------------------------------
|             Epoch |              45 |
|             EpRet |           -44.8 |
|         EpRealRet |           -44.8 |
|         TestEpRet |               0 |
|         AverageQ1 |             -50 |
|             StdQ1 |           0.047 |
|             MaxQ1 |           -49.8 |
|             MinQ1 |           -50.2 |
|                Q2 |             -50 |
|       TestSuccess |               0 |
| TotalEnvInteracts |        9.24e+06 |
|         TotalTime |         1.8e+03 |
---------------------------------------
bad
bad
bad
bad
bad
bad
bad
bad
bad
bad
bad
bad
bad
bad
bad
bad
bad
bad
bad
bad
bad
bad
bad
bad
bad
bad
bad
bad
bad
bad
bad
bad
bad
bad
bad
bad
bad
bad
bad
bad
bad
bad
bad
bad
bad
bad
bad
bad
bad
bad
bad
bad
bad
bad
---------------------------------------
|             Epoch |              46 |
|             EpRet |           -35.6 |
|         EpRealRet |           -35.6 |
|         TestEpRet |               0 |
|         AverageQ1 |             -50 |
|             StdQ1 |          0.0457 |
|             MaxQ1 |           -49.7 |
|             MinQ1 |           -50.3 |
|                Q2 |             -50 |
|       TestSuccess |               0 |
| TotalEnvInteracts |        9.44e+06 |
|         TotalTime |        1.84e+03 |
---------------------------------------
bad
bad
bad
bad
bad
bad
bad
bad
bad
bad
bad
bad
bad
bad
bad
bad
bad
bad
bad
bad
bad
bad
bad
bad
bad
bad
bad
bad
bad
bad
bad
bad
bad
bad
bad
bad
bad
bad
bad
bad
bad
bad
bad
bad
bad
bad
bad
bad
bad
bad
bad
bad
bad
bad
bad
---------------------------------------
|             Epoch |              47 |
|             EpRet |             -40 |
|         EpRealRet |             -40 |
|         TestEpRet |               0 |
|         AverageQ1 |             -50 |
|             StdQ1 |           0.045 |
|             MaxQ1 |           -49.7 |
|             MinQ1 |           -50.3 |
|                Q2 |             -50 |
|       TestSuccess |               0 |
| TotalEnvInteracts |        9.64e+06 |
|         TotalTime |        1.89e+03 |
---------------------------------------
bad
bad
bad
bad
bad
