[36;1mSaving config:
[0m
{
    "args":	null,
    "env":	null,
    "exp_name":	"HER_mpi1_random_TD3Torch_PandaReach-v2",
    "logger":	null,
    "logger_kwargs":	{
        "exp_name":	"HER_mpi1_random_TD3Torch_PandaReach-v2",
        "output_dir":	"HER_DRLib_Torch_exps/2022-12-27_HER_mpi1_random_TD3Torch_PandaReach-v2/2022-12-27_16-56-48-HER_mpi1_random_TD3Torch_PandaReach-v2_s300"
    },
    "net":	null
}
bad
bad
bad
bad
bad
bad
---------------------------------------
|             Epoch |               0 |
|             EpRet |           -39.7 |
|         EpRealRet |           -39.7 |
|         TestEpRet |               0 |
|         AverageQ1 |             -48 |
|             StdQ1 |            7.37 |
|             MaxQ1 |          0.0113 |
|             MinQ1 |           -53.3 |
|                Q2 |           -47.9 |
|       TestSuccess |               0 |
| TotalEnvInteracts |        1.97e+05 |
|         TotalTime |            28.4 |
---------------------------------------
bad
bad
bad
bad
bad
bad
---------------------------------------
|             Epoch |               1 |
|             EpRet |           -32.6 |
|         EpRealRet |           -32.6 |
|         TestEpRet |               0 |
|         AverageQ1 |             -50 |
|             StdQ1 |          0.0312 |
|             MaxQ1 |           -49.3 |
|             MinQ1 |           -50.3 |
|                Q2 |             -50 |
|       TestSuccess |               0 |
| TotalEnvInteracts |        3.98e+05 |
|         TotalTime |            58.5 |
---------------------------------------
bad
bad
bad
bad
bad
bad
---------------------------------------
|             Epoch |               2 |
|             EpRet |           -29.1 |
|         EpRealRet |           -29.1 |
|         TestEpRet |               0 |
|         AverageQ1 |             -50 |
|             StdQ1 |          0.0279 |
|             MaxQ1 |           -49.7 |
|             MinQ1 |           -50.2 |
|                Q2 |             -50 |
|       TestSuccess |               0 |
| TotalEnvInteracts |        5.99e+05 |
|         TotalTime |            90.3 |
---------------------------------------
bad
bad
bad
bad
bad
---------------------------------------
|             Epoch |               3 |
|             EpRet |             -27 |
|         EpRealRet |             -27 |
|         TestEpRet |               0 |
|         AverageQ1 |             -50 |
|             StdQ1 |          0.0538 |
|             MaxQ1 |           -49.4 |
|             MinQ1 |           -50.5 |
|                Q2 |             -50 |
|       TestSuccess |               0 |
| TotalEnvInteracts |           8e+05 |
|         TotalTime |             123 |
---------------------------------------
bad
bad
right
bad
---------------------------------------
|             Epoch |               4 |
|             EpRet |           -27.6 |
|         EpRealRet |           -27.6 |
|         TestEpRet |               0 |
|         AverageQ1 |             -50 |
|             StdQ1 |           0.188 |
|             MaxQ1 |           -44.7 |
|             MinQ1 |           -51.5 |
|                Q2 |             -50 |
|       TestSuccess |               0 |
| TotalEnvInteracts |           1e+06 |
|         TotalTime |             157 |
---------------------------------------
bad
bad
right
bad
bad
bad
bad
bad
bad
bad
bad
bad
bad
bad
bad
bad
bad
bad
bad
bad
right
right
bad
bad
bad
right
right
right
right
right
right
right
right
right
right
right
---------------------------------------
|             Epoch |               5 |
|             EpRet |            -101 |
|         EpRealRet |            -101 |
|         TestEpRet |               0 |
|         AverageQ1 |             -50 |
|             StdQ1 |           0.386 |
|             MaxQ1 |           -39.3 |
|             MinQ1 |             -53 |
|                Q2 |             -50 |
|       TestSuccess |               0 |
| TotalEnvInteracts |         1.2e+06 |
|         TotalTime |             192 |
---------------------------------------
bad
bad
right
bad
bad
right
bad
bad
bad
right
bad
right
right
bad
bad
right
bad
bad
bad
bad
bad
bad
right
right
bad
right
bad
bad
bad
right
bad
bad
right
bad
right
bad
bad
right
right
right
right
right
right
right
right
right
right
---------------------------------------
|             Epoch |               6 |
|             EpRet |           -20.4 |
|         EpRealRet |           -20.4 |
|         TestEpRet |               0 |
|         AverageQ1 |           -49.5 |
|             StdQ1 |            1.89 |
|             MaxQ1 |           -22.5 |
|             MinQ1 |           -53.6 |
|                Q2 |           -49.5 |
|       TestSuccess |               0 |
| TotalEnvInteracts |         1.4e+06 |
|         TotalTime |             227 |
---------------------------------------
bad
bad
bad
bad
bad
bad
bad
bad
right
right
bad
right
bad
right
bad
bad
bad
bad
bad
bad
bad
bad
bad
bad
bad
right
bad
right
right
bad
bad
right
bad
right
right
right
right
right
right
right
right
right
right
---------------------------------------
|             Epoch |               7 |
|             EpRet |           -19.9 |
|         EpRealRet |           -19.9 |
|         TestEpRet |               0 |
|         AverageQ1 |             -39 |
|             StdQ1 |            12.2 |
|             MaxQ1 |            4.63 |
|             MinQ1 |           -58.2 |
|                Q2 |             -39 |
|       TestSuccess |               0 |
| TotalEnvInteracts |         1.6e+06 |
|         TotalTime |             263 |
---------------------------------------
bad
bad
bad
bad
bad
bad
right
right
bad
right
right
bad
bad
bad
bad
bad
bad
bad
bad
bad
bad
bad
bad
bad
bad
right
bad
bad
bad
bad
right
right
right
right
bad
right
right
right
right
right
right
right
right
right
right
---------------------------------------
|             Epoch |               8 |
|             EpRet |           -23.9 |
|         EpRealRet |           -23.9 |
|         TestEpRet |               0 |
|         AverageQ1 |           -33.4 |
|             StdQ1 |              14 |
|             MaxQ1 |            13.2 |
|             MinQ1 |           -58.6 |
|                Q2 |           -33.4 |
|       TestSuccess |               0 |
| TotalEnvInteracts |         1.8e+06 |
|         TotalTime |             299 |
---------------------------------------
bad
bad
right
bad
bad
right
bad
bad
right
bad
bad
bad
bad
right
bad
bad
bad
bad
bad
bad
bad
right
bad
bad
bad
right
bad
bad
bad
bad
bad
right
right
right
right
right
right
right
right
right
right
right
---------------------------------------
|             Epoch |               9 |
|             EpRet |           -27.2 |
|         EpRealRet |           -27.2 |
|         TestEpRet |               0 |
|         AverageQ1 |           -35.2 |
|             StdQ1 |            13.7 |
|             MaxQ1 |               3 |
|             MinQ1 |           -58.9 |
|                Q2 |           -35.2 |
|       TestSuccess |               0 |
| TotalEnvInteracts |        2.01e+06 |
|         TotalTime |             336 |
---------------------------------------
right
bad
bad
right
bad
bad
bad
bad
bad
bad
bad
right
bad
bad
bad
bad
bad
bad
bad
bad
right
bad
bad
bad
bad
bad
bad
right
bad
right
bad
bad
bad
right
right
right
right
right
right
right
right
right
right
---------------------------------------
|             Epoch |              10 |
|             EpRet |           -25.4 |
|         EpRealRet |           -25.4 |
|         TestEpRet |               0 |
|         AverageQ1 |           -38.7 |
|             StdQ1 |            12.4 |
|             MaxQ1 |             -13 |
|             MinQ1 |           -58.2 |
|                Q2 |           -38.7 |
|       TestSuccess |               0 |
| TotalEnvInteracts |        2.21e+06 |
|         TotalTime |             374 |
---------------------------------------
bad
bad
bad
bad
bad
bad
bad
bad
right
bad
bad
right
bad
bad
bad
bad
bad
bad
bad
bad
right
bad
bad
bad
right
bad
bad
right
bad
right
right
bad
bad
right
right
right
right
right
right
right
right
right
right
---------------------------------------
|             Epoch |              11 |
|             EpRet |           -27.1 |
|         EpRealRet |           -27.1 |
|         TestEpRet |               0 |
|         AverageQ1 |           -39.2 |
|             StdQ1 |            11.7 |
|             MaxQ1 |           -12.4 |
|             MinQ1 |           -57.4 |
|                Q2 |           -39.2 |
|       TestSuccess |               0 |
| TotalEnvInteracts |        2.41e+06 |
|         TotalTime |             413 |
---------------------------------------
bad
bad
right
bad
right
bad
bad
bad
right
right
right
bad
bad
bad
right
bad
bad
bad
bad
bad
bad
bad
bad
bad
right
bad
bad
right
right
bad
bad
right
bad
right
right
right
right
right
right
right
right
right
right
---------------------------------------
|             Epoch |              12 |
|             EpRet |             -23 |
|         EpRealRet |             -23 |
|         TestEpRet |               0 |
|         AverageQ1 |           -38.8 |
|             StdQ1 |            11.6 |
|             MaxQ1 |           -10.5 |
|             MinQ1 |           -57.3 |
|                Q2 |           -38.8 |
|       TestSuccess |               0 |
| TotalEnvInteracts |        2.61e+06 |
|         TotalTime |             452 |
---------------------------------------
bad
right
right
bad
right
bad
bad
bad
bad
bad
bad
bad
right
bad
bad
bad
bad
bad
bad
bad
bad
right
right
bad
right
bad
bad
bad
bad
bad
right
bad
bad
bad
right
right
right
right
right
right
right
right
right
right
---------------------------------------
|             Epoch |              13 |
|             EpRet |           -22.6 |
|         EpRealRet |           -22.6 |
|         TestEpRet |               0 |
|         AverageQ1 |           -38.1 |
|             StdQ1 |              12 |
|             MaxQ1 |            -7.8 |
|             MinQ1 |           -57.9 |
|                Q2 |           -38.1 |
|       TestSuccess |               0 |
| TotalEnvInteracts |        2.81e+06 |
|         TotalTime |             491 |
---------------------------------------
bad
right
bad
right
bad
right
bad
right
bad
right
bad
bad
right
right
right
bad
bad
bad
right
bad
right
bad
bad
bad
bad
bad
bad
bad
bad
bad
bad
bad
bad
bad
bad
right
right
right
right
right
right
right
right
right
right
---------------------------------------
|             Epoch |              14 |
|             EpRet |           -22.8 |
|         EpRealRet |           -22.8 |
|         TestEpRet |               0 |
|         AverageQ1 |           -37.7 |
|             StdQ1 |            12.2 |
|             MaxQ1 |           -6.62 |
|             MinQ1 |           -57.3 |
|                Q2 |           -37.7 |
|       TestSuccess |               0 |
| TotalEnvInteracts |        3.01e+06 |
|         TotalTime |             530 |
---------------------------------------
bad
bad
right
right
bad
right
bad
bad
bad
bad
bad
bad
bad
right
right
bad
bad
bad
bad
bad
bad
bad
bad
right
bad
right
bad
right
bad
bad
right
right
right
right
right
right
right
right
right
right
---------------------------------------
|             Epoch |              15 |
|             EpRet |           -23.9 |
|         EpRealRet |           -23.9 |
|         TestEpRet |               0 |
|         AverageQ1 |           -37.4 |
|             StdQ1 |            12.4 |
|             MaxQ1 |           -5.99 |
|             MinQ1 |           -56.4 |
|                Q2 |           -37.4 |
|       TestSuccess |               0 |
| TotalEnvInteracts |        3.21e+06 |
|         TotalTime |             570 |
---------------------------------------
bad
bad
bad
bad
bad
right
bad
bad
bad
bad
right
bad
bad
right
bad
bad
bad
bad
right
bad
bad
right
bad
bad
right
bad
bad
bad
bad
bad
bad
right
right
bad
bad
bad
right
right
right
right
right
right
right
right
right
right
---------------------------------------
|             Epoch |              16 |
|             EpRet |             -26 |
|         EpRealRet |             -26 |
|         TestEpRet |               0 |
|         AverageQ1 |           -37.2 |
|             StdQ1 |            12.5 |
|             MaxQ1 |           -6.74 |
|             MinQ1 |           -55.8 |
|                Q2 |           -37.2 |
|       TestSuccess |               0 |
| TotalEnvInteracts |        3.41e+06 |
|         TotalTime |             611 |
---------------------------------------
bad
bad
bad
bad
right
bad
right
bad
bad
right
bad
right
bad
bad
bad
bad
bad
bad
bad
bad
bad
bad
right
bad
bad
bad
right
bad
bad
right
bad
right
bad
right
right
right
right
right
right
right
right
right
right
---------------------------------------
|             Epoch |              17 |
|             EpRet |           -24.7 |
|         EpRealRet |           -24.7 |
|         TestEpRet |               0 |
|         AverageQ1 |           -37.1 |
|             StdQ1 |            12.6 |
|             MaxQ1 |           -7.18 |
|             MinQ1 |           -56.7 |
|                Q2 |           -37.1 |
|       TestSuccess |               0 |
| TotalEnvInteracts |        3.61e+06 |
|         TotalTime |             652 |
---------------------------------------
right
bad
right
right
bad
bad
right
bad
bad
right
bad
bad
bad
right
bad
right
right
bad
right
right
bad
bad
bad
bad
bad
right
bad
bad
bad
bad
bad
bad
bad
right
bad
right
right
right
right
right
right
right
right
right
right
---------------------------------------
|             Epoch |              18 |
|             EpRet |             -20 |
|         EpRealRet |             -20 |
|         TestEpRet |               0 |
|         AverageQ1 |           -36.2 |
|             StdQ1 |            13.1 |
|             MaxQ1 |           -6.44 |
|             MinQ1 |             -57 |
|                Q2 |           -36.2 |
|       TestSuccess |               0 |
| TotalEnvInteracts |        3.81e+06 |
|         TotalTime |             691 |
---------------------------------------
bad
bad
bad
bad
bad
right
bad
bad
bad
bad
bad
bad
right
bad
bad
bad
bad
bad
right
bad
bad
bad
bad
bad
bad
right
bad
bad
bad
bad
right
right
right
right
right
right
right
right
right
right
right
right
---------------------------------------
|             Epoch |              19 |
|             EpRet |           -26.4 |
|         EpRealRet |           -26.4 |
|         TestEpRet |               0 |
|         AverageQ1 |           -35.6 |
|             StdQ1 |            13.4 |
|             MaxQ1 |           -5.39 |
|             MinQ1 |           -56.4 |
|                Q2 |           -35.6 |
|       TestSuccess |               0 |
| TotalEnvInteracts |        4.02e+06 |
|         TotalTime |             731 |
---------------------------------------
bad
bad
bad
bad
bad
bad
right
bad
bad
bad
bad
right
bad
bad
right
right
bad
right
right
bad
bad
bad
bad
bad
bad
bad
bad
bad
right
bad
bad
right
right
right
right
right
right
right
right
right
right
---------------------------------------
|             Epoch |              20 |
|             EpRet |           -24.6 |
|         EpRealRet |           -24.6 |
|         TestEpRet |               0 |
|         AverageQ1 |           -35.2 |
|             StdQ1 |            13.7 |
|             MaxQ1 |           -4.25 |
|             MinQ1 |           -56.6 |
|                Q2 |           -35.2 |
|       TestSuccess |               0 |
| TotalEnvInteracts |        4.22e+06 |
|         TotalTime |             771 |
---------------------------------------
bad
right
bad
bad
bad
bad
right
right
right
right
bad
bad
bad
bad
bad
bad
bad
right
right
right
right
bad
bad
right
bad
bad
bad
right
bad
bad
right
bad
bad
bad
bad
bad
right
bad
right
right
right
right
right
right
right
right
right
right
---------------------------------------
|             Epoch |              21 |
|             EpRet |           -23.1 |
|         EpRealRet |           -23.1 |
|         TestEpRet |               0 |
|         AverageQ1 |           -35.7 |
|             StdQ1 |            13.4 |
|             MaxQ1 |           -5.31 |
|             MinQ1 |           -56.6 |
|                Q2 |           -35.7 |
|       TestSuccess |               0 |
| TotalEnvInteracts |        4.42e+06 |
|         TotalTime |             811 |
---------------------------------------
bad
bad
bad
bad
right
bad
right
right
bad
bad
bad
bad
right
bad
bad
bad
bad
bad
right
right
bad
right
bad
right
bad
right
bad
bad
right
bad
bad
right
right
right
right
right
right
right
right
right
right
---------------------------------------
|             Epoch |              22 |
|             EpRet |             -25 |
|         EpRealRet |             -25 |
|         TestEpRet |               0 |
|         AverageQ1 |           -35.5 |
|             StdQ1 |            13.5 |
|             MaxQ1 |           -4.85 |
|             MinQ1 |           -57.4 |
|                Q2 |           -35.6 |
|       TestSuccess |               0 |
| TotalEnvInteracts |        4.62e+06 |
|         TotalTime |             850 |
---------------------------------------
bad
bad
right
bad
bad
bad
bad
bad
bad
bad
bad
right
bad
bad
bad
bad
bad
bad
bad
bad
bad
bad
bad
right
bad
bad
bad
bad
bad
bad
right
right
bad
bad
right
right
right
right
right
right
right
right
right
right
---------------------------------------
|             Epoch |              23 |
|             EpRet |           -27.1 |
|         EpRealRet |           -27.1 |
|         TestEpRet |               0 |
|         AverageQ1 |           -35.4 |
|             StdQ1 |            13.7 |
|             MaxQ1 |           -4.67 |
|             MinQ1 |           -56.2 |
|                Q2 |           -35.4 |
|       TestSuccess |               0 |
| TotalEnvInteracts |        4.82e+06 |
|         TotalTime |             889 |
---------------------------------------
bad
bad
right
right
bad
bad
bad
bad
bad
bad
bad
bad
right
bad
bad
bad
right
bad
bad
bad
right
bad
bad
right
bad
bad
bad
bad
bad
bad
bad
bad
bad
bad
right
right
right
right
right
right
right
right
right
right
---------------------------------------
|             Epoch |              24 |
|             EpRet |           -22.7 |
|         EpRealRet |           -22.7 |
|         TestEpRet |               0 |
|         AverageQ1 |           -35.8 |
|             StdQ1 |            13.4 |
|             MaxQ1 |            -5.4 |
|             MinQ1 |           -55.4 |
|                Q2 |           -35.8 |
|       TestSuccess |               0 |
| TotalEnvInteracts |        5.02e+06 |
|         TotalTime |             929 |
---------------------------------------
right
right
bad
right
bad
bad
bad
right
right
right
bad
bad
right
bad
bad
right
right
bad
bad
bad
right
right
bad
bad
bad
right
right
right
bad
right
bad
bad
right
bad
right
bad
right
right
right
right
right
right
right
right
right
right
---------------------------------------
|             Epoch |              25 |
|             EpRet |           -17.8 |
|         EpRealRet |           -17.8 |
|         TestEpRet |               0 |
|         AverageQ1 |           -35.9 |
|             StdQ1 |            13.4 |
|             MaxQ1 |           -5.57 |
|             MinQ1 |           -56.6 |
|                Q2 |           -35.9 |
|       TestSuccess |               0 |
| TotalEnvInteracts |        5.22e+06 |
|         TotalTime |             969 |
---------------------------------------
right
bad
bad
right
bad
bad
right
bad
bad
bad
right
bad
bad
bad
right
bad
bad
right
bad
bad
bad
right
bad
right
bad
bad
bad
bad
bad
right
bad
bad
bad
right
bad
bad
right
right
right
right
right
right
right
right
right
right
---------------------------------------
|             Epoch |              26 |
|             EpRet |           -21.6 |
|         EpRealRet |           -21.6 |
|         TestEpRet |               0 |
|         AverageQ1 |           -36.7 |
|             StdQ1 |              13 |
|             MaxQ1 |           -5.95 |
|             MinQ1 |           -56.8 |
|                Q2 |           -36.7 |
|       TestSuccess |               0 |
| TotalEnvInteracts |        5.42e+06 |
|         TotalTime |        1.01e+03 |
---------------------------------------
bad
bad
bad
bad
bad
bad
bad
right
bad
bad
bad
bad
bad
right
right
bad
bad
bad
bad
bad
right
bad
bad
bad
bad
bad
bad
right
bad
right
bad
right
bad
right
right
right
right
right
right
right
right
right
right
---------------------------------------
|             Epoch |              27 |
|             EpRet |           -27.8 |
|         EpRealRet |           -27.8 |
|         TestEpRet |               0 |
|         AverageQ1 |           -38.4 |
|             StdQ1 |            12.1 |
|             MaxQ1 |           -8.84 |
|             MinQ1 |           -54.7 |
|                Q2 |           -38.4 |
|       TestSuccess |               0 |
| TotalEnvInteracts |        5.62e+06 |
|         TotalTime |        1.05e+03 |
---------------------------------------
bad
bad
right
bad
bad
bad
bad
bad
bad
bad
right
bad
right
right
right
bad
bad
bad
bad
bad
bad
bad
bad
right
bad
bad
right
right
bad
bad
right
bad
bad
bad
bad
right
right
right
right
right
right
right
right
right
right
---------------------------------------
|             Epoch |              28 |
|             EpRet |           -26.2 |
|         EpRealRet |           -26.2 |
|         TestEpRet |               0 |
|         AverageQ1 |           -40.1 |
|             StdQ1 |            11.1 |
|             MaxQ1 |           -12.4 |
|             MinQ1 |           -54.9 |
|                Q2 |           -40.1 |
|       TestSuccess |               0 |
| TotalEnvInteracts |        5.82e+06 |
|         TotalTime |        1.09e+03 |
---------------------------------------
bad
bad
bad
bad
bad
bad
right
bad
bad
bad
bad
bad
bad
right
bad
right
bad
right
bad
bad
bad
right
bad
bad
right
right
bad
bad
right
bad
right
right
right
right
right
right
right
right
right
right
---------------------------------------
|             Epoch |              29 |
|             EpRet |           -22.3 |
|         EpRealRet |           -22.3 |
|         TestEpRet |               0 |
|         AverageQ1 |           -41.6 |
|             StdQ1 |              10 |
|             MaxQ1 |           -15.1 |
|             MinQ1 |           -57.2 |
|                Q2 |           -41.6 |
|       TestSuccess |               0 |
| TotalEnvInteracts |        6.03e+06 |
|         TotalTime |        1.13e+03 |
---------------------------------------
bad
bad
right
bad
bad
bad
bad
bad
right
bad
bad
bad
bad
bad
right
bad
bad
right
bad
bad
bad
bad
bad
right
bad
bad
bad
right
bad
right
right
bad
right
bad
right
right
right
right
right
right
right
right
right
right
---------------------------------------
|             Epoch |              30 |
|             EpRet |           -20.7 |
|         EpRealRet |           -20.7 |
|         TestEpRet |               0 |
|         AverageQ1 |             -43 |
|             StdQ1 |            8.97 |
|             MaxQ1 |           -18.8 |
|             MinQ1 |           -54.9 |
|                Q2 |             -43 |
|       TestSuccess |               0 |
| TotalEnvInteracts |        6.23e+06 |
|         TotalTime |        1.17e+03 |
---------------------------------------
bad
bad
bad
bad
right
bad
right
bad
bad
right
right
right
right
bad
bad
right
right
bad
bad
bad
bad
right
bad
bad
bad
bad
bad
bad
right
bad
right
bad
right
bad
bad
bad
right
bad
right
right
right
right
right
right
right
right
right
right
right
---------------------------------------
|             Epoch |              31 |
|             EpRet |           -21.3 |
|         EpRealRet |           -21.3 |
|         TestEpRet |               0 |
|         AverageQ1 |           -43.9 |
|             StdQ1 |            8.27 |
|             MaxQ1 |           -20.7 |
|             MinQ1 |             -54 |
|                Q2 |           -43.9 |
|       TestSuccess |               0 |
| TotalEnvInteracts |        6.43e+06 |
|         TotalTime |        1.21e+03 |
---------------------------------------
bad
bad
bad
bad
bad
bad
bad
bad
bad
right
bad
bad
bad
bad
right
bad
bad
bad
bad
bad
right
right
bad
right
bad
bad
bad
bad
bad
right
right
right
right
right
right
right
right
right
right
right
---------------------------------------
|             Epoch |              32 |
|             EpRet |           -26.3 |
|         EpRealRet |           -26.3 |
|         TestEpRet |               0 |
|         AverageQ1 |           -44.7 |
|             StdQ1 |            7.66 |
|             MaxQ1 |           -22.4 |
|             MinQ1 |           -53.8 |
|                Q2 |           -44.7 |
|       TestSuccess |               0 |
| TotalEnvInteracts |        6.63e+06 |
|         TotalTime |        1.25e+03 |
---------------------------------------
bad
bad
right
bad
bad
right
right
bad
bad
bad
bad
bad
right
right
right
bad
right
right
bad
bad
bad
bad
bad
right
bad
bad
right
bad
right
bad
right
right
right
right
right
right
right
right
right
right
right
---------------------------------------
|             Epoch |              33 |
|             EpRet |           -21.7 |
|         EpRealRet |           -21.7 |
|         TestEpRet |               0 |
|         AverageQ1 |           -45.7 |
|             StdQ1 |            6.78 |
|             MaxQ1 |           -24.7 |
|             MinQ1 |           -53.6 |
|                Q2 |           -45.7 |
|       TestSuccess |               0 |
| TotalEnvInteracts |        6.83e+06 |
|         TotalTime |        1.29e+03 |
---------------------------------------
bad
bad
bad
right
bad
right
bad
right
right
right
right
right
bad
bad
bad
bad
bad
bad
bad
right
bad
bad
bad
bad
bad
bad
bad
bad
bad
bad
bad
right
right
right
right
right
right
right
right
right
right
right
---------------------------------------
|             Epoch |              34 |
|             EpRet |           -23.7 |
|         EpRealRet |           -23.7 |
|         TestEpRet |               0 |
|         AverageQ1 |             -46 |
|             StdQ1 |            6.47 |
|             MaxQ1 |             -25 |
|             MinQ1 |           -59.2 |
|                Q2 |             -46 |
|       TestSuccess |               0 |
| TotalEnvInteracts |        7.03e+06 |
|         TotalTime |        1.33e+03 |
---------------------------------------
bad
right
right
bad
bad
bad
right
bad
bad
bad
right
bad
bad
bad
bad
bad
right
right
bad
bad
bad
bad
bad
bad
right
bad
bad
right
right
right
right
right
right
right
right
right
right
---------------------------------------
|             Epoch |              35 |
|             EpRet |           -26.1 |
|         EpRealRet |           -26.1 |
|         TestEpRet |               0 |
|         AverageQ1 |           -46.4 |
|             StdQ1 |            6.03 |
|             MaxQ1 |             -26 |
|             MinQ1 |           -56.1 |
|                Q2 |           -46.5 |
|       TestSuccess |               0 |
| TotalEnvInteracts |        7.23e+06 |
|         TotalTime |        1.37e+03 |
---------------------------------------
bad
bad
right
bad
bad
right
bad
right
bad
bad
bad
bad
right
bad
bad
bad
right
bad
bad
bad
bad
right
bad
bad
bad
right
bad
bad
bad
right
bad
right
bad
bad
right
bad
right
right
right
right
right
right
right
right
right
right
---------------------------------------
|             Epoch |              36 |
|             EpRet |           -26.3 |
|         EpRealRet |           -26.3 |
|         TestEpRet |               0 |
|         AverageQ1 |           -46.6 |
|             StdQ1 |            5.96 |
|             MaxQ1 |           -22.9 |
|             MinQ1 |           -55.6 |
|                Q2 |           -46.6 |
|       TestSuccess |               0 |
| TotalEnvInteracts |        7.43e+06 |
|         TotalTime |        1.41e+03 |
---------------------------------------
bad
bad
right
bad
bad
bad
bad
right
right
bad
bad
bad
bad
bad
bad
right
right
bad
right
bad
right
bad
bad
bad
right
bad
bad
bad
bad
right
right
bad
right
right
right
right
right
right
right
right
right
right
---------------------------------------
|             Epoch |              37 |
|             EpRet |           -22.1 |
|         EpRealRet |           -22.1 |
|         TestEpRet |               0 |
|         AverageQ1 |           -46.7 |
|             StdQ1 |            5.94 |
|             MaxQ1 |             -23 |
|             MinQ1 |           -54.8 |
|                Q2 |           -46.7 |
|       TestSuccess |               0 |
| TotalEnvInteracts |        7.63e+06 |
|         TotalTime |        1.45e+03 |
---------------------------------------
right
bad
bad
bad
bad
bad
bad
bad
bad
bad
bad
bad
bad
right
bad
bad
bad
bad
bad
bad
right
bad
bad
bad
bad
right
bad
bad
bad
bad
bad
right
right
right
right
right
right
right
right
right
right
---------------------------------------
|             Epoch |              38 |
|             EpRet |           -25.8 |
|         EpRealRet |           -25.8 |
|         TestEpRet |               0 |
|         AverageQ1 |           -46.6 |
|             StdQ1 |            6.18 |
|             MaxQ1 |           -25.6 |
|             MinQ1 |           -54.6 |
|                Q2 |           -46.6 |
|       TestSuccess |               0 |
| TotalEnvInteracts |        7.83e+06 |
|         TotalTime |        1.49e+03 |
---------------------------------------
bad
bad
right
bad
right
bad
right
bad
bad
bad
bad
bad
bad
bad
bad
bad
bad
bad
bad
bad
bad
bad
bad
bad
bad
bad
bad
bad
bad
bad
bad
bad
bad
right
bad
bad
bad
right
bad
right
right
right
right
right
right
right
right
right
right
---------------------------------------
|             Epoch |              39 |
|             EpRet |           -28.3 |
|         EpRealRet |           -28.3 |
|         TestEpRet |               0 |
|         AverageQ1 |           -46.6 |
|             StdQ1 |            6.36 |
|             MaxQ1 |           -23.1 |
|             MinQ1 |           -54.3 |
|                Q2 |           -46.6 |
|       TestSuccess |               0 |
| TotalEnvInteracts |        8.04e+06 |
|         TotalTime |        1.53e+03 |
---------------------------------------
right
right
bad
bad
bad
bad
bad
bad
bad
right
bad
right
bad
bad
bad
bad
right
right
bad
bad
bad
right
bad
bad
right
bad
bad
bad
bad
right
right
right
right
right
right
right
right
right
right
---------------------------------------
|             Epoch |              40 |
|             EpRet |           -26.8 |
|         EpRealRet |           -26.8 |
|         TestEpRet |               0 |
|         AverageQ1 |           -46.8 |
|             StdQ1 |            6.24 |
|             MaxQ1 |             -26 |
|             MinQ1 |           -54.1 |
|                Q2 |           -46.8 |
|       TestSuccess |               0 |
| TotalEnvInteracts |        8.24e+06 |
|         TotalTime |        1.57e+03 |
---------------------------------------
bad
bad
right
bad
right
bad
right
right
right
right
bad
bad
bad
bad
bad
bad
right
right
bad
right
bad
bad
bad
bad
bad
right
bad
right
bad
bad
bad
bad
bad
right
bad
bad
right
right
right
right
right
right
right
right
right
right
---------------------------------------
|             Epoch |              41 |
|             EpRet |           -21.6 |
|         EpRealRet |           -21.6 |
|         TestEpRet |               0 |
|         AverageQ1 |           -47.2 |
|             StdQ1 |            5.75 |
|             MaxQ1 |           -27.5 |
|             MinQ1 |           -54.1 |
|                Q2 |           -47.2 |
|       TestSuccess |               0 |
| TotalEnvInteracts |        8.44e+06 |
|         TotalTime |        1.61e+03 |
---------------------------------------
bad
bad
bad
bad
bad
bad
right
right
bad
bad
bad
bad
right
bad
bad
bad
bad
bad
bad
bad
bad
bad
bad
bad
bad
right
right
bad
bad
bad
bad
bad
right
bad
bad
right
right
right
right
right
right
right
right
right
right
right
---------------------------------------
|             Epoch |              42 |
|             EpRet |           -26.9 |
|         EpRealRet |           -26.9 |
|         TestEpRet |               0 |
|         AverageQ1 |           -47.4 |
|             StdQ1 |            5.52 |
|             MaxQ1 |           -27.8 |
|             MinQ1 |           -54.4 |
|                Q2 |           -47.4 |
|       TestSuccess |               0 |
| TotalEnvInteracts |        8.64e+06 |
|         TotalTime |        1.65e+03 |
---------------------------------------
bad
bad
bad
right
bad
bad
bad
bad
right
right
bad
bad
right
bad
bad
bad
bad
right
bad
right
right
bad
bad
bad
right
bad
bad
right
bad
bad
bad
right
right
bad
right
right
right
right
right
right
right
right
right
right
---------------------------------------
|             Epoch |              43 |
|             EpRet |           -19.6 |
|         EpRealRet |           -19.6 |
|         TestEpRet |               0 |
|         AverageQ1 |           -47.5 |
|             StdQ1 |            5.41 |
|             MaxQ1 |           -28.4 |
|             MinQ1 |           -56.4 |
|                Q2 |           -47.5 |
|       TestSuccess |               0 |
| TotalEnvInteracts |        8.84e+06 |
|         TotalTime |        1.69e+03 |
---------------------------------------
bad
right
bad
right
bad
bad
right
bad
right
bad
bad
bad
bad
bad
right
bad
bad
bad
bad
right
bad
bad
right
right
bad
bad
bad
bad
right
right
right
right
right
right
right
right
right
right
---------------------------------------
|             Epoch |              44 |
|             EpRet |           -25.4 |
|         EpRealRet |           -25.4 |
|         TestEpRet |               0 |
|         AverageQ1 |           -47.6 |
|             StdQ1 |            5.36 |
|             MaxQ1 |           -27.5 |
|             MinQ1 |             -55 |
|                Q2 |           -47.6 |
|       TestSuccess |               0 |
| TotalEnvInteracts |        9.04e+06 |
|         TotalTime |        1.73e+03 |
---------------------------------------
bad
right
bad
right
right
bad
bad
bad
bad
bad
right
bad
right
right
bad
bad
bad
bad
bad
bad
bad
bad
bad
bad
bad
bad
bad
bad
right
right
bad
right
bad
right
bad
right
right
right
right
right
right
right
right
right
right
---------------------------------------
|             Epoch |              45 |
|             EpRet |           -28.9 |
|         EpRealRet |           -28.9 |
|         TestEpRet |               0 |
|         AverageQ1 |           -47.6 |
|             StdQ1 |            5.28 |
|             MaxQ1 |           -27.2 |
|             MinQ1 |           -56.1 |
|                Q2 |           -47.6 |
|       TestSuccess |               0 |
| TotalEnvInteracts |        9.24e+06 |
|         TotalTime |        1.77e+03 |
---------------------------------------
bad
bad
bad
bad
bad
bad
bad
bad
bad
bad
bad
right
right
bad
bad
bad
bad
right
bad
bad
bad
right
bad
right
right
bad
bad
bad
bad
right
bad
right
right
right
right
right
right
right
right
right
right
right
right
---------------------------------------
|             Epoch |              46 |
|             EpRet |           -22.2 |
|         EpRealRet |           -22.2 |
|         TestEpRet |               0 |
|         AverageQ1 |           -47.7 |
|             StdQ1 |            5.22 |
|             MaxQ1 |           -27.9 |
|             MinQ1 |             -55 |
|                Q2 |           -47.7 |
|       TestSuccess |               0 |
| TotalEnvInteracts |        9.44e+06 |
|         TotalTime |        1.81e+03 |
---------------------------------------
bad
bad
right
bad
right
bad
bad
right
bad
right
bad
bad
right
right
bad
right
right
bad
bad
right
bad
bad
bad
right
bad
bad
right
bad
bad
right
bad
bad
bad
bad
bad
right
right
right
right
right
right
right
right
right
right
---------------------------------------
|             Epoch |              47 |
|             EpRet |           -23.9 |
|         EpRealRet |           -23.9 |
|         TestEpRet |               0 |
|         AverageQ1 |           -47.8 |
|             StdQ1 |            5.06 |
|             MaxQ1 |           -28.4 |
|             MinQ1 |           -56.7 |
|                Q2 |           -47.8 |
|       TestSuccess |               0 |
| TotalEnvInteracts |        9.64e+06 |
|         TotalTime |        1.85e+03 |
---------------------------------------
right
bad
bad
bad
right
right
bad
bad
right
bad
bad
right
bad
right
right
bad
bad
right
bad
right
right
bad
right
bad
right
bad
bad
right
right
right
right
right
right
right
right
right
right
---------------------------------------
|             Epoch |              48 |
|             EpRet |           -17.9 |
|         EpRealRet |           -17.9 |
|         TestEpRet |               0 |
|         AverageQ1 |             -48 |
|             StdQ1 |            4.71 |
|             MaxQ1 |           -29.1 |
|             MinQ1 |           -54.8 |
|                Q2 |             -48 |
|       TestSuccess |               0 |
| TotalEnvInteracts |        9.84e+06 |
|         TotalTime |        1.89e+03 |
---------------------------------------
right
bad
right
bad
right
right
bad
bad
right
bad
bad
bad
right
bad
bad
bad
right
bad
right
right
bad
bad
right
bad
bad
bad
bad
bad
right
bad
bad
right
right
bad
right
right
right
right
right
right
right
right
right
right
---------------------------------------
|             Epoch |              49 |
|             EpRet |           -22.4 |
|         EpRealRet |           -22.4 |
|         TestEpRet |               0 |
|         AverageQ1 |           -48.1 |
|             StdQ1 |            4.52 |
|             MaxQ1 |           -29.3 |
|             MinQ1 |           -55.4 |
|                Q2 |           -48.1 |
|       TestSuccess |               0 |
| TotalEnvInteracts |           1e+07 |
|         TotalTime |        1.93e+03 |
---------------------------------------
[32;1mthe experience HER_DRLib_Torch_exps/2022-12-27_HER_mpi1_random_TD3Torch_PandaReach-v2/2022-12-27_16-56-48-HER_mpi1_random_TD3Torch_PandaReach-v2_s300/progress.txt is end[0m
save model to: HER_DRLib_Torch_exps/2022-12-27_HER_mpi1_random_TD3Torch_PandaReach-v2/2022-12-27_16-56-48-HER_mpi1_random_TD3Torch_PandaReach-v2_s300
