[36;1mSaving config:
[0m
{
    "args":	null,
    "env":	null,
    "exp_name":	"HER_mpi1_random_TD3Torch_PandaReach-v2",
    "logger":	null,
    "logger_kwargs":	{
        "exp_name":	"HER_mpi1_random_TD3Torch_PandaReach-v2",
        "output_dir":	"HER_DRLib_Torch_exps/2022-12-27_HER_mpi1_random_TD3Torch_PandaReach-v2/2022-12-27_20-31-24-HER_mpi1_random_TD3Torch_PandaReach-v2_s300"
    },
    "net":	null
}
bad
bad
bad
bad
bad
bad
bad
bad
bad
bad
bad
bad
bad
bad
---------------------------------------
|             Epoch |               0 |
|             EpRet |           -17.5 |
|         EpRealRet |           -17.5 |
|         TestEpRet |           -5.85 |
|         AverageQ1 |           -42.3 |
|             StdQ1 |             9.8 |
|             MaxQ1 |          0.0113 |
|             MinQ1 |           -54.5 |
|                Q2 |           -42.2 |
|       TestSuccess |               0 |
| TotalEnvInteracts |        1.97e+05 |
|         TotalTime |            28.8 |
---------------------------------------
bad
bad
bad
bad
bad
bad
bad
bad
bad
bad
bad
bad
---------------------------------------
|             Epoch |               1 |
|             EpRet |             -15 |
|         EpRealRet |             -15 |
|         TestEpRet |           -5.85 |
|         AverageQ1 |             -50 |
|             StdQ1 |             0.1 |
|             MaxQ1 |           -46.5 |
|             MinQ1 |           -51.5 |
|                Q2 |             -50 |
|       TestSuccess |               0 |
| TotalEnvInteracts |        3.98e+05 |
|         TotalTime |            59.9 |
---------------------------------------
bad
bad
bad
bad
bad
bad
bad
---------------------------------------
|             Epoch |               2 |
|             EpRet |           -23.7 |
|         EpRealRet |           -23.7 |
|         TestEpRet |               0 |
|         AverageQ1 |             -50 |
|             StdQ1 |          0.0691 |
|             MaxQ1 |           -48.4 |
|             MinQ1 |           -50.6 |
|                Q2 |             -50 |
|       TestSuccess |               0 |
| TotalEnvInteracts |        5.99e+05 |
|         TotalTime |            92.3 |
---------------------------------------
bad
bad
bad
bad
---------------------------------------
|             Epoch |               3 |
|             EpRet |           -27.1 |
|         EpRealRet |           -27.1 |
|         TestEpRet |               0 |
|         AverageQ1 |             -50 |
|             StdQ1 |          0.0877 |
|             MaxQ1 |             -42 |
|             MinQ1 |           -52.4 |
|                Q2 |             -50 |
|       TestSuccess |               0 |
| TotalEnvInteracts |           8e+05 |
|         TotalTime |             127 |
---------------------------------------
bad
bad
---------------------------------------
|             Epoch |               4 |
|             EpRet |           -27.3 |
|         EpRealRet |           -27.3 |
|         TestEpRet |               0 |
|         AverageQ1 |             -50 |
|             StdQ1 |          0.0931 |
|             MaxQ1 |           -43.1 |
|             MinQ1 |           -51.9 |
|                Q2 |             -50 |
|       TestSuccess |               0 |
| TotalEnvInteracts |           1e+06 |
|         TotalTime |             160 |
---------------------------------------
bad
bad
bad
bad
bad
bad
---------------------------------------
|             Epoch |               5 |
|             EpRet |           -28.5 |
|         EpRealRet |           -28.5 |
|         TestEpRet |               0 |
|         AverageQ1 |             -50 |
|             StdQ1 |          0.0731 |
|             MaxQ1 |           -47.2 |
|             MinQ1 |           -52.1 |
|                Q2 |             -50 |
|       TestSuccess |               0 |
| TotalEnvInteracts |         1.2e+06 |
|         TotalTime |             194 |
---------------------------------------
bad
bad
bad
bad
---------------------------------------
|             Epoch |               6 |
|             EpRet |           -21.3 |
|         EpRealRet |           -21.3 |
|         TestEpRet |               0 |
|         AverageQ1 |             -50 |
|             StdQ1 |          0.0655 |
|             MaxQ1 |           -49.3 |
|             MinQ1 |           -50.4 |
|                Q2 |             -50 |
|       TestSuccess |               0 |
| TotalEnvInteracts |         1.4e+06 |
|         TotalTime |             229 |
---------------------------------------
bad
---------------------------------------
|             Epoch |               7 |
|             EpRet |           -28.5 |
|         EpRealRet |           -28.5 |
|         TestEpRet |               0 |
|         AverageQ1 |             -50 |
|             StdQ1 |          0.0647 |
|             MaxQ1 |           -49.5 |
|             MinQ1 |           -50.4 |
|                Q2 |             -50 |
|       TestSuccess |               0 |
| TotalEnvInteracts |         1.6e+06 |
|         TotalTime |             263 |
---------------------------------------
bad
bad
---------------------------------------
|             Epoch |               8 |
|             EpRet |           -29.7 |
|         EpRealRet |           -29.7 |
|         TestEpRet |               0 |
|         AverageQ1 |             -50 |
|             StdQ1 |          0.0635 |
|             MaxQ1 |           -49.5 |
|             MinQ1 |           -50.5 |
|                Q2 |             -50 |
|       TestSuccess |               0 |
| TotalEnvInteracts |         1.8e+06 |
|         TotalTime |             297 |
---------------------------------------
bad
bad
---------------------------------------
|             Epoch |               9 |
|             EpRet |           -27.9 |
|         EpRealRet |           -27.9 |
|         TestEpRet |               0 |
|         AverageQ1 |             -50 |
|             StdQ1 |          0.0631 |
|             MaxQ1 |           -48.5 |
|             MinQ1 |           -50.6 |
|                Q2 |             -50 |
|       TestSuccess |               0 |
| TotalEnvInteracts |        2.01e+06 |
|         TotalTime |             332 |
---------------------------------------
right
epoch: 10 	ep: 20 	ep_rew: -5.27778061717213 	time: 0.323 	done: 1
bad
bad
bad
bad
bad
---------------------------------------
|             Epoch |              10 |
|             EpRet |           -22.6 |
|         EpRealRet |           -22.6 |
|         TestEpRet |           -6.39 |
|         AverageQ1 |           -49.6 |
|             StdQ1 |            1.42 |
|             MaxQ1 |           -22.5 |
|             MinQ1 |           -53.5 |
|                Q2 |           -49.6 |
|       TestSuccess |               0 |
| TotalEnvInteracts |        2.21e+06 |
|         TotalTime |             367 |
---------------------------------------
bad
right
epoch: 11 	ep: 3 	ep_rew: -20.46060696315227 	time: 0.371 	done: 1
right
epoch: 11 	ep: 5 	ep_rew: -22.698331732382865 	time: 0.392 	done: 1
bad
bad
bad
bad
bad
bad
bad
bad
bad
bad
bad
bad
bad
bad
bad
bad
bad
right
epoch: 11 	ep: 33 	ep_rew: -18.647547794208407 	time: 0.297 	done: 1
bad
bad
bad
bad
bad
bad
bad
bad
right
epoch: 11 	ep: 48 	ep_rew: -5.3549879151878095 	time: 0.287 	done: 1
bad
right
right
right
right
right
right
right
right
right
right
---------------------------------------
|             Epoch |              11 |
|             EpRet |           -18.7 |
|         EpRealRet |           -18.7 |
|         TestEpRet |           -6.13 |
|         AverageQ1 |           -48.4 |
|             StdQ1 |             3.2 |
|             MaxQ1 |             -10 |
|             MinQ1 |           -54.4 |
|                Q2 |           -48.4 |
|       TestSuccess |               1 |
| TotalEnvInteracts |        2.41e+06 |
|         TotalTime |             403 |
---------------------------------------
bad
bad
bad
right
epoch: 12 	ep: 5 	ep_rew: -9.243320261620418 	time: 0.33 	done: 1
bad
bad
bad
bad
bad
bad
bad
bad
bad
bad
bad
bad
right
epoch: 12 	ep: 29 	ep_rew: -24.139547498028776 	time: 0.407 	done: 1
bad
bad
bad
bad
bad
bad
bad
bad
bad
bad
right
epoch: 12 	ep: 48 	ep_rew: -7.991738375381205 	time: 0.377 	done: 1
right
right
right
right
right
right
right
right
right
right
---------------------------------------
|             Epoch |              12 |
|             EpRet |           -19.6 |
|         EpRealRet |           -19.6 |
|         TestEpRet |           -6.79 |
|         AverageQ1 |           -46.8 |
|             StdQ1 |            5.02 |
|             MaxQ1 |           -1.47 |
|             MinQ1 |           -55.5 |
|                Q2 |           -46.8 |
|       TestSuccess |               1 |
| TotalEnvInteracts |        2.61e+06 |
|         TotalTime |             440 |
---------------------------------------
right
epoch: 13 	ep: 0 	ep_rew: -9.163792348989178 	time: 0.279 	done: 1
bad
right
epoch: 13 	ep: 2 	ep_rew: -3.921859284968444 	time: 0.299 	done: 1
bad
bad
bad
bad
right
epoch: 13 	ep: 11 	ep_rew: -23.60014384305411 	time: 0.299 	done: 1
bad
bad
bad
right
epoch: 13 	ep: 19 	ep_rew: -7.940129371271292 	time: 0.306 	done: 1
right
epoch: 13 	ep: 21 	ep_rew: -6.021974887392247 	time: 0.294 	done: 1
right
epoch: 13 	ep: 28 	ep_rew: -14.031251923897766 	time: 0.278 	done: 1
bad
bad
bad
bad
bad
bad
bad
bad
right
epoch: 13 	ep: 48 	ep_rew: -3.4489255951409845 	time: 0.346 	done: 1
right
epoch: 13 	ep: 49 	ep_rew: -8.155230779844548 	time: 0.323 	done: 1
---------------------------------------
|             Epoch |              13 |
|             EpRet |           -14.7 |
|         EpRealRet |           -14.7 |
|         TestEpRet |            -8.6 |
|         AverageQ1 |           -41.6 |
|             StdQ1 |            9.07 |
|             MaxQ1 |            4.82 |
|             MinQ1 |           -63.2 |
|                Q2 |           -41.6 |
|       TestSuccess |               0 |
| TotalEnvInteracts |        2.81e+06 |
|         TotalTime |             475 |
---------------------------------------
bad
bad
bad
bad
bad
bad
right
epoch: 14 	ep: 46 	ep_rew: -9.062580386791232 	time: 0.375 	done: 1
bad
---------------------------------------
|             Epoch |              14 |
|             EpRet |             -17 |
|         EpRealRet |             -17 |
|         TestEpRet |           -7.55 |
|         AverageQ1 |           -39.8 |
|             StdQ1 |            9.55 |
|             MaxQ1 |            3.68 |
|             MinQ1 |           -64.9 |
|                Q2 |           -39.8 |
|       TestSuccess |               0 |
| TotalEnvInteracts |        3.01e+06 |
|         TotalTime |             511 |
---------------------------------------
bad
bad
bad
bad
bad
right
epoch: 15 	ep: 7 	ep_rew: -12.579095868633098 	time: 0.318 	done: 1
bad
right
epoch: 15 	ep: 20 	ep_rew: -15.208660453500698 	time: 0.314 	done: 1
bad
bad
bad
bad
right
epoch: 15 	ep: 27 	ep_rew: -11.218519439842407 	time: 0.286 	done: 1
bad
bad
right
epoch: 15 	ep: 30 	ep_rew: -8.517109294207817 	time: 0.274 	done: 1
bad
bad
right
epoch: 15 	ep: 34 	ep_rew: -11.384422568248313 	time: 0.288 	done: 1
bad
bad
right
epoch: 15 	ep: 38 	ep_rew: -31.2697986824799 	time: 0.302 	done: 1
bad
right
epoch: 15 	ep: 41 	ep_rew: -25.057912010216775 	time: 0.346 	done: 1
bad
bad
right
epoch: 15 	ep: 45 	ep_rew: -16.06782234248543 	time: 0.331 	done: 1
bad
right
right
right
right
right
right
right
right
right
right
---------------------------------------
|             Epoch |              15 |
|             EpRet |           -17.1 |
|         EpRealRet |           -17.1 |
|         TestEpRet |           -6.12 |
|         AverageQ1 |           -44.7 |
|             StdQ1 |               6 |
|             MaxQ1 |           -6.76 |
|             MinQ1 |           -63.6 |
|                Q2 |           -44.7 |
|       TestSuccess |               1 |
| TotalEnvInteracts |        3.21e+06 |
|         TotalTime |             547 |
---------------------------------------
bad
right
epoch: 16 	ep: 1 	ep_rew: -26.648871534202186 	time: 0.287 	done: 1
right
epoch: 16 	ep: 2 	ep_rew: -12.269961105796101 	time: 0.265 	done: 1
bad
bad
bad
bad
bad
bad
bad
bad
bad
bad
bad
bad
right
epoch: 16 	ep: 36 	ep_rew: -7.907836105004083 	time: 0.304 	done: 1
bad
right
epoch: 16 	ep: 41 	ep_rew: -7.209726785446845 	time: 0.336 	done: 1
right
epoch: 16 	ep: 42 	ep_rew: -5.912722120148924 	time: 0.345 	done: 1
bad
bad
right
epoch: 16 	ep: 48 	ep_rew: -15.368510900087452 	time: 0.338 	done: 1
right
right
right
right
right
right
right
right
right
right
---------------------------------------
|             Epoch |              16 |
|             EpRet |           -14.2 |
|         EpRealRet |           -14.2 |
|         TestEpRet |           -6.12 |
|         AverageQ1 |           -44.4 |
|             StdQ1 |            6.49 |
|             MaxQ1 |           -3.49 |
|             MinQ1 |           -59.7 |
|                Q2 |           -44.4 |
|       TestSuccess |               1 |
| TotalEnvInteracts |        3.41e+06 |
|         TotalTime |             583 |
---------------------------------------
bad
bad
bad
right
epoch: 17 	ep: 8 	ep_rew: -8.95454826534487 	time: 0.298 	done: 1
bad
bad
bad
bad
bad
bad
right
epoch: 17 	ep: 20 	ep_rew: -13.099342979674335 	time: 0.302 	done: 1
bad
bad
right
epoch: 17 	ep: 25 	ep_rew: -9.43689312025057 	time: 0.275 	done: 1
right
epoch: 17 	ep: 27 	ep_rew: -11.649480609168206 	time: 0.316 	done: 1
bad
bad
bad
bad
bad
bad
bad
right
epoch: 17 	ep: 46 	ep_rew: -13.963579933133662 	time: 0.353 	done: 1
bad
right
epoch: 17 	ep: 48 	ep_rew: -5.839580155425592 	time: 0.31 	done: 1
bad
right
right
right
right
right
right
right
right
right
right
---------------------------------------
|             Epoch |              17 |
|             EpRet |             -16 |
|         EpRealRet |             -16 |
|         TestEpRet |           -6.29 |
|         AverageQ1 |           -43.6 |
|             StdQ1 |            7.25 |
|             MaxQ1 |            1.61 |
|             MinQ1 |           -59.1 |
|                Q2 |           -43.6 |
|       TestSuccess |               1 |
| TotalEnvInteracts |        3.61e+06 |
|         TotalTime |             620 |
---------------------------------------
right
epoch: 18 	ep: 3 	ep_rew: -12.026318584612135 	time: 0.285 	done: 1
bad
bad
right
epoch: 18 	ep: 7 	ep_rew: -8.46054084906018 	time: 0.319 	done: 1
bad
bad
bad
bad
bad
bad
right
epoch: 18 	ep: 20 	ep_rew: -22.58820383116451 	time: 0.313 	done: 1
right
epoch: 18 	ep: 23 	ep_rew: -6.88072375537195 	time: 0.301 	done: 1
bad
bad
right
epoch: 18 	ep: 27 	ep_rew: -6.110285282461557 	time: 0.322 	done: 1
bad
bad
bad
bad
bad
bad
bad
bad
bad
bad
bad
bad
bad
bad
right
epoch: 18 	ep: 46 	ep_rew: -11.480211552833845 	time: 0.294 	done: 1
bad
bad
bad
right
right
right
right
right
right
right
right
right
right
---------------------------------------
|             Epoch |              18 |
|             EpRet |           -16.4 |
|         EpRealRet |           -16.4 |
|         TestEpRet |           -6.15 |
|         AverageQ1 |           -42.5 |
|             StdQ1 |            8.12 |
|             MaxQ1 |            3.41 |
|             MinQ1 |             -61 |
|                Q2 |           -42.5 |
|       TestSuccess |               1 |
| TotalEnvInteracts |        3.81e+06 |
|         TotalTime |             656 |
---------------------------------------
bad
bad
bad
bad
bad
right
epoch: 19 	ep: 12 	ep_rew: -9.675959139581813 	time: 0.398 	done: 1
bad
right
epoch: 19 	ep: 15 	ep_rew: -3.899783677624187 	time: 0.375 	done: 1
right
epoch: 19 	ep: 16 	ep_rew: -35.973268414257724 	time: 0.27 	done: 1
bad
bad
bad
bad
right
epoch: 19 	ep: 21 	ep_rew: -6.26587792865131 	time: 0.31 	done: 1
bad
bad
bad
bad
bad
bad
bad
bad
bad
bad
right
epoch: 19 	ep: 42 	ep_rew: -13.353099087904308 	time: 0.354 	done: 1
bad
right
epoch: 19 	ep: 44 	ep_rew: -11.794092710372453 	time: 0.431 	done: 1
bad
bad
right
right
right
right
right
right
right
right
right
right
---------------------------------------
|             Epoch |              19 |
|             EpRet |           -14.6 |
|         EpRealRet |           -14.6 |
|         TestEpRet |           -6.14 |
|         AverageQ1 |           -41.5 |
|             StdQ1 |             8.7 |
|             MaxQ1 |            6.28 |
|             MinQ1 |           -63.6 |
|                Q2 |           -41.5 |
|       TestSuccess |               1 |
| TotalEnvInteracts |        4.02e+06 |
|         TotalTime |             692 |
---------------------------------------
bad
bad
bad
bad
bad
bad
bad
bad
bad
bad
bad
bad
bad
bad
bad
bad
bad
bad
bad
bad
bad
right
epoch: 20 	ep: 36 	ep_rew: -9.467206797350684 	time: 0.298 	done: 1
bad
bad
bad
bad
bad
bad
right
epoch: 20 	ep: 48 	ep_rew: -19.225537062302728 	time: 0.311 	done: 1
right
right
right
right
right
right
right
right
right
right
---------------------------------------
|             Epoch |              20 |
|             EpRet |           -17.5 |
|         EpRealRet |           -17.5 |
|         TestEpRet |           -6.12 |
|         AverageQ1 |           -41.6 |
|             StdQ1 |            8.67 |
|             MaxQ1 |            5.93 |
|             MinQ1 |           -60.2 |
|                Q2 |           -41.6 |
|       TestSuccess |               1 |
| TotalEnvInteracts |        4.22e+06 |
|         TotalTime |             729 |
---------------------------------------
right
epoch: 21 	ep: 1 	ep_rew: -6.607509785256692 	time: 0.309 	done: 1
bad
bad
bad
bad
bad
bad
bad
bad
bad
right
epoch: 21 	ep: 23 	ep_rew: -16.887271455345708 	time: 0.286 	done: 1
bad
bad
bad
bad
bad
bad
bad
bad
right
epoch: 21 	ep: 36 	ep_rew: -7.060621477702579 	time: 0.337 	done: 1
bad
bad
bad
bad
bad
right
right
right
right
right
right
right
right
right
right
---------------------------------------
|             Epoch |              21 |
|             EpRet |           -16.9 |
|         EpRealRet |           -16.9 |
|         TestEpRet |           -6.12 |
|         AverageQ1 |           -40.7 |
|             StdQ1 |             8.9 |
|             MaxQ1 |            9.12 |
|             MinQ1 |           -59.7 |
|                Q2 |           -40.7 |
|       TestSuccess |               1 |
| TotalEnvInteracts |        4.42e+06 |
|         TotalTime |             765 |
---------------------------------------
bad
bad
bad
bad
right
epoch: 22 	ep: 8 	ep_rew: -15.858464868079563 	time: 0.324 	done: 1
bad
bad
bad
bad
bad
bad
bad
bad
bad
bad
bad
right
epoch: 22 	ep: 35 	ep_rew: -14.96878889948793 	time: 0.377 	done: 1
bad
right
epoch: 22 	ep: 40 	ep_rew: -8.882853130688176 	time: 0.324 	done: 1
bad
bad
bad
bad
right
right
right
right
right
right
right
right
right
right
---------------------------------------
|             Epoch |              22 |
|             EpRet |           -17.1 |
|         EpRealRet |           -17.1 |
|         TestEpRet |           -6.18 |
|         AverageQ1 |           -40.7 |
|             StdQ1 |            8.94 |
|             MaxQ1 |            10.3 |
|             MinQ1 |           -61.6 |
|                Q2 |           -40.8 |
|       TestSuccess |               1 |
| TotalEnvInteracts |        4.62e+06 |
|         TotalTime |             803 |
---------------------------------------
bad
bad
right
epoch: 23 	ep: 4 	ep_rew: -13.526208078903045 	time: 0.334 	done: 1
bad
bad
bad
bad
bad
right
epoch: 23 	ep: 13 	ep_rew: -12.294041420793338 	time: 0.334 	done: 1
bad
bad
bad
bad
bad
right
epoch: 23 	ep: 20 	ep_rew: -4.815897511881396 	time: 0.38 	done: 1
right
epoch: 23 	ep: 22 	ep_rew: -6.129476093562424 	time: 0.323 	done: 1
bad
bad
right
epoch: 23 	ep: 26 	ep_rew: -10.148348680515378 	time: 0.341 	done: 1
right
epoch: 23 	ep: 28 	ep_rew: -6.549446966960467 	time: 0.306 	done: 1
right
epoch: 23 	ep: 32 	ep_rew: -7.047161532106325 	time: 0.344 	done: 1
bad
bad
bad
bad
bad
bad
bad
bad
right
epoch: 23 	ep: 45 	ep_rew: -5.380915057230932 	time: 0.429 	done: 1
bad
bad
right
right
right
right
right
right
right
right
right
right
---------------------------------------
|             Epoch |              23 |
|             EpRet |           -15.5 |
|         EpRealRet |           -15.5 |
|         TestEpRet |           -6.24 |
|         AverageQ1 |           -40.1 |
|             StdQ1 |            9.29 |
|             MaxQ1 |            10.7 |
|             MinQ1 |           -61.1 |
|                Q2 |           -40.1 |
|       TestSuccess |               1 |
| TotalEnvInteracts |        4.82e+06 |
|         TotalTime |             841 |
---------------------------------------
bad
bad
bad
bad
bad
bad
bad
bad
bad
bad
bad
bad
bad
bad
bad
right
epoch: 24 	ep: 25 	ep_rew: -20.053206136298126 	time: 0.313 	done: 1
bad
bad
bad
right
epoch: 24 	ep: 34 	ep_rew: -3.8545456335440305 	time: 0.299 	done: 1
bad
bad
bad
bad
right
epoch: 24 	ep: 44 	ep_rew: -9.787015852801261 	time: 0.346 	done: 1
bad
bad
right
right
right
right
right
right
right
right
right
right
---------------------------------------
|             Epoch |              24 |
|             EpRet |             -16 |
|         EpRealRet |             -16 |
|         TestEpRet |            -6.2 |
|         AverageQ1 |           -39.8 |
|             StdQ1 |            9.34 |
|             MaxQ1 |            10.2 |
|             MinQ1 |           -62.3 |
|                Q2 |           -39.8 |
|       TestSuccess |               1 |
| TotalEnvInteracts |        5.02e+06 |
|         TotalTime |             877 |
---------------------------------------
bad
right
epoch: 25 	ep: 2 	ep_rew: -5.31005327919971 	time: 0.306 	done: 1
right
epoch: 25 	ep: 4 	ep_rew: -10.272235682303602 	time: 0.334 	done: 1
bad
bad
bad
bad
right
epoch: 25 	ep: 18 	ep_rew: -5.770271198191269 	time: 0.327 	done: 1
bad
bad
bad
bad
bad
bad
bad
bad
bad
right
epoch: 25 	ep: 43 	ep_rew: -14.667375870199276 	time: 0.341 	done: 1
bad
bad
bad
bad
right
epoch: 25 	ep: 48 	ep_rew: -11.037365051727 	time: 0.312 	done: 1
bad
right
right
right
right
right
right
right
right
right
right
---------------------------------------
|             Epoch |              25 |
|             EpRet |           -16.3 |
|         EpRealRet |           -16.3 |
|         TestEpRet |           -6.12 |
|         AverageQ1 |           -41.3 |
|             StdQ1 |            8.79 |
|             MaxQ1 |            7.93 |
|             MinQ1 |             -62 |
|                Q2 |           -41.3 |
|       TestSuccess |               1 |
| TotalEnvInteracts |        5.22e+06 |
|         TotalTime |             914 |
---------------------------------------
bad
bad
bad
bad
bad
bad
bad
bad
bad
bad
bad
bad
bad
right
epoch: 26 	ep: 20 	ep_rew: -11.821844487972733 	time: 0.4 	done: 1
right
epoch: 26 	ep: 21 	ep_rew: -13.58811518147654 	time: 0.347 	done: 1
bad
bad
right
epoch: 26 	ep: 27 	ep_rew: -15.853644043126438 	time: 0.35 	done: 1
bad
bad
bad
bad
right
epoch: 26 	ep: 33 	ep_rew: -10.295743938437203 	time: 0.346 	done: 1
bad
bad
right
epoch: 26 	ep: 38 	ep_rew: -8.736967648518155 	time: 0.337 	done: 1
bad
bad
bad
bad
bad
bad
bad
right
right
right
right
right
right
right
right
right
right
---------------------------------------
|             Epoch |              26 |
|             EpRet |           -16.2 |
|         EpRealRet |           -16.2 |
|         TestEpRet |           -6.12 |
|         AverageQ1 |           -41.8 |
|             StdQ1 |            8.68 |
|             MaxQ1 |            9.24 |
|             MinQ1 |           -61.5 |
|                Q2 |           -41.8 |
|       TestSuccess |               1 |
| TotalEnvInteracts |        5.42e+06 |
|         TotalTime |             951 |
---------------------------------------
bad
right
epoch: 27 	ep: 2 	ep_rew: -22.029869156250665 	time: 0.322 	done: 1
bad
bad
bad
bad
bad
bad
bad
bad
right
epoch: 27 	ep: 15 	ep_rew: -11.417537375787433 	time: 0.315 	done: 1
bad
bad
right
epoch: 27 	ep: 18 	ep_rew: -13.07176721212581 	time: 0.339 	done: 1
bad
right
epoch: 27 	ep: 22 	ep_rew: -24.488501353533472 	time: 0.339 	done: 1
bad
right
epoch: 27 	ep: 24 	ep_rew: -9.120831746578183 	time: 0.271 	done: 1
bad
bad
bad
bad
bad
bad
bad
bad
bad
bad
bad
right
right
right
right
right
right
right
right
right
right
---------------------------------------
|             Epoch |              27 |
|             EpRet |           -16.4 |
|         EpRealRet |           -16.4 |
|         TestEpRet |           -5.98 |
|         AverageQ1 |             -42 |
|             StdQ1 |            8.73 |
|             MaxQ1 |              12 |
|             MinQ1 |             -63 |
|                Q2 |             -42 |
|       TestSuccess |               1 |
| TotalEnvInteracts |        5.62e+06 |
|         TotalTime |             988 |
---------------------------------------
right
epoch: 28 	ep: 0 	ep_rew: -14.715741789696406 	time: 0.334 	done: 1
right
epoch: 28 	ep: 4 	ep_rew: -12.610784002166529 	time: 0.31 	done: 1
bad
right
epoch: 28 	ep: 8 	ep_rew: -14.949400332173905 	time: 0.339 	done: 1
bad
right
epoch: 28 	ep: 10 	ep_rew: -2.006809608021494 	time: 0.358 	done: 1
bad
bad
bad
right
epoch: 28 	ep: 16 	ep_rew: -9.818564237744845 	time: 0.404 	done: 1
right
epoch: 28 	ep: 17 	ep_rew: -8.225585085842445 	time: 0.417 	done: 1
bad
right
epoch: 28 	ep: 19 	ep_rew: -8.766765488879656 	time: 0.358 	done: 1
bad
bad
bad
bad
