[36;1mSaving config:
[0m
{
    "args":	null,
    "env":	null,
    "exp_name":	"HER_mpi1_random_TD3Torch_PandaReach-v2",
    "logger":	null,
    "logger_kwargs":	{
        "exp_name":	"HER_mpi1_random_TD3Torch_PandaReach-v2",
        "output_dir":	"HER_DRLib_Torch_exps/2022-12-27_HER_mpi1_random_TD3Torch_PandaReach-v2/2022-12-27_14-52-19-HER_mpi1_random_TD3Torch_PandaReach-v2_s300"
    },
    "net":	null
}
(0.8049300312995911, -0.3657263219356537, -0.012543534860014915) (0.7339736819267273, -0.5530350804328918, 0.01304825209081173)
bad
(0.4801931083202362, -0.7837877869606018, 0.22670547664165497) (0.7339736819267273, -0.5530350804328918, 0.01304825209081173)
(0.30576229095458984, -0.8390071988105774, 0.4338759481906891) (0.4801931083202362, -0.7837877869606018, 0.22670547664165497)
(0.36915409564971924, -0.8262041211128235, 0.3806956708431244) (0.30576229095458984, -0.8390071988105774, 0.4338759481906891)
(0.25829532742500305, -0.8524931073188782, 0.44338458776474) (0.36915409564971924, -0.8262041211128235, 0.3806956708431244)
(0.014015845954418182, -0.8428648710250854, 0.5702829957008362) (0.25829532742500305, -0.8524931073188782, 0.44338458776474)
(-0.18515928089618683, -0.7660229802131653, 0.6675949692726135) (0.014015845954418182, -0.8428648710250854, 0.5702829957008362)
(0.8770679831504822, -0.27795153856277466, 0.2419615536928177) (0.7339736819267273, -0.5530350804328918, 0.01304825209081173)
bad
(0.47899797558784485, -0.7825155258178711, 0.17403759062290192) (0.7339736819267273, -0.5530350804328918, 0.01304825209081173)
(0.3497936725616455, -0.8373368978500366, 0.3705598711967468) (0.47899797558784485, -0.7825155258178711, 0.17403759062290192)
(0.10716453194618225, -0.8704944849014282, 0.4866873323917389) (0.3497936725616455, -0.8373368978500366, 0.3705598711967468)
(-0.10639148950576782, -0.8346119523048401, 0.5738046765327454) (0.10716453194618225, -0.8704944849014282, 0.4866873323917389)
(0.8429300785064697, -0.35482290387153625, 0.15859593451023102) (0.7339736819267273, -0.5530350804328918, 0.01304825209081173)
bad
(0.5180678367614746, -0.7585108280181885, 0.26230916380882263) (0.7339736819267273, -0.5530350804328918, 0.01304825209081173)
(0.2688957154750824, -0.8427541255950928, 0.4628085792064667) (0.5180678367614746, -0.7585108280181885, 0.26230916380882263)
(0.014814275316894054, -0.8306577801704407, 0.5946651697158813) (0.2688957154750824, -0.8427541255950928, 0.4628085792064667)
(-0.18301355838775635, -0.7511767148971558, 0.689528226852417) (0.014814275316894054, -0.8306577801704407, 0.5946651697158813)
(0.4742181599140167, -0.7868801355361938, 0.19574716687202454) (0.7339736819267273, -0.5530350804328918, 0.01304825209081173)
(0.5339722037315369, -0.7355087399482727, 0.3631053864955902) (0.4742181599140167, -0.7868801355361938, 0.19574716687202454)
(0.5208874344825745, -0.7207552790641785, 0.43905627727508545) (0.5339722037315369, -0.7355087399482727, 0.3631053864955902)
(0.45785367488861084, -0.6690759062767029, 0.6307159662246704) (0.5208874344825745, -0.7207552790641785, 0.43905627727508545)
(0.41988566517829895, -0.6870877146720886, 0.6392941474914551) (0.45785367488861084, -0.6690759062767029, 0.6307159662246704)
(0.2402639091014862, -0.6727504730224609, 0.7633547782897949) (0.41988566517829895, -0.6870877146720886, 0.6392941474914551)
(0.38252943754196167, -0.4694099426269531, 0.864544689655304) (0.2402639091014862, -0.6727504730224609, 0.7633547782897949)
(0.20198726654052734, -0.5548572540283203, 0.876012921333313) (0.38252943754196167, -0.4694099426269531, 0.864544689655304)
(0.016077499836683273, -0.6045028567314148, 0.8653130531311035) (0.20198726654052734, -0.5548572540283203, 0.876012921333313)
(-0.10293646901845932, -0.6627801060676575, 0.808509886264801) (0.016077499836683273, -0.6045028567314148, 0.8653130531311035)
(0.7679957747459412, -0.483831524848938, 0.09445599466562271) (0.7339736819267273, -0.5530350804328918, 0.01304825209081173)
(0.7300611138343811, -0.5518185496330261, 0.3213662803173065) (0.7679957747459412, -0.483831524848938, 0.09445599466562271)
(0.695079505443573, -0.550700306892395, 0.45887821912765503) (0.7300611138343811, -0.5518185496330261, 0.3213662803173065)
(0.6358784437179565, -0.5575017929077148, 0.5648793578147888) (0.695079505443573, -0.550700306892395, 0.45887821912765503)
(0.6976484656333923, -0.5372908115386963, 0.47625744342803955) (0.6358784437179565, -0.5575017929077148, 0.5648793578147888)
(0.6059849858283997, -0.6264570951461792, 0.49835726618766785) (0.6976484656333923, -0.5372908115386963, 0.47625744342803955)
(0.4929835796356201, -0.7212216854095459, 0.4961715042591095) (0.6059849858283997, -0.6264570951461792, 0.49835726618766785)
(0.5356622934341431, -0.6714589595794678, 0.5351408123970032) (0.4929835796356201, -0.7212216854095459, 0.4961715042591095)
(0.3939579129219055, -0.8215711116790771, 0.3324131667613983) (0.5356622934341431, -0.6714589595794678, 0.5351408123970032)
(0.4695345461368561, -0.748281717300415, 0.46918314695358276) (0.3939579129219055, -0.8215711116790771, 0.3324131667613983)
(0.4230339825153351, -0.7710350751876831, 0.4733859896659851) (0.4695345461368561, -0.748281717300415, 0.46918314695358276)
(0.48385098576545715, -0.6906006336212158, 0.5701075196266174) (0.4230339825153351, -0.7710350751876831, 0.4733859896659851)
(0.5171722769737244, -0.630848228931427, 0.6227513551712036) (0.48385098576545715, -0.6906006336212158, 0.5701075196266174)
(0.46227937936782837, -0.6435881853103638, 0.6610221862792969) (0.5171722769737244, -0.630848228931427, 0.6227513551712036)
(0.4305986762046814, -0.6389946341514587, 0.6933048367500305) (0.46227937936782837, -0.6435881853103638, 0.6610221862792969)
(0.49445992708206177, -0.6458619236946106, 0.6267272233963013) (0.4305986762046814, -0.6389946341514587, 0.6933048367500305)
(0.5164395570755005, -0.606225848197937, 0.6549804210662842) (0.49445992708206177, -0.6458619236946106, 0.6267272233963013)
(0.49763017892837524, -0.627605676651001, 0.6475456953048706) (0.5164395570755005, -0.606225848197937, 0.6549804210662842)
(0.5393195748329163, -0.6330806016921997, 0.5933898091316223) (0.49763017892837524, -0.627605676651001, 0.6475456953048706)
(0.5423218011856079, -0.6067426204681396, 0.6262417435646057) (0.5393195748329163, -0.6330806016921997, 0.5933898091316223)
(0.7114160060882568, -0.5620965957641602, 0.36980533599853516) (0.5423218011856079, -0.6067426204681396, 0.6262417435646057)
(0.6886036992073059, -0.5619824528694153, -0.01615305058658123) (0.7339736819267273, -0.5530350804328918, 0.01304825209081173)
(0.6244983077049255, -0.5886073112487793, -0.09196307510137558) (0.7339736819267273, -0.5530350804328918, 0.01304825209081173)
(0.648347020149231, -0.5669504404067993, -0.09162409603595734) (0.7339736819267273, -0.5530350804328918, 0.01304825209081173)
(0.698182225227356, -0.5062723159790039, -0.08929361402988434) (0.7339736819267273, -0.5530350804328918, 0.01304825209081173)
(0.7010454535484314, -0.5542739033699036, 0.002056445926427841) (0.7339736819267273, -0.5530350804328918, 0.01304825209081173)
(0.6598989367485046, -0.558059811592102, -0.08614851534366608) (0.7010454535484314, -0.5542739033699036, 0.002056445926427841)
(0.46570172905921936, -0.6615985631942749, -0.18280468881130219) (0.7339736819267273, -0.5530350804328918, 0.01304825209081173)
(0.7108972072601318, -0.5846666097640991, 0.21934430301189423) (0.7339736819267273, -0.5530350804328918, 0.01304825209081173)
(0.7245628237724304, -0.5639194250106812, 0.14122752845287323) (0.7108972072601318, -0.5846666097640991, 0.21934430301189423)
(0.49467897415161133, -0.752264678478241, 0.051142118871212006) (0.7245628237724304, -0.5639194250106812, 0.14122752845287323)
(0.5565667152404785, -0.7316151857376099, 0.2839350402355194) (0.49467897415161133, -0.752264678478241, 0.051142118871212006)
(0.5678225755691528, -0.6910566091537476, 0.43286260962486267) (0.5565667152404785, -0.7316151857376099, 0.2839350402355194)
(0.6266072988510132, -0.5959286093711853, 0.5197482705116272) (0.5678225755691528, -0.6910566091537476, 0.43286260962486267)
(0.6023401021957397, -0.5820650458335876, 0.581882119178772) (0.6266072988510132, -0.5959286093711853, 0.5197482705116272)
(0.710573136806488, -0.4344562292098999, 0.590307354927063) (0.6023401021957397, -0.5820650458335876, 0.581882119178772)
(0.6795377731323242, -0.4325622618198395, 0.6401327848434448) (0.710573136806488, -0.4344562292098999, 0.590307354927063)
(0.6394897103309631, -0.4695788323879242, 0.6596969366073608) (0.6795377731323242, -0.4325622618198395, 0.6401327848434448)
(0.5806407332420349, -0.5115609765052795, 0.688652515411377) (0.6394897103309631, -0.4695788323879242, 0.6596969366073608)
(0.5145223140716553, -0.5493897199630737, 0.7173073887825012) (0.5806407332420349, -0.5115609765052795, 0.688652515411377)
(0.532384991645813, -0.5566655993461609, 0.6937177181243896) (0.5145223140716553, -0.5493897199630737, 0.7173073887825012)
(0.3040885627269745, -0.6893247961997986, 0.7162505388259888) (0.532384991645813, -0.5566655993461609, 0.6937177181243896)
(0.37313416600227356, -0.6374039053916931, 0.7350904941558838) (0.3040885627269745, -0.6893247961997986, 0.7162505388259888)
(0.4377615451812744, -0.6894720792770386, 0.620736837387085) (0.37313416600227356, -0.6374039053916931, 0.7350904941558838)
(0.4396709203720093, -0.6615555882453918, 0.6581618785858154) (0.4377615451812744, -0.6894720792770386, 0.620736837387085)
(0.41756922006607056, -0.6312684416770935, 0.711706280708313) (0.4396709203720093, -0.6615555882453918, 0.6581618785858154)
(0.38750195503234863, -0.6660975813865662, 0.6931409239768982) (0.41756922006607056, -0.6312684416770935, 0.711706280708313)
(0.17853040993213654, -0.8640055656433105, 0.4670296311378479) (0.38750195503234863, -0.6660975813865662, 0.6931409239768982)
(0.3102339506149292, -0.786078155040741, 0.5661985874176025) (0.17853040993213654, -0.8640055656433105, 0.4670296311378479)
(0.7762364149093628, -0.4668177366256714, 0.06586894392967224) (0.7339736819267273, -0.5530350804328918, 0.01304825209081173)
(0.6152324676513672, -0.6503406763076782, 0.03121420368552208) (0.7762364149093628, -0.4668177366256714, 0.06586894392967224)
(0.572792112827301, -0.5973770022392273, -0.14170199632644653) (0.6152324676513672, -0.6503406763076782, 0.03121420368552208)
(0.723220705986023, -0.38115963339805603, -0.1694214791059494) (0.7339736819267273, -0.5530350804328918, 0.01304825209081173)
(0.6902682781219482, -0.6094667315483093, 0.2549756169319153) (0.7339736819267273, -0.5530350804328918, 0.01304825209081173)
(0.7027778029441833, -0.5553904175758362, 0.4265022873878479) (0.6902682781219482, -0.6094667315483093, 0.2549756169319153)
(0.6930484175682068, -0.49895283579826355, 0.546478807926178) (0.7027778029441833, -0.5553904175758362, 0.4265022873878479)
(0.6966331005096436, -0.38757193088531494, 0.653406023979187) (0.6930484175682068, -0.49895283579826355, 0.546478807926178)
(0.7316751480102539, -0.5142044425010681, 0.42985421419143677) (0.6966331005096436, -0.38757193088531494, 0.653406023979187)
(0.7426534295082092, -0.5380832552909851, 0.1860715001821518) (0.7316751480102539, -0.5142044425010681, 0.42985421419143677)
(0.7578217387199402, -0.48393160104751587, 0.40848785638809204) (0.7426534295082092, -0.5380832552909851, 0.1860715001821518)
(0.796276867389679, -0.30273059010505676, 0.5502610802650452) (0.7578217387199402, -0.48393160104751587, 0.40848785638809204)
bad
(0.7172908782958984, -0.5796098113059998, 0.2511937916278839) (0.7339736819267273, -0.5530350804328918, 0.01304825209081173)
(0.5186864733695984, -0.7354448437690735, 0.044029366225004196) (0.7172908782958984, -0.5796098113059998, 0.2511937916278839)
(0.5663788318634033, -0.726089596748352, 0.2735338807106018) (0.5186864733695984, -0.7354448437690735, 0.044029366225004196)
(0.5411416292190552, -0.7115145921707153, 0.4338884651660919) (0.5663788318634033, -0.726089596748352, 0.2735338807106018)
(0.5391363501548767, -0.5707007050514221, 0.6716541647911072) (0.5411416292190552, -0.7115145921707153, 0.4338884651660919)
(0.3623393774032593, -0.39487719535827637, 0.9114960432052612) (0.5391363501548767, -0.5707007050514221, 0.6716541647911072)
(0.2867715060710907, -0.28305113315582275, 0.9772990942001343) (0.3623393774032593, -0.39487719535827637, 0.9114960432052612)
(0.34781843423843384, -0.2645806670188904, 0.9647334814071655) (0.2867715060710907, -0.28305113315582275, 0.9772990942001343)
(0.4279238283634186, -0.11195729672908783, 0.962287187576294) (0.34781843423843384, -0.2645806670188904, 0.9647334814071655)
(0.4835549294948578, -0.028585461899638176, 0.940880537033081) (0.4279238283634186, -0.11195729672908783, 0.962287187576294)
(0.5465824604034424, -0.09507472068071365, 0.9009334444999695) (0.4835549294948578, -0.028585461899638176, 0.940880537033081)
(0.5837341547012329, -0.21964922547340393, 0.8502418994903564) (0.5465824604034424, -0.09507472068071365, 0.9009334444999695)
(0.4558737874031067, -0.34321460127830505, 0.8896759152412415) (0.5837341547012329, -0.21964922547340393, 0.8502418994903564)
(0.5016508102416992, -0.1613079160451889, 0.9182374477386475) (0.4558737874031067, -0.34321460127830505, 0.8896759152412415)
(0.5871793031692505, -0.07499373704195023, 0.8749071359634399) (0.5016508102416992, -0.1613079160451889, 0.9182374477386475)
(0.617867648601532, -0.057076599448919296, 0.8528414964675903) (0.5871793031692505, -0.07499373704195023, 0.8749071359634399)
(0.6216545104980469, -0.21994316577911377, 0.8191782832145691) (0.617867648601532, -0.057076599448919296, 0.8528414964675903)
(0.680971086025238, -0.13307490944862366, 0.7854692339897156) (0.6216545104980469, -0.21994316577911377, 0.8191782832145691)
(0.6028766632080078, -0.09447415918111801, 0.8609143495559692) (0.680971086025238, -0.13307490944862366, 0.7854692339897156)
(0.6156534552574158, -0.010488278232514858, 0.8566534519195557) (0.6028766632080078, -0.09447415918111801, 0.8609143495559692)
(0.6614241600036621, 0.14461417496204376, 0.8024021983146667) (0.6156534552574158, -0.010488278232514858, 0.8566534519195557)
(0.7634127140045166, -0.5132149457931519, 0.2578165531158447) (0.7339736819267273, -0.5530350804328918, 0.01304825209081173)
(0.730566680431366, -0.5388614535331726, 0.37094640731811523) (0.7634127140045166, -0.5132149457931519, 0.2578165531158447)
(0.8190094828605652, -0.4157828092575073, 0.23900388181209564) (0.730566680431366, -0.5388614535331726, 0.37094640731811523)
bad
(0.7368073463439941, -0.5546315908432007, 0.23431609570980072) (0.7339736819267273, -0.5530350804328918, 0.01304825209081173)
(0.7307818531990051, -0.5550661087036133, 0.30889892578125) (0.7368073463439941, -0.5546315908432007, 0.23431609570980072)
(0.7483673691749573, -0.37660980224609375, 0.5791743397712708) (0.7307818531990051, -0.5550661087036133, 0.30889892578125)
bad
(0.7141320705413818, -0.583552896976471, 0.2511014938354492) (0.7339736819267273, -0.5530350804328918, 0.01304825209081173)
(0.6908209919929504, -0.5972582101821899, 0.3446587026119232) (0.7141320705413818, -0.583552896976471, 0.2511014938354492)
(0.8379200100898743, -0.35537484288215637, 0.3460397720336914) (0.6908209919929504, -0.5972582101821899, 0.3446587026119232)
bad
(0.7899720668792725, -0.4733656048774719, 0.25464877486228943) (0.7339736819267273, -0.5530350804328918, 0.01304825209081173)
(0.8084322810173035, -0.3764137029647827, 0.4371821880340576) (0.7899720668792725, -0.4733656048774719, 0.25464877486228943)
bad
(0.8125814199447632, -0.40382662415504456, 0.07352719455957413) (0.7339736819267273, -0.5530350804328918, 0.01304825209081173)
bad
(0.7554913759231567, -0.5241541862487793, 0.15508109331130981) (0.7339736819267273, -0.5530350804328918, 0.01304825209081173)
(0.7402307987213135, -0.5346543788909912, 0.34362518787384033) (0.7554913759231567, -0.5241541862487793, 0.15508109331130981)
(0.710959792137146, -0.4880690574645996, 0.5255106687545776) (0.7402307987213135, -0.5346543788909912, 0.34362518787384033)
(0.6686636209487915, -0.47239410877227783, 0.6164492964744568) (0.710959792137146, -0.4880690574645996, 0.5255106687545776)
(0.7206670045852661, -0.4570978581905365, 0.5458544492721558) (0.6686636209487915, -0.47239410877227783, 0.6164492964744568)
(0.7439625859260559, -0.38246187567710876, 0.5834676027297974) (0.7206670045852661, -0.4570978581905365, 0.5458544492721558)
bad
(0.6453550457954407, -0.6557545065879822, 0.25728660821914673) (0.7339736819267273, -0.5530350804328918, 0.01304825209081173)
(0.7068607807159424, -0.5170049071311951, 0.48840785026550293) (0.6453550457954407, -0.6557545065879822, 0.25728660821914673)
(0.6828415393829346, -0.49047455191612244, 0.5753515362739563) (0.7068607807159424, -0.5170049071311951, 0.48840785026550293)
(0.6829642653465271, -0.4567658305168152, 0.6121132373809814) (0.6828415393829346, -0.49047455191612244, 0.5753515362739563)
(0.6998694539070129, -0.3386474549770355, 0.6833568215370178) (0.6829642653465271, -0.4567658305168152, 0.6121132373809814)
bad
(0.7279995679855347, -0.565779447555542, 0.2517161965370178) (0.7339736819267273, -0.5530350804328918, 0.01304825209081173)
(0.727806031703949, -0.5236963629722595, 0.423185259103775) (0.7279995679855347, -0.565779447555542, 0.2517161965370178)
(0.8231303095817566, -0.3444214165210724, 0.4344724416732788) (0.727806031703949, -0.5236963629722595, 0.423185259103775)
bad
(0.7001930475234985, -0.5821223855018616, 0.1778203248977661) (0.7339736819267273, -0.5530350804328918, 0.01304825209081173)
(0.7413825988769531, -0.5210719704627991, 0.3780428469181061) (0.7001930475234985, -0.5821223855018616, 0.1778203248977661)
(0.6996151804924011, -0.5184625387191772, 0.5052987337112427) (0.7413825988769531, -0.5210719704627991, 0.3780428469181061)
(0.6620196104049683, -0.49935516715049744, 0.5975738167762756) (0.6996151804924011, -0.5184625387191772, 0.5052987337112427)
(0.637626051902771, -0.4928627908229828, 0.6395474672317505) (0.6620196104049683, -0.49935516715049744, 0.5975738167762756)
(0.664566159248352, -0.3975934386253357, 0.6877703666687012) (0.637626051902771, -0.4928627908229828, 0.6395474672317505)
(0.6497005224227905, -0.455110102891922, 0.659765899181366) (0.664566159248352, -0.3975934386253357, 0.6877703666687012)
(0.6600236892700195, -0.3808308243751526, 0.7049887776374817) (0.6497005224227905, -0.455110102891922, 0.659765899181366)
(0.6670985817909241, -0.31626176834106445, 0.7354735136032104) (0.6600236892700195, -0.3808308243751526, 0.7049887776374817)
bad
(0.7227892279624939, -0.5701761841773987, 0.2556026875972748) (0.7339736819267273, -0.5530350804328918, 0.01304825209081173)
(0.6880666017532349, -0.6004370450973511, 0.34021905064582825) (0.7227892279624939, -0.5701761841773987, 0.2556026875972748)
(0.6905491948127747, -0.4883650839328766, 0.5616847276687622) (0.6880666017532349, -0.6004370450973511, 0.34021905064582825)
(0.7295979261398315, -0.4961860179901123, 0.4706975519657135) (0.6905491948127747, -0.4883650839328766, 0.5616847276687622)
(0.7583721876144409, -0.3957042992115021, 0.5428553223609924) (0.7295979261398315, -0.4961860179901123, 0.4706975519657135)
(0.8826761245727539, -0.24017299711704254, 0.30551519989967346) (0.7583721876144409, -0.3957042992115021, 0.5428553223609924)
bad
(0.7168827056884766, -0.5679346323013306, 0.10607323795557022) (0.7339736819267273, -0.5530350804328918, 0.01304825209081173)
(0.6880664825439453, -0.6074626445770264, 0.3070812225341797) (0.7168827056884766, -0.5679346323013306, 0.10607323795557022)
(0.7524785399436951, -0.47559645771980286, 0.43831801414489746) (0.6880664825439453, -0.6074626445770264, 0.3070812225341797)
(0.6593044400215149, -0.5371184349060059, 0.554513692855835) (0.7524785399436951, -0.47559645771980286, 0.43831801414489746)
(0.7334439158439636, -0.3315223753452301, 0.6405476927757263) (0.6593044400215149, -0.5371184349060059, 0.554513692855835)
bad
(0.7192935943603516, -0.5770631432533264, 0.2512918710708618) (0.7339736819267273, -0.5530350804328918, 0.01304825209081173)
(0.7340545058250427, -0.5197423696517944, 0.4104641377925873) (0.7192935943603516, -0.5770631432533264, 0.2512918710708618)
(0.6386573314666748, -0.6559557914733887, 0.29141971468925476) (0.7340545058250427, -0.5197423696517944, 0.4104641377925873)
(0.6958401203155518, -0.545816957950592, 0.464938223361969) (0.6386573314666748, -0.6559557914733887, 0.29141971468925476)
(0.686385989189148, -0.48675933480262756, 0.5736362934112549) (0.6958401203155518, -0.545816957950592, 0.464938223361969)
(0.6251357793807983, -0.519634485244751, 0.6276808977127075) (0.686385989189148, -0.48675933480262756, 0.5736362934112549)
(0.5927183628082275, -0.5477533936500549, 0.6374551057815552) (0.6251357793807983, -0.519634485244751, 0.6276808977127075)
(0.4500592350959778, -0.5874056220054626, 0.7333083152770996) (0.5927183628082275, -0.5477533936500549, 0.6374551057815552)
(0.31023678183555603, -0.7633164525032043, 0.6062346696853638) (0.4500592350959778, -0.5874056220054626, 0.7333083152770996)
(0.4141819477081299, -0.6699997186660767, 0.6683058142662048) (0.31023678183555603, -0.7633164525032043, 0.6062346696853638)
(0.6132672429084778, -0.6206215023994446, 0.4974888265132904) (0.4141819477081299, -0.6699997186660767, 0.6683058142662048)
(0.5435418486595154, -0.6550375819206238, 0.5526629090309143) (0.6132672429084778, -0.6206215023994446, 0.4974888265132904)
(0.5757960677146912, -0.5750307440757751, 0.6261167526245117) (0.5435418486595154, -0.6550375819206238, 0.5526629090309143)
(0.5900338292121887, -0.5214318037033081, 0.6687625646591187) (0.5757960677146912, -0.5750307440757751, 0.6261167526245117)
(0.4449266791343689, -0.35660725831985474, 0.8898127675056458) (0.5900338292121887, -0.5214318037033081, 0.6687625646591187)
(0.5821970701217651, -0.22843046486377716, 0.8487161993980408) (0.4449266791343689, -0.35660725831985474, 0.8898127675056458)
(0.6162740588188171, -0.1658444106578827, 0.8380519151687622) (0.5821970701217651, -0.22843046486377716, 0.8487161993980408)
(0.7445840239524841, -0.13566824793815613, 0.711761474609375) (0.6162740588188171, -0.1658444106578827, 0.8380519151687622)
bad
(0.7336571216583252, -0.5577936172485352, 0.24793332815170288) (0.7339736819267273, -0.5530350804328918, 0.01304825209081173)
(0.7613992094993591, -0.46802273392677307, 0.4328361451625824) (0.7336571216583252, -0.5577936172485352, 0.24793332815170288)
(0.7489640116691589, -0.23778918385505676, 0.6706433296203613) (0.7613992094993591, -0.46802273392677307, 0.4328361451625824)
bad
(0.7863956093788147, -0.4783206880092621, 0.2561150789260864) (0.7339736819267273, -0.5530350804328918, 0.01304825209081173)
(0.7793141007423401, -0.4403555691242218, 0.42869994044303894) (0.7863956093788147, -0.4783206880092621, 0.2561150789260864)
(0.8206841945648193, -0.23198248445987701, 0.5458927750587463) (0.7793141007423401, -0.4403555691242218, 0.42869994044303894)
bad
(0.7684918642044067, -0.5081365704536438, 0.25364816188812256) (0.7339736819267273, -0.5530350804328918, 0.01304825209081173)
(0.7423802614212036, -0.5045415759086609, 0.41995662450790405) (0.7684918642044067, -0.5081365704536438, 0.25364816188812256)
(0.6966073513031006, -0.5296549201011658, 0.49404972791671753) (0.7423802614212036, -0.5045415759086609, 0.41995662450790405)
(0.6789092421531677, -0.5643575191497803, 0.4709978997707367) (0.6966073513031006, -0.5296549201011658, 0.49404972791671753)
(0.7456568479537964, -0.5002923011779785, 0.4117381274700165) (0.6789092421531677, -0.5643575191497803, 0.4709978997707367)
(0.7416982054710388, -0.4356342852115631, 0.5319225788116455) (0.7456568479537964, -0.5002923011779785, 0.4117381274700165)
(0.7894057631492615, -0.36141878366470337, 0.5111255645751953) (0.7416982054710388, -0.4356342852115631, 0.5319225788116455)
bad
(0.7015599608421326, -0.574168860912323, 0.05777831748127937) (0.7339736819267273, -0.5530350804328918, 0.01304825209081173)
(0.7572861909866333, -0.5114696621894836, 0.10895869880914688) (0.7015599608421326, -0.574168860912323, 0.05777831748127937)
(0.7250411510467529, -0.5601983666419983, 0.320657879114151) (0.7572861909866333, -0.5114696621894836, 0.10895869880914688)
(0.7319638729095459, -0.49092525243759155, 0.4749588370323181) (0.7250411510467529, -0.5601983666419983, 0.320657879114151)
(0.6747642159461975, -0.5556632280349731, 0.4959326386451721) (0.7319638729095459, -0.49092525243759155, 0.4749588370323181)
(0.6886187791824341, -0.4677615463733673, 0.591670572757721) (0.6747642159461975, -0.5556632280349731, 0.4959326386451721)
(0.6637831330299377, -0.45285454392433167, 0.6432545781135559) (0.6886187791824341, -0.4677615463733673, 0.591670572757721)
(0.6657793521881104, -0.4775868058204651, 0.6159886717796326) (0.6637831330299377, -0.45285454392433167, 0.6432545781135559)
(0.7845718264579773, -0.321897953748703, 0.5570494532585144) (0.6657793521881104, -0.4775868058204651, 0.6159886717796326)
bad
(0.7819357514381409, -0.4869996905326843, 0.21979419887065887) (0.7339736819267273, -0.5530350804328918, 0.01304825209081173)
(0.7660263180732727, -0.47687235474586487, 0.3998040556907654) (0.7819357514381409, -0.4869996905326843, 0.21979419887065887)
(0.7227080464363098, -0.4798894226551056, 0.5141032934188843) (0.7660263180732727, -0.47687235474586487, 0.3998040556907654)
(0.8376573324203491, -0.3290611207485199, 0.4007987678050995) (0.7227080464363098, -0.4798894226551056, 0.5141032934188843)
bad
(0.765118420124054, -0.5073249340057373, 0.1514747589826584) (0.7339736819267273, -0.5530350804328918, 0.01304825209081173)
(0.7829667925834656, -0.47571003437042236, 0.22974753379821777) (0.765118420124054, -0.5073249340057373, 0.1514747589826584)
(0.7159997820854187, -0.553381085395813, 0.09435471147298813) (0.7829667925834656, -0.47571003437042236, 0.22974753379821777)
(0.7801012396812439, -0.47189590334892273, 0.3366972804069519) (0.7159997820854187, -0.553381085395813, 0.09435471147298813)
(0.7325751185417175, -0.48633262515068054, 0.48135286569595337) (0.7801012396812439, -0.47189590334892273, 0.3366972804069519)
(0.6760279536247253, -0.5076096057891846, 0.565722644329071) (0.7325751185417175, -0.48633262515068054, 0.48135286569595337)
(0.6526635885238647, -0.4899626672267914, 0.6221097111701965) (0.6760279536247253, -0.5076096057891846, 0.565722644329071)
(0.619701623916626, -0.5080031156539917, 0.6471230387687683) (0.6526635885238647, -0.4899626672267914, 0.6221097111701965)
(0.6080515384674072, -0.4969172775745392, 0.6720296144485474) (0.619701623916626, -0.5080031156539917, 0.6471230387687683)
(0.5867694616317749, -0.4431518614292145, 0.7389528751373291) (0.6080515384674072, -0.4969172775745392, 0.6720296144485474)
(0.5590752363204956, -0.49082255363464355, 0.728397786617279) (0.5867694616317749, -0.4431518614292145, 0.7389528751373291)
(0.5849302411079407, -0.4554808437824249, 0.7316848039627075) (0.5590752363204956, -0.49082255363464355, 0.728397786617279)
(0.5961818099021912, -0.4846161901950836, 0.6963045597076416) (0.5849302411079407, -0.4554808437824249, 0.7316848039627075)
(0.6146848201751709, -0.4245455861091614, 0.7245554327964783) (0.5961818099021912, -0.4846161901950836, 0.6963045597076416)
(0.6381823420524597, -0.3310079276561737, 0.7582760453224182) (0.6146848201751709, -0.4245455861091614, 0.7245554327964783)
(0.6374333500862122, -0.39096203446388245, 0.7232646942138672) (0.6381823420524597, -0.3310079276561737, 0.7582760453224182)
(0.63186115026474, -0.3933764398097992, 0.7280159592628479) (0.6374333500862122, -0.39096203446388245, 0.7232646942138672)
(0.6417851448059082, -0.4304873049259186, 0.6901185512542725) (0.63186115026474, -0.3933764398097992, 0.7280159592628479)
(0.6226478219032288, -0.44651514291763306, 0.6993390321731567) (0.6417851448059082, -0.4304873049259186, 0.6901185512542725)
(0.6020935773849487, -0.4519524872303009, 0.7171194553375244) (0.6226478219032288, -0.44651514291763306, 0.6993390321731567)
(0.5845488905906677, -0.4789106547832489, 0.7133753895759583) (0.6020935773849487, -0.4519524872303009, 0.7171194553375244)
(0.7583065629005432, -0.43481671810150146, -0.02853880077600479) (0.7339736819267273, -0.5530350804328918, 0.01304825209081173)
(0.7066267728805542, -0.581146240234375, 0.11279753595590591) (0.7339736819267273, -0.5530350804328918, 0.01304825209081173)
(0.7831629514694214, -0.4817945957183838, 0.2772013247013092) (0.7066267728805542, -0.581146240234375, 0.11279753595590591)
(0.7712510824203491, -0.4156970679759979, 0.4880305230617523) (0.7831629514694214, -0.4817945957183838, 0.2772013247013092)
(0.8349558115005493, -0.25183096528053284, 0.4978722631931305) (0.7712510824203491, -0.4156970679759979, 0.4880305230617523)
bad
(0.7828905582427979, -0.40191832184791565, -0.018513742834329605) (0.7339736819267273, -0.5530350804328918, 0.01304825209081173)
bad
(0.6675722599029541, -0.5908418297767639, 0.042315736413002014) (0.7339736819267273, -0.5530350804328918, 0.01304825209081173)
(0.6700787544250488, -0.5520998239517212, 0.17357413470745087) (0.6675722599029541, -0.5908418297767639, 0.042315736413002014)
(0.6079047918319702, -0.5453518033027649, 0.24873697757720947) (0.6700787544250488, -0.5520998239517212, 0.17357413470745087)
(0.4416791498661041, -0.4795892536640167, 0.510482907295227) (0.6079047918319702, -0.5453518033027649, 0.24873697757720947)
(0.25509995222091675, -0.3789503276348114, 0.7347951531410217) (0.4416791498661041, -0.4795892536640167, 0.510482907295227)
(0.0959622785449028, -0.18990863859653473, 0.7640961408615112) (0.25509995222091675, -0.3789503276348114, 0.7347951531410217)
(0.24772703647613525, -0.3106738328933716, 0.9104741215705872) (0.0959622785449028, -0.18990863859653473, 0.7640961408615112)
(0.13071510195732117, -0.1309579610824585, 1.0016981363296509) (0.24772703647613525, -0.3106738328933716, 0.9104741215705872)
(0.046144597232341766, 0.14856299757957458, 0.9932074546813965) (0.13071510195732117, -0.1309579610824585, 1.0016981363296509)
(0.1036299392580986, 0.050426553934812546, 1.0123648643493652) (0.046144597232341766, 0.14856299757957458, 0.9932074546813965)
(-0.05180312693119049, 0.20535971224308014, 0.9769352674484253) (0.1036299392580986, 0.050426553934812546, 1.0123648643493652)
(0.7035138607025146, -0.5441820025444031, 0.019335754215717316) (0.7339736819267273, -0.5530350804328918, 0.01304825209081173)
(0.6818131804466248, -0.45596376061439514, -0.14336194097995758) (0.7035138607025146, -0.5441820025444031, 0.019335754215717316)
(0.5288805365562439, -0.7464327812194824, 0.13508744537830353) (0.7339736819267273, -0.5530350804328918, 0.01304825209081173)
(0.5113217830657959, -0.7541593909263611, 0.3236452043056488) (0.5288805365562439, -0.7464327812194824, 0.13508744537830353)
(0.3376254439353943, -0.8265118598937988, 0.4270789921283722) (0.5113217830657959, -0.7541593909263611, 0.3236452043056488)
(0.2313213348388672, -0.8335700631141663, 0.518476665019989) (0.3376254439353943, -0.8265118598937988, 0.4270789921283722)
(0.1976388543844223, -0.8726508617401123, 0.4208706021308899) (0.2313213348388672, -0.8335700631141663, 0.518476665019989)
(0.43857845664024353, -0.7075365781784058, 0.59046471118927) (0.1976388543844223, -0.8726508617401123, 0.4208706021308899)
(0.6623598337173462, -0.5803415179252625, 0.4704347848892212) (0.43857845664024353, -0.7075365781784058, 0.59046471118927)
(0.5984655022621155, -0.6580444574356079, 0.431856632232666) (0.6623598337173462, -0.5803415179252625, 0.4704347848892212)
(0.4434712529182434, -0.5179428458213806, 0.7863081693649292) (0.5984655022621155, -0.6580444574356079, 0.431856632232666)
(0.2115841805934906, -0.35688889026641846, 0.95921391248703) (0.4434712529182434, -0.5179428458213806, 0.7863081693649292)
(0.10848689079284668, -0.11007729172706604, 1.0161415338516235) (0.2115841805934906, -0.35688889026641846, 0.95921391248703)
(0.03344063460826874, 0.18584884703159332, 0.9765207767486572) (0.10848689079284668, -0.11007729172706604, 1.0161415338516235)
(-0.09369613975286484, 0.33102530241012573, 0.8993681073188782) (0.03344063460826874, 0.18584884703159332, 0.9765207767486572)
(0.6722612380981445, -0.6244636178016663, 0.26605138182640076) (0.7339736819267273, -0.5530350804328918, 0.01304825209081173)
(0.7622712254524231, -0.4607571065425873, 0.4341147541999817) (0.6722612380981445, -0.6244636178016663, 0.26605138182640076)
(0.6493784189224243, -0.5381127595901489, 0.5583680272102356) (0.7622712254524231, -0.4607571065425873, 0.4341147541999817)
(0.5509070754051208, -0.4951010048389435, 0.6797692775726318) (0.6493784189224243, -0.5381127595901489, 0.5583680272102356)
(0.4219311773777008, -0.2690194249153137, 0.8050954937934875) (0.5509070754051208, -0.4951010048389435, 0.6797692775726318)
(0.19147521257400513, -0.03864708170294762, 0.7974984049797058) (0.4219311773777008, -0.2690194249153137, 0.8050954937934875)
(0.03613255172967911, 0.12642745673656464, 0.6933344602584839) (0.19147521257400513, -0.03864708170294762, 0.7974984049797058)
(-0.19583000242710114, 0.32917073369026184, 0.7169063687324524) (0.03613255172967911, 0.12642745673656464, 0.6933344602584839)
(0.7400515079498291, -0.5077874064445496, 0.05880838632583618) (0.7339736819267273, -0.5530350804328918, 0.01304825209081173)
(0.735429584980011, -0.536896824836731, 0.18007570505142212) (0.7400515079498291, -0.5077874064445496, 0.05880838632583618)
(0.7759329080581665, -0.47088342905044556, 0.35914346575737) (0.735429584980011, -0.536896824836731, 0.18007570505142212)
(0.6693282723426819, -0.3747481405735016, 0.6734912395477295) (0.7759329080581665, -0.47088342905044556, 0.35914346575737)
(0.6549595594406128, -0.13997669517993927, 0.7345818281173706) (0.6693282723426819, -0.3747481405735016, 0.6734912395477295)
(0.4964374899864197, 0.06480610370635986, 0.8629230856895447) (0.6549595594406128, -0.13997669517993927, 0.7345818281173706)
(0.3671467900276184, 0.23322485387325287, 0.9514755010604858) (0.4964374899864197, 0.06480610370635986, 0.8629230856895447)
(0.39892104268074036, 0.10691846907138824, 0.9734129309654236) (0.3671467900276184, 0.23322485387325287, 0.9514755010604858)
(0.18604862689971924, 0.2410862147808075, 0.9998788237571716) (0.39892104268074036, 0.10691846907138824, 0.9734129309654236)
(-0.02535295858979225, 0.43152743577957153, 0.9645232558250427) (0.18604862689971924, 0.2410862147808075, 0.9998788237571716)
(0.5390199422836304, -0.710968554019928, 0.022239916026592255) (0.7339736819267273, -0.5530350804328918, 0.01304825209081173)
(0.6960709691047668, -0.5444850921630859, -0.011178422719240189) (0.5390199422836304, -0.710968554019928, 0.022239916026592255)
(0.7263591289520264, -0.543908417224884, 0.09414337575435638) (0.7339736819267273, -0.5530350804328918, 0.01304825209081173)
(0.7668474912643433, -0.46108007431030273, 0.045728281140327454) (0.7263591289520264, -0.543908417224884, 0.09414337575435638)
(0.8231571316719055, -0.40421369671821594, 0.2892962098121643) (0.7668474912643433, -0.46108007431030273, 0.045728281140327454)
bad
(0.7800504565238953, -0.48251035809516907, 0.18809814751148224) (0.7339736819267273, -0.5530350804328918, 0.01304825209081173)
(0.8156431317329407, -0.36111631989479065, 0.4302201569080353) (0.7800504565238953, -0.48251035809516907, 0.18809814751148224)
bad
(0.7038993835449219, -0.5581585764884949, 0.024152599275112152) (0.7339736819267273, -0.5530350804328918, 0.01304825209081173)
(0.6620885729789734, -0.596627950668335, 0.027361003682017326) (0.7038993835449219, -0.5581585764884949, 0.024152599275112152)
(0.7309457659721375, -0.5184951424598694, 0.05152042955160141) (0.6620885729789734, -0.596627950668335, 0.027361003682017326)
(0.6745375394821167, -0.5981736183166504, 0.11502787470817566) (0.7309457659721375, -0.5184951424598694, 0.05152042955160141)
(0.6483175754547119, -0.5237804055213928, 0.19501329958438873) (0.6745375394821167, -0.5981736183166504, 0.11502787470817566)
(0.4411006569862366, -0.34653937816619873, 0.21394117176532745) (0.6483175754547119, -0.5237804055213928, 0.19501329958438873)
(0.4702644944190979, -0.3925231099128723, 0.41533297300338745) (0.4411006569862366, -0.34653937816619873, 0.21394117176532745)
(0.4784608483314514, -0.3475971221923828, 0.6083516478538513) (0.4702644944190979, -0.3925231099128723, 0.41533297300338745)
(0.27366653084754944, -0.16419652104377747, 0.8032969832420349) (0.4784608483314514, -0.3475971221923828, 0.6083516478538513)
(0.35898351669311523, 0.03982756286859512, 0.762340247631073) (0.27366653084754944, -0.16419652104377747, 0.8032969832420349)
(0.20477770268917084, 0.22071339190006256, 0.7932510375976562) (0.35898351669311523, 0.03982756286859512, 0.762340247631073)
(0.4069902300834656, 0.3843856453895569, 0.8484070301055908) (0.20477770268917084, 0.22071339190006256, 0.7932510375976562)
(0.48495176434516907, 0.5471770763397217, 0.7159945368766785) (0.4069902300834656, 0.3843856453895569, 0.8484070301055908)
(0.42735370993614197, 0.6780266761779785, 0.640676736831665) (0.48495176434516907, 0.5471770763397217, 0.7159945368766785)
(0.411024272441864, 0.7392175197601318, 0.5623482465744019) (0.42735370993614197, 0.6780266761779785, 0.640676736831665)
(0.42811480164527893, 0.7333187460899353, 0.5558708906173706) (0.411024272441864, 0.7392175197601318, 0.5623482465744019)
(0.3638639748096466, 0.8157661557197571, 0.43087342381477356) (0.42811480164527893, 0.7333187460899353, 0.5558708906173706)
(0.3974607288837433, 0.8174705505371094, 0.36617833375930786) (0.3638639748096466, 0.8157661557197571, 0.43087342381477356)
(0.37889987230300903, 0.8162491321563721, 0.40889307856559753) (0.3974607288837433, 0.8174705505371094, 0.36617833375930786)
(0.44071054458618164, 0.7738245129585266, 0.4439762234687805) (0.37889987230300903, 0.8162491321563721, 0.40889307856559753)
(0.514293909072876, 0.7165200114250183, 0.4712105691432953) (0.44071054458618164, 0.7738245129585266, 0.4439762234687805)
(0.6869922280311584, -0.5508010983467102, -0.017961286008358) (0.7339736819267273, -0.5530350804328918, 0.01304825209081173)
(0.7363247871398926, -0.5424933433532715, 0.1470160037279129) (0.7339736819267273, -0.5530350804328918, 0.01304825209081173)
(0.72878098487854, -0.5537340641021729, 0.28661906719207764) (0.7363247871398926, -0.5424933433532715, 0.1470160037279129)
(0.6918088793754578, -0.5451360940933228, 0.46500280499458313) (0.72878098487854, -0.5537340641021729, 0.28661906719207764)
(0.5963840484619141, -0.47147005796432495, 0.6836519241333008) (0.6918088793754578, -0.5451360940933228, 0.46500280499458313)
(0.4293805658817291, -0.2851698696613312, 0.8469527959823608) (0.5963840484619141, -0.47147005796432495, 0.6836519241333008)
(0.3096774220466614, -0.058463871479034424, 0.9166857004165649) (0.4293805658817291, -0.2851698696613312, 0.8469527959823608)
(0.38627931475639343, 0.14942783117294312, 0.9303712248802185) (0.3096774220466614, -0.058463871479034424, 0.9166857004165649)
(0.4415914714336395, 0.34015586972236633, 0.8827701807022095) (0.38627931475639343, 0.14942783117294312, 0.9303712248802185)
(0.479072242975235, 0.4652501046657562, 0.8080923557281494) (0.4415914714336395, 0.34015586972236633, 0.8827701807022095)
(0.5006177425384521, 0.5337564945220947, 0.742789089679718) (0.479072242975235, 0.4652501046657562, 0.8080923557281494)
(0.5148134231567383, 0.568434476852417, 0.6981203556060791) (0.5006177425384521, 0.5337564945220947, 0.742789089679718)
(0.5271337032318115, 0.5812574625015259, 0.6726077795028687) (0.5148134231567383, 0.568434476852417, 0.6981203556060791)
(0.5371730327606201, 0.5824358463287354, 0.6609185338020325) (0.5271337032318115, 0.5812574625015259, 0.6726077795028687)
(0.5445311665534973, 0.5787758827209473, 0.6572438478469849) (0.5371730327606201, 0.5824358463287354, 0.6609185338020325)
(0.5491249561309814, 0.5740519762039185, 0.6576509475708008) (0.5445311665534973, 0.5787758827209473, 0.6572438478469849)
(0.5514135360717773, 0.5700234770774841, 0.6597087979316711) (0.5491249561309814, 0.5740519762039185, 0.6576509475708008)
(0.5521931648254395, 0.5672460794448853, 0.6619639992713928) (0.5514135360717773, 0.5700234770774841, 0.6597087979316711)
(0.5521402359008789, 0.5656765103340149, 0.6637589931488037) (0.5521931648254395, 0.5672460794448853, 0.6619639992713928)
(0.5517484545707703, 0.5650053024291992, 0.6649200916290283) (0.5521402359008789, 0.5656765103340149, 0.6637589931488037)
(0.5513114333152771, 0.5648799538612366, 0.6655270457267761) (0.5517484545707703, 0.5650053024291992, 0.6649200916290283)
(0.5509640574455261, 0.565015971660614, 0.6657503247261047) (0.5513114333152771, 0.5648799538612366, 0.6655270457267761)
(0.7363247871398926, -0.5424933433532715, 0.1470160037279129) (0.7339736819267273, -0.5530350804328918, 0.01304825209081173)
(0.72878098487854, -0.5537340641021729, 0.28661906719207764) (0.7363247871398926, -0.5424933433532715, 0.1470160037279129)
(0.6918088793754578, -0.5451360940933228, 0.46500280499458313) (0.72878098487854, -0.5537340641021729, 0.28661906719207764)
(0.5963840484619141, -0.47147005796432495, 0.6836519241333008) (0.6918088793754578, -0.5451360940933228, 0.46500280499458313)
(0.4293805658817291, -0.2851698696613312, 0.8469527959823608) (0.5963840484619141, -0.47147005796432495, 0.6836519241333008)
(0.3096774220466614, -0.058463871479034424, 0.9166857004165649) (0.4293805658817291, -0.2851698696613312, 0.8469527959823608)
(0.38627931475639343, 0.14942783117294312, 0.9303712248802185) (0.3096774220466614, -0.058463871479034424, 0.9166857004165649)
(0.4415914714336395, 0.34015586972236633, 0.8827701807022095) (0.38627931475639343, 0.14942783117294312, 0.9303712248802185)
(0.479072242975235, 0.4652501046657562, 0.8080923557281494) (0.4415914714336395, 0.34015586972236633, 0.8827701807022095)
(0.5006177425384521, 0.5337564945220947, 0.742789089679718) (0.479072242975235, 0.4652501046657562, 0.8080923557281494)
(0.5148134231567383, 0.568434476852417, 0.6981203556060791) (0.5006177425384521, 0.5337564945220947, 0.742789089679718)
(0.5271337032318115, 0.5812574625015259, 0.6726077795028687) (0.5148134231567383, 0.568434476852417, 0.6981203556060791)
(0.5371730327606201, 0.5824358463287354, 0.6609185338020325) (0.5271337032318115, 0.5812574625015259, 0.6726077795028687)
(0.5445311665534973, 0.5787758827209473, 0.6572438478469849) (0.5371730327606201, 0.5824358463287354, 0.6609185338020325)
(0.5491249561309814, 0.5740519762039185, 0.6576509475708008) (0.5445311665534973, 0.5787758827209473, 0.6572438478469849)
(0.5514135360717773, 0.5700234770774841, 0.6597087979316711) (0.5491249561309814, 0.5740519762039185, 0.6576509475708008)
(0.5521931648254395, 0.5672460794448853, 0.6619639992713928) (0.5514135360717773, 0.5700234770774841, 0.6597087979316711)
(0.5521402359008789, 0.5656765103340149, 0.6637589931488037) (0.5521931648254395, 0.5672460794448853, 0.6619639992713928)
(0.5517484545707703, 0.5650053024291992, 0.6649200916290283) (0.5521402359008789, 0.5656765103340149, 0.6637589931488037)
(0.5513114333152771, 0.5648799538612366, 0.6655270457267761) (0.5517484545707703, 0.5650053024291992, 0.6649200916290283)
(0.5509640574455261, 0.565015971660614, 0.6657503247261047) (0.5513114333152771, 0.5648799538612366, 0.6655270457267761)
(0.7363247871398926, -0.5424933433532715, 0.1470160037279129) (0.7339736819267273, -0.5530350804328918, 0.01304825209081173)
(0.72878098487854, -0.5537340641021729, 0.28661906719207764) (0.7363247871398926, -0.5424933433532715, 0.1470160037279129)
(0.6918088793754578, -0.5451360940933228, 0.46500280499458313) (0.72878098487854, -0.5537340641021729, 0.28661906719207764)
(0.5963840484619141, -0.47147005796432495, 0.6836519241333008) (0.6918088793754578, -0.5451360940933228, 0.46500280499458313)
(0.4293805658817291, -0.2851698696613312, 0.8469527959823608) (0.5963840484619141, -0.47147005796432495, 0.6836519241333008)
(0.3096774220466614, -0.058463871479034424, 0.9166857004165649) (0.4293805658817291, -0.2851698696613312, 0.8469527959823608)
(0.38627931475639343, 0.14942783117294312, 0.9303712248802185) (0.3096774220466614, -0.058463871479034424, 0.9166857004165649)
(0.4415914714336395, 0.34015586972236633, 0.8827701807022095) (0.38627931475639343, 0.14942783117294312, 0.9303712248802185)
(0.479072242975235, 0.4652501046657562, 0.8080923557281494) (0.4415914714336395, 0.34015586972236633, 0.8827701807022095)
(0.5006177425384521, 0.5337564945220947, 0.742789089679718) (0.479072242975235, 0.4652501046657562, 0.8080923557281494)
(0.5148134231567383, 0.568434476852417, 0.6981203556060791) (0.5006177425384521, 0.5337564945220947, 0.742789089679718)
(0.5271337032318115, 0.5812574625015259, 0.6726077795028687) (0.5148134231567383, 0.568434476852417, 0.6981203556060791)
(0.5371730327606201, 0.5824358463287354, 0.6609185338020325) (0.5271337032318115, 0.5812574625015259, 0.6726077795028687)
(0.5445311665534973, 0.5787758827209473, 0.6572438478469849) (0.5371730327606201, 0.5824358463287354, 0.6609185338020325)
(0.5491249561309814, 0.5740519762039185, 0.6576509475708008) (0.5445311665534973, 0.5787758827209473, 0.6572438478469849)
(0.5514135360717773, 0.5700234770774841, 0.6597087979316711) (0.5491249561309814, 0.5740519762039185, 0.6576509475708008)
(0.5521931648254395, 0.5672460794448853, 0.6619639992713928) (0.5514135360717773, 0.5700234770774841, 0.6597087979316711)
(0.5521402359008789, 0.5656765103340149, 0.6637589931488037) (0.5521931648254395, 0.5672460794448853, 0.6619639992713928)
(0.5517484545707703, 0.5650053024291992, 0.6649200916290283) (0.5521402359008789, 0.5656765103340149, 0.6637589931488037)
(0.5513114333152771, 0.5648799538612366, 0.6655270457267761) (0.5517484545707703, 0.5650053024291992, 0.6649200916290283)
(0.5509640574455261, 0.565015971660614, 0.6657503247261047) (0.5513114333152771, 0.5648799538612366, 0.6655270457267761)
(0.7363247871398926, -0.5424933433532715, 0.1470160037279129) (0.7339736819267273, -0.5530350804328918, 0.01304825209081173)
(0.72878098487854, -0.5537340641021729, 0.28661906719207764) (0.7363247871398926, -0.5424933433532715, 0.1470160037279129)
(0.6918088793754578, -0.5451360940933228, 0.46500280499458313) (0.72878098487854, -0.5537340641021729, 0.28661906719207764)
(0.5963840484619141, -0.47147005796432495, 0.6836519241333008) (0.6918088793754578, -0.5451360940933228, 0.46500280499458313)
(0.4293805658817291, -0.2851698696613312, 0.8469527959823608) (0.5963840484619141, -0.47147005796432495, 0.6836519241333008)
(0.3096774220466614, -0.058463871479034424, 0.9166857004165649) (0.4293805658817291, -0.2851698696613312, 0.8469527959823608)
(0.38627931475639343, 0.14942783117294312, 0.9303712248802185) (0.3096774220466614, -0.058463871479034424, 0.9166857004165649)
(0.4415914714336395, 0.34015586972236633, 0.8827701807022095) (0.38627931475639343, 0.14942783117294312, 0.9303712248802185)
(0.479072242975235, 0.4652501046657562, 0.8080923557281494) (0.4415914714336395, 0.34015586972236633, 0.8827701807022095)
(0.5006177425384521, 0.5337564945220947, 0.742789089679718) (0.479072242975235, 0.4652501046657562, 0.8080923557281494)
(0.5148134231567383, 0.568434476852417, 0.6981203556060791) (0.5006177425384521, 0.5337564945220947, 0.742789089679718)
(0.5271337032318115, 0.5812574625015259, 0.6726077795028687) (0.5148134231567383, 0.568434476852417, 0.6981203556060791)
(0.5371730327606201, 0.5824358463287354, 0.6609185338020325) (0.5271337032318115, 0.5812574625015259, 0.6726077795028687)
(0.5445311665534973, 0.5787758827209473, 0.6572438478469849) (0.5371730327606201, 0.5824358463287354, 0.6609185338020325)
(0.5491249561309814, 0.5740519762039185, 0.6576509475708008) (0.5445311665534973, 0.5787758827209473, 0.6572438478469849)
(0.5514135360717773, 0.5700234770774841, 0.6597087979316711) (0.5491249561309814, 0.5740519762039185, 0.6576509475708008)
(0.5521931648254395, 0.5672460794448853, 0.6619639992713928) (0.5514135360717773, 0.5700234770774841, 0.6597087979316711)
(0.5521402359008789, 0.5656765103340149, 0.6637589931488037) (0.5521931648254395, 0.5672460794448853, 0.6619639992713928)
(0.5517484545707703, 0.5650053024291992, 0.6649200916290283) (0.5521402359008789, 0.5656765103340149, 0.6637589931488037)
(0.5513114333152771, 0.5648799538612366, 0.6655270457267761) (0.5517484545707703, 0.5650053024291992, 0.6649200916290283)
(0.5509640574455261, 0.565015971660614, 0.6657503247261047) (0.5513114333152771, 0.5648799538612366, 0.6655270457267761)
(0.7363247871398926, -0.5424933433532715, 0.1470160037279129) (0.7339736819267273, -0.5530350804328918, 0.01304825209081173)
(0.72878098487854, -0.5537340641021729, 0.28661906719207764) (0.7363247871398926, -0.5424933433532715, 0.1470160037279129)
(0.6918088793754578, -0.5451360940933228, 0.46500280499458313) (0.72878098487854, -0.5537340641021729, 0.28661906719207764)
(0.5963840484619141, -0.47147005796432495, 0.6836519241333008) (0.6918088793754578, -0.5451360940933228, 0.46500280499458313)
(0.4293805658817291, -0.2851698696613312, 0.8469527959823608) (0.5963840484619141, -0.47147005796432495, 0.6836519241333008)
(0.3096774220466614, -0.058463871479034424, 0.9166857004165649) (0.4293805658817291, -0.2851698696613312, 0.8469527959823608)
(0.38627931475639343, 0.14942783117294312, 0.9303712248802185) (0.3096774220466614, -0.058463871479034424, 0.9166857004165649)
(0.4415914714336395, 0.34015586972236633, 0.8827701807022095) (0.38627931475639343, 0.14942783117294312, 0.9303712248802185)
(0.479072242975235, 0.4652501046657562, 0.8080923557281494) (0.4415914714336395, 0.34015586972236633, 0.8827701807022095)
(0.5006177425384521, 0.5337564945220947, 0.742789089679718) (0.479072242975235, 0.4652501046657562, 0.8080923557281494)
(0.5148134231567383, 0.568434476852417, 0.6981203556060791) (0.5006177425384521, 0.5337564945220947, 0.742789089679718)
(0.5271337032318115, 0.5812574625015259, 0.6726077795028687) (0.5148134231567383, 0.568434476852417, 0.6981203556060791)
(0.5371730327606201, 0.5824358463287354, 0.6609185338020325) (0.5271337032318115, 0.5812574625015259, 0.6726077795028687)
(0.5445311665534973, 0.5787758827209473, 0.6572438478469849) (0.5371730327606201, 0.5824358463287354, 0.6609185338020325)
(0.5491249561309814, 0.5740519762039185, 0.6576509475708008) (0.5445311665534973, 0.5787758827209473, 0.6572438478469849)
(0.5514135360717773, 0.5700234770774841, 0.6597087979316711) (0.5491249561309814, 0.5740519762039185, 0.6576509475708008)
(0.5521931648254395, 0.5672460794448853, 0.6619639992713928) (0.5514135360717773, 0.5700234770774841, 0.6597087979316711)
(0.5521402359008789, 0.5656765103340149, 0.6637589931488037) (0.5521931648254395, 0.5672460794448853, 0.6619639992713928)
(0.5517484545707703, 0.5650053024291992, 0.6649200916290283) (0.5521402359008789, 0.5656765103340149, 0.6637589931488037)
(0.5513114333152771, 0.5648799538612366, 0.6655270457267761) (0.5517484545707703, 0.5650053024291992, 0.6649200916290283)
(0.5509640574455261, 0.565015971660614, 0.6657503247261047) (0.5513114333152771, 0.5648799538612366, 0.6655270457267761)
(0.7363247871398926, -0.5424933433532715, 0.1470160037279129) (0.7339736819267273, -0.5530350804328918, 0.01304825209081173)
(0.72878098487854, -0.5537340641021729, 0.28661906719207764) (0.7363247871398926, -0.5424933433532715, 0.1470160037279129)
(0.6918088793754578, -0.5451360940933228, 0.46500280499458313) (0.72878098487854, -0.5537340641021729, 0.28661906719207764)
(0.5963840484619141, -0.47147005796432495, 0.6836519241333008) (0.6918088793754578, -0.5451360940933228, 0.46500280499458313)
(0.4293805658817291, -0.2851698696613312, 0.8469527959823608) (0.5963840484619141, -0.47147005796432495, 0.6836519241333008)
(0.3096774220466614, -0.058463871479034424, 0.9166857004165649) (0.4293805658817291, -0.2851698696613312, 0.8469527959823608)
(0.38627931475639343, 0.14942783117294312, 0.9303712248802185) (0.3096774220466614, -0.058463871479034424, 0.9166857004165649)
(0.4415914714336395, 0.34015586972236633, 0.8827701807022095) (0.38627931475639343, 0.14942783117294312, 0.9303712248802185)
(0.479072242975235, 0.4652501046657562, 0.8080923557281494) (0.4415914714336395, 0.34015586972236633, 0.8827701807022095)
(0.5006177425384521, 0.5337564945220947, 0.742789089679718) (0.479072242975235, 0.4652501046657562, 0.8080923557281494)
(0.5148134231567383, 0.568434476852417, 0.6981203556060791) (0.5006177425384521, 0.5337564945220947, 0.742789089679718)
(0.5271337032318115, 0.5812574625015259, 0.6726077795028687) (0.5148134231567383, 0.568434476852417, 0.6981203556060791)
(0.5371730327606201, 0.5824358463287354, 0.6609185338020325) (0.5271337032318115, 0.5812574625015259, 0.6726077795028687)
(0.5445311665534973, 0.5787758827209473, 0.6572438478469849) (0.5371730327606201, 0.5824358463287354, 0.6609185338020325)
(0.5491249561309814, 0.5740519762039185, 0.6576509475708008) (0.5445311665534973, 0.5787758827209473, 0.6572438478469849)
(0.5514135360717773, 0.5700234770774841, 0.6597087979316711) (0.5491249561309814, 0.5740519762039185, 0.6576509475708008)
(0.5521931648254395, 0.5672460794448853, 0.6619639992713928) (0.5514135360717773, 0.5700234770774841, 0.6597087979316711)
(0.5521402359008789, 0.5656765103340149, 0.6637589931488037) (0.5521931648254395, 0.5672460794448853, 0.6619639992713928)
(0.5517484545707703, 0.5650053024291992, 0.6649200916290283) (0.5521402359008789, 0.5656765103340149, 0.6637589931488037)
(0.5513114333152771, 0.5648799538612366, 0.6655270457267761) (0.5517484545707703, 0.5650053024291992, 0.6649200916290283)
(0.5509640574455261, 0.565015971660614, 0.6657503247261047) (0.5513114333152771, 0.5648799538612366, 0.6655270457267761)
(0.7363247871398926, -0.5424933433532715, 0.1470160037279129) (0.7339736819267273, -0.5530350804328918, 0.01304825209081173)
(0.72878098487854, -0.5537340641021729, 0.28661906719207764) (0.7363247871398926, -0.5424933433532715, 0.1470160037279129)
(0.6918088793754578, -0.5451360940933228, 0.46500280499458313) (0.72878098487854, -0.5537340641021729, 0.28661906719207764)
(0.5963840484619141, -0.47147005796432495, 0.6836519241333008) (0.6918088793754578, -0.5451360940933228, 0.46500280499458313)
(0.4293805658817291, -0.2851698696613312, 0.8469527959823608) (0.5963840484619141, -0.47147005796432495, 0.6836519241333008)
(0.3096774220466614, -0.058463871479034424, 0.9166857004165649) (0.4293805658817291, -0.2851698696613312, 0.8469527959823608)
(0.38627931475639343, 0.14942783117294312, 0.9303712248802185) (0.3096774220466614, -0.058463871479034424, 0.9166857004165649)
(0.4415914714336395, 0.34015586972236633, 0.8827701807022095) (0.38627931475639343, 0.14942783117294312, 0.9303712248802185)
(0.479072242975235, 0.4652501046657562, 0.8080923557281494) (0.4415914714336395, 0.34015586972236633, 0.8827701807022095)
(0.5006177425384521, 0.5337564945220947, 0.742789089679718) (0.479072242975235, 0.4652501046657562, 0.8080923557281494)
(0.5148134231567383, 0.568434476852417, 0.6981203556060791) (0.5006177425384521, 0.5337564945220947, 0.742789089679718)
(0.5271337032318115, 0.5812574625015259, 0.6726077795028687) (0.5148134231567383, 0.568434476852417, 0.6981203556060791)
(0.5371730327606201, 0.5824358463287354, 0.6609185338020325) (0.5271337032318115, 0.5812574625015259, 0.6726077795028687)
(0.5445311665534973, 0.5787758827209473, 0.6572438478469849) (0.5371730327606201, 0.5824358463287354, 0.6609185338020325)
(0.5491249561309814, 0.5740519762039185, 0.6576509475708008) (0.5445311665534973, 0.5787758827209473, 0.6572438478469849)
(0.5514135360717773, 0.5700234770774841, 0.6597087979316711) (0.5491249561309814, 0.5740519762039185, 0.6576509475708008)
(0.5521931648254395, 0.5672460794448853, 0.6619639992713928) (0.5514135360717773, 0.5700234770774841, 0.6597087979316711)
(0.5521402359008789, 0.5656765103340149, 0.6637589931488037) (0.5521931648254395, 0.5672460794448853, 0.6619639992713928)
(0.5517484545707703, 0.5650053024291992, 0.6649200916290283) (0.5521402359008789, 0.5656765103340149, 0.6637589931488037)
(0.5513114333152771, 0.5648799538612366, 0.6655270457267761) (0.5517484545707703, 0.5650053024291992, 0.6649200916290283)
(0.5509640574455261, 0.565015971660614, 0.6657503247261047) (0.5513114333152771, 0.5648799538612366, 0.6655270457267761)
(0.7363247871398926, -0.5424933433532715, 0.1470160037279129) (0.7339736819267273, -0.5530350804328918, 0.01304825209081173)
(0.72878098487854, -0.5537340641021729, 0.28661906719207764) (0.7363247871398926, -0.5424933433532715, 0.1470160037279129)
(0.6918088793754578, -0.5451360940933228, 0.46500280499458313) (0.72878098487854, -0.5537340641021729, 0.28661906719207764)
(0.5963840484619141, -0.47147005796432495, 0.6836519241333008) (0.6918088793754578, -0.5451360940933228, 0.46500280499458313)
(0.4293805658817291, -0.2851698696613312, 0.8469527959823608) (0.5963840484619141, -0.47147005796432495, 0.6836519241333008)
(0.3096774220466614, -0.058463871479034424, 0.9166857004165649) (0.4293805658817291, -0.2851698696613312, 0.8469527959823608)
(0.38627931475639343, 0.14942783117294312, 0.9303712248802185) (0.3096774220466614, -0.058463871479034424, 0.9166857004165649)
(0.4415914714336395, 0.34015586972236633, 0.8827701807022095) (0.38627931475639343, 0.14942783117294312, 0.9303712248802185)
(0.479072242975235, 0.4652501046657562, 0.8080923557281494) (0.4415914714336395, 0.34015586972236633, 0.8827701807022095)
(0.5006177425384521, 0.5337564945220947, 0.742789089679718) (0.479072242975235, 0.4652501046657562, 0.8080923557281494)
(0.5148134231567383, 0.568434476852417, 0.6981203556060791) (0.5006177425384521, 0.5337564945220947, 0.742789089679718)
(0.5271337032318115, 0.5812574625015259, 0.6726077795028687) (0.5148134231567383, 0.568434476852417, 0.6981203556060791)
(0.5371730327606201, 0.5824358463287354, 0.6609185338020325) (0.5271337032318115, 0.5812574625015259, 0.6726077795028687)
(0.5445311665534973, 0.5787758827209473, 0.6572438478469849) (0.5371730327606201, 0.5824358463287354, 0.6609185338020325)
(0.5491249561309814, 0.5740519762039185, 0.6576509475708008) (0.5445311665534973, 0.5787758827209473, 0.6572438478469849)
(0.5514135360717773, 0.5700234770774841, 0.6597087979316711) (0.5491249561309814, 0.5740519762039185, 0.6576509475708008)
(0.5521931648254395, 0.5672460794448853, 0.6619639992713928) (0.5514135360717773, 0.5700234770774841, 0.6597087979316711)
(0.5521402359008789, 0.5656765103340149, 0.6637589931488037) (0.5521931648254395, 0.5672460794448853, 0.6619639992713928)
(0.5517484545707703, 0.5650053024291992, 0.6649200916290283) (0.5521402359008789, 0.5656765103340149, 0.6637589931488037)
(0.5513114333152771, 0.5648799538612366, 0.6655270457267761) (0.5517484545707703, 0.5650053024291992, 0.6649200916290283)
(0.5509640574455261, 0.565015971660614, 0.6657503247261047) (0.5513114333152771, 0.5648799538612366, 0.6655270457267761)
(0.7363247871398926, -0.5424933433532715, 0.1470160037279129) (0.7339736819267273, -0.5530350804328918, 0.01304825209081173)
(0.72878098487854, -0.5537340641021729, 0.28661906719207764) (0.7363247871398926, -0.5424933433532715, 0.1470160037279129)
(0.6918088793754578, -0.5451360940933228, 0.46500280499458313) (0.72878098487854, -0.5537340641021729, 0.28661906719207764)
(0.5963840484619141, -0.47147005796432495, 0.6836519241333008) (0.6918088793754578, -0.5451360940933228, 0.46500280499458313)
(0.4293805658817291, -0.2851698696613312, 0.8469527959823608) (0.5963840484619141, -0.47147005796432495, 0.6836519241333008)
(0.3096774220466614, -0.058463871479034424, 0.9166857004165649) (0.4293805658817291, -0.2851698696613312, 0.8469527959823608)
(0.38627931475639343, 0.14942783117294312, 0.9303712248802185) (0.3096774220466614, -0.058463871479034424, 0.9166857004165649)
(0.4415914714336395, 0.34015586972236633, 0.8827701807022095) (0.38627931475639343, 0.14942783117294312, 0.9303712248802185)
(0.479072242975235, 0.4652501046657562, 0.8080923557281494) (0.4415914714336395, 0.34015586972236633, 0.8827701807022095)
(0.5006177425384521, 0.5337564945220947, 0.742789089679718) (0.479072242975235, 0.4652501046657562, 0.8080923557281494)
(0.5148134231567383, 0.568434476852417, 0.6981203556060791) (0.5006177425384521, 0.5337564945220947, 0.742789089679718)
(0.5271337032318115, 0.5812574625015259, 0.6726077795028687) (0.5148134231567383, 0.568434476852417, 0.6981203556060791)
(0.5371730327606201, 0.5824358463287354, 0.6609185338020325) (0.5271337032318115, 0.5812574625015259, 0.6726077795028687)
(0.5445311665534973, 0.5787758827209473, 0.6572438478469849) (0.5371730327606201, 0.5824358463287354, 0.6609185338020325)
(0.5491249561309814, 0.5740519762039185, 0.6576509475708008) (0.5445311665534973, 0.5787758827209473, 0.6572438478469849)
(0.5514135360717773, 0.5700234770774841, 0.6597087979316711) (0.5491249561309814, 0.5740519762039185, 0.6576509475708008)
(0.5521931648254395, 0.5672460794448853, 0.6619639992713928) (0.5514135360717773, 0.5700234770774841, 0.6597087979316711)
(0.5521402359008789, 0.5656765103340149, 0.6637589931488037) (0.5521931648254395, 0.5672460794448853, 0.6619639992713928)
(0.5517484545707703, 0.5650053024291992, 0.6649200916290283) (0.5521402359008789, 0.5656765103340149, 0.6637589931488037)
(0.5513114333152771, 0.5648799538612366, 0.6655270457267761) (0.5517484545707703, 0.5650053024291992, 0.6649200916290283)
(0.5509640574455261, 0.565015971660614, 0.6657503247261047) (0.5513114333152771, 0.5648799538612366, 0.6655270457267761)
(0.7363247871398926, -0.5424933433532715, 0.1470160037279129) (0.7339736819267273, -0.5530350804328918, 0.01304825209081173)
(0.72878098487854, -0.5537340641021729, 0.28661906719207764) (0.7363247871398926, -0.5424933433532715, 0.1470160037279129)
(0.6918088793754578, -0.5451360940933228, 0.46500280499458313) (0.72878098487854, -0.5537340641021729, 0.28661906719207764)
(0.5963840484619141, -0.47147005796432495, 0.6836519241333008) (0.6918088793754578, -0.5451360940933228, 0.46500280499458313)
(0.4293805658817291, -0.2851698696613312, 0.8469527959823608) (0.5963840484619141, -0.47147005796432495, 0.6836519241333008)
(0.3096774220466614, -0.058463871479034424, 0.9166857004165649) (0.4293805658817291, -0.2851698696613312, 0.8469527959823608)
(0.38627931475639343, 0.14942783117294312, 0.9303712248802185) (0.3096774220466614, -0.058463871479034424, 0.9166857004165649)
(0.4415914714336395, 0.34015586972236633, 0.8827701807022095) (0.38627931475639343, 0.14942783117294312, 0.9303712248802185)
(0.479072242975235, 0.4652501046657562, 0.8080923557281494) (0.4415914714336395, 0.34015586972236633, 0.8827701807022095)
(0.5006177425384521, 0.5337564945220947, 0.742789089679718) (0.479072242975235, 0.4652501046657562, 0.8080923557281494)
(0.5148134231567383, 0.568434476852417, 0.6981203556060791) (0.5006177425384521, 0.5337564945220947, 0.742789089679718)
(0.5271337032318115, 0.5812574625015259, 0.6726077795028687) (0.5148134231567383, 0.568434476852417, 0.6981203556060791)
(0.5371730327606201, 0.5824358463287354, 0.6609185338020325) (0.5271337032318115, 0.5812574625015259, 0.6726077795028687)
(0.5445311665534973, 0.5787758827209473, 0.6572438478469849) (0.5371730327606201, 0.5824358463287354, 0.6609185338020325)
(0.5491249561309814, 0.5740519762039185, 0.6576509475708008) (0.5445311665534973, 0.5787758827209473, 0.6572438478469849)
(0.5514135360717773, 0.5700234770774841, 0.6597087979316711) (0.5491249561309814, 0.5740519762039185, 0.6576509475708008)
(0.5521931648254395, 0.5672460794448853, 0.6619639992713928) (0.5514135360717773, 0.5700234770774841, 0.6597087979316711)
(0.5521402359008789, 0.5656765103340149, 0.6637589931488037) (0.5521931648254395, 0.5672460794448853, 0.6619639992713928)
(0.5517484545707703, 0.5650053024291992, 0.6649200916290283) (0.5521402359008789, 0.5656765103340149, 0.6637589931488037)
(0.5513114333152771, 0.5648799538612366, 0.6655270457267761) (0.5517484545707703, 0.5650053024291992, 0.6649200916290283)
(0.5509640574455261, 0.565015971660614, 0.6657503247261047) (0.5513114333152771, 0.5648799538612366, 0.6655270457267761)
---------------------------------------
|             Epoch |               0 |
|             EpRet |             -33 |
|         EpRealRet |             -33 |
|         TestEpRet |           -64.4 |
|         AverageQ1 |           -25.2 |
|             StdQ1 |            10.8 |
|             MaxQ1 |          0.0113 |
|             MinQ1 |           -51.4 |
|                Q2 |           -25.2 |
|       TestSuccess |               0 |
| TotalEnvInteracts |        1.97e+05 |
|         TotalTime |            33.1 |
---------------------------------------
(0.7648438811302185, -0.5020068287849426, 0.12256869673728943) (0.7339736819267273, -0.5530350804328918, 0.01304825209081173)
(0.786799967288971, -0.44634464383125305, 0.09280645847320557) (0.7648438811302185, -0.5020068287849426, 0.12256869673728943)
(0.7572827339172363, -0.48719051480293274, 0.382508248090744) (0.786799967288971, -0.44634464383125305, 0.09280645847320557)
(0.74484783411026, -0.3327651917934418, 0.6019230484962463) (0.7572827339172363, -0.48719051480293274, 0.382508248090744)
bad
(0.7168030142784119, -0.576518177986145, 0.23289664089679718) (0.7339736819267273, -0.5530350804328918, 0.01304825209081173)
(0.6810803413391113, -0.5742237567901611, 0.4374905228614807) (0.7168030142784119, -0.576518177986145, 0.23289664089679718)
(0.5683860182762146, -0.5582471489906311, 0.6530334949493408) (0.6810803413391113, -0.5742237567901611, 0.4374905228614807)
(0.43168503046035767, -0.4851812422275543, 0.8260695934295654) (0.5683860182762146, -0.5582471489906311, 0.6530334949493408)
(0.3763371407985687, -0.5081232786178589, 0.8428431153297424) (0.43168503046035767, -0.4851812422275543, 0.8260695934295654)
(0.3051636815071106, -0.23593410849571228, 0.9844154119491577) (0.3763371407985687, -0.5081232786178589, 0.8428431153297424)
(0.43641799688339233, -0.017900697886943817, 0.9647996425628662) (0.3051636815071106, -0.23593410849571228, 0.9844154119491577)
(0.4172184467315674, 0.18007011711597443, 0.9562753438949585) (0.43641799688339233, -0.017900697886943817, 0.9647996425628662)
(0.3594978451728821, 0.23878911137580872, 0.9666298627853394) (0.4172184467315674, 0.18007011711597443, 0.9562753438949585)
(0.47490230202674866, 0.413152813911438, 0.8453388810157776) (0.3594978451728821, 0.23878911137580872, 0.9666298627853394)
(0.38951244950294495, 0.3725128173828125, 0.9106101393699646) (0.47490230202674866, 0.413152813911438, 0.8453388810157776)
(0.3798958659172058, 0.2560346722602844, 0.9544989466667175) (0.38951244950294495, 0.3725128173828125, 0.9106101393699646)
(0.14284101128578186, 0.4427183270454407, 0.9512354731559753) (0.3798958659172058, 0.2560346722602844, 0.9544989466667175)
(-0.04387042671442032, 0.43235304951667786, 0.9651939868927002) (0.14284101128578186, 0.4427183270454407, 0.9512354731559753)
(0.6779796481132507, -0.6211406588554382, 0.1924225091934204) (0.7339736819267273, -0.5530350804328918, 0.01304825209081173)
(0.6874545216560364, -0.598516583442688, 0.1201709732413292) (0.6779796481132507, -0.6211406588554382, 0.1924225091934204)
(0.6190074682235718, -0.669733464717865, 0.1440592110157013) (0.6874545216560364, -0.598516583442688, 0.1201709732413292)
(0.6892029047012329, -0.5525789260864258, -0.009961478412151337) (0.6190074682235718, -0.669733464717865, 0.1440592110157013)
(0.7848845720291138, -0.4578149616718292, 0.09713758528232574) (0.7339736819267273, -0.5530350804328918, 0.01304825209081173)
(0.6396467685699463, -0.6572856307029724, 0.27757301926612854) (0.7848845720291138, -0.4578149616718292, 0.09713758528232574)
(0.6274261474609375, -0.6151724457740784, 0.4732345938682556) (0.6396467685699463, -0.6572856307029724, 0.27757301926612854)
(0.4830159544944763, -0.47131335735321045, 0.7976161241531372) (0.6274261474609375, -0.6151724457740784, 0.4732345938682556)
(0.3396044671535492, -0.2271644026041031, 0.9662258625030518) (0.4830159544944763, -0.47131335735321045, 0.7976161241531372)
(0.29428765177726746, -0.02724149264395237, 1.0030325651168823) (0.3396044671535492, -0.2271644026041031, 0.9662258625030518)
(0.1820710301399231, 0.08993043750524521, 0.9933716058731079) (0.29428765177726746, -0.02724149264395237, 1.0030325651168823)
(0.2638457715511322, 0.2327491044998169, 0.9800015091896057) (0.1820710301399231, 0.08993043750524521, 0.9933716058731079)
(0.29483282566070557, 0.2610599398612976, 0.9816421270370483) (0.2638457715511322, 0.2327491044998169, 0.9800015091896057)
(0.34440281987190247, 0.2646162211894989, 0.9658269882202148) (0.29483282566070557, 0.2610599398612976, 0.9816421270370483)
(0.4162431061267853, 0.2714827358722687, 0.9346504807472229) (0.34440281987190247, 0.2646162211894989, 0.9658269882202148)
(0.39174124598503113, 0.3996857702732086, 0.89710932970047) (0.4162431061267853, 0.2714827358722687, 0.9346504807472229)
(0.4911264181137085, 0.4106164872646332, 0.8363338708877563) (0.39174124598503113, 0.3996857702732086, 0.89710932970047)
(0.4688688814640045, 0.3320257067680359, 0.8872359395027161) (0.4911264181137085, 0.4106164872646332, 0.8363338708877563)
(0.48058420419692993, 0.290902316570282, 0.895693302154541) (0.4688688814640045, 0.3320257067680359, 0.8872359395027161)
(0.5475139021873474, 0.12696930766105652, 0.8959189653396606) (0.48058420419692993, 0.290902316570282, 0.895693302154541)
(0.39511576294898987, 0.24552081525325775, 0.9495549201965332) (0.5475139021873474, 0.12696930766105652, 0.8959189653396606)
(0.4162556529045105, 0.2683236002922058, 0.9357280135154724) (0.39511576294898987, 0.24552081525325775, 0.9495549201965332)
(0.19627146422863007, 0.09904621541500092, 1.0188968181610107) (0.4162556529045105, 0.2683236002922058, 0.9357280135154724)
(0.3604450821876526, 0.15222950279712677, 0.9826748967170715) (0.19627146422863007, 0.09904621541500092, 1.0188968181610107)
(0.23994186520576477, 0.36213988065719604, 0.9651354551315308) (0.3604450821876526, 0.15222950279712677, 0.9826748967170715)
(0.80937659740448, -0.4325520396232605, 0.1631363183259964) (0.7339736819267273, -0.5530350804328918, 0.01304825209081173)
(0.8250231742858887, -0.39748555421829224, 0.29266229271888733) (0.80937659740448, -0.4325520396232605, 0.1631363183259964)
bad
(0.6771175265312195, -0.6189732551574707, 0.2666124403476715) (0.7339736819267273, -0.5530350804328918, 0.01304825209081173)
(0.6109386682510376, -0.6779369115829468, 0.31566452980041504) (0.6771175265312195, -0.6189732551574707, 0.2666124403476715)
(0.6779282093048096, -0.552997887134552, 0.4779083728790283) (0.6109386682510376, -0.6779369115829468, 0.31566452980041504)
(0.49379560351371765, -0.47548535466194153, 0.7707889676094055) (0.6779282093048096, -0.552997887134552, 0.4779083728790283)
(0.43900275230407715, -0.33785200119018555, 0.8962795734405518) (0.49379560351371765, -0.47548535466194153, 0.7707889676094055)
(0.4487166106700897, -0.35369130969047546, 0.8889528512954712) (0.43900275230407715, -0.33785200119018555, 0.8962795734405518)
(0.38960951566696167, -0.21730908751487732, 0.960166335105896) (0.4487166106700897, -0.35369130969047546, 0.8889528512954712)
(0.4591553807258606, -0.006048412993550301, 0.9540089964866638) (0.38960951566696167, -0.21730908751487732, 0.960166335105896)
(0.4445304870605469, 0.12249385565519333, 0.9537784457206726) (0.4591553807258606, -0.006048412993550301, 0.9540089964866638)
(0.47875264286994934, 0.044108327478170395, 0.9438285827636719) (0.4445304870605469, 0.12249385565519333, 0.9537784457206726)
(0.5151934027671814, 0.024008996784687042, 0.9247806668281555) (0.47875264286994934, 0.044108327478170395, 0.9438285827636719)
(0.29398706555366516, -0.0686572715640068, 1.0078283548355103) (0.5151934027671814, 0.024008996784687042, 0.9247806668281555)
(0.3242720067501068, -0.12699607014656067, 0.9977431893348694) (0.29398706555366516, -0.0686572715640068, 1.0078283548355103)
(0.22909902036190033, -0.05326857417821884, 1.0217260122299194) (0.3242720067501068, -0.12699607014656067, 0.9977431893348694)
(0.3761395812034607, 0.04189751669764519, 0.9879918694496155) (0.22909902036190033, -0.05326857417821884, 1.0217260122299194)
(0.324252188205719, 0.02292032167315483, 1.0031492710113525) (0.3761395812034607, 0.04189751669764519, 0.9879918694496155)
(0.31722140312194824, 0.12134714424610138, 0.9997833967208862) (0.324252188205719, 0.02292032167315483, 1.0031492710113525)
(0.3698519170284271, 0.10255785286426544, 0.9860415458679199) (0.31722140312194824, 0.12134714424610138, 0.9997833967208862)
(0.5618087649345398, 0.09814504534006119, 0.8901042342185974) (0.3698519170284271, 0.10255785286426544, 0.9860415458679199)
(0.6897827386856079, 0.16598831117153168, 0.7687171697616577) (0.5618087649345398, 0.09814504534006119, 0.8901042342185974)
(0.6999509930610657, 0.0072361184284091, 0.7790244221687317) (0.6897827386856079, 0.16598831117153168, 0.7687171697616577)
(0.5741506218910217, -0.7181549072265625, 0.25919386744499207) (0.7339736819267273, -0.5530350804328918, 0.01304825209081173)
(0.663929283618927, -0.5304133296012878, 0.5530432462692261) (0.5741506218910217, -0.7181549072265625, 0.25919386744499207)
(0.4112679660320282, -0.5431287884712219, 0.7980247139930725) (0.663929283618927, -0.5304133296012878, 0.5530432462692261)
(0.2322106510400772, -0.4953283667564392, 0.9056195020675659) (0.4112679660320282, -0.5431287884712219, 0.7980247139930725)
(0.32898736000061035, -0.43055811524391174, 0.9068624973297119) (0.2322106510400772, -0.4953283667564392, 0.9056195020675659)
(0.2729981541633606, -0.20379270613193512, 0.999174177646637) (0.32898736000061035, -0.43055811524391174, 0.9068624973297119)
(0.40939095616340637, 0.004716767929494381, 0.9764367938041687) (0.2729981541633606, -0.20379270613193512, 0.999174177646637)
(0.44515201449394226, -0.06533657014369965, 0.9591032266616821) (0.40939095616340637, 0.004716767929494381, 0.9764367938041687)
(0.37482789158821106, -0.03763657808303833, 0.9880250692367554) (0.44515201449394226, -0.06533657014369965, 0.9591032266616821)
(0.46711188554763794, -0.15715888142585754, 0.9378176331520081) (0.37482789158821106, -0.03763657808303833, 0.9880250692367554)
(0.48115649819374084, -0.23156656324863434, 0.9140287637710571) (0.46711188554763794, -0.15715888142585754, 0.9378176331520081)
(0.343973308801651, -0.3251666724681854, 0.9473443031311035) (0.48115649819374084, -0.23156656324863434, 0.9140287637710571)
(0.18173353374004364, -0.13542091846466064, 1.0194849967956543) (0.343973308801651, -0.3251666724681854, 0.9473443031311035)
(0.347018837928772, -0.20060236752033234, 0.9796015024185181) (0.18173353374004364, -0.13542091846466064, 1.0194849967956543)
(0.4940841794013977, -0.03184480592608452, 0.9358936548233032) (0.347018837928772, -0.20060236752033234, 0.9796015024185181)
(0.43370550870895386, -0.06789650022983551, 0.9638528823852539) (0.4940841794013977, -0.03184480592608452, 0.9358936548233032)
(0.4857568144798279, -0.2783733904361725, 0.8970566987991333) (0.43370550870895386, -0.06789650022983551, 0.9638528823852539)
(0.39317336678504944, -0.3179498016834259, 0.9297452569007874) (0.4857568144798279, -0.2783733904361725, 0.8970566987991333)
(0.3945842683315277, -0.2764701843261719, 0.9433392882347107) (0.39317336678504944, -0.3179498016834259, 0.9297452569007874)
(0.3805982768535614, -0.06345761567354202, 0.9846278429031372) (0.3945842683315277, -0.2764701843261719, 0.9433392882347107)
(0.22667069733142853, 0.11043843626976013, 1.0167393684387207) (0.3805982768535614, -0.06345761567354202, 0.9846278429031372)
(0.8261089324951172, -0.38909509778022766, 0.13259613513946533) (0.7339736819267273, -0.5530350804328918, 0.01304825209081173)
bad
(0.6527878046035767, -0.644596517086029, 0.17200863361358643) (0.7339736819267273, -0.5530350804328918, 0.01304825209081173)
(0.5061203837394714, -0.7294223308563232, 0.44537827372550964) (0.6527878046035767, -0.644596517086029, 0.17200863361358643)
(0.5234906077384949, -0.5787142515182495, 0.6774842739105225) (0.5061203837394714, -0.7294223308563232, 0.44537827372550964)
(0.31528717279434204, -0.5123372673988342, 0.8669159412384033) (0.5234906077384949, -0.5787142515182495, 0.6774842739105225)
(0.3882253170013428, -0.3687087595462799, 0.912957489490509) (0.31528717279434204, -0.5123372673988342, 0.8669159412384033)
(0.39251840114593506, -0.11888138949871063, 0.9753679037094116) (0.3882253170013428, -0.3687087595462799, 0.912957489490509)
(0.358388215303421, -0.1998589187860489, 0.974652886390686) (0.39251840114593506, -0.11888138949871063, 0.9753679037094116)
(0.45120862126350403, -0.2124125361442566, 0.9343692660331726) (0.358388215303421, -0.1998589187860489, 0.974652886390686)
(0.347476065158844, -0.27511879801750183, 0.9604262709617615) (0.45120862126350403, -0.2124125361442566, 0.9343692660331726)
(0.4100993573665619, -0.2133469432592392, 0.953238308429718) (0.347476065158844, -0.27511879801750183, 0.9604262709617615)
(0.3299776613712311, -0.2112116515636444, 0.9829287528991699) (0.4100993573665619, -0.2133469432592392, 0.953238308429718)
(0.3020906448364258, -0.1664268970489502, 0.9984440803527832) (0.3299776613712311, -0.2112116515636444, 0.9829287528991699)
(0.4045949876308441, -0.05415789410471916, 0.9769211411476135) (0.3020906448364258, -0.1664268970489502, 0.9984440803527832)
(0.3743932843208313, -0.1626613289117813, 0.9767770767211914) (0.4045949876308441, -0.05415789410471916, 0.9769211411476135)
(0.38741183280944824, -0.08605855703353882, 0.9807636141777039) (0.3743932843208313, -0.1626613289117813, 0.9767770767211914)
(0.4189787209033966, -0.18486014008522034, 0.955376148223877) (0.38741183280944824, -0.08605855703353882, 0.9807636141777039)
(0.36994272470474243, -0.17968086898326874, 0.9755228161811829) (0.4189787209033966, -0.18486014008522034, 0.955376148223877)
(0.4699864387512207, -0.16955672204494476, 0.9341188073158264) (0.36994272470474243, -0.17968086898326874, 0.9755228161811829)
(0.5123701095581055, -0.043999843299388885, 0.9258127212524414) (0.4699864387512207, -0.16955672204494476, 0.9341188073158264)
(0.3896542191505432, -0.2252212017774582, 0.9584214091300964) (0.5123701095581055, -0.043999843299388885, 0.9258127212524414)
(0.41735416650772095, -0.2750735580921173, 0.9339539408683777) (0.3896542191505432, -0.2252212017774582, 0.9584214091300964)
(0.6066053509712219, -0.6620748043060303, 0.03259173035621643) (0.7339736819267273, -0.5530350804328918, 0.01304825209081173)
(0.636350691318512, -0.663459062576294, 0.2732658088207245) (0.6066053509712219, -0.6620748043060303, 0.03259173035621643)
(0.6796966195106506, -0.6192775964736938, 0.23631219565868378) (0.636350691318512, -0.663459062576294, 0.2732658088207245)
(0.6109561324119568, -0.5651120543479919, 0.5893690586090088) (0.6796966195106506, -0.6192775964736938, 0.23631219565868378)
(0.532501220703125, -0.5150039196014404, 0.7321137189865112) (0.6109561324119568, -0.5651120543479919, 0.5893690586090088)
(0.5098119974136353, -0.2731689214706421, 0.884124755859375) (0.532501220703125, -0.5150039196014404, 0.7321137189865112)
(0.41630035638809204, -0.15480785071849823, 0.9612898826599121) (0.5098119974136353, -0.2731689214706421, 0.884124755859375)
(0.31272682547569275, -0.08944354206323624, 1.0039664506912231) (0.41630035638809204, -0.15480785071849823, 0.9612898826599121)
(0.4325336217880249, 0.07829920202493668, 0.963815450668335) (0.31272682547569275, -0.08944354206323624, 1.0039664506912231)
(0.6201221346855164, 0.16601620614528656, 0.8345052599906921) (0.4325336217880249, 0.07829920202493668, 0.963815450668335)
(0.5575341582298279, -0.06704618781805038, 0.8962528705596924) (0.6201221346855164, 0.16601620614528656, 0.8345052599906921)
(0.44948023557662964, -0.07717622816562653, 0.9558577537536621) (0.5575341582298279, -0.06704618781805038, 0.8962528705596924)
(0.5217877626419067, -0.13659656047821045, 0.9108299612998962) (0.44948023557662964, -0.07717622816562653, 0.9558577537536621)
(0.4129202961921692, -0.24792735278606415, 0.9432714581489563) (0.5217877626419067, -0.13659656047821045, 0.9108299612998962)
(0.31981101632118225, -0.1665133833885193, 0.9932571053504944) (0.4129202961921692, -0.24792735278606415, 0.9432714581489563)
(0.4353069067001343, -0.16278888285160065, 0.9521613717079163) (0.31981101632118225, -0.1665133833885193, 0.9932571053504944)
(0.3313262164592743, -0.20097343623638153, 0.9838916659355164) (0.4353069067001343, -0.16278888285160065, 0.9521613717079163)
(0.4609256684780121, -0.08609608560800552, 0.949964165687561) (0.3313262164592743, -0.20097343623638153, 0.9838916659355164)
(0.4518967568874359, -0.17816686630249023, 0.9414575695991516) (0.4609256684780121, -0.08609608560800552, 0.949964165687561)
(0.38409438729286194, -0.14384102821350098, 0.9758988618850708) (0.4518967568874359, -0.17816686630249023, 0.9414575695991516)
(0.4346458315849304, -0.21793794631958008, 0.9409710764884949) (0.38409438729286194, -0.14384102821350098, 0.9758988618850708)
(0.6780454516410828, -0.6221632361412048, 0.24219951033592224) (0.7339736819267273, -0.5530350804328918, 0.01304825209081173)
(0.5315937995910645, -0.6539821624755859, 0.5680485367774963) (0.6780454516410828, -0.6221632361412048, 0.24219951033592224)
(0.5463588237762451, -0.4427071809768677, 0.7753898501396179) (0.5315937995910645, -0.6539821624755859, 0.5680485367774963)
(0.5633050203323364, -0.17527686059474945, 0.8761270046234131) (0.5463588237762451, -0.4427071809768677, 0.7753898501396179)
(0.5205434560775757, -0.1872333437204361, 0.9017800688743591) (0.5633050203323364, -0.17527686059474945, 0.8761270046234131)
(0.539120614528656, -0.2149810642004013, 0.8833562731742859) (0.5205434560775757, -0.1872333437204361, 0.9017800688743591)
(0.4359475374221802, -0.1128741204738617, 0.9572552442550659) (0.539120614528656, -0.2149810642004013, 0.8833562731742859)
(0.5144510865211487, -0.02639734372496605, 0.925349235534668) (0.4359475374221802, -0.1128741204738617, 0.9572552442550659)
(0.5170974135398865, -0.2026592493057251, 0.9005089998245239) (0.5144510865211487, -0.02639734372496605, 0.925349235534668)
(0.37766051292419434, -0.09426267445087433, 0.9833859205245972) (0.5170974135398865, -0.2026592493057251, 0.9005089998245239)
(0.426104873418808, -0.1940811723470688, 0.9504358768463135) (0.37766051292419434, -0.09426267445087433, 0.9833859205245972)
(0.5149984955787659, -0.07168908417224884, 0.9225466847419739) (0.426104873418808, -0.1940811723470688, 0.9504358768463135)
(0.3720497786998749, -0.17084909975528717, 0.9747090935707092) (0.5149984955787659, -0.07168908417224884, 0.9225466847419739)
(0.47184890508651733, -0.1427067369222641, 0.937622606754303) (0.3720497786998749, -0.17084909975528717, 0.9747090935707092)
(0.5194158554077148, -0.13623550534248352, 0.9122728705406189) (0.47184890508651733, -0.1427067369222641, 0.937622606754303)
(0.47566112875938416, -0.017630133777856827, 0.9462757706642151) (0.5194158554077148, -0.13623550534248352, 0.9122728705406189)
(0.4992581307888031, 0.09467506408691406, 0.9290743470191956) (0.47566112875938416, -0.017630133777856827, 0.9462757706642151)
(0.39241573214530945, 0.03681612387299538, 0.981937050819397) (0.4992581307888031, 0.09467506408691406, 0.9290743470191956)
(0.3987661898136139, 0.08861793577671051, 0.9766651391983032) (0.39241573214530945, 0.03681612387299538, 0.981937050819397)
(0.4939489960670471, 0.008545862510800362, 0.9371651411056519) (0.3987661898136139, 0.08861793577671051, 0.9766651391983032)
(0.7143716812133789, -0.12918201088905334, 0.7499954104423523) (0.4939489960670471, 0.008545862510800362, 0.9371651411056519)
