[36;1mSaving config:
[0m
{
    "args":	null,
    "env":	null,
    "exp_name":	"HER_mpi1_random_TD3Torch_PandaReach-v2",
    "logger":	null,
    "logger_kwargs":	{
        "exp_name":	"HER_mpi1_random_TD3Torch_PandaReach-v2",
        "output_dir":	"HER_DRLib_Torch_exps/2022-12-24_HER_mpi1_random_TD3Torch_PandaReach-v2/2022-12-24_20-40-58-HER_mpi1_random_TD3Torch_PandaReach-v2_s300"
    },
    "net":	null
}
bad
置信水平： 0.09974432612382388
置信水平： 0.09974382740094645
置信水平： 0.09974332868056264
置信水平： 0.09974282996267243
置信水平： 0.09974233124727583
置信水平： 0.09974183253437281
置信水平： 0.09974133382396337
置信水平： 0.09974083511604748
置信水平： 0.09974033641062513
置信水平： 0.09973983770769633
置信水平： 0.09973933900726104
置信水平： 0.09973884030931925
置信水平： 0.09973834161387096
置信水平： 0.09973784292091616
置信水平： 0.09973734423045483
置信水平： 0.09973684554248696
置信水平： 0.09973634685701253
置信水平： 0.09973584817403153
置信水平： 0.09973534949354396
置信水平： 0.0997348508155498
置信水平： 0.09973435214004904
置信水平： 0.09973385346704165
置信水平： 0.09973335479652763
置信水平： 0.09973285612850698
置信水平： 0.09973235746297968
置信水平： 0.0997318587999457
置信水平： 0.09973136013940505
置信水平： 0.09973086148135771
置信水平： 0.09973036282580366
置信水平： 0.0997298641727429
置信水平： 0.09972936552217541
置信水平： 0.09972886687410118
置信水平： 0.09972836822852019
置信水平： 0.09972786958543245
置信水平： 0.09972737094483791
置信水平： 0.09972687230673659
置信水平： 0.09972637367112847
置信水平： 0.09972587503801353
置信水平： 0.09972537640739176
置信水平： 0.09972487777926314
置信水平： 0.0997243791536277
置信水平： 0.09972388053048536
置信水平： 0.09972338190983615
置信水平： 0.09972288329168005
置信水平： 0.09972238467601707
置信水平： 0.09972188606284715
置信水平： 0.09972138745217031
置信水平： 0.09972088884398653
置信水平： 0.09972039023829579
置信水平： 0.09971989163509809
置信水平： 0.09971939303439342
置信水平： 0.09971889443618175
置信水平： 0.09971839584046308
置信水平： 0.0997178972472374
置信水平： 0.09971739865650468
置信水平： 0.09971690006826492
置信水平： 0.09971640148251812
置信水平： 0.09971590289926424
置信水平： 0.09971540431850329
置信水平： 0.09971490574023525
置信水平： 0.09971440716446012
置信水平： 0.09971390859117785
置信水平： 0.09971341002038847
置信水平： 0.09971291145209195
置信水平： 0.09971241288628828
置信水平： 0.09971191432297744
置信水平： 0.09971141576215942
置信水平： 0.09971091720383421
置信水平： 0.0997104186480018
置信水平： 0.09970992009466217
置信水平： 0.09970942154381532
置信水平： 0.09970892299546123
置信水平： 0.09970842444959989
置信水平： 0.09970792590623129
置信水平： 0.0997074273653554
置信水平： 0.09970692882697223
置信水平： 0.09970643029108174
置信水平： 0.09970593175768395
置信水平： 0.09970543322677884
置信水平： 0.09970493469836639
置信水平： 0.09970443617244658
置信水平： 0.09970393764901941
置信水平： 0.09970343912808487
置信水平： 0.09970294060964292
置信水平： 0.09970244209369358
置信水平： 0.09970194358023683
置信水平： 0.09970144506927264
置信水平： 0.09970094656080103
置信水平： 0.09970044805482196
置信水平： 0.09969994955133543
置信水平： 0.09969945105034142
置信水平： 0.09969895255183991
置信水平： 0.09969845405583092
置信水平： 0.09969795556231441
置信水平： 0.09969745707129037
置信水平： 0.09969695858275879
置信水平： 0.09969646009671966
置信水平： 0.09969596161317296
置信水平： 0.09969546313211869
置信水平： 0.09969496465355683
置信水平： 0.09969446617748738
置信水平： 0.09969396770391031
置信水平： 0.09969346923282561
置信水平： 0.09969297076423328
置信水平： 0.09969247229813329
置信水平： 0.09969197383452563
置信水平： 0.0996914753734103
置信水平： 0.09969097691478729
置信水平： 0.09969047845865658
置信水平： 0.09968998000501815
置信水平： 0.099689481553872
置信水平： 0.0996889831052181
置信水平： 0.09968848465905646
置信水平： 0.09968798621538705
置信水平： 0.09968748777420988
置信水平： 0.0996869893355249
置信水平： 0.09968649089933214
置信水平： 0.09968599246563155
置信水平： 0.09968549403442314
置信水平： 0.0996849956057069
bad
置信水平： 0.0996844971794828
置信水平： 0.09968399875575085
置信水平： 0.09968350033451101
置信水平： 0.09968300191576329
置信水平： 0.09968250349950768
置信水平： 0.09968200508574415
置信水平： 0.09968150667447269
置信水平： 0.09968100826569329
置信水平： 0.09968050985940595
置信水平： 0.09968001145561065
置信水平： 0.09967951305430736
置信水平： 0.09967901465549608
置信水平： 0.09967851625917683
置信水平： 0.09967801786534954
置信水平： 0.09967751947401424
置信水平： 0.09967702108517089
置信水平： 0.09967652269881949
置信水平： 0.09967602431496003
置信水平： 0.09967552593359252
置信水平： 0.0996750275547169
置信水平： 0.09967452917833318
置信水平： 0.09967403080444136
置信水平： 0.0996735324330414
置信水平： 0.09967303406413332
置信水平： 0.09967253569771707
置信水平： 0.09967203733379268
置信水平： 0.0996715389723601
置信水平： 0.09967104061341935
置信水平： 0.09967054225697039
置信水平： 0.0996700439030132
置信水平： 0.09966954555154782
置信水平： 0.09966904720257419
置信水平： 0.09966854885609232
置信水平： 0.09966805051210216
置信水平： 0.09966755217060375
置信水平： 0.09966705383159705
置信水平： 0.09966655549508205
置信水平： 0.09966605716105874
置信水平： 0.0996655588295271
置信水平： 0.09966506050048712
置信水平： 0.09966456217393882
置信水平： 0.09966406384988213
置信水平： 0.09966356552831708
置信水平： 0.09966306720924364
置信水平： 0.0996625688926618
置信水平： 0.09966207057857156
置信水平： 0.09966157226697288
置信水平： 0.09966107395786578
置信水平： 0.09966057565125021
置信水平： 0.09966007734712619
置信水平： 0.0996595790454937
置信水平： 0.09965908074635273
置信水平： 0.09965858244970326
置信水平： 0.09965808415554528
置信水平： 0.09965758586387877
置信水平： 0.09965708757470372
置信水平： 0.09965658928802013
置信水平： 0.09965609100382798
置信水平： 0.09965559272212726
置信水平： 0.09965509444291794
置信水平： 0.09965459616620004
置信水平： 0.09965409789197352
置信水平： 0.09965359962023838
置信水平： 0.0996531013509946
置信水平： 0.09965260308424218
置信水平： 0.0996521048199811
置信水平： 0.09965160655821134
置信水平： 0.09965110829893291
置信水平： 0.09965061004214576
置信水平： 0.09965011178784992
置信水平： 0.09964961353604534
置信水平： 0.09964911528673204
置信水平： 0.09964861703991
置信水平： 0.09964811879557918
置信水平： 0.0996476205537396
置信水平： 0.09964712231439123
置信水平： 0.09964662407753407
置信水平： 0.09964612584316809
置信水平： 0.0996456276112933
置信水平： 0.09964512938190967
置信水平： 0.09964463115501719
置信水平： 0.09964413293061586
置信水平： 0.09964363470870563
置信水平： 0.09964313648928655
置信水平： 0.09964263827235856
置信水平： 0.09964214005792166
置信水平： 0.09964164184597585
置信水平： 0.09964114363652109
置信水平： 0.09964064542955738
置信水平： 0.09964014722508473
置信水平： 0.09963964902310309
置信水平： 0.09963915082361248
置信水平： 0.09963865262661287
置信水平： 0.09963815443210425
置信水平： 0.09963765624008661
置信水平： 0.09963715805055993
置信水平： 0.09963665986352421
置信水平： 0.09963616167897943
置信水平： 0.09963566349692558
置信水平： 0.09963516531736265
置信水平： 0.09963466714029062
置信水平： 0.09963416896570948
置信水平： 0.09963367079361922
置信水平： 0.09963317262401983
置信水平： 0.09963267445691128
置信水平： 0.0996321762922936
置信水平： 0.09963167813016671
置信水平： 0.09963117997053067
置信水平： 0.09963068181338541
置信水平： 0.09963018365873097
置信水平： 0.0996296855065673
置信水平： 0.09962918735689438
置信水平： 0.09962868920971224
置信水平： 0.09962819106502081
置信水平： 0.09962769292282014
置信水平： 0.09962719478311018
置信水平： 0.09962669664589091
置信水平： 0.09962619851116235
置信水平： 0.09962570037892446
置信水平： 0.09962520224917724
置信水平： 0.09962470412192068
置信水平： 0.09962420599715475
置信水平： 0.09962370787487945
置信水平： 0.09962320975509478
置信水平： 0.09962271163780072
置信水平： 0.09962221352299724
置信水平： 0.09962171541068435
置信水平： 0.09962121730086201
置信水平： 0.09962071919353024
置信水平： 0.09962022108868901
置信水平： 0.09961972298633831
置信水平： 0.09961922488647812
置信水平： 0.09961872678910845
置信水平： 0.09961822869422926
置信水平： 0.09961773060184057
置信水平： 0.09961723251194232
置信水平： 0.09961673442453456
置信水平： 0.09961623633961722
置信水平： 0.0996157382571903
置信水平： 0.09961524017725382
置信水平： 0.09961474209980775
置信水平： 0.09961424402485206
置信水平： 0.09961374595238676
置信水平： 0.09961324788241181
置信水平： 0.09961274981492724
置信水平： 0.09961225174993299
置信水平： 0.09961175368742908
置信水平： 0.0996112556274155
置信水平： 0.09961075756989221
置信水平： 0.09961025951485923
置信水平： 0.09960976146231652
置信水平： 0.09960926341226409
置信水平： 0.09960876536470191
置信水平： 0.09960826731962996
置信水平： 0.09960776927704826
置信水平： 0.09960727123695677
置信水平： 0.0996067731993555
置信水平： 0.09960627516424442
置信水平： 0.0996057771316235
置信水平： 0.09960527910149276
置信水平： 0.09960478107385219
置信水平： 0.09960428304870177
置信水平： 0.09960378502604146
置信水平： 0.09960328700587129
置信水平： 0.0996027889881912
置信水平： 0.09960229097300122
置信水平： 0.09960179296030132
置信水平： 0.0996012949500915
置信水平： 0.09960079694237173
置信水平： 0.099600298937142
置信水平： 0.09959980093440231
置信水平： 0.09959930293415264
置信水平： 0.09959880493639296
置信水平： 0.0995983069411233
置信水平： 0.09959780894834361
置信水平： 0.0995973109580539
置信水平： 0.09959681297025413
置信水平： 0.09959631498494431
置信水平： 0.09959581700212444
置信水平： 0.09959531902179447
置信水平： 0.09959482104395441
置信水平： 0.09959432306860426
置信水平： 0.09959382509574398
置信水平： 0.09959332712537357
置信水平： 0.09959282915749303
置信水平： 0.09959233119210233
置信水平： 0.09959183322920145
置信水平： 0.09959133526879041
置信水平： 0.09959083731086917
置信水平： 0.09959033935543772
置信水平： 0.09958984140249606
置信水平： 0.09958934345204418
置信水平： 0.09958884550408204
置信水平： 0.09958834755860967
置信水平： 0.099587849615627
置信水平： 0.09958735167513408
置信水平： 0.09958685373713086
置信水平： 0.09958635580161733
置信水平： 0.09958585786859349
置信水平： 0.09958535993805932
置信水平： 0.09958486201001482
置信水平： 0.09958436408445995
置信水平： 0.09958386616139471
置信水平： 0.0995833682408191
置信水平： 0.09958287032273311
置信水平： 0.0995823724071367
置信水平： 0.09958187449402989
置信水平： 0.09958137658341264
置信水平： 0.09958087867528495
置信水平： 0.09958038076964681
置信水平： 0.0995798828664982
置信水平： 0.09957938496583911
置信水平： 0.09957888706766954
置信水平： 0.09957838917198947
置信水平： 0.09957789127879886
置信水平： 0.09957739338809773
置信水平： 0.09957689549988608
置信水平： 0.09957639761416387
置信水平： 0.09957589973093109
置信水平： 0.09957540185018773
置信水平： 0.09957490397193379
置信水平： 0.09957440609616923
置信水平： 0.09957390822289407
置信水平： 0.09957341035210827
置信水平： 0.09957291248381184
置信水平： 0.09957241461800476
置信水平： 0.09957191675468702
置信水平： 0.09957141889385858
置信水平： 0.09957092103551947
置信水平： 0.09957042317966965
置信水平： 0.09956992532630911
置信水平： 0.09956942747543786
置信水平： 0.09956892962705585
置信水平： 0.0995684317811631
置信水平： 0.09956793393775959
置信水平： 0.0995674360968453
置信水平： 0.09956693825842022
置信水平： 0.09956644042248433
置信水平： 0.09956594258903764
置信水平： 0.09956544475808012
bad
置信水平： 0.09956494692961175
置信水平： 0.09956444910363255
置信水平： 0.09956395128014246
置信水平： 0.09956345345914151
置信水平： 0.09956295564062967
置信水平： 0.09956245782460692
置信水平： 0.09956196001107326
置信水平： 0.09956146220002868
置信水平： 0.09956096439147316
置信水平： 0.09956046658540668
置信水平： 0.09955996878182925
置信水平： 0.09955947098074083
置信水平： 0.09955897318214144
置信水平： 0.09955847538603102
置信水平： 0.09955797759240961
置信水平： 0.09955747980127717
置信水平： 0.09955698201263369
置信水平： 0.09955648422647917
置信水平： 0.09955598644281358
置信水平： 0.09955548866163691
置信水平： 0.09955499088294915
置信水平： 0.0995544931067503
置信水平： 0.09955399533304032
置信水平： 0.09955349756181923
置信水平： 0.099552999793087
置信水平： 0.09955250202684363
置信水平： 0.09955200426308908
置信水平： 0.09955150650182336
置信水平： 0.09955100874304645
置信水平： 0.09955051098675834
置信水平： 0.09955001323295902
置信水平： 0.09954951548164848
置信水平： 0.0995490177328267
置信水平： 0.09954851998649367
置信水平： 0.09954802224264937
置信水平： 0.0995475245012938
置信水平： 0.09954702676242695
置信水平： 0.0995465290260488
置信水平： 0.09954603129215933
置信水平： 0.09954553356075854
置信水平： 0.09954503583184642
置信水平： 0.09954453810542294
置信水平： 0.0995440403814881
置信水平： 0.0995435426600419
置信水平： 0.09954304494108429
置信水平： 0.0995425472246153
置信水平： 0.09954204951063489
置信水平： 0.09954155179914305
置信水平： 0.09954105409013979
置信水平： 0.09954055638362506
置信水平： 0.09954005867959888
置信水平： 0.09953956097806123
置信水平： 0.09953906327901209
置信水平： 0.09953856558245146
置信水平： 0.09953806788837931
置信水平： 0.09953757019679564
置信水平： 0.09953707250770043
置信水平： 0.09953657482109368
置信水平： 0.09953607713697536
置信水平： 0.09953557945534547
置信水平： 0.09953508177620399
置信水平： 0.09953458409955092
置信水平： 0.09953408642538623
置信水平： 0.09953358875370993
置信水平： 0.09953309108452198
置信水平： 0.09953259341782239
置信水平： 0.09953209575361115
置信水平： 0.09953159809188822
置信水平： 0.09953110043265362
置信水平： 0.0995306027759073
置信水平： 0.09953010512164928
置信水平： 0.09952960746987954
置信水平： 0.09952910982059808
置信水平： 0.09952861217380486
置信水平： 0.09952811452949988
置信水平： 0.09952761688768312
置信水平： 0.09952711924835458
置信水平： 0.09952662161151425
置信水平： 0.0995261239771621
置信水平： 0.09952562634529814
bad
置信水平： 0.09952512871592234
置信水平： 0.0995246310890347
置信水平： 0.09952413346463518
置信水平： 0.0995236358427238
置信水平： 0.09952313822330054
置信水平： 0.09952264060636538
置信水平： 0.0995221429919183
置信水平： 0.09952164537995933
置信水平： 0.0995211477704884
置信水平： 0.09952065016350553
置信水平： 0.0995201525590107
置信水平： 0.09951965495700389
置信水平： 0.09951915735748512
置信水平： 0.09951865976045433
置信水平： 0.09951816216591154
置信水平： 0.09951766457385673
置信水平： 0.09951716698428989
置信水平： 0.09951666939721099
置信水平： 0.09951617181262006
置信水平： 0.09951567423051703
置信水平： 0.09951517665090193
置信水平： 0.09951467907377473
置信水平： 0.09951418149913543
置信水平： 0.099513683926984
置信水平： 0.09951318635732043
置信水平： 0.09951268879014473
置信水平： 0.09951219122545686
置信水平： 0.09951169366325684
置信水平： 0.09951119610354461
置信水平： 0.0995106985463202
置信水平： 0.09951020099158359
置信水平： 0.09950970343933474
置信水平： 0.09950920588957368
置信水平： 0.09950870834230036
置信水平： 0.09950821079751479
置信水平： 0.09950771325521694
置信水平： 0.09950721571540681
置信水平： 0.09950671817808439
置信水平： 0.09950622064324965
置信水平： 0.09950572311090261
置信水平： 0.09950522558104324
置信水平： 0.09950472805367151
置信水平： 0.09950423052878743
置信水平： 0.09950373300639098
置信水平： 0.09950323548648216
置信水平： 0.09950273796906092
置信水平： 0.09950224045412728
置信水平： 0.09950174294168124
置信水平： 0.09950124543172274
置信水平： 0.09950074792425183
置信水平： 0.09950025041926844
置信水平： 0.09949975291677259
置信水平： 0.09949925541676424
置信水平： 0.09949875791924342
置信水平： 0.09949826042421009
置信水平： 0.09949776293166424
置信水平： 0.09949726544160585
置信水平： 0.09949676795403492
置信水平： 0.09949627046895143
置信水平： 0.09949577298635538
置信水平： 0.09949527550624676
置信水平： 0.09949477802862552
置信水平： 0.09949428055349169
置信水平： 0.09949378308084525
置信水平： 0.09949328561068616
置信水平： 0.09949278814301443
置信水平： 0.09949229067783005
置信水平： 0.09949179321513302
置信水平： 0.09949129575492328
置信水平： 0.09949079829720087
置信水平： 0.09949030084196575
置信水平： 0.0994898033892179
置信水平： 0.09948930593895733
置信水平： 0.09948880849118402
置信水平： 0.09948831104589795
置信水平： 0.0994878136030991
置信水平： 0.0994873161627875
置信水平： 0.09948681872496308
置信水平： 0.09948632128962587
置信水平： 0.09948582385677583
置信水平： 0.09948532642641297
置信水平： 0.09948482899853728
置信水平： 0.09948433157314872
置信水平： 0.0994838341502473
置信水平： 0.09948333672983299
置信水平： 0.0994828393119058
置信水平： 0.0994823418964657
置信水平： 0.09948184448351267
置信水平： 0.09948134707304673
置信水平： 0.09948084966506784
置信水平： 0.09948035225957601
置信水平： 0.0994798548565712
置信水平： 0.09947935745605341
置信水平： 0.09947886005802264
置信水平： 0.09947836266247886
置信水平： 0.09947786526942207
置信水平： 0.09947736787885224
置信水平： 0.09947687049076936
置信水平： 0.09947637310517346
置信水平： 0.09947587572206447
置信水平： 0.0994753783414424
置信水平： 0.09947488096330726
置信水平： 0.09947438358765899
置信水平： 0.09947388621449763
置信水平： 0.09947338884382312
置信水平： 0.09947289147563548
置信水平： 0.09947239410993469
置信水平： 0.09947189674672074
置信水平： 0.0994713993859936
置信水平： 0.09947090202775327
置信水平： 0.09947040467199975
置信水平： 0.09946990731873301
置信水平： 0.09946940996795303
置信水平： 0.09946891261965982
置信水平： 0.09946841527385336
置信水平： 0.09946791793053363
置信水平： 0.09946742058970062
置信水平： 0.09946692325135432
置信水平： 0.09946642591549472
置信水平： 0.09946592858212182
bad
置信水平： 0.09946543125123558
置信水平： 0.09946493392283601
置信水平： 0.09946443659692307
置信水平： 0.09946393927349678
置信水平： 0.0994634419525571
置信水平： 0.09946294463410404
置信水平： 0.09946244731813758
置信水平： 0.0994619500046577
置信水平： 0.09946145269366441
置信水平： 0.09946095538515766
置信水平： 0.09946045807913748
置信水平： 0.09945996077560382
置信水平： 0.09945946347455668
置信水平： 0.09945896617599606
置信水平： 0.09945846887992194
置信水平： 0.0994579715863343
置信水平： 0.09945747429523315
置信水平： 0.09945697700661844
置信水平： 0.09945647972049021
置信水平： 0.09945598243684839
置信水平： 0.099455485155693
置信水平： 0.09945498787702403
置信水平： 0.09945449060084144
置信水平： 0.09945399332714526
置信水平： 0.09945349605593545
置信水平： 0.09945299878721199
置信水平： 0.0994525015209749
置信水平： 0.09945200425722413
置信水平： 0.09945150699595968
置信水平： 0.09945100973718156
置信水平： 0.09945051248088974
置信水平： 0.09945001522708419
置信水平： 0.09944951797576493
置信水平： 0.09944902072693192
置信水平： 0.09944852348058518
置信水平： 0.09944802623672466
置信水平： 0.09944752899535036
置信水平： 0.0994470317564623
置信水平： 0.09944653452006041
置信水平： 0.09944603728614473
bad
置信水平： 0.09944554005471523
置信水平： 0.09944504282577188
置信水平： 0.09944454559931469
置信水平： 0.09944404837534362
置信水平： 0.0994435511538587
置信水平： 0.09944305393485987
置信水平： 0.09944255671834716
置信水平： 0.09944205950432053
置信水平： 0.09944156229277998
置信水平： 0.0994410650837255
置信水平： 0.09944056787715705
置信水平： 0.09944007067307466
置信水平： 0.09943957347147829
置信水平： 0.09943907627236794
置信水平： 0.09943857907574358
置信水平： 0.09943808188160522
置信水平： 0.09943758468995283
置信水平： 0.0994370875007864
置信水平： 0.09943659031410594
置信水平： 0.0994360931299114
置信水平： 0.0994355959482028
置信水平： 0.0994350987689801
置信水平： 0.09943460159224332
置信水平： 0.09943410441799243
置信水平： 0.0994336072462274
置信水平： 0.09943311007694824
置信水平： 0.09943261291015494
置信水平： 0.09943211574584748
置信水平： 0.09943161858402584
置信水平： 0.09943112142469003
置信水平： 0.09943062426784001
置信水平： 0.09943012711347578
置信水平： 0.09942962996159734
置信水平： 0.09942913281220465
置信水平： 0.09942863566529772
置信水平： 0.09942813852087654
置信水平： 0.09942764137894107
置信水平： 0.09942714423949134
置信水平： 0.0994266471025273
置信水平： 0.09942614996804894
置信水平： 0.09942565283605627
置信水平： 0.09942515570654926
置信水平： 0.09942465857952792
置信水平： 0.09942416145499221
置信水平： 0.09942366433294213
置信水平： 0.09942316721337766
置信水平： 0.09942267009629879
置信水平： 0.09942217298170553
置信水平： 0.09942167586959784
置信水平： 0.09942117875997572
置信水平： 0.09942068165283915
置信水平： 0.09942018454818813
置信水平： 0.09941968744602263
置信水平： 0.09941919034634265
置信水平： 0.09941869324914816
置信水平： 0.0994181961544392
置信水平： 0.09941769906221569
置信水平： 0.09941720197247765
置信水平： 0.09941670488522507
置信水平： 0.09941620780045793
置信水平： 0.09941571071817622
置信水平： 0.09941521363837992
置信水平： 0.09941471656106904
置信水平： 0.09941421948624354
置信水平： 0.09941372241390344
置信水平： 0.09941322534404869
置信水平： 0.0994127282766793
置信水平： 0.09941223121179525
置信水平： 0.09941173414939654
置信水平： 0.09941123708948314
置信水平： 0.09941074003205505
置信水平： 0.09941024297711225
置信水平： 0.09940974592465474
置信水平： 0.09940924887468248
置信水平： 0.0994087518271955
置信水平： 0.09940825478219374
置信水平： 0.09940775773967722
置信水平： 0.09940726069964592
置信水平： 0.09940676366209983
置信水平： 0.09940626662703894
bad
置信水平： 0.09940576959446322
置信水平： 0.09940527256437266
置信水平： 0.09940477553676727
置信水平： 0.09940427851164703
置信水平： 0.09940378148901191
置信水平： 0.09940328446886192
置信水平： 0.09940278745119702
置信水平： 0.09940229043601723
置信水平： 0.09940179342332252
置信水平： 0.09940129641311288
置信水平： 0.09940079940538829
置信水平： 0.09940030240014874
置信水平： 0.09939980539739424
置信水平： 0.09939930839712474
置信水平： 0.09939881139934027
置信水平： 0.09939831440404079
置信水平： 0.09939781741122627
置信水平： 0.09939732042089675
置信水平： 0.09939682343305217
置信水平： 0.09939632644769254
置信水平： 0.09939582946481784
置信水平： 0.09939533248442807
置信水平： 0.0993948355065232
置信水平： 0.09939433853110324
置信水平： 0.09939384155816815
置信水平： 0.09939334458771792
置信水平： 0.09939284761975258
置信水平： 0.09939235065427204
置信水平： 0.09939185369127637
置信水平： 0.09939135673076552
置信水平： 0.09939085977273947
置信水平： 0.09939036281719821
置信水平： 0.09938986586414174
置信水平： 0.09938936891357004
置信水平： 0.09938887196548311
置信水平： 0.0993883750198809
置信水平： 0.09938787807676346
置信水平： 0.09938738113613071
置信水平： 0.0993868841979827
置信水平： 0.09938638726231935
置信水平： 0.09938589032914072
置信水平： 0.09938539339844675
置信水平： 0.09938489647023743
置信水平： 0.09938439954451277
置信水平： 0.09938390262127272
置信水平： 0.09938340570051732
置信水平： 0.09938290878224652
置信水平： 0.09938241186646032
置信水平： 0.0993819149531587
置信水平： 0.09938141804234166
置信水平： 0.09938092113400918
置信水平： 0.09938042422816123
置信水平： 0.09937992732479783
置信水平： 0.09937943042391896
置信水平： 0.0993789335255246
置信水平： 0.09937843662961474
置信水平： 0.09937793973618936
置信水平： 0.09937744284524844
置信水平： 0.09937694595679199
置信水平： 0.09937644907082
置信水平： 0.09937595218733243
置信水平： 0.0993754553063293
置信水平： 0.09937495842781056
置信水平： 0.09937446155177623
置信水平： 0.09937396467822629
置信水平： 0.09937346780716072
置信水平： 0.09937297093857951
置信水平： 0.09937247407248265
置信水平： 0.09937197720887013
置信水平： 0.09937148034774193
置信水平： 0.09937098348909805
置信水平： 0.09937048663293846
置信水平： 0.09936998977926315
置信水平： 0.09936949292807212
置信水平： 0.09936899607936538
置信水平： 0.09936849923314285
置信水平： 0.09936800238940457
置信水平： 0.09936750554815053
置信水平： 0.0993670087093807
置信水平： 0.09936651187309505
置信水平： 0.0993660150392936
置信水平： 0.09936551820797633
置信水平： 0.09936502137914321
置信水平： 0.09936452455279425
置信水平： 0.09936402772892942
置信水平： 0.09936353090754874
置信水平： 0.09936303408865214
置信水平： 0.09936253727223965
置信水平： 0.09936204045831126
置信水平： 0.09936154364686695
置信水平： 0.09936104683790668
置信水平： 0.09936055003143048
置信水平： 0.09936005322743831
置信水平： 0.09935955642593017
置信水平： 0.09935905962690604
置信水平： 0.09935856283036591
置信水平： 0.09935806603630977
置信水平： 0.09935756924473761
置信水平： 0.09935707245564941
置信水平： 0.09935657566904517
置信水平： 0.09935607888492487
置信水平： 0.09935558210328849
置信水平： 0.099355085324136
置信水平： 0.09935458854746745
置信水平： 0.09935409177328278
置信水平： 0.09935359500158197
置信水平： 0.09935309823236504
置信水平： 0.09935260146563196
置信水平： 0.09935210470138273
置信水平： 0.09935160793961732
置信水平： 0.09935111118033572
置信水平： 0.09935061442353793
置信水平： 0.09935011766922391
置信水平： 0.09934962091739369
置信水平： 0.09934912416804724
置信水平： 0.09934862742118453
置信水平： 0.09934813067680556
置信水平： 0.09934763393491032
置信水平： 0.0993471371954988
置信水平： 0.09934664045857097
bad
置信水平： 0.09934614372412685
置信水平： 0.0993456469921664
置信水平： 0.09934515026268961
置信水平： 0.09934465353569648
置信水平： 0.09934415681118698
置信水平： 0.09934366008916112
置信水平： 0.09934316336961888
置信水平： 0.09934266665256024
置信水平： 0.09934216993798518
置信水平： 0.09934167322589371
置信水平： 0.09934117651628582
置信水平： 0.09934067980916146
置信水平： 0.09934018310452065
置信水平： 0.09933968640236338
置信水平： 0.09933918970268962
置信水平： 0.09933869300549936
置信水平： 0.09933819631079259
置信水平： 0.09933769961856931
置信水平： 0.09933720292882948
置信水平： 0.09933670624157312
置信水平： 0.0993362095568002
置信水平： 0.0993357128745107
置信水平： 0.09933521619470465
置信水平： 0.09933471951738197
置信水平： 0.0993342228425427
置信水平： 0.0993337261701868
置信水平： 0.09933322950031427
置信水平： 0.0993327328329251
置信水平： 0.09933223616801928
置信水平： 0.09933173950559678
置信水平： 0.0993312428456576
置信水平： 0.09933074618820173
置信水平： 0.09933024953322915
置信水平： 0.09932975288073985
置信水平： 0.09932925623073383
置信水平： 0.09932875958321105
置信水平： 0.09932826293817153
置信水平： 0.09932776629561522
置信水平： 0.09932726965554214
置信水平： 0.09932677301795227
置信水平： 0.0993262763828456
置信水平： 0.0993257797502221
置信水平： 0.09932528312008176
置信水平： 0.0993247864924246
置信水平： 0.09932428986725057
置信水平： 0.09932379324455969
置信水平： 0.09932329662435191
置信水平： 0.09932280000662724
置信水平： 0.09932230339138566
置信水平： 0.09932180677862718
置信水平： 0.09932131016835176
置信水平： 0.09932081356055938
置信水平： 0.09932031695525007
置信水平： 0.09931982035242379
置信水平： 0.09931932375208052
置信水平： 0.09931882715422027
置信水平： 0.09931833055884301
置信水平： 0.09931783396594873
置信水平： 0.09931733737553743
置信水平： 0.09931684078760908
置信水平： 0.09931634420216368
置信水平： 0.0993158476192012
置信水平： 0.09931535103872166
置信水平： 0.09931485446072502
置信水平： 0.09931435788521127
置信水平： 0.09931386131218041
置信水平： 0.09931336474163244
置信水平： 0.0993128681735673
置信水平： 0.09931237160798502
置信水平： 0.09931187504488558
置信水平： 0.09931137848426895
置信水平： 0.09931088192613513
置信水平： 0.0993103853704841
置信水平： 0.09930988881731587
置信水平： 0.09930939226663041
置信水平： 0.0993088957184277
置信水平： 0.09930839917270774
置信水平： 0.09930790262947052
置信水平： 0.09930740608871602
置信水平： 0.09930690955044423
置信水平： 0.09930641301465513
置信水平： 0.09930591648134873
置信水平： 0.099305419950525
置信水平： 0.09930492342218392
置信水平： 0.0993044268963255
置信水平： 0.09930393037294971
置信水平： 0.09930343385205653
置信水平： 0.09930293733364598
置信水平： 0.09930244081771802
置信水平： 0.09930194430427264
置信水平： 0.09930144779330985
置信水平： 0.0993009512848296
置信水平： 0.09930045477883193
置信水平： 0.09929995827531676
置信水平： 0.09929946177428413
置信水平： 0.09929896527573401
置信水平： 0.0992984687796664
置信水平： 0.09929797228608127
置信水平： 0.0992974757949786
置信水平： 0.0992969793063584
置信水平： 0.09929648282022066
置信水平： 0.09929598633656535
置信水平： 0.09929548985539247
置信水平： 0.09929499337670199
置信水平： 0.09929449690049391
置信水平： 0.09929400042676823
置信水平： 0.09929350395552491
置信水平： 0.09929300748676395
置信水平： 0.09929251102048536
置信水平： 0.0992920145566891
置信水平： 0.09929151809537516
置信水平： 0.09929102163654353
置信水平： 0.09929052518019421
置信水平： 0.09929002872632718
置信水平： 0.09928953227494242
置信水平： 0.09928903582603991
置信水平： 0.09928853937961968
置信水平： 0.09928804293568166
置信水平： 0.09928754649422589
置信水平： 0.0992870500552523
bad
置信水平： 0.09928655361876093
置信水平： 0.09928605718475175
置信水平： 0.09928556075322476
置信水平： 0.09928506432417991
置信水平： 0.09928456789761723
置信水平： 0.09928407147353668
置信水平： 0.09928357505193826
置信水平： 0.09928307863282194
置信水平： 0.09928258221618774
置信水平： 0.09928208580203562
置信水平： 0.09928158939036558
置信水平： 0.0992810929811776
置信水平： 0.09928059657447169
置信水平： 0.0992801001702478
置信水平： 0.09927960376850595
置信水平： 0.09927910736924611
置信水平： 0.09927861097246826
置信水平： 0.09927811457817241
置信水平： 0.09927761818635855
置信水平： 0.09927712179702664
置信水平： 0.09927662541017668
置信水平： 0.09927612902580868
置信水平： 0.09927563264392258
置信水平： 0.09927513626451842
置信水平： 0.09927463988759616
置信水平： 0.09927414351315578
置信水平： 0.09927364714119728
置信水平： 0.09927315077172065
置信水平： 0.09927265440472588
置信水平： 0.09927215804021294
置信水平： 0.09927166167818183
置信水平： 0.09927116531863255
置信水平： 0.09927066896156506
置信水平： 0.09927017260697936
置信水平： 0.09926967625487544
置信水平： 0.0992691799052533
置信水平： 0.0992686835581129
置信水平： 0.09926818721345425
置信水平： 0.09926769087127732
置信水平： 0.09926719453158211
bad
置信水平： 0.09926669819436862
置信水平： 0.0992662018596368
置信水平： 0.09926570552738667
置信水平： 0.09926520919761822
置信水平： 0.0992647128703314
置信水平： 0.09926421654552625
置信水平： 0.0992637202232027
置信水平： 0.09926322390336079
置信水平： 0.09926272758600048
置信水平： 0.09926223127112177
置信水平： 0.09926173495872463
置信水平： 0.09926123864880905
置信水平： 0.09926074234137504
置信水平： 0.09926024603642257
置信水平： 0.09925974973395163
置信水平： 0.0992592534339622
置信水平： 0.0992587571364543
置信水平： 0.09925826084142787
置信水平： 0.09925776454888294
置信水平： 0.09925726825881948
置信水平： 0.09925677197123745
置信水平： 0.09925627568613687
置信水平： 0.09925577940351775
置信水平： 0.09925528312338003
置信水平： 0.09925478684572371
置信水平： 0.0992542905705488
置信水平： 0.09925379429785526
置信水平： 0.0992532980276431
置信水平： 0.09925280175991229
置信水平： 0.09925230549466282
置信水平： 0.0992518092318947
置信水平： 0.09925131297160789
置信水平： 0.09925081671380237
置信水平： 0.09925032045847818
置信水平： 0.09924982420563525
置信水平： 0.09924932795527358
置信水平： 0.0992488317073932
置信水平： 0.09924833546199403
置信水平： 0.09924783921907612
置信水平： 0.09924734297863942
置信水平： 0.09924684674068394
置信水平： 0.09924635050520964
置信水平： 0.09924585427221654
置信水平： 0.09924535804170459
置信水平： 0.09924486181367381
置信水平： 0.09924436558812419
置信水平： 0.09924386936505569
置信水平： 0.09924337314446831
置信水平： 0.09924287692636204
置信水平： 0.09924238071073688
置信水平： 0.09924188449759277
置信水平： 0.09924138828692976
置信水平： 0.09924089207874781
置信水平： 0.0992403958730469
置信水平： 0.09923989966982703
置信水平： 0.09923940346908817
置信水平： 0.09923890727083033
置信水平： 0.09923841107505349
置信水平： 0.09923791488175764
置信水平： 0.09923741869094274
置信水平： 0.09923692250260881
置信水平： 0.09923642631675583
置信水平： 0.09923593013338379
置信水平： 0.09923543395249268
置信水平： 0.09923493777408246
置信水平： 0.09923444159815314
置信水平： 0.09923394542470472
置信水平： 0.09923344925373717
置信水平： 0.09923295308525049
置信水平： 0.09923245691924465
置信水平： 0.09923196075571963
置信水平： 0.09923146459467545
置信水平： 0.09923096843611208
置信水平： 0.09923047228002951
置信水平： 0.09922997612642773
置信水平： 0.09922947997530672
置信水平： 0.09922898382666646
置信水平： 0.09922848768050696
置信水平： 0.09922799153682821
置信水平： 0.09922749539563017
置信水平： 0.09922699925691285
置信水平： 0.09922650312067621
置信水平： 0.09922600698692027
置信水平： 0.09922551085564502
置信水平： 0.09922501472685041
置信水平： 0.09922451860053647
置信水平： 0.09922402247670314
置信水平： 0.09922352635535046
置信水平： 0.09922303023647838
置信水平： 0.09922253412008691
置信水平： 0.09922203800617602
置信水平： 0.09922154189474572
置信水平： 0.09922104578579596
置信水平： 0.09922054967932677
置信水平： 0.09922005357533811
置信水平： 0.09921955747382999
置信水平： 0.09921906137480237
置信水平： 0.09921856527825525
置信水平： 0.09921806918418863
置信水平： 0.09921757309260247
置信水平： 0.09921707700349679
置信水平： 0.09921658091687155
置信水平： 0.09921608483272676
置信水平： 0.09921558875106239
置信水平： 0.09921509267187843
置信水平： 0.09921459659517488
置信水平： 0.09921410052095171
置信水平： 0.09921360444920893
置信水平： 0.09921310837994651
置信水平： 0.09921261231316444
置信水平： 0.09921211624886273
置信水平： 0.09921162018704133
置信水平： 0.09921112412770022
置信水平： 0.09921062807083945
置信水平： 0.09921013201645895
置信水平： 0.09920963596455874
置信水平： 0.0992091399151388
置信水平： 0.09920864386819911
置信水平： 0.09920814782373966
置信水平： 0.09920765178176043
bad
置信水平： 0.09920715574226142
置信水平： 0.09920665970524262
置信水平： 0.099206163670704
置信水平： 0.09920566763864558
置信水平： 0.0992051716090673
置信水平： 0.09920467558196919
置信水平： 0.09920417955735122
置信水平： 0.09920368353521337
置信水平： 0.09920318751555564
置信水平： 0.09920269149837802
置信水平： 0.09920219548368049
置信水平： 0.09920169947146305
置信水平： 0.09920120346172567
置信水平： 0.09920070745446834
置信水平： 0.09920021144969104
置信水平： 0.0991997154473938
置信水平： 0.09919921944757655
置信水平： 0.09919872345023933
置信水平： 0.0991982274553821
置信水平： 0.09919773146300483
置信水平： 0.09919723547310755
置信水平： 0.0991967394856902
置信水平： 0.0991962435007528
置信水平： 0.09919574751829535
置信水平： 0.0991952515383178
置信水平： 0.09919475556082018
置信水平： 0.09919425958580243
置信水平： 0.09919376361326457
置信水平： 0.09919326764320657
置信水平： 0.09919277167562844
置信水平： 0.09919227571053015
置信水平： 0.09919177974791168
置信水平： 0.09919128378777305
置信水平： 0.0991907878301142
置信水平： 0.09919029187493517
置信水平： 0.09918979592223592
置信水平： 0.09918929997201642
置信水平： 0.0991888040242767
置信水平： 0.09918830807901671
置信水平： 0.09918781213623645
置信水平： 0.09918731619593593
置信水平： 0.0991868202581151
置信水平： 0.09918632432277397
置信水平： 0.09918582838991252
置信水平： 0.09918533245953075
置信水平： 0.09918483653162863
置信水平： 0.09918434060620616
置信水平： 0.09918384468326331
置信水平： 0.0991833487628001
置信水平： 0.09918285284481648
置信水平： 0.09918235692931249
置信水平： 0.09918186101628805
置信水平： 0.09918136510574319
置信水平： 0.09918086919767788
置信水平： 0.09918037329209213
置信水平： 0.09917987738898593
置信水平： 0.09917938148835923
置信水平： 0.09917888559021204
置信水平： 0.09917838969454434
置信水平： 0.09917789380135614
置信水平： 0.09917739791064739
置信水平： 0.09917690202241813
置信水平： 0.0991764061366683
置信水平： 0.0991759102533979
置信水平： 0.09917541437260693
置信水平： 0.09917491849429538
置信水平： 0.09917442261846321
置信水平： 0.09917392674511044
置信水平： 0.09917343087423702
置信水平： 0.099172935005843
置信水平： 0.09917243913992829
置信水平： 0.09917194327649294
置信水平： 0.0991714474155369
置信水平： 0.09917095155706018
置信水平： 0.09917045570106275
置信水平： 0.09916995984754462
置信水平： 0.09916946399650574
置信水平： 0.09916896814794614
置信水平： 0.09916847230186578
置信水平： 0.09916797645826467
bad
置信水平： 0.09916748061714277
置信水平： 0.09916698477850008
置信水平： 0.0991664889423366
置信水平： 0.0991659931086523
置信水平： 0.09916549727744718
置信水平： 0.09916500144872123
置信水平： 0.09916450562247442
置信水平： 0.09916400979870674
置信水平： 0.09916351397741818
置信水平： 0.09916301815860876
置信水平： 0.09916252234227842
置信水平： 0.09916202652842718
置信水平： 0.09916153071705501
置信水平： 0.0991610349081619
置信水平： 0.09916053910174784
置信水平： 0.09916004329781282
置信水平： 0.09915954749635683
置信水平： 0.09915905169737985
置信水平： 0.09915855590088186
置信水平： 0.09915806010686287
置信水平： 0.09915756431532285
置信水平： 0.09915706852626181
置信水平： 0.0991565727396797
置信水平： 0.09915607695557654
置信水平： 0.09915558117395232
置信水平： 0.099155085394807
置信水平： 0.0991545896181406
置信水平： 0.09915409384395306
置信水平： 0.09915359807224441
置信水平： 0.09915310230301462
置信水平： 0.09915260653626369
置信水平： 0.0991521107719916
置信水平： 0.09915161501019833
置信水平： 0.09915111925088388
置信水平： 0.09915062349404824
置信水平： 0.09915012773969138
置信水平： 0.09914963198781329
置信水平： 0.09914913623841398
置信水平： 0.09914864049149343
置信水平： 0.09914814474705161
bad
置信水平： 0.09914764900508852
置信水平： 0.09914715326560414
置信水平： 0.09914665752859847
置信水平： 0.09914616179407149
置信水平： 0.09914566606202319
置信水平： 0.09914517033245356
置信水平： 0.09914467460536258
置信水平： 0.09914417888075024
置信水平： 0.09914368315861652
置信水平： 0.09914318743896143
置信水平： 0.09914269172178494
置信水平： 0.09914219600708704
置信水平： 0.09914170029486773
置信水平： 0.09914120458512699
置信水平： 0.09914070887786479
置信水平： 0.09914021317308114
置信水平： 0.099139717470776
置信水平： 0.09913922177094942
置信水平： 0.0991387260736013
置信水平： 0.0991382303787317
置信水平： 0.09913773468634057
置信水平： 0.09913723899642791
置信水平： 0.09913674330899372
置信水平： 0.09913624762403796
置信水平： 0.09913575194156063
置信水平： 0.09913525626156172
置信水平： 0.09913476058404122
置信水平： 0.09913426490899911
置信水平： 0.09913376923643538
置信水平： 0.09913327356635003
置信水平： 0.09913277789874303
置信水平： 0.09913228223361437
置信水平： 0.09913178657096404
置信水平： 0.09913129091079204
置信水平： 0.09913079525309834
置信水平： 0.09913029959788294
置信水平： 0.09912980394514581
置信水平： 0.09912930829488696
置信水平： 0.09912881264710637
置信水平： 0.09912831700180402
置信水平： 0.0991278213589799
置信水平： 0.099127325718634
置信水平： 0.09912683008076631
置信水平： 0.09912633444537683
置信水平： 0.0991258388124655
置信水平： 0.09912534318203237
置信水平： 0.09912484755407738
置信水平： 0.09912435192860056
置信水平： 0.09912385630560185
置信水平： 0.09912336068508126
置信水平： 0.0991228650670388
置信水平： 0.09912236945147443
置信水平： 0.09912187383838814
置信水平： 0.09912137822777992
置信水平： 0.09912088261964976
置信水平： 0.09912038701399764
置信水平： 0.09911989141082356
置信水平： 0.0991193958101275
置信水平： 0.09911890021190946
置信水平： 0.09911840461616941
置信水平： 0.09911790902290735
置信水平： 0.09911741343212326
置信水平： 0.09911691784381713
置信水平： 0.09911642225798895
置信水平： 0.09911592667463869
置信水平： 0.09911543109376636
置信水平： 0.09911493551537194
置信水平： 0.09911443993945543
置信水平： 0.0991139443660168
置信水平： 0.09911344879505604
置信水平： 0.09911295322657314
置信水平： 0.09911245766056809
置信水平： 0.09911196209704087
置信水平： 0.0991114665359915
置信水平： 0.09911097097741992
置信水平： 0.09911047542132613
置信水平： 0.09910997986771014
置信水平： 0.09910948431657192
置信水平： 0.09910898876791147
置信水平： 0.09910849322172877
置信水平： 0.09910799767802381
置信水平： 0.09910750213679655
置信水平： 0.09910700659804701
置信水平： 0.09910651106177519
置信水平： 0.09910601552798104
置信水平： 0.09910551999666457
置信水平： 0.09910502446782576
置信水平： 0.09910452894146461
置信水平： 0.0991040334175811
置信水平： 0.09910353789617521
置信水平： 0.09910304237724693
置信水平： 0.09910254686079624
置信水平： 0.09910205134682315
置信水平： 0.09910155583532765
置信水平： 0.09910106032630969
置信水平： 0.0991005648197693
置信水平： 0.09910006931570643
置信水平： 0.0990995738141211
置信水平： 0.09909907831501329
置信水平： 0.09909858281838296
置信水平： 0.09909808732423014
置信水平： 0.09909759183255479
置信水平： 0.0990970963433569
置信水平： 0.09909660085663646
置信水平： 0.09909610537239347
置信水平： 0.0990956098906279
置信水平： 0.09909511441133975
置信水平： 0.099094618934529
置信水平： 0.09909412346019564
置信水平： 0.09909362798833965
置信水平： 0.09909313251896104
置信水平： 0.09909263705205978
置信水平： 0.09909214158763585
置信水平： 0.09909164612568927
置信水平： 0.09909115066621998
置信水平： 0.09909065520922801
置信水平： 0.09909015975471333
置信水平： 0.09908966430267592
置信水平： 0.09908916885311579
置信水平： 0.0990886734060329
bad
置信水平： 0.09908817796142726
置信水平： 0.09908768251929884
置信水平： 0.09908718707964764
置信水平： 0.09908669164247366
置信水平： 0.09908619620777687
置信水平： 0.09908570077555723
置信水平： 0.09908520534581478
置信水平： 0.0990847099185495
