[36;1mSaving config:
[0m
{
    "args":	null,
    "env":	null,
    "exp_name":	"HER_mpi1_random_TD3Torch_PandaReach-v2",
    "logger":	null,
    "logger_kwargs":	{
        "exp_name":	"HER_mpi1_random_TD3Torch_PandaReach-v2",
        "output_dir":	"HER_DRLib_Torch_exps/2022-12-24_HER_mpi1_random_TD3Torch_PandaReach-v2/2022-12-24_15-37-42-HER_mpi1_random_TD3Torch_PandaReach-v2_s300"
    },
    "net":	null
}
bad
bad
bad
bad
bad
bad
bad
bad
bad
bad
bad
bad
bad
bad
bad
---------------------------------------
|             Epoch |               0 |
|             EpRet |           -12.4 |
|         EpRealRet |           -12.4 |
|         TestEpRet |             -12 |
|         AverageQ1 |           -11.8 |
|             StdQ1 |            3.81 |
|             MaxQ1 |          0.0113 |
|             MinQ1 |           -32.3 |
|                Q2 |           -11.8 |
|       TestSuccess |               0 |
| TotalEnvInteracts |        1.97e+05 |
|         TotalTime |            31.4 |
---------------------------------------
bad
bad
bad
bad
bad
bad
bad
bad
right
bad
bad
bad
bad
bad
bad
bad
bad
---------------------------------------
|             Epoch |               1 |
|             EpRet |           -11.6 |
|         EpRealRet |           -11.6 |
|         TestEpRet |           -8.62 |
|         AverageQ1 |           -15.3 |
|             StdQ1 |            3.64 |
|             MaxQ1 |           -7.18 |
|             MinQ1 |             -36 |
|                Q2 |           -15.3 |
|       TestSuccess |               0 |
| TotalEnvInteracts |        3.98e+05 |
|         TotalTime |            63.8 |
---------------------------------------
right
bad
bad
bad
bad
right
bad
bad
bad
bad
right
right
bad
bad
right
bad
bad
bad
bad
bad
right
bad
bad
---------------------------------------
|             Epoch |               2 |
|             EpRet |           -10.2 |
|         EpRealRet |           -10.2 |
|         TestEpRet |           -11.9 |
|         AverageQ1 |           -16.3 |
|             StdQ1 |            3.48 |
|             MaxQ1 |           -9.15 |
|             MinQ1 |           -42.9 |
|                Q2 |           -16.3 |
|       TestSuccess |               0 |
| TotalEnvInteracts |        5.99e+05 |
|         TotalTime |            99.6 |
---------------------------------------
bad
bad
right
bad
bad
bad
bad
right
bad
right
bad
bad
bad
bad
bad
bad
---------------------------------------
|             Epoch |               3 |
|             EpRet |           -11.2 |
|         EpRealRet |           -11.2 |
|         TestEpRet |           -7.74 |
|         AverageQ1 |           -17.7 |
|             StdQ1 |            3.13 |
|             MaxQ1 |           -12.6 |
|             MinQ1 |           -43.9 |
|                Q2 |           -17.7 |
|       TestSuccess |               0 |
| TotalEnvInteracts |           8e+05 |
|         TotalTime |             135 |
---------------------------------------
bad
bad
bad
bad
bad
bad
bad
bad
bad
bad
right
right
bad
right
right
right
bad
bad
bad
right
right
right
bad
bad
bad
bad
right
right
right
bad
right
right
right
---------------------------------------
|             Epoch |               4 |
|             EpRet |           -10.1 |
|         EpRealRet |           -10.1 |
|         TestEpRet |            -7.5 |
|         AverageQ1 |           -20.3 |
|             StdQ1 |               3 |
|             MaxQ1 |           -14.9 |
|             MinQ1 |           -46.2 |
|                Q2 |           -20.3 |
|       TestSuccess |               0 |
| TotalEnvInteracts |           1e+06 |
|         TotalTime |             170 |
---------------------------------------
bad
bad
right
right
bad
bad
right
right
bad
bad
bad
right
right
bad
right
bad
bad
right
bad
bad
bad
bad
right
bad
bad
bad
right
right
right
right
bad
right
right
right
right
right
bad
right
right
right
bad
right
bad
right
right
right
bad
very well
epoch: 5 	ep: 47 	ep_rew: 93.704001688197 	time: 0.388 	done: 1
bad
right
right
right
right
right
right
right
right
right
right
---------------------------------------
|             Epoch |               5 |
|             EpRet |           -8.94 |
|         EpRealRet |           -8.94 |
|         TestEpRet |            -2.9 |
|         AverageQ1 |           -21.8 |
|             StdQ1 |            3.01 |
|             MaxQ1 |           -17.2 |
|             MinQ1 |           -46.7 |
|                Q2 |           -21.8 |
|       TestSuccess |               0 |
| TotalEnvInteracts |         1.2e+06 |
|         TotalTime |             207 |
---------------------------------------
right
bad
bad
bad
bad
bad
right
right
bad
bad
bad
bad
bad
right
bad
right
bad
right
right
right
bad
bad
right
bad
bad
bad
bad
bad
bad
right
bad
bad
bad
right
right
bad
bad
bad
right
bad
bad
bad
---------------------------------------
|             Epoch |               6 |
|             EpRet |             -11 |
|         EpRealRet |             -11 |
|         TestEpRet |             -10 |
|         AverageQ1 |           -23.1 |
|             StdQ1 |            2.99 |
|             MaxQ1 |           -18.4 |
|             MinQ1 |           -46.9 |
|                Q2 |           -23.1 |
|       TestSuccess |               0 |
| TotalEnvInteracts |         1.4e+06 |
|         TotalTime |             244 |
---------------------------------------
bad
bad
bad
right
right
right
bad
bad
bad
bad
bad
bad
right
bad
right
bad
bad
bad
bad
bad
bad
bad
bad
---------------------------------------
|             Epoch |               7 |
|             EpRet |           -10.4 |
|         EpRealRet |           -10.4 |
|         TestEpRet |           -12.8 |
|         AverageQ1 |           -24.7 |
|             StdQ1 |            2.82 |
|             MaxQ1 |           -19.1 |
|             MinQ1 |           -45.9 |
|                Q2 |           -24.7 |
|       TestSuccess |               0 |
| TotalEnvInteracts |         1.6e+06 |
|         TotalTime |             282 |
---------------------------------------
bad
bad
bad
bad
bad
bad
bad
bad
bad
bad
right
bad
bad
bad
bad
bad
right
bad
bad
right
right
bad
bad
right
bad
---------------------------------------
|             Epoch |               8 |
|             EpRet |           -11.3 |
|         EpRealRet |           -11.3 |
|         TestEpRet |           -8.92 |
|         AverageQ1 |           -25.7 |
|             StdQ1 |            2.93 |
|             MaxQ1 |           -20.9 |
|             MinQ1 |           -46.3 |
|                Q2 |           -25.7 |
|       TestSuccess |               0 |
| TotalEnvInteracts |         1.8e+06 |
|         TotalTime |             320 |
---------------------------------------
right
bad
bad
bad
bad
bad
bad
right
bad
right
bad
bad
bad
bad
bad
bad
bad
bad
bad
bad
bad
bad
bad
bad
right
bad
bad
bad
bad
bad
bad
---------------------------------------
|             Epoch |               9 |
|             EpRet |             -12 |
|         EpRealRet |             -12 |
|         TestEpRet |           -11.5 |
|         AverageQ1 |           -27.1 |
|             StdQ1 |            2.98 |
|             MaxQ1 |           -20.9 |
|             MinQ1 |           -47.1 |
|                Q2 |           -27.1 |
|       TestSuccess |               0 |
| TotalEnvInteracts |        2.01e+06 |
|         TotalTime |             359 |
---------------------------------------
bad
bad
bad
right
bad
bad
bad
bad
bad
right
bad
bad
bad
bad
bad
bad
bad
bad
bad
---------------------------------------
|             Epoch |              10 |
|             EpRet |           -11.9 |
|         EpRealRet |           -11.9 |
|         TestEpRet |           -12.8 |
|         AverageQ1 |           -31.5 |
|             StdQ1 |            3.06 |
|             MaxQ1 |           -24.3 |
|             MinQ1 |           -49.8 |
|                Q2 |           -31.5 |
|       TestSuccess |               0 |
| TotalEnvInteracts |        2.21e+06 |
|         TotalTime |             398 |
---------------------------------------
bad
bad
bad
bad
bad
bad
bad
bad
bad
bad
bad
bad
bad
bad
bad
bad
bad
bad
bad
bad
bad
bad
bad
bad
---------------------------------------
|             Epoch |              11 |
|             EpRet |           -11.8 |
|         EpRealRet |           -11.8 |
|         TestEpRet |             -13 |
|         AverageQ1 |           -35.7 |
|             StdQ1 |            2.98 |
|             MaxQ1 |           -28.7 |
|             MinQ1 |           -52.8 |
|                Q2 |           -35.7 |
|       TestSuccess |               0 |
| TotalEnvInteracts |        2.41e+06 |
|         TotalTime |             437 |
---------------------------------------
bad
bad
bad
bad
bad
bad
bad
bad
bad
bad
bad
bad
bad
bad
bad
bad
bad
bad
---------------------------------------
|             Epoch |              12 |
|             EpRet |           -12.5 |
|         EpRealRet |           -12.5 |
|         TestEpRet |           -12.4 |
|         AverageQ1 |           -39.1 |
|             StdQ1 |            2.84 |
|             MaxQ1 |           -30.5 |
|             MinQ1 |           -59.5 |
|                Q2 |           -39.1 |
|       TestSuccess |               0 |
| TotalEnvInteracts |        2.61e+06 |
|         TotalTime |             477 |
---------------------------------------
bad
bad
bad
bad
bad
bad
bad
bad
bad
bad
bad
bad
bad
bad
bad
bad
bad
bad
bad
bad
bad
bad
---------------------------------------
|             Epoch |              13 |
|             EpRet |           -12.1 |
|         EpRealRet |           -12.1 |
|         TestEpRet |           -12.5 |
|         AverageQ1 |           -41.8 |
|             StdQ1 |            2.39 |
|             MaxQ1 |           -33.1 |
|             MinQ1 |           -54.8 |
|                Q2 |           -41.8 |
|       TestSuccess |               0 |
| TotalEnvInteracts |        2.81e+06 |
|         TotalTime |             518 |
---------------------------------------
bad
bad
bad
bad
bad
bad
bad
bad
bad
bad
bad
bad
bad
bad
bad
bad
bad
bad
---------------------------------------
|             Epoch |              14 |
|             EpRet |           -12.2 |
|         EpRealRet |           -12.2 |
|         TestEpRet |           -11.4 |
|         AverageQ1 |           -43.2 |
|             StdQ1 |            1.96 |
|             MaxQ1 |           -31.7 |
|             MinQ1 |           -56.8 |
|                Q2 |           -43.2 |
|       TestSuccess |               0 |
| TotalEnvInteracts |        3.01e+06 |
|         TotalTime |             558 |
---------------------------------------
bad
bad
bad
bad
bad
bad
bad
bad
bad
bad
bad
bad
bad
bad
---------------------------------------
|             Epoch |              15 |
|             EpRet |           -11.6 |
|         EpRealRet |           -11.6 |
|         TestEpRet |             -11 |
|         AverageQ1 |             -44 |
|             StdQ1 |            1.75 |
|             MaxQ1 |           -28.8 |
|             MinQ1 |           -54.3 |
|                Q2 |             -44 |
|       TestSuccess |               0 |
| TotalEnvInteracts |        3.21e+06 |
|         TotalTime |             598 |
---------------------------------------
bad
bad
bad
bad
bad
bad
bad
bad
bad
bad
bad
bad
bad
bad
bad
bad
bad
---------------------------------------
|             Epoch |              16 |
|             EpRet |           -11.4 |
|         EpRealRet |           -11.4 |
|         TestEpRet |           -10.3 |
|         AverageQ1 |           -44.5 |
|             StdQ1 |            1.64 |
|             MaxQ1 |           -26.8 |
|             MinQ1 |           -53.7 |
|                Q2 |           -44.5 |
|       TestSuccess |               0 |
| TotalEnvInteracts |        3.41e+06 |
|         TotalTime |             640 |
---------------------------------------
bad
bad
bad
bad
bad
bad
bad
bad
bad
bad
bad
bad
bad
bad
bad
bad
bad
bad
bad
bad
bad
bad
bad
bad
bad
bad
---------------------------------------
|             Epoch |              17 |
|             EpRet |             -12 |
|         EpRealRet |             -12 |
|         TestEpRet |           -9.31 |
|         AverageQ1 |           -44.5 |
|             StdQ1 |             1.7 |
|             MaxQ1 |           -24.7 |
|             MinQ1 |           -53.7 |
|                Q2 |           -44.5 |
|       TestSuccess |               0 |
| TotalEnvInteracts |        3.61e+06 |
|         TotalTime |             682 |
---------------------------------------
bad
bad
bad
bad
bad
bad
bad
bad
bad
bad
bad
bad
bad
bad
bad
bad
bad
right
bad
bad
bad
---------------------------------------
|             Epoch |              18 |
|             EpRet |           -11.7 |
|         EpRealRet |           -11.7 |
|         TestEpRet |           -10.4 |
|         AverageQ1 |           -43.6 |
|             StdQ1 |             2.5 |
|             MaxQ1 |           -22.5 |
|             MinQ1 |           -54.3 |
|                Q2 |           -43.6 |
|       TestSuccess |               0 |
| TotalEnvInteracts |        3.82e+06 |
|         TotalTime |             722 |
---------------------------------------
bad
right
right
bad
bad
right
bad
bad
right
bad
bad
bad
bad
bad
right
bad
bad
bad
bad
bad
bad
bad
bad
bad
right
right
bad
bad
right
right
right
right
right
right
right
right
right
right
right
right
right
right
right
right
right
right
right
right
---------------------------------------
|             Epoch |              19 |
|             EpRet |           -10.6 |
|         EpRealRet |           -10.6 |
|         TestEpRet |            -4.4 |
|         AverageQ1 |           -38.3 |
|             StdQ1 |            3.22 |
|             MaxQ1 |             -22 |
|             MinQ1 |           -54.1 |
|                Q2 |           -38.3 |
|       TestSuccess |               0 |
| TotalEnvInteracts |        4.02e+06 |
|         TotalTime |             764 |
---------------------------------------
bad
bad
right
right
right
right
right
bad
bad
bad
bad
bad
bad
bad
bad
bad
bad
right
right
bad
bad
bad
bad
bad
bad
bad
bad
---------------------------------------
|             Epoch |              20 |
|             EpRet |           -10.8 |
|         EpRealRet |           -10.8 |
|         TestEpRet |           -7.67 |
|         AverageQ1 |             -36 |
|             StdQ1 |            2.96 |
|             MaxQ1 |           -18.3 |
|             MinQ1 |           -52.8 |
|                Q2 |             -36 |
|       TestSuccess |               0 |
| TotalEnvInteracts |        4.22e+06 |
|         TotalTime |             805 |
---------------------------------------
bad
bad
bad
bad
bad
bad
bad
bad
bad
bad
bad
bad
bad
bad
bad
bad
bad
bad
bad
bad
bad
---------------------------------------
|             Epoch |              21 |
|             EpRet |           -11.5 |
|         EpRealRet |           -11.5 |
|         TestEpRet |           -9.03 |
|         AverageQ1 |           -35.6 |
|             StdQ1 |            3.11 |
|             MaxQ1 |           -22.2 |
|             MinQ1 |           -56.2 |
|                Q2 |           -35.6 |
|       TestSuccess |               0 |
| TotalEnvInteracts |        4.42e+06 |
|         TotalTime |             848 |
---------------------------------------
bad
bad
bad
bad
bad
bad
right
bad
bad
bad
bad
bad
---------------------------------------
|             Epoch |              22 |
|             EpRet |           -10.8 |
|         EpRealRet |           -10.8 |
|         TestEpRet |           -8.91 |
|         AverageQ1 |           -34.8 |
|             StdQ1 |            3.15 |
|             MaxQ1 |           -21.1 |
|             MinQ1 |           -53.8 |
|                Q2 |           -34.8 |
|       TestSuccess |               0 |
| TotalEnvInteracts |        4.62e+06 |
|         TotalTime |             890 |
---------------------------------------
bad
bad
bad
bad
bad
bad
bad
bad
bad
