[36;1mSaving config:
[0m
{
    "args":	null,
    "env":	null,
    "exp_name":	"HER_mpi1_random_TD3Torch_PandaReach-v2",
    "logger":	null,
    "logger_kwargs":	{
        "exp_name":	"HER_mpi1_random_TD3Torch_PandaReach-v2",
        "output_dir":	"HER_DRLib_Torch_exps/2022-12-26_HER_mpi1_random_TD3Torch_PandaReach-v2/2022-12-26_21-24-32-HER_mpi1_random_TD3Torch_PandaReach-v2_s300"
    },
    "net":	null
}
bad
bad
bad
bad
bad
bad
bad
bad
bad
bad
bad
bad
bad
bad
---------------------------------------
|             Epoch |               0 |
|             EpRet |           -11.2 |
|         EpRealRet |           -11.2 |
|         TestEpRet |           -17.8 |
|         AverageQ1 |           -16.3 |
|             StdQ1 |            6.25 |
|             MaxQ1 |          0.0113 |
|             MinQ1 |           -45.3 |
|                Q2 |           -16.3 |
|       TestSuccess |               0 |
| TotalEnvInteracts |        1.97e+05 |
|         TotalTime |            31.5 |
---------------------------------------
bad
bad
bad
bad
bad
bad
bad
bad
bad
bad
bad
bad
bad
bad
right
bad
bad
---------------------------------------
|             Epoch |               1 |
|             EpRet |           -10.9 |
|         EpRealRet |           -10.9 |
|         TestEpRet |           -16.1 |
|         AverageQ1 |           -32.8 |
|             StdQ1 |            7.85 |
|             MaxQ1 |           -16.3 |
|             MinQ1 |           -54.5 |
|                Q2 |           -32.8 |
|       TestSuccess |               0 |
| TotalEnvInteracts |        3.98e+05 |
|         TotalTime |            61.9 |
---------------------------------------
bad
bad
bad
bad
bad
bad
bad
bad
bad
bad
bad
bad
bad
bad
bad
---------------------------------------
|             Epoch |               2 |
|             EpRet |             -11 |
|         EpRealRet |             -11 |
|         TestEpRet |           -14.1 |
|         AverageQ1 |           -47.7 |
|             StdQ1 |            2.51 |
|             MaxQ1 |           -38.4 |
|             MinQ1 |           -54.2 |
|                Q2 |           -47.7 |
|       TestSuccess |               0 |
| TotalEnvInteracts |        5.99e+05 |
|         TotalTime |            91.7 |
---------------------------------------
bad
bad
bad
bad
bad
bad
bad
bad
bad
bad
bad
bad
bad
bad
bad
---------------------------------------
|             Epoch |               3 |
|             EpRet |           -10.9 |
|         EpRealRet |           -10.9 |
|         TestEpRet |           -10.4 |
|         AverageQ1 |           -49.5 |
|             StdQ1 |           0.665 |
|             MaxQ1 |             -39 |
|             MinQ1 |           -52.1 |
|                Q2 |           -49.5 |
|       TestSuccess |               0 |
| TotalEnvInteracts |           8e+05 |
|         TotalTime |             127 |
---------------------------------------
bad
bad
bad
bad
bad
bad
bad
bad
bad
bad
bad
bad
right
bad
bad
bad
bad
bad
bad
bad
---------------------------------------
|             Epoch |               4 |
|             EpRet |           -10.6 |
|         EpRealRet |           -10.6 |
|         TestEpRet |           -8.52 |
|         AverageQ1 |           -49.4 |
|             StdQ1 |           0.679 |
|             MaxQ1 |           -38.5 |
|             MinQ1 |           -51.9 |
|                Q2 |           -49.4 |
|       TestSuccess |               0 |
| TotalEnvInteracts |           1e+06 |
|         TotalTime |             158 |
---------------------------------------
bad
bad
bad
bad
bad
bad
bad
bad
bad
bad
bad
bad
bad
bad
bad
bad
right
bad
bad
bad
bad
bad
bad
bad
bad
bad
bad
bad
---------------------------------------
|             Epoch |               5 |
|             EpRet |           -10.3 |
|         EpRealRet |           -10.3 |
|         TestEpRet |           -8.01 |
|         AverageQ1 |           -49.2 |
|             StdQ1 |           0.837 |
|             MaxQ1 |           -37.7 |
|             MinQ1 |           -51.7 |
|                Q2 |           -49.2 |
|       TestSuccess |               0 |
| TotalEnvInteracts |         1.2e+06 |
|         TotalTime |             189 |
---------------------------------------
bad
bad
bad
bad
bad
bad
bad
bad
bad
bad
bad
bad
bad
bad
bad
bad
bad
bad
bad
bad
bad
bad
bad
bad
bad
bad
bad
bad
bad
bad
bad
bad
bad
bad
---------------------------------------
|             Epoch |               6 |
|             EpRet |           -10.6 |
|         EpRealRet |           -10.6 |
|         TestEpRet |           -8.23 |
|         AverageQ1 |           -49.2 |
|             StdQ1 |           0.913 |
|             MaxQ1 |           -37.7 |
|             MinQ1 |           -51.6 |
|                Q2 |           -49.2 |
|       TestSuccess |               0 |
| TotalEnvInteracts |         1.4e+06 |
|         TotalTime |             221 |
---------------------------------------
bad
bad
bad
bad
bad
bad
bad
bad
bad
bad
bad
bad
bad
bad
bad
bad
bad
bad
bad
bad
bad
bad
bad
bad
bad
bad
bad
bad
bad
bad
bad
---------------------------------------
|             Epoch |               7 |
|             EpRet |           -10.7 |
|         EpRealRet |           -10.7 |
|         TestEpRet |           -8.21 |
|         AverageQ1 |           -49.1 |
|             StdQ1 |           0.931 |
|             MaxQ1 |           -37.7 |
|             MinQ1 |           -52.3 |
|                Q2 |           -49.1 |
|       TestSuccess |               0 |
| TotalEnvInteracts |         1.6e+06 |
|         TotalTime |             253 |
---------------------------------------
bad
bad
bad
bad
bad
bad
bad
bad
bad
bad
bad
bad
bad
bad
bad
bad
bad
bad
bad
bad
bad
bad
bad
bad
bad
bad
---------------------------------------
|             Epoch |               8 |
|             EpRet |           -11.3 |
|         EpRealRet |           -11.3 |
|         TestEpRet |           -8.54 |
|         AverageQ1 |           -48.9 |
|             StdQ1 |            1.01 |
|             MaxQ1 |             -38 |
|             MinQ1 |           -51.5 |
|                Q2 |           -48.9 |
|       TestSuccess |               0 |
| TotalEnvInteracts |         1.8e+06 |
|         TotalTime |             286 |
---------------------------------------
bad
bad
bad
bad
bad
bad
bad
bad
bad
bad
bad
bad
bad
bad
bad
bad
bad
bad
bad
bad
bad
bad
bad
bad
bad
bad
bad
bad
---------------------------------------
|             Epoch |               9 |
|             EpRet |           -11.3 |
|         EpRealRet |           -11.3 |
|         TestEpRet |           -8.94 |
|         AverageQ1 |           -48.3 |
|             StdQ1 |            1.35 |
|             MaxQ1 |           -37.6 |
|             MinQ1 |           -52.8 |
|                Q2 |           -48.3 |
|       TestSuccess |               0 |
| TotalEnvInteracts |        2.01e+06 |
|         TotalTime |       -2.85e+04 |
---------------------------------------
bad
bad
bad
bad
bad
bad
bad
bad
bad
bad
bad
bad
bad
bad
bad
bad
bad
bad
bad
bad
bad
bad
bad
bad
---------------------------------------
|             Epoch |              10 |
|             EpRet |           -11.2 |
|         EpRealRet |           -11.2 |
|         TestEpRet |           -9.46 |
|         AverageQ1 |           -48.4 |
|             StdQ1 |            1.25 |
|             MaxQ1 |           -37.8 |
|             MinQ1 |           -52.3 |
|                Q2 |           -48.4 |
|       TestSuccess |               0 |
| TotalEnvInteracts |        2.21e+06 |
|         TotalTime |       -2.84e+04 |
---------------------------------------
bad
bad
bad
bad
bad
bad
right
right
bad
bad
bad
bad
right
right
bad
bad
bad
bad
bad
bad
bad
bad
bad
bad
bad
bad
bad
bad
bad
bad
bad
bad
bad
bad
bad
---------------------------------------
|             Epoch |              11 |
|             EpRet |           -9.94 |
|         EpRealRet |           -9.94 |
|         TestEpRet |          -0.427 |
|         AverageQ1 |           -47.2 |
|             StdQ1 |            2.29 |
|             MaxQ1 |           -35.5 |
|             MinQ1 |           -61.9 |
|                Q2 |           -47.2 |
|       TestSuccess |               0 |
| TotalEnvInteracts |        2.41e+06 |
|         TotalTime |       -2.84e+04 |
---------------------------------------
bad
bad
bad
bad
right
bad
right
right
bad
bad
bad
right
bad
bad
right
bad
right
bad
right
bad
bad
right
bad
right
bad
bad
bad
right
right
right
right
right
right
right
right
right
right
right
right
right
right
right
right
right
right
right
right
---------------------------------------
|             Epoch |              12 |
|             EpRet |           -8.21 |
|         EpRealRet |           -8.21 |
|         TestEpRet |            9.54 |
|         AverageQ1 |           -47.2 |
|             StdQ1 |            2.13 |
|             MaxQ1 |           -34.6 |
|             MinQ1 |           -60.3 |
|                Q2 |           -47.2 |
|       TestSuccess |               0 |
| TotalEnvInteracts |        2.61e+06 |
|         TotalTime |       -2.84e+04 |
---------------------------------------
bad
bad
bad
bad
right
right
bad
bad
right
right
right
bad
bad
bad
bad
bad
right
bad
bad
bad
right
bad
bad
bad
right
right
bad
bad
right
right
right
right
right
right
right
right
right
right
right
right
right
right
right
right
right
right
right
right
---------------------------------------
|             Epoch |              13 |
|             EpRet |           -8.33 |
|         EpRealRet |           -8.33 |
|         TestEpRet |            9.62 |
|         AverageQ1 |           -47.1 |
|             StdQ1 |            2.35 |
|             MaxQ1 |           -34.9 |
|             MinQ1 |           -55.2 |
|                Q2 |           -47.1 |
|       TestSuccess |               0 |
| TotalEnvInteracts |        2.81e+06 |
|         TotalTime |       -2.83e+04 |
---------------------------------------
bad
right
bad
right
right
bad
bad
bad
bad
right
bad
bad
bad
bad
bad
bad
bad
bad
bad
right
right
right
right
right
right
right
right
right
right
---------------------------------------
|             Epoch |              14 |
|             EpRet |           -9.12 |
|         EpRealRet |           -9.12 |
|         TestEpRet |            9.69 |
|         AverageQ1 |           -47.3 |
|             StdQ1 |            2.19 |
|             MaxQ1 |           -36.9 |
|             MinQ1 |           -56.5 |
|                Q2 |           -47.3 |
|       TestSuccess |               0 |
| TotalEnvInteracts |        3.01e+06 |
|         TotalTime |       -2.83e+04 |
---------------------------------------
bad
bad
right
right
bad
right
bad
bad
bad
bad
bad
bad
bad
right
bad
bad
bad
bad
bad
bad
bad
bad
bad
bad
right
right
right
right
right
right
right
right
right
right
right
right
right
right
right
right
right
right
right
right
---------------------------------------
|             Epoch |              15 |
|             EpRet |            -9.3 |
|         EpRealRet |            -9.3 |
|         TestEpRet |            9.73 |
|         AverageQ1 |           -47.6 |
|             StdQ1 |            2.04 |
|             MaxQ1 |           -36.5 |
|             MinQ1 |           -54.7 |
|                Q2 |           -47.6 |
|       TestSuccess |               0 |
| TotalEnvInteracts |        3.21e+06 |
|         TotalTime |       -2.82e+04 |
---------------------------------------
bad
bad
right
bad
right
bad
bad
right
bad
bad
right
bad
bad
bad
bad
bad
bad
bad
right
bad
bad
right
right
bad
right
right
right
right
right
right
right
right
right
right
---------------------------------------
|             Epoch |              16 |
|             EpRet |           -8.79 |
|         EpRealRet |           -8.79 |
|         TestEpRet |          -0.547 |
|         AverageQ1 |           -47.7 |
|             StdQ1 |            2.05 |
|             MaxQ1 |           -37.1 |
|             MinQ1 |           -54.1 |
|                Q2 |           -47.7 |
|       TestSuccess |               0 |
| TotalEnvInteracts |        3.41e+06 |
|         TotalTime |       -2.82e+04 |
---------------------------------------
bad
bad
bad
bad
bad
bad
bad
right
bad
bad
bad
right
right
right
right
bad
right
right
right
right
right
bad
right
bad
bad
bad
bad
bad
bad
bad
right
bad
right
right
right
right
right
right
right
right
right
right
right
right
right
right
right
right
right
right
right
right
---------------------------------------
|             Epoch |              17 |
|             EpRet |           -7.56 |
|         EpRealRet |           -7.56 |
|         TestEpRet |            9.55 |
|         AverageQ1 |           -47.4 |
|             StdQ1 |            2.19 |
|             MaxQ1 |           -36.7 |
|             MinQ1 |           -54.4 |
|                Q2 |           -47.4 |
|       TestSuccess |               0 |
| TotalEnvInteracts |        3.61e+06 |
|         TotalTime |       -2.82e+04 |
---------------------------------------
bad
bad
bad
bad
bad
bad
bad
right
bad
right
bad
bad
bad
right
bad
bad
bad
bad
bad
bad
right
bad
right
bad
bad
right
bad
bad
bad
bad
bad
bad
bad
bad
bad
bad
bad
bad
---------------------------------------
|             Epoch |              18 |
|             EpRet |           -9.07 |
|         EpRealRet |           -9.07 |
|         TestEpRet |          -0.701 |
|         AverageQ1 |           -46.7 |
|             StdQ1 |             2.7 |
|             MaxQ1 |           -34.2 |
|             MinQ1 |           -55.4 |
|                Q2 |           -46.7 |
|       TestSuccess |               0 |
| TotalEnvInteracts |        3.81e+06 |
|         TotalTime |       -2.81e+04 |
---------------------------------------
bad
bad
bad
bad
bad
bad
bad
right
right
bad
bad
right
right
bad
right
right
right
right
right
right
right
right
bad
bad
right
right
right
right
bad
right
bad
bad
bad
bad
bad
bad
bad
bad
right
---------------------------------------
|             Epoch |              19 |
|             EpRet |           -6.53 |
|         EpRealRet |           -6.53 |
|         TestEpRet |           -8.55 |
|         AverageQ1 |           -44.2 |
|             StdQ1 |            4.62 |
|             MaxQ1 |           -23.4 |
|             MinQ1 |           -57.4 |
|                Q2 |           -44.2 |
|       TestSuccess |               0 |
| TotalEnvInteracts |        4.02e+06 |
|         TotalTime |       -2.81e+04 |
---------------------------------------
bad
bad
bad
right
right
bad
right
bad
right
bad
bad
bad
bad
bad
bad
right
bad
very well
epoch: 20 	ep: 18 	ep_rew: 98.76416883920035 	time: 0.323 	done: 1
bad
bad
right
right
bad
bad
right
right
right
right
right
right
bad
right
bad
bad
right
bad
bad
bad
right
right
right
right
right
bad
right
right
right
right
right
right
bad
right
right
right
right
right
right
right
right
right
right
right
right
right
right
right
right
right
right
right
right
right
right
right
right
right
right
right
right
right
right
right
right
right
right
right
right
right
right
right
right
right
right
right
right
right
right
right
right
right
right
right
right
right
right
right
right
right
right
right
right
right
right
right
right
right
right
right
right
right
right
right
right
right
right
right
right
right
right
right
right
right
right
right
right
right
right
right
right
right
right
right
right
right
right
right
right
right
right
right
right
---------------------------------------
|             Epoch |              20 |
|             EpRet |           -2.87 |
|         EpRealRet |           -2.87 |
|         TestEpRet |            87.6 |
|         AverageQ1 |           -39.2 |
|             StdQ1 |            5.26 |
|             MaxQ1 |           -22.1 |
|             MinQ1 |           -57.5 |
|                Q2 |           -39.2 |
|       TestSuccess |               0 |
| TotalEnvInteracts |        4.22e+06 |
|         TotalTime |       -2.81e+04 |
---------------------------------------
right
right
right
right
right
bad
right
right
right
right
right
right
right
bad
bad
right
right
bad
right
right
right
right
right
right
bad
right
right
bad
bad
bad
bad
bad
right
right
right
right
right
bad
bad
bad
right
bad
bad
bad
bad
bad
right
right
bad
right
right
bad
right
right
right
bad
bad
right
right
right
right
right
right
right
right
right
right
right
right
right
right
right
right
right
right
right
right
right
right
right
right
right
right
right
right
right
right
right
right
right
right
right
right
right
right
right
right
right
right
right
right
right
right
right
right
right
right
right
right
right
right
right
right
right
right
right
right
right
right
right
right
right
right
right
right
right
right
right
right
right
right
right
right
right
right
right
right
---------------------------------------
|             Epoch |              21 |
|             EpRet |           -3.31 |
|         EpRealRet |           -3.31 |
|         TestEpRet |            78.8 |
|         AverageQ1 |           -36.2 |
|             StdQ1 |            6.14 |
|             MaxQ1 |           -16.5 |
|             MinQ1 |           -59.6 |
|                Q2 |           -36.2 |
|       TestSuccess |               0 |
| TotalEnvInteracts |        4.42e+06 |
|         TotalTime |        -2.8e+04 |
---------------------------------------
right
bad
bad
bad
bad
bad
right
right
right
right
right
right
right
bad
right
bad
bad
right
right
right
right
right
bad
very well
epoch: 22 	ep: 26 	ep_rew: 98.04645655125016 	time: 0.396 	done: 1
right
bad
right
right
right
right
right
right
right
right
bad
right
right
bad
bad
right
right
bad
right
bad
right
right
bad
bad
right
right
right
right
bad
bad
right
right
right
right
right
right
right
right
right
right
right
right
right
right
right
right
right
right
right
right
right
right
right
right
right
right
right
right
right
right
right
right
right
right
---------------------------------------
|             Epoch |              22 |
|             EpRet |          -0.576 |
|         EpRealRet |          -0.576 |
|         TestEpRet |            27.7 |
|         AverageQ1 |           -26.4 |
|             StdQ1 |            7.33 |
|             MaxQ1 |           -4.18 |
|             MinQ1 |           -56.7 |
|                Q2 |           -26.4 |
|       TestSuccess |               0 |
| TotalEnvInteracts |        4.62e+06 |
|         TotalTime |        -2.8e+04 |
---------------------------------------
right
right
right
right
right
right
bad
right
right
right
right
right
bad
right
right
right
right
bad
right
right
bad
right
bad
right
right
right
bad
right
right
right
bad
bad
right
right
right
right
bad
right
bad
right
bad
bad
bad
bad
right
right
right
right
bad
right
right
bad
right
bad
right
right
right
right
right
right
right
bad
right
right
right
right
bad
right
right
right
right
right
right
right
right
right
right
right
right
right
right
right
right
right
right
right
right
right
right
right
right
right
right
right
right
right
right
---------------------------------------
|             Epoch |              23 |
|             EpRet |          -0.503 |
|         EpRealRet |          -0.503 |
|         TestEpRet |            28.4 |
|         AverageQ1 |           -15.5 |
|             StdQ1 |            7.19 |
|             MaxQ1 |            2.11 |
|             MinQ1 |           -41.8 |
|                Q2 |           -15.5 |
|       TestSuccess |               0 |
| TotalEnvInteracts |        4.82e+06 |
|         TotalTime |       -2.79e+04 |
---------------------------------------
right
right
right
right
right
right
bad
bad
right
right
bad
bad
right
right
bad
bad
right
right
right
right
right
right
bad
bad
right
right
right
right
right
right
bad
right
right
right
right
bad
right
bad
very well
epoch: 24 	ep: 31 	ep_rew: 98.06746361908287 	time: 0.326 	done: 1
right
bad
right
right
bad
right
right
right
right
right
right
right
bad
right
bad
right
bad
right
bad
right
right
right
right
bad
right
right
bad
right
right
right
right
right
right
right
right
right
right
right
right
right
right
right
right
right
right
right
right
right
right
right
right
right
right
right
right
right
right
right
right
right
right
right
right
right
right
right
right
right
right
right
right
right
right
right
right
right
right
right
right
right
right
right
right
right
right
right
right
right
right
right
right
right
right
right
right
right
right
right
right
right
right
right
right
right
right
right
right
right
right
right
right
right
right
right
right
right
right
right
right
right
right
right
right
right
right
right
right
right
right
right
right
right
right
right
right
right
right
right
right
right
right
right
right
right
right
right
right
right
right
right
right
right
right
right
right
right
right
right
right
right
right
right
right
right
right
right
right
right
right
right
right
right
right
right
right
right
right
right
right
right
right
right
right
right
right
right
right
right
right
right
right
right
right
right
right
right
right
right
right
right
right
right
right
right
right
right
right
right
right
right
right
right
right
---------------------------------------
|             Epoch |              24 |
|             EpRet |            1.81 |
|         EpRealRet |            1.81 |
|         TestEpRet |             170 |
|         AverageQ1 |           -11.3 |
|             StdQ1 |            6.44 |
|             MaxQ1 |            4.46 |
|             MinQ1 |           -36.6 |
|                Q2 |           -11.3 |
|       TestSuccess |               0 |
| TotalEnvInteracts |        5.02e+06 |
|         TotalTime |       -2.79e+04 |
---------------------------------------
right
right
right
right
right
right
right
right
right
bad
right
right
right
right
right
right
bad
bad
right
bad
bad
bad
bad
right
right
right
right
right
bad
right
right
bad
right
right
right
right
bad
bad
bad
bad
bad
right
bad
bad
bad
right
right
bad
bad
right
right
right
bad
bad
right
right
right
right
right
right
right
right
right
right
right
right
right
right
right
right
right
right
right
right
right
right
right
right
right
right
right
right
right
right
right
right
right
right
right
right
right
right
right
right
right
right
right
right
right
right
right
right
right
right
right
right
right
right
right
right
right
right
right
right
right
right
right
right
right
right
right
right
right
right
right
right
right
right
right
right
right
right
right
right
right
right
right
right
right
right
right
right
right
right
right
right
right
right
right
right
right
right
right
right
right
right
right
right
right
right
right
right
right
right
---------------------------------------
|             Epoch |              25 |
|             EpRet |           -4.01 |
|         EpRealRet |           -4.01 |
|         TestEpRet |             109 |
|         AverageQ1 |           -10.7 |
|             StdQ1 |            6.21 |
|             MaxQ1 |            3.28 |
|             MinQ1 |           -46.1 |
|                Q2 |           -10.7 |
|       TestSuccess |               0 |
| TotalEnvInteracts |        5.22e+06 |
|         TotalTime |       -2.78e+04 |
---------------------------------------
bad
bad
right
right
bad
very well
epoch: 26 	ep: 5 	ep_rew: 99.27222406912027 	time: 0.277 	done: 1
right
right
right
bad
bad
right
right
bad
right
right
right
bad
right
right
right
right
right
bad
bad
right
right
right
right
right
right
right
bad
right
right
right
right
right
bad
bad
bad
right
bad
bad
right
right
right
right
bad
bad
right
right
bad
bad
right
right
bad
right
right
right
right
right
right
right
right
right
right
right
right
right
right
right
right
right
right
right
right
right
right
right
right
right
right
right
right
right
right
right
right
right
right
right
right
right
right
right
right
right
right
right
right
right
right
right
right
right
right
right
right
right
right
right
right
right
right
right
right
right
right
right
right
right
right
right
right
right
right
right
right
right
right
right
right
right
right
right
right
right
right
right
right
right
right
right
right
right
right
right
right
right
right
right
right
right
right
right
right
right
right
right
right
right
right
right
right
right
right
right
right
right
right
right
right
right
right
right
right
right
right
right
right
right
right
right
right
right
right
right
right
right
right
right
right
right
right
right
right
right
right
right
right
right
right
right
right
right
right
right
right
right
right
right
right
right
right
right
right
right
right
right
right
right
right
right
right
right
right
right
right
right
right
right
right
right
right
right
right
right
right
right
right
right
right
right
right
right
right
---------------------------------------
|             Epoch |              26 |
|             EpRet |          -0.987 |
|         EpRealRet |          -0.987 |
|         TestEpRet |             180 |
|         AverageQ1 |           -10.9 |
|             StdQ1 |            6.13 |
|             MaxQ1 |            2.65 |
|             MinQ1 |           -46.3 |
|                Q2 |           -10.9 |
|       TestSuccess |               0 |
| TotalEnvInteracts |        5.42e+06 |
|         TotalTime |       -2.78e+04 |
---------------------------------------
right
right
right
right
right
bad
right
right
right
right
bad
bad
bad
bad
right
right
bad
bad
right
right
bad
right
right
right
bad
bad
right
right
right
right
right
right
right
right
bad
bad
right
right
right
right
bad
bad
bad
bad
right
right
right
right
bad
bad
bad
bad
right
right
right
bad
right
right
right
right
right
right
right
right
right
right
right
right
right
right
right
right
right
right
right
right
right
right
right
right
right
right
right
right
right
right
right
right
right
right
right
right
right
right
right
right
right
right
right
right
right
right
right
right
right
right
right
right
right
right
right
right
right
right
right
right
right
right
right
right
right
right
right
right
right
right
right
right
right
right
right
right
right
right
right
right
right
right
right
right
right
right
right
right
right
right
right
right
right
right
right
right
right
right
right
right
right
right
right
right
right
right
right
right
right
right
right
right
right
right
right
right
right
right
right
right
right
right
right
right
right
right
right
right
right
right
right
right
right
right
right
right
right
right
right
right
right
right
right
right
right
right
right
right
right
right
right
right
right
right
right
right
right
right
right
right
right
right
right
right
right
right
right
right
right
right
right
right
right
right
right
right
right
right
right
right
right
right
right
right
right
right
right
right
right
right
right
right
right
right
right
right
right
right
right
right
---------------------------------------
|             Epoch |              27 |
|             EpRet |           -3.75 |
|         EpRealRet |           -3.75 |
|         TestEpRet |             190 |
|         AverageQ1 |             -11 |
|             StdQ1 |            6.16 |
|             MaxQ1 |            2.44 |
|             MinQ1 |           -38.6 |
|                Q2 |             -11 |
|       TestSuccess |               0 |
| TotalEnvInteracts |        5.62e+06 |
|         TotalTime |       -2.78e+04 |
---------------------------------------
right
right
bad
right
right
bad
right
right
right
bad
bad
right
bad
right
bad
bad
right
right
right
bad
bad
bad
right
right
right
bad
bad
bad
bad
right
right
right
right
right
right
right
bad
right
right
right
right
right
bad
right
right
right
right
bad
right
right
right
right
right
right
bad
right
right
right
right
bad
right
right
right
right
right
bad
right
right
right
right
right
right
right
right
right
right
right
right
right
right
right
right
right
right
right
right
right
right
right
right
right
right
right
right
right
right
right
right
right
right
right
right
right
right
right
right
right
right
right
right
right
right
right
right
right
right
right
right
right
right
right
right
right
right
right
right
right
right
right
right
right
right
right
right
right
right
right
right
right
right
right
right
right
right
right
right
right
right
right
right
right
right
right
right
right
right
right
right
right
right
right
right
right
right
right
right
right
right
right
right
right
right
right
right
right
right
right
right
right
right
right
right
right
right
right
right
right
right
right
right
right
right
right
right
right
right
---------------------------------------
|             Epoch |              28 |
|             EpRet |           -1.22 |
|         EpRealRet |           -1.22 |
|         TestEpRet |             120 |
|         AverageQ1 |           -10.7 |
|             StdQ1 |             6.2 |
|             MaxQ1 |            2.38 |
|             MinQ1 |           -34.2 |
|                Q2 |           -10.7 |
|       TestSuccess |               0 |
| TotalEnvInteracts |        5.82e+06 |
|         TotalTime |       -2.77e+04 |
---------------------------------------
bad
right
right
right
right
bad
bad
right
right
right
bad
right
right
right
bad
bad
bad
bad
bad
bad
bad
right
right
bad
bad
right
right
right
bad
right
right
bad
right
right
right
right
right
right
right
bad
bad
right
right
right
bad
bad
right
bad
right
bad
right
right
right
right
right
right
right
right
right
right
right
right
right
right
right
right
right
right
right
right
right
right
right
right
right
right
right
right
right
right
right
right
right
right
right
right
right
right
right
right
right
right
right
right
right
right
right
right
right
right
right
right
right
right
right
right
right
right
right
right
right
right
right
right
right
right
right
right
right
right
right
right
right
right
right
right
right
right
right
right
right
right
right
right
right
right
right
right
right
right
right
right
right
right
right
right
right
right
right
right
right
right
right
right
right
right
right
right
right
right
right
right
right
right
right
right
right
right
right
right
right
right
right
right
right
right
right
right
right
right
right
right
right
right
right
right
right
right
right
right
right
right
right
right
right
right
right
right
right
right
right
right
right
right
right
right
right
right
right
right
right
right
right
right
right
right
right
right
right
right
right
right
right
right
right
right
right
right
right
right
right
right
right
right
right
right
right
right
right
right
right
right
right
right
right
right
right
right
right
right
---------------------------------------
|             Epoch |              29 |
|             EpRet |           -4.62 |
|         EpRealRet |           -4.62 |
|         TestEpRet |             190 |
|         AverageQ1 |           -10.4 |
|             StdQ1 |            6.21 |
|             MaxQ1 |            2.41 |
|             MinQ1 |           -34.8 |
|                Q2 |           -10.4 |
|       TestSuccess |               0 |
| TotalEnvInteracts |        6.03e+06 |
|         TotalTime |       -2.77e+04 |
---------------------------------------
right
right
right
right
right
right
bad
bad
right
right
right
right
bad
right
bad
bad
bad
right
right
right
right
bad
right
bad
bad
right
bad
right
right
right
right
right
bad
bad
right
right
right
right
right
bad
bad
bad
bad
bad
bad
bad
right
right
right
right
bad
right
right
right
right
right
right
right
right
right
right
right
right
right
right
right
right
right
right
right
right
right
right
right
right
right
right
right
right
right
right
right
right
right
right
right
right
right
right
right
right
right
right
right
right
right
right
right
right
right
right
right
right
right
right
right
right
right
right
right
right
right
right
right
right
right
right
right
right
right
right
right
right
right
right
right
right
right
right
right
right
right
right
right
right
right
right
right
right
right
right
right
right
right
right
right
right
right
right
right
right
right
right
right
right
right
right
right
right
right
right
right
right
right
right
right
right
right
right
right
right
right
right
right
right
right
right
right
right
right
right
right
right
right
right
right
right
right
right
right
right
right
right
right
right
right
right
right
right
right
right
right
right
right
right
right
right
right
right
right
right
right
right
right
right
right
right
right
right
right
right
right
right
right
right
right
right
right
right
right
right
right
right
right
right
right
right
right
right
right
right
right
right
right
right
right
right
right
right
right
right
---------------------------------------
|             Epoch |              30 |
|             EpRet |           -3.79 |
|         EpRealRet |           -3.79 |
|         TestEpRet |             190 |
|         AverageQ1 |           -10.1 |
|             StdQ1 |            6.15 |
|             MaxQ1 |            3.21 |
|             MinQ1 |           -34.3 |
|                Q2 |           -10.1 |
|       TestSuccess |               0 |
| TotalEnvInteracts |        6.23e+06 |
|         TotalTime |       -2.76e+04 |
---------------------------------------
right
right
bad
right
right
bad
right
bad
right
bad
right
right
bad
bad
bad
bad
bad
right
right
right
right
right
bad
bad
right
bad
bad
right
bad
right
right
right
right
right
right
bad
right
right
right
right
bad
right
right
right
right
right
right
right
right
right
right
right
right
right
right
right
right
right
right
right
right
right
right
right
right
right
right
right
right
right
right
right
right
right
right
right
right
right
right
right
right
right
right
right
right
right
right
right
right
right
right
right
right
right
right
right
right
right
right
right
right
right
right
right
right
right
right
right
right
right
right
right
right
right
right
right
right
right
right
right
right
right
right
right
right
right
right
right
right
right
right
right
right
right
right
right
right
right
right
right
right
right
right
right
right
right
right
right
right
right
right
right
right
right
right
right
right
right
right
right
right
right
right
right
right
right
right
right
right
right
right
right
right
right
right
right
right
right
right
right
right
right
right
right
right
right
right
right
right
right
right
right
right
right
right
right
right
right
right
right
right
right
right
right
right
right
right
right
right
right
right
right
right
right
right
right
right
right
right
right
right
right
right
right
right
right
right
right
right
right
right
right
right
right
right
right
right
right
right
right
right
---------------------------------------
|             Epoch |              31 |
|             EpRet |           -5.41 |
|         EpRealRet |           -5.41 |
|         TestEpRet |             190 |
|         AverageQ1 |           -9.95 |
|             StdQ1 |            6.08 |
|             MaxQ1 |            3.24 |
|             MinQ1 |             -34 |
|                Q2 |           -9.95 |
|       TestSuccess |               0 |
| TotalEnvInteracts |        6.43e+06 |
|         TotalTime |       -2.76e+04 |
---------------------------------------
right
right
bad
right
bad
bad
bad
right
right
right
right
bad
bad
right
right
right
right
bad
right
right
bad
bad
right
bad
bad
bad
right
right
bad
bad
bad
right
right
right
bad
right
bad
bad
right
right
bad
bad
bad
bad
right
right
right
right
bad
right
right
right
right
right
right
right
right
right
right
right
right
right
right
right
right
right
right
right
right
right
right
right
right
right
right
right
right
right
right
right
right
right
right
right
right
right
right
right
right
right
right
right
right
right
right
right
right
right
right
right
right
right
right
right
right
right
right
right
right
right
right
right
right
right
right
right
right
right
right
right
right
right
right
right
right
right
right
right
right
right
right
right
right
right
right
right
right
right
right
right
right
right
right
right
right
right
right
right
right
right
right
right
right
right
right
right
right
right
right
right
right
right
right
right
right
right
right
right
right
right
right
right
right
right
right
right
right
right
right
right
right
right
right
right
right
right
right
right
right
right
right
right
right
right
right
right
right
right
right
right
right
right
right
right
right
right
right
right
right
right
right
right
right
right
right
right
right
right
right
right
right
right
right
right
right
right
right
right
right
right
right
right
right
right
right
right
right
right
right
right
right
right
right
right
right
right
right
right
right
---------------------------------------
|             Epoch |              32 |
|             EpRet |           -5.07 |
|         EpRealRet |           -5.07 |
|         TestEpRet |             190 |
|         AverageQ1 |            -9.9 |
|             StdQ1 |            6.05 |
|             MaxQ1 |            2.74 |
|             MinQ1 |           -34.2 |
|                Q2 |            -9.9 |
|       TestSuccess |               0 |
| TotalEnvInteracts |        6.63e+06 |
|         TotalTime |       -2.76e+04 |
---------------------------------------
right
bad
right
right
bad
right
right
bad
right
right
bad
bad
bad
right
right
bad
bad
right
right
bad
bad
bad
right
bad
right
right
right
right
right
right
right
right
bad
bad
right
right
right
right
bad
right
bad
right
bad
right
right
bad
right
bad
bad
right
bad
right
right
right
right
right
right
right
right
right
right
right
right
right
right
right
right
right
right
right
right
right
right
right
right
right
right
right
right
right
right
right
right
right
right
right
right
right
right
right
right
right
right
right
right
right
right
right
right
right
right
right
right
right
right
right
right
right
right
right
right
right
right
right
right
right
right
right
right
right
right
right
right
right
right
right
right
right
right
right
right
right
right
right
right
right
right
right
right
right
right
right
right
right
right
right
right
right
right
right
right
right
right
right
right
right
right
right
right
right
right
right
right
right
right
right
right
right
right
right
right
right
right
right
right
right
right
right
right
right
right
right
right
right
right
right
right
right
right
right
right
right
right
right
right
right
right
right
right
right
right
right
right
right
right
right
right
right
right
right
right
right
right
right
right
right
right
right
right
right
right
right
right
right
right
right
right
right
right
right
right
right
right
right
right
right
right
right
right
right
right
right
right
right
right
right
right
right
right
right
right
---------------------------------------
|             Epoch |              33 |
|             EpRet |           -4.91 |
|         EpRealRet |           -4.91 |
|         TestEpRet |             190 |
|         AverageQ1 |           -9.68 |
|             StdQ1 |               6 |
|             MaxQ1 |            2.52 |
|             MinQ1 |           -33.9 |
|                Q2 |           -9.68 |
|       TestSuccess |               0 |
| TotalEnvInteracts |        6.83e+06 |
|         TotalTime |       -2.75e+04 |
---------------------------------------
right
right
right
right
right
bad
right
right
right
bad
right
right
bad
right
right
right
right
right
right
right
right
right
bad
right
bad
bad
right
right
right
right
right
bad
right
bad
bad
bad
right
right
bad
right
right
right
right
right
right
right
right
right
right
bad
right
right
right
right
right
right
bad
right
right
right
bad
right
right
right
right
bad
bad
right
bad
right
right
right
right
right
right
right
right
right
right
right
right
right
bad
bad
bad
right
right
bad
bad
right
right
right
right
right
right
right
right
right
right
right
right
right
right
right
right
right
right
right
right
right
right
right
right
right
right
right
right
right
right
right
right
right
right
right
right
right
right
right
right
right
right
right
right
right
right
right
right
right
right
right
right
right
right
right
right
right
right
right
right
right
right
right
right
right
right
right
right
right
right
right
right
right
right
right
right
right
right
right
right
right
right
right
right
right
right
right
right
right
right
right
right
right
right
right
right
right
right
right
right
right
right
right
right
right
right
right
right
right
right
right
right
right
right
right
right
right
right
right
right
right
right
right
right
right
right
right
right
right
right
right
right
right
right
right
right
right
right
right
right
---------------------------------------
|             Epoch |              34 |
|             EpRet |            3.35 |
|         EpRealRet |            3.35 |
|         TestEpRet |             130 |
|         AverageQ1 |           -9.62 |
|             StdQ1 |            5.99 |
|             MaxQ1 |            3.51 |
|             MinQ1 |           -33.7 |
|                Q2 |           -9.62 |
|       TestSuccess |               0 |
| TotalEnvInteracts |        7.03e+06 |
|         TotalTime |       -2.75e+04 |
---------------------------------------
bad
bad
bad
right
right
right
right
right
right
right
bad
bad
right
right
right
right
bad
right
bad
right
bad
bad
bad
bad
right
right
bad
right
right
bad
right
bad
bad
bad
right
bad
right
right
right
right
right
right
right
bad
right
bad
bad
bad
bad
right
right
right
right
right
bad
right
right
right
right
right
right
right
right
right
right
right
right
right
right
right
right
right
right
right
right
right
right
right
right
right
right
right
right
right
right
right
right
right
right
right
right
right
right
right
right
right
right
right
right
right
right
right
right
right
right
right
right
right
right
right
right
right
right
right
right
right
right
right
right
right
right
right
right
right
right
right
right
right
right
right
right
right
right
right
right
right
right
right
right
right
right
right
right
right
right
right
right
right
right
right
right
right
right
right
right
right
right
right
right
right
right
right
right
right
right
right
right
right
right
right
right
right
right
right
right
right
right
right
right
right
right
right
right
right
right
right
right
right
right
right
right
right
right
right
right
right
right
right
right
right
right
right
right
right
right
right
right
right
right
right
right
right
right
right
right
right
right
right
right
right
right
right
right
right
right
right
right
right
right
right
right
right
right
right
right
right
right
right
right
right
right
right
right
right
right
right
right
right
right
right
right
right
right
right
right
---------------------------------------
|             Epoch |              35 |
|             EpRet |           -4.38 |
|         EpRealRet |           -4.38 |
|         TestEpRet |             190 |
|         AverageQ1 |           -9.53 |
|             StdQ1 |            6.06 |
|             MaxQ1 |            2.62 |
|             MinQ1 |           -34.7 |
|                Q2 |           -9.53 |
|       TestSuccess |               0 |
| TotalEnvInteracts |        7.23e+06 |
|         TotalTime |       -2.74e+04 |
---------------------------------------
right
very well
epoch: 36 	ep: 2 	ep_rew: 97.50299193774151 	time: 0.434 	done: 1
bad
right
right
right
right
bad
right
bad
bad
bad
right
right
bad
right
right
right
bad
right
right
right
right
bad
right
right
bad
right
right
right
bad
bad
right
bad
bad
right
right
right
right
bad
bad
right
bad
bad
bad
bad
bad
bad
right
right
right
right
right
right
right
right
right
right
right
right
right
right
right
right
right
right
right
right
right
right
right
right
right
right
right
right
right
right
right
right
right
right
right
right
right
right
right
right
right
right
right
right
right
right
right
right
right
right
right
right
right
right
right
right
right
right
right
right
right
right
right
right
right
right
right
right
right
right
right
right
right
right
right
right
right
right
right
right
right
right
right
right
right
right
right
right
right
right
right
right
right
right
right
right
right
right
right
right
right
right
right
right
right
right
right
right
right
right
right
right
right
right
right
right
right
right
right
right
right
right
right
right
---------------------------------------
|             Epoch |              36 |
|             EpRet |           -1.82 |
|         EpRealRet |           -1.82 |
|         TestEpRet |             119 |
|         AverageQ1 |            -9.5 |
|             StdQ1 |            5.97 |
|             MaxQ1 |            3.29 |
|             MinQ1 |           -35.3 |
|                Q2 |            -9.5 |
|       TestSuccess |               0 |
| TotalEnvInteracts |        7.43e+06 |
|         TotalTime |       -2.74e+04 |
---------------------------------------
right
right
bad
bad
bad
right
right
right
bad
bad
bad
right
bad
right
right
bad
bad
right
right
right
bad
right
bad
right
right
right
bad
right
right
right
right
right
right
right
right
bad
bad
bad
right
right
right
right
right
right
right
right
right
right
right
right
right
right
right
right
bad
bad
bad
bad
right
right
right
bad
right
bad
right
right
right
right
right
right
right
right
right
right
right
right
right
right
right
right
right
right
right
right
right
right
right
right
right
right
right
right
right
right
right
right
right
right
right
right
right
right
right
right
right
right
right
right
right
right
right
right
right
right
right
right
right
right
right
right
right
right
right
right
right
right
right
right
right
right
right
right
right
right
right
right
right
right
right
right
right
right
right
right
right
right
right
right
right
right
right
right
right
right
right
right
right
right
right
right
right
right
right
right
right
right
right
right
right
right
right
right
right
right
right
right
right
right
right
right
right
right
right
right
right
right
right
right
right
right
right
right
right
right
right
right
right
right
right
right
right
right
right
right
right
right
right
right
right
right
right
right
right
right
right
right
right
right
right
right
right
right
right
right
right
right
right
right
right
right
right
right
right
right
right
right
right
right
right
right
right
right
right
right
right
right
right
right
right
right
right
right
right
right
---------------------------------------
|             Epoch |              37 |
|             EpRet |           -1.21 |
|         EpRealRet |           -1.21 |
|         TestEpRet |             180 |
|         AverageQ1 |           -9.43 |
|             StdQ1 |            5.88 |
|             MaxQ1 |            3.38 |
|             MinQ1 |           -34.9 |
|                Q2 |           -9.43 |
|       TestSuccess |               0 |
| TotalEnvInteracts |        7.63e+06 |
|         TotalTime |       -2.74e+04 |
---------------------------------------
right
right
bad
right
right
right
bad
bad
right
right
right
bad
bad
right
right
bad
bad
right
right
right
right
right
bad
bad
bad
bad
right
bad
right
right
right
bad
right
bad
right
bad
right
right
right
right
bad
right
right
right
right
right
right
bad
right
right
bad
bad
right
bad
bad
right
right
bad
right
right
right
right
right
right
right
right
right
right
right
right
bad
bad
right
right
right
right
right
right
right
right
right
right
right
right
right
right
right
right
right
right
right
right
right
right
right
right
right
right
right
right
right
right
right
right
right
right
right
right
right
right
right
right
right
right
right
right
right
right
right
right
right
right
right
right
right
right
right
right
right
right
right
right
right
right
right
right
right
right
right
right
right
right
right
right
right
right
right
right
right
right
right
right
right
right
right
right
right
right
right
right
right
right
right
right
right
right
right
right
right
right
right
right
right
right
right
right
right
right
right
right
right
right
right
right
right
right
right
right
right
right
right
right
right
right
right
right
right
right
right
right
right
right
right
right
right
right
right
right
right
right
right
right
right
right
right
right
right
right
right
right
right
right
right
right
right
right
right
right
right
right
right
right
---------------------------------------
|             Epoch |              38 |
|             EpRet |          -0.785 |
|         EpRealRet |          -0.785 |
|         TestEpRet |             160 |
|         AverageQ1 |           -9.08 |
|             StdQ1 |            5.86 |
|             MaxQ1 |            3.62 |
|             MinQ1 |           -35.9 |
|                Q2 |           -9.08 |
|       TestSuccess |               0 |
| TotalEnvInteracts |        7.83e+06 |
|         TotalTime |       -2.73e+04 |
---------------------------------------
right
right
right
right
bad
bad
bad
right
right
bad
bad
bad
right
bad
bad
right
right
right
right
right
right
right
bad
bad
bad
right
right
bad
right
bad
bad
bad
right
right
right
bad
right
right
bad
bad
bad
bad
bad
right
right
right
right
right
bad
bad
bad
right
right
right
right
right
right
right
right
right
right
right
right
right
right
right
right
right
right
right
right
right
right
right
right
right
right
right
right
right
right
right
right
right
right
right
right
right
right
right
right
right
right
right
right
right
right
right
right
right
right
right
right
right
right
right
right
right
right
right
right
right
right
right
right
right
right
right
right
right
right
right
right
right
right
right
right
right
right
right
right
right
right
right
right
right
right
right
right
right
right
right
right
right
right
right
right
right
right
right
right
right
right
right
right
right
right
right
right
right
right
right
right
right
right
right
right
right
right
right
right
right
right
right
right
right
right
right
right
right
right
right
right
right
right
right
right
right
right
right
right
right
right
right
right
right
right
right
right
right
right
right
right
right
right
right
right
right
right
right
right
right
right
right
right
right
right
right
right
right
right
right
right
right
right
right
right
right
right
right
right
right
right
right
right
right
right
right
right
right
right
right
right
right
right
right
right
right
right
right
right
---------------------------------------
|             Epoch |              39 |
|             EpRet |           -4.65 |
|         EpRealRet |           -4.65 |
|         TestEpRet |             190 |
|         AverageQ1 |           -8.77 |
|             StdQ1 |            5.72 |
|             MaxQ1 |             3.8 |
|             MinQ1 |           -34.4 |
|                Q2 |           -8.77 |
|       TestSuccess |               0 |
| TotalEnvInteracts |        8.04e+06 |
|         TotalTime |       -2.73e+04 |
---------------------------------------
bad
bad
right
bad
bad
bad
right
right
right
bad
right
right
bad
right
right
right
right
right
right
right
bad
bad
bad
right
right
bad
right
right
right
bad
right
right
bad
right
right
right
right
right
right
right
right
right
bad
bad
right
bad
right
right
bad
right
right
right
right
right
right
right
bad
bad
right
bad
bad
right
right
bad
bad
right
bad
right
right
right
right
right
right
right
right
right
right
right
right
right
right
right
right
right
right
right
right
right
right
right
right
right
right
right
right
right
right
right
right
right
right
right
right
right
right
right
right
right
right
right
right
right
right
right
right
right
right
right
right
right
right
right
right
right
right
right
right
right
right
right
right
right
right
right
right
right
right
right
right
right
right
right
right
right
right
right
right
right
right
right
right
right
right
right
right
right
right
right
right
right
right
right
right
right
right
right
right
right
right
right
right
right
right
right
right
right
right
right
right
right
right
right
right
right
right
right
right
right
right
right
right
right
right
right
right
right
right
right
right
right
right
right
right
right
right
right
right
right
right
right
right
right
right
right
right
right
right
right
right
right
right
right
right
right
right
right
right
right
right
right
right
right
right
right
right
right
right
right
right
right
right
right
right
right
right
right
right
right
right
right
right
right
right
right
right
right
right
---------------------------------------
|             Epoch |              40 |
|             EpRet |           -1.56 |
|         EpRealRet |           -1.56 |
|         TestEpRet |             180 |
|         AverageQ1 |           -8.45 |
|             StdQ1 |            5.67 |
|             MaxQ1 |            3.85 |
|             MinQ1 |           -34.3 |
|                Q2 |           -8.46 |
|       TestSuccess |               0 |
| TotalEnvInteracts |        8.24e+06 |
|         TotalTime |       -2.72e+04 |
---------------------------------------
right
right
bad
right
right
bad
bad
bad
right
right
bad
bad
bad
bad
bad
bad
bad
right
right
right
right
bad
right
right
right
right
right
bad
right
right
bad
right
right
right
bad
bad
bad
bad
bad
bad
bad
right
bad
bad
bad
right
right
bad
right
bad
bad
bad
right
right
right
right
right
right
right
right
right
right
right
right
right
right
right
right
right
right
right
right
right
right
right
right
right
right
right
right
right
right
right
right
right
right
right
right
right
right
right
right
right
right
right
right
right
right
right
right
right
right
right
right
right
right
right
right
right
right
right
right
right
right
right
right
right
right
right
right
right
right
right
right
right
right
right
right
right
right
right
right
right
right
right
right
right
right
right
right
right
right
right
right
right
right
right
right
right
right
right
right
right
right
right
right
right
right
right
right
right
right
right
right
right
right
right
right
right
right
right
right
right
right
right
right
right
right
right
right
right
right
right
right
right
right
right
right
right
right
right
right
right
right
right
right
right
right
right
right
right
right
right
right
right
right
right
right
right
right
right
right
right
right
right
right
right
right
right
right
right
right
right
right
right
right
right
right
right
right
right
right
right
right
right
right
right
right
right
right
right
right
right
right
right
right
right
right
right
right
right
right
---------------------------------------
|             Epoch |              41 |
|             EpRet |           -5.71 |
|         EpRealRet |           -5.71 |
|         TestEpRet |             190 |
|         AverageQ1 |           -8.32 |
|             StdQ1 |            5.61 |
|             MaxQ1 |            4.71 |
|             MinQ1 |           -33.8 |
|                Q2 |           -8.32 |
|       TestSuccess |               0 |
| TotalEnvInteracts |        8.44e+06 |
|         TotalTime |       -2.72e+04 |
---------------------------------------
bad
right
right
right
bad
right
right
right
bad
bad
bad
right
bad
right
right
right
right
right
right
right
bad
bad
right
right
right
right
bad
bad
bad
right
right
bad
right
bad
bad
right
right
right
right
right
right
right
right
bad
right
right
bad
bad
bad
bad
right
right
bad
right
right
bad
bad
bad
bad
bad
bad
right
right
right
right
right
right
right
right
right
right
right
right
right
right
right
right
right
right
right
right
right
right
right
right
right
right
right
right
right
right
right
right
right
right
right
right
right
right
right
right
right
right
right
right
right
right
right
right
right
right
right
right
right
right
right
right
right
right
right
right
right
right
right
right
right
right
right
right
right
right
right
right
right
right
right
right
right
right
right
right
right
right
right
right
right
right
right
right
right
right
right
right
right
right
right
right
right
right
right
right
right
right
right
right
right
right
right
right
right
right
right
right
right
right
right
right
right
right
right
right
right
right
right
right
right
right
right
right
right
right
right
right
right
right
---------------------------------------
|             Epoch |              42 |
|             EpRet |           -2.59 |
|         EpRealRet |           -2.59 |
|         TestEpRet |             130 |
|         AverageQ1 |           -8.32 |
|             StdQ1 |            5.62 |
|             MaxQ1 |            3.96 |
|             MinQ1 |             -37 |
|                Q2 |           -8.32 |
|       TestSuccess |               0 |
| TotalEnvInteracts |        8.64e+06 |
|         TotalTime |       -2.72e+04 |
---------------------------------------
right
bad
bad
bad
bad
right
bad
right
bad
bad
right
right
right
bad
right
right
right
right
bad
bad
bad
bad
bad
right
bad
right
right
right
right
right
right
bad
bad
bad
right
right
right
right
bad
bad
bad
bad
bad
right
right
right
right
right
right
right
bad
right
right
right
right
right
right
right
right
right
right
right
right
right
right
right
right
right
right
right
right
right
right
right
right
right
right
right
right
right
right
right
right
right
right
right
right
right
right
right
right
right
right
right
right
right
right
right
right
right
right
right
right
right
right
right
right
right
right
right
right
right
right
right
right
right
right
right
right
right
right
right
right
right
right
right
right
right
right
right
right
right
right
right
right
right
right
right
right
right
right
right
right
right
right
right
right
right
right
right
right
right
right
right
right
right
right
right
right
right
right
right
right
right
right
right
right
right
right
right
right
right
right
right
right
right
right
right
right
right
right
right
right
right
right
right
right
right
right
right
right
right
right
right
right
right
right
right
right
right
right
right
right
right
right
right
right
right
right
right
right
right
right
right
right
right
right
right
right
right
right
right
right
right
right
right
right
right
right
right
right
right
right
right
right
right
right
right
right
right
right
right
right
---------------------------------------
|             Epoch |              43 |
|             EpRet |           -4.66 |
|         EpRealRet |           -4.66 |
|         TestEpRet |             180 |
|         AverageQ1 |           -8.23 |
|             StdQ1 |             5.7 |
|             MaxQ1 |            4.95 |
|             MinQ1 |           -40.3 |
|                Q2 |           -8.23 |
|       TestSuccess |               0 |
| TotalEnvInteracts |        8.84e+06 |
|         TotalTime |       -2.71e+04 |
---------------------------------------
right
right
bad
right
right
right
right
right
bad
right
right
right
right
right
right
right
right
right
right
right
right
bad
bad
bad
bad
right
right
bad
bad
bad
right
bad
bad
bad
right
right
right
bad
bad
bad
right
right
bad
right
right
right
right
right
bad
bad
bad
right
right
right
right
right
right
right
right
right
right
right
right
right
right
right
right
right
right
right
right
right
right
right
right
right
right
right
right
right
right
right
right
right
right
right
right
right
right
right
right
right
right
right
right
right
right
right
right
right
right
right
right
right
right
right
right
right
right
right
right
right
right
right
right
right
right
right
right
right
right
right
right
right
right
right
right
right
right
right
right
right
right
right
right
right
right
right
right
right
right
right
right
right
right
right
right
right
right
right
right
right
right
right
right
right
right
right
right
right
right
right
right
right
right
right
right
right
right
right
right
right
right
right
right
right
right
right
right
right
right
right
right
right
right
right
right
right
right
right
right
right
right
right
right
right
right
right
right
right
right
right
right
right
right
right
right
right
right
right
right
right
right
right
right
right
right
right
right
right
right
right
right
right
right
right
right
right
right
right
right
right
right
right
right
right
right
right
right
right
right
---------------------------------------
|             Epoch |              44 |
|             EpRet |           -3.44 |
|         EpRealRet |           -3.44 |
|         TestEpRet |             180 |
|         AverageQ1 |           -8.19 |
|             StdQ1 |            5.74 |
|             MaxQ1 |            3.69 |
|             MinQ1 |           -40.8 |
|                Q2 |           -8.19 |
|       TestSuccess |               0 |
| TotalEnvInteracts |        9.04e+06 |
|         TotalTime |       -2.71e+04 |
---------------------------------------
right
right
bad
bad
bad
bad
bad
right
bad
right
right
right
bad
bad
bad
bad
bad
right
right
right
right
right
right
right
right
right
right
right
bad
right
bad
bad
right
bad
right
right
right
right
right
right
right
right
right
bad
bad
right
right
right
right
right
bad
right
right
right
right
right
bad
bad
bad
right
right
right
right
right
right
right
right
right
right
right
right
right
right
right
right
right
right
right
right
right
right
right
right
right
right
right
right
right
right
right
right
right
right
right
right
right
right
right
right
right
right
right
right
right
right
right
right
right
right
right
right
right
right
right
right
right
right
right
right
right
right
right
right
right
right
right
right
right
right
right
right
right
right
right
right
right
right
right
right
right
right
right
right
right
right
right
right
right
right
right
right
right
right
right
right
right
right
right
right
right
right
right
right
right
right
right
right
right
right
right
right
right
right
right
right
right
right
right
right
right
right
right
right
right
right
right
right
right
right
right
right
right
right
right
right
right
right
right
right
right
right
right
right
right
right
right
right
right
right
right
right
right
right
right
right
right
right
right
right
right
right
right
right
right
right
right
right
right
right
right
right
right
right
right
right
right
right
right
right
right
right
right
right
right
right
right
right
right
right
---------------------------------------
|             Epoch |              45 |
|             EpRet |            -2.5 |
|         EpRealRet |            -2.5 |
|         TestEpRet |             180 |
|         AverageQ1 |            -8.1 |
|             StdQ1 |            5.81 |
|             MaxQ1 |            5.44 |
|             MinQ1 |           -40.9 |
|                Q2 |            -8.1 |
|       TestSuccess |               0 |
| TotalEnvInteracts |        9.24e+06 |
|         TotalTime |        -2.7e+04 |
---------------------------------------
bad
bad
right
right
bad
right
right
right
right
right
right
right
right
right
bad
right
right
bad
right
right
right
right
right
right
right
right
bad
right
right
right
bad
bad
bad
right
right
right
right
right
right
right
bad
bad
right
right
bad
right
right
bad
right
right
right
right
right
right
bad
bad
right
right
right
right
right
right
right
right
right
right
right
right
right
right
right
right
right
right
right
right
right
right
right
right
right
right
right
right
right
right
right
right
right
right
right
right
right
right
right
right
right
right
right
right
right
right
right
right
right
right
right
right
right
right
right
right
right
right
right
right
right
right
right
right
right
right
right
right
right
right
right
right
right
right
right
right
right
right
right
right
right
right
right
right
right
right
right
right
right
right
right
right
right
right
right
right
right
right
right
right
right
right
right
right
right
right
right
right
right
right
right
right
right
right
right
right
right
right
right
right
right
right
right
right
right
right
right
right
right
right
right
right
right
right
right
right
right
right
right
right
right
right
right
right
right
right
right
right
right
right
right
right
right
right
right
right
right
right
right
right
right
right
right
right
right
right
right
right
right
right
right
right
right
right
right
right
right
right
right
right
right
right
right
right
right
right
right
right
right
right
---------------------------------------
|             Epoch |              46 |
|             EpRet |           -1.93 |
|         EpRealRet |           -1.93 |
|         TestEpRet |             180 |
|         AverageQ1 |           -7.96 |
|             StdQ1 |             5.8 |
|             MaxQ1 |            4.55 |
|             MinQ1 |           -40.4 |
|                Q2 |           -7.96 |
|       TestSuccess |               0 |
| TotalEnvInteracts |        9.44e+06 |
|         TotalTime |        -2.7e+04 |
---------------------------------------
bad
bad
bad
bad
right
right
bad
right
right
right
bad
bad
right
bad
right
right
right
right
right
right
bad
bad
bad
right
right
right
bad
right
right
bad
bad
right
right
right
right
bad
bad
bad
bad
bad
right
right
right
bad
bad
bad
bad
right
right
right
right
bad
right
right
right
bad
right
right
right
right
right
right
right
right
right
right
right
right
right
right
right
right
right
right
right
right
right
right
right
right
right
right
right
right
right
right
right
right
right
right
right
right
right
right
right
right
right
right
right
right
right
right
right
right
right
right
right
right
right
right
right
right
right
right
right
right
right
right
right
right
right
right
right
right
right
right
right
right
right
right
right
right
right
right
right
right
right
right
right
right
right
right
right
right
right
right
right
right
right
right
right
right
right
right
right
right
right
right
right
right
right
right
right
right
right
right
right
right
right
right
right
right
right
right
right
right
right
right
right
right
right
right
right
right
right
right
right
right
right
right
right
right
right
right
right
right
---------------------------------------
|             Epoch |              47 |
|             EpRet |           -3.81 |
|         EpRealRet |           -3.81 |
|         TestEpRet |             129 |
|         AverageQ1 |            -7.9 |
|             StdQ1 |            5.84 |
|             MaxQ1 |            4.36 |
|             MinQ1 |             -41 |
|                Q2 |            -7.9 |
|       TestSuccess |               0 |
| TotalEnvInteracts |        9.64e+06 |
|         TotalTime |        -2.7e+04 |
---------------------------------------
right
right
bad
bad
bad
bad
right
bad
right
bad
right
right
right
right
bad
bad
bad
bad
right
very well
epoch: 48 	ep: 21 	ep_rew: 108.6480440688515 	time: 0.341 	done: 1
right
bad
bad
bad
bad
right
right
right
right
right
bad
right
right
right
bad
right
right
right
right
bad
bad
right
right
right
bad
bad
right
bad
bad
bad
bad
right
right
right
bad
right
right
right
right
right
right
right
right
right
right
right
right
right
right
right
right
right
right
right
right
right
right
right
right
right
right
right
right
right
right
right
right
right
right
right
right
right
right
right
right
right
right
right
right
right
right
right
right
right
right
right
right
right
right
right
right
right
right
right
right
right
right
right
right
right
right
right
right
right
right
right
right
right
right
right
right
right
right
right
right
right
right
right
right
right
right
right
right
right
right
right
right
right
right
right
right
right
right
right
right
right
right
right
right
right
right
right
right
right
right
right
right
right
right
right
right
right
right
right
right
right
right
right
right
right
right
right
right
right
right
right
right
right
right
right
right
right
right
right
right
right
right
right
right
right
right
right
right
right
right
right
right
right
right
right
right
right
right
right
right
right
right
right
right
right
right
right
right
right
right
right
right
right
right
right
right
right
right
right
right
right
right
right
right
right
right
right
right
right
right
right
right
right
right
right
right
right
right
right
right
right
right
right
right
right
right
right
right
right
right
---------------------------------------
|             Epoch |              48 |
|             EpRet |         -0.0602 |
|         EpRealRet |         -0.0602 |
|         TestEpRet |             190 |
|         AverageQ1 |           -7.87 |
|             StdQ1 |            5.79 |
|             MaxQ1 |            4.53 |
|             MinQ1 |           -41.4 |
|                Q2 |           -7.87 |
|       TestSuccess |               0 |
| TotalEnvInteracts |        9.84e+06 |
|         TotalTime |       -2.69e+04 |
---------------------------------------
right
right
right
bad
right
right
right
right
bad
bad
right
bad
right
right
bad
right
right
right
right
bad
right
right
right
right
right
right
bad
bad
bad
bad
right
right
right
bad
right
bad
bad
bad
right
right
right
right
right
right
bad
bad
bad
bad
bad
right
right
right
right
right
bad
right
right
right
right
right
right
right
right
right
right
right
right
right
right
right
right
right
right
right
right
right
right
right
right
right
right
right
right
right
right
right
right
right
right
right
right
right
right
right
right
right
right
right
right
right
right
right
right
right
right
right
right
right
right
right
right
right
right
right
right
right
right
right
right
right
right
right
right
right
right
right
right
right
right
right
right
right
right
right
right
right
right
right
right
right
right
right
right
right
right
right
right
right
right
right
right
right
right
right
right
right
right
right
right
right
right
right
right
right
right
right
right
right
right
right
right
right
right
right
right
right
right
right
right
right
right
right
right
right
right
right
right
right
right
right
right
right
right
right
right
right
right
right
right
right
right
right
right
right
right
right
right
right
right
right
right
right
right
right
right
right
right
right
right
right
right
right
right
right
right
right
right
right
right
right
right
right
right
right
right
right
right
right
right
right
right
right
right
right
right
---------------------------------------
|             Epoch |              49 |
|             EpRet |           -3.33 |
|         EpRealRet |           -3.33 |
|         TestEpRet |             180 |
|         AverageQ1 |           -7.66 |
|             StdQ1 |            5.79 |
|             MaxQ1 |            4.61 |
|             MinQ1 |           -39.4 |
|                Q2 |           -7.66 |
|       TestSuccess |               0 |
| TotalEnvInteracts |           1e+07 |
|         TotalTime |       -2.69e+04 |
---------------------------------------
[32;1mthe experience HER_DRLib_Torch_exps/2022-12-26_HER_mpi1_random_TD3Torch_PandaReach-v2/2022-12-26_21-24-32-HER_mpi1_random_TD3Torch_PandaReach-v2_s300/progress.txt is end[0m
save model to: HER_DRLib_Torch_exps/2022-12-26_HER_mpi1_random_TD3Torch_PandaReach-v2/2022-12-26_21-24-32-HER_mpi1_random_TD3Torch_PandaReach-v2_s300
