[36;1mSaving config:
[0m
{
    "args":	null,
    "env":	null,
    "exp_name":	"HER_mpi1_random_TD3Torch_PandaReach-v2",
    "logger":	null,
    "logger_kwargs":	{
        "exp_name":	"HER_mpi1_random_TD3Torch_PandaReach-v2",
        "output_dir":	"HER_DRLib_Torch_exps/2022-12-26_HER_mpi1_random_TD3Torch_PandaReach-v2/2022-12-26_19-35-52-HER_mpi1_random_TD3Torch_PandaReach-v2_s300"
    },
    "net":	null
}
bad
bad
bad
bad
bad
bad
bad
bad
bad
bad
bad
bad
bad
bad
bad
bad
bad
bad
bad
bad
bad
bad
bad
bad
bad
---------------------------------------
|             Epoch |               0 |
|             EpRet |           -49.2 |
|         EpRealRet |           -49.2 |
|         TestEpRet |             -34 |
|         AverageQ1 |             -21 |
|             StdQ1 |            10.4 |
|             MaxQ1 |          0.0163 |
|             MinQ1 |           -45.1 |
|                Q2 |             -21 |
|       TestSuccess |               0 |
| TotalEnvInteracts |        1.97e+05 |
|         TotalTime |            31.6 |
---------------------------------------
bad
bad
bad
bad
bad
bad
bad
bad
bad
bad
bad
bad
bad
bad
bad
bad
bad
