[36;1mSaving config:
[0m
{
    "args":	null,
    "env":	null,
    "exp_name":	"HER_mpi1_random_TD3Torch_PandaReach-v2",
    "logger":	null,
    "logger_kwargs":	{
        "exp_name":	"HER_mpi1_random_TD3Torch_PandaReach-v2",
        "output_dir":	"HER_DRLib_Torch_exps/2022-12-26_HER_mpi1_random_TD3Torch_PandaReach-v2/2022-12-26_16-37-48-HER_mpi1_random_TD3Torch_PandaReach-v2_s300"
    },
    "net":	null
}
bad
bad
bad
bad
bad
bad
bad
bad
---------------------------------------
|             Epoch |               0 |
|             EpRet |           -10.9 |
|         EpRealRet |           -10.9 |
|         TestEpRet |               0 |
|         AverageQ1 |           -20.3 |
|             StdQ1 |            10.5 |
|             MaxQ1 |          0.0113 |
|             MinQ1 |           -52.5 |
|                Q2 |           -20.3 |
|       TestSuccess |               0 |
| TotalEnvInteracts |        1.97e+05 |
|         TotalTime |            32.8 |
---------------------------------------
bad
bad
bad
bad
bad
bad
bad
bad
---------------------------------------
|             Epoch |               1 |
|             EpRet |           -10.5 |
|         EpRealRet |           -10.5 |
|         TestEpRet |               0 |
|         AverageQ1 |           -21.4 |
|             StdQ1 |            13.9 |
|             MaxQ1 |            2.03 |
|             MinQ1 |           -53.4 |
|                Q2 |           -21.4 |
|       TestSuccess |               0 |
| TotalEnvInteracts |        3.98e+05 |
|         TotalTime |            66.2 |
---------------------------------------
4.831182994791491
right
bad
bad
---------------------------------------
|             Epoch |               2 |
|             EpRet |           -10.1 |
|         EpRealRet |           -10.1 |
|         TestEpRet |               0 |
|         AverageQ1 |           -15.6 |
|             StdQ1 |            6.88 |
|             MaxQ1 |            2.55 |
|             MinQ1 |           -36.1 |
|                Q2 |           -15.6 |
|       TestSuccess |               0 |
| TotalEnvInteracts |        5.99e+05 |
|         TotalTime |             101 |
---------------------------------------
bad
bad
bad
bad
bad
6.148475840058271
right
bad
bad
---------------------------------------
|             Epoch |               3 |
|             EpRet |           -10.1 |
|         EpRealRet |           -10.1 |
|         TestEpRet |               0 |
|         AverageQ1 |           -20.7 |
|             StdQ1 |            8.66 |
|             MaxQ1 |            3.72 |
|             MinQ1 |           -41.6 |
|                Q2 |           -20.7 |
|       TestSuccess |               0 |
| TotalEnvInteracts |           8e+05 |
|         TotalTime |             135 |
---------------------------------------
5.104838789567325
right
bad
bad
bad
bad
bad
bad
bad
---------------------------------------
|             Epoch |               4 |
|             EpRet |           -10.4 |
|         EpRealRet |           -10.4 |
|         TestEpRet |               0 |
|         AverageQ1 |           -30.9 |
|             StdQ1 |            11.3 |
|             MaxQ1 |            4.12 |
|             MinQ1 |           -54.1 |
|                Q2 |           -30.9 |
|       TestSuccess |               0 |
| TotalEnvInteracts |           1e+06 |
|         TotalTime |             169 |
---------------------------------------
bad
bad
bad
bad
bad
bad
bad
bad
bad
bad
bad
bad
bad
bad
bad
bad
bad
bad
bad
bad
bad
bad
bad
bad
bad
bad
---------------------------------------
|             Epoch |               5 |
|             EpRet |           -10.4 |
|         EpRealRet |           -10.4 |
|         TestEpRet |               0 |
|         AverageQ1 |           -25.8 |
|             StdQ1 |            11.6 |
|             MaxQ1 |            7.73 |
|             MinQ1 |           -54.5 |
|                Q2 |           -25.8 |
|       TestSuccess |               0 |
| TotalEnvInteracts |         1.2e+06 |
|         TotalTime |             205 |
---------------------------------------
bad
bad
bad
bad
bad
bad
bad
bad
---------------------------------------
|             Epoch |               6 |
|             EpRet |           -10.4 |
|         EpRealRet |           -10.4 |
|         TestEpRet |               0 |
|         AverageQ1 |           -45.8 |
|             StdQ1 |            7.82 |
|             MaxQ1 |             4.5 |
|             MinQ1 |           -54.2 |
|                Q2 |           -45.8 |
|       TestSuccess |               0 |
| TotalEnvInteracts |         1.4e+06 |
|         TotalTime |             240 |
---------------------------------------
bad
bad
bad
bad
bad
---------------------------------------
|             Epoch |               7 |
|             EpRet |           -10.6 |
|         EpRealRet |           -10.6 |
|         TestEpRet |               0 |
|         AverageQ1 |           -42.3 |
|             StdQ1 |            10.1 |
|             MaxQ1 |            6.84 |
|             MinQ1 |           -53.6 |
|                Q2 |           -42.3 |
|       TestSuccess |               0 |
| TotalEnvInteracts |         1.6e+06 |
|         TotalTime |             275 |
---------------------------------------
bad
bad
bad
bad
5.9419537888671465
right
bad
bad
bad
bad
---------------------------------------
|             Epoch |               8 |
|             EpRet |           -11.1 |
|         EpRealRet |           -11.1 |
|         TestEpRet |               0 |
|         AverageQ1 |           -29.5 |
|             StdQ1 |            9.04 |
|             MaxQ1 |            7.42 |
|             MinQ1 |           -53.3 |
|                Q2 |           -29.5 |
|       TestSuccess |               0 |
| TotalEnvInteracts |         1.8e+06 |
|         TotalTime |             310 |
---------------------------------------
bad
bad
bad
4.876726447052993
right
5.0273889019423725
right
bad
bad
bad
---------------------------------------
|             Epoch |               9 |
|             EpRet |           -9.83 |
|         EpRealRet |           -9.83 |
|         TestEpRet |               0 |
|         AverageQ1 |           -36.9 |
|             StdQ1 |            8.72 |
|             MaxQ1 |            5.25 |
|             MinQ1 |           -52.9 |
|                Q2 |           -36.9 |
|       TestSuccess |               0 |
| TotalEnvInteracts |        2.01e+06 |
|         TotalTime |             345 |
---------------------------------------
bad
bad
bad
bad
---------------------------------------
|             Epoch |              10 |
|             EpRet |           -10.2 |
|         EpRealRet |           -10.2 |
|         TestEpRet |               0 |
|         AverageQ1 |           -40.8 |
|             StdQ1 |            8.65 |
|             MaxQ1 |            6.26 |
|             MinQ1 |           -53.6 |
|                Q2 |           -40.8 |
|       TestSuccess |               0 |
| TotalEnvInteracts |        2.21e+06 |
|         TotalTime |             381 |
---------------------------------------
bad
bad
5.214323881732168
right
bad
bad
bad
bad
bad
bad
bad
bad
bad
5.438256722960949
right
bad
---------------------------------------
|             Epoch |              11 |
|             EpRet |           -9.81 |
|         EpRealRet |           -9.81 |
|         TestEpRet |               0 |
|         AverageQ1 |           -41.2 |
|             StdQ1 |            8.49 |
|             MaxQ1 |            7.48 |
|             MinQ1 |           -56.1 |
|                Q2 |           -41.2 |
|       TestSuccess |               0 |
| TotalEnvInteracts |        2.41e+06 |
|         TotalTime |             417 |
---------------------------------------
bad
bad
bad
bad
---------------------------------------
|             Epoch |              12 |
|             EpRet |           -10.2 |
|         EpRealRet |           -10.2 |
|         TestEpRet |               0 |
|         AverageQ1 |           -36.3 |
|             StdQ1 |            10.1 |
|             MaxQ1 |            8.68 |
|             MinQ1 |           -53.9 |
|                Q2 |           -36.3 |
|       TestSuccess |               0 |
| TotalEnvInteracts |        2.61e+06 |
|         TotalTime |             452 |
---------------------------------------
bad
bad
5.6737652537715535
right
bad
bad
5.135965207606428
right
bad
bad
---------------------------------------
|             Epoch |              13 |
|             EpRet |           -10.1 |
|         EpRealRet |           -10.1 |
|         TestEpRet |               0 |
|         AverageQ1 |           -34.1 |
|             StdQ1 |            9.69 |
|             MaxQ1 |            7.54 |
|             MinQ1 |           -55.3 |
|                Q2 |           -34.1 |
|       TestSuccess |               0 |
| TotalEnvInteracts |        2.81e+06 |
|         TotalTime |             488 |
---------------------------------------
bad
5.852223886588216
right
bad
---------------------------------------
|             Epoch |              14 |
|             EpRet |           -10.3 |
|         EpRealRet |           -10.3 |
|         TestEpRet |               0 |
|         AverageQ1 |           -32.9 |
|             StdQ1 |            10.2 |
|             MaxQ1 |             8.1 |
|             MinQ1 |           -54.7 |
|                Q2 |           -32.9 |
|       TestSuccess |               0 |
| TotalEnvInteracts |        3.01e+06 |
|         TotalTime |             526 |
---------------------------------------
bad
5.45928717953714
right
bad
bad
---------------------------------------
|             Epoch |              15 |
|             EpRet |           -10.2 |
|         EpRealRet |           -10.2 |
|         TestEpRet |               0 |
|         AverageQ1 |           -29.6 |
|             StdQ1 |            10.8 |
|             MaxQ1 |            8.99 |
|             MinQ1 |           -55.2 |
|                Q2 |           -29.6 |
|       TestSuccess |               0 |
| TotalEnvInteracts |        3.21e+06 |
|         TotalTime |             562 |
---------------------------------------
bad
bad
bad
bad
bad
bad
bad
bad
---------------------------------------
|             Epoch |              16 |
|             EpRet |           -10.4 |
|         EpRealRet |           -10.4 |
|         TestEpRet |               0 |
|         AverageQ1 |           -29.5 |
|             StdQ1 |            10.9 |
|             MaxQ1 |            8.43 |
|             MinQ1 |           -54.7 |
|                Q2 |           -29.5 |
|       TestSuccess |               0 |
| TotalEnvInteracts |        3.41e+06 |
|         TotalTime |             598 |
---------------------------------------
bad
bad
bad
---------------------------------------
|             Epoch |              17 |
|             EpRet |           -10.3 |
|         EpRealRet |           -10.3 |
|         TestEpRet |               0 |
|         AverageQ1 |           -28.5 |
|             StdQ1 |              11 |
|             MaxQ1 |            10.5 |
|             MinQ1 |           -54.8 |
|                Q2 |           -28.5 |
|       TestSuccess |               0 |
| TotalEnvInteracts |        3.61e+06 |
|         TotalTime |             636 |
---------------------------------------
bad
bad
bad
5.284798562622505
right
5.4557317807842125
right
bad
bad
bad
---------------------------------------
|             Epoch |              18 |
|             EpRet |           -10.5 |
|         EpRealRet |           -10.5 |
|         TestEpRet |               0 |
|         AverageQ1 |           -27.6 |
|             StdQ1 |              11 |
|             MaxQ1 |            14.7 |
|             MinQ1 |           -55.6 |
|                Q2 |           -27.6 |
|       TestSuccess |               0 |
| TotalEnvInteracts |        3.81e+06 |
|         TotalTime |             671 |
---------------------------------------
bad
bad
bad
---------------------------------------
|             Epoch |              19 |
|             EpRet |           -10.5 |
|         EpRealRet |           -10.5 |
|         TestEpRet |               0 |
|         AverageQ1 |           -26.6 |
|             StdQ1 |            11.3 |
|             MaxQ1 |            8.06 |
|             MinQ1 |           -55.9 |
|                Q2 |           -26.6 |
|       TestSuccess |               0 |
| TotalEnvInteracts |        4.02e+06 |
|         TotalTime |             708 |
---------------------------------------
bad
bad
bad
