[36;1mSaving config:
[0m
{
    "args":	null,
    "env":	null,
    "exp_name":	"HER_mpi1_random_TD3Torch_PandaReach-v2",
    "logger":	null,
    "logger_kwargs":	{
        "exp_name":	"HER_mpi1_random_TD3Torch_PandaReach-v2",
        "output_dir":	"HER_DRLib_Torch_exps/2023-06-16_HER_mpi1_random_TD3Torch_PandaReach-v2\\2023-06-16_09-37-50-HER_mpi1_random_TD3Torch_PandaReach-v2_s300"
    },
    "net":	null
}
bad
right -5.619172043568025
right -31.916046473433596
right -0.4033077724609573
right -17.805114083367265
bad
right -18.363836685664605
bad
right -14.384362351277865
right -10.046114052776318
bad
right -16.24928760264979
bad
right 4.117203498296585
bad
right -10.632852733012818
bad
bad
right -19.25420080127608
right -27.923967846072657
right -11.709447936045272
right -9.949458106750665
right -8.18785612349448
right -11.572624433987482
right 8.715658242680806
right -8.161312837773188
right -10.660871404125047
right -2.344259825923027
right -24.81217815493649
right -18.144421127632672
right -13.841143849925295
right -14.69219340066115
right 6.420960131743525
bad
right -0.010837416548124423
right -8.450688627265972
right -6.032051900359356
right -31.42183114942661
right -3.9079984980600653
right -18.391412094043833
right -19.423122472326323
right 7.383397653592243
bad
right -2.0964352945359686
right -2.872610182792865
right -17.586937588632978
bad
right -22.591206281034182
bad
right 0.9622322018907088
right -6.101829464498952
right -14.387379511131762
bad
right -19.162354416707323
right -7.925951537391342
right -12.780426345744186
bad
bad
bad
bad
bad
bad
right -16.138540415674328
bad
right -76.70037873697845
bad
bad
right -23.133937918663896
bad
bad
right -13.24464537681797
right 0.08385848773081683
right 6.335721619713051
right -162.18393791060345
bad
bad
bad
bad
right -38.666995109622626
bad
right -45.486387383129895
right -5.568838250168266
bad
bad
right -19.595644797227454
bad
bad
bad
bad
right -29.24810659352994
right -0.694339555022573
bad
bad
right -7.520721753217124
bad
right -4.398781585241739
right -20.87254588147029
right 2.7819076835134284
right -7.11557327406889
right 9.727660182736221
right -5.060387054876546
bad
bad
---------------------------------------
|             Epoch |               0 |
|             EpRet |            -831 |
|         EpRealRet |            -831 |
|         TestEpRet |            -838 |
|         AverageQ1 |           -48.1 |
|             StdQ1 |            6.79 |
|             MaxQ1 |           -0.13 |
|             MinQ1 |            -105 |
|                Q2 |           -48.1 |
|       TestSuccess |               0 |
| TotalEnvInteracts |        1.97e+05 |
|         TotalTime |            37.3 |
---------------------------------------
right -8.735609185865204
right -1.6940843050448393
right -16.090610535952763
right 0.8727637774450727
right -14.688820793838602
bad
right -3.986538420390975
bad
right -18.72702705653549
bad
right 5.93981442497803
right -15.625405562790075
right -7.853113821105872
bad
bad
right -24.491049525437035
right 0.341645936797919
bad
right -6.68256797644554
right -16.28482380750405
bad
bad
right 1.8260766613284236
bad
right -22.82500973775784
bad
right -2.452772187666106
right 3.406947189896231
bad
right -33.81810791524402
right -68.60451124379549
right -9.186849754796345
bad
right 2.0716714521971733
bad
bad
bad
bad
bad
bad
right -21.40396186400238
right 3.806963205860024
right -21.171500568507057
bad
bad
right -24.125949089925477
right -7.9502974477494845
right 1.0289188809074368
bad
right -17.817766185764583
bad
right -29.03720416261345
right 0.683997635873979
right 1.7353928665624903
bad
right -16.10323612920375
bad
right -11.355041433778133
right 2.5296857887935733
right -15.65254724098235
right 4.371378071110232
right -0.3380547805971048
bad
bad
right 5.851697219342718
right 1.6973619319493842
right -13.052530295732826
right -18.912533839202517
bad
bad
bad
bad
