[36;1mSaving config:
[0m
{
    "args":	null,
    "env":	null,
    "exp_name":	"HER_mpi1_random_TD3Torch_PandaReach-v2",
    "logger":	null,
    "logger_kwargs":	{
        "exp_name":	"HER_mpi1_random_TD3Torch_PandaReach-v2",
        "output_dir":	"HER_DRLib_Torch_exps/2023-06-16_HER_mpi1_random_TD3Torch_PandaReach-v2\\2023-06-16_10-25-27-HER_mpi1_random_TD3Torch_PandaReach-v2_s300"
    },
    "net":	null
}
π€≤ÏœÚ¡øø’º‰ tensor([[ 0.8897,  1.3805, -0.4449,  ...,  0.6491, -0.0611,  0.3556],
        [ 2.7630,  0.9329,  2.3931,  ...,  0.6491, -0.0611,  0.3556],
        [ 0.3484,  1.5433, -0.9552,  ...,  0.6491, -0.0611,  0.3556],
        ...,
        [ 0.4766,  1.9073, -2.0112,  ...,  0.6491, -0.0611,  0.3556],
        [ 0.4911,  1.8346, -1.7249,  ...,  0.6491, -0.0611,  0.3556],
        [ 1.0030,  1.1268, -0.3776,  ...,  0.6491, -0.0611,  0.3556]],
       device='cuda:0')
‘§≤‚œÚ¡øø’º‰ tensor([[-0.0537,  0.1745,  0.2578,  ...,  0.3134,  0.2615,  0.0912],
        [ 0.0175,  0.0498,  0.3129,  ...,  0.3255,  0.1599,  0.1351],
        [ 0.0296,  0.0521,  0.2979,  ...,  0.5021,  0.0686,  0.0452],
        ...,
        [ 0.0489,  0.0492,  0.3716,  ...,  0.5004,  0.2256,  0.0780],
        [-0.0310,  0.1747,  0.2670,  ...,  0.2766,  0.2568,  0.0679],
        [-0.0138,  0.1758,  0.2577,  ...,  0.2893,  0.2169,  0.0825]],
       device='cuda:0')
π€≤ÏœÚ¡øø’º‰ tensor([[ 1.0030,  1.1268, -0.3776,  ...,  0.6491, -0.0611,  0.3556],
        [ 0.8188,  0.7458, -0.6299,  ...,  0.6491, -0.0611,  0.3556],
        [ 0.6418,  1.4281, -0.8028,  ...,  0.6491, -0.0611,  0.3556],
        ...,
        [ 2.7601,  1.7114,  1.1873,  ...,  0.6491, -0.0611,  0.3556],
        [ 0.9149,  0.8262, -0.5417,  ...,  0.6491, -0.0611,  0.3556],
        [ 2.7601,  1.7114,  1.1873,  ...,  0.6491, -0.0611,  0.3556]],
       device='cuda:0')
‘§≤‚œÚ¡øø’º‰ tensor([[ 0.1574,  0.0554,  0.0529,  ...,  0.0633, -0.0895, -0.0403],
        [ 0.1938,  0.1602,  0.0301,  ...,  0.0216, -0.1513, -0.1545],
        [ 0.2689,  0.2514,  0.0576,  ...,  0.0332, -0.0557,  0.0257],
        ...,
        [ 0.1938,  0.1602,  0.0301,  ...,  0.0216, -0.1513, -0.1545],
        [ 0.2794,  0.2347, -0.2206,  ..., -0.1395, -0.1493, -0.1399],
        [ 0.2581,  0.2732,  0.0835,  ...,  0.0340, -0.0428,  0.0322]],
       device='cuda:0')
π€≤ÏœÚ¡øø’º‰ tensor([[ 0.5700,  2.0000, -2.0000,  ...,  0.6491, -0.0611,  0.3556],
        [ 0.5700,  2.0000, -2.0000,  ...,  0.6491, -0.0611,  0.3556],
        [ 0.8776,  1.3359, -0.5984,  ...,  0.6491, -0.0611,  0.3556],
        ...,
        [ 0.9149,  0.8262, -0.5417,  ...,  0.6491, -0.0611,  0.3556],
        [ 1.2566,  0.4769, -0.0819,  ...,  0.6491, -0.0611,  0.3556],
        [ 0.8188,  0.7458, -0.6299,  ...,  0.6491, -0.0611,  0.3556]],
       device='cuda:0')
‘§≤‚œÚ¡øø’º‰ tensor([[-0.1062,  0.0973, -0.3031,  ...,  0.2210,  0.2674,  0.0984],
        [-0.0832,  0.1482, -0.3068,  ...,  0.2366,  0.2805,  0.1211],
        [-0.0832,  0.1482, -0.3068,  ...,  0.2366,  0.2805,  0.1211],
        ...,
        [-0.1702,  0.0664, -0.2590,  ...,  0.1480,  0.3363,  0.0769],
        [-0.1361,  0.0361, -0.2517,  ...,  0.2695,  0.4889,  0.0684],
        [-0.2629,  0.2809, -0.3657,  ...,  0.3869,  0.5949, -0.0046]],
       device='cuda:0')
π€≤ÏœÚ¡øø’º‰ tensor([[ 0.5700,  2.0000, -2.0000,  ...,  0.6491, -0.0611,  0.3556],
        [ 2.7630,  0.9329,  2.3931,  ...,  0.6491, -0.0611,  0.3556],
        [ 1.0030,  1.1268, -0.3776,  ...,  0.6491, -0.0611,  0.3556],
        ...,
        [ 0.3484,  1.5433, -0.9552,  ...,  0.6491, -0.0611,  0.3556],
        [ 1.0030,  1.1268, -0.3776,  ...,  0.6491, -0.0611,  0.3556],
        [ 0.3484,  1.5433, -0.9552,  ...,  0.6491, -0.0611,  0.3556]],
       device='cuda:0')
‘§≤‚œÚ¡øø’º‰ tensor([[-5.5842e-01, -2.5931e-01, -2.6507e-01,  ..., -5.0591e-01,
          6.2233e-03,  4.8842e-02],
        [-4.5565e-01,  3.1274e-02, -1.0186e-01,  ..., -4.3287e-01,
         -1.7203e-05, -4.0373e-02],
        [-5.5842e-01, -2.5931e-01, -2.6507e-01,  ..., -5.0591e-01,
          6.2233e-03,  4.8842e-02],
        ...,
        [-7.0886e-01, -1.4230e-01, -3.5392e-01,  ..., -5.9107e-01,
          6.8854e-02, -6.5833e-02],
        [-4.0615e-01, -2.1211e-02, -5.7968e-02,  ..., -3.3881e-01,
          2.8793e-03, -8.9318e-02],
        [-3.4852e-01, -2.9342e-02, -3.4077e-02,  ..., -5.7622e-01,
         -4.3563e-03, -2.3555e-02]], device='cuda:0')
π€≤ÏœÚ¡øø’º‰ tensor([[ 1.2566,  0.4769, -0.0819,  ...,  0.6491, -0.0611,  0.3556],
        [ 1.0030,  1.1268, -0.3776,  ...,  0.6491, -0.0611,  0.3556],
        [ 0.5303,  1.9546, -1.6743,  ...,  0.6491, -0.0611,  0.3556],
        ...,
        [ 2.7630,  0.9329,  2.3931,  ...,  0.6491, -0.0611,  0.3556],
        [ 1.2566,  0.4769, -0.0819,  ...,  0.6491, -0.0611,  0.3556],
        [ 0.4911,  1.8346, -1.7249,  ...,  0.6491, -0.0611,  0.3556]],
       device='cuda:0')
‘§≤‚œÚ¡øø’º‰ tensor([[ 0.2389, -0.3175, -0.0859,  ..., -0.1823, -0.0998,  0.1969],
        [ 0.1814, -0.3692, -0.0822,  ..., -0.1909, -0.0191,  0.4849],
        [ 0.3010, -0.4180, -0.1433,  ..., -0.0493, -0.0067,  0.1420],
        ...,
        [ 0.1814, -0.3692, -0.0822,  ..., -0.1909, -0.0191,  0.4849],
        [ 0.3181, -0.4692, -0.0908,  ..., -0.2924,  0.0087,  0.3664],
        [ 0.1814, -0.3692, -0.0822,  ..., -0.1909, -0.0191,  0.4849]],
       device='cuda:0')
π€≤ÏœÚ¡øø’º‰ tensor([[ 2.7601,  1.7114,  1.1873,  ...,  0.6491, -0.0611,  0.3556],
        [ 2.7601,  1.7114,  1.1873,  ...,  0.6491, -0.0611,  0.3556],
        [ 1.0030,  1.1268, -0.3776,  ...,  0.6491, -0.0611,  0.3556],
        ...,
        [ 2.7601,  1.7114,  1.1873,  ...,  0.6491, -0.0611,  0.3556],
        [ 2.7630,  0.9329,  2.3931,  ...,  0.6491, -0.0611,  0.3556],
        [ 0.8776,  1.3359, -0.5984,  ...,  0.6491, -0.0611,  0.3556]],
       device='cuda:0')
‘§≤‚œÚ¡øø’º‰ tensor([[ 0.0686,  0.0509,  0.0311,  ...,  0.0557,  0.0330,  0.0518],
        [ 0.3488,  0.0016,  0.0461,  ..., -0.1485,  0.2069, -0.1424],
        [ 0.3488,  0.0016,  0.0461,  ..., -0.1485,  0.2069, -0.1424],
        ...,
        [ 0.0096,  0.0571,  0.0550,  ...,  0.0577,  0.0715,  0.0445],
        [ 0.3488,  0.0016,  0.0461,  ..., -0.1485,  0.2069, -0.1424],
        [ 0.1791,  0.2808,  0.0639,  ...,  0.0767,  0.2331, -0.2656]],
       device='cuda:0')
π€≤ÏœÚ¡øø’º‰ tensor([[ 0.5303,  1.9546, -1.6743,  ...,  0.6491, -0.0611,  0.3556],
        [ 0.5700,  2.0000, -2.0000,  ...,  0.6491, -0.0611,  0.3556],
        [ 0.4911,  1.8346, -1.7249,  ...,  0.6491, -0.0611,  0.3556],
        ...,
        [ 0.8188,  0.7458, -0.6299,  ...,  0.6491, -0.0611,  0.3556],
        [ 0.5700,  2.0000, -2.0000,  ...,  0.6491, -0.0611,  0.3556],
        [ 2.7630,  0.9329,  2.3931,  ...,  0.6491, -0.0611,  0.3556]],
       device='cuda:0')
‘§≤‚œÚ¡øø’º‰ tensor([[ 0.3688, -0.0772,  0.0478,  ...,  0.0756, -0.0952,  0.0901],
        [ 0.1424, -0.2203, -0.1286,  ..., -0.0128, -0.1328,  0.2573],
        [ 0.1521, -0.2268, -0.1523,  ..., -0.0212, -0.1358,  0.2430],
        ...,
        [ 0.2018, -0.1533,  0.0750,  ...,  0.2219, -0.0639,  0.0100],
        [ 0.1842, -0.2077,  0.0134,  ...,  0.1411, -0.1055,  0.0814],
        [ 0.1521, -0.2268, -0.1523,  ..., -0.0212, -0.1358,  0.2430]],
       device='cuda:0')
π€≤ÏœÚ¡øø’º‰ tensor([[ 2.0446,  0.2686,  0.8115,  ...,  0.6491, -0.0611,  0.3556],
        [ 0.9149,  0.8262, -0.5417,  ...,  0.6491, -0.0611,  0.3556],
        [ 0.3988,  1.7464, -1.6544,  ...,  0.6491, -0.0611,  0.3556],
        ...,
        [ 0.3588,  1.5140, -1.1890,  ...,  0.6491, -0.0611,  0.3556],
        [ 0.8188,  0.7458, -0.6299,  ...,  0.6491, -0.0611,  0.3556],
        [ 0.6418,  1.4281, -0.8028,  ...,  0.6491, -0.0611,  0.3556]],
       device='cuda:0')
‘§≤‚œÚ¡øø’º‰ tensor([[-0.0038,  0.1315,  0.0301,  ...,  0.2015,  0.3420,  0.1633],
        [-0.0592,  0.2375,  0.1797,  ...,  0.3052,  0.6735,  0.0213],
        [ 0.0527,  0.1479,  0.1109,  ...,  0.2106,  0.4476,  0.0658],
        ...,
        [ 0.0254,  0.2467,  0.0701,  ...,  0.1281,  0.5449,  0.0654],
        [ 0.0426,  0.0843,  0.0345,  ...,  0.1398,  0.3188,  0.1561],
        [ 0.0442,  0.1108,  0.1045,  ...,  0.1997,  0.4063,  0.1091]],
       device='cuda:0')
π€≤ÏœÚ¡øø’º‰ tensor([[ 0.5303,  1.9546, -1.6743,  ...,  0.6491, -0.0611,  0.3556],
        [ 0.3588,  1.5140, -1.1890,  ...,  0.6491, -0.0611,  0.3556],
        [ 0.5700,  2.0000, -2.0000,  ...,  0.6491, -0.0611,  0.3556],
        ...,
        [ 0.3701,  1.6791, -1.4596,  ...,  0.6491, -0.0611,  0.3556],
        [ 2.7630,  0.9329,  2.3931,  ...,  0.6491, -0.0611,  0.3556],
        [ 0.8776,  1.3359, -0.5984,  ...,  0.6491, -0.0611,  0.3556]],
       device='cuda:0')
‘§≤‚œÚ¡øø’º‰ tensor([[ 0.1034,  0.0935, -0.3035,  ..., -0.3230,  0.0916,  0.0161],
        [ 0.1288,  0.0874, -0.3262,  ..., -0.3290,  0.0704,  0.0240],
        [ 0.0593,  0.0606, -0.2403,  ..., -0.3023,  0.0927,  0.0177],
        ...,
        [ 0.1951, -0.3116, -0.3397,  ...,  0.0409,  0.1701, -0.0288],
        [ 0.0613,  0.1131, -0.2546,  ..., -0.3346,  0.0745,  0.0124],
        [ 0.3397, -0.2219, -0.3301,  ..., -0.0644, -0.0096,  0.1028]],
       device='cuda:0')
π€≤ÏœÚ¡øø’º‰ tensor([[ 1.0030,  1.1268, -0.3776,  ...,  0.6491, -0.0611,  0.3556],
        [ 1.0416,  0.6884, -0.2722,  ...,  0.6491, -0.0611,  0.3556],
        [ 0.3988,  1.7464, -1.6544,  ...,  0.6491, -0.0611,  0.3556],
        ...,
        [ 0.3988,  1.7464, -1.6544,  ...,  0.6491, -0.0611,  0.3556],
        [ 0.4911,  1.8346, -1.7249,  ...,  0.6491, -0.0611,  0.3556],
        [ 0.3988,  1.7464, -1.6544,  ...,  0.6491, -0.0611,  0.3556]],
       device='cuda:0')
‘§≤‚œÚ¡øø’º‰ tensor([[ 0.0026, -0.3312, -0.5488,  ..., -0.3423, -0.1636, -0.2843],
        [-0.0123, -0.2269, -0.4635,  ..., -0.0832, -0.1215, -0.2861],
        [ 0.1532, -0.0509, -0.3701,  ..., -0.1413, -0.0475, -0.2577],
        ...,
        [ 0.1532, -0.0509, -0.3701,  ..., -0.1413, -0.0475, -0.2577],
        [-0.0469, -0.0542, -0.3376,  ..., -0.0338, -0.0845, -0.2544],
        [-0.0823, -0.0229, -0.3494,  ..., -0.0011, -0.0643, -0.2780]],
       device='cuda:0')
π€≤ÏœÚ¡øø’º‰ tensor([[ 1.0416,  0.6884, -0.2722,  ...,  0.6491, -0.0611,  0.3556],
        [ 0.3988,  1.7464, -1.6544,  ...,  0.6491, -0.0611,  0.3556],
        [ 0.4911,  1.8346, -1.7249,  ...,  0.6491, -0.0611,  0.3556],
        ...,
        [ 0.8897,  1.3805, -0.4449,  ...,  0.6491, -0.0611,  0.3556],
        [ 2.7630,  0.9329,  2.3931,  ...,  0.6491, -0.0611,  0.3556],
        [ 1.0030,  1.1268, -0.3776,  ...,  0.6491, -0.0611,  0.3556]],
       device='cuda:0')
‘§≤‚œÚ¡øø’º‰ tensor([[-0.0023, -0.0989,  0.2890,  ...,  0.0298,  0.1992,  0.2492],
        [-0.0717, -0.3077,  0.4922,  ...,  0.2640,  0.2576,  0.1272],
        [ 0.0878, -0.0771,  0.2770,  ..., -0.0158,  0.1841,  0.2917],
        ...,
        [ 0.1351, -0.1190,  0.3591,  ..., -0.0223,  0.2034,  0.3710],
        [-0.0076, -0.1142,  0.2509,  ...,  0.0708,  0.1903,  0.1823],
        [ 0.1846, -0.2983,  0.4812,  ...,  0.3051,  0.1245,  0.0203]],
       device='cuda:0')
π€≤ÏœÚ¡øø’º‰ tensor([[ 5.3029e-01,  1.9546e+00, -1.6743e+00,  ...,  6.4909e-01,
         -6.1062e-02,  3.5557e-01],
        [ 2.2523e+00, -1.1759e-03,  8.6393e-01,  ...,  6.4909e-01,
         -6.1062e-02,  3.5557e-01],
        [ 8.1879e-01,  7.4580e-01, -6.2990e-01,  ...,  6.4909e-01,
         -6.1062e-02,  3.5557e-01],
        ...,
        [ 1.0030e+00,  1.1268e+00, -3.7757e-01,  ...,  6.4909e-01,
         -6.1062e-02,  3.5557e-01],
        [ 8.1879e-01,  7.4580e-01, -6.2990e-01,  ...,  6.4909e-01,
         -6.1062e-02,  3.5557e-01],
        [ 5.7000e-01,  2.0000e+00, -2.0000e+00,  ...,  6.4909e-01,
         -6.1062e-02,  3.5557e-01]], device='cuda:0')
‘§≤‚œÚ¡øø’º‰ tensor([[ 0.1256,  0.0870, -0.0816,  ...,  0.0912,  0.3348, -0.1341],
        [ 0.2028,  0.0724, -0.1257,  ...,  0.1255,  0.2949, -0.1799],
        [-0.0846,  0.1245,  0.2587,  ..., -0.3919,  0.4590,  0.2228],
        ...,
        [ 0.1488,  0.1348, -0.0174,  ...,  0.0579,  0.3357, -0.1024],
        [ 0.2616,  0.1650, -0.0068,  ..., -0.0066,  0.3696, -0.0945],
        [ 0.0437,  0.1569,  0.0967,  ...,  0.0207,  0.4448, -0.0659]],
       device='cuda:0')
π€≤ÏœÚ¡øø’º‰ tensor([[ 1.2566,  0.4769, -0.0819,  ...,  0.6491, -0.0611,  0.3556],
        [ 0.8897,  1.3805, -0.4449,  ...,  0.6491, -0.0611,  0.3556],
        [ 0.3484,  1.5433, -0.9552,  ...,  0.6491, -0.0611,  0.3556],
        ...,
        [ 0.3588,  1.5140, -1.1890,  ...,  0.6491, -0.0611,  0.3556],
        [ 0.3484,  1.5433, -0.9552,  ...,  0.6491, -0.0611,  0.3556],
        [ 0.8897,  1.3805, -0.4449,  ...,  0.6491, -0.0611,  0.3556]],
       device='cuda:0')
‘§≤‚œÚ¡øø’º‰ tensor([[-0.0121,  0.0671, -0.0522,  ...,  0.3008, -0.1001,  0.3110],
        [ 0.4139,  0.2389, -0.2686,  ...,  0.5745,  0.1255,  0.1699],
        [ 0.1210,  0.1474, -0.0506,  ...,  0.3506, -0.0296,  0.2538],
        ...,
        [ 0.2535,  0.1640, -0.3324,  ...,  0.5196, -0.1699,  0.4108],
        [ 0.1317,  0.1387, -0.0392,  ...,  0.3033, -0.0130,  0.2147],
        [ 0.0757,  0.1155, -0.0234,  ...,  0.3162,  0.0296,  0.1673]],
       device='cuda:0')
π€≤ÏœÚ¡øø’º‰ tensor([[ 0.6418,  1.4281, -0.8028,  ...,  0.6491, -0.0611,  0.3556],
        [ 1.0030,  1.1268, -0.3776,  ...,  0.6491, -0.0611,  0.3556],
        [ 1.2566,  0.4769, -0.0819,  ...,  0.6491, -0.0611,  0.3556],
        ...,
        [ 1.2566,  0.4769, -0.0819,  ...,  0.6491, -0.0611,  0.3556],
        [ 0.3192,  1.5807, -1.6119,  ...,  0.6491, -0.0611,  0.3556],
        [ 1.0030,  1.1268, -0.3776,  ...,  0.6491, -0.0611,  0.3556]],
       device='cuda:0')
‘§≤‚œÚ¡øø’º‰ tensor([[-0.0644,  0.1773, -0.0217,  ...,  0.1180,  0.2118,  0.0714],
        [-0.0169,  0.1595, -0.0547,  ...,  0.0920,  0.1985, -0.0034],
        [-0.0160,  0.1658,  0.0106,  ...,  0.0702,  0.1100, -0.1232],
        ...,
        [-0.0071,  0.1669, -0.0075,  ...,  0.0878,  0.1651,  0.0010],
        [-0.4665,  0.3408, -0.1159,  ...,  0.1364,  0.3419,  0.1714],
        [-0.0594,  0.1738, -0.0347,  ...,  0.0619,  0.2056,  0.0343]],
       device='cuda:0')
π€≤ÏœÚ¡øø’º‰ tensor([[ 1.0416,  0.6884, -0.2722,  ...,  0.6491, -0.0611,  0.3556],
        [ 0.8776,  1.3359, -0.5984,  ...,  0.6491, -0.0611,  0.3556],
        [ 0.3701,  1.6791, -1.4596,  ...,  0.6491, -0.0611,  0.3556],
        ...,
        [ 0.5303,  1.9546, -1.6743,  ...,  0.6491, -0.0611,  0.3556],
        [ 0.5303,  1.9546, -1.6743,  ...,  0.6491, -0.0611,  0.3556],
        [ 0.3988,  1.7464, -1.6544,  ...,  0.6491, -0.0611,  0.3556]],
       device='cuda:0')
‘§≤‚œÚ¡øø’º‰ tensor([[ 2.8173e-02, -1.9041e-01, -5.0477e-02,  ...,  3.6335e-01,
         -1.5304e-01, -5.0602e-02],
        [ 4.4812e-02, -1.9437e-01, -1.7241e-01,  ...,  4.1609e-01,
          2.4921e-02, -1.3886e-01],
        [-4.0348e-02, -9.1095e-02, -1.0694e-01,  ...,  3.8623e-01,
         -4.5107e-02, -1.7092e-01],
        ...,
        [-1.6037e-02, -7.9626e-02, -9.5379e-02,  ...,  3.5204e-01,
         -4.9879e-02, -1.5668e-01],
        [-2.5794e-05, -1.6108e-01, -5.9149e-02,  ...,  3.7412e-01,
         -1.3731e-01, -6.7225e-02],
        [-2.5794e-05, -1.6108e-01, -5.9149e-02,  ...,  3.7412e-01,
         -1.3731e-01, -6.7225e-02]], device='cuda:0')
π€≤ÏœÚ¡øø’º‰ tensor([[ 1.0416,  0.6884, -0.2722,  ...,  0.6491, -0.0611,  0.3556],
        [ 2.0446,  0.2686,  0.8115,  ...,  0.6491, -0.0611,  0.3556],
        [ 2.0446,  0.2686,  0.8115,  ...,  0.6491, -0.0611,  0.3556],
        ...,
        [ 0.3588,  1.5140, -1.1890,  ...,  0.6491, -0.0611,  0.3556],
        [ 0.5303,  1.9546, -1.6743,  ...,  0.6491, -0.0611,  0.3556],
        [ 1.2566,  0.4769, -0.0819,  ...,  0.6491, -0.0611,  0.3556]],
       device='cuda:0')
‘§≤‚œÚ¡øø’º‰ tensor([[ 0.1393, -0.1212, -0.2156,  ..., -0.0042,  0.1010, -0.2025],
        [ 0.1597, -0.1394, -0.2172,  ...,  0.0083,  0.0205, -0.2045],
        [ 0.1965, -0.2242, -0.2260,  ...,  0.0016, -0.1354, -0.0617],
        ...,
        [ 0.1291, -0.0849, -0.2276,  ...,  0.0198,  0.1235, -0.2172],
        [ 0.1948, -0.1157, -0.2247,  ..., -0.0148,  0.1555, -0.2475],
        [ 0.1650, -0.1630, -0.2570,  ..., -0.0227,  0.1608, -0.2227]],
       device='cuda:0')
π€≤ÏœÚ¡øø’º‰ tensor([[ 0.3192,  1.5807, -1.6119,  ...,  0.6491, -0.0611,  0.3556],
        [ 0.5700,  2.0000, -2.0000,  ...,  0.6491, -0.0611,  0.3556],
        [ 0.3701,  1.6791, -1.4596,  ...,  0.6491, -0.0611,  0.3556],
        ...,
        [ 0.8776,  1.3359, -0.5984,  ...,  0.6491, -0.0611,  0.3556],
        [ 0.8188,  0.7458, -0.6299,  ...,  0.6491, -0.0611,  0.3556],
        [ 2.7630,  0.9329,  2.3931,  ...,  0.6491, -0.0611,  0.3556]],
       device='cuda:0')
‘§≤‚œÚ¡øø’º‰ tensor([[ 0.4539,  0.6440, -0.2624,  ...,  0.0631,  0.0629, -0.0612],
        [ 0.2668,  0.3544, -0.0539,  ..., -0.0216, -0.0031, -0.0521],
        [ 0.3940,  0.3432, -0.0827,  ..., -0.0268, -0.0018, -0.0297],
        ...,
        [ 0.2668,  0.3544, -0.0539,  ..., -0.0216, -0.0031, -0.0521],
        [ 0.3329,  0.4279, -0.0989,  ..., -0.1085, -0.0137, -0.1168],
        [ 0.2745,  0.5113, -0.2096,  ..., -0.0954, -0.0285, -0.1264]],
       device='cuda:0')
π€≤ÏœÚ¡øø’º‰ tensor([[ 2.7601e+00,  1.7114e+00,  1.1873e+00,  ...,  6.4909e-01,
         -6.1062e-02,  3.5557e-01],
        [ 3.7006e-01,  1.6791e+00, -1.4596e+00,  ...,  6.4909e-01,
         -6.1062e-02,  3.5557e-01],
        [ 1.0416e+00,  6.8840e-01, -2.7225e-01,  ...,  6.4909e-01,
         -6.1062e-02,  3.5557e-01],
        ...,
        [ 2.2523e+00, -1.1759e-03,  8.6393e-01,  ...,  6.4909e-01,
         -6.1062e-02,  3.5557e-01],
        [ 3.5878e-01,  1.5140e+00, -1.1890e+00,  ...,  6.4909e-01,
         -6.1062e-02,  3.5557e-01],
        [ 3.4840e-01,  1.5433e+00, -9.5518e-01,  ...,  6.4909e-01,
         -6.1062e-02,  3.5557e-01]], device='cuda:0')
‘§≤‚œÚ¡øø’º‰ tensor([[-0.0484,  0.2269, -0.1131,  ...,  0.0508,  0.1294,  0.1345],
        [-0.2284,  0.5393, -0.0776,  ..., -0.1465,  0.5805,  0.3723],
        [-0.0650,  0.2377, -0.1308,  ...,  0.0250,  0.1371,  0.1556],
        ...,
        [-0.5033,  0.4679, -0.2300,  ..., -0.2101,  0.2679,  0.4374],
        [-0.5033,  0.4679, -0.2300,  ..., -0.2101,  0.2679,  0.4374],
        [-0.0484,  0.2269, -0.1131,  ...,  0.0508,  0.1294,  0.1345]],
       device='cuda:0')
π€≤ÏœÚ¡øø’º‰ tensor([[ 8.8972e-01,  1.3805e+00, -4.4487e-01,  ...,  6.4909e-01,
         -6.1062e-02,  3.5557e-01],
        [ 2.2523e+00, -1.1759e-03,  8.6393e-01,  ...,  6.4909e-01,
         -6.1062e-02,  3.5557e-01],
        [ 3.1924e-01,  1.5807e+00, -1.6119e+00,  ...,  6.4909e-01,
         -6.1062e-02,  3.5557e-01],
        ...,
        [ 8.7764e-01,  1.3359e+00, -5.9844e-01,  ...,  6.4909e-01,
         -6.1062e-02,  3.5557e-01],
        [ 2.7630e+00,  9.3286e-01,  2.3931e+00,  ...,  6.4909e-01,
         -6.1062e-02,  3.5557e-01],
        [ 6.4184e-01,  1.4281e+00, -8.0277e-01,  ...,  6.4909e-01,
         -6.1062e-02,  3.5557e-01]], device='cuda:0')
‘§≤‚œÚ¡øø’º‰ tensor([[ 0.2083,  0.2391, -0.1226,  ...,  0.0768,  0.1696,  0.0593],
        [ 0.2857,  0.2414, -0.1214,  ...,  0.0631,  0.0870,  0.0656],
        [ 0.3406,  0.6172, -0.2234,  ...,  0.0220,  0.3361,  0.4166],
        ...,
        [ 0.2857,  0.2414, -0.1214,  ...,  0.0631,  0.0870,  0.0656],
        [ 0.2538,  0.2406, -0.0983,  ...,  0.0700,  0.1197,  0.0855],
        [ 0.3779,  0.4044, -0.1675,  ...,  0.0299, -0.0749,  0.2901]],
       device='cuda:0')
π€≤ÏœÚ¡øø’º‰ tensor([[ 0.3484,  1.5433, -0.9552,  ...,  0.6491, -0.0611,  0.3556],
        [ 0.3192,  1.5807, -1.6119,  ...,  0.6491, -0.0611,  0.3556],
        [ 0.5700,  2.0000, -2.0000,  ...,  0.6491, -0.0611,  0.3556],
        ...,
        [ 0.3192,  1.5807, -1.6119,  ...,  0.6491, -0.0611,  0.3556],
        [ 0.8897,  1.3805, -0.4449,  ...,  0.6491, -0.0611,  0.3556],
        [ 0.8897,  1.3805, -0.4449,  ...,  0.6491, -0.0611,  0.3556]],
       device='cuda:0')
‘§≤‚œÚ¡øø’º‰ tensor([[-0.4488, -0.0123,  0.2898,  ..., -0.1477, -0.0022,  0.5929],
        [-0.2071,  0.1345,  0.0927,  ..., -0.1636, -0.0622,  0.3765],
        [-0.1320,  0.1313,  0.1788,  ..., -0.1804,  0.0177,  0.2923],
        ...,
        [-0.2071,  0.1345,  0.0927,  ..., -0.1636, -0.0622,  0.3765],
        [-0.1320,  0.1313,  0.1788,  ..., -0.1804,  0.0177,  0.2923],
        [-0.2234,  0.1422,  0.0537,  ..., -0.2081, -0.0928,  0.4217]],
       device='cuda:0')
π€≤ÏœÚ¡øø’º‰ tensor([[ 3.9881e-01,  1.7464e+00, -1.6544e+00,  ...,  6.4909e-01,
         -6.1062e-02,  3.5557e-01],
        [ 9.1487e-01,  8.2618e-01, -5.4166e-01,  ...,  6.4909e-01,
         -6.1062e-02,  3.5557e-01],
        [ 9.1487e-01,  8.2618e-01, -5.4166e-01,  ...,  6.4909e-01,
         -6.1062e-02,  3.5557e-01],
        ...,
        [ 2.2523e+00, -1.1759e-03,  8.6393e-01,  ...,  6.4909e-01,
         -6.1062e-02,  3.5557e-01],
        [ 1.0030e+00,  1.1268e+00, -3.7757e-01,  ...,  6.4909e-01,
         -6.1062e-02,  3.5557e-01],
        [ 1.0030e+00,  1.1268e+00, -3.7757e-01,  ...,  6.4909e-01,
         -6.1062e-02,  3.5557e-01]], device='cuda:0')
‘§≤‚œÚ¡øø’º‰ tensor([[-0.0375, -0.0036, -0.0206,  ..., -0.1493,  0.1357,  0.2375],
        [ 0.1226, -0.0297,  0.0018,  ..., -0.0836,  0.1242,  0.3238],
        [-0.1029,  0.0172, -0.0519,  ..., -0.1996,  0.0332,  0.1977],
        ...,
        [ 0.1019, -0.0568, -0.0147,  ..., -0.0979,  0.1266,  0.3405],
        [-0.3175, -0.2869,  0.2522,  ..., -0.2252,  0.1245,  0.3704],
        [-0.0375, -0.0036, -0.0206,  ..., -0.1493,  0.1357,  0.2375]],
       device='cuda:0')
π€≤ÏœÚ¡øø’º‰ tensor([[ 2.7601,  1.7114,  1.1873,  ...,  0.6491, -0.0611,  0.3556],
        [ 1.2566,  0.4769, -0.0819,  ...,  0.6491, -0.0611,  0.3556],
        [ 0.4911,  1.8346, -1.7249,  ...,  0.6491, -0.0611,  0.3556],
        ...,
        [ 0.5700,  2.0000, -2.0000,  ...,  0.6491, -0.0611,  0.3556],
        [ 0.4911,  1.8346, -1.7249,  ...,  0.6491, -0.0611,  0.3556],
        [ 0.9149,  0.8262, -0.5417,  ...,  0.6491, -0.0611,  0.3556]],
       device='cuda:0')
‘§≤‚œÚ¡øø’º‰ tensor([[ 0.1432,  0.0690,  0.1881,  ...,  0.1306, -0.0124,  0.0502],
        [ 0.0410,  0.1642,  0.4794,  ...,  0.0542, -0.3696,  0.0950],
        [ 0.3317, -0.5609,  0.3054,  ...,  0.3307,  0.2093,  0.3912],
        ...,
        [ 0.1856,  0.0465,  0.1131,  ...,  0.1049,  0.0157,  0.0226],
        [ 0.1970,  0.1119,  0.0738,  ...,  0.0685, -0.0654, -0.0505],
        [ 0.1966,  0.0617,  0.0579,  ...,  0.0918, -0.0193, -0.0260]],
       device='cuda:0')
π€≤ÏœÚ¡øø’º‰ tensor([[ 0.4911,  1.8346, -1.7249,  ...,  0.6491, -0.0611,  0.3556],
        [ 0.5700,  2.0000, -2.0000,  ...,  0.6491, -0.0611,  0.3556],
        [ 0.5303,  1.9546, -1.6743,  ...,  0.6491, -0.0611,  0.3556],
        ...,
        [ 0.8188,  0.7458, -0.6299,  ...,  0.6491, -0.0611,  0.3556],
        [ 1.2566,  0.4769, -0.0819,  ...,  0.6491, -0.0611,  0.3556],
        [ 0.3588,  1.5140, -1.1890,  ...,  0.6491, -0.0611,  0.3556]],
       device='cuda:0')
‘§≤‚œÚ¡øø’º‰ tensor([[-0.2643,  0.1525,  0.5804,  ...,  0.6596,  0.3712, -0.3203],
        [-0.0950,  0.0402,  0.3571,  ...,  0.1408,  0.1455, -0.0844],
        [-0.0938,  0.0602,  0.3416,  ...,  0.1526,  0.1302, -0.0731],
        ...,
        [-0.0950,  0.0402,  0.3571,  ...,  0.1408,  0.1455, -0.0844],
        [-0.0554,  0.0799,  0.2982,  ...,  0.3833,  0.1775,  0.0090],
        [-0.2643,  0.1525,  0.5804,  ...,  0.6596,  0.3712, -0.3203]],
       device='cuda:0')
π€≤ÏœÚ¡øø’º‰ tensor([[ 0.4911,  1.8346, -1.7249,  ...,  0.6491, -0.0611,  0.3556],
        [ 0.8776,  1.3359, -0.5984,  ...,  0.6491, -0.0611,  0.3556],
        [ 0.8188,  0.7458, -0.6299,  ...,  0.6491, -0.0611,  0.3556],
        ...,
        [ 0.3988,  1.7464, -1.6544,  ...,  0.6491, -0.0611,  0.3556],
        [ 0.5303,  1.9546, -1.6743,  ...,  0.6491, -0.0611,  0.3556],
        [ 0.5700,  2.0000, -2.0000,  ...,  0.6491, -0.0611,  0.3556]],
       device='cuda:0')
‘§≤‚œÚ¡øø’º‰ tensor([[ 0.0163, -0.0056,  0.1072,  ...,  0.0247, -0.0869,  0.0623],
        [ 0.0187, -0.0366,  0.1611,  ...,  0.0363, -0.1334,  0.0356],
        [ 0.0374, -0.0376,  0.0996,  ...,  0.0319, -0.0257,  0.0689],
        ...,
        [ 0.0769, -0.0647,  0.0078,  ..., -0.0893,  0.1453,  0.0844],
        [ 0.0178, -0.0144,  0.1162,  ..., -0.0102, -0.1051,  0.0356],
        [ 0.0104, -0.0190,  0.1440,  ...,  0.0107, -0.1237,  0.0443]],
       device='cuda:0')
π€≤ÏœÚ¡øø’º‰ tensor([[ 0.3988,  1.7464, -1.6544,  ...,  0.6491, -0.0611,  0.3556],
        [ 1.0416,  0.6884, -0.2722,  ...,  0.6491, -0.0611,  0.3556],
        [ 0.8897,  1.3805, -0.4449,  ...,  0.6491, -0.0611,  0.3556],
        ...,
        [ 0.8776,  1.3359, -0.5984,  ...,  0.6491, -0.0611,  0.3556],
        [ 0.3484,  1.5433, -0.9552,  ...,  0.6491, -0.0611,  0.3556],
        [ 0.3701,  1.6791, -1.4596,  ...,  0.6491, -0.0611,  0.3556]],
       device='cuda:0')
‘§≤‚œÚ¡øø’º‰ tensor([[ 0.1078,  0.0370,  0.2137,  ..., -0.0059,  0.0467,  0.0232],
        [ 0.2231,  0.2085,  0.0096,  ...,  0.0961, -0.0097, -0.0737],
        [ 0.1130,  0.0231,  0.2538,  ..., -0.0270, -0.0107,  0.0198],
        ...,
        [ 0.1568, -0.0756,  0.2661,  ..., -0.0104,  0.0136, -0.0187],
        [ 0.1340,  0.0483,  0.0649,  ..., -0.0192,  0.0033,  0.0026],
        [ 0.1795,  0.1332, -0.0103,  ...,  0.0590, -0.0211, -0.0414]],
       device='cuda:0')
π€≤ÏœÚ¡øø’º‰ tensor([[ 6.4184e-01,  1.4281e+00, -8.0277e-01,  ...,  6.4909e-01,
         -6.1062e-02,  3.5557e-01],
        [ 1.0416e+00,  6.8840e-01, -2.7225e-01,  ...,  6.4909e-01,
         -6.1062e-02,  3.5557e-01],
        [ 3.5878e-01,  1.5140e+00, -1.1890e+00,  ...,  6.4909e-01,
         -6.1062e-02,  3.5557e-01],
        ...,
        [ 1.0416e+00,  6.8840e-01, -2.7225e-01,  ...,  6.4909e-01,
         -6.1062e-02,  3.5557e-01],
        [ 2.2523e+00, -1.1759e-03,  8.6393e-01,  ...,  6.4909e-01,
         -6.1062e-02,  3.5557e-01],
        [ 8.7764e-01,  1.3359e+00, -5.9844e-01,  ...,  6.4909e-01,
         -6.1062e-02,  3.5557e-01]], device='cuda:0')
‘§≤‚œÚ¡øø’º‰ tensor([[ 0.1584, -0.0201, -0.1733,  ..., -0.1234, -0.0678,  0.0875],
        [ 0.2304, -0.0100, -0.1874,  ..., -0.0297, -0.0750,  0.1295],
        [ 0.1731,  0.1333, -0.2836,  ...,  0.1631, -0.2291,  0.1777],
        ...,
        [ 0.2262, -0.0393, -0.2188,  ..., -0.0266, -0.0851,  0.0855],
        [ 0.1731,  0.1333, -0.2836,  ...,  0.1631, -0.2291,  0.1777],
        [ 0.4133,  0.3115, -0.4823,  ...,  0.1523, -0.0278,  0.2826]],
       device='cuda:0')
π€≤ÏœÚ¡øø’º‰ tensor([[ 0.8188,  0.7458, -0.6299,  ...,  0.6491, -0.0611,  0.3556],
        [ 1.0416,  0.6884, -0.2722,  ...,  0.6491, -0.0611,  0.3556],
        [ 2.7630,  0.9329,  2.3931,  ...,  0.6491, -0.0611,  0.3556],
        ...,
        [ 0.3484,  1.5433, -0.9552,  ...,  0.6491, -0.0611,  0.3556],
        [ 0.3192,  1.5807, -1.6119,  ...,  0.6491, -0.0611,  0.3556],
        [ 0.4911,  1.8346, -1.7249,  ...,  0.6491, -0.0611,  0.3556]],
       device='cuda:0')
‘§≤‚œÚ¡øø’º‰ tensor([[-0.0551, -0.0973,  0.0446,  ..., -0.2516,  0.1788, -0.1678],
        [ 0.0689, -0.0049,  0.0779,  ..., -0.3628,  0.1990, -0.4669],
        [ 0.1216,  0.0461,  0.0565,  ..., -0.3731,  0.1896, -0.5235],
        ...,
        [-0.0551, -0.0973,  0.0446,  ..., -0.2516,  0.1788, -0.1678],
        [-0.0303, -0.0830,  0.0762,  ..., -0.1629,  0.2141, -0.1793],
        [-0.0913, -0.1082,  0.0445,  ..., -0.1898,  0.1883, -0.1534]],
       device='cuda:0')
π€≤ÏœÚ¡øø’º‰ tensor([[ 0.3701,  1.6791, -1.4596,  ...,  0.6491, -0.0611,  0.3556],
        [ 0.3484,  1.5433, -0.9552,  ...,  0.6491, -0.0611,  0.3556],
        [ 1.0416,  0.6884, -0.2722,  ...,  0.6491, -0.0611,  0.3556],
        ...,
        [ 0.9149,  0.8262, -0.5417,  ...,  0.6491, -0.0611,  0.3556],
        [ 1.0416,  0.6884, -0.2722,  ...,  0.6491, -0.0611,  0.3556],
        [ 0.8897,  1.3805, -0.4449,  ...,  0.6491, -0.0611,  0.3556]],
       device='cuda:0')
‘§≤‚œÚ¡øø’º‰ tensor([[ 0.4926, -0.2152,  0.2144,  ..., -0.2605,  0.0316, -0.3637],
        [ 0.1053, -0.0350,  0.1051,  ..., -0.2072, -0.0731, -0.1549],
        [ 0.1202, -0.0842,  0.1276,  ..., -0.1546, -0.0663, -0.1339],
        ...,
        [ 0.1053, -0.0350,  0.1051,  ..., -0.2072, -0.0731, -0.1549],
        [ 0.3306, -0.0872,  0.1874,  ..., -0.3433,  0.0354, -0.2679],
        [ 0.3774, -0.1196,  0.2253,  ..., -0.3604,  0.0552, -0.2833]],
       device='cuda:0')
π€≤ÏœÚ¡øø’º‰ tensor([[ 0.8188,  0.7458, -0.6299,  ...,  0.6491, -0.0611,  0.3556],
        [ 0.3988,  1.7464, -1.6544,  ...,  0.6491, -0.0611,  0.3556],
        [ 1.0030,  1.1268, -0.3776,  ...,  0.6491, -0.0611,  0.3556],
        ...,
        [ 0.4766,  1.9073, -2.0112,  ...,  0.6491, -0.0611,  0.3556],
        [ 0.3484,  1.5433, -0.9552,  ...,  0.6491, -0.0611,  0.3556],
        [ 0.3484,  1.5433, -0.9552,  ...,  0.6491, -0.0611,  0.3556]],
       device='cuda:0')
‘§≤‚œÚ¡øø’º‰ tensor([[-0.1956,  0.0773,  0.0432,  ..., -0.5500,  0.3614,  0.3506],
        [ 0.0156,  0.2905,  0.0299,  ..., -0.3363,  0.1187,  0.1792],
        [-0.0519,  0.0967,  0.1385,  ..., -0.3692,  0.0670,  0.2541],
        ...,
        [ 0.0156,  0.2905,  0.0299,  ..., -0.3363,  0.1187,  0.1792],
        [-0.0258,  0.1484,  0.1586,  ..., -0.4089,  0.0577,  0.2156],
        [-0.1012,  0.0825,  0.0752,  ..., -0.3536,  0.1353,  0.2072]],
       device='cuda:0')
π€≤ÏœÚ¡øø’º‰ tensor([[ 0.3701,  1.6791, -1.4596,  ...,  0.6491, -0.0611,  0.3556],
        [ 0.4911,  1.8346, -1.7249,  ...,  0.6491, -0.0611,  0.3556],
        [ 1.2566,  0.4769, -0.0819,  ...,  0.6491, -0.0611,  0.3556],
        ...,
        [ 0.3484,  1.5433, -0.9552,  ...,  0.6491, -0.0611,  0.3556],
        [ 1.0030,  1.1268, -0.3776,  ...,  0.6491, -0.0611,  0.3556],
        [ 0.9149,  0.8262, -0.5417,  ...,  0.6491, -0.0611,  0.3556]],
       device='cuda:0')
‘§≤‚œÚ¡øø’º‰ tensor([[ 0.2621,  0.2174, -0.0135,  ...,  0.0323,  0.0261, -0.0308],
        [ 0.2830,  0.1400, -0.0629,  ...,  0.0730, -0.0258,  0.0388],
        [ 0.2397,  0.1538, -0.0589,  ...,  0.0847, -0.0737,  0.0575],
        ...,
        [ 0.7380,  0.4568,  0.2266,  ...,  0.1130,  0.2929, -0.0765],
        [ 0.2463,  0.1966, -0.0046,  ...,  0.0794,  0.0041, -0.0305],
        [ 0.3117,  0.1896, -0.0071,  ...,  0.1301,  0.1497, -0.1211]],
       device='cuda:0')
π€≤ÏœÚ¡øø’º‰ tensor([[ 0.4766,  1.9073, -2.0112,  ...,  0.6491, -0.0611,  0.3556],
        [ 0.4766,  1.9073, -2.0112,  ...,  0.6491, -0.0611,  0.3556],
        [ 0.5700,  2.0000, -2.0000,  ...,  0.6491, -0.0611,  0.3556],
        ...,
        [ 2.0446,  0.2686,  0.8115,  ...,  0.6491, -0.0611,  0.3556],
        [ 1.0416,  0.6884, -0.2722,  ...,  0.6491, -0.0611,  0.3556],
        [ 2.7630,  0.9329,  2.3931,  ...,  0.6491, -0.0611,  0.3556]],
       device='cuda:0')
‘§≤‚œÚ¡øø’º‰ tensor([[-0.1862, -0.1327,  0.0381,  ..., -0.0199, -0.1632,  0.0167],
        [-0.1260, -0.1363,  0.0517,  ..., -0.0094, -0.2132,  0.1122],
        [-0.1260, -0.1363,  0.0517,  ..., -0.0094, -0.2132,  0.1122],
        ...,
        [-0.1862, -0.1327,  0.0381,  ..., -0.0199, -0.1632,  0.0167],
        [-0.4059, -0.1334,  0.0559,  ...,  0.0131, -0.0153, -0.2362],
        [-0.3918, -0.1600, -0.0037,  ...,  0.0245, -0.1286, -0.1553]],
       device='cuda:0')
π€≤ÏœÚ¡øø’º‰ tensor([[ 8.7764e-01,  1.3359e+00, -5.9844e-01,  ...,  6.4909e-01,
         -6.1062e-02,  3.5557e-01],
        [ 8.8972e-01,  1.3805e+00, -4.4487e-01,  ...,  6.4909e-01,
         -6.1062e-02,  3.5557e-01],
        [ 2.7630e+00,  9.3286e-01,  2.3931e+00,  ...,  6.4909e-01,
         -6.1062e-02,  3.5557e-01],
        ...,
        [ 3.1924e-01,  1.5807e+00, -1.6119e+00,  ...,  6.4909e-01,
         -6.1062e-02,  3.5557e-01],
        [ 1.2566e+00,  4.7689e-01, -8.1911e-02,  ...,  6.4909e-01,
         -6.1062e-02,  3.5557e-01],
        [ 2.2523e+00, -1.1759e-03,  8.6393e-01,  ...,  6.4909e-01,
         -6.1062e-02,  3.5557e-01]], device='cuda:0')
‘§≤‚œÚ¡øø’º‰ tensor([[ 0.0437, -0.1316, -0.0453,  ..., -0.1393,  0.0892, -0.0346],
        [ 0.0578, -0.1614, -0.0914,  ..., -0.1729,  0.1511, -0.0703],
        [ 0.0477, -0.1841, -0.0858,  ..., -0.1931,  0.1739, -0.0802],
        ...,
        [ 0.4286, -0.0974, -0.2010,  ..., -0.1686,  0.1925, -0.2174],
        [ 0.0759, -0.1071, -0.0777,  ..., -0.1249,  0.0746, -0.0452],
        [ 0.4286, -0.0974, -0.2010,  ..., -0.1686,  0.1925, -0.2174]],
       device='cuda:0')
π€≤ÏœÚ¡øø’º‰ tensor([[ 0.8897,  1.3805, -0.4449,  ...,  0.6491, -0.0611,  0.3556],
        [ 0.8776,  1.3359, -0.5984,  ...,  0.6491, -0.0611,  0.3556],
        [ 0.6418,  1.4281, -0.8028,  ...,  0.6491, -0.0611,  0.3556],
        ...,
        [ 1.0416,  0.6884, -0.2722,  ...,  0.6491, -0.0611,  0.3556],
        [ 0.3484,  1.5433, -0.9552,  ...,  0.6491, -0.0611,  0.3556],
        [ 0.8897,  1.3805, -0.4449,  ...,  0.6491, -0.0611,  0.3556]],
       device='cuda:0')
‘§≤‚œÚ¡øø’º‰ tensor([[ 0.4247,  0.0880, -0.1013,  ..., -0.2719, -0.0819,  0.1730],
        [ 0.4519,  0.0433, -0.0541,  ..., -0.3521, -0.0949,  0.1913],
        [ 0.4485,  0.0543, -0.0532,  ..., -0.3325, -0.0888,  0.1578],
        ...,
        [ 0.5756,  0.0396,  0.0384,  ..., -0.3128,  0.0863,  0.4097],
        [ 0.5263,  0.1200, -0.0694,  ..., -0.4310, -0.0168,  0.2817],
        [ 0.4164,  0.0560, -0.0777,  ..., -0.3000, -0.0796,  0.1696]],
       device='cuda:0')
π€≤ÏœÚ¡øø’º‰ tensor([[ 1.0416,  0.6884, -0.2722,  ...,  0.6491, -0.0611,  0.3556],
        [ 0.3484,  1.5433, -0.9552,  ...,  0.6491, -0.0611,  0.3556],
        [ 0.4766,  1.9073, -2.0112,  ...,  0.6491, -0.0611,  0.3556],
        ...,
        [ 0.9149,  0.8262, -0.5417,  ...,  0.6491, -0.0611,  0.3556],
        [ 0.3588,  1.5140, -1.1890,  ...,  0.6491, -0.0611,  0.3556],
        [ 0.8897,  1.3805, -0.4449,  ...,  0.6491, -0.0611,  0.3556]],
       device='cuda:0')
‘§≤‚œÚ¡øø’º‰ tensor([[-0.0759, -0.0347, -0.0386,  ..., -0.0377,  0.0339, -0.0063],
        [-0.0802,  0.0257,  0.0676,  ..., -0.1385, -0.0092, -0.0955],
        [-0.0881, -0.0080,  0.0017,  ..., -0.1079, -0.0321, -0.0288],
        ...,
        [-0.0817, -0.0010,  0.0577,  ..., -0.1075, -0.0102, -0.0847],
        [-0.0817, -0.0010,  0.0577,  ..., -0.1075, -0.0102, -0.0847],
        [-0.1305, -0.0253,  0.0112,  ..., -0.0817, -0.0039, -0.0515]],
       device='cuda:0')
π€≤ÏœÚ¡øø’º‰ tensor([[ 2.2523e+00, -1.1759e-03,  8.6393e-01,  ...,  6.4909e-01,
         -6.1062e-02,  3.5557e-01],
        [ 8.8972e-01,  1.3805e+00, -4.4487e-01,  ...,  6.4909e-01,
         -6.1062e-02,  3.5557e-01],
        [ 4.9111e-01,  1.8346e+00, -1.7249e+00,  ...,  6.4909e-01,
         -6.1062e-02,  3.5557e-01],
        ...,
        [ 1.2566e+00,  4.7689e-01, -8.1911e-02,  ...,  6.4909e-01,
         -6.1062e-02,  3.5557e-01],
        [ 2.2523e+00, -1.1759e-03,  8.6393e-01,  ...,  6.4909e-01,
         -6.1062e-02,  3.5557e-01],
        [ 3.1924e-01,  1.5807e+00, -1.6119e+00,  ...,  6.4909e-01,
         -6.1062e-02,  3.5557e-01]], device='cuda:0')
‘§≤‚œÚ¡øø’º‰ tensor([[-0.4278,  0.0842,  0.0276,  ..., -0.1867,  0.0172,  0.1521],
        [-0.7202,  0.2127, -0.1439,  ..., -0.0429,  0.0762, -0.0408],
        [-0.2584,  0.0534,  0.0144,  ..., -0.1633, -0.0057,  0.1284],
        ...,
        [-0.7202,  0.2127, -0.1439,  ..., -0.0429,  0.0762, -0.0408],
        [-0.5559,  0.0631, -0.0309,  ..., -0.1539, -0.0751,  0.0939],
        [-0.7202,  0.2127, -0.1439,  ..., -0.0429,  0.0762, -0.0408]],
       device='cuda:0')
π€≤ÏœÚ¡øø’º‰ tensor([[ 3.7006e-01,  1.6791e+00, -1.4596e+00,  ...,  6.4909e-01,
         -6.1062e-02,  3.5557e-01],
        [ 2.2523e+00, -1.1759e-03,  8.6393e-01,  ...,  6.4909e-01,
         -6.1062e-02,  3.5557e-01],
        [ 4.9111e-01,  1.8346e+00, -1.7249e+00,  ...,  6.4909e-01,
         -6.1062e-02,  3.5557e-01],
        ...,
        [ 4.7665e-01,  1.9073e+00, -2.0112e+00,  ...,  6.4909e-01,
         -6.1062e-02,  3.5557e-01],
        [ 9.1487e-01,  8.2618e-01, -5.4166e-01,  ...,  6.4909e-01,
         -6.1062e-02,  3.5557e-01],
        [ 1.2566e+00,  4.7689e-01, -8.1911e-02,  ...,  6.4909e-01,
         -6.1062e-02,  3.5557e-01]], device='cuda:0')
‘§≤‚œÚ¡øø’º‰ tensor([[ 0.2331, -0.3016,  0.0608,  ..., -0.1540,  0.1114,  0.1832],
        [ 0.2568, -0.3063,  0.0747,  ..., -0.1480,  0.0844,  0.1987],
        [ 0.1164, -0.8278,  0.2845,  ..., -0.0639,  0.2494,  0.4695],
        ...,
        [ 0.1986, -0.3527,  0.1380,  ..., -0.1558,  0.1008,  0.1597],
        [ 0.2399, -0.3570,  0.1157,  ..., -0.2350,  0.1081,  0.1926],
        [ 0.1796, -0.5580,  0.0541,  ..., -0.1049,  0.1983,  0.3213]],
       device='cuda:0')
π€≤ÏœÚ¡øø’º‰ tensor([[ 0.3484,  1.5433, -0.9552,  ...,  0.6491, -0.0611,  0.3556],
        [ 0.3988,  1.7464, -1.6544,  ...,  0.6491, -0.0611,  0.3556],
        [ 0.8188,  0.7458, -0.6299,  ...,  0.6491, -0.0611,  0.3556],
        ...,
        [ 0.3484,  1.5433, -0.9552,  ...,  0.6491, -0.0611,  0.3556],
        [ 0.5303,  1.9546, -1.6743,  ...,  0.6491, -0.0611,  0.3556],
        [ 0.8776,  1.3359, -0.5984,  ...,  0.6491, -0.0611,  0.3556]],
       device='cuda:0')
‘§≤‚œÚ¡øø’º‰ tensor([[ 0.1342, -0.0818,  0.0447,  ...,  0.0261,  0.0231,  0.1508],
        [ 0.1270,  0.0017,  0.0785,  ...,  0.0550, -0.0393,  0.2014],
        [ 0.1265, -0.0649,  0.0404,  ..., -0.0025,  0.0091,  0.1476],
        ...,
        [ 0.2818,  0.0308, -0.0258,  ...,  0.0188, -0.0148,  0.0892],
        [ 0.1270,  0.0017,  0.0785,  ...,  0.0550, -0.0393,  0.2014],
        [ 0.1405, -0.0883,  0.0395,  ..., -0.0233,  0.0217,  0.1503]],
       device='cuda:0')
π€≤ÏœÚ¡øø’º‰ tensor([[ 0.9149,  0.8262, -0.5417,  ...,  0.6491, -0.0611,  0.3556],
        [ 0.8776,  1.3359, -0.5984,  ...,  0.6491, -0.0611,  0.3556],
        [ 0.3988,  1.7464, -1.6544,  ...,  0.6491, -0.0611,  0.3556],
        ...,
        [ 0.3588,  1.5140, -1.1890,  ...,  0.6491, -0.0611,  0.3556],
        [ 0.5303,  1.9546, -1.6743,  ...,  0.6491, -0.0611,  0.3556],
        [ 0.3588,  1.5140, -1.1890,  ...,  0.6491, -0.0611,  0.3556]],
       device='cuda:0')
‘§≤‚œÚ¡øø’º‰ tensor([[ 0.0489, -0.0270,  0.1568,  ...,  0.0994, -0.1648, -0.2145],
        [ 0.0489, -0.0270,  0.1568,  ...,  0.0994, -0.1648, -0.2145],
        [ 0.0654,  0.0099,  0.1475,  ...,  0.1078, -0.0259, -0.1518],
        ...,
        [ 0.0820,  0.0248,  0.1327,  ...,  0.1618, -0.0325, -0.1807],
        [ 0.0902,  0.0223,  0.1401,  ...,  0.1617, -0.0337, -0.1698],
        [ 0.0765,  0.0524,  0.1332,  ...,  0.1739, -0.0344, -0.1811]],
       device='cuda:0')
π€≤ÏœÚ¡øø’º‰ tensor([[ 0.4911,  1.8346, -1.7249,  ...,  0.6491, -0.0611,  0.3556],
        [ 0.8776,  1.3359, -0.5984,  ...,  0.6491, -0.0611,  0.3556],
        [ 0.8776,  1.3359, -0.5984,  ...,  0.6491, -0.0611,  0.3556],
        ...,
        [ 1.0416,  0.6884, -0.2722,  ...,  0.6491, -0.0611,  0.3556],
        [ 0.8897,  1.3805, -0.4449,  ...,  0.6491, -0.0611,  0.3556],
        [ 0.8776,  1.3359, -0.5984,  ...,  0.6491, -0.0611,  0.3556]],
       device='cuda:0')
‘§≤‚œÚ¡øø’º‰ tensor([[ 0.0155,  0.2295,  0.0471,  ..., -0.0639,  0.3832, -0.0288],
        [-0.1248,  0.2589,  0.0342,  ..., -0.0760,  0.2666, -0.0636],
        [-0.0359,  0.2579,  0.0486,  ..., -0.1053,  0.3874, -0.0145],
        ...,
        [-0.0449,  0.2453,  0.0289,  ..., -0.0748,  0.3275, -0.0911],
        [ 0.0354,  0.1723,  0.1559,  ..., -0.0592,  0.6206,  0.0138],
        [ 0.0299,  0.2641,  0.0440,  ..., -0.0623,  0.4110, -0.0443]],
       device='cuda:0')
π€≤ÏœÚ¡øø’º‰ tensor([[ 2.7630,  0.9329,  2.3931,  ...,  0.6491, -0.0611,  0.3556],
        [ 2.7630,  0.9329,  2.3931,  ...,  0.6491, -0.0611,  0.3556],
        [ 1.0416,  0.6884, -0.2722,  ...,  0.6491, -0.0611,  0.3556],
        ...,
        [ 0.3192,  1.5807, -1.6119,  ...,  0.6491, -0.0611,  0.3556],
        [ 0.3988,  1.7464, -1.6544,  ...,  0.6491, -0.0611,  0.3556],
        [ 1.2566,  0.4769, -0.0819,  ...,  0.6491, -0.0611,  0.3556]],
       device='cuda:0')
‘§≤‚œÚ¡øø’º‰ tensor([[ 0.2085,  0.2661,  0.0144,  ...,  0.1838,  0.0049, -0.1175],
        [ 0.2947,  0.3232,  0.0103,  ...,  0.3410,  0.0405,  0.0190],
        [ 0.2947,  0.3232,  0.0103,  ...,  0.3410,  0.0405,  0.0190],
        ...,
        [ 0.0326,  0.0479,  0.0443,  ...,  0.0061, -0.0745,  0.0190],
        [-0.0351,  0.0367,  0.0305,  ..., -0.0748, -0.1508, -0.0090],
        [-0.0776,  0.0395,  0.0676,  ..., -0.1101, -0.1844,  0.0283]],
       device='cuda:0')
right 2.528966940641663
bad
π€≤ÏœÚ¡øø’º‰ tensor([[ 3.1924e-01,  1.5807e+00, -1.6119e+00,  ...,  6.4909e-01,
         -6.1062e-02,  3.5557e-01],
        [ 2.2523e+00, -1.1759e-03,  8.6393e-01,  ...,  6.4909e-01,
         -6.1062e-02,  3.5557e-01],
        [-1.8854e+00, -2.3660e-01, -4.9072e+00,  ...,  5.8518e-01,
          1.1655e-01,  3.6534e-01],
        ...,
        [-6.1297e+00, -3.1451e+00, -9.8112e+00,  ...,  5.8518e-01,
          1.1655e-01,  3.6534e-01],
        [ 5.7000e-01,  2.0000e+00, -2.0000e+00,  ...,  6.4909e-01,
         -6.1062e-02,  3.5557e-01],
        [ 5.7000e-01,  2.0000e+00, -2.0000e+00,  ...,  6.4909e-01,
         -6.1062e-02,  3.5557e-01]], device='cuda:0')
‘§≤‚œÚ¡øø’º‰ tensor([[-0.2077, -0.1355, -0.1031,  ...,  0.0426,  0.1201, -0.0468],
        [-0.1426, -0.1136, -0.0650,  ...,  0.0148,  0.1364,  0.0369],
        [-0.0936,  0.0712, -0.1775,  ...,  0.6451,  0.1674, -0.2838],
        ...,
        [-0.6582, -0.0204, -0.1973,  ..., -0.1575,  0.3649,  0.4942],
        [-1.4785, -0.2127, -0.3917,  ..., -0.6525,  1.0316,  1.0843],
        [-0.1925, -0.1378, -0.1257,  ...,  0.0172,  0.0997, -0.0469]],
       device='cuda:0')
π€≤ÏœÚ¡øø’º‰ tensor([[ -6.7754,  -3.4421, -11.9341,  ...,   0.5852,   0.1166,   0.3653],
        [ -7.0517,  -4.0230, -10.9290,  ...,   0.5852,   0.1166,   0.3653],
        [  0.8776,   1.3359,  -0.5984,  ...,   0.6491,  -0.0611,   0.3556],
        ...,
        [  0.3484,   1.5433,  -0.9552,  ...,   0.6491,  -0.0611,   0.3556],
        [  0.8188,   0.7458,  -0.6299,  ...,   0.6491,  -0.0611,   0.3556],
        [  0.5700,   2.0000,  -2.0000,  ...,   0.6491,  -0.0611,   0.3556]],
       device='cuda:0')
‘§≤‚œÚ¡øø’º‰ tensor([[ 0.0602, -0.0713,  0.4655,  ...,  0.1793,  0.3091, -0.0222],
        [-0.1662,  0.3742, -1.6500,  ..., -0.1913, -0.6208, -1.3187],
        [-0.1910,  0.0277, -2.0072,  ...,  0.0394, -0.2556, -0.5802],
        ...,
        [-0.0842,  0.0350,  0.2697,  ...,  0.0600,  0.2776, -0.1640],
        [ 0.0223,  0.0579,  0.3172,  ...,  0.1112,  0.3958, -0.1768],
        [ 0.0602, -0.0713,  0.4655,  ...,  0.1793,  0.3091, -0.0222]],
       device='cuda:0')
π€≤ÏœÚ¡øø’º‰ tensor([[ -5.8574,  -2.6285, -10.6290,  ...,   0.5852,   0.1166,   0.3653],
        [ -6.7754,  -3.4421, -11.9341,  ...,   0.5852,   0.1166,   0.3653],
        [ -7.0517,  -4.0230, -10.9290,  ...,   0.5852,   0.1166,   0.3653],
        ...,
        [ -5.2992,  -2.3338,  -8.6287,  ...,   0.5852,   0.1166,   0.3653],
        [ -2.9815,  -1.0805,  -6.1654,  ...,   0.5852,   0.1166,   0.3653],
        [  0.8776,   1.3359,  -0.5984,  ...,   0.6491,  -0.0611,   0.3556]],
       device='cuda:0')
‘§≤‚œÚ¡øø’º‰ tensor([[ 0.4181, -0.0542, -0.1771,  ..., -0.0949, -0.1239, -0.0083],
        [-1.0301, -0.7623, -1.1461,  ...,  1.0651, -0.4063, -0.9204],
        [-1.0941, -0.8705, -1.2670,  ...,  1.1712, -0.5091, -1.0680],
        ...,
        [-0.7206, -0.5096, -0.7296,  ...,  0.6707, -0.2325, -0.6835],
        [-0.8424, -0.5989, -0.9724,  ...,  0.8600, -0.3580, -0.7727],
        [-0.3845, -0.1930, -0.5751,  ...,  0.4771, -0.0451, -0.3215]],
       device='cuda:0')
π€≤ÏœÚ¡øø’º‰ tensor([[ 1.2566,  0.4769, -0.0819,  ...,  0.6491, -0.0611,  0.3556],
        [-2.9815, -1.0805, -6.1654,  ...,  0.5852,  0.1166,  0.3653],
        [ 1.0416,  0.6884, -0.2722,  ...,  0.6491, -0.0611,  0.3556],
        ...,
        [ 0.9149,  0.8262, -0.5417,  ...,  0.6491, -0.0611,  0.3556],
        [ 0.9149,  0.8262, -0.5417,  ...,  0.6491, -0.0611,  0.3556],
        [-4.3115, -1.3578, -7.5739,  ...,  0.5852,  0.1166,  0.3653]],
       device='cuda:0')
‘§≤‚œÚ¡øø’º‰ tensor([[-0.3367,  0.0488,  0.1613,  ...,  0.2565, -0.1232,  0.1161],
        [-0.4230,  0.0806,  0.3428,  ...,  0.3906, -0.2047,  0.2267],
        [ 0.0998,  0.0730,  0.3200,  ...,  0.1218,  0.6282, -0.0442],
        ...,
        [ 0.0998,  0.0730,  0.3200,  ...,  0.1218,  0.6282, -0.0442],
        [-0.4673,  0.0107,  0.3190,  ...,  0.2683, -0.2391,  0.1222],
        [-0.4673,  0.0107,  0.3190,  ...,  0.2683, -0.2391,  0.1222]],
       device='cuda:0')
π€≤ÏœÚ¡øø’º‰ tensor([[  0.4766,   1.9073,  -2.0112,  ...,   0.6491,  -0.0611,   0.3556],
        [  0.3192,   1.5807,  -1.6119,  ...,   0.6491,  -0.0611,   0.3556],
        [  0.5700,   2.0000,  -2.0000,  ...,   0.6491,  -0.0611,   0.3556],
        ...,
        [ -5.8574,  -2.6285, -10.6290,  ...,   0.5852,   0.1166,   0.3653],
        [ -5.2992,  -2.3338,  -8.6287,  ...,   0.5852,   0.1166,   0.3653],
        [  0.8188,   0.7458,  -0.6299,  ...,   0.6491,  -0.0611,   0.3556]],
       device='cuda:0')
‘§≤‚œÚ¡øø’º‰ tensor([[ 0.0525,  0.0237,  0.0463,  ..., -0.2376,  0.0876, -0.1319],
        [ 0.0781,  0.0289,  0.0564,  ..., -0.2504,  0.1334, -0.1057],
        [ 0.0189,  0.0282,  0.0674,  ..., -0.2183,  0.1380, -0.1107],
        ...,
        [-0.2022, -0.0511,  0.1986,  ..., -0.1905,  0.1787, -0.0792],
        [ 1.5771, -0.3076, -0.2929,  ...,  0.7359,  1.3825,  0.2433],
        [ 1.2452, -0.2602, -0.2737,  ...,  0.5832,  1.1377,  0.2491]],
       device='cuda:0')
π€≤ÏœÚ¡øø’º‰ tensor([[  0.8897,   1.3805,  -0.4449,  ...,   0.6491,  -0.0611,   0.3556],
        [  0.3988,   1.7464,  -1.6544,  ...,   0.6491,  -0.0611,   0.3556],
        [  0.5303,   1.9546,  -1.6743,  ...,   0.6491,  -0.0611,   0.3556],
        ...,
        [  0.3701,   1.6791,  -1.4596,  ...,   0.6491,  -0.0611,   0.3556],
        [ -6.7754,  -3.4421, -11.9341,  ...,   0.5852,   0.1166,   0.3653],
        [  0.5700,   2.0000,  -2.0000,  ...,   0.5852,   0.1166,   0.3653]],
       device='cuda:0')
‘§≤‚œÚ¡øø’º‰ tensor([[ 0.0132,  0.1505,  0.0826,  ...,  0.0622, -0.0317, -0.2951],
        [ 0.0339,  0.0787,  0.1951,  ..., -0.0546, -0.0550, -0.2452],
        [ 0.1114,  0.0621,  0.1767,  ..., -0.0600, -0.0468, -0.1814],
        ...,
        [ 0.8875,  0.1076, -0.1556,  ..., -0.2283, -0.6113, -0.0039],
        [ 0.0889,  0.0691,  0.2013,  ..., -0.0856, -0.0763, -0.1713],
        [ 1.6562,  0.0716, -0.2951,  ..., -0.2868, -1.1281,  0.0803]],
       device='cuda:0')
π€≤ÏœÚ¡øø’º‰ tensor([[ 1.2566,  0.4769, -0.0819,  ...,  0.6491, -0.0611,  0.3556],
        [ 1.0416,  0.6884, -0.2722,  ...,  0.6491, -0.0611,  0.3556],
        [-2.6658, -0.8596, -6.3600,  ...,  0.5852,  0.1166,  0.3653],
        ...,
        [ 2.7630,  0.9329,  2.3931,  ...,  0.6491, -0.0611,  0.3556],
        [ 0.4766,  1.9073, -2.0112,  ...,  0.6491, -0.0611,  0.3556],
        [ 0.8776,  1.3359, -0.5984,  ...,  0.6491, -0.0611,  0.3556]],
       device='cuda:0')
‘§≤‚œÚ¡øø’º‰ tensor([[ 0.0129,  0.1010, -0.1672,  ...,  0.0022, -0.2360,  0.0385],
        [ 0.0980,  0.0057, -0.0564,  ...,  0.0119, -0.1397, -0.0318],
        [ 0.0050,  0.1701, -0.2186,  ...,  0.0010, -0.0483, -0.0683],
        ...,
        [-0.1642,  0.0654,  0.1476,  ...,  0.1750, -0.2518,  0.2758],
        [ 0.0352,  0.0793, -0.2084,  ..., -0.0288, -0.0747, -0.0050],
        [ 0.0157,  0.2034, -0.2254,  ..., -0.0011, -0.1749,  0.0926]],
       device='cuda:0')
π€≤ÏœÚ¡øø’º‰ tensor([[-1.8854, -0.2366, -4.9072,  ...,  0.5852,  0.1166,  0.3653],
        [ 2.7630,  0.9329,  2.3931,  ...,  0.6491, -0.0611,  0.3556],
        [ 2.0446,  0.2686,  0.8115,  ...,  0.6491, -0.0611,  0.3556],
        ...,
        [ 0.4911,  1.8346, -1.7249,  ...,  0.6491, -0.0611,  0.3556],
        [ 2.7630,  0.9329,  2.3931,  ...,  0.6491, -0.0611,  0.3556],
        [-2.9262, -0.1231, -5.7860,  ...,  0.5852,  0.1166,  0.3653]],
       device='cuda:0')
‘§≤‚œÚ¡øø’º‰ tensor([[-0.3364, -0.4669, -0.4493,  ...,  1.9692,  0.3100, -0.2606],
        [-0.1061,  0.1805,  0.1394,  ...,  0.4215,  0.1314,  0.1550],
        [ 0.5066, -0.1206,  0.1367,  ...,  0.1329, -0.2184,  0.5682],
        ...,
        [-0.1626, -0.2188, -0.4418,  ...,  0.8841,  0.0554, -0.1075],
        [ 0.1281,  0.0825,  0.0580,  ...,  0.0245, -0.1315,  0.0342],
        [ 0.5066, -0.1206,  0.1367,  ...,  0.1329, -0.2184,  0.5682]],
       device='cuda:0')
π€≤ÏœÚ¡øø’º‰ tensor([[ 0.5303,  1.9546, -1.6743,  ...,  0.6491, -0.0611,  0.3556],
        [ 0.8188,  0.7458, -0.6299,  ...,  0.6491, -0.0611,  0.3556],
        [ 0.3484,  1.5433, -0.9552,  ...,  0.6491, -0.0611,  0.3556],
        ...,
        [ 0.6418,  1.4281, -0.8028,  ...,  0.6491, -0.0611,  0.3556],
        [ 0.4911,  1.8346, -1.7249,  ...,  0.6491, -0.0611,  0.3556],
        [ 0.5700,  2.0000, -2.0000,  ...,  0.6491, -0.0611,  0.3556]],
       device='cuda:0')
‘§≤‚œÚ¡øø’º‰ tensor([[ 0.0681,  0.7205,  1.0964,  ...,  0.3290, -0.9849,  0.5094],
        [-0.0472,  0.0940, -0.2876,  ...,  0.1781,  0.0441,  0.0341],
        [ 0.2093,  0.0334, -0.3571,  ...,  0.0386,  0.1220, -0.0256],
        ...,
        [-0.0145,  0.0366, -0.2627,  ...,  0.1097,  0.0230,  0.0036],
        [ 0.0139,  0.0290, -0.3436,  ...,  0.0967,  0.0580, -0.0499],
        [-0.0385,  0.0356, -0.2757,  ...,  0.1417,  0.0270,  0.0218]],
       device='cuda:0')
π€≤ÏœÚ¡øø’º‰ tensor([[  0.6418,   1.4281,  -0.8028,  ...,   0.6491,  -0.0611,   0.3556],
        [  0.8188,   0.7458,  -0.6299,  ...,   0.6491,  -0.0611,   0.3556],
        [ -5.8574,  -2.6285, -10.6290,  ...,   0.5852,   0.1166,   0.3653],
        ...,
        [  0.3588,   1.5140,  -1.1890,  ...,   0.6491,  -0.0611,   0.3556],
        [  0.4766,   1.9073,  -2.0112,  ...,   0.6491,  -0.0611,   0.3556],
        [  0.5303,   1.9546,  -1.6743,  ...,   0.6491,  -0.0611,   0.3556]],
       device='cuda:0')
‘§≤‚œÚ¡øø’º‰ tensor([[ 0.0736,  0.0747,  0.0815,  ...,  0.0201,  0.1391,  0.0382],
        [ 0.0541,  0.0530,  0.0779,  ...,  0.0380,  0.1401,  0.0445],
        [ 0.0617, -0.0249,  0.0065,  ...,  0.0203,  0.1484,  0.0924],
        ...,
        [ 0.6236,  0.1158,  0.7385,  ..., -0.5613,  0.4801,  0.6573],
        [ 0.0710,  0.0668,  0.0390,  ...,  0.0293,  0.1785,  0.0602],
        [ 0.0904,  0.1224,  0.0522,  ..., -0.0099,  0.1445,  0.0816]],
       device='cuda:0')
π€≤ÏœÚ¡øø’º‰ tensor([[ 1.0030,  1.1268, -0.3776,  ...,  0.6491, -0.0611,  0.3556],
        [ 1.0030,  1.1268, -0.3776,  ...,  0.6491, -0.0611,  0.3556],
        [ 0.3588,  1.5140, -1.1890,  ...,  0.6491, -0.0611,  0.3556],
        ...,
        [-2.9262, -0.1231, -5.7860,  ...,  0.5852,  0.1166,  0.3653],
        [ 2.7601,  1.7114,  1.1873,  ...,  0.6491, -0.0611,  0.3556],
        [ 1.2566,  0.4769, -0.0819,  ...,  0.6491, -0.0611,  0.3556]],
       device='cuda:0')
‘§≤‚œÚ¡øø’º‰ tensor([[ 0.0572, -0.1202,  0.3144,  ...,  1.1528,  0.0206, -0.2741],
        [-0.0121, -0.2455,  0.1021,  ...,  0.2717,  0.1705, -0.1082],
        [-0.0121, -0.2455,  0.1021,  ...,  0.2717,  0.1705, -0.1082],
        ...,
        [ 0.0441, -0.1984, -0.0432,  ...,  0.2150,  0.3212, -0.1134],
        [ 0.1454, -0.3569,  0.2880,  ...,  0.5352, -0.1575,  0.0280],
        [-0.3122, -0.3300,  0.1197,  ...,  0.4775,  0.4447, -0.0945]],
       device='cuda:0')
π€≤ÏœÚ¡øø’º‰ tensor([[ 0.9149,  0.8262, -0.5417,  ...,  0.6491, -0.0611,  0.3556],
        [ 0.5303,  1.9546, -1.6743,  ...,  0.6491, -0.0611,  0.3556],
        [ 0.5700,  2.0000, -2.0000,  ...,  0.5852,  0.1166,  0.3653],
        ...,
        [ 0.3192,  1.5807, -1.6119,  ...,  0.6491, -0.0611,  0.3556],
        [ 0.3484,  1.5433, -0.9552,  ...,  0.6491, -0.0611,  0.3556],
        [ 2.7630,  0.9329,  2.3931,  ...,  0.6491, -0.0611,  0.3556]],
       device='cuda:0')
‘§≤‚œÚ¡øø’º‰ tensor([[ 0.4231,  0.1167,  0.1751,  ...,  0.0641, -0.0255, -0.5720],
        [ 0.1743,  0.1965,  0.2589,  ...,  0.0247, -0.0056, -0.3691],
        [ 0.0786,  0.1689,  0.2444,  ...,  0.1355,  0.0328, -0.1973],
        ...,
        [ 0.0580,  0.1740,  0.2408,  ...,  0.1428,  0.0433, -0.1667],
        [ 0.0208,  0.1768,  0.2508,  ...,  0.1477,  0.0496, -0.1070],
        [ 0.0488,  0.1531,  0.2147,  ...,  0.1194,  0.0553, -0.1589]],
       device='cuda:0')
π€≤ÏœÚ¡øø’º‰ tensor([[ 0.8776,  1.3359, -0.5984,  ...,  0.6491, -0.0611,  0.3556],
        [ 0.3701,  1.6791, -1.4596,  ...,  0.6491, -0.0611,  0.3556],
        [ 0.3988,  1.7464, -1.6544,  ...,  0.6491, -0.0611,  0.3556],
        ...,
        [-5.2992, -2.3338, -8.6287,  ...,  0.5852,  0.1166,  0.3653],
        [ 0.3192,  1.5807, -1.6119,  ...,  0.6491, -0.0611,  0.3556],
        [ 0.4766,  1.9073, -2.0112,  ...,  0.6491, -0.0611,  0.3556]],
       device='cuda:0')
‘§≤‚œÚ¡øø’º‰ tensor([[ 2.3548e-01,  1.2293e-01,  5.2710e-02,  ..., -6.6146e-01,
          5.0707e-02, -2.4490e-01],
        [-6.3847e-02,  1.9680e-01,  1.8902e-01,  ..., -3.2692e-01,
          6.8013e-02, -2.5593e-01],
        [-2.8026e-02,  2.1535e-01,  1.8550e-01,  ..., -3.1233e-01,
          1.2393e-01, -2.0394e-01],
        ...,
        [-1.9089e-01,  2.9252e-01,  2.8135e-01,  ..., -4.4840e-01,
          5.7240e-02, -4.4053e-01],
        [ 3.2581e-01,  1.3385e+00, -1.7673e-01,  ..., -1.4158e+00,
         -1.6031e-03, -3.6577e-01],
        [-1.3188e-03,  2.2998e-01,  1.4662e-01,  ..., -2.3300e-01,
          1.0966e-01, -1.6490e-01]], device='cuda:0')
π€≤ÏœÚ¡øø’º‰ tensor([[ 0.3988,  1.7464, -1.6544,  ...,  0.6491, -0.0611,  0.3556],
        [-0.8638,  0.5839, -3.5700,  ...,  0.5852,  0.1166,  0.3653],
        [-2.9815, -1.0805, -6.1654,  ...,  0.5852,  0.1166,  0.3653],
        ...,
        [ 0.5700,  2.0000, -2.0000,  ...,  0.5852,  0.1166,  0.3653],
        [ 0.3701,  1.6791, -1.4596,  ...,  0.6491, -0.0611,  0.3556],
        [-2.6658, -0.8596, -6.3600,  ...,  0.5852,  0.1166,  0.3653]],
       device='cuda:0')
‘§≤‚œÚ¡øø’º‰ tensor([[-0.6327,  0.1168,  0.0612,  ..., -0.2463, -0.1402, -0.0139],
        [-0.1594, -0.0641,  0.1289,  ..., -0.0045,  0.0618, -0.0319],
        [-0.4134, -0.0467,  0.0246,  ...,  0.0085, -0.1130,  0.1334],
        ...,
        [-0.1730, -0.0984,  0.6287,  ...,  0.1404,  0.1091,  0.2340],
        [-0.2450, -0.2305,  0.0936,  ...,  0.3286, -0.1623,  0.3083],
        [-0.1515, -0.0821,  0.1416,  ...,  0.0081,  0.1238, -0.0269]],
       device='cuda:0')
π€≤ÏœÚ¡øø’º‰ tensor([[-2.6658, -0.8596, -6.3600,  ...,  0.5852,  0.1166,  0.3653],
        [ 0.5700,  2.0000, -2.0000,  ...,  0.5852,  0.1166,  0.3653],
        [ 1.0416,  0.6884, -0.2722,  ...,  0.6491, -0.0611,  0.3556],
        ...,
        [ 0.8897,  1.3805, -0.4449,  ...,  0.6491, -0.0611,  0.3556],
        [ 2.0446,  0.2686,  0.8115,  ...,  0.6491, -0.0611,  0.3556],
        [-5.2992, -2.3338, -8.6287,  ...,  0.5852,  0.1166,  0.3653]],
       device='cuda:0')
‘§≤‚œÚ¡øø’º‰ tensor([[ 0.0239, -0.1040,  0.0590,  ..., -0.3280, -0.1215,  0.3491],
        [ 0.1308, -0.1207,  0.0558,  ..., -0.4254, -0.2728,  0.2399],
        [ 0.3483,  0.1806, -0.2154,  ..., -0.3845,  0.2491,  0.0422],
        ...,
        [-0.0325, -0.0843, -0.1096,  ..., -0.7334, -0.5837,  0.7862],
        [ 0.1792, -0.0302, -0.1182,  ..., -0.1952,  0.0648, -0.0699],
        [ 0.3413,  0.2012, -0.3449,  ..., -0.2203, -0.0895, -0.2448]],
       device='cuda:0')
π€≤ÏœÚ¡øø’º‰ tensor([[ 1.0030e+00,  1.1268e+00, -3.7757e-01,  ...,  6.4909e-01,
         -6.1062e-02,  3.5557e-01],
        [ 2.2523e+00, -1.1759e-03,  8.6393e-01,  ...,  6.4909e-01,
         -6.1062e-02,  3.5557e-01],
        [ 5.3029e-01,  1.9546e+00, -1.6743e+00,  ...,  6.4909e-01,
         -6.1062e-02,  3.5557e-01],
        ...,
        [ 3.1924e-01,  1.5807e+00, -1.6119e+00,  ...,  6.4909e-01,
         -6.1062e-02,  3.5557e-01],
        [-5.2992e+00, -2.3338e+00, -8.6287e+00,  ...,  5.8518e-01,
          1.1655e-01,  3.6534e-01],
        [ 5.7000e-01,  2.0000e+00, -2.0000e+00,  ...,  6.4909e-01,
         -6.1062e-02,  3.5557e-01]], device='cuda:0')
‘§≤‚œÚ¡øø’º‰ tensor([[ 1.3654e-01,  2.4453e-01, -1.9356e-01,  ..., -2.8900e-01,
          2.9605e-02,  1.2133e-02],
        [ 5.8808e-02,  1.1368e-01, -2.2736e-02,  ..., -3.7933e-01,
         -1.3212e-02,  4.7883e-02],
        [ 1.4163e-03,  1.5506e-01, -4.2687e-01,  ..., -4.8064e-01,
         -3.3241e-01,  8.7430e-02],
        ...,
        [ 1.3654e-01,  2.4453e-01, -1.9356e-01,  ..., -2.8900e-01,
          2.9605e-02,  1.2133e-02],
        [ 1.4180e-01,  2.9793e-01, -1.6295e-01,  ..., -2.9129e-01,
          6.4917e-02,  1.4943e-02],
        [-4.7342e-01,  1.6842e+00,  4.7696e-01,  ..., -1.1070e+00,
          9.5519e-01, -1.3336e-01]], device='cuda:0')
π€≤ÏœÚ¡øø’º‰ tensor([[  0.8776,   1.3359,  -0.5984,  ...,   0.6491,  -0.0611,   0.3556],
        [  0.8188,   0.7458,  -0.6299,  ...,   0.6491,  -0.0611,   0.3556],
        [ -6.7754,  -3.4421, -11.9341,  ...,   0.5852,   0.1166,   0.3653],
        ...,
        [  0.3192,   1.5807,  -1.6119,  ...,   0.6491,  -0.0611,   0.3556],
        [  2.7630,   0.9329,   2.3931,  ...,   0.6491,  -0.0611,   0.3556],
        [  1.0030,   1.1268,  -0.3776,  ...,   0.6491,  -0.0611,   0.3556]],
       device='cuda:0')
‘§≤‚œÚ¡øø’º‰ tensor([[-0.0356, -0.0087, -0.3826,  ...,  0.0900, -0.1388, -0.0078],
        [-0.0997, -0.2382, -0.0989,  ..., -0.0312, -0.3033,  0.1051],
        [ 0.0529, -0.3218, -0.2408,  ..., -0.1058, -0.3625,  0.1298],
        ...,
        [ 0.0540, -0.3304, -0.2786,  ..., -0.2054, -0.3852,  0.1170],
        [-0.1263, -0.2193, -0.0603,  ..., -0.0303, -0.2816,  0.0970],
        [ 0.1424, -0.4158, -0.4417,  ..., -0.2663, -0.4332,  0.1944]],
       device='cuda:0')
π€≤ÏœÚ¡øø’º‰ tensor([[ 0.8188,  0.7458, -0.6299,  ...,  0.6491, -0.0611,  0.3556],
        [ 0.3192,  1.5807, -1.6119,  ...,  0.6491, -0.0611,  0.3556],
        [ 0.8776,  1.3359, -0.5984,  ...,  0.6491, -0.0611,  0.3556],
        ...,
        [-5.2992, -2.3338, -8.6287,  ...,  0.5852,  0.1166,  0.3653],
        [-2.6658, -0.8596, -6.3600,  ...,  0.5852,  0.1166,  0.3653],
        [ 0.3484,  1.5433, -0.9552,  ...,  0.6491, -0.0611,  0.3556]],
       device='cuda:0')
‘§≤‚œÚ¡øø’º‰ tensor([[-0.0732, -0.0923,  0.0098,  ...,  0.0163,  0.1725,  0.0928],
        [-0.1215, -0.0478,  0.2871,  ..., -0.1841,  0.2172, -0.0600],
        [-0.0166, -0.1021,  0.0692,  ..., -0.0320,  0.2087,  0.0192],
        ...,
        [-0.1881,  0.0573,  0.3670,  ..., -0.3830,  0.5294, -0.2138],
        [ 1.2832, -0.1044,  0.1337,  ...,  1.4764,  0.2811,  0.3322],
        [ 0.8314,  0.1918, -0.1654,  ...,  0.9999,  0.1781,  0.1953]],
       device='cuda:0')
π€≤ÏœÚ¡øø’º‰ tensor([[ 0.3988,  1.7464, -1.6544,  ...,  0.6491, -0.0611,  0.3556],
        [ 0.6418,  1.4281, -0.8028,  ...,  0.6491, -0.0611,  0.3556],
        [-2.6658, -0.8596, -6.3600,  ...,  0.5852,  0.1166,  0.3653],
        ...,
        [ 0.8897,  1.3805, -0.4449,  ...,  0.6491, -0.0611,  0.3556],
        [ 0.8188,  0.7458, -0.6299,  ...,  0.6491, -0.0611,  0.3556],
        [ 0.5303,  1.9546, -1.6743,  ...,  0.6491, -0.0611,  0.3556]],
       device='cuda:0')
‘§≤‚œÚ¡øø’º‰ tensor([[ 0.0737, -0.1111,  0.1060,  ..., -0.2305,  0.0574, -0.2024],
        [-0.0192, -0.1071,  0.1957,  ..., -0.1418,  0.0700, -0.1842],
        [ 0.0396, -0.1322,  0.0804,  ..., -0.1087,  0.0859, -0.1245],
        ...,
        [ 0.2536, -0.3023,  0.0449,  ..., -0.4181,  0.2942, -0.3486],
        [ 0.0030, -0.1163,  0.0982,  ..., -0.0990,  0.0741, -0.1279],
        [ 0.0873, -0.1257,  0.1460,  ..., -0.2033,  0.0536, -0.2157]],
       device='cuda:0')
π€≤ÏœÚ¡øø’º‰ tensor([[ 4.9111e-01,  1.8346e+00, -1.7249e+00,  ...,  6.4909e-01,
         -6.1062e-02,  3.5557e-01],
        [ 2.2523e+00, -1.1759e-03,  8.6393e-01,  ...,  6.4909e-01,
         -6.1062e-02,  3.5557e-01],
        [-8.6378e-01,  5.8389e-01, -3.5700e+00,  ...,  5.8518e-01,
          1.1655e-01,  3.6534e-01],
        ...,
        [ 3.1924e-01,  1.5807e+00, -1.6119e+00,  ...,  6.4909e-01,
         -6.1062e-02,  3.5557e-01],
        [-5.8574e+00, -2.6285e+00, -1.0629e+01,  ...,  5.8518e-01,
          1.1655e-01,  3.6534e-01],
        [ 5.7000e-01,  2.0000e+00, -2.0000e+00,  ...,  6.4909e-01,
         -6.1062e-02,  3.5557e-01]], device='cuda:0')
‘§≤‚œÚ¡øø’º‰ tensor([[ 0.2947, -0.0434,  0.3029,  ..., -0.3163,  0.0161,  0.4730],
        [ 0.0052, -0.1502,  0.2523,  ..., -0.0600, -0.0745,  0.2679],
        [ 0.2619, -0.0346,  0.5486,  ..., -0.2148, -0.0054,  0.1548],
        ...,
        [ 0.0049, -0.1488,  0.2464,  ..., -0.0619, -0.0747,  0.2673],
        [-0.0110, -0.1472,  0.2463,  ..., -0.0721, -0.1080,  0.2635],
        [-0.8022, -1.4718,  1.8581,  ..., -1.5047,  0.2977, -0.1992]],
       device='cuda:0')
π€≤ÏœÚ¡øø’º‰ tensor([[ 0.4911,  1.8346, -1.7249,  ...,  0.6491, -0.0611,  0.3556],
        [ 0.5700,  2.0000, -2.0000,  ...,  0.6491, -0.0611,  0.3556],
        [-5.2992, -2.3338, -8.6287,  ...,  0.5852,  0.1166,  0.3653],
        ...,
        [ 0.4911,  1.8346, -1.7249,  ...,  0.6491, -0.0611,  0.3556],
        [-0.8638,  0.5839, -3.5700,  ...,  0.5852,  0.1166,  0.3653],
        [ 0.5303,  1.9546, -1.6743,  ...,  0.6491, -0.0611,  0.3556]],
       device='cuda:0')
‘§≤‚œÚ¡øø’º‰ tensor([[-0.2180,  0.2085, -0.4401,  ...,  0.3227, -0.0348,  0.3848],
        [ 0.1326, -0.0490, -0.2976,  ...,  0.1217,  0.0602,  0.2058],
        [ 0.1446, -0.0852, -0.2757,  ...,  0.1194,  0.0720,  0.1983],
        ...,
        [-0.0434,  0.0169, -0.3213,  ...,  0.3158,  0.0144,  0.0142],
        [ 0.1326, -0.0490, -0.2976,  ...,  0.1217,  0.0602,  0.2058],
        [ 0.2361, -0.1225, -0.2221,  ...,  0.0104, -0.2757,  0.1606]],
       device='cuda:0')
π€≤ÏœÚ¡øø’º‰ tensor([[ 0.5700,  2.0000, -2.0000,  ...,  0.5852,  0.1166,  0.3653],
        [ 0.3701,  1.6791, -1.4596,  ...,  0.6491, -0.0611,  0.3556],
        [-6.1297, -3.1451, -9.8112,  ...,  0.5852,  0.1166,  0.3653],
        ...,
        [ 2.7601,  1.7114,  1.1873,  ...,  0.6491, -0.0611,  0.3556],
        [ 0.3988,  1.7464, -1.6544,  ...,  0.6491, -0.0611,  0.3556],
        [-0.8638,  0.5839, -3.5700,  ...,  0.5852,  0.1166,  0.3653]],
       device='cuda:0')
‘§≤‚œÚ¡øø’º‰ tensor([[ 0.0628, -0.0747, -0.1424,  ...,  0.1869, -0.1260,  0.0735],
        [-0.0606,  0.0507, -0.2013,  ..., -0.0268,  0.0915,  0.1149],
        [ 0.0628, -0.0747, -0.1424,  ...,  0.1869, -0.1260,  0.0735],
        ...,
        [ 0.1097, -0.0298, -0.1571,  ...,  0.1499, -0.2013,  0.0520],
        [-0.1121, -0.2649, -0.2734,  ...,  0.1612,  0.2373,  0.1787],
        [ 0.0689, -0.0418, -0.1529,  ...,  0.1886, -0.1329,  0.0302]],
       device='cuda:0')
π€≤ÏœÚ¡øø’º‰ tensor([[  2.7630,   0.9329,   2.3931,  ...,   0.6491,  -0.0611,   0.3556],
        [ -2.9815,  -1.0805,  -6.1654,  ...,   0.5852,   0.1166,   0.3653],
        [ -6.7754,  -3.4421, -11.9341,  ...,   0.5852,   0.1166,   0.3653],
        ...,
        [  0.8776,   1.3359,  -0.5984,  ...,   0.6491,  -0.0611,   0.3556],
        [  2.7630,   0.9329,   2.3931,  ...,   0.6491,  -0.0611,   0.3556],
        [  0.3988,   1.7464,  -1.6544,  ...,   0.6491,  -0.0611,   0.3556]],
       device='cuda:0')
‘§≤‚œÚ¡øø’º‰ tensor([[ 0.0866,  0.3092,  0.0949,  ...,  0.0301, -0.1205,  0.1906],
        [-0.0065,  0.2414, -0.0391,  ..., -0.0626, -0.3745,  0.1374],
        [-0.1642,  0.3358,  0.2931,  ...,  0.1568,  0.4865, -0.4152],
        ...,
        [-0.2449,  0.3612,  0.2038,  ...,  0.0446,  1.1541, -0.9185],
        [ 0.0740,  0.2723,  0.0904,  ..., -0.0142, -0.1368,  0.1549],
        [-0.0065,  0.2414, -0.0391,  ..., -0.0626, -0.3745,  0.1374]],
       device='cuda:0')
π€≤ÏœÚ¡øø’º‰ tensor([[ 1.2566,  0.4769, -0.0819,  ...,  0.6491, -0.0611,  0.3556],
        [ 0.4766,  1.9073, -2.0112,  ...,  0.6491, -0.0611,  0.3556],
        [ 0.3484,  1.5433, -0.9552,  ...,  0.6491, -0.0611,  0.3556],
        ...,
        [ 0.3701,  1.6791, -1.4596,  ...,  0.6491, -0.0611,  0.3556],
        [ 0.9149,  0.8262, -0.5417,  ...,  0.6491, -0.0611,  0.3556],
        [-4.3115, -1.3578, -7.5739,  ...,  0.5852,  0.1166,  0.3653]],
       device='cuda:0')
‘§≤‚œÚ¡øø’º‰ tensor([[-0.1357,  0.0749,  0.1361,  ..., -0.0349, -0.1056, -0.0147],
        [-0.2228, -0.0182,  0.3969,  ..., -0.3788,  0.1482,  0.1941],
        [-0.0729,  0.2446,  0.1859,  ...,  0.0201, -0.1146,  0.2203],
        ...,
        [ 0.6717,  0.5209, -0.4838,  ...,  0.1822, -0.5402,  0.4417],
        [-0.0918,  0.1631,  0.1568,  ..., -0.0116, -0.1096,  0.1521],
        [-0.1061,  0.0653,  0.2293,  ..., -0.1910, -0.0854,  0.0949]],
       device='cuda:0')
π€≤ÏœÚ¡øø’º‰ tensor([[  2.7630,   0.9329,   2.3931,  ...,   0.6491,  -0.0611,   0.3556],
        [ -4.3115,  -1.3578,  -7.5739,  ...,   0.5852,   0.1166,   0.3653],
        [  0.5303,   1.9546,  -1.6743,  ...,   0.6491,  -0.0611,   0.3556],
        ...,
        [ -0.8638,   0.5839,  -3.5700,  ...,   0.5852,   0.1166,   0.3653],
        [ -7.0517,  -4.0230, -10.9290,  ...,   0.5852,   0.1166,   0.3653],
        [  0.5700,   2.0000,  -2.0000,  ...,   0.6491,  -0.0611,   0.3556]],
       device='cuda:0')
‘§≤‚œÚ¡øø’º‰ tensor([[-0.0710,  0.0920, -0.2086,  ...,  0.0693, -0.2548, -0.2054],
        [ 0.0748, -0.1267, -0.4595,  ..., -0.1702,  0.1900, -0.0472],
        [-0.0934, -0.1692, -0.7439,  ..., -0.2344, -0.2029,  0.0066],
        ...,
        [ 0.0632, -0.1995, -0.4812,  ...,  0.0770,  0.0229,  0.2519],
        [ 0.0420, -0.3269, -0.4218,  ..., -0.0083, -0.0032,  0.2315],
        [-0.3628,  0.8511, -0.2591,  ..., -0.1333, -0.7378, -0.8888]],
       device='cuda:0')
π€≤ÏœÚ¡øø’º‰ tensor([[ 0.8776,  1.3359, -0.5984,  ...,  0.6491, -0.0611,  0.3556],
        [ 0.3588,  1.5140, -1.1890,  ...,  0.6491, -0.0611,  0.3556],
        [-5.2992, -2.3338, -8.6287,  ...,  0.5852,  0.1166,  0.3653],
        ...,
        [-1.8854, -0.2366, -4.9072,  ...,  0.5852,  0.1166,  0.3653],
        [ 0.5303,  1.9546, -1.6743,  ...,  0.6491, -0.0611,  0.3556],
        [-6.1297, -3.1451, -9.8112,  ...,  0.5852,  0.1166,  0.3653]],
       device='cuda:0')
‘§≤‚œÚ¡øø’º‰ tensor([[-0.1089,  0.0657,  0.0349,  ..., -0.2239, -0.1353,  0.0281],
        [ 0.0776, -0.1118,  0.1507,  ..., -0.0220, -0.0299, -0.0302],
        [ 0.0810, -0.0685,  0.1542,  ...,  0.0122, -0.0231, -0.0149],
        ...,
        [ 0.4474,  0.6004, -0.0199,  ..., -1.4904,  0.5960,  0.5042],
        [ 0.0786,  0.1056, -0.1878,  ..., -0.4425,  0.2535,  0.2991],
        [ 0.1202, -0.0572,  0.1417,  ..., -0.0091, -0.0201, -0.0242]],
       device='cuda:0')
π€≤ÏœÚ¡øø’º‰ tensor([[-2.9262, -0.1231, -5.7860,  ...,  0.5852,  0.1166,  0.3653],
        [ 0.4766,  1.9073, -2.0112,  ...,  0.6491, -0.0611,  0.3556],
        [-5.2992, -2.3338, -8.6287,  ...,  0.5852,  0.1166,  0.3653],
        ...,
        [ 0.6418,  1.4281, -0.8028,  ...,  0.6491, -0.0611,  0.3556],
        [ 0.3988,  1.7464, -1.6544,  ...,  0.6491, -0.0611,  0.3556],
        [ 0.3192,  1.5807, -1.6119,  ...,  0.6491, -0.0611,  0.3556]],
       device='cuda:0')
‘§≤‚œÚ¡øø’º‰ tensor([[-0.4010, -0.5744, -0.1387,  ...,  0.0809, -0.4296, -0.4676],
        [ 0.0451,  0.1239,  0.2148,  ...,  0.3043, -0.4572,  0.2964],
        [-0.0602, -0.1993,  0.0160,  ...,  0.2261, -0.3598, -0.1245],
        ...,
        [-0.0455,  0.3418, -0.0625,  ...,  0.2789, -0.9013,  0.2795],
        [-0.1298, -0.2387, -0.0626,  ...,  0.1538, -0.3264, -0.1887],
        [-0.0542, -0.1605,  0.0284,  ...,  0.2469, -0.3292, -0.1076]],
       device='cuda:0')
π€≤ÏœÚ¡øø’º‰ tensor([[  0.3484,   1.5433,  -0.9552,  ...,   0.6491,  -0.0611,   0.3556],
        [  0.3988,   1.7464,  -1.6544,  ...,   0.6491,  -0.0611,   0.3556],
        [ -7.0517,  -4.0230, -10.9290,  ...,   0.5852,   0.1166,   0.3653],
        ...,
        [  2.7630,   0.9329,   2.3931,  ...,   0.6491,  -0.0611,   0.3556],
        [  0.3701,   1.6791,  -1.4596,  ...,   0.6491,  -0.0611,   0.3556],
        [  2.7630,   0.9329,   2.3931,  ...,   0.6491,  -0.0611,   0.3556]],
       device='cuda:0')
‘§≤‚œÚ¡øø’º‰ tensor([[-0.1369,  0.0582, -0.0075,  ...,  0.1394,  0.1529, -0.0509],
        [-0.1810, -0.0490, -0.0120,  ...,  0.1465,  0.1626,  0.0343],
        [-0.1681,  0.0216,  0.0199,  ...,  0.1809,  0.2106,  0.0431],
        ...,
        [-0.1669, -0.0297, -0.0225,  ...,  0.1334,  0.1923,  0.0612],
        [-0.2034,  0.2319, -0.1469,  ...,  0.0879,  0.0047, -0.0346],
        [-0.2033,  0.0265,  0.0212,  ...,  0.1612,  0.1617,  0.0359]],
       device='cuda:0')
π€≤ÏœÚ¡øø’º‰ tensor([[  0.4766,   1.9073,  -2.0112,  ...,   0.6491,  -0.0611,   0.3556],
        [  1.0030,   1.1268,  -0.3776,  ...,   0.6491,  -0.0611,   0.3556],
        [  0.6418,   1.4281,  -0.8028,  ...,   0.6491,  -0.0611,   0.3556],
        ...,
        [ -6.7754,  -3.4421, -11.9341,  ...,   0.5852,   0.1166,   0.3653],
        [  0.5303,   1.9546,  -1.6743,  ...,   0.6491,  -0.0611,   0.3556],
        [ -2.9262,  -0.1231,  -5.7860,  ...,   0.5852,   0.1166,   0.3653]],
       device='cuda:0')
‘§≤‚œÚ¡øø’º‰ tensor([[-1.3977e-01,  2.2907e-01, -6.7993e-02,  ..., -7.9596e-02,
         -1.3539e-01, -4.4722e-01],
        [-3.4171e-01,  8.1452e-02, -1.0942e-01,  ...,  2.2932e-01,
          1.2977e-02, -2.6300e-01],
        [-3.3231e-01,  1.1561e-02, -7.1892e-04,  ...,  1.5328e-01,
          6.1865e-02, -2.0515e-01],
        ...,
        [-3.2825e-01,  9.7853e-02, -4.2151e-02,  ...,  1.0695e-01,
         -9.9327e-02, -2.5502e-01],
        [-6.7481e-02, -7.3876e-01, -8.5230e-01,  ..., -5.9148e-02,
          2.0534e+00, -2.1138e-01],
        [-3.3556e-01,  6.9879e-02, -9.6109e-02,  ...,  2.4202e-01,
          1.8025e-02, -2.5440e-01]], device='cuda:0')
π€≤ÏœÚ¡øø’º‰ tensor([[ -0.8638,   0.5839,  -3.5700,  ...,   0.5852,   0.1166,   0.3653],
        [  0.4911,   1.8346,  -1.7249,  ...,   0.6491,  -0.0611,   0.3556],
        [ -6.7754,  -3.4421, -11.9341,  ...,   0.5852,   0.1166,   0.3653],
        ...,
        [ -5.2992,  -2.3338,  -8.6287,  ...,   0.5852,   0.1166,   0.3653],
        [ -6.7754,  -3.4421, -11.9341,  ...,   0.5852,   0.1166,   0.3653],
        [  0.3192,   1.5807,  -1.6119,  ...,   0.6491,  -0.0611,   0.3556]],
       device='cuda:0')
‘§≤‚œÚ¡øø’º‰ tensor([[ 0.4412, -0.0790, -0.0508,  ...,  0.0410,  0.2085,  0.4554],
        [ 0.3578, -0.0890, -0.0387,  ...,  0.0938,  0.2251,  0.4045],
        [ 0.1011,  0.1616,  0.0898,  ...,  0.1758, -0.0135,  0.0862],
        ...,
        [ 1.1132, -0.1022, -0.2360,  ..., -0.0149,  0.0529,  0.7670],
        [ 0.9598, -0.0954, -0.1705,  ...,  0.0453,  0.0672,  0.7028],
        [ 1.3788, -0.1858, -0.3279,  ..., -0.0293,  0.1265,  0.9493]],
       device='cuda:0')
π€≤ÏœÚ¡øø’º‰ tensor([[  0.9149,   0.8262,  -0.5417,  ...,   0.6491,  -0.0611,   0.3556],
        [ -5.8574,  -2.6285, -10.6290,  ...,   0.5852,   0.1166,   0.3653],
        [  2.7601,   1.7114,   1.1873,  ...,   0.6491,  -0.0611,   0.3556],
        ...,
        [  0.6418,   1.4281,  -0.8028,  ...,   0.6491,  -0.0611,   0.3556],
        [  2.7630,   0.9329,   2.3931,  ...,   0.6491,  -0.0611,   0.3556],
        [  0.3192,   1.5807,  -1.6119,  ...,   0.6491,  -0.0611,   0.3556]],
       device='cuda:0')
‘§≤‚œÚ¡øø’º‰ tensor([[ 0.1439, -0.2343,  0.1264,  ...,  0.3799,  0.0463,  0.3005],
        [ 0.0927, -0.2959,  0.1563,  ...,  0.4498, -0.0898,  0.1185],
        [ 0.1402, -0.4916,  1.4448,  ...,  0.0630, -1.3547, -1.1631],
        ...,
        [ 0.1137, -0.5035,  1.3707,  ...,  0.1198, -1.2934, -1.1489],
        [ 0.1013, -0.2275,  0.0531,  ...,  0.4170,  0.0245,  0.1729],
        [ 0.0720, -0.1992,  0.2801,  ...,  0.2462,  0.0273, -0.0514]],
       device='cuda:0')
π€≤ÏœÚ¡øø’º‰ tensor([[  0.8776,   1.3359,  -0.5984,  ...,   0.6491,  -0.0611,   0.3556],
        [ -5.2992,  -2.3338,  -8.6287,  ...,   0.5852,   0.1166,   0.3653],
        [  2.7601,   1.7114,   1.1873,  ...,   0.6491,  -0.0611,   0.3556],
        ...,
        [  0.3988,   1.7464,  -1.6544,  ...,   0.6491,  -0.0611,   0.3556],
        [  0.6418,   1.4281,  -0.8028,  ...,   0.6491,  -0.0611,   0.3556],
        [ -6.7754,  -3.4421, -11.9341,  ...,   0.5852,   0.1166,   0.3653]],
       device='cuda:0')
‘§≤‚œÚ¡øø’º‰ tensor([[ 0.0787,  0.1900,  0.0732,  ..., -0.0537,  0.0808,  0.4281],
        [-0.0651,  0.2700, -0.1676,  ..., -0.1279,  0.0046,  0.1490],
        [-0.2486,  1.6590, -1.6835,  ..., -0.5464,  0.6659,  0.1041],
        ...,
        [-0.4602,  1.1763, -1.1394,  ..., -0.5498,  0.3455,  0.1450],
        [-0.1348,  0.2392, -0.2122,  ..., -0.0845,  0.0100,  0.1281],
        [-0.0694,  0.2671, -0.1840,  ..., -0.1068,  0.0091,  0.1645]],
       device='cuda:0')
π€≤ÏœÚ¡øø’º‰ tensor([[ 2.2523e+00, -1.1759e-03,  8.6393e-01,  ...,  6.4909e-01,
         -6.1062e-02,  3.5557e-01],
        [ 3.4840e-01,  1.5433e+00, -9.5518e-01,  ...,  6.4909e-01,
         -6.1062e-02,  3.5557e-01],
        [ 1.0416e+00,  6.8840e-01, -2.7225e-01,  ...,  6.4909e-01,
         -6.1062e-02,  3.5557e-01],
        ...,
        [ 1.0416e+00,  6.8840e-01, -2.7225e-01,  ...,  6.4909e-01,
         -6.1062e-02,  3.5557e-01],
        [ 8.1879e-01,  7.4580e-01, -6.2990e-01,  ...,  6.4909e-01,
         -6.1062e-02,  3.5557e-01],
        [-7.0517e+00, -4.0230e+00, -1.0929e+01,  ...,  5.8518e-01,
          1.1655e-01,  3.6534e-01]], device='cuda:0')
‘§≤‚œÚ¡øø’º‰ tensor([[ 0.0730, -0.1418,  0.4906,  ..., -0.7371, -0.3370,  0.0416],
        [ 0.6634,  0.1396, -0.3896,  ...,  0.4782, -0.1778,  0.2449],
        [ 0.3850,  0.0857, -0.0100,  ...,  0.2143, -0.2150,  0.2019],
        ...,
        [-0.0146, -0.0634,  0.5632,  ..., -0.7113, -0.1590, -0.1362],
        [ 0.4483,  0.1090, -0.1717,  ...,  0.3676, -0.1898,  0.2523],
        [ 0.3487,  0.1213, -0.1211,  ...,  0.3555, -0.1504,  0.2396]],
       device='cuda:0')
π€≤ÏœÚ¡øø’º‰ tensor([[-2.6658, -0.8596, -6.3600,  ...,  0.5852,  0.1166,  0.3653],
        [ 0.5700,  2.0000, -2.0000,  ...,  0.5852,  0.1166,  0.3653],
        [-2.6658, -0.8596, -6.3600,  ...,  0.5852,  0.1166,  0.3653],
        ...,
        [ 0.3192,  1.5807, -1.6119,  ...,  0.6491, -0.0611,  0.3556],
        [ 1.0030,  1.1268, -0.3776,  ...,  0.6491, -0.0611,  0.3556],
        [ 2.7630,  0.9329,  2.3931,  ...,  0.6491, -0.0611,  0.3556]],
       device='cuda:0')
‘§≤‚œÚ¡øø’º‰ tensor([[-0.2506, -0.1731,  0.3714,  ...,  0.1976, -0.2001, -0.2183],
        [-0.1318, -0.1279,  0.1636,  ..., -0.0868, -0.8940, -0.1203],
        [-0.1724, -0.0303,  0.3009,  ..., -0.0621, -0.1374, -0.0328],
        ...,
        [-0.1948, -0.4666, -0.0393,  ..., -0.2493, -1.6663, -0.2817],
        [-0.1305, -0.1374,  0.2186,  ...,  0.1102, -0.1102, -0.0521],
        [-0.1163, -0.2636,  0.3600,  ...,  0.2021, -0.2103, -0.1168]],
       device='cuda:0')
π€≤ÏœÚ¡øø’º‰ tensor([[ 0.3484,  1.5433, -0.9552,  ...,  0.6491, -0.0611,  0.3556],
        [-2.6658, -0.8596, -6.3600,  ...,  0.5852,  0.1166,  0.3653],
        [-1.8854, -0.2366, -4.9072,  ...,  0.5852,  0.1166,  0.3653],
        ...,
        [ 0.3588,  1.5140, -1.1890,  ...,  0.6491, -0.0611,  0.3556],
        [-4.3115, -1.3578, -7.5739,  ...,  0.5852,  0.1166,  0.3653],
        [ 0.3192,  1.5807, -1.6119,  ...,  0.6491, -0.0611,  0.3556]],
       device='cuda:0')
‘§≤‚œÚ¡øø’º‰ tensor([[ 1.0974, -0.4726,  0.5733,  ...,  0.6967, -0.0809,  0.0141],
        [ 0.4068, -0.0211,  0.2984,  ..., -0.1454, -0.0094,  0.1461],
        [ 0.3252, -0.1938,  0.3420,  ...,  0.2283, -0.0119,  0.0359],
        ...,
        [ 0.3828,  0.0016,  0.3227,  ..., -0.1412,  0.0172,  0.1331],
        [ 0.3762,  0.0055,  0.3161,  ..., -0.1153,  0.0183,  0.1128],
        [ 0.9343, -0.0684,  0.1239,  ...,  0.1973, -0.0357, -0.3979]],
       device='cuda:0')
π€≤ÏœÚ¡øø’º‰ tensor([[ 1.0416,  0.6884, -0.2722,  ...,  0.6491, -0.0611,  0.3556],
        [ 0.8188,  0.7458, -0.6299,  ...,  0.6491, -0.0611,  0.3556],
        [ 2.7601,  1.7114,  1.1873,  ...,  0.6491, -0.0611,  0.3556],
        ...,
        [-2.9815, -1.0805, -6.1654,  ...,  0.5852,  0.1166,  0.3653],
        [ 0.5700,  2.0000, -2.0000,  ...,  0.5852,  0.1166,  0.3653],
        [ 0.8897,  1.3805, -0.4449,  ...,  0.6491, -0.0611,  0.3556]],
       device='cuda:0')
‘§≤‚œÚ¡øø’º‰ tensor([[-0.1076,  0.1625,  0.0842,  ...,  0.0898, -0.2345,  0.1881],
        [-0.1310,  0.0543,  0.0178,  ...,  0.0712, -0.3716,  0.2970],
        [-0.0971,  0.0451,  0.0415,  ...,  0.0439, -0.3021,  0.2480],
        ...,
        [ 0.5089,  0.4452, -0.2226,  ...,  0.6430, -0.0126,  0.0705],
        [ 0.4705,  0.1247, -0.1903,  ...,  0.4852, -0.1236,  0.2223],
        [-0.1916,  0.1297, -0.1147,  ...,  0.2662, -0.5001, -0.0801]],
       device='cuda:0')
π€≤ÏœÚ¡øø’º‰ tensor([[ 0.3988,  1.7464, -1.6544,  ...,  0.6491, -0.0611,  0.3556],
        [-1.8854, -0.2366, -4.9072,  ...,  0.5852,  0.1166,  0.3653],
        [ 1.2566,  0.4769, -0.0819,  ...,  0.6491, -0.0611,  0.3556],
        ...,
        [ 2.7601,  1.7114,  1.1873,  ...,  0.6491, -0.0611,  0.3556],
        [-2.6658, -0.8596, -6.3600,  ...,  0.5852,  0.1166,  0.3653],
        [-4.3115, -1.3578, -7.5739,  ...,  0.5852,  0.1166,  0.3653]],
       device='cuda:0')
‘§≤‚œÚ¡øø’º‰ tensor([[-0.1848, -0.2733,  0.0339,  ..., -0.1583, -0.4338, -0.0726],
        [-0.0531, -0.1468,  0.0775,  ..., -0.1133, -0.1885, -0.0555],
        [-0.1742, -0.3260,  0.1149,  ...,  0.0351, -0.4134, -0.0949],
        ...,
        [-0.2328, -0.0935,  0.0877,  ..., -0.2053, -0.3241, -0.0294],
        [-0.6533, -0.1544,  0.0703,  ..., -0.2892, -0.3795, -0.1114],
        [-0.0116,  0.0636,  0.4630,  ...,  0.2394, -0.6314,  0.0906]],
       device='cuda:0')
π€≤ÏœÚ¡øø’º‰ tensor([[ -6.1297,  -3.1451,  -9.8112,  ...,   0.5852,   0.1166,   0.3653],
        [ -1.8854,  -0.2366,  -4.9072,  ...,   0.5852,   0.1166,   0.3653],
        [  0.8776,   1.3359,  -0.5984,  ...,   0.6491,  -0.0611,   0.3556],
        ...,
        [  2.7601,   1.7114,   1.1873,  ...,   0.6491,  -0.0611,   0.3556],
        [  1.0030,   1.1268,  -0.3776,  ...,   0.6491,  -0.0611,   0.3556],
        [ -7.0517,  -4.0230, -10.9290,  ...,   0.5852,   0.1166,   0.3653]],
       device='cuda:0')
‘§≤‚œÚ¡øø’º‰ tensor([[-0.3344,  0.0905, -0.2297,  ...,  0.6483, -0.0141, -0.1814],
        [-0.4314,  0.0516, -0.5771,  ...,  0.8012, -0.0845, -0.6138],
        [-0.3054,  0.2815, -0.2889,  ...,  0.6642, -0.0313, -0.0178],
        ...,
        [ 0.1151, -0.0523, -0.2773,  ...,  0.0284,  0.1831, -0.6063],
        [-0.0832,  0.1869,  0.0035,  ...,  0.3086,  0.3332,  0.1575],
        [-0.0267,  0.0964, -0.0725,  ...,  0.3044,  0.2836,  0.1203]],
       device='cuda:0')
π€≤ÏœÚ¡øø’º‰ tensor([[-1.8854, -0.2366, -4.9072,  ...,  0.5852,  0.1166,  0.3653],
        [ 0.4766,  1.9073, -2.0112,  ...,  0.6491, -0.0611,  0.3556],
        [ 0.6418,  1.4281, -0.8028,  ...,  0.6491, -0.0611,  0.3556],
        ...,
        [ 0.9149,  0.8262, -0.5417,  ...,  0.6491, -0.0611,  0.3556],
        [-2.6658, -0.8596, -6.3600,  ...,  0.5852,  0.1166,  0.3653],
        [ 1.0030,  1.1268, -0.3776,  ...,  0.6491, -0.0611,  0.3556]],
       device='cuda:0')
‘§≤‚œÚ¡øø’º‰ tensor([[-0.1175,  0.0561, -0.1389,  ...,  0.5517,  0.2845,  0.1247],
        [-0.0121,  0.4322, -0.2846,  ..., -0.0154,  0.2166, -0.0299],
        [-0.3294, -0.0405, -0.2080,  ...,  0.3873,  0.1931,  0.0232],
        ...,
        [-0.2052, -0.0814, -0.1203,  ...,  0.4079,  0.2435, -0.0056],
        [-0.1757, -0.1057, -0.1263,  ...,  0.4488,  0.2742,  0.0113],
        [-0.1747,  0.6415,  0.1885,  ...,  0.0360, -0.0628,  0.1263]],
       device='cuda:0')
π€≤ÏœÚ¡øø’º‰ tensor([[ 0.3484,  1.5433, -0.9552,  ...,  0.6491, -0.0611,  0.3556],
        [-0.8638,  0.5839, -3.5700,  ...,  0.5852,  0.1166,  0.3653],
        [ 0.5700,  2.0000, -2.0000,  ...,  0.6491, -0.0611,  0.3556],
        ...,
        [-0.8638,  0.5839, -3.5700,  ...,  0.5852,  0.1166,  0.3653],
        [-0.8638,  0.5839, -3.5700,  ...,  0.5852,  0.1166,  0.3653],
        [ 0.5700,  2.0000, -2.0000,  ...,  0.6491, -0.0611,  0.3556]],
       device='cuda:0')
‘§≤‚œÚ¡øø’º‰ tensor([[-0.0337,  0.0327,  0.0395,  ..., -0.3920, -0.7431, -0.0011],
        [ 0.0114,  0.1296, -0.0860,  ...,  0.2307, -0.1295, -0.0448],
        [-0.0624, -0.2078, -0.1312,  ...,  0.1688, -0.5500, -0.0456],
        ...,
        [ 0.0254,  0.1547, -0.0854,  ...,  0.2524, -0.1424, -0.1070],
        [-0.0624, -0.2078, -0.1312,  ...,  0.1688, -0.5500, -0.0456],
        [-0.0624, -0.2078, -0.1312,  ...,  0.1688, -0.5500, -0.0456]],
       device='cuda:0')
right -13.320778316756716
right -8.432663771988715
bad
π€≤ÏœÚ¡øø’º‰ tensor([[-16.3365, -13.1970, -16.9249,  ...,   0.5374,  -0.0753,   0.3465],
        [  0.5700,   2.0000,  -2.0000,  ...,   0.6491,  -0.0611,   0.3556],
        [ -0.8638,   0.5839,  -3.5700,  ...,   0.5852,   0.1166,   0.3653],
        ...,
        [ -1.8854,  -0.2366,  -4.9072,  ...,   0.5852,   0.1166,   0.3653],
        [-18.0749, -13.2175, -19.6378,  ...,   0.5374,  -0.0753,   0.3465],
        [  0.5700,   2.0000,  -2.0000,  ...,   0.5852,   0.1166,   0.3653]],
       device='cuda:0')
‘§≤‚œÚ¡øø’º‰ tensor([[-0.2788, -0.1208, -0.0370,  ...,  0.0328, -0.6281, -0.4421],
        [-2.4800,  0.1924, -0.4500,  ...,  1.5244, -3.0156, -1.7259],
        [ 0.2655,  0.0503,  0.0884,  ..., -0.2140, -0.0451,  0.1567],
        ...,
        [ 0.1578,  0.0965,  0.1676,  ..., -0.1286, -0.0593,  0.2108],
        [-0.4955, -0.2610,  0.2153,  ...,  0.0721, -0.4706, -0.4822],
        [-2.4917,  0.1930, -0.4913,  ...,  1.6053, -3.1189, -1.7163]],
       device='cuda:0')
π€≤ÏœÚ¡øø’º‰ tensor([[  0.3701,   1.6791,  -1.4596,  ...,   0.6491,  -0.0611,   0.3556],
        [  2.7601,   1.7114,   1.1873,  ...,   0.6491,  -0.0611,   0.3556],
        [  1.0416,   0.6884,  -0.2722,  ...,   0.6491,  -0.0611,   0.3556],
        ...,
        [-17.2829, -14.3503, -18.8017,  ...,   0.5374,  -0.0753,   0.3465],
        [ -4.3826,  -1.4886,  -4.3176,  ...,   0.5374,  -0.0753,   0.3465],
        [  1.2566,   0.4769,  -0.0819,  ...,   0.6491,  -0.0611,   0.3556]],
       device='cuda:0')
‘§≤‚œÚ¡øø’º‰ tensor([[-1.2760, -0.5633,  0.5336,  ...,  0.8808,  0.4674,  0.0626],
        [-0.2821, -0.1267,  0.0423,  ..., -0.0639, -0.0356, -0.3108],
        [ 0.1193, -0.2838, -0.3905,  ...,  0.2298, -0.0590, -0.0915],
        ...,
        [-0.8167, -0.5127,  0.3708,  ...,  0.4701,  0.1191, -0.1201],
        [-3.9355, -1.9384,  1.3696,  ...,  2.9970,  2.1219, -0.0412],
        [-1.2760, -0.5633,  0.5336,  ...,  0.8808,  0.4674,  0.0626]],
       device='cuda:0')
π€≤ÏœÚ¡øø’º‰ tensor([[ 3.1924e-01,  1.5807e+00, -1.6119e+00,  ...,  6.4909e-01,
         -6.1062e-02,  3.5557e-01],
        [ 2.2523e+00, -1.1759e-03,  8.6393e-01,  ...,  6.4909e-01,
         -6.1062e-02,  3.5557e-01],
        [ 2.0446e+00,  2.6865e-01,  8.1154e-01,  ...,  6.4909e-01,
         -6.1062e-02,  3.5557e-01],
        ...,
        [ 8.1879e-01,  7.4580e-01, -6.2990e-01,  ...,  6.4909e-01,
         -6.1062e-02,  3.5557e-01],
        [-2.1123e+01, -1.6421e+01, -2.2631e+01,  ...,  5.3736e-01,
         -7.5278e-02,  3.4651e-01],
        [ 5.7000e-01,  2.0000e+00, -2.0000e+00,  ...,  5.8518e-01,
          1.1655e-01,  3.6534e-01]], device='cuda:0')
‘§≤‚œÚ¡øø’º‰ tensor([[-0.3591,  0.0498, -1.2503,  ..., -1.2789, -0.2757, -0.7300],
        [-0.1555,  0.0114,  0.2925,  ..., -0.1826,  0.1419,  0.0030],
        [-0.5218,  0.3154,  0.2248,  ..., -0.2646,  0.3578, -0.4197],
        ...,
        [-0.1308, -0.2144, -0.6042,  ..., -0.4918, -0.1674, -0.2859],
        [-0.1939,  0.1234,  0.1520,  ..., -0.1174,  0.2069, -0.1026],
        [-1.1830, -0.0502, -1.8552,  ..., -2.0860, -0.2051, -1.5637]],
       device='cuda:0')
π€≤ÏœÚ¡øø’º‰ tensor([[ -0.8638,   0.5839,  -3.5700,  ...,   0.5852,   0.1166,   0.3653],
        [ -0.9388,   0.4300,  -3.5700,  ...,   0.5374,  -0.0753,   0.3465],
        [  1.2566,   0.4769,  -0.0819,  ...,   0.6491,  -0.0611,   0.3556],
        ...,
        [  1.0030,   1.1268,  -0.3776,  ...,   0.6491,  -0.0611,   0.3556],
        [-14.7724, -11.6718, -15.4424,  ...,   0.5374,  -0.0753,   0.3465],
        [  0.4766,   1.9073,  -2.0112,  ...,   0.6491,  -0.0611,   0.3556]],
       device='cuda:0')
‘§≤‚œÚ¡øø’º‰ tensor([[-7.0617e-01, -2.9732e-01, -8.5501e-02,  ...,  4.4728e-01,
          4.1682e-01, -7.1845e-01],
        [-7.8591e-02,  1.4217e-01,  2.9994e-01,  ...,  3.7658e-02,
         -2.7633e-01, -5.6248e-02],
        [ 3.2202e-01, -1.5031e-01,  2.1144e-01,  ...,  4.6963e-01,
         -2.9584e-01,  9.1507e-03],
        ...,
        [ 6.9254e-02,  2.7144e-02,  2.9362e-01,  ..., -1.1567e-03,
         -2.7981e-01, -2.7813e-01],
        [ 2.2139e-01, -1.6080e-02,  2.1693e-01,  ...,  1.1442e-01,
         -1.8370e-01, -1.7253e-01],
        [-3.9381e-02, -1.6335e+00, -3.6954e-01,  ...,  1.8602e+00,
          9.9274e-02, -1.3027e+00]], device='cuda:0')
π€≤ÏœÚ¡øø’º‰ tensor([[  0.3484,   1.5433,  -0.9552,  ...,   0.6491,  -0.0611,   0.3556],
        [ -2.9262,  -0.1231,  -5.7860,  ...,   0.5852,   0.1166,   0.3653],
        [ -5.8574,  -2.6285, -10.6290,  ...,   0.5852,   0.1166,   0.3653],
        ...,
        [ -2.5088,  -1.0488,  -5.1400,  ...,   0.5374,  -0.0753,   0.3465],
        [  0.8188,   0.7458,  -0.6299,  ...,   0.6491,  -0.0611,   0.3556],
        [-10.1793,  -7.2327, -10.9800,  ...,   0.5374,  -0.0753,   0.3465]],
       device='cuda:0')
‘§≤‚œÚ¡øø’º‰ tensor([[ 0.1787,  0.2265, -0.0945,  ..., -0.1130, -0.0586, -0.1270],
        [ 0.0458,  0.1836, -0.0701,  ..., -0.1118, -0.0531, -0.0569],
        [ 0.3855,  0.5578,  0.0267,  ..., -0.1585,  0.3658, -0.0151],
        ...,
        [ 0.3086,  0.0922, -0.0919,  ..., -0.0377,  0.1306,  0.0254],
        [ 0.6989,  0.6045, -0.0114,  ...,  0.0217,  0.1092, -0.3488],
        [ 0.0628,  0.0868, -0.0760,  ..., -0.0618, -0.0242, -0.0343]],
       device='cuda:0')
π€≤ÏœÚ¡øø’º‰ tensor([[  0.4766,   1.9073,  -2.0112,  ...,   0.6491,  -0.0611,   0.3556],
        [ -1.8854,  -0.2366,  -4.9072,  ...,   0.5852,   0.1166,   0.3653],
        [ -5.2992,  -2.3338,  -8.6287,  ...,   0.5852,   0.1166,   0.3653],
        ...,
        [ -9.0260,  -6.1000,  -9.0286,  ...,   0.5374,  -0.0753,   0.3465],
        [  0.8897,   1.3805,  -0.4449,  ...,   0.6491,  -0.0611,   0.3556],
        [-18.0749, -13.2175, -19.6378,  ...,   0.5374,  -0.0753,   0.3465]],
       device='cuda:0')
‘§≤‚œÚ¡øø’º‰ tensor([[ 0.4412,  0.0324,  0.0171,  ...,  1.0147, -0.2006,  0.6912],
        [ 0.1765, -0.0326,  0.0056,  ...,  0.0635,  0.0143,  0.1971],
        [ 0.3825, -0.3823, -0.1363,  ...,  0.4446, -0.2517,  0.2729],
        ...,
        [ 0.1317, -0.0813, -0.0134,  ...,  0.1240,  0.0329,  0.2174],
        [ 0.9548, -0.1089, -0.4151,  ...,  0.8903,  0.4539,  1.3134],
        [ 0.1291, -0.0305,  0.0851,  ...,  0.0617,  0.0358,  0.1912]],
       device='cuda:0')
