[36;1mSaving config:
[0m
{
    "args":	null,
    "env":	null,
    "exp_name":	"HER_mpi1_random_TD3Torch_PandaReach-v2",
    "logger":	null,
    "logger_kwargs":	{
        "exp_name":	"HER_mpi1_random_TD3Torch_PandaReach-v2",
        "output_dir":	"HER_DRLib_Torch_exps/2023-06-16_HER_mpi1_random_TD3Torch_PandaReach-v2\\2023-06-16_09-41-48-HER_mpi1_random_TD3Torch_PandaReach-v2_s300"
    },
    "net":	null
}
bad
ڽʲô 1.7060323
ڽʲô 1.6463636
ڽʲô 1.5896102
ڽʲô 1.5431873
ڽʲô 1.4994678
ڽʲô 1.4423175
ڽʲô 1.3961326
ڽʲô 1.3489307
ڽʲô 1.311022
ڽʲô 1.2660795
ڽʲô 1.2373879
ڽʲô 1.197019
ڽʲô 1.1487318
ڽʲô 1.1024926
ڽʲô 1.0557368
ڽʲô 1.0143269
ڽʲô 0.975712
ڽʲô 0.9266477
ڽʲô 0.8835748
ڽʲô 0.8379571
ڽʲô 0.79428613
ڽʲô 0.7448777
ڽʲô 0.7001713
ڽʲô 0.660079
ڽʲô 0.62242407
ڽʲô 0.57721174
ڽʲô 0.5361305
ڽʲô 0.4956221
ڽʲô 0.46579403
ڽʲô 0.42739046
ڽʲô 0.39213115
ڽʲô 0.35811502
ڽʲô 0.32965878
ڽʲô 0.29391408
ڽʲô 0.27261597
ڽʲô 0.24428257
ڽʲô 0.22153449
ڽʲô 0.1985429
ڽʲô 0.17445542
ڽʲô 0.15379979
bad
ڽʲô 24.128244
ڽʲô 21.334068
ڽʲô 19.823404
ڽʲô 21.40089
ڽʲô 21.911226
ڽʲô 17.199566
ڽʲô 21.150957
ڽʲô 21.955893
ڽʲô 20.230032
ڽʲô 16.833988
ڽʲô 20.597801
ڽʲô 14.9959755
ڽʲô 15.080689
ڽʲô 18.36919
ڽʲô 14.802167
ڽʲô 16.17309
ڽʲô 14.939042
ڽʲô 15.715597
ڽʲô 14.171892
ڽʲô 14.932267
ڽʲô 15.215164
ڽʲô 15.202004
ڽʲô 13.966994
ڽʲô 14.970916
ڽʲô 13.158974
ڽʲô 12.465121
ڽʲô 12.910634
ڽʲô 13.9314
ڽʲô 13.041379
ڽʲô 14.49403
ڽʲô 11.865599
ڽʲô 12.033797
ڽʲô 12.387284
ڽʲô 12.364377
ڽʲô 11.556121
ڽʲô 11.18326
ڽʲô 12.200105
ڽʲô 12.80416
ڽʲô 11.89641
ڽʲô 11.789836
bad
ڽʲô 11.834703
ڽʲô 8.966655
ڽʲô 10.221197
ڽʲô 8.313384
ڽʲô 11.361293
ڽʲô 9.599248
ڽʲô 8.922749
ڽʲô 9.5225525
ڽʲô 8.355188
ڽʲô 8.852631
ڽʲô 8.678922
ڽʲô 9.294381
ڽʲô 10.252715
ڽʲô 8.859914
ڽʲô 9.757149
ڽʲô 8.122962
ڽʲô 8.685701
ڽʲô 9.049082
ڽʲô 10.838031
ڽʲô 8.607107
ڽʲô 9.934569
ڽʲô 9.709132
ڽʲô 9.505184
ڽʲô 8.691834
ڽʲô 10.033953
ڽʲô 9.46889
ڽʲô 8.893525
ڽʲô 11.453269
ڽʲô 10.163444
ڽʲô 8.502019
ڽʲô 11.072652
ڽʲô 8.390618
ڽʲô 8.551386
ڽʲô 9.232655
ڽʲô 9.421188
ڽʲô 8.471537
ڽʲô 9.207172
ڽʲô 8.946354
ڽʲô 9.272413
ڽʲô 10.087984
right -9.077600799243235
ڽʲô 50.59209
ڽʲô 41.973297
ڽʲô 37.619186
ڽʲô 41.599228
ڽʲô 37.495914
ڽʲô 38.219658
ڽʲô 39.024166
ڽʲô 42.730972
ڽʲô 39.677265
ڽʲô 40.55597
ڽʲô 37.960464
ڽʲô 37.801506
ڽʲô 37.45124
ڽʲô 34.983566
ڽʲô 40.940735
ڽʲô 32.296734
ڽʲô 34.833134
ڽʲô 34.83662
ڽʲô 33.69664
ڽʲô 34.660862
ڽʲô 32.34745
ڽʲô 33.98238
ڽʲô 35.902786
ڽʲô 31.736076
ڽʲô 32.29752
ڽʲô 32.61159
ڽʲô 34.074623
ڽʲô 37.628242
ڽʲô 32.048714
ڽʲô 31.397095
ڽʲô 33.340908
ڽʲô 36.147213
ڽʲô 33.73031
ڽʲô 32.1043
ڽʲô 33.685745
ڽʲô 36.253174
ڽʲô 36.232094
ڽʲô 33.42337
ڽʲô 33.575092
ڽʲô 35.685028
right -28.44498100979309
bad
ڽʲô 34.564735
ڽʲô 37.615406
ڽʲô 31.904829
ڽʲô 30.547709
ڽʲô 35.056152
ڽʲô 36.103897
ڽʲô 33.025715
ڽʲô 30.456507
ڽʲô 33.22821
ڽʲô 36.88759
ڽʲô 30.519665
ڽʲô 29.156078
ڽʲô 36.28873
ڽʲô 32.77671
ڽʲô 31.745352
ڽʲô 33.717514
ڽʲô 31.276731
ڽʲô 35.69979
ڽʲô 31.455809
ڽʲô 32.612328
ڽʲô 31.518673
ڽʲô 33.03183
ڽʲô 32.112213
ڽʲô 36.205944
ڽʲô 32.161385
ڽʲô 33.479305
ڽʲô 32.733105
ڽʲô 32.850983
ڽʲô 26.839237
ڽʲô 33.63136
ڽʲô 29.700102
ڽʲô 33.89205
ڽʲô 36.834663
ڽʲô 33.6797
ڽʲô 32.16955
ڽʲô 31.593784
ڽʲô 30.376808
ڽʲô 33.690544
ڽʲô 33.97745
ڽʲô 32.00037
right -14.038776542174833
bad
ڽʲô 33.532307
ڽʲô 32.830685
ڽʲô 36.149384
ڽʲô 34.13415
ڽʲô 36.57886
ڽʲô 30.641584
ڽʲô 32.708683
ڽʲô 34.673218
ڽʲô 33.27771
ڽʲô 31.41064
ڽʲô 34.719997
ڽʲô 27.237858
ڽʲô 28.476028
ڽʲô 31.524586
ڽʲô 29.034813
ڽʲô 32.230503
ڽʲô 30.18603
ڽʲô 35.064293
ڽʲô 33.412903
ڽʲô 29.937054
ڽʲô 31.827377
ڽʲô 33.41422
ڽʲô 32.78215
ڽʲô 28.438602
ڽʲô 30.145144
ڽʲô 35.324974
ڽʲô 33.107025
ڽʲô 30.013939
ڽʲô 31.152176
ڽʲô 33.74004
ڽʲô 34.499996
ڽʲô 29.57872
ڽʲô 33.92054
ڽʲô 33.34788
ڽʲô 33.18318
ڽʲô 31.570717
ڽʲô 31.156841
ڽʲô 32.974113
ڽʲô 29.469292
ڽʲô 32.921803
right -15.588935956668447
bad
ڽʲô 32.075718
ڽʲô 33.66597
ڽʲô 32.07967
ڽʲô 32.78428
ڽʲô 31.750383
ڽʲô 29.450829
ڽʲô 29.163677
ڽʲô 31.616863
ڽʲô 29.419329
ڽʲô 28.145441
ڽʲô 32.04716
ڽʲô 31.47004
ڽʲô 30.213678
ڽʲô 34.142353
ڽʲô 27.982111
ڽʲô 29.451958
ڽʲô 32.28456
ڽʲô 33.007465
ڽʲô 30.037548
ڽʲô 27.711466
ڽʲô 31.239904
ڽʲô 31.636538
ڽʲô 32.055817
ڽʲô 32.632534
ڽʲô 33.053078
ڽʲô 29.24745
ڽʲô 30.051487
ڽʲô 30.312029
ڽʲô 33.88701
ڽʲô 32.578304
ڽʲô 30.23753
ڽʲô 31.236841
ڽʲô 28.971169
ڽʲô 30.187576
ڽʲô 29.68598
ڽʲô 29.919565
ڽʲô 31.13533
ڽʲô 34.349422
ڽʲô 33.815056
ڽʲô 32.404274
bad
ڽʲô 30.66071
ڽʲô 32.060448
ڽʲô 30.284403
ڽʲô 32.433582
ڽʲô 29.639666
ڽʲô 31.75794
ڽʲô 31.702358
ڽʲô 31.218708
ڽʲô 27.909288
ڽʲô 32.972927
ڽʲô 33.48727
ڽʲô 31.97966
ڽʲô 28.727713
ڽʲô 31.28863
ڽʲô 28.194689
ڽʲô 37.72085
ڽʲô 25.874294
ڽʲô 31.447496
ڽʲô 30.223764
ڽʲô 28.860575
ڽʲô 31.469793
ڽʲô 31.318708
ڽʲô 34.107323
ڽʲô 28.982975
ڽʲô 31.936012
ڽʲô 28.9086
ڽʲô 29.665556
ڽʲô 29.355389
ڽʲô 27.292593
ڽʲô 32.306057
ڽʲô 29.04006
ڽʲô 28.012362
ڽʲô 35.002876
ڽʲô 31.301123
ڽʲô 27.945986
ڽʲô 28.289557
ڽʲô 26.63914
ڽʲô 31.796577
ڽʲô 30.14321
ڽʲô 30.247248
right -17.196686059834448
right 1.1661504200275008
right -0.28094109180185
right -0.23102002220732487
right -20.56354624980282
ڽʲô 55.119335
ڽʲô 47.75306
ڽʲô 50.369724
ڽʲô 47.35373
ڽʲô 42.800835
ڽʲô 46.12982
ڽʲô 49.822174
ڽʲô 49.086723
ڽʲô 43.458195
ڽʲô 45.051437
ڽʲô 40.525738
ڽʲô 43.15894
ڽʲô 47.41542
ڽʲô 47.218784
ڽʲô 43.17805
ڽʲô 40.66584
ڽʲô 48.54409
ڽʲô 43.892597
ڽʲô 47.856804
ڽʲô 44.225483
ڽʲô 52.773506
ڽʲô 41.613487
ڽʲô 51.612396
ڽʲô 42.92337
ڽʲô 46.1793
ڽʲô 46.559242
ڽʲô 42.219296
ڽʲô 41.281994
ڽʲô 44.25866
ڽʲô 39.637444
ڽʲô 43.483826
ڽʲô 47.386658
ڽʲô 41.549347
ڽʲô 49.49717
ڽʲô 47.1167
ڽʲô 44.475536
ڽʲô 45.12213
ڽʲô 53.131363
ڽʲô 45.039307
ڽʲô 43.70889
bad
ڽʲô 45.57746
ڽʲô 48.92317
ڽʲô 50.095245
ڽʲô 46.39204
ڽʲô 47.27046
ڽʲô 51.345116
ڽʲô 48.113247
ڽʲô 46.155964
ڽʲô 56.91116
ڽʲô 47.014378
ڽʲô 48.896957
ڽʲô 45.773216
ڽʲô 45.27956
ڽʲô 52.408367
ڽʲô 45.081867
ڽʲô 50.39235
ڽʲô 47.32438
ڽʲô 48.415936
ڽʲô 48.381927
ڽʲô 45.00471
ڽʲô 42.15522
ڽʲô 47.89317
ڽʲô 50.614914
ڽʲô 46.92138
ڽʲô 45.725105
ڽʲô 48.028397
ڽʲô 38.733116
ڽʲô 53.549603
ڽʲô 49.33445
ڽʲô 50.997936
ڽʲô 49.18604
ڽʲô 42.637947
ڽʲô 45.469746
ڽʲô 47.480526
ڽʲô 53.242363
ڽʲô 50.735466
ڽʲô 46.773144
ڽʲô 47.19752
ڽʲô 39.436733
ڽʲô 43.88461
right -27.732823416553416
right 0.2212776112897945
ڽʲô 51.724903
ڽʲô 53.077614
ڽʲô 53.541126
ڽʲô 48.805607
ڽʲô 49.177444
ڽʲô 57.42572
ڽʲô 51.995834
ڽʲô 51.839237
ڽʲô 45.986973
ڽʲô 52.657284
ڽʲô 49.637486
ڽʲô 45.826534
ڽʲô 59.23784
ڽʲô 57.53402
ڽʲô 47.793182
ڽʲô 51.53621
ڽʲô 54.79574
ڽʲô 53.195606
ڽʲô 53.70229
ڽʲô 53.681347
ڽʲô 52.4523
ڽʲô 46.58538
ڽʲô 50.920017
ڽʲô 53.918312
ڽʲô 48.851555
ڽʲô 42.13499
ڽʲô 51.11331
ڽʲô 53.90257
ڽʲô 53.631042
ڽʲô 53.451206
ڽʲô 49.734436
ڽʲô 49.027805
ڽʲô 52.676117
ڽʲô 48.01312
ڽʲô 52.67609
ڽʲô 44.336292
ڽʲô 52.57797
ڽʲô 52.96697
ڽʲô 51.481194
ڽʲô 47.030907
right -7.6496630088375
right -1.5574038987570287
right -2.3661567446051883
ڽʲô 71.120995
ڽʲô 67.93885
ڽʲô 64.450806
ڽʲô 59.66873
ڽʲô 68.321724
ڽʲô 62.6669
ڽʲô 64.072235
ڽʲô 64.90168
ڽʲô 56.834785
ڽʲô 63.275566
