[36;1mSaving config:
[0m
{
    "args":	null,
    "env":	null,
    "exp_name":	"HER_mpi1_random_TD3Torch_PandaReach-v2",
    "logger":	null,
    "logger_kwargs":	{
        "exp_name":	"HER_mpi1_random_TD3Torch_PandaReach-v2",
        "output_dir":	"HER_DRLib_Torch_exps/2023-06-16_HER_mpi1_random_TD3Torch_PandaReach-v2\\2023-06-16_10-30-10-HER_mpi1_random_TD3Torch_PandaReach-v2_s300"
    },
    "net":	null
}
bad
ڽʲô 28.274464
ڽʲô 27.995531
ڽʲô 26.222893
ڽʲô 30.868134
ڽʲô 29.185495
ڽʲô 23.993702
ڽʲô 22.92368
ڽʲô 27.356539
ڽʲô 26.386684
ڽʲô 26.502747
ڽʲô 28.89327
ڽʲô 28.533379
ڽʲô 25.949816
ڽʲô 25.658289
ڽʲô 26.92703
ڽʲô 26.837116
ڽʲô 24.644335
ڽʲô 25.535275
ڽʲô 28.023607
ڽʲô 27.934252
ڽʲô 27.32379
ڽʲô 23.167377
ڽʲô 28.007406
ڽʲô 27.33902
ڽʲô 25.42148
ڽʲô 23.935137
ڽʲô 28.480318
ڽʲô 25.85541
ڽʲô 26.686514
ڽʲô 29.205074
ڽʲô 25.316942
ڽʲô 27.988155
ڽʲô 24.98708
ڽʲô 24.475376
ڽʲô 30.839224
ڽʲô 32.531067
ڽʲô 26.3537
ڽʲô 28.532694
ڽʲô 29.515848
ڽʲô 27.09177
right -26.827621058415282
right -5.389725743675815
right -4.481492886861126
right -14.101811397448941
ڽʲô 58.370743
ڽʲô 56.719692
ڽʲô 59.65835
ڽʲô 61.142887
ڽʲô 59.81429
ڽʲô 61.87069
ڽʲô 59.02593
ڽʲô 76.86263
ڽʲô 67.7847
ڽʲô 64.16444
ڽʲô 55.059486
ڽʲô 63.539684
ڽʲô 52.87165
ڽʲô 64.10283
ڽʲô 73.99883
ڽʲô 55.997486
ڽʲô 67.5918
ڽʲô 72.23678
ڽʲô 73.653496
ڽʲô 82.32596
ڽʲô 59.010315
ڽʲô 57.153065
ڽʲô 55.71649
ڽʲô 78.616486
ڽʲô 72.82194
ڽʲô 49.037117
ڽʲô 73.275894
ڽʲô 62.67759
ڽʲô 67.6121
ڽʲô 56.76135
ڽʲô 64.064316
ڽʲô 69.55175
ڽʲô 53.367508
ڽʲô 82.70747
ڽʲô 73.932625
ڽʲô 70.50803
ڽʲô 57.24734
ڽʲô 62.497086
ڽʲô 64.4478
ڽʲô 60.53091
right -2.0408474720480267
right -3.0530538447277635
right -6.377459254569239
right -15.260135738362173
ڽʲô 69.23009
ڽʲô 82.088005
ڽʲô 68.71625
ڽʲô 69.08744
ڽʲô 60.382275
ڽʲô 59.473484
ڽʲô 73.124466
ڽʲô 62.931755
ڽʲô 50.912956
ڽʲô 82.70705
ڽʲô 72.19008
ڽʲô 89.19123
ڽʲô 76.91637
ڽʲô 68.93703
ڽʲô 66.96262
ڽʲô 50.376965
ڽʲô 74.770256
ڽʲô 74.314575
ڽʲô 74.21543
ڽʲô 68.25517
ڽʲô 63.228554
ڽʲô 80.97596
ڽʲô 63.28226
ڽʲô 61.129234
ڽʲô 69.77583
ڽʲô 67.3578
ڽʲô 66.74461
ڽʲô 63.774124
ڽʲô 70.79956
ڽʲô 63.097843
ڽʲô 74.788155
ڽʲô 73.76786
ڽʲô 58.97696
ڽʲô 65.31772
ڽʲô 68.175186
ڽʲô 89.33032
ڽʲô 73.518036
ڽʲô 73.63577
ڽʲô 77.653564
ڽʲô 67.09272
bad
ڽʲô 76.27375
ڽʲô 71.63894
ڽʲô 71.00755
ڽʲô 78.5219
ڽʲô 66.52638
ڽʲô 81.43749
ڽʲô 72.86207
ڽʲô 81.742195
ڽʲô 73.33702
ڽʲô 74.05787
ڽʲô 80.70919
ڽʲô 80.54789
ڽʲô 79.8084
ڽʲô 62.984386
ڽʲô 70.07394
ڽʲô 62.910763
ڽʲô 67.63072
ڽʲô 84.88732
ڽʲô 76.02182
ڽʲô 60.902084
ڽʲô 70.04539
ڽʲô 72.28379
ڽʲô 80.70719
ڽʲô 70.77451
ڽʲô 68.17366
ڽʲô 90.90859
ڽʲô 76.38313
ڽʲô 68.07413
ڽʲô 72.52381
ڽʲô 70.66373
ڽʲô 90.55396
ڽʲô 87.82495
ڽʲô 67.23336
ڽʲô 97.97309
ڽʲô 67.949905
ڽʲô 66.39816
ڽʲô 64.025276
ڽʲô 81.17164
ڽʲô 77.15699
ڽʲô 79.02532
right -1.1066229450612415
bad
ڽʲô 67.63779
ڽʲô 74.439514
ڽʲô 74.24811
ڽʲô 60.821865
ڽʲô 61.68736
ڽʲô 58.722546
ڽʲô 58.684177
ڽʲô 76.56174
ڽʲô 72.09501
ڽʲô 64.62084
ڽʲô 94.06214
ڽʲô 73.575325
ڽʲô 66.10264
ڽʲô 57.01449
ڽʲô 57.668133
ڽʲô 55.365738
ڽʲô 69.27833
ڽʲô 71.338326
ڽʲô 70.36384
ڽʲô 59.589993
ڽʲô 76.56695
ڽʲô 66.504745
ڽʲô 77.31644
ڽʲô 67.02269
ڽʲô 64.14228
ڽʲô 58.017197
ڽʲô 63.445534
ڽʲô 66.46604
ڽʲô 56.933224
ڽʲô 78.65794
ڽʲô 61.266968
ڽʲô 69.378105
ڽʲô 68.97751
ڽʲô 55.892788
ڽʲô 78.18463
ڽʲô 88.47996
ڽʲô 61.332302
ڽʲô 55.77733
ڽʲô 67.24531
ڽʲô 54.653862
right -18.121573495648306
bad
ڽʲô 63.34823
ڽʲô 55.40528
ڽʲô 78.54989
ڽʲô 57.909916
ڽʲô 69.87753
ڽʲô 70.369965
ڽʲô 71.50487
ڽʲô 63.410355
ڽʲô 54.542194
ڽʲô 62.573055
ڽʲô 63.944492
ڽʲô 71.73255
ڽʲô 73.87159
ڽʲô 69.49211
ڽʲô 67.46975
ڽʲô 70.28517
ڽʲô 62.23958
ڽʲô 84.1687
ڽʲô 59.557774
ڽʲô 73.935295
ڽʲô 66.29501
ڽʲô 61.706333
ڽʲô 62.083942
ڽʲô 79.89039
ڽʲô 75.13325
ڽʲô 82.82771
ڽʲô 39.21708
ڽʲô 76.40929
ڽʲô 59.686604
ڽʲô 52.413677
ڽʲô 67.62288
ڽʲô 49.228794
ڽʲô 59.450077
ڽʲô 60.826218
ڽʲô 74.02019
ڽʲô 82.07351
ڽʲô 58.793446
ڽʲô 81.52143
ڽʲô 76.147934
ڽʲô 53.2517
right -16.515075280636186
bad
ڽʲô 64.66169
ڽʲô 53.854927
ڽʲô 66.83939
ڽʲô 63.091545
ڽʲô 70.03552
ڽʲô 59.167336
ڽʲô 62.027225
ڽʲô 75.63462
ڽʲô 66.5271
ڽʲô 83.30234
ڽʲô 67.66018
ڽʲô 70.93233
ڽʲô 79.74347
ڽʲô 67.39363
ڽʲô 90.107254
ڽʲô 70.429085
ڽʲô 49.46917
ڽʲô 59.425735
ڽʲô 51.008816
ڽʲô 82.632675
ڽʲô 60.255123
ڽʲô 59.881794
ڽʲô 57.737232
ڽʲô 52.6349
ڽʲô 52.722473
ڽʲô 79.15973
ڽʲô 54.029987
ڽʲô 68.1818
ڽʲô 52.010994
ڽʲô 75.1507
ڽʲô 77.2871
ڽʲô 68.85288
ڽʲô 68.52279
ڽʲô 82.29908
ڽʲô 54.103794
ڽʲô 66.17554
ڽʲô 46.05127
ڽʲô 72.15499
ڽʲô 53.419724
ڽʲô 62.70936
bad
ڽʲô 53.62805
ڽʲô 66.75203
ڽʲô 63.419205
ڽʲô 57.10751
ڽʲô 65.603676
ڽʲô 75.241104
ڽʲô 60.704586
ڽʲô 60.45866
ڽʲô 75.8601
ڽʲô 81.88562
ڽʲô 71.47743
ڽʲô 60.0542
ڽʲô 69.45429
ڽʲô 63.792805
ڽʲô 65.96035
ڽʲô 63.914482
ڽʲô 57.82592
ڽʲô 64.72665
ڽʲô 81.52325
ڽʲô 69.34472
ڽʲô 57.532185
ڽʲô 59.211082
ڽʲô 70.03058
ڽʲô 59.113777
ڽʲô 55.467274
ڽʲô 62.061417
ڽʲô 62.37119
ڽʲô 50.29612
ڽʲô 67.00785
ڽʲô 51.618412
ڽʲô 65.59167
ڽʲô 78.29782
ڽʲô 54.42358
ڽʲô 55.092617
ڽʲô 55.275547
ڽʲô 63.067146
ڽʲô 69.19764
ڽʲô 65.09207
ڽʲô 56.838978
ڽʲô 63.199165
right -33.11834644703459
right -2.601153615705453
right 3.5576653499209083
bad
ڽʲô 81.97689
ڽʲô 58.20865
ڽʲô 63.013733
ڽʲô 54.33103
ڽʲô 88.4485
ڽʲô 72.24676
ڽʲô 68.636406
ڽʲô 82.77606
ڽʲô 53.475174
ڽʲô 65.385025
ڽʲô 73.08494
ڽʲô 67.73573
ڽʲô 68.468475
ڽʲô 69.37616
ڽʲô 62.180336
ڽʲô 66.04698
ڽʲô 76.48903
ڽʲô 57.239044
ڽʲô 73.02416
ڽʲô 73.76688
ڽʲô 71.179405
ڽʲô 59.304905
ڽʲô 67.286156
ڽʲô 73.9337
ڽʲô 55.307117
ڽʲô 63.877842
ڽʲô 71.777504
ڽʲô 61.617577
ڽʲô 67.72529
ڽʲô 69.79379
ڽʲô 57.112045
ڽʲô 53.751457
ڽʲô 58.50471
ڽʲô 60.28425
ڽʲô 75.97114
ڽʲô 74.6144
ڽʲô 65.333206
ڽʲô 66.4167
ڽʲô 54.20728
ڽʲô 67.97235
right 3.765454061357879
right 1.6357052654040345
ڽʲô 65.99414
ڽʲô 59.62871
ڽʲô 80.86863
ڽʲô 60.768658
ڽʲô 68.07493
ڽʲô 68.03708
ڽʲô 56.719234
ڽʲô 76.767845
ڽʲô 65.49528
ڽʲô 67.69249
ڽʲô 69.48469
ڽʲô 64.997955
ڽʲô 81.2497
ڽʲô 73.551926
ڽʲô 64.00119
ڽʲô 67.26515
ڽʲô 64.18886
ڽʲô 63.72734
ڽʲô 71.065285
ڽʲô 68.47315
ڽʲô 67.119804
ڽʲô 54.49486
ڽʲô 61.257805
ڽʲô 61.81349
ڽʲô 67.426994
ڽʲô 76.99344
ڽʲô 62.301937
ڽʲô 61.662838
ڽʲô 77.89462
ڽʲô 64.34326
ڽʲô 50.171566
ڽʲô 56.46508
ڽʲô 74.48866
ڽʲô 59.368214
ڽʲô 66.36431
ڽʲô 69.35779
ڽʲô 67.2733
ڽʲô 57.186054
ڽʲô 66.45547
ڽʲô 71.68127
right -6.830285314509151
bad
ڽʲô 64.0991
ڽʲô 58.624218
ڽʲô 65.138306
ڽʲô 70.23971
ڽʲô 53.77032
ڽʲô 72.00625
ڽʲô 64.00334
ڽʲô 75.38084
ڽʲô 64.310265
ڽʲô 63.324696
ڽʲô 57.834885
ڽʲô 85.60821
ڽʲô 64.440094
ڽʲô 68.00415
ڽʲô 61.260994
ڽʲô 78.73971
ڽʲô 67.73692
ڽʲô 52.75252
ڽʲô 72.505554
ڽʲô 68.04592
ڽʲô 61.535515
ڽʲô 64.397964
ڽʲô 77.34507
ڽʲô 63.265064
ڽʲô 63.943867
ڽʲô 62.676502
ڽʲô 64.27199
ڽʲô 66.16594
ڽʲô 65.19646
ڽʲô 62.22999
ڽʲô 64.13286
ڽʲô 64.79327
ڽʲô 59.6459
ڽʲô 52.657124
ڽʲô 90.611015
ڽʲô 77.87167
ڽʲô 65.152855
ڽʲô 55.612488
ڽʲô 62.08645
ڽʲô 61.536873
right -17.759414355726285
right -30.0156387660299
bad
ڽʲô 72.25321
ڽʲô 69.348946
ڽʲô 52.874092
ڽʲô 70.02504
ڽʲô 62.896122
ڽʲô 62.307976
ڽʲô 60.27502
ڽʲô 60.80158
ڽʲô 51.195496
ڽʲô 59.835056
ڽʲô 66.58484
ڽʲô 66.81278
ڽʲô 52.42782
ڽʲô 68.73298
ڽʲô 59.18823
ڽʲô 57.610695
ڽʲô 50.953915
ڽʲô 59.133762
ڽʲô 62.456264
ڽʲô 71.87706
ڽʲô 70.94644
ڽʲô 57.935925
ڽʲô 60.141376
ڽʲô 75.425476
ڽʲô 58.663326
ڽʲô 65.9493
ڽʲô 59.524998
ڽʲô 66.31726
ڽʲô 59.77662
ڽʲô 61.11316
ڽʲô 72.56715
ڽʲô 66.615974
ڽʲô 60.59651
ڽʲô 61.562325
ڽʲô 58.53142
ڽʲô 66.7482
ڽʲô 56.553623
ڽʲô 61.60496
ڽʲô 55.746628
ڽʲô 65.087616
right -22.083083603562073
right -5.399332050791827
bad
ڽʲô 62.56677
ڽʲô 49.935158
ڽʲô 60.764645
ڽʲô 70.21966
ڽʲô 70.967804
ڽʲô 60.826923
ڽʲô 57.553055
ڽʲô 59.664505
ڽʲô 71.568886
ڽʲô 71.960846
ڽʲô 60.935207
ڽʲô 59.511436
ڽʲô 64.63575
ڽʲô 59.910973
ڽʲô 67.09258
ڽʲô 58.27611
ڽʲô 55.985577
ڽʲô 67.105415
ڽʲô 65.41291
ڽʲô 64.11364
ڽʲô 62.275623
ڽʲô 55.693043
ڽʲô 62.032875
ڽʲô 56.826466
ڽʲô 51.90284
ڽʲô 59.993343
ڽʲô 64.81413
ڽʲô 65.97582
ڽʲô 66.78262
ڽʲô 53.51139
ڽʲô 58.041756
ڽʲô 61.010006
ڽʲô 62.778214
ڽʲô 64.37308
ڽʲô 61.482765
ڽʲô 66.66026
ڽʲô 54.457016
ڽʲô 52.6609
ڽʲô 58.253708
ڽʲô 67.855385
right -17.18598697111095
bad
ڽʲô 63.215084
ڽʲô 58.409294
ڽʲô 65.81084
ڽʲô 57.719112
ڽʲô 64.26487
ڽʲô 66.42803
ڽʲô 53.079506
ڽʲô 57.93787
ڽʲô 54.052383
ڽʲô 67.120476
ڽʲô 73.226105
ڽʲô 48.625984
ڽʲô 61.729378
