[36;1mSaving config:
[0m
{
    "args":	null,
    "env":	null,
    "exp_name":	"HER_mpi1_random_TD3Torch_PandaReach-v2",
    "logger":	null,
    "logger_kwargs":	{
        "exp_name":	"HER_mpi1_random_TD3Torch_PandaReach-v2",
        "output_dir":	"HER_DRLib_Torch_exps/2023-06-16_HER_mpi1_random_TD3Torch_PandaReach-v2\\2023-06-16_10-27-56-HER_mpi1_random_TD3Torch_PandaReach-v2_s300"
    },
    "net":	null
}
right -2.885433731777079
ڽʲô 1.2151812
ڽʲô 1.1871326
ڽʲô 1.0729648
ڽʲô 1.3545845
ڽʲô 1.0819565
ڽʲô 0.9820691
ڽʲô 1.0079067
ڽʲô 1.1445391
ڽʲô 1.100435
ڽʲô 1.0972052
ڽʲô 1.2429768
ڽʲô 1.2724487
ڽʲô 1.1432744
ڽʲô 1.1130008
ڽʲô 1.2067063
ڽʲô 1.1314893
ڽʲô 1.0146962
ڽʲô 1.0817628
ڽʲô 1.2052244
ڽʲô 1.2360961
ڽʲô 1.1604916
ڽʲô 1.0307415
ڽʲô 1.0680761
ڽʲô 1.151625
ڽʲô 1.0734586
ڽʲô 1.0127488
ڽʲô 1.2502741
ڽʲô 1.0832442
ڽʲô 1.048287
ڽʲô 1.2287738
ڽʲô 1.10585
ڽʲô 1.1922289
ڽʲô 1.1103092
ڽʲô 1.0153064
ڽʲô 1.3779297
ڽʲô 1.4046329
ڽʲô 1.1103109
ڽʲô 1.2091109
ڽʲô 1.2590038
ڽʲô 1.0990096
right -1.2751673959563536
ڽʲô 1.7042733
ڽʲô 1.6737096
ڽʲô 1.8657824
ڽʲô 1.6659052
ڽʲô 1.7773162
ڽʲô 1.8387966
ڽʲô 1.9802417
ڽʲô 1.7677829
ڽʲô 1.5660086
ڽʲô 2.3988552
ڽʲô 1.6880494
ڽʲô 1.7693148
ڽʲô 1.9092416
ڽʲô 2.1215873
ڽʲô 2.1225724
ڽʲô 2.024799
ڽʲô 2.0183318
ڽʲô 2.1462424
ڽʲô 1.9543129
ڽʲô 1.967724
ڽʲô 1.7244953
ڽʲô 1.6412365
ڽʲô 1.709472
ڽʲô 2.0909936
ڽʲô 1.8433088
ڽʲô 1.9495915
ڽʲô 1.4101951
ڽʲô 1.5550646
ڽʲô 1.8070925
ڽʲô 1.6096256
ڽʲô 1.7969315
ڽʲô 1.6387029
ڽʲô 1.9552975
ڽʲô 1.7043141
ڽʲô 1.842891
ڽʲô 1.6077453
ڽʲô 1.7984827
ڽʲô 1.5389102
ڽʲô 1.7093245
ڽʲô 2.1895852
right -4.9590588164322025
right -15.390048107567939
right 2.749645605346549
ڽʲô 2.2672534
ڽʲô 1.8876739
ڽʲô 2.076109
ڽʲô 2.1441586
ڽʲô 2.0845084
ڽʲô 2.346079
ڽʲô 2.4267519
ڽʲô 1.8687514
ڽʲô 2.3675575
ڽʲô 1.828624
ڽʲô 2.5831602
ڽʲô 2.3564963
ڽʲô 1.9875195
ڽʲô 2.2927604
ڽʲô 2.2570512
ڽʲô 2.421071
ڽʲô 2.1396432
ڽʲô 2.362034
ڽʲô 2.1434526
ڽʲô 2.4073434
ڽʲô 2.5239305
ڽʲô 2.7118464
ڽʲô 2.1264136
ڽʲô 1.9115756
ڽʲô 2.415573
ڽʲô 2.297229
ڽʲô 2.2611656
ڽʲô 2.1446822
ڽʲô 1.9414093
ڽʲô 2.2106214
ڽʲô 2.437386
ڽʲô 2.1956208
ڽʲô 2.437245
ڽʲô 2.08184
ڽʲô 2.6080122
ڽʲô 2.036735
ڽʲô 2.1621208
ڽʲô 2.1948948
ڽʲô 2.4648492
ڽʲô 2.1182773
right -5.191669110180403
right -12.56490378212089
right 1.6256407370120058
ڽʲô 2.5185363
ڽʲô 2.0283935
ڽʲô 1.8974001
ڽʲô 1.9665654
ڽʲô 2.4415631
ڽʲô 2.3535142
ڽʲô 2.671093
ڽʲô 2.27129
ڽʲô 2.4406044
ڽʲô 2.1645527
ڽʲô 2.3760018
ڽʲô 2.343165
ڽʲô 2.4533386
ڽʲô 2.1284792
ڽʲô 2.5648243
ڽʲô 2.5243702
ڽʲô 2.292111
ڽʲô 2.4916468
ڽʲô 2.2261703
ڽʲô 2.1815534
ڽʲô 2.0395308
ڽʲô 2.525545
ڽʲô 2.2843087
ڽʲô 2.2334173
ڽʲô 2.2962341
ڽʲô 2.2399268
ڽʲô 2.1114624
ڽʲô 2.5909126
ڽʲô 2.5381527
ڽʲô 2.2261407
ڽʲô 2.3318536
ڽʲô 2.5740683
ڽʲô 2.1863601
ڽʲô 2.4537516
ڽʲô 2.5966773
ڽʲô 2.350803
ڽʲô 2.1098003
ڽʲô 2.7163575
ڽʲô 2.2167861
ڽʲô 2.5841904
right -7.721975935885311
right -16.412825633972105
right -14.724254841459153
right -0.099918716124618
ڽʲô 2.7708921
ڽʲô 2.780094
ڽʲô 2.49688
ڽʲô 2.7529273
ڽʲô 2.5246384
ڽʲô 2.1369162
ڽʲô 2.4581397
ڽʲô 2.9249246
ڽʲô 2.4002953
ڽʲô 2.4064558
ڽʲô 2.548398
ڽʲô 2.6491497
ڽʲô 2.7566216
ڽʲô 2.308782
ڽʲô 2.2214048
ڽʲô 2.3476658
ڽʲô 2.3254616
ڽʲô 2.6815338
ڽʲô 2.3409188
ڽʲô 2.4446905
ڽʲô 3.0459783
ڽʲô 2.8032374
ڽʲô 2.371432
ڽʲô 2.5897818
ڽʲô 2.4962695
ڽʲô 2.2972083
ڽʲô 2.3260198
ڽʲô 2.3408165
ڽʲô 2.1645865
ڽʲô 2.7091575
ڽʲô 2.6369472
ڽʲô 2.3840358
ڽʲô 2.464337
ڽʲô 2.1376708
ڽʲô 2.6404927
ڽʲô 2.6013355
ڽʲô 2.3338118
ڽʲô 2.0567584
ڽʲô 2.9196098
ڽʲô 2.6019616
right -15.796932341602762
ڽʲô 2.2002084
ڽʲô 2.483388
ڽʲô 2.121051
ڽʲô 2.1507344
ڽʲô 1.93298
ڽʲô 2.8930578
ڽʲô 2.6155505
ڽʲô 2.8316717
ڽʲô 2.2189677
ڽʲô 2.4044294
ڽʲô 2.6040785
ڽʲô 2.7296681
ڽʲô 2.3787954
ڽʲô 2.7251983
ڽʲô 2.6261377
ڽʲô 2.6972525
ڽʲô 2.6096733
ڽʲô 2.4384139
ڽʲô 2.5013175
ڽʲô 2.4004626
ڽʲô 2.3870752
ڽʲô 2.499907
ڽʲô 2.5766368
ڽʲô 2.7689478
ڽʲô 2.3173592
ڽʲô 2.821691
ڽʲô 2.1617513
ڽʲô 2.5548608
ڽʲô 2.3613832
ڽʲô 2.5953283
ڽʲô 2.2906225
ڽʲô 2.4655278
ڽʲô 2.4498317
ڽʲô 2.5957596
ڽʲô 2.3386347
ڽʲô 2.5561874
ڽʲô 2.4596016
ڽʲô 2.5444624
ڽʲô 2.7043483
ڽʲô 2.0856676
right -17.421090116811744
bad
ڽʲô 2.385495
ڽʲô 2.3149495
ڽʲô 2.4673371
ڽʲô 2.4193246
ڽʲô 2.3411593
ڽʲô 1.955666
ڽʲô 2.3372827
ڽʲô 2.2657988
ڽʲô 2.398525
ڽʲô 2.3741493
ڽʲô 2.6546185
ڽʲô 2.5294037
ڽʲô 2.7274058
ڽʲô 2.5052822
ڽʲô 2.7699683
ڽʲô 2.5324624
ڽʲô 2.0828178
ڽʲô 2.42103
ڽʲô 2.72671
ڽʲô 2.2968392
ڽʲô 2.528964
ڽʲô 2.3807027
ڽʲô 2.5598655
ڽʲô 2.0347142
ڽʲô 2.533169
ڽʲô 2.8315732
ڽʲô 2.3313289
ڽʲô 2.3489296
ڽʲô 2.4004643
ڽʲô 2.318254
ڽʲô 2.6556876
ڽʲô 2.5512948
ڽʲô 2.5923252
ڽʲô 2.4411764
ڽʲô 1.9547721
ڽʲô 2.5457108
ڽʲô 2.0457075
ڽʲô 2.5097888
ڽʲô 1.9316553
ڽʲô 2.5312102
right -61.94032522419677
right 3.2977262601172805
ڽʲô 2.4730034
ڽʲô 2.3160174
ڽʲô 2.5076046
ڽʲô 2.1973865
ڽʲô 2.386497
ڽʲô 2.7693894
ڽʲô 2.1472564
ڽʲô 2.195396
ڽʲô 2.6563518
ڽʲô 2.4194734
ڽʲô 2.50117
ڽʲô 2.6977687
ڽʲô 2.387554
ڽʲô 2.4848483
ڽʲô 2.4702842
ڽʲô 2.4138062
ڽʲô 2.4581814
ڽʲô 2.2587721
ڽʲô 2.5960677
ڽʲô 2.3802545
ڽʲô 2.2854095
ڽʲô 2.5428374
ڽʲô 2.959821
ڽʲô 2.6011605
ڽʲô 2.2685382
ڽʲô 2.8704545
ڽʲô 2.7400422
ڽʲô 2.3346872
ڽʲô 2.3702967
ڽʲô 2.6297698
ڽʲô 2.5426228
ڽʲô 3.3005028
ڽʲô 2.3894436
ڽʲô 2.333156
ڽʲô 2.1261601
ڽʲô 2.3375673
ڽʲô 2.6781933
ڽʲô 2.17237
ڽʲô 2.7394078
ڽʲô 2.7761214
right 8.397565596218906
right -16.88680981013482
right -11.59696266486895
ڽʲô 2.9755254
ڽʲô 2.2405398
ڽʲô 2.4066784
ڽʲô 2.065206
ڽʲô 2.5330591
ڽʲô 2.5863686
ڽʲô 2.2010162
ڽʲô 2.4098754
ڽʲô 2.1797993
ڽʲô 2.4498482
ڽʲô 3.0442233
ڽʲô 2.160974
ڽʲô 2.5806832
ڽʲô 2.381258
ڽʲô 2.2869916
ڽʲô 2.5217376
ڽʲô 2.4904776
ڽʲô 2.1719005
ڽʲô 2.767387
ڽʲô 2.7306828
ڽʲô 2.682661
ڽʲô 2.5899885
ڽʲô 2.5139065
ڽʲô 2.4945786
ڽʲô 2.5298898
ڽʲô 2.2930057
ڽʲô 2.969735
ڽʲô 2.5404189
ڽʲô 2.4291277
ڽʲô 2.206657
ڽʲô 2.5233843
ڽʲô 2.364702
ڽʲô 2.5767202
ڽʲô 2.814429
ڽʲô 3.265184
ڽʲô 2.4401858
ڽʲô 2.3640275
ڽʲô 2.5564072
ڽʲô 2.5557404
ڽʲô 2.467227
right 0.9237957959441854
right 6.024639496738752
right -30.791318851532438
bad
ڽʲô 2.5667334
ڽʲô 2.1729712
ڽʲô 2.9526706
ڽʲô 2.043711
ڽʲô 2.776769
ڽʲô 2.4853334
ڽʲô 2.2839518
ڽʲô 2.76348
ڽʲô 2.7269804
ڽʲô 2.2069657
ڽʲô 2.737041
ڽʲô 2.599449
ڽʲô 2.6434405
ڽʲô 2.4715335
ڽʲô 2.7393305
ڽʲô 2.5490048
ڽʲô 3.1671643
ڽʲô 2.8147912
ڽʲô 2.598297
ڽʲô 2.67064
ڽʲô 2.801726
ڽʲô 2.0865686
ڽʲô 2.3864155
ڽʲô 2.5802965
ڽʲô 2.253749
ڽʲô 2.7660375
ڽʲô 2.7015471
ڽʲô 2.1267564
ڽʲô 2.570201
ڽʲô 2.5493202
ڽʲô 2.1400077
ڽʲô 2.1998715
ڽʲô 2.748583
ڽʲô 2.5373898
ڽʲô 2.294961
ڽʲô 2.5454686
ڽʲô 2.69477
ڽʲô 2.5437517
ڽʲô 2.610002
ڽʲô 2.5253415
bad
ڽʲô 2.5435638
ڽʲô 2.4631567
ڽʲô 2.6789842
ڽʲô 2.4521434
ڽʲô 2.2756858
ڽʲô 2.177182
ڽʲô 2.584275
ڽʲô 2.8345819
ڽʲô 2.5216756
ڽʲô 2.365432
ڽʲô 2.3992085
ڽʲô 2.9011652
ڽʲô 2.5688388
ڽʲô 2.2693322
ڽʲô 2.4453063
ڽʲô 2.965035
ڽʲô 2.480851
ڽʲô 2.6930592
ڽʲô 2.3690386
ڽʲô 2.613846
ڽʲô 2.722797
ڽʲô 2.7192783
ڽʲô 3.066698
ڽʲô 2.5034788
ڽʲô 2.5506616
ڽʲô 2.709065
ڽʲô 2.539807
ڽʲô 2.4624612
ڽʲô 2.7123778
ڽʲô 2.284888
ڽʲô 2.3542402
ڽʲô 2.3873124
ڽʲô 2.5947726
ڽʲô 2.1359742
ڽʲô 2.5826342
ڽʲô 3.2159328
ڽʲô 2.4081933
ڽʲô 2.0077589
ڽʲô 2.3915858
ڽʲô 2.6083074
right -2.3241532791046797
bad
ڽʲô 2.7581406
ڽʲô 2.6935744
ڽʲô 2.0362306
ڽʲô 2.9109282
ڽʲô 2.526199
ڽʲô 2.6169143
ڽʲô 2.5149505
ڽʲô 2.346788
ڽʲô 2.0578194
ڽʲô 2.2531066
ڽʲô 2.3367593
ڽʲô 2.439108
ڽʲô 2.1634398
ڽʲô 2.7043989
ڽʲô 2.5306883
ڽʲô 2.517104
ڽʲô 2.3315985
ڽʲô 2.3829088
ڽʲô 2.0442638
ڽʲô 2.6652317
ڽʲô 2.516987
ڽʲô 2.4379184
ڽʲô 2.441219
ڽʲô 2.870176
ڽʲô 2.4391236
ڽʲô 2.436154
ڽʲô 2.2874377
ڽʲô 2.3739693
ڽʲô 1.9847829
ڽʲô 2.2308888
ڽʲô 2.894445
ڽʲô 2.449502
ڽʲô 2.4210045
ڽʲô 2.7765708
ڽʲô 2.3758888
ڽʲô 2.5749185
ڽʲô 2.4595697
ڽʲô 2.0853896
ڽʲô 2.6480398
ڽʲô 2.3660555
right -11.395732287755287
ڽʲô 2.8830888
ڽʲô 2.1661801
ڽʲô 2.3109958
ڽʲô 2.6848097
ڽʲô 2.2698996
ڽʲô 1.8481581
ڽʲô 2.5101736
ڽʲô 2.1633646
ڽʲô 2.3834348
ڽʲô 2.7099175
ڽʲô 2.4196575
ڽʲô 2.266054
ڽʲô 2.1615117
ڽʲô 2.6328835
ڽʲô 2.7004864
ڽʲô 2.3761175
ڽʲô 2.2445152
ڽʲô 2.2973654
ڽʲô 2.3679256
ڽʲô 2.340416
ڽʲô 2.2275584
ڽʲô 2.1471612
ڽʲô 2.4436197
ڽʲô 2.5464675
ڽʲô 2.3405788
ڽʲô 2.2366698
ڽʲô 2.5628297
ڽʲô 2.3724835
ڽʲô 2.8907084
ڽʲô 2.3146298
ڽʲô 2.1413753
ڽʲô 2.5273798
ڽʲô 2.536093
ڽʲô 2.257703
ڽʲô 2.2634318
ڽʲô 2.907201
ڽʲô 2.5688353
ڽʲô 2.2550972
ڽʲô 2.6761272
ڽʲô 2.5905395
bad
ڽʲô 2.503369
ڽʲô 2.8304818
ڽʲô 2.8044338
ڽʲô 2.5085778
ڽʲô 2.8677394
ڽʲô 2.0107093
ڽʲô 2.2455387
ڽʲô 2.1539474
ڽʲô 2.2251346
ڽʲô 2.6487699
ڽʲô 2.8414154
ڽʲô 2.2619493
ڽʲô 2.3788073
ڽʲô 2.6802566
ڽʲô 2.6480477
ڽʲô 2.409295
ڽʲô 2.387084
ڽʲô 2.259292
ڽʲô 2.632652
ڽʲô 2.4647467
ڽʲô 2.1540363
ڽʲô 2.4826467
ڽʲô 2.3649945
ڽʲô 2.987897
ڽʲô 2.3339615
ڽʲô 3.0331798
ڽʲô 2.4706693
ڽʲô 2.67883
ڽʲô 2.1457837
ڽʲô 2.6164665
ڽʲô 2.3321834
ڽʲô 2.4076943
ڽʲô 2.3917532
ڽʲô 2.473945
ڽʲô 2.2332346
ڽʲô 2.2753932
ڽʲô 2.2382994
ڽʲô 2.3689857
ڽʲô 2.506074
ڽʲô 2.5596485
bad
ڽʲô 2.9740593
ڽʲô 2.7753086
ڽʲô 2.2334924
ڽʲô 2.2527716
ڽʲô 2.636518
ڽʲô 2.3755722
ڽʲô 2.752011
ڽʲô 2.5314527
ڽʲô 2.210844
ڽʲô 2.210093
ڽʲô 2.4855232
ڽʲô 2.2868936
ڽʲô 2.162599
ڽʲô 2.2608888
ڽʲô 2.4814475
ڽʲô 2.4513915
ڽʲô 2.381672
ڽʲô 2.3953407
ڽʲô 1.9839813
ڽʲô 2.4457533
ڽʲô 1.9570283
ڽʲô 2.648191
ڽʲô 2.4202693
ڽʲô 2.1328166
ڽʲô 2.5867467
ڽʲô 2.3982852
ڽʲô 2.5458167
ڽʲô 2.2912724
ڽʲô 2.2693205
ڽʲô 2.3326495
ڽʲô 2.2342148
ڽʲô 2.5976436
ڽʲô 2.3579013
ڽʲô 2.4689786
ڽʲô 2.7179565
ڽʲô 2.139791
ڽʲô 2.0881114
ڽʲô 2.3991187
ڽʲô 2.6720169
ڽʲô 2.2441912
bad
ڽʲô 1.9327079
ڽʲô 2.764186
ڽʲô 2.969744
ڽʲô 2.4753857
ڽʲô 2.3450985
ڽʲô 2.463143
ڽʲô 3.419737
ڽʲô 2.2910638
ڽʲô 2.2095091
ڽʲô 2.849986
ڽʲô 2.0390282
ڽʲô 2.8108716
ڽʲô 2.2412658
ڽʲô 2.4804702
ڽʲô 2.257619
ڽʲô 2.7825146
ڽʲô 2.446635
ڽʲô 2.6622977
ڽʲô 2.2055478
ڽʲô 3.1646018
ڽʲô 2.550739
ڽʲô 2.6301033
ڽʲô 2.419498
ڽʲô 2.1838863
ڽʲô 2.6653872
ڽʲô 2.7248113
ڽʲô 2.143762
ڽʲô 2.321195
ڽʲô 2.6278973
ڽʲô 2.8919065
ڽʲô 2.636915
ڽʲô 2.5313568
ڽʲô 2.3806424
ڽʲô 2.5019705
ڽʲô 2.351949
ڽʲô 2.2829587
ڽʲô 2.3375878
ڽʲô 2.6360533
ڽʲô 2.353181
ڽʲô 2.4477243
right -7.276188681924342
right -5.834798435327981
right -7.464078083267928
right -1.210885749018889
ڽʲô 2.3200927
ڽʲô 2.3208327
ڽʲô 2.2504077
ڽʲô 2.6183605
ڽʲô 2.3786476
ڽʲô 2.320796
ڽʲô 2.6522615
ڽʲô 2.3578727
ڽʲô 2.232641
ڽʲô 2.411872
ڽʲô 3.0122938
ڽʲô 2.0724936
ڽʲô 2.5183053
ڽʲô 1.983987
ڽʲô 2.4592726
ڽʲô 2.3735838
ڽʲô 2.7713165
ڽʲô 2.1846364
ڽʲô 2.627594
ڽʲô 2.1892636
ڽʲô 2.513419
ڽʲô 2.5427635
ڽʲô 2.5991936
ڽʲô 2.2060328
ڽʲô 2.2788966
ڽʲô 2.193514
ڽʲô 2.85573
ڽʲô 2.6525793
ڽʲô 2.6758013
ڽʲô 2.9099433
ڽʲô 2.7802043
ڽʲô 2.2871423
ڽʲô 2.2868845
ڽʲô 2.4483774
ڽʲô 2.7628207
ڽʲô 2.3432188
ڽʲô 2.5057702
ڽʲô 2.007068
ڽʲô 2.2839394
ڽʲô 2.2794828
right -37.088833576632474
right 4.062627050578257
right 0.5554510782280477
ڽʲô 2.341295
ڽʲô 2.2532465
ڽʲô 2.4326422
ڽʲô 2.5717711
ڽʲô 2.2316916
ڽʲô 2.5612707
ڽʲô 2.330372
ڽʲô 2.247629
ڽʲô 2.247976
ڽʲô 2.1987112
ڽʲô 2.7967215
ڽʲô 2.120673
ڽʲô 2.0442739
ڽʲô 2.5422523
ڽʲô 2.460711
ڽʲô 2.1087725
ڽʲô 2.069363
ڽʲô 2.2315338
ڽʲô 2.8069813
ڽʲô 2.2715807
ڽʲô 2.5980926
ڽʲô 2.2901573
ڽʲô 2.2464643
ڽʲô 2.7537217
ڽʲô 2.2407057
ڽʲô 2.295471
ڽʲô 2.06928
ڽʲô 2.8135428
ڽʲô 2.5183177
ڽʲô 2.3300912
ڽʲô 2.2038085
ڽʲô 2.4738352
ڽʲô 2.5154448
ڽʲô 2.203854
ڽʲô 2.419488
ڽʲô 2.0323741
ڽʲô 2.1861334
ڽʲô 2.8046975
ڽʲô 2.717046
ڽʲô 2.0939608
bad
ڽʲô 2.486521
ڽʲô 2.3462353
ڽʲô 2.586214
ڽʲô 2.4780385
ڽʲô 2.3795319
ڽʲô 2.3253336
ڽʲô 1.8620992
ڽʲô 2.1184828
ڽʲô 2.3806734
ڽʲô 1.9373952
ڽʲô 2.097458
ڽʲô 2.3275652
ڽʲô 2.3331494
ڽʲô 2.3011875
ڽʲô 2.2540298
ڽʲô 2.5494974
ڽʲô 2.8165262
ڽʲô 2.447122
ڽʲô 2.7388723
ڽʲô 2.5597973
ڽʲô 2.1144323
ڽʲô 2.518508
ڽʲô 2.529911
ڽʲô 2.5258937
ڽʲô 2.187624
ڽʲô 2.455651
ڽʲô 2.4467378
ڽʲô 2.3904445
ڽʲô 2.213088
ڽʲô 2.8129904
ڽʲô 2.1936436
ڽʲô 2.4266646
ڽʲô 2.5200822
ڽʲô 2.777125
ڽʲô 2.394877
ڽʲô 2.2869859
ڽʲô 2.3634007
ڽʲô 2.3736098
ڽʲô 2.206761
ڽʲô 2.411015
bad
ڽʲô 2.5299835
ڽʲô 2.5730147
ڽʲô 2.3493521
ڽʲô 2.4674978
ڽʲô 2.1858943
ڽʲô 2.533211
ڽʲô 2.456357
ڽʲô 2.2046075
ڽʲô 2.441704
ڽʲô 2.4815106
ڽʲô 2.0207424
ڽʲô 2.1829138
ڽʲô 2.5397136
ڽʲô 2.1906765
ڽʲô 2.2512176
ڽʲô 2.2632415
ڽʲô 2.2491312
ڽʲô 2.3773263
ڽʲô 2.0992813
ڽʲô 2.362424
ڽʲô 2.165841
ڽʲô 2.2406864
ڽʲô 2.4056032
ڽʲô 2.5835025
ڽʲô 2.3367467
ڽʲô 2.2486973
ڽʲô 2.2660658
ڽʲô 2.173752
ڽʲô 2.2137356
ڽʲô 2.000072
ڽʲô 2.1160479
ڽʲô 1.9887327
ڽʲô 2.3125694
ڽʲô 2.3439827
ڽʲô 2.6588593
ڽʲô 2.1323724
ڽʲô 2.1030858
ڽʲô 2.1084778
ڽʲô 2.1840951
ڽʲô 2.5490756
bad
ڽʲô 2.2661467
ڽʲô 2.1252122
ڽʲô 2.1315923
ڽʲô 2.3681846
ڽʲô 2.2536304
ڽʲô 2.6008294
ڽʲô 2.497064
ڽʲô 2.7140944
ڽʲô 2.291237
ڽʲô 2.6216648
ڽʲô 1.8637422
ڽʲô 2.455807
ڽʲô 2.821775
ڽʲô 1.87654
ڽʲô 2.5963793
ڽʲô 2.2361708
ڽʲô 2.4694211
ڽʲô 2.2207854
ڽʲô 2.202085
ڽʲô 2.058963
ڽʲô 1.920215
ڽʲô 2.460725
ڽʲô 2.828134
ڽʲô 2.2309837
ڽʲô 2.1412892
ڽʲô 2.5915108
ڽʲô 2.2590437
ڽʲô 2.17018
ڽʲô 2.2245514
ڽʲô 2.8229983
ڽʲô 2.6963022
ڽʲô 2.1542892
ڽʲô 2.3244407
ڽʲô 2.3680956
ڽʲô 2.2642047
ڽʲô 1.9773479
ڽʲô 2.2068088
ڽʲô 2.6008587
ڽʲô 2.046905
ڽʲô 2.4480834
right -49.978406426879076
ڽʲô 2.485524
ڽʲô 2.2224796
ڽʲô 2.1635342
ڽʲô 2.0024316
ڽʲô 2.0913022
ڽʲô 2.422636
ڽʲô 2.2945967
ڽʲô 2.728666
ڽʲô 2.1240523
ڽʲô 2.290915
ڽʲô 2.1320436
ڽʲô 2.4851813
ڽʲô 2.316325
ڽʲô 2.390776
ڽʲô 2.4272063
ڽʲô 2.2794213
ڽʲô 2.2527676
ڽʲô 2.2487354
ڽʲô 2.5283191
ڽʲô 2.2137477
ڽʲô 2.0780354
ڽʲô 2.441703
ڽʲô 2.473165
ڽʲô 2.3061295
ڽʲô 2.5214214
ڽʲô 2.2022357
ڽʲô 2.0678256
ڽʲô 2.4224598
ڽʲô 2.172469
ڽʲô 2.5963457
ڽʲô 2.8543262
ڽʲô 2.5608633
ڽʲô 2.1260443
ڽʲô 2.1386502
ڽʲô 1.9431585
ڽʲô 2.1901941
ڽʲô 2.357856
ڽʲô 3.0506465
ڽʲô 2.735743
ڽʲô 2.4069617
right -8.824985323893383
right -10.181319356799921
bad
ڽʲô 2.3674486
ڽʲô 2.1724923
ڽʲô 2.2240202
ڽʲô 2.1382136
ڽʲô 2.3380644
ڽʲô 2.3460755
ڽʲô 2.321651
ڽʲô 2.5536976
ڽʲô 2.2162821
ڽʲô 2.3594227
ڽʲô 2.009429
ڽʲô 1.7853855
ڽʲô 2.201479
ڽʲô 2.7527351
ڽʲô 2.6875143
ڽʲô 2.2118304
ڽʲô 2.7333012
ڽʲô 2.3495953
ڽʲô 2.1223154
ڽʲô 2.3361726
ڽʲô 2.306596
ڽʲô 2.5197773
ڽʲô 1.9695809
ڽʲô 2.4125419
ڽʲô 2.0538223
ڽʲô 2.606748
ڽʲô 2.3540215
ڽʲô 2.4749515
ڽʲô 2.3558621
ڽʲô 2.469294
ڽʲô 2.5443945
ڽʲô 1.9507695
ڽʲô 2.330202
ڽʲô 1.8868982
ڽʲô 2.1518424
ڽʲô 2.411097
ڽʲô 2.1057742
ڽʲô 2.1805573
ڽʲô 2.5729856
ڽʲô 2.0510495
bad
ڽʲô 2.3053596
ڽʲô 2.1892083
ڽʲô 2.2787304
ڽʲô 2.0374162
ڽʲô 2.0739102
ڽʲô 2.6142104
ڽʲô 2.1885815
ڽʲô 2.398278
ڽʲô 2.2615573
ڽʲô 1.9922326
ڽʲô 2.1076822
ڽʲô 2.37827
ڽʲô 2.271479
ڽʲô 2.462155
ڽʲô 2.3132503
ڽʲô 2.3908484
ڽʲô 2.3572426
ڽʲô 2.240305
ڽʲô 1.9347982
ڽʲô 2.2976284
ڽʲô 2.9509802
ڽʲô 2.360727
ڽʲô 2.1134367
ڽʲô 2.3564467
ڽʲô 2.1827302
ڽʲô 1.8773183
ڽʲô 1.931419
ڽʲô 2.4671714
ڽʲô 2.320236
ڽʲô 1.9517093
ڽʲô 2.362644
ڽʲô 2.396864
ڽʲô 2.1318486
ڽʲô 2.2699642
ڽʲô 2.6487043
ڽʲô 2.1691325
ڽʲô 2.1509714
ڽʲô 2.4392307
ڽʲô 1.921031
ڽʲô 2.201046
right 5.33628156642937
right -5.874244769970275
ڽʲô 2.3619776
ڽʲô 2.2271192
ڽʲô 1.920503
ڽʲô 2.4939768
ڽʲô 2.412666
ڽʲô 2.1611848
ڽʲô 2.113566
ڽʲô 2.6645443
ڽʲô 2.2505217
ڽʲô 2.5296817
ڽʲô 2.2272646
ڽʲô 2.5169334
ڽʲô 2.1761484
ڽʲô 1.9686989
ڽʲô 2.6479683
ڽʲô 2.4200997
ڽʲô 2.085248
ڽʲô 2.626306
ڽʲô 2.3597598
ڽʲô 2.042478
ڽʲô 2.148012
ڽʲô 2.2608585
ڽʲô 2.1365042
ڽʲô 2.3949182
ڽʲô 2.063105
ڽʲô 1.9046459
ڽʲô 2.3184063
ڽʲô 2.626205
ڽʲô 2.3776803
ڽʲô 2.3295076
ڽʲô 2.1336427
ڽʲô 2.0638354
ڽʲô 2.2379425
ڽʲô 2.346949
ڽʲô 2.1985652
ڽʲô 2.4356322
ڽʲô 1.9859674
ڽʲô 2.4681299
ڽʲô 2.288938
ڽʲô 2.2646985
bad
ڽʲô 2.6072273
ڽʲô 2.4152417
ڽʲô 2.583101
ڽʲô 2.1898174
ڽʲô 2.2717347
ڽʲô 2.010315
ڽʲô 2.2813458
ڽʲô 2.2361217
ڽʲô 2.3439832
ڽʲô 2.6004925
ڽʲô 2.051791
ڽʲô 2.1006768
ڽʲô 2.2800012
ڽʲô 2.2373636
ڽʲô 2.3113475
ڽʲô 2.1924274
ڽʲô 2.0801537
ڽʲô 2.4879675
ڽʲô 2.4014351
ڽʲô 2.0649817
ڽʲô 2.3244634
ڽʲô 2.0634363
ڽʲô 2.1931584
ڽʲô 2.1460068
ڽʲô 2.16188
ڽʲô 2.288487
ڽʲô 2.0898945
ڽʲô 2.7320848
ڽʲô 2.264369
ڽʲô 2.3768373
ڽʲô 1.9210846
ڽʲô 2.3134923
ڽʲô 2.3002124
ڽʲô 2.1529844
ڽʲô 2.083865
ڽʲô 2.2260487
ڽʲô 2.294315
ڽʲô 2.526983
ڽʲô 2.2080529
ڽʲô 2.4121435
bad
ڽʲô 2.2737486
ڽʲô 2.192658
ڽʲô 2.0292537
ڽʲô 2.194855
ڽʲô 2.1993537
ڽʲô 2.2571788
ڽʲô 2.4060102
ڽʲô 2.3872368
ڽʲô 2.0333567
ڽʲô 2.3771756
