[36;1mSaving config:
[0m
{
    "args":	null,
    "env":	null,
    "exp_name":	"HER_mpi1_random_TD3Torch_PandaReach-v2",
    "logger":	null,
    "logger_kwargs":	{
        "exp_name":	"HER_mpi1_random_TD3Torch_PandaReach-v2",
        "output_dir":	"HER_DRLib_Torch_exps/2023-02-21_HER_mpi1_random_TD3Torch_PandaReach-v2/2023-02-21_09-04-12-HER_mpi1_random_TD3Torch_PandaReach-v2_s300"
    },
    "net":	null
}
right 6.6888688942047185
right 5.820305595477462
bad
right -55.338866207730774
right -49.789709289569856
right -50.731897490502575
right -24.414584030981054
right -31.575899066377396
right -38.99517460194424
right -248.80442908744328
right -74.39873488977858
bad
right -16.074789600464705
bad
right -36.81019497520349
right -36.034730609654034
bad
bad
right -35.464342569065444
right -41.06318335151474
right -65.604433871452
bad
bad
right -46.49382782019092
bad
bad
bad
bad
---------------------------------------
|             Epoch |               0 |
|             EpRet |            -132 |
|         EpRealRet |            -132 |
|         TestEpRet |           -14.8 |
|         AverageQ1 |           -39.9 |
|             StdQ1 |            14.3 |
|             MaxQ1 |           0.123 |
|             MinQ1 |            -179 |
|                Q2 |           -39.9 |
|       TestSuccess |               0 |
| TotalEnvInteracts |        1.97e+05 |
|         TotalTime |            87.2 |
---------------------------------------
right -31.49732792354576
right -41.62721192487809
right -67.21381402710381
right -23.317549306375327
bad
bad
bad
right -33.955753248111606
right -45.49451038458653
right -39.68368588200959
bad
---------------------------------------
|             Epoch |               1 |
|             EpRet |            -113 |
|         EpRealRet |            -113 |
|         TestEpRet |           -11.4 |
|         AverageQ1 |           -48.5 |
|             StdQ1 |            6.36 |
|             MaxQ1 |           0.984 |
|             MinQ1 |           -70.4 |
|                Q2 |           -48.5 |
|       TestSuccess |               0 |
| TotalEnvInteracts |        3.98e+05 |
|         TotalTime |             173 |
---------------------------------------
right -44.644919746627984
bad
right -20.913741908612614
right -35.35923253296728
right -32.2032407481975
right -34.215263109326635
bad
right -20.448937850784766
right -64.72785465256825
right -23.325903523008776
right -33.430866881221476
right -3.2130042933093286
right -30.455887579747667
right -57.94467380120996
---------------------------------------
|             Epoch |               2 |
|             EpRet |            -114 |
|         EpRealRet |            -114 |
|         TestEpRet |           -33.2 |
|         AverageQ1 |           -49.2 |
|             StdQ1 |            4.67 |
|             MaxQ1 |           0.164 |
|             MinQ1 |           -62.8 |
|                Q2 |           -49.2 |
|       TestSuccess |               0 |
| TotalEnvInteracts |        5.99e+05 |
|         TotalTime |             262 |
---------------------------------------
right -47.69827343390923
bad
bad
right -27.875423378617697
right -25.091791646637837
right -84.31062960052999
right -32.57069236724669
right -31.30859950725906
right -58.99091660956907
right -48.18634380237367
right -57.29559694777362
right -49.43431876272466
right -57.064163811345125
right -3.34629147575232
---------------------------------------
|             Epoch |               3 |
|             EpRet |            -117 |
|         EpRealRet |            -117 |
|         TestEpRet |           -17.6 |
|         AverageQ1 |           -49.5 |
|             StdQ1 |            3.81 |
|             MaxQ1 |           -2.58 |
|             MinQ1 |           -59.6 |
|                Q2 |           -49.5 |
|       TestSuccess |               0 |
| TotalEnvInteracts |           8e+05 |
|         TotalTime |             350 |
---------------------------------------
right -70.09699733536452
right -51.38946738365736
right -34.74267590875392
right -78.6510296702558
right -23.467067983500783
right -7.582293240677906
bad
right -28.94046928235825
right -40.05446984043478
right -33.0268165220818
right -43.49102819869756
right -59.387989071200565
right -46.048591180353895
right -50.76642261837029
bad
right -71.21549582702156
bad
right -49.428270281319556
bad
right -50.23283845448056
right -32.930954138698844
right -5.504721129672621
right -42.987290010129364
right -46.283283442142526
right -12.429126242257695
right -18.210460453362806
right -56.12354943755898
right -49.44243666684041
right -49.131557701443384
right -28.596834292044534
bad
---------------------------------------
|             Epoch |               4 |
|             EpRet |            -128 |
|         EpRealRet |            -128 |
|         TestEpRet |           -20.8 |
|         AverageQ1 |           -49.7 |
|             StdQ1 |            3.13 |
|             MaxQ1 |           -4.44 |
|             MinQ1 |            -105 |
|                Q2 |           -49.7 |
|       TestSuccess |               0 |
| TotalEnvInteracts |           1e+06 |
|         TotalTime |             434 |
---------------------------------------
right -59.468309877422655
right -46.71293887634809
right -55.93100232213446
right -45.24195530765426
bad
right -75.77424432100948
right -46.13201907282089
---------------------------------------
|             Epoch |               5 |
|             EpRet |            -106 |
|         EpRealRet |            -106 |
|         TestEpRet |           -18.4 |
|         AverageQ1 |           -49.8 |
|             StdQ1 |            2.18 |
|             MaxQ1 |           -8.36 |
|             MinQ1 |           -53.7 |
|                Q2 |           -49.8 |
|       TestSuccess |               0 |
| TotalEnvInteracts |         1.2e+06 |
|         TotalTime |             520 |
---------------------------------------
right -67.68360756313615
right -27.962176483726154
right -8.785464838728661
right -39.162637140768354
right -21.771076792932394
right -16.506543428476228
right -34.60463339418222
right -48.22923075417112
right -28.436921101561254
right -30.55569852793689
right -37.582997414512846
bad
right -24.47460037668386
right -36.13922840516374
right -27.456237341244517
---------------------------------------
|             Epoch |               6 |
|             EpRet |            -115 |
|         EpRealRet |            -115 |
|         TestEpRet |           -25.7 |
|         AverageQ1 |           -49.8 |
|             StdQ1 |            1.97 |
|             MaxQ1 |           -13.2 |
|             MinQ1 |           -54.2 |
|                Q2 |           -49.8 |
|       TestSuccess |               0 |
| TotalEnvInteracts |         1.4e+06 |
|         TotalTime |             608 |
---------------------------------------
bad
right -39.458506679592105
right -59.34109373316913
right -31.282432892114088
bad
right -39.39483425802662
right -62.49192107825456
right -50.58877185413816
right -44.36152927503521
right -48.408305698174544
right -31.92428234506135
right -35.0930998915424
right -32.25958341013815
right -50.54477380222413
bad
right -51.66584265174147
right -47.93106145829208
---------------------------------------
|             Epoch |               7 |
|             EpRet |            -118 |
|         EpRealRet |            -118 |
|         TestEpRet |             -13 |
|         AverageQ1 |           -49.8 |
|             StdQ1 |            1.67 |
|             MaxQ1 |           -15.4 |
|             MinQ1 |           -63.8 |
|                Q2 |           -49.8 |
|       TestSuccess |               0 |
| TotalEnvInteracts |         1.6e+06 |
|         TotalTime |             695 |
---------------------------------------
right -46.35686547230592
right -21.498852605608363
right -35.7803750721818
bad
right -57.26418035925023
bad
right -33.72927547705464
right -28.084160717816914
right -12.162819259002514
right -20.25424713431276
bad
right -10.253546189718715
bad
bad
right -57.675254715063275
---------------------------------------
|             Epoch |               8 |
|             EpRet |            -117 |
|         EpRealRet |            -117 |
|         TestEpRet |               0 |
|         AverageQ1 |           -49.9 |
|             StdQ1 |            1.36 |
|             MaxQ1 |           -19.7 |
|             MinQ1 |           -55.1 |
|                Q2 |           -49.9 |
|       TestSuccess |               0 |
| TotalEnvInteracts |         1.8e+06 |
|         TotalTime |             782 |
---------------------------------------
bad
right -42.80654037259354
right -21.4070636151844
right -31.127438248077006
right -21.8420907083965
bad
right -7.596067368842959
right -33.01088080908811
bad
right -40.97266749563897
right -51.14524347645663
right -15.638707954662788
right -49.18914433266373
bad
right -45.13082344335064
right -47.361913044236445
right -25.639805461175797
right -27.54819166909131
bad
bad
bad
right -29.07613809649453
right -56.24881012071184
right -34.94045036308218
right -40.653833812339144
right -42.78498701001333
right -50.81504839388184
bad
---------------------------------------
|             Epoch |               9 |
|             EpRet |            -127 |
|         EpRealRet |            -127 |
|         TestEpRet |           -20.7 |
|         AverageQ1 |           -49.9 |
|             StdQ1 |            1.18 |
|             MaxQ1 |           -20.6 |
|             MinQ1 |             -66 |
|                Q2 |           -49.9 |
|       TestSuccess |               0 |
| TotalEnvInteracts |        2.01e+06 |
|         TotalTime |             869 |
---------------------------------------
bad
right -3.5018716278317505
right -37.131546878890454
right -98.72738725832336
bad
bad
---------------------------------------
|             Epoch |              10 |
|             EpRet |            -111 |
|         EpRealRet |            -111 |
|         TestEpRet |               0 |
|         AverageQ1 |           -49.9 |
|             StdQ1 |           0.914 |
|             MaxQ1 |           -24.1 |
|             MinQ1 |           -53.9 |
|                Q2 |           -49.9 |
|       TestSuccess |               0 |
| TotalEnvInteracts |        2.21e+06 |
|         TotalTime |             958 |
---------------------------------------
bad
right -55.26235818699212
right -26.08659727528932
---------------------------------------
|             Epoch |              11 |
|             EpRet |            -103 |
|         EpRealRet |            -103 |
|         TestEpRet |           -8.91 |
|         AverageQ1 |           -49.9 |
|             StdQ1 |           0.866 |
|             MaxQ1 |           -23.7 |
|             MinQ1 |           -52.3 |
|                Q2 |           -49.9 |
|       TestSuccess |               0 |
| TotalEnvInteracts |        2.41e+06 |
|         TotalTime |        1.05e+03 |
---------------------------------------
right 5.071182105078404
right -3.358959291173644
right -70.57524847527338
right -23.60093837338821
right -18.241439208043136
right -32.534024737234155
bad
right -41.27614206336276
right -30.033293771919283
right -31.208767296941943
right -45.53971626998752
right -71.2475780111549
---------------------------------------
|             Epoch |              12 |
|             EpRet |            -112 |
|         EpRealRet |            -112 |
|         TestEpRet |           -12.4 |
|         AverageQ1 |           -49.9 |
|             StdQ1 |            1.23 |
|             MaxQ1 |           -12.7 |
|             MinQ1 |           -56.4 |
|                Q2 |           -49.9 |
|       TestSuccess |               0 |
| TotalEnvInteracts |        2.61e+06 |
|         TotalTime |        1.13e+03 |
---------------------------------------
right 4.688960754170317
bad
bad
right -60.586676600317816
right -18.322647799559675
right -20.70067043442247
right -18.21820319733372
bad
right -9.297196284590996
right -15.413093089373831
right -27.799351594964797
right -54.911865179396116
right -11.798961509820842
bad
right -56.13818736473766
bad
---------------------------------------
|             Epoch |              13 |
|             EpRet |            -115 |
|         EpRealRet |            -115 |
|         TestEpRet |           -23.7 |
|         AverageQ1 |           -49.9 |
|             StdQ1 |            1.47 |
|             MaxQ1 |           -11.7 |
|             MinQ1 |           -53.4 |
|                Q2 |           -49.9 |
|       TestSuccess |               0 |
| TotalEnvInteracts |        2.81e+06 |
|         TotalTime |        1.22e+03 |
---------------------------------------
right -45.22934542213694
bad
right -23.25924479778658
right -4.0042738729511935
right 3.2154204490698426
right -24.5108285166924
bad
right -13.216786099686718
bad
right -12.897980939983764
right 4.474748462312041
right -21.387468690747376
right -17.362911890886004
right -50.528897877878094
bad
bad
bad
right -13.638410199566017
right -66.79302615491953
bad
bad
bad
bad
---------------------------------------
|             Epoch |              14 |
|             EpRet |            -118 |
|         EpRealRet |            -118 |
|         TestEpRet |           -8.84 |
|         AverageQ1 |           -49.9 |
|             StdQ1 |            1.13 |
|             MaxQ1 |           -13.9 |
|             MinQ1 |           -55.2 |
|                Q2 |           -49.9 |
|       TestSuccess |               0 |
| TotalEnvInteracts |        3.01e+06 |
|         TotalTime |        1.31e+03 |
---------------------------------------
right -30.2585215556509
right -35.03514258674352
bad
right -30.302547998571484
right -34.639187240025045
right -15.021736461455987
right -54.242795802376534
right -39.51644798559627
bad
right 5.666557155812654
bad
bad
bad
right -102.69392647001048
right 2.0824008875943276
right -26.145532414782615
right -22.39078305873234
right -22.648636247481384
bad
bad
bad
---------------------------------------
|             Epoch |              15 |
|             EpRet |            -122 |
|         EpRealRet |            -122 |
|         TestEpRet |           -11.6 |
|         AverageQ1 |           -49.9 |
|             StdQ1 |           0.777 |
|             MaxQ1 |           -22.7 |
|             MinQ1 |           -52.6 |
|                Q2 |           -49.9 |
|       TestSuccess |               0 |
| TotalEnvInteracts |        3.21e+06 |
|         TotalTime |         1.4e+03 |
---------------------------------------
right -11.888160327520055
bad
