[36;1mSaving config:
[0m
{
    "args":	null,
    "env":	null,
    "exp_name":	"HER_mpi1_random_TD3Torch_PandaReach-v2",
    "logger":	null,
    "logger_kwargs":	{
        "exp_name":	"HER_mpi1_random_TD3Torch_PandaReach-v2",
        "output_dir":	"HER_DRLib_Torch_exps/2023-02-21_HER_mpi1_random_TD3Torch_PandaReach-v2/2023-02-21_18-45-47-HER_mpi1_random_TD3Torch_PandaReach-v2_s300"
    },
    "net":	null
}
right 3.0153682025566253
right -8.876517814635584
bad
right -46.30701262420545
right -23.296576149233204
right -81.82797914160686
right -61.75011695075641
bad
right -30.736909268844173
bad
bad
bad
bad
right 7.672313857821679
bad
bad
right -24.71266094831718
right 4.540861074236129
right -38.88857359115396
bad
bad
right -94.7523519190292
right -1.527247120880979
right -156.71082584745207
right 1.493380628780935
right 0.8781149777393011
bad
right -0.15114650622772174
bad
right 2.623990393554143
bad
---------------------------------------
|             Epoch |               0 |
|             EpRet |            -117 |
|         EpRealRet |            -117 |
|         TestEpRet |           -31.6 |
|         AverageQ1 |           -43.9 |
|             StdQ1 |            11.3 |
|             MaxQ1 |         -0.0904 |
|             MinQ1 |           -86.3 |
|                Q2 |           -43.9 |
|       TestSuccess |               0 |
| TotalEnvInteracts |        1.97e+05 |
|         TotalTime |            87.4 |
---------------------------------------
right -15.284854547078382
right -68.1325883624885
right 2.3517915222529604
right -1.9667521903898688
bad
right 0.31535233017316244
bad
right -39.344861348289584
right -47.96503331894064
bad
bad
bad
bad
right -4.68158868916009
right -2.749150885842159
right -25.57258974466024
right -7.360625234569127
bad
right 2.5091487951548928
bad
right -2.6206031347307857
bad
bad
bad
bad
bad
bad
bad
bad
bad
right -195.40935083170802
right -7.990088297337611
bad
right -19.15879853192395
bad
bad
right -0.5079460323172214
bad
bad
bad
bad
---------------------------------------
|             Epoch |               1 |
|             EpRet |            -116 |
|         EpRealRet |            -116 |
|         TestEpRet |           -10.7 |
|         AverageQ1 |           -49.8 |
|             StdQ1 |            1.15 |
|             MaxQ1 |           -38.4 |
|             MinQ1 |           -59.1 |
|                Q2 |           -49.8 |
|       TestSuccess |               0 |
| TotalEnvInteracts |        3.98e+05 |
|         TotalTime |             174 |
---------------------------------------
bad
right -7.574367453390419
right -57.30788279137178
bad
bad
right 5.906111039380163
bad
bad
bad
bad
right 1.4852747048630537
right -153.29854115832705
right -26.121480460344067
right -7.909627457026456
bad
right -48.30520134348525
right -5.8556683926680915
bad
right -0.02575763720901847
right -13.786324695851128
right -25.792860116880114
right -66.59858020947719
bad
bad
right -37.84937546714624
right -137.59495786975475
bad
right -47.72049877854042
bad
right -23.747624653382744
right -39.23446493646614
right -37.553585078230334
bad
bad
right -23.738837193519743
right -26.17579141000025
bad
right -38.58907485982733
bad
---------------------------------------
|             Epoch |               2 |
|             EpRet |            -127 |
|         EpRealRet |            -127 |
|         TestEpRet |           -13.9 |
|         AverageQ1 |           -49.9 |
|             StdQ1 |           0.979 |
|             MaxQ1 |           -39.4 |
|             MinQ1 |           -71.8 |
|                Q2 |           -49.9 |
|       TestSuccess |               0 |
| TotalEnvInteracts |        5.99e+05 |
|         TotalTime |             262 |
---------------------------------------
right -52.64144705843566
bad
bad
bad
bad
bad
right -8.167270267058619
bad
right -33.00069685965448
bad
right -28.366483174928973
bad
right -48.96368877369349
bad
right -57.99993372128485
bad
bad
right 4.949452945094946
right -5.585755596287296
bad
right -23.040039950545676
bad
right 4.385987720129786
right -94.99479498354516
right -21.45497643226029
bad
bad
bad
bad
right -54.79777977003957
bad
bad
---------------------------------------
|             Epoch |               3 |
|             EpRet |            -115 |
|         EpRealRet |            -115 |
|         TestEpRet |           -15.8 |
|         AverageQ1 |           -49.9 |
|             StdQ1 |            0.85 |
|             MaxQ1 |           -38.9 |
|             MinQ1 |           -57.2 |
|                Q2 |           -49.9 |
|       TestSuccess |               0 |
| TotalEnvInteracts |           8e+05 |
|         TotalTime |             350 |
---------------------------------------
right -58.82230994826108
right -13.19801958727179
right -30.7411004389605
right -18.54579909675277
bad
right -3.9876697245071018
right -44.25530538060297
right -54.14156828065927
right -43.250864059842165
right -36.5528320280316
bad
bad
right -6.22093290808256
right -48.052123836957755
right -40.69517300052499
bad
right -23.90755060494937
right -61.671038198380856
right -32.7986713952653
right -34.02273582773475
right -28.30510167159543
right -1.8725554617474138
bad
bad
bad
bad
right -29.484014357257117
---------------------------------------
|             Epoch |               4 |
|             EpRet |            -121 |
|         EpRealRet |            -121 |
|         TestEpRet |           -9.83 |
|         AverageQ1 |           -49.9 |
|             StdQ1 |           0.862 |
|             MaxQ1 |           -38.5 |
|             MinQ1 |           -56.9 |
|                Q2 |           -49.9 |
|       TestSuccess |               0 |
| TotalEnvInteracts |           1e+06 |
|         TotalTime |             437 |
---------------------------------------
right -163.48650690693975
bad
right -29.658880604451575
right -6.084658552713471
right -15.224089804033405
right -37.42104928878973
right -33.760400387901946
right -18.30668960679074
right -60.78010042812947
right 0.2682250780598334
right -28.0982977462335
right -57.25193457281267
right -61.78775846342903
bad
right -2.944199057654588
right 3.2450752118798665
right -90.11927627752611
right -2.3335287593269243
right -1.334569021737071
right -78.36803138693841
right -39.49710955740208
right -4.890382991447259
right -63.87736937973136
right -14.599789892709133
right -8.781814524391685
bad
right 1.0385687239987647
right -11.31072669878247
bad
bad
bad
---------------------------------------
|             Epoch |               5 |
|             EpRet |            -124 |
|         EpRealRet |            -124 |
|         TestEpRet |           -10.1 |
|         AverageQ1 |           -49.9 |
|             StdQ1 |           0.829 |
|             MaxQ1 |           -34.6 |
|             MinQ1 |           -56.2 |
|                Q2 |           -49.9 |
|       TestSuccess |               0 |
| TotalEnvInteracts |         1.2e+06 |
|         TotalTime |             525 |
---------------------------------------
bad
bad
right -55.18229810995713
bad
bad
right -41.48962279413642
bad
right -4.597049777338697
bad
right -51.97388828996856
bad
right -3.2143691640495398
bad
right -9.367784450365612
right -51.956758114266314
right -44.3115561806076
right -32.22304319171853
bad
right -12.505910264504369
right 1.5327789799189837
right -66.45121615215896
right -22.411317637145707
bad
bad
right -9.521279260048939
bad
bad
right -351.87369409256695
bad
right -27.97124533509848
bad
right 6.90665271441727
right -99.42024548625292
bad
right -29.712010173712265
bad
right -64.54904803607958
---------------------------------------
|             Epoch |               6 |
|             EpRet |            -127 |
|         EpRealRet |            -127 |
|         TestEpRet |           -39.2 |
|         AverageQ1 |           -49.9 |
|             StdQ1 |           0.931 |
|             MaxQ1 |           -35.9 |
|             MinQ1 |           -60.1 |
|                Q2 |           -49.9 |
|       TestSuccess |               0 |
| TotalEnvInteracts |         1.4e+06 |
|         TotalTime |             612 |
---------------------------------------
right -2.4003743678613993
right -7.693011170301386
right -38.469690044491074
right 3.8397557221910166
right -31.583953297662774
right 5.819505795264149
right -93.2483369819999
bad
right 1.8484942062744842
right -83.54088355606628
right -27.189818710859143
right 0.9032933946293031
right -3.799554827973367
right 4.321817539909093
right -23.771104249601414
bad
right -11.838650796040678
right 5.550073462384826
right -121.30448761086788
right -11.819270485310874
right -67.99084342669524
right -4.885930907672149
right -47.824040584137094
right -22.161729854088833
right -16.57213523133818
bad
right -6.83259844012159
right -96.64210233310206
bad
bad
bad
bad
right -18.524280748868062
right -54.74449073001293
bad
right -17.761254595311083
right 6.73467837127001
right -3.1956802035669813
bad
right -2.253491084249452
bad
bad
bad
right -24.730097532538494
right -12.644753472448826
---------------------------------------
|             Epoch |               7 |
|             EpRet |            -130 |
|         EpRealRet |            -130 |
|         TestEpRet |           -13.6 |
|         AverageQ1 |           -49.9 |
|             StdQ1 |           0.862 |
|             MaxQ1 |           -37.3 |
|             MinQ1 |           -57.2 |
|                Q2 |           -49.9 |
|       TestSuccess |               0 |
| TotalEnvInteracts |         1.6e+06 |
|         TotalTime |             700 |
---------------------------------------
bad
right -3.8161210122925766
right -69.59151109738315
bad
right -5.75691761955229
right -11.342109016800286
bad
right 6.476134558351347
bad
right -1.8953158198734616
bad
right -159.66875049386073
bad
bad
bad
right -12.829340279891568
bad
right -8.47574813521894
bad
bad
right -169.44078988675997
right -22.72107348278864
bad
right -1.3917470042578461
right -21.651296619305008
right -1.0992578857726123
right -5.5293236180720555
bad
right 6.009478017222906
bad
---------------------------------------
|             Epoch |               8 |
|             EpRet |            -121 |
|         EpRealRet |            -121 |
|         TestEpRet |           -25.9 |
|         AverageQ1 |           -49.9 |
|             StdQ1 |           0.827 |
|             MaxQ1 |           -37.4 |
|             MinQ1 |           -57.2 |
|                Q2 |           -49.9 |
|       TestSuccess |               0 |
| TotalEnvInteracts |         1.8e+06 |
|         TotalTime |             788 |
---------------------------------------
right -4.2561664339901295
bad
bad
right -45.41951193636297
right -24.15409364554735
right -34.27681926431141
right -24.6546117779069
right -29.71554862348561
right -5.2816833478758785
right 7.255151189154163
right -4.304106398139842
bad
right -56.54508818238405
bad
right 5.916822368210612
right -140.89380063498334
right -12.748816745863557
right -43.41485086757502
bad
right -17.770125181246396
right -75.70185639230272
right 0.019200867152362022
bad
right -13.681444829687234
right -17.816371118823234
right -25.204124089612534
bad
right -37.70457971105306
right -18.139015559854258
right -235.69061897527092
bad
right 5.735761781672854
bad
bad
right -11.57860216255862
right -82.99920717408276
right -103.43084551236049
bad
right 1.1393634156815473
bad
---------------------------------------
|             Epoch |               9 |
|             EpRet |            -133 |
|         EpRealRet |            -133 |
|         TestEpRet |           -24.1 |
|         AverageQ1 |           -49.9 |
|             StdQ1 |           0.784 |
|             MaxQ1 |           -39.5 |
|             MinQ1 |           -57.9 |
|                Q2 |           -49.9 |
|       TestSuccess |               0 |
| TotalEnvInteracts |        2.01e+06 |
|         TotalTime |             875 |
---------------------------------------
right -3.262198168953317
right -62.741440548166594
right -46.155587578344466
right 7.887076450581008
right 1.0731234525493711
right -57.65131478184402
right -10.55463157300774
right 4.34017619516926
right 2.9377407889367726
bad
bad
right 1.750798298851219
bad
bad
bad
bad
right 1.459569395511501
right -5.544243627451523
right -275.39908054487177
bad
right 1.9392862559272714
right -6.724031932039917
right -154.04733427044948
bad
right 4.909318256968667
right 4.971361228837214
bad
bad
right -3.531869408215835
right -44.95237062671633
right 5.72052529524527
right -70.7023402278692
---------------------------------------
|             Epoch |              10 |
|             EpRet |            -124 |
|         EpRealRet |            -124 |
|         TestEpRet |             -15 |
|         AverageQ1 |           -49.9 |
|             StdQ1 |           0.802 |
|             MaxQ1 |           -38.9 |
|             MinQ1 |           -55.7 |
|                Q2 |           -49.9 |
|       TestSuccess |               0 |
| TotalEnvInteracts |        2.21e+06 |
|         TotalTime |             963 |
---------------------------------------
right 0.7447560826096282
bad
right -120.93429167368947
right -6.996287845506572
bad
right -1.099707453882166
bad
bad
bad
right 4.059532525790447
right -37.99281329643476
right 3.9073809704889317
bad
right -264.77981718670384
right -1.002033341254652
bad
bad
right -2.1828393971999986
right -14.90624265188854
right 9.165335261884218
bad
right -45.254391448571354
right 4.45881549032309
bad
bad
right -8.960559782328477
bad
right 5.966021610931649
right -46.56596987238315
---------------------------------------
|             Epoch |              11 |
|             EpRet |            -120 |
|         EpRealRet |            -120 |
|         TestEpRet |           -21.3 |
|         AverageQ1 |           -49.9 |
|             StdQ1 |             0.8 |
|             MaxQ1 |           -39.7 |
|             MinQ1 |           -55.4 |
|                Q2 |           -49.9 |
|       TestSuccess |               0 |
| TotalEnvInteracts |        2.41e+06 |
|         TotalTime |        1.05e+03 |
---------------------------------------
bad
bad
right -19.10611370808485
bad
bad
right -57.01390419091075
right -70.03171341320494
bad
right 8.280174380894197
bad
right 2.7599716376202634
bad
bad
right -32.680697455275094
right -1.1805057182295347
right -108.17871657492445
right -8.347824418183038
bad
bad
right -3.3057348446733137
right -51.09329215358375
right -15.1299256924938
bad
right -160.53187173094588
bad
right -0.443406844542082
right -0.1734436012080245
right -109.03545390907607
right 4.769435584035397
right -61.555645223056615
right -79.72515926716613
right 2.585808250365888
right 1.5973073289748818
right -29.227350525659347
bad
right -110.0993167123487
---------------------------------------
|             Epoch |              12 |
|             EpRet |            -124 |
|         EpRealRet |            -124 |
|         TestEpRet |           -44.6 |
|         AverageQ1 |           -49.9 |
|             StdQ1 |           0.849 |
|             MaxQ1 |           -38.4 |
|             MinQ1 |           -52.8 |
|                Q2 |           -49.9 |
|       TestSuccess |               0 |
| TotalEnvInteracts |        2.61e+06 |
|         TotalTime |        1.14e+03 |
---------------------------------------
right -55.633721670530974
right -6.467524290207937
right -2.100065663974517
right -80.20332472726184
right -6.792608759124732
right -96.00573280700044
bad
right 5.844338956490997
right 1.0634058776917872
right -157.44735042132945
right -113.30358701751591
bad
right -2.6433898519833043
right -7.73408682918928
bad
right -55.76662893005248
right -79.3177508326191
right -37.9275843106727
right -22.632006748266164
right -28.57508130386855
bad
bad
bad
bad
bad
bad
right -28.365688122527473
right -60.4457516798758
right 3.1445503947620734
right -95.9923112573025
right -45.563653660439186
right -57.99109387977809
bad
right 5.196062358954474
right 1.9707088855068449
right -14.309941534595009
---------------------------------------
|             Epoch |              13 |
|             EpRet |            -135 |
|         EpRealRet |            -135 |
|         TestEpRet |           -14.9 |
|         AverageQ1 |           -49.9 |
|             StdQ1 |           0.857 |
|             MaxQ1 |           -38.6 |
|             MinQ1 |           -60.7 |
|                Q2 |           -49.9 |
|       TestSuccess |               0 |
| TotalEnvInteracts |        2.81e+06 |
|         TotalTime |        1.22e+03 |
---------------------------------------
right -51.0685100571076
bad
right -1.1248152326743046
right -96.49613832688102
bad
right -52.86356405911044
right -31.3426235549126
right 7.092969819930662
bad
right 7.272016666600878
bad
right 3.1418736385144532
bad
bad
bad
bad
bad
right -36.9359143447531
bad
bad
bad
right -15.61686575835008
right -56.38957125439842
right 7.178933471122979
right 5.726934553640638
right -28.18379288362918
bad
bad
right 4.542740820461754
---------------------------------------
|             Epoch |              14 |
|             EpRet |            -113 |
|         EpRealRet |            -113 |
|         TestEpRet |           -12.7 |
|         AverageQ1 |           -49.9 |
|             StdQ1 |           0.851 |
|             MaxQ1 |             -39 |
|             MinQ1 |           -52.8 |
|                Q2 |           -49.9 |
|       TestSuccess |               0 |
| TotalEnvInteracts |        3.01e+06 |
|         TotalTime |        1.31e+03 |
---------------------------------------
right -65.21607246289808
right 4.292513913924839
bad
right 4.147641249077583
right -169.90521381792075
right -2.524898136678093
bad
right -124.78398069901897
bad
right -0.6779576621773504
right -94.70615977098862
right -8.592028243160115
right 6.593530191911727
right -113.38393400368425
bad
bad
right -1.5811664343377156
right -25.29302296037362
right -44.59647565415565
bad
bad
right -97.92299952547944
bad
bad
bad
right 5.914464034992374
bad
right 8.339684363908468
right 0.7279323098655652
bad
right 8.67742550949172
right -120.71371810423994
---------------------------------------
|             Epoch |              15 |
|             EpRet |            -122 |
|         EpRealRet |            -122 |
|         TestEpRet |           -21.7 |
|         AverageQ1 |           -49.9 |
|             StdQ1 |           0.884 |
|             MaxQ1 |           -37.9 |
|             MinQ1 |             -54 |
|                Q2 |           -49.9 |
|       TestSuccess |               0 |
| TotalEnvInteracts |        3.21e+06 |
|         TotalTime |         1.4e+03 |
---------------------------------------
right -87.5722717184135
bad
bad
bad
bad
right 1.5822458729882047
right -19.910920452017137
bad
right -7.436377083001776
right -15.99086502171275
right -12.340746088716386
bad
right 1.4092781145330378
bad
right 3.529326023347437
right 3.0053268435937373
right 4.71237955103697
right -116.52974762717
bad
right 1.508648138568109
right -17.042336255600237
bad
bad
---------------------------------------
|             Epoch |              16 |
|             EpRet |            -112 |
|         EpRealRet |            -112 |
|         TestEpRet |           -15.9 |
|         AverageQ1 |           -49.9 |
|             StdQ1 |           0.881 |
|             MaxQ1 |           -38.8 |
|             MinQ1 |           -53.4 |
|                Q2 |           -49.9 |
|       TestSuccess |               0 |
| TotalEnvInteracts |        3.41e+06 |
|         TotalTime |        1.49e+03 |
---------------------------------------
right -153.68164643932727
bad
bad
right 6.923838676033598
bad
right 3.3365224697882194
right -2.672833427418544
bad
right 3.8909887842650335
right 0.04680775800467707
bad
right -64.68390148506575
bad
right -54.12289616045895
right -4.722810222853905
bad
bad
right 5.2764791915968425
bad
right -60.64167044283009
bad
right 4.54459227003169
right 2.5405243342143375
right -110.16365142469189
bad
bad
bad
bad
right -140.30451158290043
right -35.901702165390645
right -19.73961489812258
right -111.98968825183363
right -3.6775149704765813
right 1.2890171373204407
right -3.843354056529769
---------------------------------------
|             Epoch |              17 |
|             EpRet |            -115 |
|         EpRealRet |            -115 |
|         TestEpRet |           -39.7 |
|         AverageQ1 |           -49.9 |
|             StdQ1 |           0.875 |
|             MaxQ1 |           -38.7 |
|             MinQ1 |           -52.7 |
|                Q2 |           -49.9 |
|       TestSuccess |               0 |
| TotalEnvInteracts |        3.61e+06 |
|         TotalTime |        1.57e+03 |
---------------------------------------
right -62.24406691983617
right -33.016060039709686
bad
bad
right -62.67853849231365
right -48.157120457316545
right 3.058069636092103
right 1.4588636722076647
bad
right -0.04250222508613355
right 7.816609732349746
right -66.74300120330781
right -2.7716921125201726
bad
right -0.8451405035502209
bad
right 1.8358275817491538
right -99.29632741689863
bad
right -4.538442255669855
right -87.7494666078554
right -3.5265211230482763
right 2.126627731974403
right -79.7091939579304
bad
bad
bad
right -41.23369587930729
right 3.1914916981471695
right -153.42365759812324
---------------------------------------
|             Epoch |              18 |
|             EpRet |            -123 |
|         EpRealRet |            -123 |
|         TestEpRet |           -36.5 |
|         AverageQ1 |           -49.9 |
|             StdQ1 |           0.876 |
|             MaxQ1 |           -38.7 |
|             MinQ1 |           -56.4 |
|                Q2 |           -49.9 |
|       TestSuccess |               0 |
| TotalEnvInteracts |        3.81e+06 |
|         TotalTime |        1.66e+03 |
---------------------------------------
right -125.96712202165972
bad
right 7.460681144939192
right -123.52703005500595
right 0.2793088095729157
right 2.0710048271994816
right -5.620944814361501
right -36.82137618221124
right 6.710323931639804
right -162.14399265777786
bad
right 2.503277290209022
right -319.3208756775701
right -11.943934535883194
bad
bad
bad
right 5.4788877761828525
right -108.84816850902084
bad
right -10.181073677154004
bad
bad
right 0.868342352492963
right -120.01229047129198
right -29.633489654068825
right 0.7693162568891143
right 5.911238785514961
bad
right -1.4531643299915071
---------------------------------------
|             Epoch |              19 |
|             EpRet |            -127 |
|         EpRealRet |            -127 |
|         TestEpRet |           -28.2 |
|         AverageQ1 |           -49.9 |
|             StdQ1 |           0.907 |
|             MaxQ1 |           -37.3 |
|             MinQ1 |           -52.9 |
|                Q2 |           -49.9 |
|       TestSuccess |               0 |
| TotalEnvInteracts |        4.02e+06 |
|         TotalTime |        1.75e+03 |
---------------------------------------
right -40.58593390859846
right -46.80021060047459
right -57.8677624227217
bad
bad
bad
right -26.907622201695013
bad
bad
bad
right -5.879413249481134
right -123.29652922271316
right -10.678221973443232
right -219.57002343839974
right 4.045996020237418
right -99.2030308904632
bad
right -0.09226398654692147
bad
right 5.255569446032749
right -76.49678958936532
right 4.985183171904138
bad
bad
right 5.595285923598423
right -143.70591586453375
right 1.9986120698317507
---------------------------------------
|             Epoch |              20 |
|             EpRet |            -123 |
|         EpRealRet |            -123 |
|         TestEpRet |           -22.7 |
|         AverageQ1 |           -49.9 |
|             StdQ1 |           0.902 |
|             MaxQ1 |           -38.8 |
|             MinQ1 |           -56.2 |
|                Q2 |           -49.9 |
|       TestSuccess |               0 |
| TotalEnvInteracts |        4.22e+06 |
|         TotalTime |        1.84e+03 |
---------------------------------------
bad
bad
bad
bad
right -0.39692265257330206
bad
right 4.29014594483165
bad
bad
bad
right -2.6345642221353405
right -27.43306748717292
bad
right -91.59430707567849
bad
right -107.8606422928822
bad
right -56.272064110944925
bad
bad
right -61.283787951212915
bad
bad
right 4.545673365612972
bad
bad
right -72.62178056560488
right 4.784662130787883
right -217.45687480919366
bad
bad
---------------------------------------
|             Epoch |              21 |
|             EpRet |            -116 |
|         EpRealRet |            -116 |
|         TestEpRet |           -37.9 |
|         AverageQ1 |           -49.9 |
|             StdQ1 |           0.898 |
|             MaxQ1 |           -38.8 |
|             MinQ1 |           -52.9 |
|                Q2 |           -49.9 |
|       TestSuccess |               0 |
| TotalEnvInteracts |        4.42e+06 |
|         TotalTime |        1.92e+03 |
---------------------------------------
right -3.2907254227107074
right 3.1295750473547423
right 0.4029218925147955
right 1.2010046653446302
right -39.52156160933971
right -45.81749809712652
right 5.01756097033025
right -59.701402328718615
bad
right 7.252606120843879
right 0.33245721467619305
right -98.6693056650702
right -2.3914141925487638
right -14.646011596780411
right -15.47672126494476
bad
right 0.6498549178632445
right -99.6186231257152
bad
bad
right -207.27271999157227
right -32.181609994084965
right 1.5995614147128592
bad
right -26.770845045042797
right -1.3465636106636492
right -285.6112178182197
bad
right 2.6914759386507825
right -109.33944501129966
right -60.5160004117064
---------------------------------------
|             Epoch |              22 |
|             EpRet |            -122 |
|         EpRealRet |            -122 |
|         TestEpRet |             -57 |
|         AverageQ1 |           -49.9 |
|             StdQ1 |           0.889 |
|             MaxQ1 |           -37.5 |
|             MinQ1 |           -52.8 |
|                Q2 |           -49.9 |
|       TestSuccess |               0 |
| TotalEnvInteracts |        4.62e+06 |
|         TotalTime |        2.01e+03 |
---------------------------------------
right -15.558762179665287
right -20.724000974662342
bad
bad
bad
right 0.8780646353060799
right -90.96214387855555
right -29.690483933723456
right 2.770305830415345
right -59.90708679579261
right -271.7857009858214
right -47.372932024081045
right -6.988049188770017
bad
bad
right -185.8855160218455
right -85.95759958052541
right -11.303536403920265
right -69.14444225642303
right -128.1639270729565
bad
right -21.171012351103336
bad
right -2.008091211808253
right -52.03225859227129
bad
right -11.598142667047604
bad
right 6.958276416699857
right 7.522562401343725
---------------------------------------
|             Epoch |              23 |
|             EpRet |            -133 |
|         EpRealRet |            -133 |
|         TestEpRet |           -14.4 |
|         AverageQ1 |           -49.9 |
|             StdQ1 |           0.892 |
|             MaxQ1 |           -37.4 |
|             MinQ1 |           -52.8 |
|                Q2 |           -49.9 |
|       TestSuccess |               0 |
| TotalEnvInteracts |        4.82e+06 |
|         TotalTime |         2.1e+03 |
---------------------------------------
right -2.227230338181222
bad
bad
right -4.112352876436578
bad
bad
bad
bad
bad
bad
right 0.05193549175650247
bad
right -0.0541593789776833
right 3.7297558289152715
right -139.3969275086413
bad
right 2.0839702366092014
right -118.97482897095469
bad
right -25.938496578576462
right -22.669736027658132
right 6.534870780771324
right -0.5590467990952437
right 1.1822986370999065
right 3.109087215835511
right 8.211932381680635
right 2.1045190489982115
right -65.76857212988621
bad
---------------------------------------
|             Epoch |              24 |
|             EpRet |            -111 |
|         EpRealRet |            -111 |
|         TestEpRet |           -14.9 |
|         AverageQ1 |           -49.9 |
|             StdQ1 |           0.885 |
|             MaxQ1 |           -37.7 |
|             MinQ1 |           -54.5 |
|                Q2 |           -49.9 |
|       TestSuccess |               0 |
| TotalEnvInteracts |        5.02e+06 |
|         TotalTime |        2.19e+03 |
---------------------------------------
bad
right -1.7131546990159876
bad
right -3.1434118753526903
right -1.6608771265958389
right -109.17646903381508
right -19.813823687504918
bad
bad
right -35.9849093152752
bad
bad
right -36.224020089519826
right 7.445722483642396
right -62.849662242357965
bad
right -6.2141176842216055
bad
right 3.3188844665054296
bad
bad
right -36.853215361709985
bad
right -31.050466858683535
bad
bad
right -37.13642740706312
bad
right -11.341943067223895
right -51.134263299858524
bad
right 5.46429089217374
right 3.8359098152702087
bad
bad
bad
right -0.9521873106680356
right 6.094590173410257
right 6.352300972331788
right 1.9519838388719961
---------------------------------------
|             Epoch |              25 |
|             EpRet |            -120 |
|         EpRealRet |            -120 |
|         TestEpRet |           -4.29 |
|         AverageQ1 |           -49.9 |
|             StdQ1 |            0.89 |
|             MaxQ1 |             -38 |
|             MinQ1 |             -58 |
|                Q2 |           -49.9 |
|       TestSuccess |               0 |
| TotalEnvInteracts |        5.22e+06 |
|         TotalTime |        2.27e+03 |
---------------------------------------
bad
right -1.267613885714109
right -1.262050303717979
right -46.70233893080877
right -16.81020262204843
right 2.0520934730262628
right -76.96658365328955
bad
bad
bad
right -10.381272141611618
right -94.44935899513091
right -24.590105554443376
right -9.574404924009215
bad
bad
right -4.633098822391981
bad
right -65.1048200189807
right 3.178936039763917
right -176.5518927231034
right -0.29102278572935525
right -106.65061443194861
right -14.663526782738252
bad
right 1.2114387418232084
bad
right 3.2174390688486483
right -22.469155507481716
bad
right -6.299033259775765
right -23.32626130954805
right -18.199858243841895
right -21.145895782629587
---------------------------------------
|             Epoch |              26 |
|             EpRet |            -128 |
|         EpRealRet |            -128 |
|         TestEpRet |             -15 |
|         AverageQ1 |           -49.9 |
|             StdQ1 |           0.877 |
|             MaxQ1 |           -38.1 |
|             MinQ1 |           -53.6 |
|                Q2 |           -49.9 |
|       TestSuccess |               0 |
| TotalEnvInteracts |        5.42e+06 |
|         TotalTime |        2.36e+03 |
---------------------------------------
right -10.970080508784221
right 1.404686866535494
right -101.92439817543118
bad
right -23.632153661452875
bad
right 1.6064720181756762
right -2.1024042106650853
right -142.4990528210863
right -37.83611224438446
right -48.830337565934386
bad
right 1.485897875138388
bad
right -63.66497326428856
right -7.887558863244301
right -26.404227875888814
bad
right -46.671226297876785
right -33.201753614376315
right -10.32911324185472
bad
right 2.064106473319166
right -63.77216398933422
right 4.304455634073628
bad
bad
bad
bad
bad
bad
bad
bad
bad
bad
right 8.387277449171837
right -171.35525431584256
---------------------------------------
|             Epoch |              27 |
|             EpRet |            -123 |
|         EpRealRet |            -123 |
|         TestEpRet |           -22.3 |
|         AverageQ1 |           -49.9 |
|             StdQ1 |           0.864 |
|             MaxQ1 |           -37.9 |
|             MinQ1 |           -57.9 |
|                Q2 |           -49.9 |
|       TestSuccess |               0 |
| TotalEnvInteracts |        5.62e+06 |
|         TotalTime |        2.45e+03 |
---------------------------------------
right -3.9024205045864147
bad
right 7.730883582945493
bad
right 7.391502900662365
right -24.110064905548462
right -73.67907298362911
right 2.8650793547795947
right -28.418535368470906
right 4.859096445721684
right -70.18946609459364
right 5.310013856680158
right -234.2822601095445
right 7.775540269973912
right -0.8216836169076291
right -30.011954757606667
right -22.484860880442866
bad
right -36.62087407470126
right -71.62528282643338
right 7.564339751691401
right 2.160571573147574
bad
right -3.420405217185758
right 7.845670591312629
bad
right 1.1711318916890416
bad
right -136.5702072015093
---------------------------------------
|             Epoch |              28 |
|             EpRet |            -122 |
|         EpRealRet |            -122 |
|         TestEpRet |           -19.3 |
|         AverageQ1 |           -49.9 |
|             StdQ1 |           0.871 |
|             MaxQ1 |           -37.7 |
|             MinQ1 |           -59.4 |
|                Q2 |           -49.9 |
|       TestSuccess |               0 |
| TotalEnvInteracts |        5.82e+06 |
|         TotalTime |        2.53e+03 |
---------------------------------------
right -25.954066349983073
right -2.6136121171544104
right -72.36228240436279
bad
right 5.509097982336221
right -34.44350024013633
bad
right -42.30441040178823
right -39.79828846407791
right -121.482479081646
right -6.836022659185506
right -140.6831094599466
bad
right 5.273931401705533
bad
right 0.7990475381386322
right -52.74491799264595
right 2.362448595172369
right -93.25103584551252
bad
right -7.258522857181298
bad
bad
bad
right -20.0251071520347
bad
bad
right -91.44785300518788
right 0.27836004270478654
right 8.343651826399002
right -37.6756348901195
right 2.5749809510630897
right 7.408818649182216
right -117.54908980539234
right 7.615800178911976
right -156.7152019013978
---------------------------------------
|             Epoch |              29 |
|             EpRet |            -123 |
|         EpRealRet |            -123 |
|         TestEpRet |           -41.3 |
|         AverageQ1 |           -49.9 |
|             StdQ1 |           0.887 |
|             MaxQ1 |           -37.7 |
|             MinQ1 |           -51.8 |
|                Q2 |           -49.9 |
|       TestSuccess |               0 |
| TotalEnvInteracts |        6.03e+06 |
|         TotalTime |        2.62e+03 |
---------------------------------------
bad
right -38.99991212314472
bad
right -12.75118085423452
bad
right -8.723134709299377
right -78.45818673062985
right 1.2877279004215652
right 6.481836807315451
right -84.93667875220694
right 2.9068779275076038
right -5.088935046090706
right -11.2636632561142
bad
bad
right -6.338825710043302
bad
bad
right -37.53275524585839
right 3.6254733276828954
right -106.50004902675167
bad
right 0.3556876862612057
bad
right 3.815167263336998
bad
right -89.25927261893888
right -20.538070924636447
bad
right -1.1701935370641756
right -6.466174033937996
bad
right 5.008882134664282
right -45.06069065961559
right -21.666551269757264
---------------------------------------
|             Epoch |              30 |
|             EpRet |            -117 |
|         EpRealRet |            -117 |
|         TestEpRet |           -34.9 |
|         AverageQ1 |           -49.9 |
|             StdQ1 |           0.888 |
|             MaxQ1 |           -37.5 |
|             MinQ1 |           -66.6 |
|                Q2 |           -49.9 |
|       TestSuccess |               0 |
| TotalEnvInteracts |        6.23e+06 |
|         TotalTime |        2.71e+03 |
---------------------------------------
right -199.93078897264274
bad
right -78.78195201827683
bad
right 0.3711809094037406
bad
bad
right -0.9880810538346037
bad
right 0.2791345677106136
right -22.157700161399575
bad
right -246.9617612398947
right -20.10888614302747
bad
bad
right -36.97574942480202
right 6.699674377219537
bad
right 7.636491817334539
bad
bad
right 4.247140840606911
bad
right 4.005498654332699
right -20.84731937966001
right 1.5077684942192384
bad
right -94.55803544131922
right -17.86661863868597
right -30.707836334695806
right 7.1480030234123
---------------------------------------
|             Epoch |              31 |
|             EpRet |            -123 |
|         EpRealRet |            -123 |
|         TestEpRet |           -29.1 |
|         AverageQ1 |           -49.9 |
|             StdQ1 |           0.895 |
|             MaxQ1 |           -38.2 |
|             MinQ1 |             -53 |
|                Q2 |           -49.9 |
|       TestSuccess |               0 |
| TotalEnvInteracts |        6.43e+06 |
|         TotalTime |        2.79e+03 |
---------------------------------------
right 1.3619989644801969
right -44.82171268873135
right 6.361246080053094
bad
right -36.973733635211154
bad
bad
right 4.279511223048619
right -6.309036044780324
right 7.211418581431079
right -58.50371943663502
bad
bad
right -111.91572317915345
right 5.876584230259633
right -188.29418752487408
bad
bad
right -2.695981889683349
bad
right 1.42911292700148
right -20.227768707586
right -6.139211458138941
right -67.05798467254331
bad
right -45.657824617571706
right 1.076141696736709
right 4.9090247642342435
bad
right 5.269446115920837
bad
right 7.3751510848385475
bad
right 1.1571688462243142
right 7.0557296933422
bad
right 8.833922820379108
right 0.8294311054236374
bad
bad
---------------------------------------
|             Epoch |              32 |
|             EpRet |            -121 |
|         EpRealRet |            -121 |
|         TestEpRet |           0.257 |
|         AverageQ1 |           -49.8 |
|             StdQ1 |           0.929 |
|             MaxQ1 |           -37.7 |
|             MinQ1 |             -56 |
|                Q2 |           -49.8 |
|       TestSuccess |               0 |
| TotalEnvInteracts |        6.63e+06 |
|         TotalTime |        2.88e+03 |
---------------------------------------
right -1.5253798539430203
right 3.387646609644225
right -0.059708984370594465
bad
right -60.3693239131501
bad
right -51.44433533636164
right 3.2943000523077473
right 4.471074653118762
right -44.910963314449745
bad
bad
bad
bad
bad
bad
right 5.05814895966585
right -111.29238643242802
bad
right -64.12722560339036
bad
bad
right 3.7512105778890747
right -132.13301713881515
right -73.41229194757291
bad
right -38.87467118498928
right -36.992936818138986
right -15.605816691736255
bad
bad
bad
right 3.5014154971974873
right -45.54545397435891
right -17.1434316541683
right 2.5955944262422257
right -0.8359663931917201
right 4.947772064409033
bad
---------------------------------------
|             Epoch |              33 |
|             EpRet |            -120 |
|         EpRealRet |            -120 |
|         TestEpRet |           -15.5 |
|         AverageQ1 |           -49.8 |
|             StdQ1 |           0.945 |
|             MaxQ1 |           -37.9 |
|             MinQ1 |           -52.4 |
|                Q2 |           -49.8 |
|       TestSuccess |               0 |
| TotalEnvInteracts |        6.83e+06 |
|         TotalTime |        2.97e+03 |
---------------------------------------
right -23.300740185198123
right -5.6397243572886815
right -107.17968514313847
right -9.191900554588827
bad
right 5.441376828684545
right 0.5338747014916212
right -8.146239956632211
right -16.254313295201044
right -31.179189040668362
right 3.6671397102675556
right -120.3643223350802
right -4.113461304513155
right -63.02020486633032
right -36.426740207310075
right 6.514482934290431
right -326.4367214146256
bad
right 7.040737654142447
bad
right 3.681722681150129
bad
bad
right 6.511642192546996
right 7.287405664498143
right -123.30276304589918
right 1.3812947980937658
bad
right 9.011119020197967
right -58.59012066008212
---------------------------------------
|             Epoch |              34 |
|             EpRet |            -126 |
|         EpRealRet |            -126 |
|         TestEpRet |           -28.6 |
|         AverageQ1 |           -49.8 |
|             StdQ1 |           0.934 |
|             MaxQ1 |           -37.6 |
|             MinQ1 |           -51.9 |
|                Q2 |           -49.8 |
|       TestSuccess |               0 |
| TotalEnvInteracts |        7.03e+06 |
|         TotalTime |        3.06e+03 |
---------------------------------------
bad
right -40.014523836062324
right -1.2903565387935227
bad
bad
bad
bad
right -58.80190045344014
right 6.140639058604313
right -19.766647130522866
right 6.214378145095147
bad
right 3.2415494213183713
bad
right -53.55411807470233
right -24.68018887467074
right -33.18429187492656
right -3.1840027332883896
right -10.637816585585341
bad
right -4.439938704777187
right -84.64775354483301
right -4.3110039858341676
bad
bad
bad
bad
right 1.5023303905648042
right 0.30779078770221346
bad
right 3.159963282147075
right -117.81759068936564
right 8.37469379875901
right 7.432707034142741
right 3.0320168275387607
---------------------------------------
|             Epoch |              35 |
|             EpRet |            -115 |
|         EpRealRet |            -115 |
|         TestEpRet |           -21.9 |
|         AverageQ1 |           -49.8 |
|             StdQ1 |           0.945 |
|             MaxQ1 |           -36.9 |
|             MinQ1 |           -52.2 |
|                Q2 |           -49.8 |
|       TestSuccess |               0 |
| TotalEnvInteracts |        7.23e+06 |
|         TotalTime |        3.15e+03 |
---------------------------------------
bad
bad
right -6.411545155345454
right 1.2881220366768513
right -44.31932470856481
bad
right -3.088465036223793
right -5.290151846866163
right -109.32847320480175
right 8.88765889990214
right 6.168716700613312
right -55.2468301380446
bad
right 1.9663649680198816
bad
right -27.172423824556297
right -1.7945936831423825
right -126.93752592312828
right -55.16423853991064
right -74.82484722408276
right 0.2315510852211009
bad
right -76.97644121931008
right -49.46974532474023
right -85.00553033133136
bad
right 5.356966249211429
bad
right 0.3003957931576373
right 2.550804082053193
right 4.696941127749223
---------------------------------------
|             Epoch |              36 |
|             EpRet |            -127 |
|         EpRealRet |            -127 |
|         TestEpRet |           -5.82 |
|         AverageQ1 |           -49.8 |
|             StdQ1 |           0.955 |
|             MaxQ1 |           -36.3 |
|             MinQ1 |           -52.6 |
|                Q2 |           -49.8 |
|       TestSuccess |               0 |
| TotalEnvInteracts |        7.43e+06 |
|         TotalTime |        3.23e+03 |
---------------------------------------
right -9.311961046668856
right 3.618859457316262
right -96.1162307195037
right -16.298549926820336
bad
right 7.749334419518272
right -7.6216847991664665
right -5.014353176413046
right -27.020336060984796
right 3.612059147098318
right -37.736024010222906
right -0.9740419838920538
right -68.00030767588426
right -51.73757514071821
right -71.19378884012251
right -59.182736898949116
bad
bad
bad
right -33.4436779846678
right -6.483601273224451
right -8.70875488348037
bad
right -0.8877456345631529
right -82.61611651074668
bad
right -83.05448894463345
right 6.4880594724479135
right 2.995485864214359
right -32.6745449950392
bad
right 4.259126487532399
right 4.863943338081902
right -70.73142180188458
right 4.236517339089073
right -84.58410554884678
right 4.473544752623049
---------------------------------------
|             Epoch |              37 |
|             EpRet |            -124 |
|         EpRealRet |            -124 |
|         TestEpRet |           -26.5 |
|         AverageQ1 |           -49.8 |
|             StdQ1 |           0.958 |
|             MaxQ1 |           -37.3 |
|             MinQ1 |           -51.9 |
|                Q2 |           -49.8 |
|       TestSuccess |               0 |
| TotalEnvInteracts |        7.63e+06 |
|         TotalTime |        3.32e+03 |
---------------------------------------
bad
right -9.571829762329827
bad
bad
right 4.622020496433792
right -84.20613465094527
right -25.63009217571973
right -41.48585083711524
right 2.224101727984454
right -80.89433297811696
bad
bad
right -75.18822819047116
right -53.85523585476881
right -107.37479026903048
bad
right -26.42915701452135
right -1.2745240814055627
right -24.816054898456002
bad
right 8.144646415075323
right 0.8482694476754897
bad
bad
right 7.714294392334913
right 5.98062192637781
right -133.6820841447372
bad
---------------------------------------
|             Epoch |              38 |
|             EpRet |            -118 |
|         EpRealRet |            -118 |
|         TestEpRet |           -21.8 |
|         AverageQ1 |           -49.8 |
|             StdQ1 |            0.97 |
|             MaxQ1 |           -36.8 |
|             MinQ1 |           -51.4 |
|                Q2 |           -49.8 |
|       TestSuccess |               0 |
| TotalEnvInteracts |        7.83e+06 |
|         TotalTime |        3.41e+03 |
---------------------------------------
right 1.7179709897577737
right 1.9765276874594289
right -114.8984428846322
bad
right -18.88057375843293
bad
right -12.591456856238338
bad
right -9.776933269613497
bad
right -6.964360773434766
right -109.44499176088155
bad
bad
right 3.871576897845288
right -51.8170072176233
right -24.18740244141206
bad
right -11.692124879488588
bad
right -18.04437753626371
right 2.4882347837296948
bad
right 3.285283881276282
right 5.59768290896605
right -73.17135296403164
right 4.156151120821709
right -173.639591341651
bad
bad
right 3.509980514793315
---------------------------------------
|             Epoch |              39 |
|             EpRet |            -121 |
|         EpRealRet |            -121 |
|         TestEpRet |           -29.6 |
|         AverageQ1 |           -49.8 |
|             StdQ1 |            0.97 |
|             MaxQ1 |           -37.5 |
|             MinQ1 |           -51.7 |
|                Q2 |           -49.8 |
|       TestSuccess |               0 |
| TotalEnvInteracts |        8.04e+06 |
|         TotalTime |        3.49e+03 |
---------------------------------------
right -37.37717319502869
right -38.31270446133815
right 4.774598858629602
right -170.80152452305143
right -3.608314851023959
bad
right -183.13270000879623
bad
bad
right 3.639798178662721
right -40.92471674951011
right -50.774492273471346
right -37.93240122268302
right 2.1303026286242233
bad
right 7.245779517953707
right -122.86452172108505
right 1.4440237217788336
right -50.06919399753116
right -5.003707646958954
right -3.7965506711565027
right 0.8936084567512701
bad
right -91.67585862044535
right -51.27791386026648
bad
right -18.718299375771185
right -181.41392878168307
right -3.0333723763432356
bad
bad
bad
right 4.442703977865281
right 7.311036720104562
right 2.5312533500277166
right 6.407809499382239
right -41.11845492802117
---------------------------------------
|             Epoch |              40 |
|             EpRet |            -128 |
|         EpRealRet |            -128 |
|         TestEpRet |           -28.3 |
|         AverageQ1 |           -49.8 |
|             StdQ1 |           0.962 |
|             MaxQ1 |           -36.5 |
|             MinQ1 |             -55 |
|                Q2 |           -49.8 |
|       TestSuccess |               0 |
| TotalEnvInteracts |        8.24e+06 |
|         TotalTime |        3.58e+03 |
---------------------------------------
right -45.99498062731112
right -225.98487633048111
bad
right -7.330502339106513
right -70.2169095682149
right -174.16276271583715
right -42.77070346958253
right -29.6791770015927
right 4.929512627203029
right -94.15571006632368
bad
right -46.91463596452901
bad
bad
right 2.246731640653384
bad
right -1.3971897729465326
bad
bad
right 4.331895533635112
right -61.23808165410439
right 5.611237941010896
right -1.6878095251065357
right 3.77933531860422
right -10.589220331660538
right 3.6194960363695383
right -48.07193590402727
bad
bad
right -7.888579133120366
right -104.86568946361163
bad
right 4.818632737652485
right 2.805285870451489
bad
---------------------------------------
|             Epoch |              41 |
|             EpRet |            -128 |
|         EpRealRet |            -128 |
|         TestEpRet |           -24.4 |
|         AverageQ1 |           -49.8 |
|             StdQ1 |           0.949 |
|             MaxQ1 |             -36 |
|             MinQ1 |           -53.6 |
|                Q2 |           -49.8 |
|       TestSuccess |               0 |
| TotalEnvInteracts |        8.44e+06 |
|         TotalTime |        3.67e+03 |
---------------------------------------
right -1.2816597863781176
bad
bad
right 7.200907191520818
right -23.14253144654051
right 5.938001256510855
bad
right -2.626372797056396
bad
right -49.828294374568436
right -2.3212771335812477
right 2.4223349440013253
bad
right 5.11070300671926
right -53.195429627666265
bad
right -68.53361860725896
right -2.6578020444738115
bad
right -27.93884678532133
right 7.858299412957563
right -75.895432042426
right -3.5501031919598898
right 6.809999571171464
bad
right 7.3785465137043875
---------------------------------------
|             Epoch |              42 |
|             EpRet |            -118 |
|         EpRealRet |            -118 |
|         TestEpRet |           -14.6 |
|         AverageQ1 |           -49.8 |
|             StdQ1 |           0.962 |
|             MaxQ1 |           -36.2 |
|             MinQ1 |           -51.7 |
|                Q2 |           -49.8 |
|       TestSuccess |               0 |
| TotalEnvInteracts |        8.64e+06 |
|         TotalTime |        3.76e+03 |
---------------------------------------
right 0.036582447637393045
right 4.341298607202523
right -58.64629558198145
bad
right -53.155501022416196
right -9.686727454015642
right 6.4558246654237355
right -70.30786049668538
right 1.8765811723707841
right -66.57234800423895
bad
bad
bad
right -3.7072312205855606
bad
right 7.654773948289245
bad
bad
bad
right -61.481699813168575
right 5.9383899364516255
bad
right -28.420815966409606
bad
bad
right -15.076758652643228
bad
---------------------------------------
|             Epoch |              43 |
|             EpRet |            -115 |
|         EpRealRet |            -115 |
|         TestEpRet |           -9.31 |
|         AverageQ1 |           -49.8 |
|             StdQ1 |           0.966 |
|             MaxQ1 |           -36.3 |
|             MinQ1 |           -52.1 |
|                Q2 |           -49.8 |
|       TestSuccess |               0 |
| TotalEnvInteracts |        8.84e+06 |
|         TotalTime |        3.85e+03 |
---------------------------------------
right -59.487915008981545
right -1.9942011188154485
right -96.62760675008596
right -1.0513835895826702
bad
right 2.737638888782655
right -65.37290484001018
right 4.353028602136727
right -106.97682941974433
right -11.711470208454102
right -42.111338108587056
bad
right 5.7743841649124
bad
bad
right -6.061691422768426
right 1.8370003233384438
right -55.72790062683579
right -8.379238042787232
right 3.595555587464256
bad
bad
right 5.344085994391943
bad
right -8.02934026746884
right -28.787820531249196
right -0.3650487640740181
right 6.433156801438533
bad
right -59.04034055431468
right -25.21016766952711
bad
bad
right -0.0674519550924213
right 5.9294271750726475
right 6.484186270502038
right 4.166927485624861
bad
right 5.640237181682116
right 5.28064852598375
right 2.644010168631116
bad
bad
bad
---------------------------------------
|             Epoch |              44 |
|             EpRet |            -124 |
|         EpRealRet |            -124 |
|         TestEpRet |           0.349 |
|         AverageQ1 |           -49.8 |
|             StdQ1 |           0.967 |
|             MaxQ1 |           -37.4 |
|             MinQ1 |           -52.7 |
|                Q2 |           -49.8 |
|       TestSuccess |               0 |
| TotalEnvInteracts |        9.04e+06 |
|         TotalTime |        3.93e+03 |
---------------------------------------
right 8.568162416076682
right -32.58650799760268
bad
right 1.356193185459924
bad
bad
right -193.11715893532613
right -41.84205974028253
right -24.393055906594626
bad
bad
right -5.825829192531657
bad
bad
bad
right -3.4267351398132035
right 0.7493346430530519
bad
right -1.9728326537266092
right -18.414240110187777
right 2.067338726794863
bad
bad
right 3.0061388486191216
right 3.976076710455918
right 7.4744905964315125
right 1.2928814319590227
bad
right 3.9045583097599277
right 6.548041690879887
right -35.40083942592088
right -14.15806663046844
bad
right 4.102508145535774
---------------------------------------
|             Epoch |              45 |
|             EpRet |            -120 |
|         EpRealRet |            -120 |
|         TestEpRet |           -11.2 |
|         AverageQ1 |           -49.8 |
|             StdQ1 |           0.973 |
|             MaxQ1 |           -36.8 |
|             MinQ1 |           -52.3 |
|                Q2 |           -49.8 |
|       TestSuccess |               0 |
| TotalEnvInteracts |        9.24e+06 |
|         TotalTime |        4.02e+03 |
---------------------------------------
right 2.245036276642325
right 5.2862325689114655
right 1.0956662977240033
right 1.6199091772752414
right -7.305708494420237
right -1.982428460529972
bad
right 2.002880036675596
bad
bad
bad
right 5.5387571375517615
bad
right -29.408298982651132
right 3.8223279944651436
bad
right 2.660906360238833
right -102.0116381240436
right -20.100481551224654
right -83.72788870354702
right -6.010452799767037
right -24.61091758092452
right 1.3500410785035832
right -29.01969345325311
bad
right 1.1403340180120836
bad
bad
right 5.119497044254391
bad
right -7.3128067442367986
right 5.720903222392172
right 7.208107692407593
right 7.216517028641494
right -117.58423776567759
right 7.300179100464504
bad
right 1.4970922428600772
right 3.820214784732199
right -68.85604782737451
right 6.569363641996086
right 6.228744206597035
bad
---------------------------------------
|             Epoch |              46 |
|             EpRet |            -113 |
|         EpRealRet |            -113 |
|         TestEpRet |           -16.1 |
|         AverageQ1 |           -49.8 |
|             StdQ1 |           0.965 |
|             MaxQ1 |           -36.2 |
|             MinQ1 |           -52.3 |
|                Q2 |           -49.8 |
|       TestSuccess |               0 |
| TotalEnvInteracts |        9.44e+06 |
|         TotalTime |        4.11e+03 |
---------------------------------------
bad
right 2.0692532798091436
right -105.67850634962626
right -39.927652921555904
bad
right -11.095487730231191
right 5.321895804744112
right -1.7975627963826852
bad
right 5.8486824982519625
right -128.6962798857538
right -34.28512273859552
right -7.880428605774924
bad
bad
right -1.2849354852464057
right -55.67076268341725
right -51.34495952682839
bad
bad
right -12.429470183510997
right 5.1911712753325325
right 5.81995436925893
bad
right 5.607419078561619
right 7.255124731717366
bad
right 5.74236089503989
right 0.6586919448735493
bad
right 5.326556347134054
bad
---------------------------------------
|             Epoch |              47 |
|             EpRet |            -123 |
|         EpRealRet |            -123 |
|         TestEpRet |        -0.00827 |
|         AverageQ1 |           -49.8 |
|             StdQ1 |           0.979 |
|             MaxQ1 |           -36.7 |
|             MinQ1 |           -53.3 |
|                Q2 |           -49.8 |
|       TestSuccess |               0 |
| TotalEnvInteracts |        9.64e+06 |
|         TotalTime |         4.2e+03 |
---------------------------------------
right 1.4287977290963951
right -51.771068089696584
right 4.223859402512421
right -24.268467147568494
right -190.4630420327194
right -87.1141075801736
right 5.897377479249009
bad
bad
right -23.938367330622036
right 0.5980753439953101
right -52.08581382018625
right 5.654267212152966
bad
right -1.4067751137418867
bad
right 7.585871543906876
right 0.8143219496051213
right -4.17938806964376
right 0.27978024204604246
right 4.22637092756442
right 5.615907557081792
right -39.368536632443764
bad
right 3.5106853356397796
bad
bad
right 5.9952815158471555
right -35.123342257056265
right -17.40008575187786
right 5.626617340362517
right 5.344496272455727
right -147.07377295256924
bad
bad
right -4.1131533493622
bad
right 7.7493716135761685
right 4.839705683852685
bad
bad
right 5.86742578712323
bad
right 7.371472808229812
right 0.5916677339699934
---------------------------------------
|             Epoch |              48 |
|             EpRet |            -123 |
|         EpRealRet |            -123 |
|         TestEpRet |           -6.33 |
|         AverageQ1 |           -49.8 |
|             StdQ1 |           0.974 |
|             MaxQ1 |           -36.6 |
|             MinQ1 |             -54 |
|                Q2 |           -49.8 |
|       TestSuccess |               0 |
| TotalEnvInteracts |        9.84e+06 |
|         TotalTime |        4.28e+03 |
---------------------------------------
right -19.914551755552647
right -75.71793810610446
bad
bad
right 5.6870941059921964
right -35.49904848605658
right -38.34809424289239
bad
right -25.050276886482983
right 7.565484649002261
right -5.330976301394923
right -48.95252359889943
right -54.01421242412579
bad
right 3.9585621773671056
bad
right -1.3983185073520907
bad
right -10.575784264893855
right -0.6419033239907979
right -0.5721786555076225
right -60.25204501542336
bad
bad
bad
right -35.34938491997484
right -10.871573636395084
bad
right 4.792301766656423
right -48.15431428559891
bad
right 4.085878744099664
right -117.01564713531313
right -30.657428063413327
bad
bad
bad
right 0.6017692317642336
bad
right 6.552968375814112
bad
---------------------------------------
|             Epoch |              49 |
|             EpRet |            -122 |
|         EpRealRet |            -122 |
|         TestEpRet |           -24.9 |
|         AverageQ1 |           -49.8 |
|             StdQ1 |           0.982 |
|             MaxQ1 |           -37.8 |
|             MinQ1 |           -55.8 |
|                Q2 |           -49.8 |
|       TestSuccess |               0 |
| TotalEnvInteracts |           1e+07 |
|         TotalTime |        4.37e+03 |
---------------------------------------
right 6.001910023336435
right -12.629746653410727
bad
right -113.41458119921263
right -44.6235138898323
bad
bad
bad
bad
right 3.8433394744769886
bad
right 2.329484917065164
bad
right -116.34056665803482
right -50.69423686804295
bad
right -273.8681742525192
right 7.877323135254075
bad
bad
right -9.569767387329986
bad
right 1.426790035473271
right -92.1419222529243
right 5.7461797641508285
right 8.434656688208417
bad
bad
right 3.4278555485907
bad
right 8.81035608558205
right 4.287096500621521
bad
bad
right 5.1448874134814195
bad
---------------------------------------
|             Epoch |              50 |
|             EpRet |            -125 |
|         EpRealRet |            -125 |
|         TestEpRet |           -6.77 |
|         AverageQ1 |           -49.8 |
|             StdQ1 |           0.984 |
|             MaxQ1 |           -35.9 |
|             MinQ1 |           -51.8 |
|                Q2 |           -49.8 |
|       TestSuccess |               0 |
| TotalEnvInteracts |        1.02e+07 |
|         TotalTime |        4.46e+03 |
---------------------------------------
right 1.8987825897745196
right 5.01892238365861
right -115.0205295012104
right -91.87043462124294
right -65.21205295023347
right 7.88153113324603
right -57.976752460508976
right -66.31888040511863
bad
right 3.78829170078966
right -9.01915002028413
bad
right 4.849178468152061
right -0.8405941022539025
right 2.2349525397293943
right -60.30081881259494
bad
right -2.9755397282118423
bad
bad
bad
right 2.090891849416286
right -16.919801108414248
right 1.8916025979217483
right 6.007797107606963
bad
bad
right -2.7325628642945112
right -2.9142134916608917
right 3.9688819270840963
right 4.873729537073554
bad
right 7.428566715852995
right 7.054235839472996
right 6.026172922208355
right 2.3893327195753944
right 7.298686996262614
---------------------------------------
|             Epoch |              51 |
|             EpRet |            -118 |
|         EpRealRet |            -118 |
|         TestEpRet |           -3.51 |
|         AverageQ1 |           -49.8 |
|             StdQ1 |           0.992 |
|             MaxQ1 |           -36.5 |
|             MinQ1 |           -51.7 |
|                Q2 |           -49.8 |
|       TestSuccess |               0 |
| TotalEnvInteracts |        1.04e+07 |
|         TotalTime |        4.55e+03 |
---------------------------------------
right -2.2398056395358985
right 4.320664634210141
bad
bad
bad
right -54.24865511654042
right 3.3403514122804214
right -123.74322804432907
bad
bad
right 4.384140691026481
right -6.486115404617003
bad
right -35.53409133565157
right -8.35301853436387
bad
bad
bad
right -30.97825373561662
right 7.343106013868812
right -126.32527149533391
bad
bad
right -12.133565191158503
right -61.780981367144946
right 1.8641317876417585
right 2.898363461418784
right 2.444462640039296
bad
right 5.671214386792671
right -79.16419303238416
right 2.5390456037033022
right 5.355039660889574
right -24.99288663451331
right 7.584151162469134
bad
right 9.050948424597625
right 5.895478879215982
right -85.20542330971053
right 8.278566074845259
right -14.418854082494668
---------------------------------------
|             Epoch |              52 |
|             EpRet |            -121 |
|         EpRealRet |            -121 |
|         TestEpRet |           -22.5 |
|         AverageQ1 |           -49.8 |
|             StdQ1 |           0.987 |
|             MaxQ1 |           -37.5 |
|             MinQ1 |           -58.3 |
|                Q2 |           -49.8 |
|       TestSuccess |               0 |
| TotalEnvInteracts |        1.06e+07 |
|         TotalTime |        4.64e+03 |
---------------------------------------
right -39.91592993329839
right 7.73475711655492
bad
right 7.134242763299953
right -39.445186739486246
bad
right 1.5295951877559002
right -38.28126507043953
right -1.0244417571380193
bad
bad
right 5.297352373035706
bad
right -15.649869384423084
bad
right 7.89814118535648
right -16.819278969603303
right -64.51946296122688
right -1.8043444787234968
right -35.579720153248424
right -4.103899828656401
bad
right -38.156300615322245
bad
bad
bad
right -7.341014803070408
right -1.3399059354301635
right -102.87052827092899
bad
right -43.731611057275536
right -46.046703755211745
bad
right -9.427029559782408
right 5.8159934812922325
right -54.45583921232506
bad
right 5.5839712719363925
bad
right 3.3419250429860616
right 1.7693286377367734
right -18.478421468795
right 3.5944776186239356
bad
right 8.666915483048982
bad
right 4.72445270557046
right 4.222708668961403
bad
---------------------------------------
|             Epoch |              53 |
|             EpRet |            -122 |
|         EpRealRet |            -122 |
|         TestEpRet |           -8.32 |
|         AverageQ1 |           -49.8 |
|             StdQ1 |           0.996 |
|             MaxQ1 |           -37.7 |
|             MinQ1 |           -53.5 |
|                Q2 |           -49.8 |
|       TestSuccess |               0 |
| TotalEnvInteracts |        1.08e+07 |
|         TotalTime |        4.72e+03 |
---------------------------------------
bad
bad
right -9.524260254547329
right 4.953927903390928
bad
right 2.618958979474998
right 1.8518955040853058
bad
right 5.890764754490949
right -57.620792888560075
right 1.6447981659301867
right 2.114695346696821
right 8.305820565995297
right -83.19411736397703
right -7.661172859802409
right -32.72340171613352
right -33.822193211172795
bad
bad
right 5.8298661184611404
right -8.819795909349097
bad
right -57.66343945200988
right -48.17392367072565
bad
right 1.726928513787433
bad
right -21.111897995772487
right 1.523183039896324
right -172.1495499781097
right 4.156926575796447
right 6.923657015629363
right -27.27203571363279
right 4.827224783394104
bad
right 3.426036190749863
---------------------------------------
|             Epoch |              54 |
|             EpRet |            -120 |
|         EpRealRet |            -120 |
|         TestEpRet |           -30.5 |
|         AverageQ1 |           -49.8 |
|             StdQ1 |            1.01 |
|             MaxQ1 |           -36.8 |
|             MinQ1 |           -53.3 |
|                Q2 |           -49.8 |
|       TestSuccess |               0 |
| TotalEnvInteracts |        1.11e+07 |
|         TotalTime |        4.81e+03 |
---------------------------------------
bad
right -2.790011186378255
right 4.789361182335698
bad
bad
bad
right -23.825488482090158
right -54.547987524556135
right -32.53936674607034
bad
right -196.1600532394795
bad
right -27.747357719281368
right 4.760231070230345
bad
right 6.059621490573598
right -1.068400933655525
right -45.53069095664676
right -16.181479998709463
right -14.332147924802921
right -3.345546767024336
right 5.066262721494292
right 6.23736000988494
right 0.7805178711979455
right 2.566173593923323
right -28.957693203321526
bad
right -0.6594624540457161
bad
right 9.661295595215789
bad
right 2.467659347782936
right 4.970463387883073
bad
right 6.538249632284914
bad
right -1.7616708884717784
right -29.42362772806569
---------------------------------------
|             Epoch |              55 |
|             EpRet |            -121 |
|         EpRealRet |            -121 |
|         TestEpRet |           -6.31 |
|         AverageQ1 |           -49.8 |
|             StdQ1 |            1.01 |
|             MaxQ1 |           -34.2 |
|             MinQ1 |           -56.7 |
|                Q2 |           -49.8 |
|       TestSuccess |               0 |
| TotalEnvInteracts |        1.13e+07 |
|         TotalTime |         4.9e+03 |
---------------------------------------
right -73.55091608965088
bad
bad
right -46.333625001202435
right -47.64561312518832
right -120.46678878799926
right 2.513709180848524
bad
right -41.893453496486856
right -24.579271432810998
bad
right 8.411812790504285
right 2.739089334908398
right -12.888076918169311
bad
bad
bad
bad
right 4.084921834638852
bad
right 6.686236680785491
bad
bad
right -9.627601415792292
right -68.91411647880508
bad
right -0.9528507649729399
bad
right -51.65545566711836
right -4.7853849143839895
right 6.80214742811572
bad
right 4.142175588054252
bad
right 4.743155725389717
right 0.8024521437647518
bad
right 8.156649958714196
bad
right 3.930928876920701
right -57.09781175859432
right 5.875964687444702
right -115.90548691967501
---------------------------------------
|             Epoch |              56 |
|             EpRet |            -120 |
|         EpRealRet |            -120 |
|         TestEpRet |           -16.4 |
|         AverageQ1 |           -49.8 |
|             StdQ1 |               1 |
|             MaxQ1 |           -36.9 |
|             MinQ1 |           -51.3 |
|                Q2 |           -49.8 |
|       TestSuccess |               0 |
| TotalEnvInteracts |        1.15e+07 |
|         TotalTime |        4.99e+03 |
---------------------------------------
bad
right -49.62230207884218
bad
bad
right -42.00386061056035
bad
right 3.3555529854503483
bad
right -25.839034935122818
right -92.78133054590427
right 3.3375969577135765
bad
bad
right -35.44696882044634
right 1.60954050948299
bad
bad
bad
bad
bad
right -108.99152810076015
right 7.193121808263794
bad
right -14.817275181231146
bad
right 6.78918958159828
right 3.9252664334990595
right -15.825039934186481
right 2.364273766371098
right -146.6648326915449
right 1.136969057832033
right 8.00540961377909
bad
bad
right 8.735088072607855
bad
---------------------------------------
|             Epoch |              57 |
|             EpRet |            -119 |
|         EpRealRet |            -119 |
|         TestEpRet |           -27.6 |
|         AverageQ1 |           -49.8 |
|             StdQ1 |            1.02 |
|             MaxQ1 |           -37.9 |
|             MinQ1 |           -51.4 |
|                Q2 |           -49.8 |
|       TestSuccess |               0 |
| TotalEnvInteracts |        1.17e+07 |
|         TotalTime |        5.07e+03 |
---------------------------------------
bad
bad
right -4.002417550408186
bad
right 4.202743107431388
bad
right -2.0950725319748464
right -32.80068780804363
right 4.573214404673084
right 5.270186954633299
bad
right 8.469151621535357
right -30.402465018203316
bad
right -5.72174101312622
bad
right -3.6336990244779273
right 5.4596991048088395
bad
bad
bad
bad
right -48.40155061521344
right 4.485007423466298
right -49.37348905796015
right -50.301440769602685
right -29.55376769457859
right 7.181938970730522
bad
right 7.777961477444615
right -0.005637327100483702
right -86.322216177994
bad
right 5.977906477143918
bad
right 2.442262771169208
right 4.996651453203721
right 4.174959390706463
bad
right 8.453654511331294
right -70.56270010330002
---------------------------------------
|             Epoch |              58 |
|             EpRet |            -117 |
|         EpRealRet |            -117 |
|         TestEpRet |           -31.6 |
|         AverageQ1 |           -49.8 |
|             StdQ1 |            1.02 |
|             MaxQ1 |             -37 |
|             MinQ1 |           -51.7 |
|                Q2 |           -49.8 |
|       TestSuccess |               0 |
| TotalEnvInteracts |        1.19e+07 |
|         TotalTime |        5.16e+03 |
---------------------------------------
bad
right -3.6840726893070936
bad
right 8.453043427903676
right -31.19881719826232
bad
right -17.02354770254125
bad
right 1.6783220854550205
right -125.06785797749285
right -2.9365113395875078
right -22.873988073852814
bad
bad
bad
bad
right -14.233589757308085
bad
right 2.4994575863513937
right -29.402435987542447
right -43.72969943821562
right -53.09008881806712
right 2.240617790088658
right -57.7889539596475
bad
right -40.08199969092619
right 8.932403869978483
bad
right 2.7738010024912096
right 7.542276875932279
bad
bad
right 0.9165247416581224
right 8.594158286999138
bad
bad
right 6.623965088477755
right -112.7280786265713
right 5.161552128617606
bad
---------------------------------------
|             Epoch |              59 |
|             EpRet |            -120 |
|         EpRealRet |            -120 |
|         TestEpRet |           -15.6 |
|         AverageQ1 |           -49.8 |
|             StdQ1 |            1.02 |
|             MaxQ1 |           -36.8 |
|             MinQ1 |           -51.8 |
|                Q2 |           -49.8 |
|       TestSuccess |               0 |
| TotalEnvInteracts |        1.21e+07 |
|         TotalTime |        5.25e+03 |
---------------------------------------
bad
right 0.3259169517988152
bad
bad
right -1.4690647159779342
bad
right 1.7020485315240812
right -49.223076963162924
right -29.24635825707731
right -1.2742111068145245
right 3.4060311687460976
right 1.1408269899349577
right -6.885485529287941
right 7.685015800606113
bad
bad
right 5.837024297189945
right 1.4370756107466178
right 5.497515452748529
bad
right 0.6924384603095319
right -11.508787700099973
right 0.9016129165585269
right -128.70787036883175
bad
right -0.2614652573797258
right -22.743888010618363
right -39.20476193978342
right -35.00684693144885
bad
right -76.38919492022276
right 7.623292376998864
right -0.4980731572255319
right 6.191451222771889
right 6.5309352490658945
right 0.5688906478131095
bad
right -0.12023585614866406
---------------------------------------
|             Epoch |              60 |
|             EpRet |            -113 |
|         EpRealRet |            -113 |
|         TestEpRet |           -14.1 |
|         AverageQ1 |           -49.8 |
|             StdQ1 |            1.02 |
|             MaxQ1 |           -36.8 |
|             MinQ1 |           -56.1 |
|                Q2 |           -49.8 |
|       TestSuccess |               0 |
| TotalEnvInteracts |        1.23e+07 |
|         TotalTime |        5.34e+03 |
---------------------------------------
right -5.1198955975717215
right 6.675802599285993
right -149.4967731589708
right 5.054913310444155
right 3.2779170465589944
bad
right 0.8608953389740073
bad
right 0.7510280585889415
right -79.33742941236126
right 1.7677565341561579
right -76.26257165368747
right -19.787851055298276
right 1.9082301596101203
right -151.97977245514033
bad
bad
right -4.481778368258976
right -111.6905767822077
right -100.09884109554184
right -9.860844325108381
bad
bad
right -8.712833635590467
bad
right -12.75821105271227
right -45.59977036509575
right -26.021732064860792
bad
right 4.230735424415871
bad
right 6.763281318478329
right -50.81578594156394
right 6.619995423197024
bad
right 4.999260890698045
right 5.875347782765746
right -16.461514980071968
right 3.775776683851891
bad
right -0.7118027097391977
right 7.772276792879037
bad
right 5.651055508519865
---------------------------------------
|             Epoch |              61 |
|             EpRet |            -126 |
|         EpRealRet |            -126 |
|         TestEpRet |           -8.18 |
|         AverageQ1 |           -49.8 |
|             StdQ1 |            1.03 |
|             MaxQ1 |           -37.9 |
|             MinQ1 |           -53.4 |
|                Q2 |           -49.8 |
|       TestSuccess |               0 |
| TotalEnvInteracts |        1.25e+07 |
|         TotalTime |        5.42e+03 |
---------------------------------------
right 0.7084184104341826
right -131.73731147562313
right 4.731745073685708
right 0.9314808699650285
right -55.97062978020256
right -30.718640792135794
right -25.107983101606344
bad
right -1.4439807729704945
bad
right 3.0936468231049785
right -1.5499136017630022
right -35.33219176534692
bad
right -2.629299272718825
bad
right -119.13191829695296
right -78.23283313726778
bad
right 5.956808336207105
bad
right -77.25386843099935
right -70.31357592328193
bad
right -2.7196488902580196
bad
right 7.616586190447759
right -33.86010925276628
right 4.717186199262972
right 3.339181687446171
bad
right 7.629437595076043
right -51.298639053026704
right 2.7707155515124278
bad
right 4.30722643044575
right -143.8869929553291
right -22.203699445013598
right 6.667339777978588
right -35.27683396542873
right 8.791870524782592
right 4.452472627867414
bad
bad
right 5.821803424166648
---------------------------------------
|             Epoch |              62 |
|             EpRet |            -124 |
|         EpRealRet |            -124 |
|         TestEpRet |           -27.1 |
|         AverageQ1 |           -49.8 |
|             StdQ1 |            1.03 |
|             MaxQ1 |           -37.3 |
|             MinQ1 |           -51.2 |
|                Q2 |           -49.8 |
|       TestSuccess |               0 |
| TotalEnvInteracts |        1.27e+07 |
|         TotalTime |        5.51e+03 |
---------------------------------------
bad
right -0.3232962909379129
right -9.494855393659552
right 2.8689397308519915
right 6.263093673581249
bad
right 5.014700667221523
right -103.24554880550701
right -181.18825210307597
right -23.710845842038147
right -3.614935307527263
right -8.10074943881224
right 0.6932696138360459
right 0.5811132885857813
bad
right 0.23062511310597955
bad
right -8.078916644318454
right -82.58898731322842
right -4.438463956443524
right 5.139374685493192
right -146.80657621134065
right -34.43317442798623
bad
right 7.04179729665892
bad
right -0.2914802281723219
bad
right -127.3376449284491
bad
bad
right -3.2384419244562537
right -19.067843065735563
right -9.820157840199965
right -32.87291567457216
right -14.844182723704648
right -2.8840447920076606
bad
right -73.36885947444853
right -9.42419318708738
bad
right 4.493932315137203
right -42.37939501511684
right 5.381864761789882
right -13.23526520935918
right 4.6321735581496135
right 2.231644687931148
right -8.96444918547735
right -12.829179825511169
right -69.511130639173
right 7.484908878506975
right 5.726003716245253
right -12.894291653800188
right 6.713005104783576
---------------------------------------
|             Epoch |              63 |
|             EpRet |            -130 |
|         EpRealRet |            -130 |
|         TestEpRet |           -13.9 |
|         AverageQ1 |           -49.8 |
|             StdQ1 |            1.04 |
|             MaxQ1 |           -37.4 |
|             MinQ1 |             -52 |
|                Q2 |           -49.8 |
|       TestSuccess |               0 |
| TotalEnvInteracts |        1.29e+07 |
|         TotalTime |         5.6e+03 |
---------------------------------------
right -43.523051173879956
right -65.2206144403249
bad
bad
right 5.671070221961263
bad
right -17.2880814527735
bad
right -15.057121180595328
bad
right -31.856276317147227
bad
bad
bad
right -63.900070281991205
right -21.448310761203864
right -28.503362448230554
bad
right -76.62953199022394
bad
right 0.9025956466199752
bad
bad
right -0.28789180390396396
right 3.75572038609874
bad
bad
right 5.653463937650226
bad
right 6.760026709500632
bad
right 5.5062706799397585
right -12.82356227995221
right -95.17832681028716
bad
right 2.595406803581013
bad
bad
right 0.7344173473223599
right 5.811844278299409
right -8.669396735179163
right 7.633200825813615
right 3.321513998970574
---------------------------------------
|             Epoch |              64 |
|             EpRet |            -118 |
|         EpRealRet |            -118 |
|         TestEpRet |           -18.5 |
|         AverageQ1 |           -49.8 |
|             StdQ1 |            1.03 |
|             MaxQ1 |           -36.5 |
|             MinQ1 |           -51.7 |
|                Q2 |           -49.8 |
|       TestSuccess |               0 |
| TotalEnvInteracts |        1.31e+07 |
|         TotalTime |        5.68e+03 |
---------------------------------------
right -36.964894030512056
bad
right -54.111592814212926
bad
bad
right 3.0948663430784142
right 5.154890896188947
right -44.04920026593136
right 3.575676682128625
bad
right 3.9026335652740034
bad
right -24.864710482825778
right 1.4907886359796017
bad
right -49.791117810388826
bad
bad
right -0.674506587806329
right -33.899897850217044
bad
bad
bad
right 3.499161171361882
right -0.3610138676575829
bad
right -3.826386754944025
right 4.548317238696228
bad
right 6.309882947737043
bad
right 7.391998336899855
bad
bad
right 8.015275059062809
right -23.336505198545304
right -2.1486623432065315
bad
right 0.6600674956664374
bad
right 5.532022051842093
right -20.808477926915486
right 7.930751175301668
right 7.653063818223064
right -17.75024333638484
bad
right 5.83630359658832
---------------------------------------
|             Epoch |              65 |
|             EpRet |            -115 |
|         EpRealRet |            -115 |
|         TestEpRet |           -12.3 |
|         AverageQ1 |           -49.8 |
|             StdQ1 |            1.04 |
|             MaxQ1 |           -37.3 |
|             MinQ1 |           -55.2 |
|                Q2 |           -49.8 |
|       TestSuccess |               0 |
| TotalEnvInteracts |        1.33e+07 |
|         TotalTime |        5.77e+03 |
---------------------------------------
right 2.877199717101875
right 3.4550849835089306
bad
right -33.23811686446032
right 2.504585321347311
right -125.17448688939936
right -94.74071987712634
bad
bad
right 0.8379015494557933
bad
right 2.7872736543707024
right -17.673618772432135
right 5.1099458317506254
right -140.17662198267448
right 2.2949747820007502
right -8.887494669100697
right 6.248774842212699
right 6.082787063367753
right 5.135893160341615
right -3.7994700162500905
bad
right 3.6525462238303605
right -75.17427410140732
right -32.23215125887449
bad
bad
bad
right 2.65875447454738
right -237.64064186983387
bad
right -63.614850735833
right -1.5149733248862596
right 4.012181729209803
right -92.80891037239948
right 1.842667422937824
bad
right 5.235314852665791
right 5.417685065949357
right 4.572091680268574
right -37.652718019558094
right 6.047380391190675
right -97.72948751626762
right 3.845136407910992
right -6.975861358293482
---------------------------------------
|             Epoch |              66 |
|             EpRet |            -124 |
|         EpRealRet |            -124 |
|         TestEpRet |           -27.7 |
|         AverageQ1 |           -49.8 |
|             StdQ1 |            1.05 |
|             MaxQ1 |           -36.8 |
|             MinQ1 |           -51.6 |
|                Q2 |           -49.8 |
|       TestSuccess |               0 |
| TotalEnvInteracts |        1.35e+07 |
|         TotalTime |        5.86e+03 |
---------------------------------------
right 0.07910738691465191
right -3.5275398961086104
right -57.63909267565653
right -7.98582035864699
right 4.866799565523535
bad
bad
bad
right 5.932420458257153
right -8.643867060380984
right -60.48962675003679
right -4.166860807933295
bad
right -2.830809175691032
right -10.401120409160466
bad
right 2.084102391244813
right -95.93950277439106
right 5.3168186060921405
right 3.2564321223625816
right 3.5780117248206844
bad
right -26.83283497945147
bad
right 4.749018980928038
right 5.544603436987164
bad
right 6.220661328766436
right -117.89828552804352
right -44.40209644793605
bad
right -39.139382749890984
right -2.961909434196956
bad
bad
bad
---------------------------------------
|             Epoch |              67 |
|             EpRet |            -114 |
|         EpRealRet |            -114 |
|         TestEpRet |             -35 |
|         AverageQ1 |           -49.8 |
|             StdQ1 |            1.05 |
|             MaxQ1 |           -37.2 |
|             MinQ1 |           -51.5 |
|                Q2 |           -49.8 |
|       TestSuccess |               0 |
| TotalEnvInteracts |        1.37e+07 |
|         TotalTime |        5.94e+03 |
---------------------------------------
right -3.448603425380213
right -21.58534918193229
right -0.7907619574592122
right -24.859086062555434
right 6.000301204595219
bad
right 4.674342340197539
right 5.948175481742638
bad
bad
right -55.35807937619464
bad
right -29.003450627273942
bad
right 4.26832652065681
right -108.21140525256602
bad
right 2.256464177241022
right -38.43169268019332
right -46.55197764958232
right 6.6520831209423985
right -44.163832412604435
right -1.7913803419492211
right -82.04006010369709
right 7.635457589553915
right -32.23352369263067
right -166.6752155549381
right 6.742383235086833
right -85.71904558350616
right 6.963469630099819
right 8.776048082450359
right 5.922369475922055
bad
right 6.772132558576291
right 9.118940115816734
right -66.62350425694132
right 4.298612698898232
right -8.956373309843386
right 6.481463898200788
right -18.401609641403958
right 2.7673209391039277
right -22.593874838612514
right 5.351591225976915
---------------------------------------
|             Epoch |              68 |
|             EpRet |            -124 |
|         EpRealRet |            -124 |
|         TestEpRet |           -12.9 |
|         AverageQ1 |           -49.8 |
|             StdQ1 |            1.06 |
|             MaxQ1 |           -37.6 |
|             MinQ1 |           -52.4 |
|                Q2 |           -49.8 |
|       TestSuccess |               0 |
| TotalEnvInteracts |        1.39e+07 |
|         TotalTime |        6.03e+03 |
---------------------------------------
right 2.376177898370834
right 4.547291543105828
right 3.212290750293123
right -0.3592826194187744
right -4.864079952229805
right -79.92002903406167
bad
bad
right -184.10069235778553
right -1.1115786951898095
right 5.376895888470196
right -142.65015745773252
bad
bad
right -80.74539792461918
right -77.98376591914801
bad
right 1.4907878004115531
bad
right 1.1082871395093576
right -39.45796669123729
right 1.3880216906962044
right -16.566110732455513
right -0.20355636800007737
bad
bad
right -3.542794926448389
right 5.046168396868156
bad
bad
right 0.5651396919012317
right -65.17310065604265
right 5.130326004751261
bad
right -3.8688064789481302
right 4.603131221556263
right 6.924239076402305
right -9.560099065444916
right -177.71651160375978
right 5.528023993721365
bad
right 5.840436914377972
right -1.7352863755453498
very well
bad
right 6.359296697397127
---------------------------------------
|             Epoch |              69 |
|             EpRet |            -121 |
|         EpRealRet |            -121 |
|         TestEpRet |             -34 |
|         AverageQ1 |           -49.8 |
|             StdQ1 |            1.06 |
|             MaxQ1 |           -37.5 |
|             MinQ1 |           -52.1 |
|                Q2 |           -49.8 |
|       TestSuccess |             0.1 |
| TotalEnvInteracts |        1.41e+07 |
|         TotalTime |        6.12e+03 |
---------------------------------------
right -19.62395649743369
bad
right -40.59598808632059
right 1.9792693917352917
right -17.50989971633011
right 0.8555274914889246
bad
right -30.513228999948055
bad
bad
right 4.908537670240608
bad
bad
right -25.845656442955075
right -41.97151130200088
bad
right 4.694538680447544
bad
right -5.4377647475354856
right 0.9090133712552735
right 4.6690769968522785
right -333.91244256172183
bad
right -50.73699696450916
right 8.13613107319433
bad
right 9.014439635645825
right -20.13409348379135
right 1.2389905826969514
bad
right 1.2537396859726329
right 4.242137148300492
right -27.356174723790915
right -2.318938321122758
right -49.27306697597152
bad
right 7.766655444931671
bad
right 0.6092595798665954
bad
right 1.87458638562161
right 1.090717561744139
right -8.654375169043604
bad
right 5.624333628290296
bad
---------------------------------------
|             Epoch |              70 |
|             EpRet |            -122 |
|         EpRealRet |            -122 |
|         TestEpRet |           -8.69 |
|         AverageQ1 |           -49.8 |
|             StdQ1 |            1.06 |
|             MaxQ1 |           -37.7 |
|             MinQ1 |           -51.6 |
|                Q2 |           -49.8 |
|       TestSuccess |               0 |
| TotalEnvInteracts |        1.43e+07 |
|         TotalTime |         6.2e+03 |
---------------------------------------
bad
bad
bad
right 3.4517892280322515
right -10.857700526337538
right 0.4479475983600114
right 4.75017993003271
right 2.3313456799028316
bad
right -62.43478369314984
right 5.05752574034137
bad
right 2.2152416159481874
bad
right -53.0198911683343
right 8.272933178672666
bad
right 0.4135680897384937
right -30.119371131596033
bad
bad
bad
bad
right 1.995059968812706
bad
right 5.757897258452139
bad
right 3.058218280637824
right 6.671403106629743
bad
right 3.241521879840948
right 7.472387559262865
right 6.640658374068762
right -144.66986362092774
right 0.055103865674695385
bad
right 7.568383130433123
right 6.496505832319821
right 4.250096822328457
bad
right -66.08799137543996
right 5.371948864155184
bad
right 7.358524313105726
right -40.31751423823964
---------------------------------------
|             Epoch |              71 |
|             EpRet |            -114 |
|         EpRealRet |            -114 |
|         TestEpRet |           -26.1 |
|         AverageQ1 |           -49.8 |
|             StdQ1 |            1.09 |
|             MaxQ1 |           -37.6 |
|             MinQ1 |             -58 |
|                Q2 |           -49.8 |
|       TestSuccess |               0 |
| TotalEnvInteracts |        1.45e+07 |
|         TotalTime |        6.29e+03 |
---------------------------------------
right 1.0146784621869163
right -5.730650307145094
right -32.29065191190087
bad
right 2.464156338824697
right 0.2360082437620079
right -119.82605847357505
right -20.241442956876373
bad
bad
bad
right -206.25610927474588
right 6.149858617000773
right -100.23713738296819
right -54.38274155252034
right -84.93204120576543
bad
right -63.19012329769582
bad
right -49.555237601147766
right -45.42601793833775
bad
right -8.335397467709559
right -15.046414256881555
right -76.18081411842599
right -13.796012078064571
right 3.0236968981936565
bad
right -226.09117269916484
right 2.241216295356553
bad
right -38.99855508602283
bad
right 5.255882118116769
right -68.20338110517496
right 4.965223775155046
bad
bad
right 4.243625890786825
right 4.360370485472135
right -65.4437440621568
bad
right 4.757403988047226
right 3.575095452716692
bad
right 7.0640318121312164
---------------------------------------
|             Epoch |              72 |
|             EpRet |            -135 |
|         EpRealRet |            -135 |
|         TestEpRet |           -18.5 |
|         AverageQ1 |           -49.8 |
|             StdQ1 |            1.09 |
|             MaxQ1 |             -37 |
|             MinQ1 |           -54.3 |
|                Q2 |           -49.8 |
|       TestSuccess |               0 |
| TotalEnvInteracts |        1.47e+07 |
|         TotalTime |        6.38e+03 |
---------------------------------------
right -11.880026002136248
right 1.3324072223490298
bad
right -1.5211158397513778
right -14.448315211799763
bad
right -0.6522302178221846
bad
bad
right -28.84301236724464
bad
right -4.703468452209574
right 6.769004348137608
right -93.64701815908327
right -17.97565569039628
right -8.262332721094374
bad
right -39.78395844756949
right -10.219193463914866
right -165.53908645571042
bad
right -6.173438700489168
bad
right -36.12731694289632
right -93.23039131055303
right -0.07332072377126586
bad
right -15.02454590029318
right -0.04163415921220981
bad
right -36.17090971808075
right 6.829515661096853
bad
right 2.876140808851291
bad
bad
right 6.641603148366853
right -23.991725991559235
right -19.973758104006826
right 6.034928102943301
right -34.373224969693595
right 6.512572659914758
bad
right 5.4300022697591395
right -129.02945394024795
right 3.6913855958574775
bad
right -59.554576003209235
right 7.186039516998742
bad
right 5.674152615153463
right 2.451574516661834
---------------------------------------
|             Epoch |              73 |
|             EpRet |            -120 |
|         EpRealRet |            -120 |
|         TestEpRet |           -36.3 |
|         AverageQ1 |           -49.8 |
|             StdQ1 |            1.08 |
|             MaxQ1 |           -37.6 |
|             MinQ1 |           -52.1 |
|                Q2 |           -49.8 |
|       TestSuccess |               0 |
| TotalEnvInteracts |        1.49e+07 |
|         TotalTime |        6.47e+03 |
---------------------------------------
right -87.8433056823318
bad
right 2.441927074850253
right -60.34419421408347
bad
bad
right -3.8202732035256144
right -80.92500419112508
right 7.066956702191236
right -147.3701792711714
right 5.202612566625762
right -5.385330198186384
right -37.10049646500156
bad
bad
right -3.6627341476176554
right 1.021954352263835
bad
right -44.34156859096503
right -1.1137148083128263
right 4.911577167027163
right 6.737237806433319
right 0.12299095969647666
bad
bad
right 7.402636067992287
right -26.618909303086667
right -95.33405492461469
right -3.259014196852352
bad
right 5.674455032651491
right 3.7248772445483507
bad
right 0.30718147187623757
right 4.858019834805668
right 5.886849680360616
bad
bad
bad
right 6.1723426653665685
right -10.492550777897591
right -155.99828548099305
right -27.497441029109616
right 0.6825197328831205
right 7.085156708150359
right 8.689247829579822
bad
right 5.706640873849074
right -236.86478329705716
right 8.730914903696766
right 4.701197233530236
bad
right -12.163232080013977
---------------------------------------
|             Epoch |              74 |
|             EpRet |            -121 |
|         EpRealRet |            -121 |
|         TestEpRet |           -51.6 |
|         AverageQ1 |           -49.8 |
|             StdQ1 |            1.08 |
|             MaxQ1 |           -37.1 |
|             MinQ1 |           -52.5 |
|                Q2 |           -49.8 |
|       TestSuccess |               0 |
| TotalEnvInteracts |        1.51e+07 |
|         TotalTime |        6.55e+03 |
---------------------------------------
right -53.72361934551912
bad
bad
bad
right -20.26871723633036
right -25.28501461597181
right -34.24890548236051
bad
right 1.8343130842694926
right -24.35471574024313
bad
right 0.566663243995496
right -34.47504167955353
bad
right 6.654941498740748
right -84.1168884548094
right -51.987271697418336
bad
bad
right 5.888680424578516
bad
right 7.7052781273609545
right -13.742398304003366
bad
right 5.1004776844205
bad
right 7.011422805911326
bad
right 4.124145688425532
right 4.393720160999651
bad
right 6.697317987945226
right 5.423930989301182
right -107.67115435821219
right -4.4509395908490745
---------------------------------------
|             Epoch |              75 |
|             EpRet |            -121 |
|         EpRealRet |            -121 |
|         TestEpRet |           -12.5 |
|         AverageQ1 |           -49.8 |
|             StdQ1 |            1.09 |
|             MaxQ1 |           -37.6 |
|             MinQ1 |           -52.5 |
|                Q2 |           -49.8 |
|       TestSuccess |               0 |
| TotalEnvInteracts |        1.53e+07 |
|         TotalTime |        6.64e+03 |
---------------------------------------
right -116.20200970781175
bad
bad
right 7.970234724985431
bad
right -4.583729539144413
bad
right 4.709901487889828
bad
right -355.2655882996532
right 2.5787146920451853
bad
right -1.6569659758225015
right -35.589794744079725
right -2.8526170786355536
bad
right -60.22792633621883
bad
bad
right 2.494912441458541
right -0.7207168934283033
bad
right 8.668996509880117
right -86.85614404395275
bad
right -49.76981194248011
bad
bad
right -4.3927468133066405
bad
right -28.658086227354687
bad
right 8.041243354550879
right -30.692737108906208
right -26.848800908288084
bad
bad
right 8.46840702508519
right 6.298207997409565
bad
right 5.49489823296605
right 7.303028918122106
bad
right 4.321812616121544
bad
right 8.701504946480375
---------------------------------------
|             Epoch |              76 |
|             EpRet |            -127 |
|         EpRealRet |            -127 |
|         TestEpRet |           -2.85 |
|         AverageQ1 |           -49.8 |
|             StdQ1 |             1.1 |
|             MaxQ1 |           -37.2 |
|             MinQ1 |           -54.8 |
|                Q2 |           -49.8 |
|       TestSuccess |               0 |
| TotalEnvInteracts |        1.55e+07 |
|         TotalTime |        6.72e+03 |
---------------------------------------
bad
right -49.75259628571284
bad
right 7.584201925554871
right -11.369468963446451
right -8.940717338445218
bad
right -140.97681267669464
right -81.993710324983
right -1.5122104348640324
bad
right 3.286734259971178
bad
right -6.162177519955364
right 2.775292033849121
right -42.30932439935614
bad
bad
bad
bad
right -18.339705571777323
bad
right 1.6853410289265138
bad
right 0.34779233449160074
right -8.565253583711463
right 3.7372349276971644
bad
right -267.7149520318874
right 7.312359012844716
bad
right 6.677862329253067
bad
right -2.5543267477143434
right -84.91025267237818
right 7.887364978443129
right -154.5203049888956
right 6.046607492565535
right -146.49136861944694
right -212.27438154212797
right 4.014270165480238
bad
right 4.882859631898543
bad
right 1.1688868901355
right 6.81639601872865
right 5.201089642763189
right 4.074481868714734
right -24.212015280970782
---------------------------------------
|             Epoch |              77 |
|             EpRet |            -124 |
|         EpRealRet |            -124 |
|         TestEpRet |           -62.4 |
|         AverageQ1 |           -49.8 |
|             StdQ1 |             1.1 |
|             MaxQ1 |           -36.2 |
|             MinQ1 |           -53.3 |
|                Q2 |           -49.8 |
|       TestSuccess |               0 |
| TotalEnvInteracts |        1.57e+07 |
|         TotalTime |        6.81e+03 |
---------------------------------------
bad
