[36;1mSaving config:
[0m
{
    "args":	null,
    "env":	null,
    "exp_name":	"HER_mpi1_random_TD3Torch_PandaReach-v2",
    "logger":	null,
    "logger_kwargs":	{
        "exp_name":	"HER_mpi1_random_TD3Torch_PandaReach-v2",
        "output_dir":	"HER_DRLib_Torch_exps/2023-02-21_HER_mpi1_random_TD3Torch_PandaReach-v2/2023-02-21_09-39-47-HER_mpi1_random_TD3Torch_PandaReach-v2_s300"
    },
    "net":	null
}
bad
right 1.547114226200172
right 0.44907785740630857
right 6.4225968352282266
bad
right 4.855984759377764
bad
right 5.303069700043663
right 4.0562383164262705
right 5.029045146420173
right 5.686444302940251
right 6.202379180167519
right 2.6584332332428904
right 6.154444436932893
right 7.821060310176595
bad
right 5.890772313875827
right 5.105920368036431
right 4.638526635778248
right 6.284302501080138
right 7.1979507559958
right 5.366529408115887
right 5.387722387999745
right 6.13616357007666
right 6.068224411640831
right 7.752970016716942
right 5.9762021260943134
bad
right 3.3960965669268415
right 9.161486711761619
right 5.912383811804812
right 0.6228170666619324
right 5.2657318077361674
right 6.295574743768153
right 6.780219405033967
right 5.664063701827388
bad
right 4.405460857644673
right 4.999439047060406
right 2.579697914719098
right 6.465041767688039
bad
---------------------------------------
|             Epoch |               0 |
|             EpRet |            -113 |
|         EpRealRet |            -113 |
|         TestEpRet |           -17.3 |
|         AverageQ1 |           -41.3 |
|             StdQ1 |            12.1 |
|             MaxQ1 |         -0.0898 |
|             MinQ1 |           -68.9 |
|                Q2 |           -41.3 |
|       TestSuccess |               0 |
| TotalEnvInteracts |        1.97e+05 |
|         TotalTime |            86.6 |
---------------------------------------
right 4.586699773472112
right 6.063002566707569
bad
right 2.102009329160696
bad
right 5.530774033465239
right 6.039141798537702
right 5.04663666048831
right 5.690509867910906
bad
bad
right 3.7071778035337317
right 4.918626124002186
right 6.1142708267235415
right 4.182372209417836
right 6.327768173147321
right 6.938109296588344
right 6.827402636125461
right 3.7141865513401893
right 5.575835374518093
right 5.9977860338433615
bad
right 5.273088823911416
bad
bad
right 3.976096347414389
right 5.761482318121109
right 7.05339550363745
right 3.3950108424496763
right 3.3727338334754577
---------------------------------------
|             Epoch |               1 |
|             EpRet |            -108 |
|         EpRealRet |            -108 |
|         TestEpRet |               0 |
|         AverageQ1 |           -45.8 |
|             StdQ1 |            6.95 |
|             MaxQ1 |            2.07 |
|             MinQ1 |           -65.3 |
|                Q2 |           -45.8 |
|       TestSuccess |               0 |
| TotalEnvInteracts |        3.98e+05 |
|         TotalTime |             175 |
---------------------------------------
right 4.497528995442525
right 9.15907868631983
right 2.280982427444995
right 7.001593246142985
right 5.762240412621781
right 6.391231059661093
right 6.500286990669026
right 5.793904423970749
right 4.98947783694792
right 5.103968259427348
right 8.206332291593775
right 6.892070355219192
bad
right 6.813790835439837
right 5.5554577166601735
right 5.249771574211368
right 8.352528049291962
right 5.349704357950801
right 6.639475746143746
right 6.302752265635691
right 5.172282286397742
right 6.519113829445599
bad
right 5.645841963923345
---------------------------------------
|             Epoch |               2 |
|             EpRet |            -109 |
|         EpRealRet |            -109 |
|         TestEpRet |           -5.01 |
|         AverageQ1 |           -45.6 |
|             StdQ1 |            7.77 |
|             MaxQ1 |             2.4 |
|             MinQ1 |             -69 |
|                Q2 |           -45.6 |
|       TestSuccess |               0 |
| TotalEnvInteracts |        5.99e+05 |
|         TotalTime |             263 |
---------------------------------------
right 5.69982813414336
right 6.102318559297579
right 5.05803083448215
right 1.5039588211601824
right 4.935320606096374
right 6.492166316324971
right 4.743408906160035
right 5.625995438234222
bad
right 4.24092476331721
right 6.05959171202953
right 6.384954996016669
right 5.828283561990865
right 5.257247450035051
right 4.904136248469189
right 3.883485563354493
right 7.5546563105837965
right 2.1859626086708612
right 5.306158972880716
right 3.7378972094666265
right 5.689328583136417
right 4.220029610290439
right 3.974750556189689
right 4.908848508412092
right 1.9944019755153697
right 5.919102747096503
right 7.049158114385611
right 7.677284029532799
right 4.5996036221861525
bad
right 4.939886732799615
right 5.108911305804807
right 5.239224819572801
bad
right 4.636274319231939
right 6.933035830962519
right 4.662820406190059
right 6.626916316398253
right 6.044893666097497
right 4.168025792680896
bad
right 6.747247402042758
---------------------------------------
|             Epoch |               3 |
|             EpRet |            -105 |
|         EpRealRet |            -105 |
|         TestEpRet |           -4.06 |
|         AverageQ1 |           -47.9 |
|             StdQ1 |             4.8 |
|             MaxQ1 |            1.43 |
|             MinQ1 |           -61.6 |
|                Q2 |           -47.9 |
|       TestSuccess |               0 |
| TotalEnvInteracts |           8e+05 |
|         TotalTime |             348 |
---------------------------------------
right 3.3888010981685612
right 3.8798511649997227
right 5.262204780761527
right 5.1623181835796705
right 3.3266906462987915
right 6.604689393746822
right 5.974106009471635
right 2.110069161450454
right 4.327282496906801
bad
right 4.109094605767389
bad
right 3.329335140393793
right 3.9201128862965042
bad
bad
right -3.003020946405057
right 4.598398809360456
right 5.2469050592063
bad
right 7.2949074720523015
right 3.5052514503260195
right 5.542864219686206
right 5.080903635989953
right 5.246765769766329
right 6.160203745030009
right 2.5233300371543113
right 2.753051755556589
right 6.192842704183228
right 6.531837305728507
right 5.83187480276354
right 4.211307674253498
right 5.549897671443573
right 5.4701828611156635
right 4.397780660793606
bad
right 6.065272302491501
right 3.9462870037548603
right 5.505006667064812
right 4.996295275987244
right 3.327747815495899
bad
right 5.8541176506998385
right 5.152981463870047
right 6.80811966105636
---------------------------------------
|             Epoch |               4 |
|             EpRet |            -116 |
|         EpRealRet |            -116 |
|         TestEpRet |           0.128 |
|         AverageQ1 |           -48.2 |
|             StdQ1 |            4.14 |
|             MaxQ1 |            2.14 |
|             MinQ1 |           -78.4 |
|                Q2 |           -48.2 |
|       TestSuccess |               0 |
| TotalEnvInteracts |           1e+06 |
|         TotalTime |             436 |
---------------------------------------
right 5.767559176893003
right 6.528482158278344
right 6.554032944405295
bad
right 3.54625922061215
right 8.609798782113575
right 6.2817798289796425
bad
right 5.979157122615563
right 6.828568974794089
right 6.3988433633195445
bad
right 4.41120250343246
right 4.393558512290166
bad
right 3.2073916188348415
right 5.558769270310501
bad
right 4.761078176290265
right 5.899994665710681
bad
right -3.0542713801502224
right 4.631061310382099
right 5.267479823117326
bad
right 6.1214436625899635
right 5.712818077099127
right 4.742394101810228
bad
right 4.492083144468238
right 3.610715622668364
bad
right 1.7678124495989387
right 3.885264890555539
right 5.024567176659135
right 5.791253810967234
right 4.744029812830295
right 6.15444170442567
right 2.412082048768637
right 5.7808831637677836
right 3.7911351236975452
right 5.412267376529914
right 5.711357819756213
right 6.7138383823199295
right 4.957687058297173
right 0.37253862740459986
bad
right -0.28355718680557906
right 5.507537229148149
right 3.35202647295191
right 5.91690145951416
---------------------------------------
|             Epoch |               5 |
|             EpRet |            -109 |
|         EpRealRet |            -109 |
|         TestEpRet |           -13.4 |
|         AverageQ1 |           -48.3 |
|             StdQ1 |            3.85 |
|             MaxQ1 |            2.77 |
|             MinQ1 |           -62.2 |
|                Q2 |           -48.3 |
|       TestSuccess |               0 |
| TotalEnvInteracts |         1.2e+06 |
|         TotalTime |             522 |
---------------------------------------
right 5.506440779906263
right 2.0276122644383987
right 5.978859310332943
right 4.59380506506807
bad
right 5.524925309911087
bad
right 5.399309242976172
right 4.860487909030731
right 4.879285454388963
right 3.4613197527930373
right 6.569259177677746
right 5.321558300212644
right 3.1611996321538127
right 6.266059979710912
right 7.625620030368027
right 4.308718199731181
right 3.3020593028451897
bad
bad
right 6.574193165283092
right 4.720975634171241
right 5.6588633150688725
bad
right 5.683141633082946
bad
right 5.570934123211974
right 3.4798575428168474
right 2.445787598098489
right 6.631815392279507
right 2.300087744476559
right 6.265290215730365
right 4.306722638789562
right 6.959461745826441
bad
right 3.7794089602204695
right 3.760864512002806
bad
right 5.6667192271866655
right 4.962142736033828
right 3.7150361609812155
right 8.56863603496845
right 3.610765971304682
right 6.101507589466063
right 6.788276296170709
right 6.7171003515672165
right 4.9767458864019245
right 5.665096271258872
right 5.1869857456488315
right 6.917951926080562
---------------------------------------
|             Epoch |               6 |
|             EpRet |            -108 |
|         EpRealRet |            -108 |
|         TestEpRet |           -1.33 |
|         AverageQ1 |           -48.1 |
|             StdQ1 |            4.25 |
|             MaxQ1 |            1.73 |
|             MinQ1 |           -62.2 |
|                Q2 |           -48.1 |
|       TestSuccess |               0 |
| TotalEnvInteracts |         1.4e+06 |
|         TotalTime |             608 |
---------------------------------------
right 4.671439358198403
right 6.005379710892744
right 6.8156037913110685
bad
bad
right 2.8411921217318623
bad
right 8.099899790970328
right 5.66456303417623
bad
right 5.202991090524256
bad
right 1.924100922092693
right 6.600254376100252
right 4.782122919367387
right 3.3391090675695514
right 5.125561799754955
right 5.280570842556526
right 5.476837847084137
right 4.817178530885079
right 7.551962009408945
bad
right 4.977779867201195
right 4.891372980076753
right 6.112239494885101
right 4.245002292681857
right 7.636244735763297
right 5.914804037457723
right 5.96691039246463
right 2.3120424566922075
bad
right 1.5289914164427394
right 5.796661197943759
bad
right 5.51741979878145
right 4.3343243116240195
right 4.027115285313386
right 2.9911941135288203
right 6.314196842952644
bad
right 4.668412095357944
right 5.617287016363291
---------------------------------------
|             Epoch |               7 |
|             EpRet |            -109 |
|         EpRealRet |            -109 |
|         TestEpRet |           -9.41 |
|         AverageQ1 |           -47.8 |
|             StdQ1 |            4.45 |
|             MaxQ1 |            2.48 |
|             MinQ1 |           -72.5 |
|                Q2 |           -47.8 |
|       TestSuccess |               0 |
| TotalEnvInteracts |         1.6e+06 |
|         TotalTime |             696 |
---------------------------------------
right 5.785909100521575
right 6.255283697721823
right 3.5748154803944585
right 2.492968157742129
bad
right 4.675261969114629
right 7.657487296220346
right 5.331110371532474
right 5.988590854382406
right 6.176468624857676
bad
bad
right 1.8009086265217995
right 3.6195307773434493
right 2.6700745522697495
right 4.954266122375948
right 6.515258423189783
bad
right 7.302965465092762
right 3.359387923867061
right 7.482607360153017
bad
right 5.7921155783060305
right 4.084097712887445
right 6.168795377682205
right 4.800631544196609
right 4.690583738076649
right 4.462475642353452
bad
right 3.6852091784253513
bad
right 2.196502054967117
right 2.0784332965307675
right 4.3767645515279785
right 4.84264068056569
right 1.3688678484976453
right 3.8935796808419356
right 5.933116299240121
---------------------------------------
|             Epoch |               8 |
|             EpRet |            -111 |
|         EpRealRet |            -111 |
|         TestEpRet |           -12.5 |
|         AverageQ1 |           -47.6 |
|             StdQ1 |            4.95 |
|             MaxQ1 |            2.33 |
|             MinQ1 |           -63.8 |
|                Q2 |           -47.6 |
|       TestSuccess |               0 |
| TotalEnvInteracts |         1.8e+06 |
|         TotalTime |             783 |
---------------------------------------
right 8.33680428229538
right 8.983640804267708
right 7.893322159439088
right 4.3979571874778856
right 8.335460508151698
right 4.466845576431294
right 4.024203236135966
right 5.190898778880931
right 4.817158582055601
right 7.505596802311989
right 3.4303185266467757
right 6.33752627035856
bad
right 4.39200009089037
right 2.690979874212678
right 7.640002775139955
right 3.6801591343490863
bad
right 5.101436821076373
right 2.0461807455274696
right 4.51965722064838
right 6.133106653485166
right 3.35475585956401
right 2.028029498853863
right 5.807050852957422
bad
right 5.422228308923498
right 1.0769430780714941
right -1.0440360546488137
right 3.066611012192542
right 3.9206346520924784
right 2.8681945938633824
right 5.164628069038495
bad
right 2.429093058231407
right 2.861053228121131
right 6.052844692905177
right 3.945937939267562
right 4.0729548830741145
right 5.826163059041061
right 5.798970576294875
right 4.549942571686936
right 5.364924661707505
right 3.077429810912827
right 7.569518091087568
right 6.9102392894514795
right 4.72167568983479
right 5.517082642130634
---------------------------------------
|             Epoch |               9 |
|             EpRet |            -110 |
|         EpRealRet |            -110 |
|         TestEpRet |           -6.77 |
|         AverageQ1 |           -47.8 |
|             StdQ1 |            4.62 |
|             MaxQ1 |            3.04 |
|             MinQ1 |           -58.4 |
|                Q2 |           -47.8 |
|       TestSuccess |               0 |
| TotalEnvInteracts |        2.01e+06 |
|         TotalTime |             869 |
---------------------------------------
right 7.993319231446414
right 6.858151444229261
bad
right 3.2910010789234114
right 5.234554020320568
bad
right 2.1186239726598055
right 0.8565191348222587
right 3.9519608629494023
right 5.2845225472168185
right 3.634572124050762
right 3.6149189432337883
right 5.30550500713313
right 2.447622948837191
right 7.200873382047622
right 4.750790749903416
right 6.654917806160324
right 4.477092007075752
right 4.64716523981051
right 3.879525966457292
right 6.0077065290678
right 4.949455530821426
right 4.873365890926378
right 7.380318497157097
right 5.054836790957387
right 5.527480268272711
bad
right 6.498022544035341
right 7.602111144439087
right 5.800137035159128
right 3.0754255190958517
right 2.366916855194722
right 6.313931876545393
right 4.51398788801994
right 4.655806571257233
right 6.1700838979685635
right 4.877444172505276
right 3.583340708872642
bad
right 2.0920588145535577
right 4.6847003787372286
right 5.860481497003588
right 4.8453098874558105
right 2.474759775521841
right 6.1540655725250915
bad
right 5.576778982984987
right 5.478842579974729
right 4.9301005839456105
right 6.255182226282348
right 5.217913321299489
right 4.788202652895426
right 5.4083754228781125
right 5.565670547911682
---------------------------------------
|             Epoch |              10 |
|             EpRet |            -111 |
|         EpRealRet |            -111 |
|         TestEpRet |           -1.69 |
|         AverageQ1 |             -48 |
|             StdQ1 |            4.26 |
|             MaxQ1 |            2.47 |
|             MinQ1 |           -60.1 |
|                Q2 |             -48 |
|       TestSuccess |               0 |
| TotalEnvInteracts |        2.21e+06 |
|         TotalTime |             955 |
---------------------------------------
right 3.8963707615219088
right 4.479578546344164
right 3.1394524740638152
right 4.8900295479694265
right 4.338600159531115
bad
right 4.852521288254405
right 4.248393577781036
right 4.215231445236337
right 4.3930167101717
right 6.711866288746251
right 5.588164486628743
right 6.12792496589957
right 4.467389269714186
right 4.000196693547911
right 5.1192534318216865
right 6.168475470421243
right 5.636569012022803
right 7.412287945950574
right 6.282970034291001
right 4.872752181793688
right 6.2518094338983765
right 4.298337465113731
right 7.130290981813897
right 2.079924003432277
right 4.756426045268607
bad
right 5.715776685480476
right 4.475870425412509
right 3.774744075830725
right 5.608047592577931
right 5.418882911313014
right 4.348900207006827
right 5.33584717303816
bad
right 6.570365265433491
bad
right 4.222141014799471
right 5.1006017205304515
right 4.599613591224471
right 5.069838779805745
right 7.016849493992929
right 4.577614485760754
bad
bad
right 3.289196654166247
right 6.779776024094955
right 5.55757543516804
---------------------------------------
|             Epoch |              11 |
|             EpRet |            -113 |
|         EpRealRet |            -113 |
|         TestEpRet |           -9.71 |
|         AverageQ1 |           -48.2 |
|             StdQ1 |            3.71 |
|             MaxQ1 |             3.2 |
|             MinQ1 |           -64.7 |
|                Q2 |           -48.2 |
|       TestSuccess |               0 |
| TotalEnvInteracts |        2.41e+06 |
|         TotalTime |        1.04e+03 |
---------------------------------------
right 3.8014028505306854
right 4.88671846855479
right 6.053122395290895
right 5.489174328082167
right 6.730317354090791
right 4.7326808635972135
right 5.808671149698905
right 5.852345673673337
bad
right 3.983895404332017
right 6.221819558808384
right 3.695166073760964
right 5.609570458036122
bad
right 3.640404756106708
bad
right 3.407575282918362
right 6.985795005853605
