[36;1mSaving config:
[0m
{
    "args":	null,
    "env":	null,
    "exp_name":	"HER_mpi1_random_TD3Torch_PandaReach-v2",
    "logger":	null,
    "logger_kwargs":	{
        "exp_name":	"HER_mpi1_random_TD3Torch_PandaReach-v2",
        "output_dir":	"HER_DRLib_Torch_exps/2023-02-21_HER_mpi1_random_TD3Torch_PandaReach-v2/2023-02-21_14-27-36-HER_mpi1_random_TD3Torch_PandaReach-v2_s300"
    },
    "net":	null
}
bad
right 4.664333703340938
right 4.013152520678085
right 2.9694087806638656
right 3.148853753107959
right 5.914143750584894
right 5.792138622706392
right 3.5490053030950612
right 4.182598229199873
right 3.193476924174136
right 2.608490299208631
right 3.9431295761846377
right 3.0526739540188146
right 4.059406694443818
right 3.770201911501619
right 5.631011378498213
right 4.768895034228899
right 4.034421543026118
right 8.79488024540642
right 6.29461016327263
right 2.4961175350994953
---------------------------------------
|             Epoch |               0 |
|             EpRet |            -105 |
|         EpRealRet |            -105 |
|         TestEpRet |            0.25 |
|         AverageQ1 |           -44.2 |
|             StdQ1 |            10.3 |
|             MaxQ1 |           0.321 |
|             MinQ1 |           -66.9 |
|                Q2 |           -44.2 |
|       TestSuccess |               0 |
| TotalEnvInteracts |        1.97e+05 |
|         TotalTime |            86.8 |
---------------------------------------
right 5.429178624430303
right 4.091635165959172
bad
right 6.560385650695766
right -0.2923741062854006
right 5.046678510864343
bad
bad
right 5.5116918562529635
right 3.1235503115331484
right 4.503829305520055
right 3.1591438294002927
bad
right 4.780198861669884
bad
right 2.609638505121678
right 1.9328291592324618
right 4.7896284230708215
right 8.398044558814236
right 4.167443732488046
right 5.398773991314095
right 6.0182610448688925
right 6.329264546672558
bad
---------------------------------------
|             Epoch |               1 |
|             EpRet |            -111 |
|         EpRealRet |            -111 |
|         TestEpRet |           -9.45 |
|         AverageQ1 |           -48.3 |
|             StdQ1 |            3.57 |
|             MaxQ1 |           -26.2 |
|             MinQ1 |           -59.7 |
|                Q2 |           -48.3 |
|       TestSuccess |               0 |
| TotalEnvInteracts |        3.98e+05 |
|         TotalTime |             174 |
---------------------------------------
right 5.47499600773785
right 4.138766624720134
bad
right 4.463854375674321
bad
right 3.214264659371646
right 5.5642637679756755
right 5.1002958440109625
bad
right 5.285430524984076
right 8.931433747485755
right 5.844840261646312
right 4.776758896562669
bad
right 5.775277686096244
bad
right 3.8738905214610755
bad
right 4.329353437824314
bad
right 4.550977634326482
right 4.882991429908216
right 8.260560816134287
right 4.0481197761254695
right 8.406639844336482
right 4.985249517471285
right 6.167063862603161
right 4.4009558021465525
right 2.8477839195611434
right 6.171424467309437
right 5.07824885301284
right 8.273901282447316
right 4.9443403079693695
right 6.159002862374123
right 5.597023746319948
right 3.360851538244499
right 6.138498941471449
right 2.908571773778653
right 3.40413960274324
right 4.9382296619869095
right 2.929631666339909
right 8.017903509012148
right 8.118280704709509
right 3.903520607171634
right 8.362372988400768
right 3.8629948781977177
right 7.577270264221358
right 4.498984085128823
---------------------------------------
|             Epoch |               2 |
|             EpRet |            -106 |
|         EpRealRet |            -106 |
|         TestEpRet |           -4.67 |
|         AverageQ1 |           -48.8 |
|             StdQ1 |            2.81 |
|             MaxQ1 |           -27.1 |
|             MinQ1 |           -60.8 |
|                Q2 |           -48.8 |
|       TestSuccess |               0 |
| TotalEnvInteracts |        5.99e+05 |
|         TotalTime |             261 |
---------------------------------------
right 1.3446120091811604
right 5.329187685962458
right 4.277468065476285
right 4.764668005738599
right 3.4756044455275052
right 4.496161552523585
right 3.904418620179623
right 2.131376474844288
right 9.072684126737421
right 4.465293904119592
right 4.48451910297095
right 3.2475721921459035
right 3.9933581783508476
bad
right 2.486644449944829
right 5.8573863811887055
bad
right 2.6050782109441286
bad
right 4.659986737901542
bad
right 4.3550078084319255
right 5.588735175296856
bad
right 2.8182025126009123
bad
right 5.533192377797019
right 6.822558572389372
bad
right 2.9181635757829527
bad
right 5.8235561590259985
right 5.47282634782118
right 8.31073848230502
right 2.4982584833393604
right 4.04303043936898
right 0.26807140576696575
right 6.092559614845564
right 4.7991897359328375
right 7.57481374723926
---------------------------------------
|             Epoch |               3 |
|             EpRet |            -109 |
|         EpRealRet |            -109 |
|         TestEpRet |           -13.1 |
|         AverageQ1 |           -48.1 |
|             StdQ1 |            4.15 |
|             MaxQ1 |             -15 |
|             MinQ1 |           -63.2 |
|                Q2 |           -48.1 |
|       TestSuccess |               0 |
| TotalEnvInteracts |           8e+05 |
|         TotalTime |             345 |
---------------------------------------
right 5.441140753933985
bad
right 3.9718355681995963
right 5.2934576813642815
right 9.385762785810662
right 6.241406977305218
right 6.644428185829116
right 4.452862346466379
right 5.5952599871086015
right 4.344696987123179
bad
right 5.398602528183519
right 1.6524385421386985
right 3.9525158521110964
right 2.4134130572399055
right 5.384565816445666
right 4.505594794510447
right 4.810783044590964
bad
right 9.521522996880723
right 3.9989448420800686
right 6.313469912344671
right 5.870183559481322
right 2.7383862085033375
right 3.258284877956852
right 2.9539286912518614
right 3.8119539694623175
right 2.487141168757293
right 1.893099220053644
right 5.391390952970741
right 8.32352581188724
right 5.083980511236343
bad
bad
bad
right 5.582923311630974
right 4.814025438469968
right 1.956692821790945
---------------------------------------
|             Epoch |               4 |
|             EpRet |            -115 |
|         EpRealRet |            -115 |
|         TestEpRet |             -26 |
|         AverageQ1 |           -47.2 |
|             StdQ1 |            5.16 |
|             MaxQ1 |           -10.9 |
|             MinQ1 |           -67.5 |
|                Q2 |           -47.2 |
|       TestSuccess |               0 |
| TotalEnvInteracts |           1e+06 |
|         TotalTime |             431 |
---------------------------------------
right 2.910624326061086
right 3.8253193701890247
right 4.520148779787213
right 2.609027650831221
right 0.9048107459150927
right 4.034097258773713
bad
right 4.145954130108162
right 2.7744345442080434
bad
right 4.956721560789257
right 2.8438582462137285
right 6.456562583667142
right 3.8081404798248943
right 8.893823924975818
right 5.188102516607145
right 5.250353464602418
right 9.102380786158953
right 4.288718445200082
right 5.721653682791596
right 6.363132047240487
right 5.223237050710776
right 3.635314673630959
right 7.2277051140794235
bad
right 4.792716436328279
bad
right 4.209346334938542
right 7.578909301590127
right 5.0938814806738995
right 6.525429132547695
bad
right 3.880997047836252
right 4.607942643696703
---------------------------------------
|             Epoch |               5 |
|             EpRet |            -110 |
|         EpRealRet |            -110 |
|         TestEpRet |           -20.7 |
|         AverageQ1 |           -47.5 |
|             StdQ1 |            4.63 |
|             MaxQ1 |           -19.7 |
|             MinQ1 |           -62.4 |
|                Q2 |           -47.5 |
|       TestSuccess |               0 |
| TotalEnvInteracts |         1.2e+06 |
|         TotalTime |             519 |
---------------------------------------
right 5.7249181329431735
right 2.2367050078303627
right 8.108759563947281
right 3.041733914079419
right 5.113707320006194
right 4.254447587703806
right 4.372363228425884
bad
right 2.981270454231879
right 2.732935894297915
right 2.998694144123384
right 3.9472505490879577
bad
right 4.835326610771857
right 3.460182773090091
right 5.3011967794652834
right 4.156289273028072
right 5.324906457777271
right 5.0691464454754005
right 8.17571073408341
right 5.060681202392429
bad
right 5.683207821239034
bad
right 4.215349070644186
right 4.496210976994268
right 3.350615143406861
right 3.4821250572076368
bad
right 3.929539669026827
right 5.614698050522842
---------------------------------------
|             Epoch |               6 |
|             EpRet |            -112 |
|         EpRealRet |            -112 |
|         TestEpRet |           -27.2 |
|         AverageQ1 |           -47.5 |
|             StdQ1 |            4.68 |
|             MaxQ1 |           -17.5 |
|             MinQ1 |           -70.7 |
|                Q2 |           -47.5 |
|       TestSuccess |               0 |
| TotalEnvInteracts |         1.4e+06 |
|         TotalTime |             605 |
---------------------------------------
right 2.6212061451843702
right 4.759854748439091
right 7.391760948080506
right 3.042695693538655
right 4.073982160198853
right 4.785382899454337
bad
right 4.500697314155191
right 5.588284671286965
right 1.6339753630906415
right 3.6470547574146606
bad
right 5.595784414896235
right 7.565618757533143
bad
right 2.986736428595748
right 5.449312357798465
right 6.096340469490291
right 8.088791272786322
right 4.930449012681397
bad
right 6.670757645856016
right 4.36648652975364
right 4.621300065087047
right 6.33806531376194
right 4.208552583127863
right 7.965761967329896
right 6.219892997975175
right 4.8856407723316355
right 5.9640334931379755
right 5.184483188917601
right -0.2613447906393933
right 3.3572433723420634
right 3.3717916905313157
bad
right 5.006749949633519
---------------------------------------
|             Epoch |               7 |
|             EpRet |            -114 |
|         EpRealRet |            -114 |
|         TestEpRet |           -9.53 |
|         AverageQ1 |           -47.8 |
|             StdQ1 |            4.38 |
|             MaxQ1 |           -19.1 |
|             MinQ1 |             -64 |
|                Q2 |           -47.8 |
|       TestSuccess |               0 |
| TotalEnvInteracts |         1.6e+06 |
|         TotalTime |             693 |
---------------------------------------
right 3.8368390074354437
right 2.9261969778155343
right -2.063981498325978
right 4.088542899358845
right 0.7204660652001689
right 5.641452953843818
right 3.2897516347030304
right 6.512535987858879
right 3.1632722877845723
right 2.8645752685765995
right 3.9181686980234263
right 3.5138941943231394
right 5.2878319264371685
right 3.1525347503924817
right 1.4578838473864817
right 4.866541665205798
right 4.546733331343235
right 3.649200590938645
right 5.504100619828364
right 4.7582170998257975
right 8.70833869429389
right 4.67111679701323
bad
right 1.4248283228627567
bad
right 4.873719708015932
right 3.298878559616842
right 5.520483799226692
right 5.2541226809896315
right 5.298335759932956
right 5.806919372519489
bad
right 4.909007412055832
bad
right 4.200734723614699
right 3.703326343542143
right 6.399117790709356
right 6.322546597002994
---------------------------------------
|             Epoch |               8 |
|             EpRet |            -112 |
|         EpRealRet |            -112 |
|         TestEpRet |           -5.52 |
|         AverageQ1 |           -48.1 |
|             StdQ1 |            3.89 |
|             MaxQ1 |           -24.3 |
|             MinQ1 |           -68.6 |
|                Q2 |           -48.1 |
|       TestSuccess |               0 |
| TotalEnvInteracts |         1.8e+06 |
|         TotalTime |             780 |
---------------------------------------
right 4.373462646022165
right 3.5782689715809877
right 4.520991516986193
right 7.174968301283824
right 7.576321582013357
bad
right 8.664132977779364
right 5.5638037271862615
right 4.584546853039432
right 2.1044139657039196
right 2.103710778676775
right 2.5124708421020827
right 3.6754280846769207
right 5.149645495271845
right 6.925012572507707
right 8.783107759988201
right 4.475349307468442
right 5.471569308781412
right 4.728702120173542
right 6.624482845155031
right 3.4260963275419263
right 4.29655886313188
bad
right 4.919727635604842
right 4.4787085463184795
right 3.3774240069743753
right 2.108032854662123
right 5.311532471334111
right 5.143358992712949
right 2.7275993252608046
right 4.755088789989782
right 4.598330068116908
right 5.300306833741882
right 4.124502548881472
right 6.315671378002882
right 3.3976537741842314
right 4.447802570597412
right 2.437456431102322
right 2.672118960556336
right 7.111258230820129
right 2.8837427652108136
right 5.071424805852035
right 2.9971587359576564
right 2.287049045002318
---------------------------------------
|             Epoch |               9 |
|             EpRet |            -109 |
|         EpRealRet |            -109 |
|         TestEpRet |           -9.43 |
|         AverageQ1 |           -48.1 |
|             StdQ1 |            3.87 |
|             MaxQ1 |           -21.7 |
|             MinQ1 |           -63.4 |
|                Q2 |           -48.1 |
|       TestSuccess |               0 |
| TotalEnvInteracts |        2.01e+06 |
|         TotalTime |             865 |
---------------------------------------
right 2.955397710162483
right 2.2478743324483013
right 7.368505706382113
bad
right 4.009783143052193
right 7.136203800737688
right 6.686587195926663
right 4.818837846154774
right -0.5817787651447475
right 3.559727964154833
right 2.1893343695646497
right 3.7237024934041543
right 2.381778669166331
right 2.71334029529992
right 7.2906680585161965
right 4.205815138090871
right 2.942195301193773
right 8.674022932054141
right 7.167299681169162
right 4.424778940101831
right 2.9441289568395703
right 6.098776247386352
right 3.988329481331774
right 3.139382895577393
right 4.9209264491590226
right -9.33412132452834
right 6.423558292836927
right 3.139495536170479
bad
right 3.780196930475923
right 3.2822320701473977
right 3.948412327441794
right 5.598267507285728
right 4.226162955669077
right 5.515272361282379
bad
right 0.8944039989946315
---------------------------------------
|             Epoch |              10 |
|             EpRet |            -108 |
|         EpRealRet |            -108 |
|         TestEpRet |           -12.4 |
|         AverageQ1 |           -48.2 |
|             StdQ1 |            3.77 |
|             MaxQ1 |           -21.6 |
|             MinQ1 |           -64.8 |
|                Q2 |           -48.2 |
|       TestSuccess |               0 |
| TotalEnvInteracts |        2.21e+06 |
|         TotalTime |             950 |
---------------------------------------
right 5.420360977545207
right 4.755937044886407
bad
right 0.8469299310057039
right 5.107711140141415
right 6.336787374185536
bad
right 3.1046129290069038
right 9.348329748120126
bad
right 9.20824507811718
right 2.7229674697130957
right 2.362030171163809
right 9.466808497186067
bad
right 2.932199493600013
right 4.742535025906576
right 4.184800036645971
right 1.8084058581933267
bad
right 4.898519781995242
right 2.567439843463739
right 5.138798165384609
right 2.187120638860809
right 5.314107331927514
right 9.3833037288693
right 4.804160492963154
right 2.6463652269913576
right 3.2748665706748916
right 5.021174757446273
---------------------------------------
|             Epoch |              11 |
|             EpRet |            -113 |
|         EpRealRet |            -113 |
|         TestEpRet |           -9.35 |
|         AverageQ1 |           -48.3 |
|             StdQ1 |            3.64 |
|             MaxQ1 |           -25.9 |
|             MinQ1 |           -61.1 |
|                Q2 |           -48.3 |
|       TestSuccess |               0 |
| TotalEnvInteracts |        2.41e+06 |
|         TotalTime |        1.04e+03 |
---------------------------------------
right -0.46788378542318476
bad
right 4.460540695575408
right 5.201475625250705
right 3.9957857331133306
right 3.478944876322366
right 4.740880885138799
right 7.3919376033022015
bad
right 3.5566250266204253
right 3.4319897507142407
right 6.77349033088417
right 3.9181731595791813
right 2.9444205858085972
right 5.095803291513724
right 5.32317155234317
bad
right 5.298656041684577
right 0.7340133233325332
bad
right 4.940948373918042
right 4.673077085331866
right 3.681848554742297
right 1.6180912743858737
right 2.9352687894902
right 4.396962931863212
right 4.230267528629095
right 6.977440842398202
right 3.902913049840169
right 3.698038022104986
bad
right 3.4456358782633636
right 3.9219919139585757
right 3.4129161648325965
right 2.9387894263767045
right 5.115052724279525
right 2.0713865951398933
right 4.100566533185197
right 3.5937537180799852
right 4.296095881483959
right 5.772063553787785
right 1.9703918749240277
---------------------------------------
|             Epoch |              12 |
|             EpRet |            -112 |
|         EpRealRet |            -112 |
|         TestEpRet |           -9.19 |
|         AverageQ1 |           -48.4 |
|             StdQ1 |            3.44 |
|             MaxQ1 |           -28.9 |
|             MinQ1 |           -65.2 |
|                Q2 |           -48.4 |
|       TestSuccess |               0 |
| TotalEnvInteracts |        2.61e+06 |
|         TotalTime |        1.12e+03 |
---------------------------------------
right 3.473585893915957
right 5.814943118465271
right 7.215834518452077
right 3.9346176302217204
right 6.191689583605209
right 5.599195756035606
right 2.212680420000023
right 5.1053892618765815
right 6.114038635121231
right 4.203405695616742
bad
right 3.9030843154703954
right 3.481090690312265
right 0.31630866365886234
right 3.450506558205265
right 2.708254139050389
right 3.308419591315131
bad
right 2.317837903475861
right 5.617719778361431
bad
right 2.877830773805627
right 5.409797604596809
right 6.446236693541842
right 1.1808657281692945
right 0.9265627157484086
bad
right 6.941209173603889
bad
right 4.256706809310762
right 7.985859447790542
right 2.344347086948452
right 2.6039597185447327
right 1.6375061539003681
right 6.124164476658695
right 7.063763603694206
right 0.8996828517106472
right 5.51170157025615
right 4.162588464965427
right 5.226998053388861
bad
right 6.365775105052248
right 5.290069991523409
right 2.664349618503419
right 6.612834940232594
right 3.180803399571781
---------------------------------------
|             Epoch |              13 |
|             EpRet |            -112 |
|         EpRealRet |            -112 |
|         TestEpRet |           -13.3 |
|         AverageQ1 |           -48.4 |
|             StdQ1 |            3.32 |
|             MaxQ1 |           -26.8 |
|             MinQ1 |           -57.9 |
|                Q2 |           -48.4 |
|       TestSuccess |               0 |
| TotalEnvInteracts |        2.81e+06 |
|         TotalTime |        1.21e+03 |
---------------------------------------
right 6.588345794630266
right 0.6685608800377345
bad
bad
bad
right 1.2548687662551963
right 3.5052495022746246
right 5.960730430443399
right 4.108717016194684
right 1.676332639858435
right 7.1371469093934685
right 6.537873492442978
bad
right 2.164787066796099
right 6.443200142150839
bad
right 7.163368318304906
right 2.591155014333827
right 4.102071258940829
right 3.5204081032184176
right 2.222049277087038
right 3.2229421315644604
right -0.4837422154617279
right 4.790180622866979
right 4.6493839951744125
right 2.3687481981505867
right 5.387320945877036
right 4.377469155395925
right 5.202235889699963
right 4.076187712414593
right 5.040906686778427
right 2.2221283128334877
right 2.699037384613013
right 4.946332266077298
right 5.996191865309421
right 9.367485282465589
bad
right 4.945416429300991
right 0.8834115099890685
right 5.578004712081558
right 2.245051284316517
bad
right 2.707817420068772
right 6.224736955107737
right 4.752642472479773
---------------------------------------
|             Epoch |              14 |
|             EpRet |            -115 |
|         EpRealRet |            -115 |
|         TestEpRet |           -7.08 |
|         AverageQ1 |           -48.4 |
|             StdQ1 |            3.32 |
|             MaxQ1 |             -25 |
|             MinQ1 |           -60.1 |
|                Q2 |           -48.4 |
|       TestSuccess |               0 |
| TotalEnvInteracts |        3.01e+06 |
|         TotalTime |         1.3e+03 |
---------------------------------------
right 3.8153721245014367
right 1.7943131943692165
right 4.367968713531355
right 9.105345573053352
right 3.8581060032851813
right 3.856500396274808
right 5.373413977160098
right 3.5200935103335436
right 4.018780811117686
right 5.327902429645741
right 2.4905350185754624
right 1.6469949911509616
right 5.312862257926588
right 8.152596174988759
right 3.4189095858309093
right 5.930961570630978
right 3.6312515521150104
right 5.555860431645075
bad
right 5.267017283649274
right 5.085374803777764
bad
right 1.615768868887784
bad
right 2.8483560198388904
right 6.311668649269569
right 5.925112611979921
right 4.000816562321602
bad
right 3.0196120216670694
bad
right 3.694603872009382
right 4.9018648270408125
right 5.84048748869673
right 4.645843040251311
right 3.223193342935449
right 5.428641274553753
---------------------------------------
|             Epoch |              15 |
|             EpRet |            -110 |
|         EpRealRet |            -110 |
|         TestEpRet |           -22.2 |
|         AverageQ1 |           -48.5 |
|             StdQ1 |            3.26 |
|             MaxQ1 |           -24.2 |
|             MinQ1 |           -59.6 |
|                Q2 |           -48.5 |
|       TestSuccess |               0 |
| TotalEnvInteracts |        3.21e+06 |
|         TotalTime |        1.39e+03 |
---------------------------------------
right 3.7167626254376485
right 7.267992808831578
right 3.817467630876882
right -9.07379526095988
bad
right 3.21608462090082
right 4.299824202027127
right 0.32763974442868005
right 3.1994333601693192
right 3.6663882691314402
bad
right 6.008326690732609
bad
right 8.76054554940146
right 4.787837890282237
right 6.764602691448186
right 6.999884972003789
right 1.486329459314506
right 2.7842781877486704
right 1.164882965312227
bad
right 4.386792357034191
right 6.207262584902971
right 6.311020886802202
bad
right 5.478796220327914
right 6.7110790422168
right 2.6233589460702342
right 2.8415202433420097
right 4.331278017466017
---------------------------------------
|             Epoch |              16 |
|             EpRet |            -115 |
|         EpRealRet |            -115 |
|         TestEpRet |           -7.58 |
|         AverageQ1 |           -48.5 |
|             StdQ1 |             3.3 |
|             MaxQ1 |           -23.6 |
|             MinQ1 |           -63.3 |
|                Q2 |           -48.5 |
|       TestSuccess |               0 |
| TotalEnvInteracts |        3.41e+06 |
|         TotalTime |        1.47e+03 |
---------------------------------------
right 3.311066676604211
right 7.65508983891304
bad
right 1.9091153314512859
bad
right 2.8538202937024915
right 5.22758455050056
right 2.7556201666018882
bad
right 4.337237853747084
right 4.579026732245886
right 0.9973138885018518
right 2.8872076873119026
right 2.5728021906162466
right 2.330982368778592
right 4.428314211048161
right 4.457198555019835
right 1.8399097455642153
right 4.487969169204131
right 4.307414232710769
right 5.116181436810107
bad
right 3.3339415010620304
right 7.837062447817985
---------------------------------------
|             Epoch |              17 |
|             EpRet |            -114 |
|         EpRealRet |            -114 |
|         TestEpRet |           -16.7 |
|         AverageQ1 |           -48.4 |
|             StdQ1 |            3.35 |
|             MaxQ1 |           -27.3 |
|             MinQ1 |             -60 |
|                Q2 |           -48.4 |
|       TestSuccess |               0 |
| TotalEnvInteracts |        3.61e+06 |
|         TotalTime |        1.56e+03 |
---------------------------------------
right 3.998466965697334
right 8.698071693206934
right 6.288653191384898
bad
right 3.559546048554507
bad
right 0.9089636751086854
right 6.461280934474001
right 4.141615638631354
bad
right 1.458975766702249
right 2.9156497407614115
bad
right 4.3525743077790775
right 2.6919955696445728
right 5.561064300015744
right 5.391962394518603
bad
right 0.70901652642352
right 2.3421323828831717
right 5.8342593891844965
bad
right 6.032017628067397
right 8.284215297801664
right 5.429049659644055
right 2.9406684503191496
right 4.132968385532472
right 2.558163405570686
right 4.240288141144903
bad
right 2.6862981801849948
bad
right 4.923826504465444
right 3.619030193238009
bad
---------------------------------------
|             Epoch |              18 |
|             EpRet |            -112 |
|         EpRealRet |            -112 |
|         TestEpRet |           -20.1 |
|         AverageQ1 |           -48.4 |
|             StdQ1 |             3.4 |
|             MaxQ1 |           -26.4 |
|             MinQ1 |           -62.9 |
|                Q2 |           -48.4 |
|       TestSuccess |               0 |
| TotalEnvInteracts |        3.81e+06 |
|         TotalTime |        1.65e+03 |
---------------------------------------
right 2.592063107243673
right 3.906730478519755
bad
right 4.417978237086212
right 2.9171918452629413
right 8.046331862442607
right 4.833658451389049
right 4.573930634720302
right 6.32181772176257
right -0.06235956714362878
bad
right 4.58114203521469
right 5.486578041957724
right 6.753387794755472
right 1.7673569800145845
right 3.2612704529046237
right 3.7373566371322555
right 5.3363864636380605
right 5.50948636447438
right 3.525539605315516
right 4.252843118296804
right 5.250531059173352
right 2.176760427776829
right 4.895493694893497
right 4.959747598644224
right 6.878023163552649
right 3.7041902759033354
bad
right 2.425854369547422
right 2.941834965198794
right 3.4420186415993923
right 4.69720703850394
right 2.7138945050961425
right 4.899910569992164
bad
right 3.9607399011719258
right 6.4432381510134284
---------------------------------------
|             Epoch |              19 |
|             EpRet |            -110 |
|         EpRealRet |            -110 |
|         TestEpRet |           -24.3 |
|         AverageQ1 |           -48.4 |
|             StdQ1 |            3.39 |
|             MaxQ1 |           -25.9 |
|             MinQ1 |           -60.1 |
|                Q2 |           -48.4 |
|       TestSuccess |               0 |
| TotalEnvInteracts |        4.02e+06 |
|         TotalTime |        1.73e+03 |
---------------------------------------
right 3.6995630545697233
right 2.1381779559868574
right 6.1877789558513285
right 4.163246869055325
right 3.592166741838021
right 5.296249831031026
right 3.69370123001361
right 4.5619970926734466
bad
right 5.360865057538623
right 4.992257304994213
right 3.617278733529103
right 3.8333391080291097
right 7.360640389910145
right 5.20484606729409
right 0.6999416502307341
right 1.0087273646659476
right 4.198081268485652
right 3.4017167618839927
right 6.191323067620772
right 3.9753413718718713
right 2.8737720279251686
right -12.901280780671627
right 2.720353728875801
right 1.2345528349991675
right -1.69999410293169
right 4.1575440765180325
right 5.38173718181655
right 6.434684399340112
right 4.281662674919836
bad
right 5.321510330412885
right -0.10761247063317114
right 7.31932001954061
right 4.832058829964572
right 5.795275459217481
right 5.53249533688935
---------------------------------------
|             Epoch |              20 |
|             EpRet |            -113 |
|         EpRealRet |            -113 |
|         TestEpRet |           -6.85 |
|         AverageQ1 |           -48.4 |
|             StdQ1 |            3.38 |
|             MaxQ1 |           -26.7 |
|             MinQ1 |           -65.6 |
|                Q2 |           -48.4 |
|       TestSuccess |               0 |
| TotalEnvInteracts |        4.22e+06 |
|         TotalTime |        1.82e+03 |
---------------------------------------
right 3.908982809772752
right 7.083753638512867
right 3.809064107009301
bad
right 4.657812740245479
right 6.014153466185603
right 4.703139954300576
right 4.279065429781346
right 6.1109843080997805
right 3.3301264281615435
right 2.1936276625785
right -1.9495375743738066
right 1.6733281535952251
right 1.1118155114429094
right 3.1942757689392574
right 3.446638023326379
right 2.518528967212599
right 5.309872399796084
right 5.30011959684682
right 3.9302240549399103
right 8.168875144960214
right -3.1847597130573213
right 4.8653994764711666
bad
right 4.57032889141273
right 4.842960008497343
right 3.7580544194222076
right 3.447664603759442
right 2.823710427257266
right 7.5059421765636305
right 3.826892913719785
right 5.9459187645800355
---------------------------------------
|             Epoch |              21 |
|             EpRet |            -111 |
|         EpRealRet |            -111 |
|         TestEpRet |           -20.9 |
|         AverageQ1 |           -48.4 |
|             StdQ1 |            3.48 |
|             MaxQ1 |           -23.4 |
|             MinQ1 |           -64.9 |
|                Q2 |           -48.4 |
|       TestSuccess |               0 |
| TotalEnvInteracts |        4.42e+06 |
|         TotalTime |         1.9e+03 |
---------------------------------------
right 4.815656794951174
right 5.196702065430385
bad
right 6.079929256686252
right 3.3441496968091213
bad
right 4.9150121432376
right 4.936398562961493
right 1.8259215566223954
right 7.367738487568998
right 4.446001017534109
right 5.102149408333135
right 2.6791042004234757
right 5.830121364685977
right 5.8871104066840045
bad
right 7.037084362606422
right 5.28313131644644
right 6.960498743540897
right 3.6226448322420186
right 4.0987837535761695
right 6.1441079407856725
right 4.694009278972703
right 2.437256545780131
right 6.432430460181249
right 6.199377707256151
right 2.0693196736463566
right 4.148193114876719
right 5.155245632574531
right 2.008604072745838
right 4.364846321068734
right 3.6829549624697755
right 5.220734219131666
right 3.7250171144501873
right 4.681948119363525
right 5.580580587308147
right 3.8249267207004642
right 3.5318936487879906
right -7.9154810098050845
right 6.6128191757420325
right 3.6883953420026536
right 0.5350449962885371
bad
right 2.521857528461533
bad
---------------------------------------
|             Epoch |              22 |
|             EpRet |            -112 |
|         EpRealRet |            -112 |
|         TestEpRet |           -9.81 |
|         AverageQ1 |           -48.3 |
|             StdQ1 |            3.54 |
|             MaxQ1 |           -22.2 |
|             MinQ1 |           -60.8 |
|                Q2 |           -48.3 |
|       TestSuccess |               0 |
| TotalEnvInteracts |        4.62e+06 |
|         TotalTime |        1.99e+03 |
---------------------------------------
right 3.93913340815062
right 6.213473967870949
right 6.011105349419317
bad
right 5.540163319056399
right 4.396398624643428
right -0.665242253315899
bad
right 5.274237212426924
right 5.774900399730941
right 5.655342223360508
right 3.5578975811245064
bad
bad
right 4.364028131767585
right 6.542388011821959
bad
right 6.049731170315809
right 5.036073410737812
right 4.412091961920145
right 3.774089417995352
right 1.7438965969408908
right 7.106969558168709
bad
right 4.936339928611741
bad
right 4.678251899927747
right 5.542418100584702
right 3.9582565302423776
right 8.91362503234035
right 3.1109902875328377
right 3.3039914149222485
right 5.073189312594498
right 7.715200527736442
right 6.114678334150765
right 5.9234749165592735
bad
right 5.697631394201511
right 4.450113081598726
---------------------------------------
|             Epoch |              23 |
|             EpRet |            -114 |
|         EpRealRet |            -114 |
|         TestEpRet |           -16.6 |
|         AverageQ1 |           -48.3 |
|             StdQ1 |            3.53 |
|             MaxQ1 |           -20.1 |
|             MinQ1 |           -62.9 |
|                Q2 |           -48.3 |
|       TestSuccess |               0 |
| TotalEnvInteracts |        4.82e+06 |
|         TotalTime |        2.07e+03 |
---------------------------------------
right 4.766828012491424
right -0.025461526694334324
right 3.7382741437162403
right 2.0259356857843356
right 0.6846611377200773
right 3.1252576357947124
right 4.35409092386605
right 1.621348392821016
bad
right 2.29470142765007
right 3.6700381864658222
right 2.2854014956373634
right 6.123876384677015
right 6.188890023096998
right 3.0633340117170595
right 5.026915374295948
right 4.100321329868008
right 4.845963499414493
right 0.7332994908195722
right 3.162404174359942
right 3.486437966565866
right 2.3617665155112597
right 7.874129023733767
right 3.9823592954230325
right 4.262460295179288
right 5.111404870532087
right 6.659978720237758
right 4.8662195765865155
right 3.937618394858518
right 3.3995280999297073
right 4.652109064616918
right 3.1326913674010557
right 6.52393723989908
right 3.990331963577983
right 4.332997094293614
---------------------------------------
|             Epoch |              24 |
|             EpRet |            -113 |
|         EpRealRet |            -113 |
|         TestEpRet |           -9.17 |
|         AverageQ1 |           -48.4 |
|             StdQ1 |            3.46 |
|             MaxQ1 |           -21.2 |
|             MinQ1 |             -70 |
|                Q2 |           -48.4 |
|       TestSuccess |               0 |
| TotalEnvInteracts |        5.02e+06 |
|         TotalTime |        2.16e+03 |
---------------------------------------
right 5.208381032922224
right 6.240623403342832
right 6.583142772883156
right 7.500810485385496
right 5.950474859292761
right 5.2831136302406
right 5.291800490821576
right 2.4151151160467546
right 2.707767263900016
right 3.8213864799043744
right 4.858873032338096
right 3.053518032710625
right 4.595358637589153
right 3.589386915455357
right 3.394837254053921
right 7.126250889498486
right 4.194705389209964
right 6.1161737476662275
right 5.146944784530918
right 1.9275553198780369
right 3.4977137119135717
bad
right 3.748407206479526
right 5.468832977087825
right 4.648249631291581
right 8.561555692383656
bad
bad
right 5.934821912922808
bad
right 5.273226665210796
bad
right 4.112575943505107
right 4.959653640215954
right 5.421766958621005
right 4.7288489271314
---------------------------------------
|             Epoch |              25 |
|             EpRet |            -113 |
|         EpRealRet |            -113 |
|         TestEpRet |           -6.88 |
|         AverageQ1 |           -48.4 |
|             StdQ1 |            3.44 |
|             MaxQ1 |           -15.2 |
|             MinQ1 |             -59 |
|                Q2 |           -48.4 |
|       TestSuccess |               0 |
| TotalEnvInteracts |        5.22e+06 |
|         TotalTime |        2.24e+03 |
---------------------------------------
right 0.9813217197491237
right -0.009146181829766675
right 3.618903029414824
right 8.50398385040068
right 2.380455208718189
right 2.080820126391031
right 4.367118872718252
bad
right 6.147465452967776
bad
