[36;1mSaving config:
[0m
{
    "args":	null,
    "env":	null,
    "exp_name":	"HER_mpi1_random_TD3Torch_PandaReach-v2",
    "logger":	null,
    "logger_kwargs":	{
        "exp_name":	"HER_mpi1_random_TD3Torch_PandaReach-v2",
        "output_dir":	"HER_DRLib_Torch_exps/2023-02-21_HER_mpi1_random_TD3Torch_PandaReach-v2/2023-02-21_10-03-14-HER_mpi1_random_TD3Torch_PandaReach-v2_s300"
    },
    "net":	null
}
bad
right 3.0010974321694395
right 6.889870515147976
right 1.496477994767817
right 7.2898371063154235
right 2.4301376641258807
right 1.7789076889887294
right 3.77757693100917
right 3.86935996943053
right 2.2645930795120295
right 1.4792840054088519
right 7.661034317061885
right 2.525048400120447
right 2.2749958365859237
right 8.120650170188906
right 1.1601209626435445
right 2.9837390050317527
right 4.0459403053639695
right 3.1145466302249414
right 3.0733321019706334
right 8.142594609706757
right 4.1569063402871205
right 0.4186409293384692
right 2.793026197230784
right 0.5906027833299969
right 2.281476441251799
right 7.956764099202932
right 0.4240507000167657
right 7.190714657994697
right 3.18572855666293
right 5.027398593663125
---------------------------------------
|             Epoch |               0 |
|             EpRet |            -109 |
|         EpRealRet |            -109 |
|         TestEpRet |           -22.3 |
|         AverageQ1 |           -34.6 |
|             StdQ1 |              15 |
|             MaxQ1 |            19.9 |
|             MinQ1 |           -70.6 |
|                Q2 |           -34.6 |
|       TestSuccess |               0 |
| TotalEnvInteracts |        1.97e+05 |
|         TotalTime |            86.5 |
---------------------------------------
right 3.525342444727155
right 2.2939892500184325
right 3.1818452878855634
right 2.019813036434778
right 8.578178121301612
right 3.6729087890395107
right 3.3793555723321127
right 6.797402194454218
right 1.329493238132029
right 1.1992859118628
right 3.032347707035834
right 1.804915632821949
right 6.6992881249557295
right 3.8841829394929626
right 2.1967112021125343
right 4.197561954114325
right 4.1141516804121405
right 3.92432879840253
right -4.254715659747763
right -0.008718459263377554
right 0.9855749211115032
right 2.4714117992689433
right 1.422256836683447
right 1.9523991112384724
right 0.4412401632015044
---------------------------------------
|             Epoch |               1 |
|             EpRet |            -112 |
|         EpRealRet |            -112 |
|         TestEpRet |           -18.3 |
|         AverageQ1 |           -45.6 |
|             StdQ1 |            8.06 |
|             MaxQ1 |           -4.75 |
|             MinQ1 |           -62.5 |
|                Q2 |           -45.6 |
|       TestSuccess |               0 |
| TotalEnvInteracts |        3.98e+05 |
|         TotalTime |             173 |
---------------------------------------
right -1.8954755671018493
right 4.366401228647604
right 1.3035292620781505
right 1.74770045192383
right 2.861301212766665
right 3.5076639295320744
right 3.3167808783691397
right 5.308323871666043
right 4.746145942155216
right 7.036697931627819
right 3.815086838429048
right 4.631132960153156
right 6.302969004537344
right 5.993746159101094
right 1.9488771043336648
right 4.80611217518971
right 4.945022356384828
right 4.325170188661271
right 5.988462497451641
right 5.909134355707762
right 3.704557491631965
right 5.109900897093475
right 6.440812396048901
right 4.272098589313162
right 3.5852715579955916
right 7.173309443027118
right 6.40171215181342
right 3.829606205367745
right 3.792598239133386
right 6.656345165749752
right 4.451481462462739
right 5.177879207924064
right 3.238779154700816
right 2.618118330408623
right 3.213321547964579
---------------------------------------
|             Epoch |               2 |
|             EpRet |            -110 |
|         EpRealRet |            -110 |
|         TestEpRet |           -10.3 |
|         AverageQ1 |           -48.5 |
|             StdQ1 |            3.91 |
|             MaxQ1 |           -20.3 |
|             MinQ1 |           -63.4 |
|                Q2 |           -48.5 |
|       TestSuccess |               0 |
| TotalEnvInteracts |        5.99e+05 |
|         TotalTime |             259 |
---------------------------------------
right 3.365240497207828
right 4.075197916180771
right 4.348182861933244
right 5.865371813929896
bad
right 0.9489044488047718
right 6.0319303707355925
right 4.939334312694675
right 2.533368197567187
right 8.65735272334239
right 2.3007018451287253
right 4.293243854534124
right 6.118962551717856
right 5.901106296765822
right 1.7446203772956004
right 1.5953757134206494
right 6.873622289142725
right 7.222336894814144
right 2.185166361575307
right 1.440767944818976
right 8.428631823396708
right 2.114227100379048
right 5.278133820918418
right 3.244707456210141
right 7.574240395271849
right 4.691264507115871
right -2.113942181097446
right 6.586063385852809
right 6.27008845133855
right 3.7556015141006895
---------------------------------------
|             Epoch |               3 |
|             EpRet |            -112 |
|         EpRealRet |            -112 |
|         TestEpRet |           -13.8 |
|         AverageQ1 |           -48.1 |
|             StdQ1 |            4.46 |
|             MaxQ1 |           -15.2 |
|             MinQ1 |           -63.1 |
|                Q2 |           -48.1 |
|       TestSuccess |               0 |
| TotalEnvInteracts |           8e+05 |
|         TotalTime |             346 |
---------------------------------------
right -0.34430790743486916
right 5.391831371757379
right 6.029526847465981
right 5.964521018721313
right 5.362239076724521
right 4.41117528682852
right 4.859045024382606
right 6.932937551931424
right 4.829602060981251
right 5.503512110068617
right 5.799249121385757
right 3.0802414810655145
right 5.954248237496091
right 4.690244443485855
right 3.6367314438886886
right 4.03052145643651
bad
right 5.110680222109021
right 4.777761513246796
bad
right 4.788849558696345
right 2.9943920405674636
right 7.417644507270831
