[36;1mSaving config:
[0m
{
    "args":	null,
    "env":	null,
    "exp_name":	"HER_mpi1_random_TD3Torch_PandaReach-v2",
    "logger":	null,
    "logger_kwargs":	{
        "exp_name":	"HER_mpi1_random_TD3Torch_PandaReach-v2",
        "output_dir":	"HER_DRLib_Torch_exps/2023-01-02_HER_mpi1_random_TD3Torch_PandaReach-v2/2023-01-02_06-06-08-HER_mpi1_random_TD3Torch_PandaReach-v2_s300"
    },
    "net":	null
}
bad
bad
bad
bad
bad
bad
bad
bad
bad
bad
bad
bad
bad
bad
---------------------------------------
|             Epoch |               0 |
|             EpRet |           -12.7 |
|         EpRealRet |           -12.7 |
|         TestEpRet |               0 |
|         AverageQ1 |           -44.2 |
|             StdQ1 |            10.2 |
|             MaxQ1 |          0.0113 |
|             MinQ1 |           -55.1 |
|                Q2 |           -44.1 |
|       TestSuccess |               0 |
| TotalEnvInteracts |        1.97e+05 |
|         TotalTime |            26.6 |
---------------------------------------
bad
bad
bad
bad
bad
bad
bad
bad
bad
bad
bad
bad
bad
---------------------------------------
|             Epoch |               1 |
|             EpRet |           -13.7 |
|         EpRealRet |           -13.7 |
|         TestEpRet |               0 |
|         AverageQ1 |             -50 |
|             StdQ1 |          0.0568 |
|             MaxQ1 |           -49.3 |
|             MinQ1 |           -50.5 |
|                Q2 |             -50 |
|       TestSuccess |               0 |
| TotalEnvInteracts |        3.98e+05 |
|         TotalTime |            53.2 |
---------------------------------------
bad
bad
bad
bad
bad
bad
bad
---------------------------------------
|             Epoch |               2 |
|             EpRet |           -14.9 |
|         EpRealRet |           -14.9 |
|         TestEpRet |               0 |
|         AverageQ1 |             -50 |
|             StdQ1 |          0.0545 |
|             MaxQ1 |           -48.7 |
|             MinQ1 |           -50.4 |
|                Q2 |             -50 |
|       TestSuccess |               0 |
| TotalEnvInteracts |        5.99e+05 |
|         TotalTime |            79.5 |
---------------------------------------
bad
bad
bad
bad
bad
bad
bad
bad
bad
bad
bad
bad
bad
bad
bad
bad
bad
bad
bad
bad
bad
bad
bad
bad
---------------------------------------
|             Epoch |               3 |
|             EpRet |           -11.5 |
|         EpRealRet |           -11.5 |
|         TestEpRet |               0 |
|         AverageQ1 |             -50 |
|             StdQ1 |          0.0605 |
|             MaxQ1 |           -49.7 |
|             MinQ1 |           -50.4 |
|                Q2 |             -50 |
|       TestSuccess |               0 |
| TotalEnvInteracts |           8e+05 |
|         TotalTime |             107 |
---------------------------------------
bad
bad
bad
bad
bad
bad
bad
bad
bad
bad
bad
bad
bad
bad
bad
bad
bad
bad
bad
bad
bad
bad
bad
bad
bad
---------------------------------------
|             Epoch |               4 |
|             EpRet |           -12.3 |
|         EpRealRet |           -12.3 |
|         TestEpRet |               0 |
|         AverageQ1 |             -50 |
|             StdQ1 |          0.0951 |
|             MaxQ1 |           -49.1 |
|             MinQ1 |           -50.5 |
|                Q2 |             -50 |
|       TestSuccess |               0 |
| TotalEnvInteracts |           1e+06 |
|         TotalTime |             135 |
---------------------------------------
bad
bad
bad
bad
bad
bad
bad
bad
bad
bad
bad
bad
bad
bad
bad
bad
bad
---------------------------------------
|             Epoch |               5 |
|             EpRet |           -12.4 |
|         EpRealRet |           -12.4 |
|         TestEpRet |               0 |
|         AverageQ1 |             -50 |
|             StdQ1 |            0.13 |
|             MaxQ1 |           -48.7 |
|             MinQ1 |           -50.7 |
|                Q2 |             -50 |
|       TestSuccess |               0 |
| TotalEnvInteracts |         1.2e+06 |
|         TotalTime |             163 |
---------------------------------------
bad
bad
bad
bad
bad
bad
bad
bad
bad
bad
bad
bad
bad
bad
bad
bad
bad
bad
bad
bad
bad
bad
bad
bad
bad
bad
---------------------------------------
|             Epoch |               6 |
|             EpRet |           -12.6 |
|         EpRealRet |           -12.6 |
|         TestEpRet |               0 |
|         AverageQ1 |             -50 |
|             StdQ1 |           0.137 |
|             MaxQ1 |           -48.4 |
|             MinQ1 |           -50.5 |
|                Q2 |             -50 |
|       TestSuccess |               0 |
| TotalEnvInteracts |         1.4e+06 |
|         TotalTime |             192 |
---------------------------------------
bad
bad
bad
bad
bad
bad
bad
bad
bad
bad
bad
bad
---------------------------------------
|             Epoch |               7 |
|             EpRet |           -10.5 |
|         EpRealRet |           -10.5 |
|         TestEpRet |               0 |
|         AverageQ1 |             -50 |
|             StdQ1 |           0.146 |
|             MaxQ1 |           -48.2 |
|             MinQ1 |           -50.5 |
|                Q2 |             -50 |
|       TestSuccess |               0 |
| TotalEnvInteracts |         1.6e+06 |
|         TotalTime |             221 |
---------------------------------------
bad
bad
bad
bad
bad
bad
bad
bad
bad
bad
bad
bad
bad
bad
bad
bad
bad
bad
---------------------------------------
|             Epoch |               8 |
|             EpRet |           -11.8 |
|         EpRealRet |           -11.8 |
|         TestEpRet |               0 |
|         AverageQ1 |             -50 |
|             StdQ1 |            0.15 |
|             MaxQ1 |             -48 |
|             MinQ1 |           -50.7 |
|                Q2 |             -50 |
|       TestSuccess |               0 |
| TotalEnvInteracts |         1.8e+06 |
|         TotalTime |             251 |
---------------------------------------
bad
bad
bad
bad
bad
bad
bad
bad
bad
bad
---------------------------------------
|             Epoch |               9 |
|             EpRet |           -8.55 |
|         EpRealRet |           -8.55 |
|         TestEpRet |               0 |
|         AverageQ1 |             -50 |
|             StdQ1 |           0.151 |
|             MaxQ1 |           -47.7 |
|             MinQ1 |           -50.6 |
|                Q2 |             -50 |
|       TestSuccess |               0 |
| TotalEnvInteracts |        2.01e+06 |
|         TotalTime |             280 |
---------------------------------------
bad
bad
bad
bad
bad
bad
bad
bad
bad
bad
bad
bad
bad
bad
bad
bad
bad
bad
bad
bad
---------------------------------------
|             Epoch |              10 |
|             EpRet |           -10.5 |
|         EpRealRet |           -10.5 |
|         TestEpRet |               0 |
|         AverageQ1 |             -50 |
|             StdQ1 |           0.147 |
|             MaxQ1 |           -47.5 |
|             MinQ1 |           -50.6 |
|                Q2 |             -50 |
|       TestSuccess |               0 |
| TotalEnvInteracts |        2.21e+06 |
|         TotalTime |             310 |
---------------------------------------
bad
bad
bad
bad
bad
bad
bad
bad
bad
bad
bad
---------------------------------------
|             Epoch |              11 |
|             EpRet |           -11.2 |
|         EpRealRet |           -11.2 |
|         TestEpRet |               0 |
|         AverageQ1 |             -50 |
|             StdQ1 |           0.141 |
|             MaxQ1 |           -47.5 |
|             MinQ1 |           -50.5 |
|                Q2 |             -50 |
|       TestSuccess |               0 |
| TotalEnvInteracts |        2.41e+06 |
|         TotalTime |             341 |
---------------------------------------
bad
bad
bad
bad
bad
bad
---------------------------------------
|             Epoch |              12 |
|             EpRet |           -9.68 |
|         EpRealRet |           -9.68 |
|         TestEpRet |               0 |
|         AverageQ1 |             -50 |
|             StdQ1 |            0.14 |
|             MaxQ1 |           -47.4 |
|             MinQ1 |           -50.5 |
|                Q2 |             -50 |
|       TestSuccess |               0 |
| TotalEnvInteracts |        2.61e+06 |
|         TotalTime |             371 |
---------------------------------------
bad
bad
bad
bad
bad
bad
bad
---------------------------------------
|             Epoch |              13 |
|             EpRet |           -11.7 |
|         EpRealRet |           -11.7 |
|         TestEpRet |               0 |
|         AverageQ1 |             -50 |
|             StdQ1 |           0.138 |
|             MaxQ1 |           -47.2 |
|             MinQ1 |           -50.5 |
|                Q2 |             -50 |
|       TestSuccess |               0 |
| TotalEnvInteracts |        2.81e+06 |
|         TotalTime |             402 |
---------------------------------------
bad
bad
bad
bad
bad
bad
bad
bad
---------------------------------------
|             Epoch |              14 |
|             EpRet |           -10.8 |
|         EpRealRet |           -10.8 |
|         TestEpRet |               0 |
|         AverageQ1 |             -50 |
|             StdQ1 |           0.132 |
|             MaxQ1 |           -47.2 |
|             MinQ1 |           -50.4 |
|                Q2 |             -50 |
|       TestSuccess |               0 |
| TotalEnvInteracts |        3.01e+06 |
|         TotalTime |             433 |
---------------------------------------
bad
bad
bad
bad
bad
bad
bad
bad
bad
bad
bad
bad
bad
---------------------------------------
|             Epoch |              15 |
|             EpRet |           -10.4 |
|         EpRealRet |           -10.4 |
|         TestEpRet |               0 |
|         AverageQ1 |             -50 |
|             StdQ1 |            0.14 |
|             MaxQ1 |           -47.1 |
|             MinQ1 |           -50.4 |
|                Q2 |             -50 |
|       TestSuccess |               0 |
| TotalEnvInteracts |        3.21e+06 |
|         TotalTime |             464 |
---------------------------------------
bad
bad
bad
bad
bad
---------------------------------------
|             Epoch |              16 |
|             EpRet |           -10.7 |
|         EpRealRet |           -10.7 |
|         TestEpRet |               0 |
|         AverageQ1 |             -50 |
|             StdQ1 |           0.143 |
|             MaxQ1 |           -47.1 |
|             MinQ1 |           -50.5 |
|                Q2 |             -50 |
|       TestSuccess |               0 |
| TotalEnvInteracts |        3.41e+06 |
|         TotalTime |             496 |
---------------------------------------
bad
bad
bad
bad
bad
bad
bad
bad
---------------------------------------
|             Epoch |              17 |
|             EpRet |           -10.1 |
|         EpRealRet |           -10.1 |
|         TestEpRet |               0 |
|         AverageQ1 |             -50 |
|             StdQ1 |           0.144 |
|             MaxQ1 |           -46.9 |
|             MinQ1 |           -50.5 |
|                Q2 |             -50 |
|       TestSuccess |               0 |
| TotalEnvInteracts |        3.61e+06 |
|         TotalTime |             527 |
---------------------------------------
bad
bad
bad
---------------------------------------
|             Epoch |              18 |
|             EpRet |           -8.44 |
|         EpRealRet |           -8.44 |
|         TestEpRet |               0 |
|         AverageQ1 |             -50 |
|             StdQ1 |           0.145 |
|             MaxQ1 |           -46.9 |
|             MinQ1 |           -50.5 |
|                Q2 |             -50 |
|       TestSuccess |               0 |
| TotalEnvInteracts |        3.81e+06 |
|         TotalTime |             559 |
---------------------------------------
bad
bad
bad
bad
bad
bad
bad
---------------------------------------
|             Epoch |              19 |
|             EpRet |           -9.05 |
|         EpRealRet |           -9.05 |
|         TestEpRet |               0 |
|         AverageQ1 |             -50 |
|             StdQ1 |           0.148 |
|             MaxQ1 |           -46.8 |
|             MinQ1 |           -50.7 |
|                Q2 |             -50 |
|       TestSuccess |               0 |
| TotalEnvInteracts |        4.02e+06 |
|         TotalTime |             590 |
---------------------------------------
bad
bad
bad
bad
bad
bad
bad
---------------------------------------
|             Epoch |              20 |
|             EpRet |           -11.1 |
|         EpRealRet |           -11.1 |
|         TestEpRet |               0 |
|         AverageQ1 |             -50 |
|             StdQ1 |           0.148 |
|             MaxQ1 |           -46.7 |
|             MinQ1 |           -50.5 |
|                Q2 |             -50 |
|       TestSuccess |               0 |
| TotalEnvInteracts |        4.22e+06 |
|         TotalTime |             622 |
---------------------------------------
bad
bad
bad
bad
bad
---------------------------------------
|             Epoch |              21 |
|             EpRet |           -10.8 |
|         EpRealRet |           -10.8 |
|         TestEpRet |               0 |
|         AverageQ1 |             -50 |
|             StdQ1 |           0.147 |
|             MaxQ1 |           -46.7 |
|             MinQ1 |           -50.7 |
|                Q2 |             -50 |
|       TestSuccess |               0 |
| TotalEnvInteracts |        4.42e+06 |
|         TotalTime |             654 |
---------------------------------------
bad
bad
bad
bad
bad
bad
bad
bad
bad
bad
bad
---------------------------------------
|             Epoch |              22 |
|             EpRet |           -8.88 |
|         EpRealRet |           -8.88 |
|         TestEpRet |               0 |
|         AverageQ1 |             -50 |
|             StdQ1 |           0.147 |
|             MaxQ1 |           -46.7 |
|             MinQ1 |           -50.5 |
|                Q2 |             -50 |
|       TestSuccess |               0 |
| TotalEnvInteracts |        4.62e+06 |
|         TotalTime |             685 |
---------------------------------------
bad
---------------------------------------
|             Epoch |              23 |
|             EpRet |           -10.7 |
|         EpRealRet |           -10.7 |
|         TestEpRet |               0 |
|         AverageQ1 |             -50 |
|             StdQ1 |           0.137 |
|             MaxQ1 |           -46.9 |
|             MinQ1 |           -50.6 |
|                Q2 |             -50 |
|       TestSuccess |               0 |
| TotalEnvInteracts |        4.82e+06 |
|         TotalTime |             718 |
---------------------------------------
bad
bad
bad
bad
bad
bad
bad
bad
bad
bad
bad
---------------------------------------
|             Epoch |              24 |
|             EpRet |           -9.37 |
|         EpRealRet |           -9.37 |
|         TestEpRet |               0 |
|         AverageQ1 |             -50 |
|             StdQ1 |           0.132 |
|             MaxQ1 |             -47 |
|             MinQ1 |           -50.5 |
|                Q2 |             -50 |
|       TestSuccess |               0 |
| TotalEnvInteracts |        5.02e+06 |
|         TotalTime |             750 |
---------------------------------------
bad
bad
bad
---------------------------------------
|             Epoch |              25 |
|             EpRet |           -7.05 |
|         EpRealRet |           -7.05 |
|         TestEpRet |               0 |
|         AverageQ1 |             -50 |
|             StdQ1 |           0.133 |
|             MaxQ1 |             -47 |
|             MinQ1 |           -50.6 |
|                Q2 |             -50 |
|       TestSuccess |               0 |
| TotalEnvInteracts |        5.22e+06 |
|         TotalTime |             782 |
---------------------------------------
bad
bad
bad
bad
---------------------------------------
|             Epoch |              26 |
|             EpRet |              -8 |
|         EpRealRet |              -8 |
|         TestEpRet |               0 |
|         AverageQ1 |             -50 |
|             StdQ1 |           0.132 |
|             MaxQ1 |           -46.8 |
|             MinQ1 |           -50.5 |
|                Q2 |             -50 |
|       TestSuccess |               0 |
| TotalEnvInteracts |        5.42e+06 |
|         TotalTime |             814 |
---------------------------------------
bad
bad
---------------------------------------
|             Epoch |              27 |
|             EpRet |           -8.13 |
|         EpRealRet |           -8.13 |
|         TestEpRet |               0 |
|         AverageQ1 |             -50 |
|             StdQ1 |           0.131 |
|             MaxQ1 |           -46.8 |
|             MinQ1 |           -50.7 |
|                Q2 |             -50 |
|       TestSuccess |               0 |
| TotalEnvInteracts |        5.62e+06 |
|         TotalTime |             846 |
---------------------------------------
bad
bad
bad
bad
---------------------------------------
|             Epoch |              28 |
|             EpRet |           -9.58 |
|         EpRealRet |           -9.58 |
|         TestEpRet |               0 |
|         AverageQ1 |             -50 |
|             StdQ1 |           0.139 |
|             MaxQ1 |           -46.7 |
|             MinQ1 |           -50.5 |
|                Q2 |             -50 |
|       TestSuccess |               0 |
| TotalEnvInteracts |        5.82e+06 |
|         TotalTime |             879 |
---------------------------------------
bad
bad
bad
bad
---------------------------------------
|             Epoch |              29 |
|             EpRet |             -14 |
|         EpRealRet |             -14 |
|         TestEpRet |               0 |
|         AverageQ1 |             -50 |
|             StdQ1 |           0.145 |
|             MaxQ1 |           -46.7 |
|             MinQ1 |           -50.7 |
|                Q2 |             -50 |
|       TestSuccess |               0 |
| TotalEnvInteracts |        6.03e+06 |
|         TotalTime |             912 |
---------------------------------------
bad
bad
