[36;1mSaving config:
[0m
{
    "args":	null,
    "env":	null,
    "exp_name":	"HER_mpi1_random_TD3Torch_PandaReach-v2",
    "logger":	null,
    "logger_kwargs":	{
        "exp_name":	"HER_mpi1_random_TD3Torch_PandaReach-v2",
        "output_dir":	"HER_DRLib_Torch_exps/2023-04-04_HER_mpi1_random_TD3Torch_PandaReach-v2\\2023-04-04_15-49-05-HER_mpi1_random_TD3Torch_PandaReach-v2_s300"
    },
    "net":	null
}
bad
bad
right 9.53693494965017
{'observation': array([-2.94984671e+00, -3.05617929e+00, -1.96790911e+00, -2.28070121e+00,
       -9.03645209e-01,  3.00320919e+00, -5.82076609e-11, -2.32830644e-10,
        1.20150000e-01, -1.49011612e-08,  1.49011612e-08,  1.20150000e-01,
        4.20580506e-01, -8.16478431e-02,  8.34668875e-02,  2.87905157e-01,
       -1.72018424e-01,  4.34207082e-01,  3.31109971e-01, -1.80405408e-01,
        5.38826644e-01,  4.19788212e-01, -1.30178422e-01,  5.06231904e-01,
        5.68028104e-01,  1.00740852e-01,  6.74271861e-01,  6.26000007e-01,
        8.46107746e-02,  6.84499293e-01,  6.02141482e-01,  1.03505217e-01,
        3.51679664e-01,  5.20149686e-01,  1.46681884e-01,  4.16410675e-01,
        6.92906474e-01, -1.64853315e-01,  1.86166635e-01,  8.40638912e-02,
        8.99017348e-02,  5.17547961e-02,  6.38474038e-02,  4.09805252e-02]), 'achieved_goal': array([ 0.41978821, -0.13017842,  0.5062319 ]), 'desired_goal': array([ 0.53219057, -0.19285994,  0.3815097 ])}
[-2.949846710246545, -3.056179290244429, -1.9679091064324628, -2.2807012091913883, -0.9036452087272568, 3.003209189217808]
right -0.7152529317125165
{'observation': array([-2.85205846e+00, -2.72094276e+00, -2.10996310e+00, -2.00486827e+00,
       -3.86581070e-01, -2.00619916e+00,  0.00000000e+00, -2.32830644e-10,
        1.20150000e-01, -1.49011612e-08,  1.49011612e-08,  1.20150000e-01,
        3.72934282e-01, -1.09817930e-01, -6.35891110e-02,  2.98531950e-01,
       -2.06747219e-01,  3.02275985e-01,  3.32144737e-01, -2.16644704e-01,
        4.10231858e-01,  3.96946013e-01, -1.32414654e-01,  3.97778183e-01,
        5.68028104e-01,  1.00740852e-01,  6.74271861e-01,  6.26000007e-01,
        8.46107746e-02,  6.84499293e-01,  6.02141482e-01,  1.03505217e-01,
        3.51679664e-01,  5.20149686e-01,  1.46681884e-01,  4.16410675e-01,
        6.92906474e-01, -1.64853315e-01,  1.86166635e-01,  8.40638912e-02,
        8.99017348e-02,  5.17547961e-02,  6.38474038e-02,  4.09805252e-02]), 'achieved_goal': array([ 0.39694601, -0.13241465,  0.39777818]), 'desired_goal': array([ 0.53219057, -0.19285994,  0.3815097 ])}
[-2.855218770006126, -2.7000881177394853, -2.1319356109234753, -2.0042778720395633, -0.386561340231113, -2.0062890023222266]
right -1.1715120225443698
very well
{'observation': array([ 3.13208418e+00,  1.65088684e+00,  1.97326252e+00, -7.79851837e-01,
       -1.92349047e+00,  2.98775579e+00, -3.63797881e-12,  4.65661287e-10,
        1.20150000e-01,  5.58793545e-09,  0.00000000e+00,  1.20149985e-01,
        3.44005525e-02,  3.28681432e-04,  5.48771620e-01,  3.61896724e-01,
       -1.10563025e-01,  3.77781808e-01,  4.70037401e-01, -1.09534606e-01,
        4.12231654e-01,  5.00865161e-01, -1.46204218e-01,  3.16555172e-01,
        5.68028104e-01,  1.00740852e-01,  6.74271861e-01,  6.26000007e-01,
        8.46107746e-02,  6.84499293e-01,  6.02141482e-01,  1.03505217e-01,
        3.51679664e-01,  5.20149686e-01,  1.46681884e-01,  4.16410675e-01,
        6.92906474e-01, -1.64853315e-01,  1.86166635e-01,  8.40638912e-02,
        8.99017348e-02,  5.17547961e-02,  6.38474038e-02,  4.09805252e-02]), 'achieved_goal': array([ 0.50086516, -0.14620422,  0.31655517]), 'desired_goal': array([ 0.53219057, -0.19285994,  0.3815097 ])}
[3.1320841795494565, 1.650886836877652, 1.97326252476967, -0.7798518371430925, -1.9234904720362649, 2.9877557859724697]
