[36;1mSaving config:
[0m
{
    "args":	null,
    "env":	null,
    "exp_name":	"HER_mpi1_random_TD3Torch_PandaReach-v2",
    "logger":	null,
    "logger_kwargs":	{
        "exp_name":	"HER_mpi1_random_TD3Torch_PandaReach-v2",
        "output_dir":	"HER_DRLib_Torch_exps/2023-04-04_HER_mpi1_random_TD3Torch_PandaReach-v2\\2023-04-04_15-24-49-HER_mpi1_random_TD3Torch_PandaReach-v2_s300"
    },
    "net":	null
}
midle joint position->>>>>>>> [2.8603572865559026, -3.1041625039780705, -2.0901229904802494, 2.4593562148060806, 1.9888062174425438, 1.9235691334362603]
midle joint position->>>>>>>> [2.58579669118769, -2.9949671124801927, -1.449980688803134, 0.555303018937328, -2.2289289293134606, 0.4494389603151032]
midle joint position->>>>>>>> [2.4754367559281616, 1.4695756250313194, 1.8348119467521005, -1.752804503738203, 2.9556760792160017, -0.5187018382761917]
bad
midle joint position->>>>>>>> [0.07609815634369754, 0.2522335563720559, 0.9745144128561072, 2.0200536142983103, -0.27212870844732606, -1.5591419737305063]
midle joint position->>>>>>>> [-3.1152658036731147, 2.031923553398722, 1.1372340689420546, 2.5046543322893284, 0.8551931737834426, -2.556466830690663]
midle joint position->>>>>>>> [-3.1330192931679903, 2.7968285521064327, 0.3716954678939821, 2.1715591555145317, -1.7510008320039725, -2.9976823426228454]
midle joint position->>>>>>>> [-3.027292018498115, -2.8822634235550857, -1.7895998611183133, 2.3963384940074053, 0.6588460669042178, 1.2996317032232363]
midle joint position->>>>>>>> [0.48711164238918325, -0.6602186048708392, 1.4665864346966138, -1.5672965991455738, -2.0670778655508193, 0.3368843189264097]
midle joint position->>>>>>>> [0.3330407893406755, -0.3151242868137838, 1.865084666521954, -0.4068623684491097, 1.6154404597502672, -2.3791244135386256]
midle joint position->>>>>>>> [0.3133893494425406, -0.026876478400516213, 0.5851419452043527, 1.278720184167923, 0.7068748481297984, 2.6510527254444765]
midle joint position->>>>>>>> [0.5062062184143836, -0.5471301954905665, 1.5009972622398853, -1.4429211291846273, 3.035044725398049, -1.85856263369536]
