[36;1mSaving config:
[0m
{
    "args":	null,
    "env":	null,
    "exp_name":	"HER_mpi1_random_TD3Torch_PandaReach-v2",
    "logger":	null,
    "logger_kwargs":	{
        "exp_name":	"HER_mpi1_random_TD3Torch_PandaReach-v2",
        "output_dir":	"HER_DRLib_Torch_exps/2023-04-04_HER_mpi1_random_TD3Torch_PandaReach-v2\\2023-04-04_16-17-39-HER_mpi1_random_TD3Torch_PandaReach-v2_s300"
    },
    "net":	null
}
right 6.100052447632344
right 2.450624158932781
right -2.9940504914234545
right -5.835656983154255
right -7.341876531024404
right 2.41147932722256
very well
epoch: 5 	ep: 0 	ep_rew: 94.79057192818559 	time: 11.455 	done: 1
right 1.5414236190155464
right -11.807045408963148
right 3.4607500131634836
right -11.266281935937098
right -17.810380125813467
right -31.107976005490556
right -15.552183243664942
right -39.71060453782387
right -14.42836799576838
right -10.561648967372715
right 4.493223244048994
right -13.134705286184527
right -2.067664691681731
right 5.486856426378291
right 4.90464600889427
right -1.3147946103568042
right 5.0976898578592165
very well
epoch: 5 	ep: 3 	ep_rew: 114.17439768277498 	time: 12.978 	done: 1
right -7.40367402634034
right 8.212191844539445
right 0.8908803726153387
right 6.548060403080499
right -6.951758497229928
very well
epoch: 5 	ep: 5 	ep_rew: 108.69937412300536 	time: 8.017 	done: 1
right 4.267781395445155
right 2.9143184849868318
right -8.116971323103932
right -1.9771398382091725
very well
epoch: 5 	ep: 6 	ep_rew: 97.08798871911888 	time: 14.695 	done: 1
right -50.60265544941671
right 6.928314074913034
right 2.5140267923895676
right -7.15315504769552
right -7.8545805157414925
right -3.733314653256315
very well
epoch: 5 	ep: 8 	ep_rew: 90.70129065060928 	time: 6.491 	done: 1
right 7.521331124952966
right 2.8745058606578553
right 0.595042685830018
very well
epoch: 5 	ep: 9 	ep_rew: 110.99087967144084 	time: 43.117 	done: 1
right -17.075141924669524
right -67.05788881020035
right -41.48958148841118
right 7.208416401241864
right -10.42319316041711
right -17.455573857972055
right -16.80282811457357
right -11.796883859600527
right -6.236857850119165
right -8.65914437637894
right -6.549372527723399
right 6.158075927689117
right 2.894057676917223
right -0.5978920068931455
right -1.853098277637077
very well
epoch: 5 	ep: 13 	ep_rew: 106.60114332007612 	time: 4.154 	done: 1
right 7.503746307661288
right 4.876654802857459
right 2.715779979272945
very well
epoch: 5 	ep: 14 	ep_rew: 115.0961810897917 	time: 5.583 	done: 1
right 8.198448574255949
right 3.553625543442571
right 2.9654079143527
very well
epoch: 5 	ep: 15 	ep_rew: 114.71748203205121 	time: 13.492 	done: 1
right 2.7122404760411856
right 1.0987635088136152
right -10.277899707021266
right -10.567913332907239
right -14.831452658971173
right -6.005652788876624
right -7.585628444675617
right -8.041050423197976
right -10.02578679081612
right -29.427596261813214
right -28.064154565957388
right 2.9022693864736997
right -9.585908551881232
right -10.002129246080912
right -0.612797000567296
right 7.540340064720043
right -24.99690973357403
right 4.1017409225483545
right -22.702853944008567
right -41.046545913256594
right 4.912537980811706
right 2.650411524363715
very well
epoch: 5 	ep: 18 	ep_rew: 107.56294950517542 	time: 1.553 	done: 1
right 5.7567280373831515
right 3.897126148376123
right -0.6601006169596637
right -4.567251373944103
very well
epoch: 5 	ep: 19 	ep_rew: 104.42650219485552 	time: 836.275 	done: 1
right 8.664306782554146
right 4.634623330058865
right -0.569668110482521
right -5.639232545610627
right 2.0614102731481996
very well
epoch: 5 	ep: 20 	ep_rew: 109.15143972966806 	time: 23.557 	done: 1
right 5.114669820945806
right 7.704249629081017
very well
epoch: 5 	ep: 21 	ep_rew: 112.81891945002683 	time: 6.806 	done: 1
right 5.64630293086203
right 4.812407849071379
right -0.409007846188965
very well
epoch: 5 	ep: 22 	ep_rew: 110.04970293374444 	time: 7.806 	done: 1
right 1.9693346199161859
right 1.243504284370454
right -5.5070779327231065
right 2.393003662252208
right -8.243825439924631
right -7.45297164407193
right -20.794702328966462
right -10.49906586687392
right -53.13204408685078
right 0.8463642810041545
right 0.49016552409833025
right 6.745620528770866
right 4.349539162435367
right -1.2121892339045708
right -0.030302833007935348
very well
epoch: 5 	ep: 24 	ep_rew: 109.85266762429373 	time: 26.44 	done: 1
right 8.28811142720821
right -50.387413317970555
right -9.420695520491357
right -29.95679814857968
right 0.8890139569819553
right -28.576832053246136
right -0.7754728166633349
right -5.518225566225755
right -10.590019121774468
right 3.7596452799235838
right -16.75755568279574
right 4.682467940737437
right 2.970494274893425
right -6.134279838056514
very well
epoch: 5 	ep: 27 	ep_rew: 101.51868237757435 	time: 5.886 	done: 1
right 5.811283539443524
right 2.860032949548927
right -1.4458308085494522
very well
epoch: 5 	ep: 28 	ep_rew: 107.22548568044299 	time: 9.073 	done: 1
right 6.117927708765251
right 6.165757244408866
right -3.2874477489273417
right 2.85958763854918
very well
epoch: 5 	ep: 29 	ep_rew: 111.85582484279595 	time: 269.074 	done: 1
right -12.563495117674993
right -14.435340284727395
right 6.2605390746410094
right -26.92166375006346
right -14.85788794425812
right -2.434189362306622
right 8.752900030808437
right 7.234282722751444
very well
epoch: 5 	ep: 31 	ep_rew: 115.98718275355988 	time: 5.516 	done: 1
right 6.013502539845831
right 2.971511122011848
right 5.040282269298589
very well
epoch: 5 	ep: 32 	ep_rew: 114.02529593115626 	time: 9.425 	done: 1
right 6.85404943799927
right 1.3376027968103212
right -0.539148927931306
very well
epoch: 5 	ep: 33 	ep_rew: 107.65250330687829 	time: 47.893 	done: 1
right 6.608371715241367
right 1.1230287890865664
right -0.4507809770541229
right -0.9850093089784195
right 2.792050118595901
very well
epoch: 5 	ep: 34 	ep_rew: 109.08766033689129 	time: 20.031 	done: 1
right -3.7243080333006517
right -10.231728005897857
right -8.420315727216014
right -4.758561071254528
right -0.15150563352275626
right -1.2206631787568778
right -10.17814435123638
right 0.4763693468617429
right -14.030474867648355
right 8.146451684415522
right -0.1646368203559856
right -1.8949833498599276
very well
epoch: 5 	ep: 36 	ep_rew: 106.08683151419962 	time: 7.995 	done: 1
right 8.451176793922178
right 4.745392165166786
right -3.3433119733704544
right 4.9952776727506185
very well
epoch: 5 	ep: 37 	ep_rew: 114.84853465846913 	time: 15.742 	done: 1
right 5.323510639277624
right 5.282253491073711
very well
epoch: 5 	ep: 38 	ep_rew: 110.60576413035135 	time: 5.74 	done: 1
right 5.990134379421206
right 2.8383585954453796
right -3.7176865177586116
very well
epoch: 5 	ep: 39 	ep_rew: 105.11080645710797 	time: 13.833 	done: 1
right -6.060674401136765
right -6.200115130896894
right -2.783678395252835
right 4.833521300895246
right -14.912997280572835
right -17.86561690931997
right -10.241803043957166
right -18.62501681206593
right 6.238311780136305
right 2.0964078884711412
right -4.50179354823187
very well
epoch: 5 	ep: 41 	ep_rew: 103.83292612037557 	time: 4.263 	done: 1
right 6.87633248637049
right 1.6047347268601602
right 1.8921466036644699
right -1.1465758652318403
very well
epoch: 5 	ep: 42 	ep_rew: 109.22663795166328 	time: 5.622 	done: 1
right 7.013282256852412
right 3.601729615763478
right 6.436866047419368
very well
epoch: 5 	ep: 43 	ep_rew: 117.05187792003527 	time: 10.825 	done: 1
right 6.368537547569472
right 3.6553613511315746
right 3.3996039755600362
very well
epoch: 5 	ep: 44 	ep_rew: 113.42350287426109 	time: 5.219 	done: 1
right 3.6236441635360706
right 0.8374226984393083
right -2.0506599485952304
right -4.255635114940636
very well
epoch: 5 	ep: 45 	ep_rew: 98.15477179843951 	time: 128.882 	done: 1
right -14.58935325651472
right 7.171977028644276
right 2.8604789098644803
very well
epoch: 5 	ep: 47 	ep_rew: 110.03245593850876 	time: 13.462 	done: 1
right -46.67627254611937
right -42.4382065570728
right 0.6618524087868298
right -19.876368111691377
right -9.195650631606249
right -13.267797984481732
right -3.3949336297320123
right -5.03231179881028
right -8.730732361228611
right -5.083808617677672
right -8.797628459228974
right -6.280910786267633
right -5.827573229817933
right -0.09960211447557654
right -13.28491586277567
right 6.564352664393841
right -0.40228888497400916
right 1.161445339984347
very well
epoch: 5 	ep: 49 	ep_rew: 107.32350911940418 	time: 8.692 	done: 1
right -36.127457563727894
right -36.57600046239448
right -36.99221755801708
right -37.37511401985506
right -37.72205875169809
right -38.031383722570844
right -38.30229273403991
right -38.53487783924426
right -38.729938682297174
right -38.888993910069956
right -39.01701842843664
right -39.1186135559481
right -39.195444111983704
right -39.24924559046097
right -39.281798882496474
right -39.29531823535599
right -39.29267785297554
right -39.275368918311486
right -39.243941140106735
right -39.19949505527592
right -39.143339273848156
right -39.07648457722891
right -38.99980672568713
right -38.91434244910906
right -38.82104851833712
right -38.72096976805171
right -38.6190859370617
right -38.52079147021146
right -38.42629255431855
right -38.33571893558634
right -38.24918527665615
right -38.166747836666644
right -38.08842952479288
right -38.01426956439692
right -37.94425591282179
right -37.87836985666503
right -37.816582031570476
right -37.758858836883434
right -37.70545206226406
right -37.65644434658288
right -37.61176863972999
right -37.57128855105458
right -37.53492985209056
right -37.50255151249669
right -37.47403722335736
right -37.449271257441616
right -51.41098510124354
right -46.606032865603794
right -48.95463309493315
right -52.08294451277923
right -55.18272219151258
right -56.85541203642744
right -38.38142603730781
right -18.927793439541954
right -23.036261328328386
right -16.83649704726808
right -21.9613122991119
right -33.47173341992739
right -24.28365469567096
right -18.284508889495555
right 0.8577097966450591
right 0.8564155141717826
right 0.8525110112241148
right 0.8462042334804583
right 0.8377015232377065
right 0.8271957372707472
right 0.814864718626847
right 0.8008706554088718
right 0.7853591143098555
right -46.36345587057106
right -0.7904105641083845
right 2.610963765754967
right 2.222403955907602
right -51.57318422113387
right -57.0593452473677
right -64.7388463078005
right -63.17097330781712
right -57.32819998913783
right -123.90723470171565
right 0.9416034052702127
---------------------------------------
|             Epoch |               5 |
|             EpRet |       -1.01e+03 |
|         EpRealRet |       -1.01e+03 |
|         TestEpRet |        -6.4e+03 |
|         AverageQ1 |           -41.6 |
|             StdQ1 |            17.2 |
|             MaxQ1 |             757 |
|             MinQ1 |            -406 |
|                Q2 |           -41.4 |
|       TestSuccess |               0 |
| TotalEnvInteracts |         1.2e+06 |
|         TotalTime |        1.67e+03 |
---------------------------------------
right -42.67609117398311
right 0.5041855265695876
right -0.9210085191478417
right 5.620855323071641
right -0.7257845720913032
right -13.733441301013002
right -1.998041163023208
right -85.7981915811854
right -76.73607449141171
right -72.33058699394971
right 6.955212006199027
right 3.7704939823642736
right -4.8411923367789615
right -6.441189013316549
right -6.540941454727161
right -1.6982147329737156
very well
epoch: 5 	ep: 1 	ep_rew: 91.20416845076691 	time: 21.02 	done: 1
right 7.922477247406425
right 0.28251889434191924
right -1.647388944998374
right -1.2078640595778172
right -7.045468578173601
right -7.249284973648976
right -5.912257433012959
right 4.455663482914841
very well
epoch: 5 	ep: 2 	ep_rew: 89.59839563525146 	time: 323.652 	done: 1
right -38.76134499932901
right -48.595641985250495
right -19.593725808171904
right -27.8619233983054
right -5.027024920579681
right -7.7268386801010855
right -5.748184950587515
right 8.21762876229251
right 1.951392243562525
right -4.642038013670572
right -5.621546885509046
right -3.064537927351461
right -6.010234429443273
right 3.738791113821968
very well
epoch: 5 	ep: 4 	ep_rew: 94.56945486370266 	time: 81.683 	done: 1
right 8.724783892374154
right -0.4327607677855241
right -0.0556931360002455
right -3.5401254494067285
right -7.420306875856454
right -8.454910699528696
right -3.144779809106101
right -8.668286688212877
right -7.183693199984564
right -8.009903611800627
right -2.9815984929398365
right -2.333564220153715
very well
epoch: 5 	ep: 5 	ep_rew: 56.49916094159878 	time: 86.251 	done: 1
right -1.9686862803935128
right -6.237663208574968
right -13.393484223244016
right 6.007347736698742
right 0.45460620101020055
right 8.18364602365244
right -25.038461384879255
right -14.357158928243294
right -16.53574949608752
right 5.039016515158114
right 5.2706262314595715
right -8.39373739156786
right -4.208150795963983
right -3.4261175351700874
right -0.5517097645960369
very well
epoch: 5 	ep: 8 	ep_rew: 93.72992725931971 	time: 13.773 	done: 1
right 6.929231736961442
right 3.3448150371702026
right -1.193104333468023
very well
epoch: 5 	ep: 9 	ep_rew: 109.08094244066362 	time: 58.953 	done: 1
right -45.782081011033284
right -18.926861975713493
right -13.47188339071339
right 1.8700703718523393
right -16.33934817750937
right 3.372988553020262
right -35.617195021186994
right -26.766030638928328
right 2.7160288575960534
right -7.33379857818861
right -2.4845286833348013
right 2.956979671478141
right -16.044782527279644
right 4.301890919348539
right -7.619073143210038
right -14.004185912868351
right -8.957777814867846
right 6.234546482014759
right 1.639053590019497
right -0.24053777283192623
right 0.27329120158180054
right 2.885731100624028
right -28.18496955476887
right -11.64342108339904
right -9.940419771314467
right -4.405858297384317
right -15.075717628617479
right -18.099259690445013
right -9.000257807018045
right 4.670494318912274
right 6.658700567282372
right 1.14008091380391
right 2.9283553056411114
very well
epoch: 5 	ep: 13 	ep_rew: 110.72713678672739 	time: 38.675 	done: 1
right 8.37921337859939
right 3.9873518736581817
right 0.47253208907501865
very well
epoch: 5 	ep: 14 	ep_rew: 112.83909734133259 	time: 13.66 	done: 1
right 6.399396822830642
right 3.488209692444002
right -0.037556137951749946
right 3.272135214210609
very well
epoch: 5 	ep: 15 	ep_rew: 113.12218559153351 	time: 65.146 	done: 1
right 8.556484419092204
right -1.7410597868560558
right -7.303639932850558
right -6.726886816818659
right -2.477026259455579
right -0.13935172305703958
very well
epoch: 5 	ep: 16 	ep_rew: 90.1685199000543 	time: 18.518 	done: 1
right 5.954612385158029
right 5.910157027528553
right 4.246300855598239
very well
epoch: 5 	ep: 17 	ep_rew: 116.11107026828482 	time: 28.756 	done: 1
right 7.099244320981936
right 3.1054976666706278
right -6.296320787136359
right -6.619446760056114
right -3.6903745193776256
right -7.380570946928032
right -2.9991871639359164
right -0.7803829923125214
very well
epoch: 5 	ep: 18 	ep_rew: 82.438458817906 	time: 14.975 	done: 1
right 2.6746926609617834
right 0.10165129097395287
right -9.305476095579234
right -31.505920169878358
right 6.353741471142287
right -20.924512061649445
right 5.8090855430459465
right 2.5713877524624955
right -2.9635174573599414
very well
epoch: 5 	ep: 20 	ep_rew: 105.4169558381485 	time: 18.121 	done: 1
right 5.519421231694504
right 7.655411422096977
right -5.830847905960736
very well
epoch: 5 	ep: 21 	ep_rew: 107.34398474783075 	time: 17.273 	done: 1
right -10.557902427862341
right 2.451626859406648
right -10.208840501809824
right 6.356337518505395
right 1.92537790179097
right -0.5181651246010848
very well
epoch: 5 	ep: 23 	ep_rew: 107.76355029569528 	time: 7.644 	done: 1
right -6.39016814143195
right 5.272712032435406
right 5.14656078316984
right 0.850390714618019
right -3.8134574982255387
right -3.6645072313902425
very well
epoch: 5 	ep: 26 	ep_rew: 98.51898676817207 	time: 10.117 	done: 1
right 4.42848918782532
right 1.5316938876278723
right -5.71772204385505
right -1.6939324338287562
right -3.187546755358584
right -2.778941985886444
right -5.883718494257746
right -1.7544257203149645
very well
epoch: 5 	ep: 27 	ep_rew: 84.94389564195164 	time: 13.817 	done: 1
right -10.594719146355814
right -4.89387528730102
right -1.56155836578818
right 1.33230461891214
right -0.9325362294745645
right -2.044919752188587
right -0.9937368267713289
right -5.194101794113124
right 2.5824258210692808
right -15.99205173461213
right 6.676927911625705
right -11.545999874394383
right -9.642406653087384
right -59.87763672407189
right -36.098561966495915
right 0.28192692956822185
right 4.517161161430594
right 7.297568528327547
right 2.4910358025638857
right 4.983512391846478
right -14.514070688047212
right -5.960132914651004
right 5.9523316623037505
right 2.3291490342953285
right -4.802185040854042
very well
epoch: 5 	ep: 30 	ep_rew: 103.47929565574503 	time: 15.261 	done: 1
right 1.580965955526409
right 1.874492841507502
right -11.257593609099562
right 8.702466324587624
right 5.504247161405729
right 0.1612323053382987
very well
epoch: 5 	ep: 32 	ep_rew: 114.36794579133165 	time: 25.57 	done: 1
right 6.13945971124288
right 4.434763300600286
right -2.6147420959863172
right -6.023589853985705
very well
epoch: 5 	ep: 33 	ep_rew: 101.93589106187115 	time: 9.788 	done: 1
right 6.868210970753521
right 6.4463236226975305
right 0.015827792942545216
very well
epoch: 5 	ep: 34 	ep_rew: 113.3303623863936 	time: 74.666 	done: 1
right 6.922204165742636
right 4.022250795555934
right 2.1717116591559114
very well
epoch: 5 	ep: 35 	ep_rew: 113.11616662045449 	time: 36.084 	done: 1
right 8.243189858931505
right 2.583059738478168
right 0.6610727978609674
right 1.7339280732965676
very well
epoch: 5 	ep: 36 	ep_rew: 113.2212504685672 	time: 23.64 	done: 1
right 7.385353109770695
right 1.4032674179496798
right -4.29621682716151
right 3.83100941360086
very well
epoch: 5 	ep: 37 	ep_rew: 108.32341311415973 	time: 7.281 	done: 1
right -49.87824496872854
right 9.001655913019372
right 2.8316386019741255
right -2.246820299465238
right 0.27069160483467414
very well
epoch: 5 	ep: 39 	ep_rew: 109.85716582036292 	time: 43.267 	done: 1
right 7.790170637819349
right 1.2046512353227499
right 2.754483465660428
very well
epoch: 5 	ep: 40 	ep_rew: 111.74930533880253 	time: 20.025 	done: 1
right 8.744064972762478
right -0.11661280582588596
right 0.37467696938061046
very well
epoch: 5 	ep: 41 	ep_rew: 109.00212913631721 	time: 62.033 	done: 1
right -8.643944507169131
right -3.5361747879526675
right -43.7322080844557
right 0.1989916945575061
right -7.360470794701936
right -2.9267003101290143
right -19.995053402197303
right -10.1493235118918
right -0.7310554189648109
right -6.401042783651164
right 5.996399906223198
right 5.673573436290117
right -0.8992685863758858
right -5.285331654403599
right -3.6157175828573394
right -6.1847006151327015
right -4.849554552741996
right -4.63991306384893
right -4.07121762811078
right -4.4730883170593145
right 2.1239212197102253
very well
epoch: 5 	ep: 45 	ep_rew: 73.7787026554698 	time: 52.453 	done: 1
right 7.6827482153547075
right 2.7864279071044322
right 1.760711300689465
right -6.616365401392134
right -6.463548986453823
right 0.26773658467126005
very well
epoch: 5 	ep: 46 	ep_rew: 99.4177096199739 	time: 124.951 	done: 1
right 7.36556242430483
right 5.503093647271976
very well
epoch: 5 	ep: 47 	ep_rew: 112.86865607157681 	time: 6.384 	done: 1
right 3.066775246874256
right -1.3234530025036584
right 0.8004739592532939
very well
epoch: 5 	ep: 48 	ep_rew: 102.5437962036239 	time: 5.849 	done: 1
right 6.779028106584395
right 1.663470647203269
right -4.401009755750776
very well
epoch: 5 	ep: 49 	ep_rew: 104.04148899803688 	time: 4.44 	done: 1
right 6.864061810339671
right 7.001905866699968
right 9.176392687971939
right 9.114833202252326
right 9.552744353558323
right 8.225793666456806
right -44.874965813638745
right 6.217047757318663
right 8.131950495621986
right 8.923036101856917
right 7.02909828529985
right 7.560451376056806
right 9.582379000430919
---------------------------------------
|             Epoch |               5 |
|             EpRet |       -1.16e+03 |
|         EpRealRet |       -1.16e+03 |
|         TestEpRet |       -1.46e+04 |
|         AverageQ1 |           -45.6 |
|             StdQ1 |            12.2 |
|             MaxQ1 |            19.9 |
|             MinQ1 |            -124 |
|                Q2 |           -45.6 |
|       TestSuccess |               0 |
| TotalEnvInteracts |         1.2e+06 |
|         TotalTime |        3.07e+03 |
---------------------------------------
right 6.005155165197684
right 1.8738811574307217
right -4.064241323374828
right 1.4650173501446577
very well
epoch: 5 	ep: 0 	ep_rew: 105.27981234939824 	time: 16.109 	done: 1
right 5.610652635745926
right 3.8129095011814353
right -1.758955395557301
right -8.400710394929863
right 5.09841654341957
very well
epoch: 5 	ep: 1 	ep_rew: 104.36231288985977 	time: 46.011 	done: 1
right 4.493372336194609
right 6.083668750132842
very well
epoch: 5 	ep: 2 	ep_rew: 110.57704108632745 	time: 5.399 	done: 1
right 0.552242414417595
right -36.89626632315316
right -0.4675416255468434
right -4.4990381413581115
right 6.963100453022512
right 1.5016433409146153
right -2.67918971594934
very well
epoch: 5 	ep: 4 	ep_rew: 105.7855540779878 	time: 8.757 	done: 1
right 6.144799564876902
right 7.5496783462130015
right -3.6045826560089793
right -7.590979615891332
right 0.8081627739669521
very well
epoch: 5 	ep: 5 	ep_rew: 103.30707841315655 	time: 22.263 	done: 1
right -4.910649054193325
right -7.10984526929494
right 7.864611510375969
right 2.3377671608764308
right 0.8411951321132634
very well
epoch: 5 	ep: 7 	ep_rew: 111.04357380336566 	time: 3.45 	done: 1
right 7.696320377517459
right 2.704906846105236
right 4.492147877150771
right -3.20899465868016
right -8.775368177171718
right -0.8571923289602417
right -3.3663074551060497
right -3.846561426276363
very well
epoch: 5 	ep: 8 	ep_rew: 94.83895105457893 	time: 29.413 	done: 1
right -23.925065881420643
right 5.439971237326745
right 8.834336413429822
right 2.620952948916873
right 4.305052006167445
right -7.267986830702824
right 1.0597137539062178
very well
epoch: 5 	ep: 10 	ep_rew: 109.55206829171755 	time: 7.197 	done: 1
right 6.428413118786162
right 0.9330538801297656
right -6.8161302570222695
right -6.6510471155633155
right -1.23794755261933
very well
epoch: 5 	ep: 11 	ep_rew: 92.65634207371102 	time: 8.745 	done: 1
right 6.210163501829857
right 2.9766712666071946
right -4.377827260222553
right -5.231193515672423
right -9.33454673731843
right 3.2099897334008087
very well
epoch: 5 	ep: 12 	ep_rew: 93.45325698862445 	time: 17.677 	done: 1
right 5.662145330950653
right 5.3602404883917325
right 4.5979506030850725
very well
epoch: 5 	ep: 13 	ep_rew: 115.62033642242746 	time: 17.256 	done: 1
right 7.871713039564358
right 6.416643710553697
right -3.62531693761799
right -2.7791103824617043
very well
epoch: 5 	ep: 14 	ep_rew: 107.88392943003835 	time: 21.866 	done: 1
right 6.616674395707927
right 3.1151814838840455
right -3.5920360257964106
right -5.654648454466207
very well
epoch: 5 	ep: 15 	ep_rew: 100.48517139932935 	time: 18.695 	done: 1
right 5.839636682481063
right 4.699719878924653
right 3.100882282313382
very well
epoch: 5 	ep: 16 	ep_rew: 113.64023884371909 	time: 9.746 	done: 1
right 5.369831484186264
right 1.8376576699318434
right -1.0917704005741076
right -2.6950569485045364
right -7.579512531836986
right -1.9687793539190643
very well
epoch: 5 	ep: 17 	ep_rew: 93.87236991928341 	time: 59.184 	done: 1
right -14.069256881405753
right -2.2983407519962284
right -12.500846895010788
right -8.925136520456583
right -5.292180236808321
right 2.1746449432909722
right -16.56523725069308
right -21.89861126956284
right -41.9683922344517
right -15.626290948649661
right 7.003346658194383
right 1.0535843040119541
right 0.7099996370608608
right -3.8843105798375746
right -4.9413831629349065
very well
epoch: 5 	ep: 19 	ep_rew: 99.94123685649471 	time: 13.918 	done: 1
right 8.39781050593208
right 2.383601462640753
right -1.9937364958406505
right 1.974773785192788
very well
epoch: 5 	ep: 20 	ep_rew: 110.76244925792497 	time: 17.878 	done: 1
right 6.249745962523024
right 3.327705046180366
right 0.7706623231197884
very well
epoch: 5 	ep: 21 	ep_rew: 110.34811333182319 	time: 8.082 	done: 1
right 6.680375479777609
right 0.9750400180184613
right -2.9610738723617676
right 3.132202009747475
very well
epoch: 5 	ep: 22 	ep_rew: 107.82654363518178 	time: 14.66 	done: 1
right -29.77564135148922
right 3.923358790374131
right 1.5465655107634095
right -7.698363992905712
right -23.076077946832854
right 6.260745032437338
right 4.687977714621425
right -1.9650027857267016
right 2.7343224817491603
very well
epoch: 5 	ep: 25 	ep_rew: 111.71804244308122 	time: 6.837 	done: 1
right -20.212318493126233
right -30.184969650144808
right -3.6043496081475404
right -5.7295582341091205
right -11.965468733737353
right -16.06610188965036
right -15.89351260908542
right -10.152535434871012
right 5.92604949161815
right -9.070243074788362
right 2.3671650186778344
right -19.14468899208533
right -8.737559786333918
right -10.586056459857001
right 1.444316381768818
right 5.765447430822499
right 4.625166335204566
right 3.8924509512775565
right -5.798625376329639
right -7.206599489876936
right -1.7793520237961467
very well
epoch: 5 	ep: 28 	ep_rew: 99.4984878273019 	time: 51.108 	done: 1
right 7.1720646091201905
right 1.8272884434749201
right -3.478668969856418
very well
epoch: 5 	ep: 29 	ep_rew: 105.5206840827387 	time: 2.792 	done: 1
right 6.561511822414753
right 1.5770748696315753
right -4.616575782182565
right -5.293509775340082
right 0.24940823975046733
very well
epoch: 5 	ep: 30 	ep_rew: 98.47790937427415 	time: 15.442 	done: 1
right 6.607155860970356
right 6.71073382166572
right 4.219898171375979
right -1.7477745310369173
very well
epoch: 5 	ep: 31 	ep_rew: 115.79001332297513 	time: 11.583 	done: 1
right -8.161289144690265
right 1.69174807973382
right -13.219595863587315
right -6.516354238782
right -28.928305818089243
right 3.4068712055412442
right 4.7628621088653595
right -18.329953408870598
right 3.9360895304657983
right -17.577954074091462
right 0.9868292319348075
right -5.740219342200366
right -17.580736918565254
right -49.70353116458256
right -14.425773189374556
right -8.249640601834706
right 7.417137624115404
right 0.5499726617000071
right -1.7301103345825837
right -3.6482096989288735
right -7.21113801983374
right 5.17839117059294
very well
epoch: 5 	ep: 34 	ep_rew: 100.55604340306316 	time: 11.356 	done: 1
right -37.085609819576504
right 1.865406979534228
right -27.660367535941887
right -1.5394767619572
right -7.191336539230843
right -16.11611767873923
right -11.582507246392971
right -20.888810388268084
right 7.386952663762704
right 4.909432388932995
right -5.3573031426152955
very well
epoch: 5 	ep: 36 	ep_rew: 106.9390819100804 	time: 6.806 	done: 1
right -22.696545490664974
right 5.5135610334640015
right 8.157287074295498
right -5.650591123966748
very well
epoch: 5 	ep: 38 	ep_rew: 108.02025698379275 	time: 2.77 	done: 1
right -8.965201799077441
right -7.944630971290341
right -0.8395569474670381
right 8.67530050855654
right -0.28763644104490105
right -0.657550164803693
very well
epoch: 5 	ep: 40 	ep_rew: 107.73011390270794 	time: 10.657 	done: 1
right 6.468702402232889
right 0.5091870458265699
right 0.2897125486980645
right -3.948136551531684
right -7.00659368981459
very well
epoch: 5 	ep: 41 	ep_rew: 96.31287175541125 	time: 18.188 	done: 1
right 4.67794819193872
right 0.495796998167533
right -2.662640426683593
right -3.0631812154115874
very well
epoch: 5 	ep: 42 	ep_rew: 99.44792354801108 	time: 17.108 	done: 1
right 7.839170009813936
right 1.599131788829233
right -2.8676750715097263
very well
epoch: 5 	ep: 43 	ep_rew: 106.57062672713344 	time: 1.036 	done: 1
right 6.974965770784248
right -5.022049625479216
right 5.455577306943854
right 3.876362241199862
right -1.9153446560536374
right -5.935164377015592
very well
epoch: 5 	ep: 46 	ep_rew: 101.48143051507448 	time: 58.594 	done: 1
right 6.115008577460735
right 2.083272337009026
right -5.021440310237965
right 4.144704746006816
very well
epoch: 5 	ep: 47 	ep_rew: 107.32154535023862 	time: 19.859 	done: 1
right -1.7979561232152879
right -16.069287092888267
right -10.65639024394532
right -3.540417440445406
right -11.1621196369859
right -12.466754384852852
right 2.992290156597295
right -179.12746052044332
right -7.2050881672440354
right -66.70353924826085
right -5.768948521389664
right 4.680514221360886
right -22.227896405928263
right -4.376882588041493
right -46.62186651887839
right 3.516438906099424
right -0.32190299512563314
right -23.163233416945978
right -4.181545329463711
right -19.28375734950311
right -9.84555517424376
right 5.532279548316969
right -5.493435357734764
right -12.908199917393986
right -5.557333989077371
right -1.545463221827152
right -17.10097550654283
right -14.19352237065246
right -0.9009153162603685
right -7.859329657865363
right -11.765351070847863
right 3.584566515273088
right -8.570475691595433
right -22.658498557795127
right -9.040670512774202
right -14.768115890927078
right -11.175967362834104
right -35.97509083806459
right -3.6552841299445866
right -0.10695473046140336
right 2.0872667612763305
right -6.230762671998352
right -4.737685767587186
right 2.600480054625198
right 4.8187270191342595
right -2.1224112774507624
right -11.457773268989389
right 4.29276763690699
right 5.742459064620688
right -4.456977603208138
right -34.58011806303208
right -18.869846447415277
right -12.999797387909283
right 8.12638470215893
right 8.336691984283092
right 2.3078873181107866
right -4.450120161275201
right -6.001143949128604
---------------------------------------
|             Epoch |               5 |
|             EpRet |            -780 |
|         EpRealRet |            -780 |
|         TestEpRet |        -2.8e+03 |
|         AverageQ1 |           -43.6 |
|             StdQ1 |            15.6 |
|             MaxQ1 |            17.4 |
|             MinQ1 |           -89.1 |
|                Q2 |           -43.6 |
|       TestSuccess |               0 |
| TotalEnvInteracts |         1.2e+06 |
|         TotalTime |        3.71e+03 |
---------------------------------------
right -57.79039561846231
right -25.34766263245848
right 7.917447339262989
right 2.8375853570985363
right -1.7627219912160808
right -6.348502164598745
right 1.8846377526393816
very well
epoch: 5 	ep: 1 	ep_rew: 104.52844629318608 	time: 30.353 	done: 1
right 6.306905929975484
right 7.516716090568405
right 1.8987926479096657
very well
epoch: 5 	ep: 2 	ep_rew: 115.72241466845355 	time: 19.084 	done: 1
right -1.6526261243413636
right -1.8623617378347461
right -19.590731573509995
right -11.61408494710593
right -2.1100130266845607
right 1.0649607858169006
right -11.61371712544199
right -2.983750094886311
right -4.285339401106398
right -12.309973124852345
right 5.853943037486058
right 1.7880655391589109
right -0.5107365609867482
right 0.8560044954975847
very well
epoch: 5 	ep: 4 	ep_rew: 107.98727651115581 	time: 9.129 	done: 1
right -15.091000596076078
right 0.3904421370143112
right -5.3106393437810535
right -15.244076685776328
right -44.55927598920909
right 5.968306681991683
right 6.77284178577473
right -1.4861044399488819
right -0.9094995015629301
very well
epoch: 5 	ep: 6 	ep_rew: 110.3455445262546 	time: 15.113 	done: 1
right -34.58463215468296
right -19.706413994585724
right -6.473447054358562
right -10.043235373665311
right 4.450186012604098
right 0.056804445375632895
right -5.856403015569271
right -4.184366223840891
right 0.04297344736620978
very well
epoch: 5 	ep: 8 	ep_rew: 94.50919466593578 	time: 9.478 	done: 1
right 5.640935313412587
right 3.890210212780553
right 3.5095734422090192
very well
epoch: 5 	ep: 10 	ep_rew: 113.04071896840216 	time: 10.131 	done: 1
right 4.10214161806706
right -0.8202544503169396
right 0.7430802977507245
very well
epoch: 5 	ep: 11 	ep_rew: 104.02496746550085 	time: 2.435 	done: 1
right -5.490330050451195
right 2.898495716018921
right 8.258401688519998
right 7.420356569041772
right -5.865196666678475
very well
epoch: 5 	ep: 13 	ep_rew: 109.8135615908833 	time: 8.23 	done: 1
right 5.91586798134345
right 0.6656867293342952
right -3.9271163219809644
right 0.7574857422693526
very well
epoch: 5 	ep: 14 	ep_rew: 103.41192413096613 	time: 26.292 	done: 1
right 5.3235836721902565
right 2.506366371888479
right -5.390206045550043
right -7.193127103196012
very well
epoch: 5 	ep: 15 	ep_rew: 95.24661689533268 	time: 18.645 	done: 1
right 7.68588906089235
right 8.589992853880068
very well
epoch: 5 	ep: 16 	ep_rew: 116.27588191477241 	time: 1.003 	done: 1
right -67.19101627762633
right -2.9757449449972224
right -56.55070894802385
right 8.021158648255408
right -32.46366729515603
right -10.586079277069981
right -30.754473981543228
right -6.02908072471568
right -5.854528733369529
right 7.2895025382194785
right -17.494551178893325
right 3.6843540725079738
right -8.942416854435567
right -58.72805530792881
right -10.106160712745972
right 5.302335870656855
right 3.789894623164396
right -1.9173386523147702
right 7.58950623733611
very well
epoch: 5 	ep: 19 	ep_rew: 109.46206220818574 	time: 5.742 	done: 1
right 8.354878189224275
right 0.37080124123621694
right 6.068723462982101
very well
epoch: 5 	ep: 20 	ep_rew: 114.7944028934426 	time: 7.33 	done: 1
right 7.724687550799263
right 3.3001431808703474
right -4.2907086521151605
right -3.710976885841111
very well
epoch: 5 	ep: 21 	ep_rew: 103.02314519371335 	time: 12.972 	done: 1
right -47.11941573830472
right 6.3000566602843895
right -21.101046275389024
right -14.983243412148997
right -6.224551154941043
right -6.241113359628155
right -1.6925379562856762
right 3.758088033359649
right 7.991276621562864
right 4.607667073116484
right -3.3445070708451414
right -7.256915606949882
right 0.2717562463762455
very well
epoch: 5 	ep: 24 	ep_rew: 102.26927726326056 	time: 16.31 	done: 1
right 4.574591938658223
right 0.5584148410147343
right -2.2744670263723084
right 2.1711364025093296
very well
epoch: 5 	ep: 25 	ep_rew: 105.02967615580998 	time: 8.191 	done: 1
right 2.264140662484733
right -5.089787748779411
right -45.57609044724679
right -9.29732561211841
right -5.782272590787311
right -10.403642760191044
right 1.4136897235785728
right -8.313831030818516
right 5.793780108830427
right -2.901391541922038
right -1.9679386508591907
right -0.2547492659446142
right -5.219580060459474
very well
epoch: 5 	ep: 27 	ep_rew: 95.45012058964511 	time: 9.368 	done: 1
right 8.199035179918937
right 1.1708326786193304
right -3.8978480655727115
right -9.057847586736749
right -7.468383369417737
very well
epoch: 5 	ep: 28 	ep_rew: 88.94578883681108 	time: 24.47 	done: 1
right -4.546290030286551
right -29.812044609913343
right -16.966063816785805
right 8.33187976538628
right -3.86159439950349
right -18.08655466225101
right -18.090820554873144
right -3.418138054897108
right 7.9872417251250685
right -0.021331393568182477
right 0.6440374568728764
right -7.358681790587962
right -6.4138166936971714
right 1.9985954701538553
very well
epoch: 5 	ep: 30 	ep_rew: 96.83604477429849 	time: 23.228 	done: 1
right 8.694333742965254
right 1.0936575411650598
right 5.918419934714508
very well
epoch: 5 	ep: 31 	ep_rew: 115.70641121884482 	time: 4.065 	done: 1
right 5.916987123280702
right 5.605440353078298
right -7.9056422245862095
right -7.117354515311888
right -2.1053813815899396
very well
epoch: 5 	ep: 32 	ep_rew: 94.39404935487096 	time: 21.781 	done: 1
right 4.786689487076707
right 3.677746637634077
right -2.202444799381107
very well
epoch: 5 	ep: 33 	ep_rew: 106.26199132532967 	time: 4.039 	done: 1
right 4.105825684027833
right 0.3426907720794734
very well
epoch: 5 	ep: 34 	ep_rew: 104.44851645610731 	time: 1.84 	done: 1
right 8.092566429106252
right 4.836311852173379
right -4.098273097706439
right 2.680870012169075
very well
epoch: 5 	ep: 35 	ep_rew: 111.51147519574228 	time: 5.469 	done: 1
right -2.992008498431428
right 0.05244787399643691
right -6.31865438522761
right -3.719595567794066
right -4.3635252964102484
right -23.865614474630355
right -3.86609584202926
right -5.982921644927284
right 4.257066229202153
right -3.7362096088670036
right -11.20673014995019
right -4.077811209254296
right 5.771552983252744
right -7.319239992700254
right 7.092856766298573
right 5.72745241595397
right -3.128723105338425
right 0.13613451922871178
very well
epoch: 5 	ep: 37 	ep_rew: 109.82772059614283 	time: 20.561 	done: 1
right 6.517402782466212
right 7.562093537045827
right -3.7301819261301645
right -5.473520107144097
right -7.682326156173168
right 4.590163372508416
very well
epoch: 5 	ep: 38 	ep_rew: 101.78363150257303 	time: 74.099 	done: 1
right 4.950650180946847
right 8.202138628841967
right -7.729265630934741
very well
epoch: 5 	ep: 39 	ep_rew: 105.42352317885407 	time: 4.596 	done: 1
right 3.938047333460128
right 4.857542446964745
right 1.6889476004640134
right 7.925032314584514
right -25.456906437583044
right -2.718648046411518
right -12.592890772079478
right 7.811875023963316
right 2.4460257292459175
right -8.320616315657933
right -24.347730889783186
right -5.349253389591537
right 2.251502146040173
right -13.687869554734746
right -3.2210494189649346
right 7.244668059204065
right 2.179020211676077
right -3.1756647865863368
right -2.346142413445074
right 0.9925559800265642
very well
epoch: 5 	ep: 41 	ep_rew: 104.8944370508753 	time: 16.826 	done: 1
right -8.187119711122591
right -17.683963967288406
right -0.6569528365200945
right 5.525648674966755
right 7.147457433730162
right -4.114543314956521
right -8.043081302849899
right -4.891622987712211
right -5.6276048854139304
right -6.280042499907598
right -6.906733405774215
right 2.9377975597107087
very well
epoch: 5 	ep: 43 	ep_rew: 79.74727527179324 	time: 44.868 	done: 1
right 5.710927464092475
right 2.956951149874496
right -0.10824530545506761
right 0.939017682700932
right -7.267686911150804
right -0.36309004834654424
right -5.046157780501625
right 0.5703162884946558
very well
epoch: 5 	ep: 44 	ep_rew: 97.39203253970851 	time: 38.369 	done: 1
right -10.198179707892045
right 0.9884359672099006
right -6.182956029827924
right -16.462873537914078
right 5.2534509581984326
right 2.313295024456706
right 0.10675245134322431
right -5.801764450349312
right -6.315243352420879
right 1.0181610004615766
very well
epoch: 5 	ep: 46 	ep_rew: 96.57465163168975 	time: 28.013 	done: 1
right 5.995703315372774
right 5.869868630040237
very well
epoch: 5 	ep: 47 	ep_rew: 111.86557194541301 	time: 3.021 	done: 1
right 5.02387336821193
right 5.510023970116293
right 2.8480942530361535
right -2.939805455816755
right -0.8599715575459328
right -4.783576234589903
right -5.500205275615155
right -0.034550650104840486
right -2.2527537665553545
right -14.473156595208344
right -5.8220114456532635
right -15.575445587320047
right -2.751596933902631
right -24.588216646047712
right -26.443794264711812
right 4.026896121500268
right -9.751063638663638
right -4.679653441229043
right -16.567101434774973
right -0.29742364371921504
right 2.110045562516083
right -3.3385929612977545
right 8.068963687891806
right -3.7986192216098846
right -24.56707649062914
right 5.5215217175921785
right -42.45464074986104
right -18.474336733445433
right 1.6813101237770418
right -5.931071520043922
right 3.3483705937284416
right 8.068438758548558
right 5.734439889856798
right -14.79746043267335
right 7.440030657957955
right -6.654415084900386
right -11.659954376911799
right -17.343975787263073
right 7.124292198478979
right -12.326686336838527
right -5.18444629845497
right 1.4777678247145083
right -10.94535707841592
right 4.900721542798879
right 6.139016804520551
right -11.375903785041398
right -0.18530771877236418
right 1.9156043720737639
right 0.9973162347302775
right -23.703907691307016
right 4.596627175914941
right 5.1033937799800855
right 0.40241852725625904
right 3.6508124899233962
right 0.6754028963306311
right -34.09652168796391
right 8.985215375022639
---------------------------------------
|             Epoch |               5 |
|             EpRet |       -1.08e+03 |
|         EpRealRet |       -1.08e+03 |
|         TestEpRet |       -4.22e+03 |
|         AverageQ1 |           -43.5 |
|             StdQ1 |            16.1 |
|             MaxQ1 |            26.8 |
|             MinQ1 |           -79.5 |
|                Q2 |           -43.5 |
|       TestSuccess |               0 |
| TotalEnvInteracts |         1.2e+06 |
|         TotalTime |        4.29e+03 |
---------------------------------------
right -50.06664819005025
right -9.255729496710426
right -13.09577218347843
right 6.0831234314614795
right 1.4961339501072803
right -4.826572619604185
right -1.2353468772061298
right 3.6443090726965135
very well
epoch: 5 	ep: 1 	ep_rew: 105.16164695745496 	time: 12.554 	done: 1
right 8.119556325594294
right 2.5479047223152493
right -3.548408827331958
very well
epoch: 5 	ep: 2 	ep_rew: 107.11905222057759 	time: 12.003 	done: 1
right 3.6199737834553787
right -1.038785006500584
right -2.958949168475243
right -6.475173178486763
right -4.813757842983218
very well
epoch: 5 	ep: 3 	ep_rew: 88.33330858700957 	time: 8.553 	done: 1
right 6.360284212709161
right 3.449310089130103
right -2.078387827157126
right -4.0509474247407145
very well
epoch: 5 	ep: 4 	ep_rew: 103.68025904994143 	time: 14.839 	done: 1
right 7.653321776265708
right 4.016258958021833
right -0.019013235320606725
right -1.15509786327606
very well
epoch: 5 	ep: 5 	ep_rew: 110.49546963569088 	time: 48.199 	done: 1
right 4.827647639732653
right 1.697054750469757
right 5.984734710868422
very well
epoch: 5 	ep: 6 	ep_rew: 112.50943710107083 	time: 19.748 	done: 1
right 7.278992544431189
right 6.822506766107297
right -6.002121358649298
right 0.19704117685487788
very well
epoch: 5 	ep: 7 	ep_rew: 108.29641912874408 	time: 271.458 	done: 1
right 7.0515144287880105
right 1.8878586987918826
right 5.328127351928924
very well
epoch: 5 	ep: 8 	ep_rew: 114.26750047950883 	time: 4.737 	done: 1
right 7.4885500182285245
right 3.8366094256307797
right -1.2445763799435667
right -2.4430706140737364
right 4.654240721616646
very well
epoch: 5 	ep: 9 	ep_rew: 112.29175317145865 	time: 78.904 	done: 1
right 6.696553544925046
right 0.13049674892059926
right 2.999801667152858
very well
epoch: 5 	ep: 10 	ep_rew: 109.8268519609985 	time: 7.815 	done: 1
right -0.24737785672200374
right -5.76547254665314
right -30.96421365865374
right 7.684748971274303
right 6.705471063219349
right 6.060912742858697
right -0.8438803413821638
very well
epoch: 5 	ep: 13 	ep_rew: 111.9225034646959 	time: 10.434 	done: 1
right -10.620245283239434
right -0.9883920531767423
right 4.936823989729228
right 4.949214005146537
right 5.864800076897834
very well
epoch: 5 	ep: 16 	ep_rew: 115.7508380717736 	time: 2.574 	done: 1
right 5.721846776222541
right 5.2036074567418895
right -2.2710524880654184
very well
epoch: 5 	ep: 17 	ep_rew: 108.654401744899 	time: 21.637 	done: 1
right 8.96058782623666
right 5.692958046882231
right 3.0948458486128256
very well
epoch: 5 	ep: 18 	ep_rew: 117.7483917217317 	time: 11.524 	done: 1
right 6.291428210018095
right 2.245958895055894
right -2.793612589425967
right -4.342559744187955
very well
epoch: 5 	ep: 19 	ep_rew: 101.40121477146008 	time: 21.058 	done: 1
right 6.783511610575411
right 1.0084785229339222
right -1.2153030342383708
right -1.3488294233731235
very well
epoch: 5 	ep: 20 	ep_rew: 105.22785767589784 	time: 72.432 	done: 1
right -12.663151396748926
right -7.991910613334763
right -18.61421103487194
right -3.771543956202425
right -23.1938765085779
right -19.473096984696575
right -3.1771699239501245
right -6.776320739391533
right -16.534250883268772
right 6.023308198723768
right -0.21795821904880697
right -2.34542135917372
right 2.772017532391229
very well
epoch: 5 	ep: 22 	ep_rew: 106.23194615289248 	time: 10.053 	done: 1
right 7.46557061653322
right 2.4438768067430665
right 0.4301176264230939
right -9.029416892971227
right -2.899078579072391
right -3.777568416895944
very well
epoch: 5 	ep: 23 	ep_rew: 94.63350116075982 	time: 125.415 	done: 1
right -4.2607439602614665
right -15.558543115915455
right -38.31438699317474
right 6.549043790415654
right 5.771964803199873
right 3.910199808685773
right 0.4341528220022628
very well
epoch: 5 	ep: 25 	ep_rew: 110.1163174338879 	time: 9.093 	done: 1
right -12.569282864643888
right 4.300748647633148
right 8.167315057292244
right -5.2617542801859685
right -7.077785214816174
very well
epoch: 5 	ep: 27 	ep_rew: 100.12852420992326 	time: 12.237 	done: 1
right 6.861699347257546
right 5.790123936727694
right 3.544427179106682
very well
epoch: 5 	ep: 28 	ep_rew: 116.19625046309191 	time: 19.818 	done: 1
right -27.12181887767271
right 2.019399841580544
right 6.911829097561573
right 4.076951499803076
right -4.022783148927161
very well
epoch: 5 	ep: 30 	ep_rew: 106.96599744843749 	time: 9.366 	done: 1
right -9.642617131923508
right -10.632549041034338
right -35.348421632094386
right 4.2121141731711464
right -16.555228980074066
right -3.28574309227853
right -34.752267969889665
right -16.656474696509033
right -1.7029124139351008
right -7.7437945236045
right -26.486185850518346
right -20.897464185401784
right -14.534786079619199
right -7.022806024573164
right -8.456977921212335
right 6.110428742286316
right 7.172193677068379
right -0.9838251771934239
right -6.546354867999444
right -7.841847502346614
right -3.7322197653900275
right -5.66586592104553
very well
epoch: 5 	ep: 32 	ep_rew: 88.51250918537966 	time: 20.901 	done: 1
right 5.793716415980576
right 6.248465306719006
right -1.6313975740683944
right -4.810512726771044
very well
epoch: 5 	ep: 34 	ep_rew: 105.60027142186016 	time: 32.221 	done: 1
right 6.7764098634479755
right 3.372580047746
right -5.808139149849973
right -4.111208618234956
very well
epoch: 5 	ep: 35 	ep_rew: 100.22964214310905 	time: 39.223 	done: 1
right 6.5618113751733205
right 4.605850413771952
very well
epoch: 5 	ep: 36 	ep_rew: 111.16766178894527 	time: 3.537 	done: 1
right 5.499931796762531
right 0.491502679430706
right -3.0767768247082987
right -4.177958242877363
right -4.713565373074076
very well
epoch: 5 	ep: 37 	ep_rew: 94.0231340355335 	time: 50.764 	done: 1
right -61.48654841367127
right -28.25914808880001
right 6.318132097808058
right -26.685249202523003
right -15.628310552642809
right -8.279789766886118
right -7.908355038892147
right -24.344173201070042
right -3.448123016123043
right 4.6985624718633945
right 6.745105822277896
right -4.631030319214721
right 0.13982330548759414
right -7.030271677445711
right -6.715467260491469
right -20.296766137628985
right 5.892549952644232
right 4.261050815735599
right -2.95530384001532
right -3.959190082027913
right -5.650796655594078
very well
epoch: 5 	ep: 41 	ep_rew: 97.58831019074252 	time: 18.618 	done: 1
right 5.86471874701681
right -2.1978016006242935
right -3.4094195150500823
right -3.455913660186269
right -5.583768685369472
right 4.146443035603439
very well
epoch: 5 	ep: 42 	ep_rew: 95.36425832139014 	time: 12.851 	done: 1
right 5.073824092355271
right 3.3626092595912462
right 4.631141684058964
very well
epoch: 5 	ep: 43 	ep_rew: 113.06757503600548 	time: 5.688 	done: 1
right 8.012188186162897
right 4.270822292671408
right -3.4949262870110864
right -5.821094556868545
very well
epoch: 5 	ep: 44 	ep_rew: 102.96698963495467 	time: 9.878 	done: 1
right 8.47934737019575
right 1.8179355455059127
right 0.788918136466668
right -4.00868721219547
right -3.9664866759741617
right -4.96604287460525
right -2.5364749431710276
right -1.2251406446135356
right -8.015348930417357
right -7.594680991676139
right -0.5672993547235095
very well
epoch: 5 	ep: 45 	ep_rew: 78.2060394247919 	time: 300.27 	done: 1
right 5.195988609010483
right 2.7867816798852916
right 3.7095020410353623
right -7.594672797204709
right -0.7252955977441093
very well
epoch: 5 	ep: 47 	ep_rew: 103.37230393498231 	time: 8.776 	done: 1
right -23.635229780929755
right -10.976533842729065
right 8.529634649951864
right 6.7348504536274625
right -6.002989572838462
right -1.0298637165507785
very well
epoch: 5 	ep: 49 	ep_rew: 108.23163181419008 	time: 15.282 	done: 1
right -14.936586041938753
right -2.2363538170888493
right -7.055916316707478
right -41.55941537358716
right 7.916803180335679
right -1.1903063376134035
right -0.09118730278621534
right -22.11944485412146
right -14.208148782636737
right -35.352596340837465
right -3.873322940146032
right -19.15209124561406
right 0.11426430733072834
right 5.2136355391761615
right -33.99494843278045
right -0.22532407327335413
right -9.902641919159798
right -11.026515544464438
right 6.532880376479898
right 1.9204085602166252
right 2.791431472820003
right -0.4597627698231932
right 4.923657132524546
---------------------------------------
|             Epoch |               5 |
|             EpRet |            -481 |
|         EpRealRet |            -481 |
|         TestEpRet |        -1.4e+03 |
|         AverageQ1 |           -43.3 |
|             StdQ1 |            16.2 |
|             MaxQ1 |            30.8 |
|             MinQ1 |           -65.9 |
|                Q2 |           -43.3 |
|       TestSuccess |               0 |
| TotalEnvInteracts |         1.2e+06 |
|         TotalTime |        5.66e+03 |
---------------------------------------
right 0.4499535163645998
right -7.900357654045596
right -1.8994401409102597
right -6.23639788786943
right -1.2073749671922567
right -3.501298374900891
right -7.963421763399484
right 3.6925757003998916
right -5.129386331543609
right 7.100517791631557
right 7.577836537300746
right 1.0478734564477161
right -1.5433040646660565
very well
epoch: 5 	ep: 1 	ep_rew: 107.0824059290824 	time: 14.574 	done: 1
right 4.765923600977051
right 4.8397424179249775
right 4.699313650135695
right -3.175067247206771
right 1.4367867043115758
very well
epoch: 5 	ep: 2 	ep_rew: 112.56669912614252 	time: 16.233 	done: 1
right 6.850020152379086
right 2.743259692813476
right 5.620907079372513
right 0.6876132003192819
very well
epoch: 5 	ep: 4 	ep_rew: 115.90180012488435 	time: 8.586 	done: 1
right -11.954814686877704
right 6.2608983791429536
right -9.987796007542947
right 1.551484766027487
right 4.668454676767604
right 0.9149328966740491
right -2.1476038188128683
right -7.170319865412878
right -0.023924128882191198
very well
epoch: 5 	ep: 6 	ep_rew: 96.24153976033372 	time: 10.825 	done: 1
right 8.73874405915204
right -0.1266500904595027
right 0.39391830193707555
very well
epoch: 5 	ep: 7 	ep_rew: 109.00601227062961 	time: 9.554 	done: 1
right 5.57964175153195
right -3.222662142763017
right -6.343652265176559
right 1.4785521377667248
very well
epoch: 5 	ep: 8 	ep_rew: 97.4918794813591 	time: 4.188 	done: 1
right 6.500424179587155
right 2.244332425264214
right -1.7354213840982702
right 1.393334461676801
very well
epoch: 5 	ep: 9 	ep_rew: 108.4026696824299 	time: 15.727 	done: 1
right -2.5305555292835074
right -20.546209674699227
right 8.018882290823871
right 5.493435008348296
right -1.605443909614678
very well
epoch: 5 	ep: 11 	ep_rew: 111.90687338955749 	time: 17.636 	done: 1
right 1.8117755352266016
right -9.463838557957583
right 8.153072817833921
right 1.9521644917975536
right -0.5779562158131384
very well
epoch: 5 	ep: 14 	ep_rew: 109.52728109381833 	time: 10.453 	done: 1
right 5.519992895291796
right 5.0031490889569445
right -1.2645615801178334
right -5.408657801266514
right -5.396171180330079
right -5.2787156362460035
very well
epoch: 5 	ep: 15 	ep_rew: 93.1750357862883 	time: 53.334 	done: 1
right 6.094475735143005
right 2.9753990702287965
right -1.3135812361120713
very well
epoch: 5 	ep: 17 	ep_rew: 107.75629356925973 	time: 56.19 	done: 1
right 6.676587695111093
right 2.0126289102408315
right -0.09127425141791434
right -6.446206819149225
right -7.7655945516430975
right -5.217766830572881
right -1.228768637201906
very well
epoch: 5 	ep: 18 	ep_rew: 87.93960551536689 	time: 47.775 	done: 1
right 5.715973091196538
right -5.261475401920599
right -3.9864295964891827
right 4.911870522641922
right 2.1451404289736145
right 1.6727818260399818
right -6.535909422648185
very well
epoch: 5 	ep: 20 	ep_rew: 102.19388335500733 	time: 9.713 	done: 1
right 6.378472456762845
right 3.5026725205631246
right -3.6770570275567707
very well
epoch: 5 	ep: 21 	ep_rew: 106.2040879497692 	time: 3.951 	done: 1
right 5.517692546597569
right 3.6601357904755973
right 0.6580112821503121
right 6.530036551891082
very well
epoch: 5 	ep: 22 	ep_rew: 116.36587617111456 	time: 17.849 	done: 1
right 4.981677244476751
right 4.9704863750143256
right -2.192224888783489
very well
epoch: 5 	ep: 23 	ep_rew: 107.75993873070759 	time: 12.298 	done: 1
right 5.991793748493866
right 4.869217205728202
right -4.007435565787983
right 2.5560960536043957
very well
epoch: 5 	ep: 24 	ep_rew: 109.40967144203847 	time: 6.908 	done: 1
right 7.06906349974717
right 5.109128057320787
right -4.029124316697494
right 0.5479016090463134
very well
epoch: 5 	ep: 25 	ep_rew: 108.69696884941678 	time: 9.384 	done: 1
right 4.8852514765273565
right -3.2188628307796474
right -14.928009184662784
right -0.43536932804622275
right -1.2997836818274706
right -10.04054589131437
right 3.9674138766098253
right 7.321840011550977
right 2.197086476069021
right -2.598698748739478
right -2.360800545370491
right -3.589125978526276
very well
epoch: 5 	ep: 27 	ep_rew: 100.97030121498375 	time: 41.584 	done: 1
right 6.017882751619198
right 3.5039056361954204
right -1.0926640219567894
right -1.2615822281096438
right -3.3749764880077677
very well
epoch: 5 	ep: 28 	ep_rew: 103.79256564974041 	time: 38.118 	done: 1
right 6.456387599543055
right 6.457005618680374
right 7.9497742348283165
very well
epoch: 5 	ep: 29 	ep_rew: 120.86316745305174 	time: 4.858 	done: 1
right 4.3739834992346545
right 0.5560278632819067
right -2.371345421523918
right 4.762092335254574
very well
epoch: 5 	ep: 30 	ep_rew: 107.32075827624722 	time: 12.356 	done: 1
right 5.006436546440848
right 3.5818308809694974
right -1.2921745953017538
very well
epoch: 5 	ep: 31 	ep_rew: 107.29609283210858 	time: 5.4 	done: 1
right 6.268427420050367
right 2.597379301364536
right 0.33255617619700395
right -7.628933536505556
right -5.298725219893321
right -4.801844950237516
very well
epoch: 5 	ep: 32 	ep_rew: 91.46885919097551 	time: 44.907 	done: 1
right 7.874240116050462
right 4.546922126498316
right -1.9822558276873163
right -4.2792873241228175
right -4.490799986535061
right 1.5874676198411155
right -2.952456712101853
very well
epoch: 5 	ep: 33 	ep_rew: 100.30383001194285 	time: 22.562 	done: 1
right 7.833436192213404
right 2.2106519542368535
very well
epoch: 5 	ep: 34 	ep_rew: 110.04408814645025 	time: 23.532 	done: 1
right 6.085124304305644
right 4.984014886863921
right -4.092704826594126
right 0.9214273084353994
right -0.32250896174070576
very well
epoch: 5 	ep: 35 	ep_rew: 107.57535271127013 	time: 33.956 	done: 1
right -8.11436036955444
right -57.653335642779936
right -50.7653169960697
right 5.8036538778073945
right 5.036041648835317
right 1.5270478366999747
right 2.3388514183631584
very well
epoch: 5 	ep: 37 	ep_rew: 114.70559478170586 	time: 17.338 	done: 1
right 4.741952575396286
right -0.1844111110100659
right -3.483609953953156
very well
epoch: 5 	ep: 38 	ep_rew: 101.07393151043306 	time: 6.768 	done: 1
right 6.446868255716368
right 2.0647421661693492
right -4.8405845894070065
right -0.8984527738077048
right -4.195204120081504
very well
epoch: 5 	ep: 39 	ep_rew: 98.5773689385895 	time: 21.635 	done: 1
right 6.353399419750314
right 5.0034585958818205
right -3.6569461475090907
right -6.254452504019369
right -6.43524375701886
right -3.6900202109458053
very well
epoch: 5 	ep: 40 	ep_rew: 91.32019539613901 	time: 17.573 	done: 1
right 6.213845091936324
right 6.599782375439176
right -3.0128626933153964
very well
epoch: 5 	ep: 41 	ep_rew: 109.8007647740601 	time: 5.807 	done: 1
right 5.816126578482611
right 2.4677422538554294
right 0.22920468029305852
very well
epoch: 5 	ep: 42 	ep_rew: 108.51307351263111 	time: 3.233 	done: 1
right 7.213178694298793
right 2.9269978659768974
right -0.19371440294106712
very well
epoch: 5 	ep: 43 	ep_rew: 109.94646215733462 	time: 20.676 	done: 1
right 4.690282623081545
right 5.991536919544268
right 5.976942776011443
very well
epoch: 5 	ep: 44 	ep_rew: 116.65876231863726 	time: 3.575 	done: 1
right 5.993865938452711
right 2.7820901734115857
right 1.3045517839645822
right 0.031089177164082216
very well
epoch: 5 	ep: 45 	ep_rew: 110.11159707299295 	time: 25.038 	done: 1
right 4.198184126776207
right 4.244035814933157
very well
epoch: 5 	ep: 46 	ep_rew: 108.44221994170937 	time: 9.075 	done: 1
right 6.96920853060748
right 1.527086572534726
right 0.4064714509649274
right 2.443434227866769
very well
epoch: 5 	ep: 47 	ep_rew: 111.3462007819739 	time: 17.459 	done: 1
right -13.46081171377623
right -14.983026098759822
right -10.983850404492049
right -22.409311961120927
right -15.145678563104305
right 5.743842984440146
right -15.481037002229993
right -15.759633713648036
right -64.24540450455405
right -5.731856935026087
right -6.606601005657442
right -160.16408130459607
right -113.05952330066675
right -19.02064817534617
right -7.417267603183827
right -12.56961882784367
right -34.77547823021954
right -10.184392073061389
right -17.606415784181827
right -27.159810567462998
right -7.139169963578912
right -3.7865593678778104
right -5.352290162796649
right 5.515823498892766
right -31.750917295199706
right 1.7808920046555219
right -0.05218691689273314
right -0.7548579474420176
right 8.311948900512778
right -14.623720537681862
right -38.2071031785532
right -9.61316083057067
right -8.99702511651465
right -9.008990158994152
right -9.321206855795626
right 1.1241282767197678
right 1.451323174073785
right 1.594031411494818
right -26.444139757253936
right 7.419756236417456
right 3.6744674714570866
right -27.25814607462773
right -15.514876432009267
right 6.084695406563334
right -14.207344564789771
right -6.429883815790525
right -10.077510674946396
right 1.0917760710053486
right -10.482136308145613
right -3.229955440422822
right -6.417523894206351
right -4.1643158615573554
right -18.92349053220807
right 6.325946003148024
right -2.0891737148319827
right 7.896330513064543
right 4.804955897437818
right -8.064236942994011
right -29.250680625006495
right 3.0473591634470454
right 4.568647898013467
right 7.74913184347519
right -0.6418131115808556
right -8.3648299589913
right -21.12035997680706
right -16.98793181407392
right -12.147788049698384
right -11.07815342380935
right -18.39785987313264
right -17.92385791191296
right -21.163632882604816
right -1.6765638371169533
right -1.504593522471513
right 5.465087200495672
right 0.8251020876302189
right -26.291747297898013
right 2.2910362413058083
right -112.30750279383449
right -8.414392201574998
right -11.81216473765657
right -7.625846081779329
---------------------------------------
|             Epoch |               5 |
|             EpRet |            -375 |
|         EpRealRet |            -375 |
|         TestEpRet |       -4.11e+03 |
|         AverageQ1 |             -43 |
|             StdQ1 |            16.3 |
|             MaxQ1 |            24.8 |
|             MinQ1 |           -63.5 |
|                Q2 |             -43 |
|       TestSuccess |               0 |
| TotalEnvInteracts |         1.2e+06 |
|         TotalTime |        6.41e+03 |
---------------------------------------
right 4.460909929532113
right -0.38931032275621646
right -3.8466900209162542
right 1.7371179358488344
very well
epoch: 5 	ep: 0 	ep_rew: 101.96202752170848 	time: 15.209 	done: 1
right -13.277248906243454
right 6.254120285311438
right 3.631590754786443
right -0.12873206956878036
right -6.861225538895191
right 3.7229022351376493
very well
epoch: 5 	ep: 2 	ep_rew: 106.61865566677156 	time: 10.01 	done: 1
right 6.007698736589663
right 1.384424292050948
right -1.0132579177069463
right 2.000964404194262
very well
epoch: 5 	ep: 3 	ep_rew: 108.37982951512792 	time: 5.821 	done: 1
right -1.2323206494088907
right 5.303800145201568
right 1.0620650618228282
right -2.9684835381745422
very well
epoch: 5 	ep: 5 	ep_rew: 103.39738166884986 	time: 36.619 	done: 1
right 8.80540248038153
right 1.8309253119492208
right -3.5338371684642453
right -1.2268754548797673
right -1.667525644888073
very well
epoch: 5 	ep: 7 	ep_rew: 104.20808952409867 	time: 14.449 	done: 1
right 7.61876207814174
right 6.784069612147805
right -3.8057552758316255
right -5.59681259053683
right -4.624540687764959
right -2.1844121761414996
right -2.39150610259167
right -8.309731967900824
right -4.60016264712751
right -1.8150056067820621
right 4.0354284988643006
very well
epoch: 5 	ep: 8 	ep_rew: 85.11033313447687 	time: 152.7 	done: 1
right 6.344846222283175
right 6.176407351968068
right 5.091435848947073
very well
epoch: 5 	ep: 9 	ep_rew: 117.61268942319832 	time: 476.012 	done: 1
right 4.659275198075169
right 5.587568939450957
very well
epoch: 5 	ep: 10 	ep_rew: 110.24684413752612 	time: 2.819 	done: 1
right 6.3387781937594125
right 7.749895573367867
right -5.840691093797176
very well
epoch: 5 	ep: 11 	ep_rew: 108.2479826733301 	time: 12.466 	done: 1
right 7.314283988904157
right 1.4195968164024766
right 3.9284881196643813
very well
epoch: 5 	ep: 13 	ep_rew: 112.66236892497102 	time: 14.112 	done: 1
right -16.591995128656073
right -23.568039791928342
right 4.966119461888152
right 3.495997897895741
right -1.634523752337456
very well
epoch: 5 	ep: 15 	ep_rew: 106.82759360744643 	time: 9.466 	done: 1
right 6.909479716648019
right 4.041662970571274
right 0.074336705703967
right -3.8499434324399715
very well
epoch: 5 	ep: 16 	ep_rew: 107.17553596048329 	time: 22.533 	done: 1
right 7.405374181516958
right -0.4025844613157794
right -8.037810598202523
right -0.9733997065159237
right -7.0371764795718335
right -8.260108183424634
right -5.347587574222832
right -3.3677024390473242
right -4.838386769246416
right -2.1750685010506103
right 1.222612120251469
very well
epoch: 5 	ep: 17 	ep_rew: 68.18816158917055 	time: 26.022 	done: 1
right 7.853676811956358
right 1.6584520833282852
right -1.5949497184535932
very well
epoch: 5 	ep: 18 	ep_rew: 107.91717917683106 	time: 27.849 	done: 1
right 6.889583561639807
right 2.2846840852361616
right 0.7522823306926085
right -4.073162147972857
very well
epoch: 5 	ep: 19 	ep_rew: 105.85338782959573 	time: 15.072 	done: 1
right 5.523435025301558
right -0.4099708486977889
right -2.4782519845251763
right -6.564604854821919
right -0.09539374888161944
very well
epoch: 5 	ep: 20 	ep_rew: 95.97521358837506 	time: 17.652 	done: 1
right -12.250759551125256
right -12.02885794900196
right -15.292540633680094
right -16.99767490320089
right 3.1986727193329223
right -8.304320614294166
right 6.205787200144382
right 4.372168061818165
right -4.566353156701698
right 3.7251511333565333
very well
epoch: 5 	ep: 22 	ep_rew: 109.73675323861738 	time: 6.089 	done: 1
right 6.3541245249134
right 1.2433327923869797
right -0.42645786322323254
right -3.1312360568429742
right -6.441052709188529
right 2.80027831598097
very well
epoch: 5 	ep: 23 	ep_rew: 100.39898900402662 	time: 16.387 	done: 1
right 5.0184744292137955
right 6.786409630558315
right -4.307966043936084
very well
epoch: 5 	ep: 24 	ep_rew: 107.49691801583602 	time: 5.806 	done: 1
right 8.257620978869316
right 0.8684834846340124
right -4.8140118862277035
right -6.043538719390828
right -4.177275179909309
very well
epoch: 5 	ep: 25 	ep_rew: 94.09127867797548 	time: 6.889 	done: 1
right -26.869494644945114
right -13.499517694487476
right -23.71922221930437
right 7.164278294438071
right -4.170397012851581
right -35.0866812866058
right 3.531747320461772
right -8.299506517995958
right 0.7241856044204802
right -4.014388320679318
right -3.3696735198403953
right -12.134152007733142
right 8.325397681218647
right 6.831027357929632
right -4.195112007554446
very well
epoch: 5 	ep: 28 	ep_rew: 110.96131303159383 	time: 5.775 	done: 1
right -50.286722116559226
right 5.399877286929203
right 0.057026296549580024
right -1.1329214303493806
right 2.385854248514062
very well
epoch: 5 	ep: 30 	ep_rew: 106.70983640164347 	time: 25.564 	done: 1
right 7.2076171431149305
right 4.964372957770333
right -4.195228168733628
right -1.8670920880001685
very well
epoch: 5 	ep: 31 	ep_rew: 106.10966984415147 	time: 7.323 	done: 1
right 5.356066117974212
right 5.149382425697697
right -3.71226357317261
very well
epoch: 5 	ep: 32 	ep_rew: 106.7931849704993 	time: 8.086 	done: 1
right 8.354920459005708
right 0.43431612955136956
right -3.383141192637339
right 3.3605330541598857
very well
epoch: 5 	ep: 33 	ep_rew: 108.76662845007962 	time: 1.714 	done: 1
right -6.102784481717713
right -5.079989786161468
right -12.271897537571526
right -14.790468705297851
right -5.767948552031189
right -18.295231255441017
right -12.085132150142218
right -9.978697988573131
right -0.7586118656288612
right -25.754123277838787
right 1.1213592496282168
right 4.588912463386241
right 1.793824782889681
right 7.283186640675977
very well
epoch: 5 	ep: 35 	ep_rew: 113.6659238869519 	time: 2.623 	done: 1
right -30.942269574768638
right 5.164371443274682
right 2.685349762410291
right 4.571726919760344
very well
epoch: 5 	ep: 37 	ep_rew: 112.42144812544532 	time: 6.767 	done: 1
right 5.072656273541406
right 5.38832605468791
right -2.978054239390815
right -1.7693536158506546
right -5.895422556823817
right -3.8945752765137165
right -4.673822866294817
very well
epoch: 5 	ep: 38 	ep_rew: 91.24975377335551 	time: 75.677 	done: 1
right 5.54073148408576
right 1.7010162348611733
right 1.4098225616901416
very well
epoch: 5 	ep: 40 	ep_rew: 108.65157028063707 	time: 6.111 	done: 1
right 6.9698680294026865
right 0.9369814612849012
right 3.1380950978935873
very well
epoch: 5 	ep: 41 	ep_rew: 111.04494458858117 	time: 11.912 	done: 1
right 8.793992705770178
right 1.4314283314489256
right 3.38080756811566
very well
epoch: 5 	ep: 42 	ep_rew: 113.60622860533476 	time: 12.346 	done: 1
right 5.481989155123582
right 1.3881543426951612
right 6.274172031231185
very well
epoch: 5 	ep: 43 	ep_rew: 113.14431552904993 	time: 4.983 	done: 1
right 8.390323247486746
right 0.6994043598451309
right -1.9176144932795047
right -3.4074188636217286
right -5.0918857699258915
very well
epoch: 5 	ep: 44 	ep_rew: 98.67280848050476 	time: 9.454 	done: 1
right 8.224197573137538
right 3.85849500115766
right -2.3934548273775285
right -7.490853278926373
right -6.1967105380751235
right -2.4402514151523906
very well
epoch: 5 	ep: 45 	ep_rew: 93.56142251476379 	time: 19.702 	done: 1
right 5.535490027789526
right 2.5591072699166713
right 0.10108179573839315
right -3.2438442452207177
very well
epoch: 5 	ep: 47 	ep_rew: 104.95183484822388 	time: 43.375 	done: 1
right 0.5727526965239189
right -16.54035537420154
right -16.319532506951514
right -24.27742284678144
right -15.826734802420365
right -9.616255951257834
right -7.560089056148108
right -6.682291110035862
right 7.678413245737309
right 0.6836546933344998
right -24.54214234470478
right 3.9752028659477254
right -14.435886887296611
right -9.070276953839837
right -90.97255527378579
right -7.219844938669105
right 0.05914834756543286
right -12.152946987262947
right -19.138811036475445
right -11.910394608304191
right 0.7983866248033387
right -1.084665605628306
right -69.26579861422339
right -3.1000108605233017
right -16.667944448251774
right -42.83549317007257
right -1.7114958298697118
right -7.327057501245449
---------------------------------------
|             Epoch |               5 |
|             EpRet |            -406 |
|         EpRealRet |            -406 |
|         TestEpRet |       -1.45e+03 |
|         AverageQ1 |           -42.3 |
|             StdQ1 |              17 |
|             MaxQ1 |            23.1 |
|             MinQ1 |           -66.7 |
|                Q2 |           -42.3 |
|       TestSuccess |               0 |
| TotalEnvInteracts |         1.2e+06 |
|         TotalTime |        7.59e+03 |
---------------------------------------
right 6.4911526742886885
right 0.9809639430445731
right 6.209134630289173
very well
epoch: 5 	ep: 0 	ep_rew: 113.68125124762243 	time: 8.196 	done: 1
right -15.84833089666941
right 4.403208645729594
right 8.761537792158151
right -21.45899567770758
right 8.88509685752525
right 3.1469283086998256
right -8.962157119087134
right 0.26304308673740984
very well
epoch: 5 	ep: 2 	ep_rew: 103.33291113387536 	time: 16.224 	done: 1
right 6.3339372483872936
right 2.536767180068429
right -3.7033372477853774
right 4.835390924577842
very well
epoch: 5 	ep: 3 	ep_rew: 110.00275810524818 	time: 8.892 	done: 1
right 6.124330212209379
right 4.612824093082471
right 4.697054433102378
very well
epoch: 5 	ep: 4 	ep_rew: 115.43420873839423 	time: 43.211 	done: 1
right 7.942046839919973
right 0.7148259615514174
right -4.239372069626379
right -2.553856346068377
very well
epoch: 5 	ep: 5 	ep_rew: 101.86364438577664 	time: 6.908 	done: 1
right 5.087502977138543
right 2.225745859324224
right -1.956453062874493
very well
epoch: 5 	ep: 7 	ep_rew: 105.35679577358827 	time: 5.36 	done: 1
right 3.920270557544365
right 5.317368816828635
right -2.0844813257048784
right -7.5543149561161655
right -1.7103637387616573
right -1.3602934853786621
very well
epoch: 5 	ep: 8 	ep_rew: 96.52818586841164 	time: 14.027 	done: 1
right 8.056629866630525
right 7.185821980875558
right -4.324146773879967
right 2.783982381955794
very well
epoch: 5 	ep: 9 	ep_rew: 113.70228745558191 	time: 10.225 	done: 1
right 7.499657922933931
right 2.429515790776822
right 0.4229142780321169
right -3.7043392765414485
right -3.2972312161262245
right -5.435274129034909
very well
epoch: 5 	ep: 10 	ep_rew: 97.91524337004029 	time: 52.769 	done: 1
right 6.573167713805104
right 2.8040002186913293
right 3.107804730983567
right -4.3889153794831515
right -3.7800844192370935
right -3.6120071059669954
very well
epoch: 5 	ep: 11 	ep_rew: 100.70396575879276 	time: 10.24 	done: 1
right -5.60286786319047
right -30.59247316769317
right -25.27123530364613
right -11.092256312835417
right -22.65643235183949
right -5.113465264175094
right -9.413011077673982
right -3.801630205157597
right 5.935558053006683
right 1.458770664485474
right -3.156543270591019
right -1.6961134917084575
right -3.1934108005404376
very well
epoch: 5 	ep: 13 	ep_rew: 99.34826115465225 	time: 89.438 	done: 1
right 5.734904822686389
right 3.947769368309358
right 0.6193747433435508
right -7.592699279669933
very well
epoch: 5 	ep: 14 	ep_rew: 102.70934965466937 	time: 60.824 	done: 1
right 5.74223310109453
right 1.917251891347945
right -2.8739451423071465
right -3.430621900414824
right -3.7020600782591195
right 1.0994174032451838
very well
epoch: 5 	ep: 15 	ep_rew: 98.75227527470656 	time: 204.33 	done: 1
right 3.6705672733068875
right -1.0010936688141427
right -2.825559599351859
right -1.9191747204199565
right 2.4524298387327637
very well
epoch: 5 	ep: 16 	ep_rew: 100.3771691234537 	time: 17.086 	done: 1
right -18.028968548475607
right 5.406440270656264
right 3.2144268207359215
right 3.651249998599204
right 1.7225975787209151
very well
epoch: 5 	ep: 18 	ep_rew: 113.9947146687123 	time: 1.968 	done: 1
right 5.95675259648218
right 3.1503897434473958
right -2.98404421220628
right -4.2271475769216345
very well
epoch: 5 	ep: 19 	ep_rew: 101.89595055080166 	time: 77.345 	done: 1
right 4.645676087773362
right 0.4218390478961549
right -1.0526695080923574
very well
epoch: 5 	ep: 20 	ep_rew: 104.01484562757716 	time: 14.505 	done: 1
right 8.178465460743032
right 2.0101307004326667
right 7.272329907727125
very well
epoch: 5 	ep: 21 	ep_rew: 117.46092606890282 	time: 34.431 	done: 1
right 7.266575363900767
right 2.5368442612982047
right -0.42636735652545354
right 1.3394355961188484
very well
epoch: 5 	ep: 22 	ep_rew: 110.71648786479237 	time: 38.214 	done: 1
right 5.186551156788002
right 3.193480974232534
right -2.334499344809764
right -4.435906989310219
right -3.8536932422766625
right 1.827276237248146
very well
epoch: 5 	ep: 23 	ep_rew: 99.58320879187204 	time: 42.49 	done: 1
right 4.791297961273684
right 1.0581449341504428
right 6.530256901849484
very well
epoch: 5 	ep: 24 	ep_rew: 112.37969979727362 	time: 11.596 	done: 1
right 6.0741709073502665
right 3.175646962474632
right -0.6949258667141383
right -5.146260630386381
very well
epoch: 5 	ep: 25 	ep_rew: 103.40863137272439 	time: 11.037 	done: 1
right 8.504934066856606
right 6.470592866814808
right -6.147914080111164
right 0.4991069757103226
very well
epoch: 5 	ep: 26 	ep_rew: 109.32671982927057 	time: 10.382 	done: 1
right 5.690740000355893
right 2.703364987648925
right -4.285831120019985
right -5.476733378972835
right -0.9012226841592845
very well
epoch: 5 	ep: 27 	ep_rew: 97.73031780485272 	time: 10.73 	done: 1
right 6.908629285994083
right 3.21903648388232
right -3.255479178803286
very well
epoch: 5 	ep: 28 	ep_rew: 106.87218659107312 	time: 8.578 	done: 1
right 6.119775245696126
right 0.868420017829548
right -4.120342608154026
very well
epoch: 5 	ep: 29 	ep_rew: 102.86785265537164 	time: 3.363 	done: 1
right 5.778321843533027
right 2.335748552668262
right -5.735916719316037
right -3.3561423879426755
right -3.6042626283448005
right -7.676253508609847
right -3.381919308869122
right -0.6648030169045356
right 1.3508985135182012
very well
epoch: 5 	ep: 30 	ep_rew: 85.04567133973248 	time: 32.235 	done: 1
right 6.990033940825648
right 4.725614975122251
right 2.022436622752891
right -1.8118377387430478
right -3.0172538198628374
very well
epoch: 5 	ep: 31 	ep_rew: 108.90899398009489 	time: 20.841 	done: 1
right 5.619146171804263
right 3.218309031228756
right -0.9927863952154432
right -4.7533453696632915
right -0.9547220528012197
right -6.528270815659855
right -1.6682098284317508
very well
epoch: 5 	ep: 32 	ep_rew: 93.94012074126145 	time: 50.901 	done: 1
right 6.251891105904079
right 5.314349859540647
right -4.008157269922544
right -2.516911504997637
right 2.208180926418853
very well
epoch: 5 	ep: 33 	ep_rew: 107.2493531169434 	time: 130.705 	done: 1
right 5.411613720928631
right 1.2692306868395935
right -5.081004157394524
right -6.090911390388143
very well
epoch: 5 	ep: 34 	ep_rew: 95.50892885998556 	time: 16.319 	done: 1
right 5.894165181927174
right 3.887516523879996
right 6.335478493805345
very well
epoch: 5 	ep: 35 	ep_rew: 116.11716019961251 	time: 8.952 	done: 1
right 4.65432960003005
right 2.823279454998376
right -0.4647073272114888
right 3.2988967393438937
very well
epoch: 5 	ep: 36 	ep_rew: 110.31179846716083 	time: 25.784 	done: 1
right -9.013478113836022
right -13.319848020652252
right 1.791862522684065
right -8.793266559067387
right 5.400348479265757
right 4.60217468972397
right -6.818398688514293
right -8.246527921179386
right 3.796311163074753
very well
epoch: 5 	ep: 38 	ep_rew: 98.7339077223708 	time: 10.34 	done: 1
right 6.470872810299938
right 1.1449245408722533
right -1.8409848379694864
right -2.623277890844708
right -1.1522422937815264
very well
epoch: 5 	ep: 39 	ep_rew: 101.99929232857647 	time: 23.044 	done: 1
right 6.396639741819093
right 2.659528814844677
right -2.276572239161963
very well
epoch: 5 	ep: 40 	ep_rew: 106.77959631750181 	time: 5.198 	done: 1
right -16.76243878898548
right -11.999909952649826
right -18.34378490612048
right -106.95245940648968
right -24.021826961775297
right 1.8450168149188855
right 2.32913333565506
right 7.082922422781713
right 0.46916605644734055
right -4.662179150803876
right 3.339392273156678
very well
epoch: 5 	ep: 44 	ep_rew: 106.22930160158185 	time: 16.97 	done: 1
right 5.444146583075897
right -2.6696542108985746
right -15.804137125238213
right -8.783397046370418
right -25.816593710185543
right -8.84226442011854
right -10.479896910888119
right 3.4147442079992114
right 1.1775757101292417
right 7.914984214808137
right -0.3850905856126463
right -9.439022858898284
right -17.15795650417595
right 7.913745323669216
right 0.6861258575407678
right -2.7745363730398225
very well
epoch: 5 	ep: 47 	ep_rew: 105.82533480817017 	time: 3.297 	done: 1
right 5.5035375605293835
right 4.335628489498918
right -0.6319715941632591
right -4.6682326379027295
right -6.032406034280662
right -6.342004318783665
right -2.7041394584882283
right 0.9781084184479365
very well
epoch: 5 	ep: 48 	ep_rew: 90.43852042485769 	time: 29.609 	done: 1
right 4.965663899318232
right -13.707746180744117
right -17.753827680186177
right -25.32139139163914
right 1.075019853863795
right -0.24752329620635116
right -2.3803125381866774
right -11.109791572232638
right -14.189096517952763
right -14.678631407937527
right -10.548110847844487
right -19.815816116308316
right 0.6451416281789815
right -43.15047619935629
right -20.805249595410228
right -15.9862174318732
right -9.427661545733677
right -2.532274037260514
---------------------------------------
|             Epoch |               5 |
|             EpRet |            -482 |
|         EpRealRet |            -482 |
|         TestEpRet |       -1.15e+03 |
|         AverageQ1 |           -41.8 |
|             StdQ1 |            17.5 |
|             MaxQ1 |            28.5 |
|             MinQ1 |           -67.1 |
|                Q2 |           -41.8 |
|       TestSuccess |               0 |
| TotalEnvInteracts |         1.2e+06 |
|         TotalTime |        8.82e+03 |
---------------------------------------
right 6.011374117867195
right 4.956250952635642
right -0.07765266148816607
very well
epoch: 5 	ep: 1 	ep_rew: 110.88997240901466 	time: 40.616 	done: 1
right 6.328751340247352
right 3.691867892751243
right -1.1839882290120922
right -1.705955473280845
right 0.6728493146007981
very well
epoch: 5 	ep: 2 	ep_rew: 107.80352484530646 	time: 29.92 	done: 1
right 5.874762250060018
right 6.318086315323156
right -0.6594227447139733
right -6.338400939285606
right -2.683399687038481
very well
epoch: 5 	ep: 3 	ep_rew: 102.51162519434511 	time: 56.743 	done: 1
right 7.041734067495986
right 1.338465539366517
very well
epoch: 5 	ep: 4 	ep_rew: 108.3801996068625 	time: 2.41 	done: 1
right -7.36534476151326
right 8.984463929794746
right 5.193259094001418
right -1.720477397315447
right -8.660603356102477
right -4.413259716981424
right -0.7549010473735773
very well
epoch: 5 	ep: 6 	ep_rew: 98.62848150602323 	time: 26.835 	done: 1
right 4.950918264181816
right 2.2762571798964712
right -4.112199833130488
right -6.592292058135399
right -3.608130706647172
very well
epoch: 5 	ep: 7 	ep_rew: 92.91455284616522 	time: 22.877 	done: 1
right 5.141109724958129
right 1.9100209252476184
right -4.444391589856062
right -5.135345666611357
right -4.066593903597095
right -4.759883725727176
right -4.5782361297475465
right -4.767463529009511
right -5.757219044415622
right -6.655811518707825
