[36;1mSaving config:
[0m
{
    "args":	null,
    "env":	null,
    "exp_name":	"HER_mpi1_random_TD3Torch_PandaReach-v2",
    "logger":	null,
    "logger_kwargs":	{
        "exp_name":	"HER_mpi1_random_TD3Torch_PandaReach-v2",
        "output_dir":	"HER_DRLib_Torch_exps/2023-04-04_HER_mpi1_random_TD3Torch_PandaReach-v2\\2023-04-04_15-26-10-HER_mpi1_random_TD3Torch_PandaReach-v2_s300"
    },
    "net":	null
}
midle joint position->>>>>>>> [0.509785391068037, 1.411115772932757, -1.218186056254551, -0.5074429025703768, -3.139650244214425, 2.7278892433487694]
bad
midle joint position->>>>>>>> [2.774512677054082, -2.960936906453693, -2.275707915286123, 2.5827888361552938, 1.8790726904562667, -1.9257630620394879]
midle joint position->>>>>>>> [2.828925435158905, 1.4618751905567478, 1.9106563233727747, -2.8718283601212247, 1.24538750128538, 3.016399468417149]
midle joint position->>>>>>>> [0.3684625966059252, -0.680315131783185, 1.7896715758640052, -3.1229325175799683, 1.8448336871033555, -1.1645864914468276]
midle joint position->>>>>>>> [0.30334196261510415, 1.6594070704506811, -1.9804226387335897, -2.3194714253654882, 1.5816634282674156, 1.3947778807483098]
midle joint position->>>>>>>> [0.26835176040204356, -0.6165380046745965, 2.1261443862310743, -1.3785093853680659, 0.9346692215838428, -2.52615273280165]
