[36;1mSaving config:
[0m
{
    "args":	null,
    "env":	null,
    "exp_name":	"HER_mpi1_random_TD3Torch_PandaReach-v2",
    "logger":	null,
    "logger_kwargs":	{
        "exp_name":	"HER_mpi1_random_TD3Torch_PandaReach-v2",
        "output_dir":	"HER_DRLib_Torch_exps/2023-04-04_HER_mpi1_random_TD3Torch_PandaReach-v2\\2023-04-04_14-55-21-HER_mpi1_random_TD3Torch_PandaReach-v2_s300"
    },
    "net":	null
}
bad
right 1.148566685909893
right -16.066769291520888
right -22.395018672588982
right -4.57076921221004
right -2.423979394669116
right -32.15068562414578
right -26.26114108946463
right 2.5652241546495915
right -67.7262750338845
bad
right -9.75497899135621
bad
right -26.673833831932647
right -2.672148222387259
right -0.922664890678659
right -21.18357146779861
bad
right -11.834366455388128
right -42.09463814251652
right -2.4056630734881246
right -8.371446697697724
right -19.69232929281475
right -5.742456467320984
right -10.945995873346511
right -12.495068848531329
right -8.246550299658296
right -4.940254663230206
right -6.4019103735217655
right -12.44619863757691
right -3.7564059241694476
bad
right -19.9719390957102
right 2.5888667203749165
right -19.629472924565526
right 3.3895723388596464
right -2.9820533370345075
right -0.18209549090567734
right -1.6249870652860405
right -0.46035377297620883
right -20.719535772747722
right -4.163243225940118
right -37.44972733747723
right -6.543767841881973
right -12.836034366984318
right -5.433463557363501
right -1.2685612866327318
bad
right -12.155320437411284
right -0.7085915351587921
right -12.20795861303219
bad
right 4.986057045133659
right -8.57701431711699
right -15.945716605881515
right -28.586024323459853
right -0.7409103756617093
right 0.2690615335239368
right -16.604522708361355
right -6.984479340615383
right -22.650840794672128
bad
right -7.518317683210864
right 0.19646755843509744
right -8.069812522541177
right -14.914511042527995
right -24.371211095317207
bad
right -58.236882346067716
right -11.490825775865098
right -28.76701975496855
right -25.998790740419928
right 3.0982832569844296
right 3.3965775284490043
right -18.16148716985363
right 3.964564121476741
right -13.343546633661564
bad
bad
right 1.2584518830899754
bad
right -72.67756580775405
right -2.395822961178249
right -7.995646271087097
right -5.080912767859271
right -32.41175934220398
right 2.943622984280694
right 1.9926756090323803
right 1.3777499997888683
right 3.422991126867082
right -10.044585527504442
right -12.919579979631955
bad
right -47.44820483246515
right -21.89002815393472
right -5.505024658713133
bad
bad
right -13.35850451471789
right -16.185817691963535
right -15.556495683632118
right -26.829588394342856
right -11.474212031992238
right 1.4039621532249829
right 0.6995836997073308
right -6.663517257853172
right -33.370446622176
right 4.5317754964449675
right -14.40677937343185
right -1.2463041038170672
right -35.02168726617729
right -3.01752071283625
right -13.932001499062935
right -21.031143607021818
right -4.616334107619595
bad
right 3.869070080522075
right -11.744249888818949
right -19.340995379395647
right -10.808651886026212
right 3.332789159716815
right -7.709657509815134
right 0.3866817478617559
right 5.541262262085497
right 7.895875171151008
right 4.662087734427853
right -6.208032945384115
right -8.562661854956499
right -11.576890089338725
right -4.371832795477669
right 7.089578594710751
right -0.5189707722763011
right -8.351772751418729
right -14.323143178677128
right -3.3177977838423622
right 6.269053699993156
right 1.066402983657774
right -10.380787591147687
right -8.98139060207204
right -14.264886480563206
right -13.166906403187735
right -5.735044150503716
right -3.965640101735934
right 7.370435709922093
right -11.977348863488857
right -5.0976530974483385
right -7.4272119893085105
right -5.22421516581125
right -10.836144575682386
right -12.982419211929535
right -18.988753975976405
right -51.9494132375089
right -23.000229202782428
bad
right -45.84666198662015
right -29.059582864486167
right -11.194650006645222
right -17.974046953699254
right -12.457613073847938
right 0.9985780274534548
right -20.161297461587864
right -12.23028559065634
right 0.31987526517950293
right -67.62513337382528
right 4.748533532766704
right -4.49712916983434
right -7.071543234382588
right -9.259832899310613
right -6.014169400503523
right -8.167059188658119
right 4.95285403438698
right 5.167270118810865
right -10.89198299402269
right -1.4021436245647312
right 2.1225178917505385
right -28.43087980063872
right -16.700122587310876
right -3.039533573167688
right -10.233888398702184
right -16.167122667363536
right -44.15323106413691
right 7.9300536601485625
right 7.931082553821095
right -69.957845255799
right -18.536678141495493
right -11.216203129133824
right -13.495253805155969
right -9.437048605870157
right -8.295252559435802
right -6.199228926754305
bad
right -32.02867513110503
right -8.578154710472607
right 5.268976728177799
right -5.6595186034091345
right -3.1245165223393023
right -7.353619754980535
right -3.5729495455750726
right -8.746201915260574
right 2.6407586249330812
right 1.0823893784882443
right -15.652287121227673
right -30.04596373352952
bad
right -6.074605281766555
right 5.893198994790878
right 0.3860590159692574
bad
right -11.052025161260769
right -8.122736434486704
right -0.8487849708017983
right -1.3206922053042636
right -1.9212835552752843
right -72.45579558856078
right -31.52288686320614
right 7.509152931324699
right -21.662513525172496
right -0.16268578483306761
right -11.959705788346312
bad
right -21.177689040324502
right -33.31431432226235
right 1.6982269474579397
right 1.1943532492506979
right -10.805228976515654
right -10.430026205308025
bad
right -21.62259217571922
right 1.2185499507215773
right 3.537712841438333
right 7.497075236935962
right -5.231892244384744
right -11.687402874359837
right -2.3150111698020126
bad
right -43.289207527027564
right 1.0877923080372582
right -24.156653862243054
bad
right -20.70598044091678
right -8.766213261793737
right -19.87916150893917
bad
right -3.372754683132035
right -7.881239129173391
bad
bad
right -1.8261420997358417
bad
right -20.808888648756202
right -24.315907285763785
bad
right 4.090058926045844
right -3.4035834852821445
right -1.5021447225107103
right -7.641811480938777
right -44.65044807211983
right 4.493232268787743
right -18.500510079754125
bad
right -15.078408278429727
bad
right 4.131139750011484
right 7.596506163509424
right -38.71224387029234
right 4.596002475369532
right 9.082852523157
bad
right -8.423276547177593
right -0.19711755225127625
right -0.6472352976358771
right -23.2213448048902
right -16.60050043963045
bad
right -29.394434649988284
right -6.4055558102038965
right -5.292947024555449
right 6.899130673288706
right -15.377525415914995
right -4.821076532245987
right -15.635550024287635
bad
right -5.833877739126274
right -46.03146406196885
right -28.448617493033844
right -23.64070544979554
right -1.5539684368231725
right 4.951766367133667
right 1.6958791454698314
right -0.36758172545397194
right -11.068046965354714
right -15.851197720927978
right -5.748870850933301
right -13.301209380152116
right -22.453106690383265
right -10.32534378598406
right -18.58137810673433
right -47.98635438359716
right -0.875286837436672
right -0.08761444308741773
bad
right -15.46942443408171
right 4.71680659080516
right 0.6223801090677377
right -1.0632684707288576
bad
right -24.19708231183899
right -4.463549644899787
right -2.1706722171224797
right 6.078040231228255
bad
right -54.875938254565725
right -2.019117447767286
bad
right -37.14986385467151
right -10.526367101318243
right 1.4120705389769466
right 1.9042018991693936
right 2.043345024305143
right 2.4506131477115565
right 3.0189552436045446
right 3.34750742278972
right 3.693712553435126
right 4.018713963799577
right 4.3210804693828795
right 4.605402134138715
right 6.016527289411515
right 6.1657286568543945
right 6.3385017563389745
right 6.533927264722636
right 6.7331183910376105
right 6.809643009077972
right -11.288218370064378
right -9.589372557618095
right -10.085379902258577
right -10.82498398924362
right -3.7546277592848085
right -8.287005483123384
right -7.476107914782634
right -10.570516088180398
right -14.690834899380416
right -61.93772439326516
right -18.841956367579336
right -4.310634280277366
right -10.715926632786545
right -10.560649203907726
right -10.546049856430312
right -10.591449173709417
right -10.718470130768758
right -6.89070089213547
right 3.2354193892425567
right -35.90406798938544
right -2.2534803348158796
right -17.632701355553717
right -10.796543996713076
right -38.77381548814894
right -13.170534936456786
right -9.920176695369808
right -32.987808350084094
right -11.401265850590015
right 3.6146839073162953
right -9.108763272638146
right -12.461127269291875
right -5.984552714466746
right -11.179425497290701
right -2.2010771579250115
right -9.681154923891459
right 9.327712377636653
right -22.474132819375654
right -23.509514445590533
right -10.926857720544064
right -4.388521373261945
right -35.32671372669026
right -8.742593247110438
right -12.53724081882877
right -18.888715462260393
right -13.246577391826534
right -47.13733681248766
right -10.207562970900838
right -15.13164847761049
right -15.262326850983872
right 6.403940561156219
right 6.558567588096149
right 6.180397673936371
right 3.925136101684142
right 3.1784036078641
right -13.387422485575833
right 0.9516413043933394
right -22.89240216556886
right 2.3394984317513288
bad
right -3.2752132587657066
right -6.011585725910496
right -11.346516090489786
bad
---------------------------------------
|             Epoch |               0 |
|             EpRet |       -2.83e+03 |
|         EpRealRet |       -2.83e+03 |
|         TestEpRet |       -5.53e+03 |
|         AverageQ1 |           -47.7 |
|             StdQ1 |            26.9 |
|             MaxQ1 |             285 |
|             MinQ1 |            -817 |
|                Q2 |           -47.6 |
|       TestSuccess |               0 |
| TotalEnvInteracts |        1.97e+05 |
|         TotalTime |            84.4 |
---------------------------------------
right -33.9073487441274
right -14.12594586932332
right 3.7923113503599604
right -3.2357291176736105
right -0.0987449701225458
right -13.515979553884549
right -10.19935461586375
right -24.13992301821152
right -14.103261270482289
right 7.922283979016839
right -2.354726164438718
bad
right -3.2667099941152316
right 2.145910089527204
right -87.45759555592797
right -17.348908153974712
right -3.084800915231213
right -8.875729035126422
bad
right -37.87973044765099
right -7.114372963592878
right -26.408766604544105
right 5.39063732131291
right -11.051580895614205
right -4.787025744117555
right -10.330064253115786
right -95.73247451761814
right -53.06906597307929
right 1.3845122204612181
right -0.13203511215511554
right -15.907544993860746
right -13.404114543990087
right -14.240193183915416
right 4.625642044154881
right -13.890503173622108
right 4.1148414751255
right -9.978347879052084
right -12.720070666477206
right -12.14415004765382
right 0.14790971430188193
right -40.61717933118973
right -14.187173717103466
right 2.5836302943459666
right -10.853384580024994
right -7.972206344041172
bad
right -1.3851395387525578
right -37.88772938469788
bad
right -13.937209634708129
bad
right 1.0449975941251122
bad
