[36;1mSaving config:
[0m
{
    "args":	null,
    "env":	null,
    "exp_name":	"HER_mpi1_random_TD3Torch_PandaReach-v2",
    "logger":	null,
    "logger_kwargs":	{
        "exp_name":	"HER_mpi1_random_TD3Torch_PandaReach-v2",
        "output_dir":	"HER_DRLib_Torch_exps/2023-03-17_HER_mpi1_random_TD3Torch_PandaReach-v2\\2023-03-17_16-33-30-HER_mpi1_random_TD3Torch_PandaReach-v2_s300"
    },
    "net":	null
}
what happened 2.456662402144719
what happened 1.130181106213808
what happened 1.3068382743180698
what happened 0.5554222957290031
what happened 2.4607207944060976
what happened 0.6195866062953496
what happened 1.2847254594377853
what happened 2.2820250387997345
what happened 2.451856468209228
what happened 0.3747239206838882
what happened 1.1035651528660062
what happened 2.2648480947805174
what happened 0.44174283363052963
what happened 1.0488084839872822
what happened 2.5510683888646053
what happened 0.4542448048754672
what happened 2.257000836179152
what happened 0.41296385881513437
what happened 0.7060823202368836
what happened 2.7447282881233304
what happened 0.16428644770441647
what happened 1.286875889128179
what happened 0.4060750959878821
what happened 2.6206063345746102
what happened 2.5939652323837183
what happened 0.27959670445360585
what happened 0.250981694175678
what happened 2.750953731464635
what happened 0.14355827234643537
what happened 0.7595550490461891
what happened 0.5652098665833921
what happened 2.638098480018494
what happened 2.246011293909424
what happened 1.3344542661429588
what happened 0.22527211668179448
what happened 2.2670555968066424
what happened 1.2212020317577736
what happened 1.007550573295309
what happened 0.497125729974096
what happened 0.25396845537439333
what happened 1.407354352484322
what happened 0.24959613577942782
what happened 0.24698922135992504
what happened 0.6056617067014983
what happened 2.1022919206379194
what happened 0.5884695331920212
what happened 1.216285833881315
what happened 0.39723077609843666
what happened 2.7454761757124717
what happened 0.47340370773300783
what happened 0.6495930548056996
what happened 0.33847265552008116
what happened 0.299578817674366
what happened 2.1241274331633138
what happened 0.5954095591946623
what happened 0.2924630353800641
what happened 0.480030681175698
what happened 1.917766784316706
what happened 2.749513219901542
what happened 1.1168330312770882
what happened 0.6530890596916116
what happened 0.27260300754562733
what happened 2.413514860321077
what happened 1.9576632134298069
what happened 2.7684770375975156
what happened 1.7724678997897676
what happened 1.9520594420917545
what happened 2.1278417435156443
what happened 0.7384898453802138
what happened 0.5018610560062545
what happened 2.3860626050672327
what happened 0.528745236983826
what happened 2.2814218282754433
what happened 1.6497570216248874
what happened 1.5269931905711323
what happened 1.1178349564410333
what happened 0.03736688858980699
what happened 0.487625871656141
what happened 0.5362677376852067
what happened 0.1928524143827679
what happened 2.28284732551653
what happened 2.786889809261834
what happened 0.8111517547838897
what happened 1.5327797539222354
what happened 0.012450312240917185
what happened 0.49269909635386994
what happened 1.1874980151100742
what happened 0.4247756119272189
what happened 1.384615546638931
what happened 0.7738507190684607
what happened 2.6097874843831264
what happened 0.6835200137250748
what happened 0.9922687452903847
what happened 1.0598434397322773
what happened 0.3135356225072255
what happened 1.767139571697171
what happened 1.716421341360452
what happened 2.0118549412401134
what happened 0.6535225105963429
what happened 0.9360011095554501
what happened 2.499201758223367
what happened 0.19581850324435926
what happened 0.31206120697497164
what happened 1.7594966491984865
what happened 1.0526049952384047
what happened 0.5000697305991845
what happened 2.4006172257237983
what happened 0.8320535532590373
what happened 1.1635157680549162
what happened 0.2877211397280899
what happened 2.3434704151271863
what happened 0.4542123232364097
what happened 2.146223867131901
what happened 0.14222286026484052
what happened 0.8093489496699177
what happened 2.280361663081387
what happened 0.6006410084476195
what happened 1.210395826848535
what happened 0.571941571240379
what happened 0.7795197498744905
what happened 0.8182605444152719
what happened 0.12571668769655875
what happened 1.7914259218190929
what happened 1.0445945983807896
what happened 0.4058800648361265
what happened 2.498863445605986
what happened 0.6738995257496725
what happened 2.461311641795406
what happened 1.5037263382808843
what happened 0.3189616866576783
what happened 2.483318756496204
what happened 2.7613031005367046
what happened 0.12578618179379958
what happened 1.0162221095977528
what happened 0.9951309595027431
what happened 1.9676341101038815
what happened 2.1504543147130426
what happened 0.4210698884749264
what happened 0.6809452188276004
what happened 2.7544141095297663
what happened 1.631425402706945
what happened 1.1869464588391974
what happened 0.4521088809910009
what happened 1.0235524004536907
what happened 2.103096860674339
what happened 0.39514116792019954
what happened 0.7225478922622977
what happened 0.27815055501410885
what happened 0.5403564452214817
what happened 1.0180143110647686
what happened 2.460073735951988
what happened 0.1417129513523952
what happened 2.019798917294283
what happened 1.007202233878525
what happened 0.5610970720669726
what happened 0.2758730115568825
what happened 0.166743636926822
what happened 0.4459420630566123
what happened 1.4868841525427554
what happened 1.7442516677994728
what happened 0.48001425561960953
what happened 0.7738519373113094
what happened 1.2179438035941363
what happened 0.4475025593987401
what happened 0.8352098036627195
what happened 2.6099994144998377
what happened 1.3693126586400346
what happened 0.5441086918145118
what happened 0.5157942654369249
what happened 0.20154300947232354
what happened 2.2160683940035004
what happened 2.0597134737102625
what happened 0.2387722916447235
what happened 2.332661610131731
what happened 0.9481093006624582
what happened 1.0877541107778357
what happened 0.3382622815864339
what happened 2.076879306217588
what happened 1.019300709312211
what happened 1.9030158001973896
what happened 0.11191564907665677
what happened 2.4186932358444935
what happened 0.6497233841163826
what happened 0.35542489301072544
what happened 0.8805463143216234
what happened 0.12943632203078304
what happened 0.7382471633703086
what happened 0.222003889027133
what happened 2.6993801671185227
what happened 1.9498602049117457
what happened 0.4800848500377854
what happened 2.1783006163632224
what happened 1.1015740340445723
what happened 2.7029069106557544
what happened 0.08860067021656413
what happened 1.1261635013940419
what happened 2.221328544425177
what happened 0.21806009167733786
what happened 0.8033545337589915
what happened 1.1171862368993017
what happened 1.5907991405008148
what happened 0.20531403466255604
what happened 0.3533938947797005
what happened 1.3466098171827066
what happened 0.5702342203127535
what happened 0.0910957206204518
what happened 1.0372702370036593
what happened 2.4054570065034575
what happened 2.639993327060811
what happened 2.2263668831168237
what happened 1.9046332938583872
what happened 2.454793090328738
what happened 1.142298644957639
what happened 0.3711408230544578
what happened 1.4773034694651055
what happened 0.6976683668993001
what happened 2.3660709143402423
what happened 0.40854305011146513
what happened 2.4734792686423495
what happened 0.36404002597023527
what happened 1.5914068400433492
what happened 1.4057590317008377
what happened 2.7045311630715525
what happened 1.9863514527252206
what happened 2.2360593858253264
what happened 0.411396971257843
what happened 0.8749045427390525
what happened 0.09041232145934047
what happened 1.8336273782646761
what happened 2.022960604156215
what happened 2.1644004527580174
what happened 0.08097196912007475
what happened 0.029252228782360425
what happened 1.8602156613323588
what happened 0.5662885694777184
what happened 0.5212227263424613
what happened 0.6387451070349084
what happened 1.050072138978989
what happened 2.4120787425304804
what happened 2.65089056949657
what happened 0.89237913876648
what happened 0.15249348831586712
what happened 1.9956045540851397
what happened 0.7739352316406428
what happened 0.5621725938289709
what happened 1.98833703825539
what happened 0.3069049410475734
what happened 0.071397578666851
what happened 1.3260863904257942
what happened 0.7184418715120914
what happened 0.4201345440761761
what happened 1.9031127611858003
what happened 0.35929292593298917
what happened 1.1341917300395827
what happened 1.4029414031585434
what happened 1.2397152255063142
what happened 0.3728948825584631
what happened 2.3790542125513343
what happened 0.16222470794613505
what happened 0.43600559916015186
what happened 0.0
what happened 0.045478377991800635
what happened 0.18396425079932652
what happened 2.6617312590829205
what happened 0.5119931753059016
what happened 0.26119396149345236
what happened 0.4242432662085759
what happened 0.10534352723019023
what happened 1.7034584936063424
what happened 1.630619322646812
what happened 0.478640946179637
what happened 1.9594779084952014
what happened 0.6795396158344392
what happened 0.8554934731076883
what happened 0.3440559411357383
what happened 1.5989837912193996
what happened 0.8851607615284838
what happened 1.09600890402276
what happened 0.9530153058028482
what happened 0.7580242635796343
what happened 1.0128915365928433
what happened 2.5218887783027033
what happened 0.02486320380962605
what happened 2.3331477462537875
what happened 1.8906269621481064
what happened 1.0939438620811133
what happened 2.3205809878719945
what happened 0.6262706865492625
what happened 0.19878046460087007
what happened 1.2772041103004539
what happened 0.13679528258876597
what happened 0.6412883376161228
what happened 0.33537390964960817
what happened 0.6763027478554963
what happened 2.3198231440509494
what happened 2.54250696271579
what happened 1.8972289603067383
what happened 0.366510124293132
what happened 1.0312043456834459
what happened 0.3959594460291275
what happened 0.7639295960775886
what happened 0.2516175359033472
what happened 1.1179115900599697
what happened 2.617170019827
what happened 2.2258398162488318
what happened 0.12580671936033763
what happened 0.8691637148582032
what happened 2.0550272457711283
what happened 0.2542756939432134
what happened 1.092413397007403
what happened 2.333687126107074
what happened 2.6701383919311024
what happened 0.16027707702107621
what happened 2.180411746969166
what happened 0.7783624889180232
what happened 2.3740302816620034
what happened 2.662547497085939
what happened 0.8618971814569378
what happened 0.6931549459535985
what happened 2.6108049236726822
what happened 2.323976729765786
what happened 1.1159063229898025
what happened 0.3575061367319936
what happened 0.5593296467608001
what happened 1.7903085204298808
what happened 1.0988981471970054
what happened 0.9513365938405217
what happened 2.3092447011269663
what happened 0.6847787641424187
what happened 1.6813404147198114
what happened 1.5534397333946217
what happened 0.252676293499064
what happened 0.8189463400800504
what happened 2.2333949367512322
what happened 1.5096981764501047
what happened 1.6744831272889955
what happened 1.6175041773214558
what happened 2.008193513602586
what happened 0.6033277362266681
what happened 0.10671197041501236
what happened 1.7749480172100935
what happened 0.8420287530005708
what happened 0.8058487739270012
what happened 1.8379040528490591
what happened 2.2803462152455545
what happened 0.288412729702908
what happened 2.5208722488314037
what happened 0.6191469953116923
what happened 1.2009021248305787
what happened 0.30651668894236317
what happened 2.3415537187682887
what happened 2.1334219018741254
what happened 0.11378311109047944
what happened 1.2008574566464905
what happened 1.5419193552210981
what happened 2.070849983398688
what happened 2.6111261831919697
what happened 1.1001926589012967
what happened 2.0099851049927797
what happened 1.7365270404794817
what happened 2.1875423877500153
what happened 0.2824453773070105
what happened 0.5063836014399786
what happened 0.06674508246917858
what happened 0.6211474351861735
what happened 0.39128901959234985
what happened 2.4656706414021428
what happened 0.381097464338158
what happened 0.32566433722372545
what happened 2.6600008428619155
what happened 0.7606668921448045
what happened 2.657663091136832
what happened 2.0441306677497284
what happened 1.6976510749891265
what happened 1.2847313712276778
what happened 0.5724132333349233
what happened 0.5426450084842321
what happened 0.07692854429996085
what happened 1.0097742235543108
what happened 0.6983969126563605
what happened 0.1398917721553004
what happened 0.844675683981649
what happened 0.12440381537163991
what happened 0.563437909531644
what happened 2.4000620501284313
what happened 1.1478957998776111
what happened 2.6530153074522076
what happened 0.5389097851024791
what happened 1.5066922175864272
what happened 1.473492124458767
what happened 0.916017717622251
what happened 2.68576585747653
what happened 1.1172753381166167
what happened 0.8189350464433729
what happened 1.256445626436778
what happened 0.7852134054429813
what happened 2.701627141812309
what happened 2.190275586209606
what happened 2.4102000938236925
what happened 1.1421500690779791
what happened 1.7067039638420582
what happened 1.1162123143969593
what happened 0.08038277572914222
what happened 0.9093064025205555
what happened 0.7387373034789179
what happened 2.3456908152868645
what happened 2.2772961819294437
what happened 2.6556687478542607
what happened 2.3731554063237885
what happened 0.656885332834074
what happened 0.2285665391422572
what happened 2.2936911406254743
what happened 1.0436798420858615
what happened 1.9283471530785472
what happened 0.6562083394846399
what happened 1.4051141021123468
what happened 0.9071362957748161
what happened 1.9147574937288654
what happened 2.392351751348794
what happened 0.5668349282070712
what happened 1.4955241270813864
what happened 0.1726914801296622
what happened 1.0643685208851457
what happened 0.2664119221994278
what happened 1.0543456345288258
what happened 0.7051402765998965
what happened 2.140173218428965
what happened 0.12471763198691131
what happened 1.1470765757766275
what happened 2.337888987713802
what happened 2.5428643991724433
what happened 2.707368275548709
what happened 1.455276534634734
what happened 1.7089903226408987
what happened 0.14979106935881797
what happened 2.6920698813359856
what happened 0.05637447965066806
what happened 0.9276801792425918
what happened 0.3541054243940955
what happened 0.3036241076080368
what happened 0.0760718749489276
what happened 1.894340881531183
what happened 0.14647475596026457
what happened 1.1693402715502939
what happened 1.125714658826677
what happened 0.5556178692196448
what happened 1.113251308209545
what happened 2.150869548848964
what happened 1.9932113846737967
what happened 0.25560681337601493
what happened 2.669919610403905
what happened 1.1373260505286178
what happened 2.692822451936729
what happened 1.0939209665613088
what happened 2.377032466373962
what happened 0.023713649568425185
what happened 1.44659551448862
what happened 2.386559936974693
what happened 0.7032853687216934
what happened 2.0188410401419046
what happened 1.1300269643278646
what happened 0.9653149166571086
what happened 2.39630850919579
what happened 0.34366399365341116
what happened 2.2350841450929035
what happened 1.0128542805414604
what happened 2.6944565684392896
what happened 0.5464730246914966
what happened 1.4828836412713478
what happened 2.0453755693100724
what happened 1.6550079770574304
what happened 2.577030559565046
what happened 0.5388441481190132
what happened 1.9219677356994356
what happened 1.6656120417877813
what happened 2.4726644585488953
what happened 0.08483148377564267
what happened 2.0018204378725764
what happened 0.24799947685727003
what happened 1.6799724565212928
what happened 0.3863862234754803
what happened 2.385944673561839
what happened 0.8892851872575903
what happened 2.1632386824813277
what happened 0.33950666098068677
what happened 0.3401471569847732
what happened 1.1148612440709682
what happened 0.6457941150176322
what happened 2.455621095593408
what happened 0.25736896404536663
what happened 0.2969229145999497
what happened 0.977011205868202
what happened 0.2868446943066906
what happened 2.35812597870715
what happened 1.4685632059830087
what happened 1.110510818398194
what happened 2.0035125121852304
what happened 0.7188240996575924
what happened 1.1215934097177076
what happened 0.8812341413340561
what happened 0.8141241054579959
what happened 0.43375231430405875
what happened 2.3566648436817634
what happened 1.009866705370918
what happened 2.466428366943711
what happened 2.6694773780190824
what happened 2.0126192334811157
what happened 0.4005533481249276
what happened 1.4225495364151364
what happened 0.552246133268822
what happened 1.370226086233207
what happened 2.6649073900943168
what happened 0.4733880486774861
what happened 2.202768173915166
what happened 0.36189016050710043
what happened 0.5543503436502871
what happened 0.37029092963789845
what happened 0.8992382207459731
what happened 0.8555021192334231
what happened 2.6001748414314907
what happened 0.3715829693971859
what happened 2.666937410165631
what happened 0.41457233405277405
what happened 0.41799136601697434
what happened 2.1976035939955545
what happened 2.3739156417146794
what happened 2.6651364460603384
what happened 0.5437299326651307
what happened 2.6860672421873217
what happened 1.0969645434640687
what happened 0.3473405584974649
what happened 2.0341214218659385
what happened 2.1624571241979567
what happened 0.43383610649106114
what happened 0.21653544048524484
what happened 2.0137637192744124
what happened 1.7549827253423873
what happened 0.4160712562445168
what happened 1.8477023277363995
what happened 0.3599556225092986
what happened 1.2967250330798534
what happened 1.343867514538842
what happened 0.05846430131676321
what happened 2.3048071786384052
what happened 0.07094974845242141
what happened 2.636197259928325
what happened 0.2741281444909957
what happened 0.34782350361049075
what happened 0.5751792161344718
what happened 2.623186592346483
what happened 0.0035886645111499094
what happened 2.5823817797452486
what happened 1.9829882963365832
what happened 2.1342764708151187
what happened 1.3311219316861023
what happened 2.588955298329015
what happened 0.09117625410381276
what happened 1.1160650705072888
what happened 2.539395452042168
what happened 0.00438293797410084
what happened 0.14518135504751845
what happened 1.8263851868151317
what happened 0.1400192702740405
what happened 0.9164705056271206
what happened 0.5861846902253112
what happened 0.7598461257134251
what happened 2.2780652180618794
what happened 0.4577283392478292
what happened 0.10896123982904007
what happened 1.3569799514711476
what happened 1.5446362282789243
what happened 0.7857746152263603
what happened 0.0642528155687013
what happened 2.325255612694106
what happened 2.0895213192633806
what happened 2.59302967264121
what happened 2.118775981430146
what happened 0.9593574235079237
what happened 0.7561167412375115
what happened 0.10963274912438907
what happened 1.6485830913662451
what happened 0.7164694548411616
what happened 0.5677159609507448
what happened 0.7965583958316266
what happened 0.35601709932775905
what happened 0.1381712140796912
what happened 0.07388421552789809
what happened 1.0362767272360855
what happened 1.325375744053702
what happened 1.495119577062783
what happened 1.2519501778113908
what happened 0.12537343498356585
what happened 2.4694618577359173
what happened 0.11876418961231776
what happened 0.12662863479609893
what happened 0.24904320123748652
what happened 1.2334287640349408
what happened 1.2973235082218575
what happened 0.9248864021127966
what happened 1.4526636324093685
what happened 2.2472567083783774
what happened 2.2354712447349523
what happened 0.7971144687229209
what happened 2.1921461184300144
what happened 1.5276743155823829
what happened 1.443253651436333
what happened 2.055539269768453
what happened 1.1673442195558126
what happened 1.9359121342185073
what happened 2.2842684446744075
what happened 0.9906058032512224
what happened 0.4995217325187433
what happened 0.4098385447054288
what happened 2.4532477088382354
what happened 2.3756702978759767
what happened 2.238104589634577
what happened 0.4754588946045048
what happened 1.5857799453195496
what happened 0.19602860892075782
what happened 1.3327897308636034
what happened 1.910298570513895
what happened 2.000310828004798
what happened 1.1859993288418005
what happened 0.16418621734473018
what happened 0.6800410025602088
what happened 0.4801606667666874
what happened 0.11906342797561323
what happened 2.2966517465446032
what happened 0.571943294126459
what happened 0.2147494869817306
what happened 0.5473493447208121
what happened 1.0179797342550614
what happened 0.4779796764683458
what happened 0.9403349763103545
what happened 0.299011657179263
what happened 0.22101076149106724
what happened 0.07874007721057738
what happened 1.3753127547722463
what happened 0.21665215526171666
what happened 2.277834057538306
what happened 2.2199933957317914
what happened 0.010879792440616959
what happened 1.9128145634889044
what happened 0.93596761065651
what happened 0.31126829593810657
what happened 1.172094891906281
what happened 1.3499912791888564
what happened 0.590245262784911
what happened 1.1467942072397062
what happened 0.47526375677235005
what happened 2.263000738711607
what happened 0.03796080321608102
what happened 1.3175303989976024
what happened 1.6047237920237996
what happened 2.2791747857246416
what happened 0.7781025316809775
what happened 2.272303020137519
what happened 0.14887353842534215
what happened 0.5930360710745755
what happened 0.3029141771872987
what happened 0.6386001260881801
what happened 1.396818246463481
what happened 0.18641828519097423
what happened 0.30793699873233804
what happened 2.1176189790744457
what happened 0.9651510915162406
what happened 2.517940849167745
what happened 1.395681187332112
what happened 2.0722804536773065
what happened 2.2102601159319306
what happened 0.588519931540894
what happened 0.5049955224500841
what happened 0.4688223488631103
what happened 2.5414212802564413
what happened 2.1158139424051483
what happened 0.7348976041565931
what happened 0.2121134265070799
what happened 0.5774287154666091
what happened 0.5500441823520472
what happened 1.8517114787851807
what happened 0.9170738520115002
what happened 0.2652443745646851
what happened 2.3829822940266103
what happened 1.9085173837596203
what happened 2.5093390032111693
what happened 1.0666739953167832
what happened 0.15226458738731433
what happened 1.1607210385722553
what happened 0.9528389653063337
what happened 1.280845228113142
what happened 0.06208837462544172
what happened 0.36879088915346603
what happened 1.1824290124293697
what happened 0.13325252126405923
what happened 0.5540893412256722
what happened 0.0471388702586293
what happened 0.4202818894260788
what happened 0.8188264889892305
what happened 2.188127584585379
what happened 1.7423611192856676
what happened 0.5793819807458196
what happened 0.6069346377355619
what happened 1.94161903300537
what happened 1.3346017615380175
what happened 1.9150845306947706
what happened 0.7940513433374167
what happened 2.0923997395774716
what happened 2.3109241287751185
what happened 0.45821756970799604
what happened 0.28571016494992973
what happened 1.4456001555782731
what happened 2.5458838425055412
what happened 2.1747854999761578
what happened 1.8913968151700444
what happened 2.4001624165016393
what happened 2.513667675704775
what happened 2.4205248769183627
what happened 0.8112646429596839
what happened 0.36273794118194597
what happened 0.8771970288349786
what happened 0.416501044729225
what happened 0.5007109725988098
what happened 0.4906078067559183
what happened 0.6107088094536774
what happened 2.221287037878661
what happened 0.7616473847278492
what happened 1.5721711794315039
what happened 0.4418884928676339
what happened 2.4701904747901575
what happened 0.31037736292598145
what happened 2.232166228813977
what happened 1.1526865573738456
what happened 2.5073326178141957
what happened 0.1853839274462432
what happened 0.9475829495731236
what happened 2.195884714239997
what happened 0.33649069828996336
what happened 0.3890193709297661
what happened 2.205060076081788
what happened 2.469986497799836
what happened 0.14800218126476816
what happened 0.8544678403662102
what happened 2.1754453995986798
what happened 1.2709995299125456
what happened 0.6971017220357711
what happened 0.40943276399626
what happened 1.8565613613676641
what happened 1.8258385125784575
what happened 0.51739486266484
what happened 1.5135325376267492
what happened 2.517544100724544
what happened 0.13606560311149735
what happened 0.5237041683934425
what happened 2.4876818509621224
what happened 2.0804224953867756
what happened 0.27571922644126795
what happened 0.642491939546506
what happened 1.4978493146532084
what happened 0.46814696167042263
what happened 0.12490985077826257
what happened 0.2732384873985535
what happened 2.3643987096010637
what happened 2.256905115317447
what happened 0.16527954971159603
what happened 2.4973010355441687
what happened 1.6744599952023251
what happened 0.09911256858860255
what happened 1.8236712852381105
what happened 0.7389547196346268
what happened 0.059787444711835745
what happened 0.1398763456614734
what happened 1.815655974551539
what happened 0.8311566348490089
what happened 1.6206352862929994
what happened 2.4654794564416376
what happened 1.812225125403181
what happened 2.4516596013315723
what happened 1.3354560505147635
what happened 0.1559745831319065
what happened 0.1559745831319065
what happened 2.476757203033974
what happened 0.19609310216599798
what happened 0.27400477627683356
what happened 1.5855674657602248
what happened 0.583150170026435
what happened 1.4780948195871955
what happened 2.0005996906265695
what happened 0.2609519736234051
what happened 0.0882185113598328
what happened 1.574920815038278
what happened 2.46034418548012
what happened 0.29140690086151916
what happened 0.9955047353860058
what happened 2.141750160077629
what happened 1.6347174266417737
what happened 0.8995448873472446
what happened 1.5103494350714577
what happened 0.25239335145957903
what happened 0.3544237842394598
what happened 0.32019309996269746
what happened 0.5446010986840413
what happened 0.17092407123800935
what happened 0.4635699702071072
what happened 0.621440937200245
what happened 1.636975517362713
what happened 0.34190997840340254
what happened 0.21279250311181955
what happened 0.13885300780893778
what happened 0.5393057957560373
what happened 0.03972952807835584
what happened 1.2798304671299057
what happened 0.36185267056269915
what happened 0.1960702565953804
what happened 0.7013114245063219
what happened 2.2768236192273874
what happened 1.976952446858666
what happened 2.0228322366816505
what happened 0.09057729431032796
what happened 0.7681977915867627
what happened 0.061402115429518435
what happened 1.888230383895678
what happened 2.4357616468111503
what happened 0.8164967763259527
what happened 0.021206509975523532
what happened 0.819962537383672
what happened 0.584661403237651
what happened 0.6099752726284088
what happened 0.38552487612072434
what happened 0.1223853408770081
what happened 2.1174031696944255
what happened 2.4336056410568707
what happened 1.748204529413308
what happened 0.802328730005564
what happened 1.8587039103484544
what happened 0.5556463865567076
what happened 0.8561712476581524
what happened 1.8320798470105364
what happened 0.44304388171890446
what happened 0.1839875103693537
what happened 1.8146330565515483
what happened 1.761360796320033
what happened 0.5740661761304791
what happened 0.4265812366573661
what happened 0.03699273971382034
what happened 1.7421460339147452
what happened 1.9492080216297398
what happened 0.38005448060974023
what happened 0.050492876857759564
what happened 0.08335257149302071
what happened 2.4276422190949876
what happened 0.23066096385525423
what happened 0.047456388283274836
what happened 0.30970978073213906
what happened 0.07599707604692507
what happened 1.7603873752750696
what happened 0.17876964897828096
what happened 0.49361249157766235
what happened 1.5449421213494088
what happened 0.9909206986592181
what happened 1.8410699603769045
what happened 0.9521700982438054
what happened 0.826385180642247
what happened 1.606404318986473
what happened 2.3529343737614967
what happened 2.3878220577624822
what happened 1.6067619495809846
what happened 0.358957224702999
what happened 2.424850786212341
what happened 0.5825868645044536
what happened 0.30909289288819464
what happened 0.7519574593443822
what happened 0.37438756695496317
what happened 1.1799435401142055
what happened 1.5236819393564272
what happened 1.9419878588352115
what happened 2.170967553720803
what happened 0.053190602666540986
what happened 0.9885790236976688
what happened 0.2972860261458642
what happened 2.417408615081689
what happened 0.7455699378175848
what happened 1.670573979207082
what happened 0.09807375407578951
what happened 1.219817073720718
what happened 2.0787884995951216
what happened 0.11740089006305386
what happened 2.35080446758205
what happened 1.604526731316147
what happened 1.1768779138439869
what happened 0.2802504230590087
what happened 0.09196153504886279
what happened 1.766069518564659
what happened 2.2946203587476846
what happened 1.319745731258419
what happened 0.12375588577935573
what happened 2.090624166244447
what happened 0.23845588340128981
what happened 0.042401250279473404
what happened 0.07288218975463204
what happened 0.8055254212817765
what happened 2.3245593585595152
what happened 2.4007288998133207
what happened 0.08259032739948434
what happened 0.4278295795035969
what happened 1.7503837976594054
what happened 0.6619752648474415
what happened 0.15869720761130687
what happened 0.08134678210807333
what happened 0.8324773226782283
what happened 1.6344055138466405
what happened 1.509219314004319
what happened 1.5264997549539925
what happened 0.09897643647218422
what happened 0.595882741202964
what happened 0.41989781859468983
what happened 0.03950778921025778
what happened 0.42982207415804896
what happened 2.400366937195379
what happened 0.3674115168442571
what happened 0.06907451925590026
what happened 2.4335897181632773
what happened 1.7522544395984727
what happened 0.3029135374777125
what happened 2.065459176716248
what happened 0.675702746637959
what happened 0.12081251538144887
what happened 0.8808256311554512
what happened 1.5352350996666717
what happened 0.4480865309136926
what happened 1.8236339834166937
what happened 1.90605078872742
what happened 2.240536945554219
what happened 1.6729353169829067
what happened 0.43810995408854303
what happened 0.27789731528754824
what happened 1.70055552673201
what happened 2.319799734713081
what happened 1.6649132213548243
what happened 2.2859878922158647
what happened 1.1923004733950284
what happened 0.12510286748569024
what happened 2.3125845286291202
what happened 0.7327151408702185
what happened 1.3258128540828908
what happened 0.10117268212992196
what happened 1.040651807139071
what happened 0.8914965632211742
what happened 0.9938924859514804
what happened 1.9978641751204294
what happened 1.766309047714315
what happened 1.2723006970159672
what happened 0.12078430629618651
what happened 2.2386398155639404
what happened 1.67706374847678
what happened 0.880749756222621
what happened 1.3213803240056996
what happened 0.06491443184386561
what happened 0.1607617363048924
what happened 1.958188105300269
what happened 0.5557268976583318
what happened 2.20473917048958
what happened 0.3128603964969281
what happened 2.090088948492405
what happened 0.7298781389359889
what happened 0.8805924813507371
what happened 1.1234388998874978
what happened 2.0202978063536485
what happened 0.10405144081851968
what happened 1.6787594548418985
what happened 0.8047088105564321
what happened 1.7639216243514806
what happened 0.23015910231936537
what happened 0.12772432095149666
what happened 2.2632555390711153
what happened 0.8150323908700768
what happened 1.9347627583894578
what happened 0.8468467636960175
what happened 2.415845709783821
what happened 1.51225386798031
what happened 0.12371673689075932
what happened 1.9654598511645698
what happened 0.9728476839197597
what happened 1.7573836350811305
what happened 1.4120817827766217
what happened 2.1012155257914267
what happened 2.1046451428177524
what happened 0.95053140227746
what happened 0.5562913630423195
what happened 1.7801759062300437
what happened 1.7801759062300437
what happened 1.3026646767679229
what happened 1.806226293553386
what happened 0.5894367350636026
what happened 1.7833848761186244
what happened 1.7057988251794203
what happened 0.7871616869312869
what happened 0.8428268459129866
what happened 0.06667799521769795
what happened 1.892184794827691
what happened 0.9910374023235425
what happened 0.4661646561932951
what happened 0.23671396152949248
what happened 1.6552896303219975
what happened 1.7610036305227235
what happened 2.1965979206683537
what happened 1.983303992842665
what happened 2.4261470775818736
what happened 2.4018702988436664
what happened 1.7680488878054081
what happened 2.0319949763881557
what happened 0.8299535853045829
what happened 2.264707502996442
what happened 2.0587821682777547
what happened 1.6253746330123822
what happened 0.07773884774140125
what happened 0.5065509735231241
what happened 0.6000622859516462
what happened 0.7285852177386182
what happened 0.7081561925875577
what happened 0.7469168208443654
what happened 0.7856771775799318
what happened 1.7327987398564777
what happened 1.2553643556749794
what happened 0.9289425659960848
what happened 0.06812967289277662
what happened 0.9051376674320692
what happened 0.3612218743227037
what happened 0.23193623834666027
what happened 2.354481777877721
what happened 1.8687742914824996
what happened 0.2775317828147891
what happened 0.5283329855599558
what happened 0.23933937420369245
what happened 2.0067544459591207
what happened 1.0688600758300495
what happened 0.14123154389200557
what happened 2.051647806472237
what happened 2.0655208339344715
what happened 0.1278993530263312
what happened 0.060753416301949005
what happened 0.11911556376637997
what happened 0.9454665973233409
what happened 0.0810371273863074
what happened 0.283367848260299
what happened 0.12681370616490273
what happened 1.8733714689263001
what happened 2.3818983922170074
what happened 0.4038938183699208
what happened 0.5673557468992189
what happened 0.8081706606736379
what happened 0.12692576642514775
what happened 0.5670542173807447
what happened 1.4073450562884047
what happened 1.7349920377614207
what happened 0.014219344785301579
what happened 0.4399687900037803
what happened 1.7417077426890197
what happened 0.6729012449234053
what happened 2.0029874721446013
what happened 2.3768519695977317
what happened 0.14519389791798618
what happened 0.07531784279376443
what happened 0.915548251761005
what happened 1.928112140346504
what happened 0.5586411131289161
what happened 2.0918008139880326
what happened 1.766184515679242
what happened 1.3526356471350038
what happened 0.2290628496520477
what happened 1.7478577418430823
what happened 0.04971949068564833
what happened 1.6989722175447275
what happened 0.9012478292846443
what happened 2.0567178638867216
what happened 0.7900477367009073
what happened 0.5073684366703195
what happened 2.3470665949788896
what happened 0.449236066542007
what happened 0.46186142994546153
what happened 1.0801210406160153
what happened 0.06424154016311594
what happened 0.25338875979934494
what happened 1.4072852090296295
what happened 0.9822717133685137
what happened 0.5273058965210065
what happened 0.03475866834687474
what happened 0.955128436231675
what happened 1.7127192187611937
what happened 0.3880888154392855
what happened 0.21593133910289727
what happened 1.4963693325336886
what happened 0.0
what happened 0.25886428219048635
what happened 0.28305262089390376
what happened 0.05686974143637536
what happened 0.25886428219048635
what happened 2.3492945885287844
what happened 1.5783027542487367
what happened 0.23041765139450618
what happened 0.5268287518637966
what happened 2.1729706608647215
what happened 2.325843644164259
what happened 0.07527679970121831
what happened 1.4330404632822027
what happened 0.35398114525348384
what happened 1.2646373098904704
what happened 1.9433875323274965
what happened 0.23745440215203592
what happened 0.6893050801212388
what happened 1.0528638600125892
what happened 2.3454246248088775
what happened 1.452563411165803
what happened 0.9844721691909929
what happened 1.8258977905032387
what happened 0.4645904044846476
what happened 0.2624634697223453
what happened 2.014212673305913
what happened 1.1276276350752268
what happened 0.6836656788958541
what happened 0.31679767535159903
what happened 0.4925523058335192
what happened 1.839425729162376
what happened 2.0473308865574142
what happened 1.7786414999461944
what happened 0.06122021770556343
what happened 0.32317190476745633
what happened 0.6483234888867746
what happened 1.3597168948655312
what happened 0.14000412525925426
what happened 1.6739474672845862
what happened 0.7552650309019886
what happened 0.7513658346000021
what happened 2.213608371135046
what happened 0.5917181256714528
what happened 1.5691035699077196
what happened 1.9865521547736644
what happened 1.6786923524236406
what happened 1.973015038761007
what happened 2.2009005985620513
what happened 0.0694112010130317
what happened 0.31410538440556984
what happened 0.07230599016609995
what happened 0.5079957850259365
what happened 0.08804596756746641
what happened 1.0003893424052541
what happened 1.2902802063892735
what happened 0.6172628812444765
what happened 0.8443801689294539
what happened 0.2844422356529635
what happened 2.2722380579165318
what happened 1.149164525719028
what happened 0.574282048254975
what happened 0.17704701470732512
what happened 0.07603417799317368
what happened 0.06237763461346103
what happened 2.3046507883825353
what happened 1.6526699761384138
what happened 1.2275901932320314
what happened 1.4227157939374027
what happened 0.19538570674922734
what happened 0.8046639006208344
what happened 0.16166995072910736
what happened 1.7661200555024323
what happened 0.7094540310349464
what happened 0.0959983833255889
what happened 1.6406085912812167
what happened 1.9750149901743796
what happened 0.684784456393867
what happened 2.1643038979881077
what happened 0.46983430568057444
what happened 0.06995199223451516
what happened 1.2696255289354286
what happened 1.3948011413338806
what happened 1.9181615584419518
what happened 0.1012354785874457
what happened 0.4840418062943607
what happened 1.0167785467474622
what happened 1.9224357322126067
what happened 0.12827881365427507
what happened 0.599796355588977
what happened 0.12971438261391224
what happened 0.2592202469629021
what happened 1.1132723771777635
what happened 1.72915826325687
what happened 2.2757134730356814
what happened 1.4851998465912293
what happened 1.9037388507060304
what happened 0.5771642894047773
what happened 0.12078955246460135
what happened 1.9393056611859663
what happened 0.09882648347357775
what happened 2.1523237301326787
what happened 0.13537443846365518
what happened 2.256485288270599
what happened 1.794182799814233
what happened 1.7841395451681803
what happened 0.7285294525992723
what happened 0.5546200755504597
what happened 2.121827622061346
what happened 0.5829906613121355
what happened 0.20536060072014053
what happened 0.21773069344028814
what happened 0.47716140389301664
what happened 0.5484291876331813
what happened 1.7736235250538992
what happened 0.08545631402855024
what happened 0.10610617247182891
what happened 1.6166071469292302
what happened 1.0606922984036145
what happened 0.028649324390413726
what happened 2.294593702116695
what happened 2.1696615366965366
what happened 1.9597763266632027
what happened 1.5996347319713555
what happened 1.6077307014047353
what happened 2.2348659080565163
what happened 0.518175002365185
what happened 1.68410244750965
what happened 0.7223070833974067
what happened 0.06938555218763078
what happened 1.6523689468831966
what happened 2.3193589551364164
what happened 0.49992686806626646
what happened 0.5046557656878181
what happened 1.0660842194941285
what happened 2.0246961604030456
what happened 1.7893864245752737
what happened 1.9933913118460294
what happened 1.2998519946516696
what happened 0.17787376612337175
what happened 0.6469479123612634
what happened 2.270927222327949
what happened 2.0486328155122773
what happened 0.7676280327033261
what happened 0.00319617761425979
what happened 0.5592635430461437
what happened 0.4220257482054506
what happened 1.8356266887782533
what happened 0.7182508954361229
what happened 0.46991271679749647
what happened 0.3062446660864407
what happened 0.05211358472627844
what happened 2.122181213421085
what happened 0.7900890334818107
what happened 0.43111225583699586
what happened 1.347729172133518
what happened 2.22262135936444
what happened 2.311262670506454
what happened 0.10252934344911337
what happened 0.1698714327081205
what happened 0.693832395541215
what happened 0.2889279163123162
what happened 0.2860644246756589
what happened 0.2790169120295071
what happened 1.097732501610529
what happened 1.7019833880730262
what happened 0.44346728894524157
what happened 1.7116586134402416
what happened 0.2684925209102079
what happened 1.263237804181489
what happened 0.5159395689911974
what happened 0.8967835264252249
what happened 0.5069755622987288
what happened 0.21362179703978967
what happened 0.761605821812581
what happened 0.20175416950353686
what happened 1.658890098343114
what happened 0.782925575354154
what happened 2.203122306593239
what happened 0.7340625657466252
what happened 1.7147107609598262
what happened 2.3662295379393754
what happened 1.5476113158942646
what happened 0.5653922248123591
what happened 0.5317251920443714
what happened 0.7796276921190822
what happened 0.34456423186076335
what happened 0.061224489283254
what happened 0.76656347230339
what happened 1.6961244409983567
what happened 1.659818345165625
what happened 2.0236215739176964
what happened 0.7969198565445236
what happened 0.09325646551687518
what happened 0.5336372268392028
what happened 1.5048720962100346
what happened 0.2433151906786176
what happened 0.06091739507953788
what happened 0.7228597465236513
what happened 1.1176923437381157
what happened 2.356375990094404
what happened 1.9210527078130055
what happened 0.20355284499368745
what happened 0.7829895875205932
what happened 0.23476782108456687
what happened 0.7743883406144495
what happened 1.7775270434112709
what happened 1.3794556896566441
what happened 1.3518604600329933
what happened 0.7743895753472694
what happened 0.36248562589079214
what happened 1.217631555208276
what happened 0.7892423610647225
what happened 0.5468319923583739
what happened 1.9800345963175585
what happened 0.7178305378456948
what happened 2.0150164969563598
what happened 0.7079265803394934
what happened 0.5130105496452648
what happened 0.2134461810178655
what happened 0.02959581735796208
what happened 1.674336521903313
what happened 0.6857287308086328
what happened 1.5298707875727202
what happened 1.2398714077152544
what happened 1.6607249761996963
what happened 0.5167765207860641
what happened 0.0
what happened 0.5411173495755233
what happened 2.343323199758476
what happened 1.0631264951400512
what happened 0.7871884157295114
what happened 1.7699026458133997
what happened 2.0132407623592847
what happened 0.27955731756986424
what happened 0.116011441127744
what happened 0.2830012887396657
what happened 0.33292229160229747
what happened 2.370201949426093
what happened 0.7848996145604212
what happened 1.4337858533565373
what happened 1.8449514316152749
what happened 0.25289597300938116
what happened 2.0021764162530533
what happened 2.0364190742380837
what happened 0.06560760701137
what happened 1.701920774946194
what happened 0.24842656850229997
what happened 0.3426507632323078
what happened 2.024727257966423
what happened 2.3336453394412198
what happened 1.5876055618901437
what happened 1.5876055618901437
what happened 0.7384527971817989
what happened 0.1628824562330487
what happened 1.6529745466744343
what happened 1.6900002605012405
what happened 0.7287167840901264
what happened 2.3039778178501047
what happened 1.1777818431418952
what happened 0.45977265956822166
what happened 1.2786608415971854
what happened 2.13768785482627
what happened 1.6763306969342018
what happened 0.7533125903209998
what happened 1.679044761714351
what happened 0.20343482878211847
what happened 1.3385340778125996
what happened 1.9459737699680202
what happened 2.199583888002499
what happened 0.12251856581364877
what happened 0.7251451741068272
what happened 0.7187803753173159
what happened 0.12239877110941598
what happened 1.0594607450234121
what happened 1.6384852037534485
what happened 1.657354402186662
what happened 0.2978190540858481
what happened 0.08524447758612304
what happened 0.42847341742726996
what happened 1.6818006907917458
what happened 0.2093123167698853
what happened 1.9758771328595437
what happened 0.2883398904243456
what happened 1.9741079906381303
what happened 0.38575289502004995
what happened 0.09069857443912804
what happened 0.0993727229562403
what happened 1.1568512224742018
what happened 0.09069857443912804
what happened 0.6379084155375528
what happened 0.6203978210086878
what happened 1.636868147626495
what happened 1.298026154412346
what happened 0.18579081716835016
what happened 0.3158441034244264
what happened 0.4789680576063806
what happened 0.5487171465180846
what happened 2.2805476095172197
what happened 0.9874405648855415
what happened 0.6120523989355547
what happened 0.24014081556652106
what happened 0.08429263869243797
what happened 1.324950892009048
what happened 2.2867403611191564
what happened 1.6630562400913644
what happened 1.6497730981369982
what happened 1.6071036318612342
what happened 0.1487308677579733
what happened 0.9331828121029947
what happened 0.5756301841491187
what happened 0.5781485820462048
what happened 1.436238168072638
what happened 0.4141027091169533
what happened 1.591782596652226
what happened 0.5107295257433987
what happened 0.9754054077889086
what happened 0.5937137287768725
what happened 0.5755902521030223
what happened 2.21074288322188
what happened 2.279679946664276
what happened 0.2570540863314743
what happened 1.5025002563716816
what happened 2.2695727408357387
what happened 2.2388558049098384
what happened 1.7580239892621388
what happened 1.605818127378419
what happened 1.8198804772566248
what happened 1.6434702605135005
what happened 1.9197448242545263
what happened 1.6248425359889882
what happened 1.4709743568372604
what happened 0.4632739146336559
what happened 2.262835697753961
what happened 0.6932894358464806
what happened 0.153500581866561
what happened 2.246239139309789
what happened 1.3073078515852088
what happened 1.5771989637366262
what happened 1.6425005599976388
what happened 1.9706364802033074
what happened 1.8904289309856463
what happened 1.8315182232515825
what happened 0.03695893941061023
what happened 1.4838056940636022
what happened 2.1117091689432397
what happened 0.6177208366453876
what happened 0.7131515333727143
what happened 0.9600517200672822
what happened 0.42514863817274134
what happened 1.2525753799055803
what happened 0.11894975071018397
what happened 0.4654598826378691
what happened 1.0295946933196267
what happened 0.4412413439418218
what happened 0.9375623786490551
what happened 1.5275384531026843
what happened 0.10139450400272737
what happened 2.0962953683525654
what happened 0.19439967824121285
what happened 1.9540240049458797
what happened 1.9656654923475485
what happened 0.7613816280745683
what happened 1.7815068251458774
what happened 0.14791679216979578
what happened 0.648262721576267
what happened 0.2116140760778181
what happened 0.2546205183717754
what happened 1.8874860852047772
what happened 1.0091272472368684
what happened 1.5566648422356364
what happened 1.4788104635844588
what happened 0.421560459143207
what happened 0.49130743422894047
what happened 1.5910837820660297
what happened 1.8976338051062256
what happened 2.2186856989248502
what happened 1.5827997010706367
what happened 1.0160397602786357
what happened 2.2117115514573356
what happened 2.108082980658071
what happened 1.4686983976735257
what happened 1.9202870450147653
what happened 1.5505205407276585
what happened 1.9180842818487205
what happened 2.034533673869646
what happened 1.526768793221214
what happened 0.13240640840677012
what happened 0.9670212588742696
what happened 0.5087725844854968
what happened 1.522717793780565
what happened 1.550560325750026
what happened 0.5081512104218194
what happened 1.6774022227867467
what happened 0.6185553951514918
what happened 1.789215162861672
what happened 1.5144542523499145
what happened 2.1851409409933553
what happened 0.6351988275277533
what happened 0.6500304874139088
what happened 0.1422596155040609
what happened 1.9011605730832162
what happened 1.3898370962108713
what happened 1.8223584792820733
what happened 0.5345642502725999
what happened 0.9779594086510398
what happened 0.949534729765924
what happened 1.3339386664296304
what happened 0.09769856460407197
what happened 1.5277954257618107
what happened 0.6059048191706388
what happened 1.3749660369171128
what happened 2.1812389652592215
what happened 1.3155683335165205
what happened 1.8000054717328164
what happened 0.9630416833163167
what happened 1.6496926039045952
what happened 1.1358512905642548
what happened 2.0697787380603865
what happened 0.05419167550674872
what happened 0.2899296674376281
what happened 0.1307409793548302
what happened 1.4131488336403706
what happened 1.4131488336403706
what happened 0.1327317739910446
what happened 0.060197589782544254
what happened 1.0819232159512933
what happened 0.11589596533143248
what happened 0.35715408806754684
what happened 0.5131609110914055
what happened 2.1644737462027788
what happened 0.16515653604018407
what happened 0.16056045172851066
what happened 1.1697373114962053
what happened 1.9928851880871146
what happened 0.08870412041006397
what happened 0.17655083843831218
what happened 2.1293526652351726
what happened 1.6666437165990584
what happened 0.07125484010900177
what happened 0.5727269248395854
what happened 2.108842381368947
what happened 0.14220029870663692
what happened 0.16046624769396103
what happened 1.3682180868421614
what happened 1.4925572962886078
what happened 0.04199860387795246
what happened 1.8260721761532812
what happened 1.8243629789930331
what happened 0.42469648414928185
what happened 1.6464225104538865
what happened 1.8279870477259172
what happened 1.471484099648055
what happened 1.570370041746826
what happened 0.8844585559775888
what happened 0.036643372039831194
what happened 0.6490887436246662
what happened 0.23668562402329688
what happened 1.9744484331800736
what happened 1.0368187513219087
what happened 2.0046107423146156
what happened 0.11557706561278526
what happened 0.5636354879307557
what happened 0.481579146308133
what happened 0.07442358638667987
what happened 1.5249823614156701
what happened 1.7861767529708
what happened 1.8294575462350557
what happened 0.0738425370516809
what happened 0.4833175298238368
what happened 0.8959179513592713
what happened 0.8979961273430426
what happened 1.6815471559390451
what happened 1.12348928937131
what happened 0.8632723297405666
what happened 1.3971518202058655
what happened 0.13163352264408604
what happened 1.8877310407881536
what happened 0.054019131622752244
what happened 1.2988934960500758
what happened 0.23843743994334113
what happened 1.5219608534598947
what happened 0.33553192701587026
what happened 0.8173465880715798
what happened 1.1397863306431135
what happened 1.5011950524739186
what happened 1.3439413297616245
what happened 1.8067487492422567
what happened 0.09937623010853691
what happened 0.09082465898292728
what happened 2.1346783240459013
what happened 1.9639262181723112
what happened 0.12521557445723663
what happened 2.0349671015083186
what happened 0.48297739451005656
what happened 0.07237968851816372
what happened 0.07864910442115527
what happened 0.46435201277773824
what happened 0.0436772334563551
what happened 1.7041769542797895
what happened 1.2813331902759086
what happened 1.6916576822582574
what happened 0.46142916214198554
what happened 0.5484498856534838
what happened 0.31522153596393315
what happened 0.9785653244201792
what happened 1.1588276833487767
what happened 1.0907117621933557
what happened 1.7504980772277627
what happened 0.6449207762096338
what happened 1.446603434241596
what happened 0.9751663607873847
what happened 1.7674202784764508
what happened 0.9035525288604228
what happened 1.6839139055544396
what happened 0.25725161095224797
what happened 0.4410734395996748
what happened 0.06723712063644435
what happened 1.3626571816352573
what happened 0.19097808303445027
what happened 1.813311852288412
what happened 1.3255488400540545
what happened 2.142845524990589
what happened 0.5165923770272229
what happened 1.5017363194889326
what happened 1.9196642191268771
what happened 1.7630614892336736
what happened 0.5559137339532632
what happened 0.9015850926052285
what happened 0.44631630451568594
what happened 1.832714236812749
what happened 1.5385164843036285
what happened 0.9047947662269252
what happened 1.6359319116641533
what happened 0.4716870757962119
what happened 0.6132892938671094
what happened 1.6559772070790926
what happened 1.0127478312947997
what happened 1.406017255906079
what happened 0.15466634281402952
what happened 0.9279563029323245
what happened 0.2203878452164966
what happened 0.0
what happened 1.509076343704275
what happened 1.7240364506906654
what happened 0.9165368244370387
what happened 1.3871746637045108
what happened 1.51838471594291
what happened 1.8040830111374115
what happened 1.557790612702888
what happened 0.15623090598525136
what happened 0.8889460836189017
what happened 0.4766645238675777
what happened 1.480279079164186
what happened 0.5815992320269806
what happened 0.3511627856338084
what happened 0.6395312882693166
what happened 0.5750366815545979
what happened 2.1473061193931677
what happened 0.8587022312158642
what happened 0.06717745342135792
what happened 1.9535439395492211
what happened 2.155023323268983
what happened 1.4625656235452538
what happened 0.1045468530051562
what happened 1.5124907092408795
what happened 0.4787323197549921
what happened 0.6024475701609852
what happened 2.157089830754208
what happened 0.1641212869572951
what happened 1.567194384335884
what happened 2.1155380618239468
what happened 0.4272578874994044
what happened 2.0137049717598265
what happened 0.4528046205037718
what happened 0.8204183542014334
what happened 0.32167720397171756
what happened 1.9769853849676213
what happened 0.2626598673753249
what happened 1.3616180636883501
what happened 1.669517434482999
what happened 0.8061806274176273
what happened 0.08133094917028039
what happened 0.8923732079421192
what happened 1.6157763148589088
what happened 0.459833906410684
what happened 1.335844630362681
what happened 0.8990967907534132
what happened 0.8634023674465165
what happened 0.09916547542028704
what happened 0.15822420193920794
what happened 0.06639705460501576
what happened 0.8204715721031887
what happened 1.4420196834908372
what happened 1.783377994856975
what happened 1.331980939323743
what happened 1.2188699202450088
what happened 1.4643470996441028
what happened 0.19566989830396048
what happened 0.6535507156063387
what happened 0.44842999590432037
what happened 1.9683459425964942
what happened 1.4246974913753794
what happened 1.4572215104296296
what happened 1.038690158192681
what happened 1.302065299153783
what happened 0.3797851308640047
what happened 1.786879356302893
what happened 1.8027039712770871
what happened 0.3797851308640047
what happened 1.246924264191849
what happened 0.29669028786240254
what happened 1.9525392475587031
what happened 0.30817462364697135
what happened 0.10324948979426286
what happened 0.4732919465212968
what happened 1.3466701271663746
what happened 1.7236567053294292
what happened 0.8997756541306566
what happened 0.8402566605185393
what happened 1.3040474692325783
what happened 0.6379014651348854
what happened 0.8656315824379854
what happened 1.0000195748451746
what happened 0.029059100075000302
what happened 0.3695725096113718
what happened 0.7247753411195121
what happened 0.588678284289617
what happened 0.0886993249411955
what happened 1.579381395565837
what happened 1.4669939802609704
what happened 0.2871678256270624
what happened 0.8004202035765964
what happened 2.070812942392342
what happened 0.5025647074518561
what happened 0.5398541082496243
what happened 1.6583757749667416
what happened 0.9538434423719045
what happened 1.6926475461714003
what happened 2.066564939302048
what happened 1.5962405673114364
what happened 1.6312137695830324
what happened 1.188991706907994
what happened 1.7135120948280709
what happened 0.13509945697910242
what happened 1.4045846310638137
what happened 1.753299693335416
what happened 2.088492677209578
what happened 0.9887997323584797
what happened 1.4522446399719353
what happened 1.9566209528792187
what happened 1.501564941999744
what happened 1.7263970940555744
what happened 1.4503643940554556
what happened 0.39733074243093186
what happened 0.4884472761627966
what happened 0.3931802979932763
what happened 1.2917103868072617
what happened 1.4775762891759436
what happened 0.42848121323114285
what happened 1.406595132068916
what happened 1.5916823134280182
what happened 1.0555131894979353
what happened 1.030754862728205
what happened 1.0105061054916407
what happened 0.8224711744526776
what happened 1.4151366838301813
what happened 1.1722021063727597
what happened 1.5462775741110866
what happened 1.0403928117152128
what happened 0.15628101253849427
what happened 1.7262806773800898
what happened 0.7938564009825444
what happened 1.070715269008727
what happened 0.8290959131606446
what happened 0.4355156217165806
what happened 1.4628576388538712
what happened 2.055948712356237
what happened 0.07104015645291861
what happened 1.9115551200249146
what happened 0.8364106853284726
what happened 0.4722632047655909
what happened 0.5431756870508981
what happened 0.5736218347243458
what happened 1.3023463570655451
what happened 0.37927673761750536
what happened 2.0581265285596024
what happened 0.46714608712183164
what happened 0.02741746399194874
what happened 0.11102157521733526
what happened 0.48003565454655456
what happened 0.06655450832552423
what happened 1.3344791952643433
what happened 2.0240571175204134
what happened 1.43184005715693
what happened 0.3904540114545904
what happened 0.546625579401504
what happened 1.3850504502788916
what happened 0.2373981844525247
what happened 2.0184116753486934
what happened 1.2642523266747985
what happened 0.7230868268391725
what happened 0.6126789193187124
what happened 2.015345350377251
what happened 2.0570274781279343
what happened 2.03093949835267
what happened 1.2255992229885802
what happened 0.9888688822024616
what happened 1.6622894166810362
what happened 1.702036686974719
what happened 0.2044719504084337
what happened 0.3712919780373163
what happened 0.7734654397822928
what happened 1.5514510049687265
what happened 0.27123690055074007
what happened 1.8604913787515998
what happened 0.7526327374058751
what happened 0.3294941784949787
what happened 0.38031941759753385
what happened 2.004814095428704
what happened 1.9527741313334928
what happened 1.3062940042643527
what happened 0.6092709087875033
what happened 1.0228211317581333
what happened 1.3742422977776068
what happened 1.4343758324588658
what happened 0.4502410445639235
what happened 0.23558631755461446
what happened 1.6529957751533328
what happened 0.06473803141014077
what happened 1.6400133861311987
what happened 0.08226641396662521
what happened 0.4746296496210216
what happened 0.43863598602019255
what happened 0.6770552424267091
what happened 0.05315747009387646
what happened 1.6952840819198334
what happened 1.7091698656511138
what happened 0.8159402491181906
what happened 0.3409068454179846
what happened 1.3676887686920218
what happened 1.6391908861538007
what happened 1.0134477308272614
what happened 1.6832329778466688
what happened 1.3906544942875476
what happened 2.0338141635065825
what happened 0.9394665857016464
what happened 0.4202756138945738
what happened 0.9877670891630325
what happened 1.7077196951379419
what happened 1.2404017158839082
what happened 0.09861179852736932
what happened 1.6949383930468978
what happened 0.3770764044126079
what happened 1.6457007112555917
what happened 0.3261413179837075
what happened 1.818936098419545
what happened 1.2192276045832309
what happened 1.541028753791619
what happened 0.4685209081220902
what happened 1.0320233401840961
what happened 0.26746493560435125
what happened 0.6815426034208636
what happened 1.3988786866152851
what happened 0.4564164799352348
what happened 0.5391993733400062
what happened 0.1905691185706954
what happened 1.6304751370840538
what happened 1.0621375964012487
what happened 1.3283919228013257
what happened 1.8458832287709825
what happened 1.380865477198263
what happened 0.5008491222640407
what happened 1.3540556686895426
what happened 1.524343801508423
what happened 1.2404742452321924
what happened 1.5961540797886367
what happened 1.7466896362523054
what happened 1.2517739247882502
what happened 1.3479042468846718
what happened 0.9277348788135166
what happened 1.8700326072123026
what happened 1.3713499525352582
what happened 0.5875607158263927
what happened 2.030608385398136
what happened 0.15058600012166165
what happened 0.3791955374257793
what happened 0.6319092414429017
what happened 2.035928099040149
what happened 1.6818572104608642
what happened 1.8351212444921647
what happened 1.1891590791981668
what happened 0.9976047471409389
what happened 1.9991306562144093
what happened 0.1338771346799975
what happened 1.8414460503350882
what happened 1.687446974918539
what happened 0.1753368077332164
what happened 1.4766776745301717
what happened 0.33050884451103246
what happened 1.6938417213075052
what happened 0.813743081176611
what happened 1.8814603472200784
what happened 0.17520892560352863
what happened 0.7760019976744311
what happened 1.6260017473414148
what happened 0.4050510556890726
what happened 1.8480099045230285
what happened 1.9873791609814744
what happened 0.109668900123861
what happened 1.3348591559212433
what happened 0.8574704390947199
what happened 1.1822317194621794
what happened 0.4317594678697948
what happened 1.9918600149889318
what happened 1.800592850483865
what happened 2.003863320795776
what happened 0.37966803526985293
what happened 1.1366544803150118
what happened 0.3089339069642756
what happened 1.4992163191501617
what happened 0.024429457202693405
what happened 1.3998240492639618
what happened 1.9967298602943577
what happened 0.1799651274068096
what happened 0.29084937498022134
what happened 1.147270500021222
what happened 1.4040098220358435
what happened 0.8274528495442405
what happened 1.158854225185416
what happened 1.8117790231648891
what happened 1.9069768498796849
what happened 1.3457136658513174
what happened 1.0246790394089451
what happened 0.13122300441749124
what happened 0.5949666480763977
what happened 0.366051653585392
what happened 1.6222290318323838
what happened 1.2718460974328003
what happened 0.819709231197825
what happened 1.9595354189893381
what happened 1.3031963935712223
what happened 1.967784530739831
what happened 0.9471780814674311
what happened 1.966653044752128
what happened 0.8550679924317559
what happened 1.6455171497171945
what happened 0.9810544704282802
what happened 0.27333983563285247
what happened 0.2829774978173812
what happened 0.26173592783726024
what happened 1.092428136623145
what happened 1.1950713389049967
what happened 1.9568452696975496
what happened 1.0339147702370366
what happened 0.36950709885038
what happened 1.6791632572098574
what happened 1.9243428209854252
what happened 0.47526979204315284
what happened 0.2508137903210049
what happened 1.4994985283574986
what happened 1.9481849920384622
what happened 0.049393863145531396
what happened 1.9125026172067803
what happened 1.5606877317078243
what happened 0.3402633800655468
what happened 1.9364940443101204
what happened 1.9182117233184979
what happened 1.9340721684336868
what happened 1.756258209861441
what happened 0.2908492731255343
what happened 0.34000408172523444
what happened 1.3917481539381134
what happened 1.2879306299817606
what happened 1.2654230823042931
what happened 0.7400953167400572
what happened 1.3858580533936342
what happened 1.901897366126486
what happened 1.8868763485751097
what happened 0.9044312885469148
what happened 0.2595625747621909
what happened 0.11465397279290851
what happened 1.8679770433766563
what happened 0.9049947595184763
what happened 0.16510905306390403
what happened 1.5120004395303084
what happened 1.907033618622192
what happened 1.8454589593891018
what happened 0.6657369236245203
what happened 0.3290786481231529
what happened 0.6650923457609075
what happened 0.008506491025716802
what happened 1.044186789897193
what happened 1.2321518755576646
what happened 1.2358296405602922
what happened 0.91638371337107
what happened 1.7219775416294496
what happened 0.3226814840570193
what happened 1.2983204870768104
what happened 1.1783755795547868
what happened 1.0300411156873632
what happened 1.5297194547076274
what happened 1.2041004909922763
what happened 1.251378286039725
what happened 0.08840386164953028
what happened 1.5443755536184955
what happened 1.7135202666238756
what happened 0.3669279953081644
what happened 0.06057176452783
what happened 1.2480021979970088
what happened 0.1987245566112838
what happened 1.5356318518869738
what happened 1.2883190524934673
what happened 0.045931327631448915
what happened 1.5177654039474606
what happened 1.0603628768581603
what happened 1.1864762260165846
what happened 1.072402155324552
what happened 1.2921184263755061
what happened 0.29609044760123454
what happened 1.286442474567842
what happened 1.5597990467176
what happened 1.8108363437801034
what happened 0.8729879306182425
what happened 1.05537438477696
what happened 1.3918378144479322
what happened 1.1845446655636351
what happened 1.3982116974948298
what happened 0.6451171724367118
what happened 0.23744040160928143
what happened 1.7037117817991905
what happened 0.23587902981991457
what happened 1.1326938497002212
what happened 1.8212231144930404
what happened 1.1929187627359392
what happened 1.4952455773297229
what happened 1.075171710652772
what happened 1.1825882968997843
what happened 0.7257765758888038
what happened 1.3163023691646696
what happened 0.5273934993267075
what happened 1.4934586526456874
what happened 0.05082211924849137
what happened 1.5433084333046614
what happened 0.6107178689113444
what happened 0.1969657726734628
what happened 1.1745786557403635
what happened 1.531965056193161
what happened 1.0115326958822308
what happened 0.1504419458944904
what happened 0.06531219856169701
what happened 0.2453374952188767
what happened 1.493537657694217
what happened 0.6149402091270473
what happened 0.8360138773082183
what happened 1.4673981406209637
what happened 1.3374761356864815
what happened 1.1101236433739339
what happened 1.2809368250929114
what happened 0.01712719978218269
what happened 1.174054087478944
what happened 1.4621576857961787
what happened 1.6273431126700524
what happened 1.5089858010097053
what happened 0.3601609044786307
what happened 1.318196999046334
what happened 1.8935875960582995
what happened 1.3393901872233023
what happened 0.260460280927548
what happened 1.387654694652392
what happened 1.6956728151574336
what happened 0.7249722390618384
what happened 1.4058275640450915
what happened 1.0498113858374232
what happened 1.8585000658780872
what happened 0.618010453273728
what happened 1.8591738349209184
what happened 1.2136563012574078
what happened 1.5331198403920592
what happened 0.8404626801035145
what happened 0.9520314551839358
what happened 0.9581745267735947
what happened 1.4771832765959567
what happened 1.3676968919343353
what happened 1.521137569759264
what happened 1.014941267233989
what happened 0.7367231096925176
what happened 0.18005466880537643
what happened 1.472716994085424
what happened 1.1484913444000677
what happened 1.8703745845009392
what happened 0.6018032074767721
what happened 1.5374510807464143
what happened 1.7222396927823718
what happened 0.23448322219645917
what happened 0.42170411796721535
what happened 0.8652258972159736
what happened 0.1430554222702693
what happened 1.386015518302682
what happened 0.8314820971753526
what happened 1.5156445880397762
what happened 1.1328971137228716
what happened 1.0419266858026721
what happened 1.3358191814061449
what happened 1.6836336931615064
what happened 1.4749097736041779
what happened 1.1015811841081518
what happened 0.5671934681902608
what happened 0.7854045803211086
what happened 1.4581288712789904
what happened 0.8829536221176371
what happened 0.20643379470304188
what happened 0.17243785957232685
what happened 0.22588936293522363
what happened 1.4942214687080702
what happened 1.1116764267626011
what happened 0.9926366969572239
what happened 1.2483678726650833
what happened 1.1648585456206075
what happened 0.9873220762461599
what happened 0.6308466516342399
what happened 1.66050178937479
what happened 0.25243109173614586
what happened 0.6559147962555585
what happened 1.1875421828857253
what happened 1.4834165537161756
what happened 0.38199690403936504
what happened 0.17889557470329942
what happened 0.5339319842701978
what happened 0.5615232495298101
what happened 1.3918355223212375
what happened 1.289864518034974
what happened 1.4980489610988998
what happened 0.16375951435454192
what happened 1.1370061799853957
what happened 1.4149596563969948
what happened 1.7979333033446934
what happened 1.780782397630299
what happened 1.6321077817654628
what happened 1.1540480758900336
what happened 0.1673754859857187
what happened 0.24774881790050876
what happened 0.6058646275743064
what happened 0.17218795398918876
what happened 1.390828197945505
what happened 1.2993569286668454
what happened 1.4712264393136432
what happened 1.0039132786597211
what happened 1.7630290844131697
what happened 1.5466847594874908
what happened 0.22312854104571575
what happened 1.7735382087025808
what happened 1.0141518113523635
what happened 1.4200241842219186
what happened 1.5073726464009656
what happened 0.6936210338942402
what happened 1.0216627519724837
what happened 0.13971946173722424
what happened 0.06714597338189122
what happened 0.512673117048853
what happened 1.4158794141641327
what happened 0.1725989686011588
what happened 1.2750386684181305
what happened 1.726185245471364
what happened 0.536622700075785
what happened 0.9951377167262488
what happened 0.16430314336159133
what happened 0.5192283272990074
what happened 0.05363310249624559
what happened 0.47623239815083007
what happened 1.7516063963340718
what happened 1.089008652734044
what happened 0.3715123788689221
what happened 0.2955762138056668
what happened 0.9639291412550794
what happened 1.2140517112205649
what happened 0.8858249630562463
what happened 0.7838601609336264
what happened 0.4610143774296925
what happened 0.5219649888797415
what happened 1.448404301250128
what happened 1.3881579850642989
what happened 1.6239983411250782
what happened 1.4522130306627856
what happened 0.5127354435455629
what happened 0.508622798771755
what happened 1.253974882661347
what happened 1.361930665082032
what happened 1.2687843490781725
what happened 1.550088297127286
what happened 1.2075989238545293
what happened 0.6038179383692133
what happened 0.9466596393461327
what happened 1.3243719186366634
what happened 0.39996665582560115
what happened 0.1252169982523569
what happened 1.3835906341371176
what happened 1.3661421794557753
what happened 0.13409691595204612
what happened 0.029788504168965616
what happened 1.0249396839869256
what happened 1.6964994851794801
what happened 0.6780831425878209
what happened 1.7009060508163165
what happened 0.49191869865941623
what happened 0.22903506047270397
what happened 0.6099060156412222
what happened 1.1618317024036093
what happened 1.3690381437213621
what happened 0.7865578466177975
what happened 0.03627415204882792
what happened 0.17413169996163883
what happened 0.25084954758449396
what happened 1.4668026632220403
what happened 1.1481048286793027
what happened 0.4507670220244838
what happened 1.5297597038442585
what happened 1.3700566465379245
what happened 1.6411621166218338
what happened 1.0171641697740665
what happened 0.12136802862666972
what happened 1.6704833910283023
what happened 0.20641301984184587
what happened 1.637916992117136
what happened 0.8781583363865387
what happened 0.6609853720376475
what happened 0.9945581283012653
what happened 1.6702951813532128
what happened 0.6547083306256614
what happened 1.190927844996071
what happened 0.7505859242014651
what happened 0.5482905436910303
what happened 0.03382375101983058
what happened 0.2885577272597965
what happened 1.3818978231339296
what happened 0.6689481018981948
what happened 1.208575726234105
what happened 1.347715492499617
what happened 1.321064893250264
what happened 0.7141922160199555
what happened 0.45146510766497494
what happened 0.9795293097893538
what happened 0.11253851132458449
what happened 0.9036575980393686
what happened 1.3123267629476487
what happened 0.9934686559811945
what happened 1.653473209736778
what happened 1.2527142308584462
what happened 0.2596252214685019
what happened 0.28856961909496875
what happened 1.012439075142452
what happened 0.6625821040916202
what happened 0.8766934493381748
what happened 1.528839703432238
what happened 0.020049964314951985
what happened 0.7913885390370705
what happened 1.0880842239599313
what happened 1.165230084963461
what happened 0.8781848046843677
what happened 1.580356511685551
what happened 1.5231983931571886
what happened 1.4525549112276497
what happened 0.6546395941595723
what happened 1.3580552082851347
what happened 1.651176447063886
what happened 1.337666020582442
what happened 0.1293620263740888
what happened 0.05538860118777002
what happened 1.6824123430350564
what happened 1.1441284091945079
what happened 0.11331135624260673
what happened 1.6279705370470485
what happened 1.3571839187826027
what happened 1.3782082614975606
what happened 1.0118782654503042
what happened 1.5422535319078874
what happened 0.11185011579242564
what happened 0.6872769279297988
what happened 0.029508408470691375
what happened 1.0017689333291864
what happened 0.4014816358277522
what happened 1.3242140230487514
what happened 1.6317762498211545
what happened 0.6785321345401436
what happened 0.09816945907707919
what happened 1.636769816388481
what happened 1.6250447321725918
what happened 0.9857926705010454
what happened 0.9998615944606898
what happened 1.4059586483663176
what happened 0.8133367016592071
what happened 1.3750516850286068
what happened 0.9756450895481414
what happened 0.33720821867841566
what happened 1.1567596631543302
what happened 0.6678898455530258
what happened 1.6545975520768423
what happened 0.07236119582074337
what happened 0.521276535330618
what happened 0.2210806395380297
what happened 1.5223914139657713
what happened 1.1382244040400955
what happened 0.8650280040932404
what happened 0.43180517851439115
what happened 1.5701638054699154
what happened 0.20317738754032585
what happened 0.7630488287862074
what happened 0.09825713566642442
what happened 1.3434471057225361
what happened 1.181281106827665
what happened 0.063286781014266
what happened 1.6505804142347607
what happened 0.6496606468204973
what happened 1.3106504411774564
what happened 0.5364439426871976
what happened 0.9831394491594725
what happened 1.487926729284013
what happened 1.0049951205792058
what happened 1.3318176153694636
what happened 0.7422786662645176
what happened 0.10440490498232766
what happened 1.0217808776634667
what happened 1.0753243087732516
what happened 0.09795504350111937
what happened 1.4912862758485426
what happened 0.36957567713557593
what happened 0.38005429660834056
what happened 1.5198732449861394
what happened 0.4214283171457433
what happened 0.3395745031890354
what happened 0.15886154204167313
what happened 0.045332503089106156
what happened 0.058008110715230335
what happened 0.061438696589175786
what happened 1.6331069770142834
what happened 1.081129711856092
what happened 0.6881689239657071
what happened 0.9514946214539871
what happened 0.23633530240807993
what happened 0.37268356554598586
what happened 1.603812267034976
what happened 0.796397314614391
what happened 1.2391364613677314
what happened 0.2751610183550429
what happened 0.043245115932802836
what happened 0.3010781342655374
what happened 0.46596246717281437
what happened 0.962309854538687
what happened 1.4025644649242248
what happened 0.5880756556960314
what happened 1.218113448204464
what happened 1.03444033173658
what happened 1.34430898742427
what happened 1.2286479422682532
what happened 1.4425017237602042
what happened 0.3569531534995359
what happened 1.2155195851329703
what happened 0.7732303142072185
what happened 0.4510059763375971
what happened 0.07848914985604445
what happened 1.0584921508764658
what happened 0.9135667744867277
what happened 0.14340412116989884
what happened 1.2261722386435847
what happened 1.2565789040879027
what happened 1.2944682139275212
what happened 1.064256757322063
what happened 0.7196959654072381
what happened 0.38609924589708844
what happened 1.1007074902303506
what happened 1.2754305386702953
what happened 0.8539119357090087
what happened 1.591642495424568
what happened 0.3532785129591855
what happened 1.27786916250162
what happened 0.411069275113831
what happened 1.1996269821413557
what happened 0.13108584208405455
what happened 1.5251673346101418
what happened 1.5787552691962785
what happened 1.2527199653899397
what happened 0.4149212704429633
what happened 1.5346141538778264
what happened 1.5686294847114564
what happened 0.9253771246945393
what happened 0.6931615683675589
what happened 1.2784977061077538
what happened 0.3687359508822054
what happened 1.1255941102264615
what happened 0.3517538194970297
what happened 1.297525146636546
what happened 0.8018882782642331
what happened 0.6353203059317222
what happened 0.6131351114700277
what happened 1.5602967676487953
what happened 0.9436590549303451
what happened 0.6300873585458597
what happened 0.6019576035346555
what happened 0.04486632438493349
what happened 1.4850275571048797
what happened 1.5939198686446838
what happened 1.2376013987592727
what happened 0.5942033067021211
what happened 1.0738269274739083
what happened 1.4740935715785446
what happened 0.9109955683020909
what happened 1.4407413327567207
what happened 0.9363467086385181
what happened 1.0198562566680132
what happened 0.04265472001884178
what happened 0.5852124056392152
what happened 0.7216431243204182
what happened 0.7778265347725266
what happened 1.210362096647825
what happened 0.22577283346216523
what happened 1.2790476425052746
what happened 0.9523152763559365
what happened 1.0531034047388832
what happened 0.7563463982754629
what happened 0.8765713824506945
what happened 0.2921449277085803
what happened 0.04477592704217323
what happened 1.4842768610861345
what happened 0.6213753934278604
what happened 1.5915686905577104
what happened 1.5948186606101198
what happened 0.9104831874120086
what happened 0.020016508437472953
what happened 1.593113474022273
what happened 0.6134414800824171
what happened 1.2067153397559343
what happened 1.2216354698496958
what happened 1.3712915706573288
what happened 0.9342560588397547
what happened 0.7013556165408465
what happened 0.3575748614060936
what happened 1.610588247050593
what happened 0.2800773942511424
what happened 0.12027083629683932
what happened 0.9181190178966514
what happened 0.8841555819557575
what happened 1.5778024214487194
what happened 0.014424625888135542
what happened 0.37093624647217377
what happened 1.4310859326097627
what happened 1.5950073453521043
what happened 0.9455174355044454
what happened 0.9918076106801137
what happened 0.91873536783804
what happened 0.9206711420661775
what happened 0.7737481247843626
what happened 1.1681796652056584
what happened 0.8019674605437578
what happened 0.7878047203575378
what happened 0.5215367625019961
what happened 1.2906158379182873
what happened 1.0686829826133106
what happened 0.17877364297670156
what happened 0.31624456544603646
what happened 0.7640642026436593
what happened 1.5927222047690486
what happened 1.4024289603652513
what happened 1.28300604163834
what happened 0.9132914923750228
what happened 0.9466015967594447
what happened 1.2645626167858515
what happened 0.7895530466759004
what happened 1.564889474052211
what happened 1.1460561359119115
what happened 1.4576394403975765
what happened 1.3803407182836271
what happened 0.732358476169077
what happened 0.912291750552736
what happened 0.7592858829958538
what happened 0.8501460336811972
what happened 0.19020715343371813
what happened 0.7312808319151217
what happened 0.5168483773068834
what happened 0.3135349855628022
what happened 0.7044801411892819
what happened 0.9237594313612291
what happened 1.5580932077705771
what happened 0.9636978688828415
what happened 0.7755125624566959
what happened 1.421321837559699
what happened 0.5573960507893682
what happened 1.175104918712896
what happened 0.044310294551356204
what happened 0.24858934489214018
what happened 0.8147660652089995
what happened 0.3105404519492669
what happened 1.1369629983307945
what happened 0.7332560889266657
what happened 0.8629221675149688
what happened 0.8574273600413717
what happened 0.21043332885505375
what happened 1.1064298801829837
what happened 0.8305059727846867
what happened 0.7033913165069752
what happened 0.7129717770519155
what happened 1.3559281014932687
what happened 0.06101136458014358
what happened 0.5594822887326502
what happened 0.18170727449858157
what happened 1.113578707465356
what happened 0.8443321243021751
what happened 1.2284229297127014
what happened 1.39721704614295
what happened 0.6758725102618951
what happened 0.8180241545704928
what happened 1.484623626691234
what happened 1.1310860306936696
what happened 0.8312921474323863
what happened 1.4769476720156482
what happened 0.6266446518270405
what happened 0.2603970623385592
what happened 0.8300906829763729
what happened 0.812560949786136
what happened 0.753795964888109
what happened 0.8279175948520946
what happened 0.4530539979980769
what happened 0.8872719497227342
what happened 1.266556328146711
what happened 0.9840812950145321
what happened 1.1202350970349335
what happened 0.7908199555458174
what happened 0.6242292104025515
what happened 0.10842197285536481
what happened 1.4286189591774532
what happened 0.3731265465855878
what happened 1.4435995731468585
what happened 0.4184179276857251
what happened 1.4185868019812393
what happened 1.46474257161317
what happened 0.40841901875985953
what happened 0.1207005423001481
what happened 1.2519723705550918
what happened 0.7757030823108518
what happened 0.7511970998520098
what happened 0.8353957996951893
what happened 1.0444996836910982
what happened 1.4316670551931527
what happened 1.4040711116551319
what happened 1.3840947445347476
what happened 0.9433271607716119
what happened 1.0573032115000105
what happened 0.4986100907386717
what happened 0.7865277169196032
what happened 0.38621331275878185
what happened 0.5916141660101144
what happened 0.3983005013092644
what happened 0.9893113210447457
what happened 1.252231646882799
what happened 1.218295996968697
what happened 0.5825472484144131
what happened 1.1013922725582632
what happened 0.22775080482194546
what happened 1.0207171649751534
what happened 0.7687997818656509
what happened 0.98149550839711
what happened 0.98149550839711
what happened 1.0511161873457995
what happened 0.8774252621366352
what happened 0.13032034369357706
what happened 0.6908993273053047
what happened 0.5697223945472437
what happened 0.5745024594316992
what happened 0.11994217806874775
what happened 0.026412528230917505
what happened 0.34380009386530547
what happened 0.4088468499439256
what happened 0.819029413778093
what happened 0.49574651654451274
what happened 0.6723407645582924
what happened 0.6938122907277641
what happened 0.9869525108995466
what happened 1.3149328227472779
what happened 0.35486838822945865
what happened 0.06529403622281386
what happened 0.7892558230396411
what happened 1.054844327027269
what happened 0.09800059933604263
what happened 0.495100452958159
what happened 1.2983621106120036
what happened 1.3101226112217967
what happened 0.2229146398716418
what happened 0.6474301093030426
what happened 1.2938710195963288
what happened 0.5147677168111743
what happened 0.9961625100425604
what happened 1.2373931332846275
what happened 0.4656691214909486
what happened 0.9367588967165827
what happened 0.9454360149997341
what happened 0.07340297816691084
what happened 0.6542619952710553
what happened 0.30097415171589986
what happened 1.2934469223927079
what happened 0.9442961643960939
what happened 0.9562821728103633
what happened 0.4434042267508514
what happened 0.06435819424517528
what happened 0.9862059837206739
what happened 0.8067972877351332
what happened 1.1915825188939928
what happened 0.919829968518171
what happened 0.807527961870624
what happened 1.266486452155426
what happened 0.9527044342563158
what happened 1.250982454716286
what happened 0.6300553243068805
what happened 0.7528844747524044
what happened 1.2687491423919985
what happened 0.9210164061040492
what happened 0.12766654684735876
what happened 0.02219956706735908
what happened 0.5698540261956738
what happened 1.1053994728058203
what happened 0.5841448135646435
what happened 1.2718856451617964
what happened 0.44840723286609846
what happened 0.02085284549231139
what happened 0.6126377906018038
what happened 1.2430291888427802
what happened 0.9706801085455067
what happened 0.4864731452727951
what happened 1.1128039850227724
what happened 0.6052440771148647
what happened 0.4713892848289629
what happened 0.9057609060700604
what happened 0.5789035445690677
what happened 0.6276111767830383
what happened 0.3500591862259269
what happened 0.47795566486022656
what happened 1.0579701081313604
what happened 0.029341418007301515
what happened 1.0964125849066189
what happened 0.9098792148509691
what happened 0.8931555069607696
what happened 0.8048294583022186
what happened 1.1284033154870645
what happened 0.22697233747908285
what happened 0.09188253885735835
what happened 0.5377653189137594
what happened 1.0532108409212149
what happened 0.5391078512038227
what happened 0.5602622379513198
what happened 0.3189918477194099
what happened 1.1989185847569506
what happened 0.6487757631139015
what happened 0.5461937648432081
what happened 0.8433269225887439
what happened 0.6467768366532243
what happened 0.2981865532531147
what happened 0.5981546165194771
what happened 0.34901895049233744
what happened 1.2359369562808715
what happened 0.10255668090773618
what happened 0.01254360350923777
what happened 0.25430028375030084
what happened 1.2494624823752791
what happened 0.217327997516909
what happened 0.7582239485031076
what happened 0.9340332093537351
what happened 0.7740854056653818
what happened 0.7537083872197935
what happened 1.002808687422245
what happened 1.2523463044117862
what happened 0.8465537531529103
what happened 0.6035935860694664
what happened 0.595297447459005
what happened 1.0299170699792197
what happened 0.9373137271758545
what happened 1.1318763209466132
what happened 0.6476948734431238
what happened 1.2568083521165014
what happened 0.9069760768898719
what happened 0.67088955061481
what happened 0.806687310183856
what happened 0.5862596321736973
what happened 0.5374373581200097
what happened 1.2249304243357273
what happened 1.2533969325319847
what happened 0.5495328270274594
what happened 0.41664054760491886
what happened 1.212705925110836
what happened 0.8971382273075875
what happened 0.9235833662361771
what happened 1.2552714639787652
what happened 0.7799130471471668
what happened 1.1249242779502868
what happened 1.23235964422032
what happened 1.2301290785188144
what happened 0.5832190133748718
what happened 0.971333238857429
what happened 0.7487184205476967
what happened 0.7919978085413282
what happened 0.33553044188000425
what happened 0.5572872422521853
what happened 0.8417518757143988
what happened 0.37109276397360114
what happened 0.3276006627015129
what happened 1.0362572113958277
what happened 0.5215555748227458
what happened 0.1924736132899675
what happened 1.207049379884778
what happened 1.225611988328505
what happened 0.5691127434769951
what happened 0.5574891729582755
what happened 1.194424745364676
what happened 0.30339329829852674
what happened 0.4157211829011608
what happened 0.40805585188030546
what happened 1.1778529597192546
what happened 0.39796959226490297
what happened 0.21756756709384323
what happened 1.1391762192620565
what happened 0.2295529139524801
what happened 0.8351281508475356
what happened 0.4802171718474261
what happened 0.7883929291215697
what happened 0.839586224240713
what happened 0.0774720333069548
what happened 1.0091445933980447
what happened 1.0778973147449684
what happened 0.019450658714739843
what happened 1.1672281887253937
what happened 0.38636378201339
what happened 0.6879599289046576
what happened 0.8134249330946091
what happened 1.0298180166248905
what happened 1.0517488968568718
what happened 0.8111088885695908
what happened 0.4781940091242248
what happened 0.5057912507667303
what happened 0.28027440578297375
what happened 0.45310103752162556
what happened 0.8671835026829248
what happened 0.5346509697525589
what happened 0.7806473692306074
what happened 0.7994122193548873
what happened 0.45606973801942474
what happened 1.143852323032044
what happened 0.36254968918357783
what happened 0.7902876952423173
what happened 0.567487310903135
what happened 0.2984736046949413
what happened 1.0258958595805263
what happened 0.7791550552162277
what happened 0.8346641546205323
what happened 1.129439654797914
what happened 0.3259221597058451
what happened 0.24905605565402078
what happened 1.1219469366437833
what happened 0.743110661949707
what happened 1.083602820736108
what happened 1.1114519405875385
what happened 0.2714370284000885
what happened 0.27636643933277083
what happened 0.7810984064915283
what happened 0.7810984064915283
what happened 0.23306659180362851
what happened 0.3377331333237125
what happened 0.3669320706773703
what happened 0.2744556215751455
what happened 0.801005000948006
what happened 0.15126185751735066
what happened 0.1020178580514969
what happened 0.32410552656407254
what happened 0.7552715500233709
what happened 0.8532022073744319
what happened 0.4117959865351437
what happened 0.21367062427820538
what happened 0.2180317087323634
what happened 0.40012361100559113
what happened 0.4319577538759136
what happened 1.111436072259696
what happened 0.44127644487502565
what happened 1.037300339919259
what happened 1.0821389701807171
what happened 0.7894524333842251
what happened 0.46840662389174065
what happened 0.7291619737524752
what happened 0.7605162723779015
what happened 1.0378877381398606
what happened 0.2532874980584396
what happened 1.0534028864759908
what happened 1.054071030809837
what happened 0.6536085032769392
what happened 1.0307909703673415
what happened 0.11222191879917995
what happened 0.49707396019544614
what happened 0.38366145826337306
what happened 0.0
what happened 1.0612220293559127
what happened 0.3045724711162079
what happened 0.40058561597137227
what happened 0.43580468759315105
what happened 0.6368579132397172
