[36;1mSaving config:
[0m
{
    "args":	null,
    "env":	null,
    "exp_name":	"HER_mpi1_random_TD3Torch_PandaReach-v2",
    "logger":	null,
    "logger_kwargs":	{
        "exp_name":	"HER_mpi1_random_TD3Torch_PandaReach-v2",
        "output_dir":	"HER_DRLib_Torch_exps/2023-03-17_HER_mpi1_random_TD3Torch_PandaReach-v2\\2023-03-17_16-27-12-HER_mpi1_random_TD3Torch_PandaReach-v2_s300"
    },
    "net":	null
}
---------------------------------------
|             Epoch |               0 |
|             EpRet |       -1.07e+04 |
|         EpRealRet |       -1.07e+04 |
|         TestEpRet |       -1.37e+04 |
|         AverageQ1 |           -16.4 |
|             StdQ1 |            14.1 |
|             MaxQ1 |            8.96 |
|             MinQ1 |            -117 |
|                Q2 |           -16.4 |
|       TestSuccess |               0 |
| TotalEnvInteracts |        1.98e+05 |
|         TotalTime |             250 |
---------------------------------------
