[36;1mSaving config:
[0m
{
    "args":	null,
    "env":	null,
    "exp_name":	"HER_mpi1_random_TD3Torch_PandaReach-v2",
    "logger":	null,
    "logger_kwargs":	{
        "exp_name":	"HER_mpi1_random_TD3Torch_PandaReach-v2",
        "output_dir":	"HER_DRLib_Torch_exps/2023-03-01_HER_mpi1_random_TD3Torch_PandaReach-v2\\2023-03-01_14-22-51-HER_mpi1_random_TD3Torch_PandaReach-v2_s300"
    },
    "net":	null
}
bad
right -10.029620555639603
bad
right -23.57585772278412
right -20.412835839185615
right -17.707254700522505
right -18.53260041966385
right -12.640846608144834
right -20.74972896348892
bad
right -10.793354001266813
right -2.7796767377525846
right -17.523203288290617
right -19.192242619137375
right -15.810223047861648
right -19.1529802012947
right -22.38399686955121
right -1.9826901755350068
right -30.7238513819902
right -22.754488997196837
right -16.349283559515207
right -16.788165560712123
right -6.37879147424513
right -20.66376446569242
right -5.281424367539726
right -14.938976115549206
---------------------------------------
|             Epoch |               0 |
|             EpRet |            -133 |
|         EpRealRet |            -133 |
|         TestEpRet |           -48.1 |
|         AverageQ1 |           -47.3 |
|             StdQ1 |            7.82 |
|             MaxQ1 |          -0.089 |
|             MinQ1 |           -73.6 |
|                Q2 |           -47.3 |
|       TestSuccess |               0 |
| TotalEnvInteracts |        1.97e+05 |
|         TotalTime |             130 |
---------------------------------------
right -20.189170596584187
right -0.6245870750426228
right -17.921951235377524
right -0.1688593108752272
right -27.34819716153165
right -35.72365775590464
right 8.623420036992323
bad
right -5.124689057447128
right -15.115956711781248
right -22.77556001275687
right -8.191119209619519
right -9.970239928288535
right -11.669005267279967
right -9.236518612386227
right -7.100503346308628
right -10.9076547739371
right -42.81295618694041
right 4.514659093130829
bad
bad
right -26.737197015794145
bad
right -0.2849587367168809
bad
right -4.93594607220642
bad
bad
right -2.991919388238454
bad
bad
---------------------------------------
|             Epoch |               1 |
|             EpRet |            -142 |
|         EpRealRet |            -142 |
|         TestEpRet |           -84.3 |
|         AverageQ1 |           -47.5 |
|             StdQ1 |            5.74 |
|             MaxQ1 |           -2.97 |
|             MinQ1 |           -80.3 |
|                Q2 |           -47.5 |
|       TestSuccess |               0 |
| TotalEnvInteracts |        3.98e+05 |
|         TotalTime |             263 |
---------------------------------------
right -3.9570935411146024
bad
bad
bad
right -28.918962261545666
right -8.423705536511953
right -6.191854540345187
bad
right -8.155771503404704
right -28.12013831010254
bad
right 0.20359372355462568
bad
bad
right -9.90048614907813
right -23.350128168596292
right -9.51295181224123
bad
bad
right -9.645665315991128
right 5.385250053274477
right -22.015306457678967
right 4.867220217227999
right -11.625355023670437
right -26.43790830664625
right -17.87012887458655
right -11.953209915590591
bad
right -5.249967658838541
right -16.50412723815367
bad
right -21.663385982517298
right -18.049334552228437
right -19.50738088609864
bad
---------------------------------------
|             Epoch |               2 |
|             EpRet |            -158 |
|         EpRealRet |            -158 |
|         TestEpRet |           -84.2 |
|         AverageQ1 |           -48.5 |
|             StdQ1 |            4.08 |
|             MaxQ1 |           -8.81 |
|             MinQ1 |           -67.3 |
|                Q2 |           -48.5 |
|       TestSuccess |               0 |
| TotalEnvInteracts |        5.99e+05 |
|         TotalTime |             394 |
---------------------------------------
bad
right -7.241425470161776
bad
right -27.07108744327526
right -11.14232590966392
right -0.20488065435695368
right -24.829596529591356
right -21.788585566143624
right -35.21836250909992
bad
right -65.47748687736265
right -1.6707797967912992
bad
right -3.366866737931577
right -3.5627147021674226
right -13.799216799814658
right -7.197967372204307
right -17.179700715586513
bad
right -3.7542483564893097
bad
right -6.660871298582524
right 2.4810372892063945
right -32.92478806031697
right 1.3205169651458544
right -20.792411740705802
right -34.895208485610205
---------------------------------------
|             Epoch |               3 |
|             EpRet |            -142 |
|         EpRealRet |            -142 |
|         TestEpRet |           -75.3 |
|         AverageQ1 |           -48.8 |
|             StdQ1 |            3.99 |
|             MaxQ1 |            2.17 |
|             MinQ1 |           -61.7 |
|                Q2 |           -48.8 |
|       TestSuccess |               0 |
| TotalEnvInteracts |           8e+05 |
|         TotalTime |             529 |
---------------------------------------
bad
right -1.7657725748555926
right 1.250507477109723
bad
right 2.2003555407733986
right 3.3654577323201638
bad
right -6.314118635283542
right -26.10636691794751
right 2.440084542900596
right -18.428217932362752
bad
right -3.378752347301454
bad
right -38.50526869043972
right -9.73274187637584
right 3.4683026007233275
right -26.95797826438507
right -17.61822442764187
right -7.948441674806048
right -1.3447101984390581
right -17.34589232766698
right -10.790385890272532
right -24.892101228282918
right -12.928374286576556
right -9.357929148337814
right -7.359894243793107
right -10.8430004893333
right -37.03951891383633
right -52.3283886600526
right -11.070720102091553
right -0.9030468941190328
---------------------------------------
|             Epoch |               4 |
|             EpRet |            -179 |
|         EpRealRet |            -179 |
|         TestEpRet |           -86.7 |
|         AverageQ1 |           -48.9 |
|             StdQ1 |            4.11 |
|             MaxQ1 |             6.6 |
|             MinQ1 |           -79.8 |
|                Q2 |           -48.9 |
|       TestSuccess |               0 |
| TotalEnvInteracts |           1e+06 |
|         TotalTime |             650 |
---------------------------------------
right -14.781733317130342
right -12.524603101441304
right -3.4968876833636227
right -13.992672617229175
bad
right -7.40458533788167
right 2.6782893153413827
right -0.36652388816765225
right -0.29150016365099063
bad
right -7.023481901674021
bad
right 3.2057382680565887
right -4.651500883626698
bad
right -12.743723627379158
right -6.445948619052963
right -9.759485249629392
right -15.444061773525533
right -8.202913291191692
bad
right -17.716969728885694
right -42.8667299325133
right -6.869993224096827
right -4.701519292848584
right -7.097650612454299
right -3.137793132993565
right -6.900230761238365
right 3.912684686935667
bad
right -14.069441668296246
right -17.36416595726471
right 3.3035108418256334
right -53.479213113405976
bad
right -5.934395870900669
bad
right -5.6617577872291225
right -15.203485599619256
right -1.6393577801422747
right -18.802977651445513
right -27.434702440580743
---------------------------------------
|             Epoch |               5 |
|             EpRet |            -151 |
|         EpRealRet |            -151 |
|         TestEpRet |           -44.7 |
|         AverageQ1 |           -48.9 |
|             StdQ1 |            3.72 |
|             MaxQ1 |           -8.29 |
|             MinQ1 |           -64.9 |
|                Q2 |           -48.9 |
|       TestSuccess |               0 |
| TotalEnvInteracts |         1.2e+06 |
|         TotalTime |             762 |
---------------------------------------
right -16.826961736803487
right -9.682484132462697
right 0.5922340028538216
right -6.096395378904596
right 5.885727431279875
right -10.61967934332117
right -21.728206516316682
right -0.725976529484754
bad
right -1.778518719919763
right -35.181155310413786
right -23.899495752510738
right -17.510776621993138
right -21.647100022746844
right -1.4334290560865348
right -5.079159392505696
right 0.4657453845138093
bad
right -12.706801015442647
---------------------------------------
|             Epoch |               6 |
|             EpRet |            -152 |
|         EpRealRet |            -152 |
|         TestEpRet |             -48 |
|         AverageQ1 |           -48.9 |
|             StdQ1 |            4.08 |
|             MaxQ1 |            1.75 |
|             MinQ1 |           -59.1 |
|                Q2 |           -48.9 |
|       TestSuccess |               0 |
| TotalEnvInteracts |         1.4e+06 |
|         TotalTime |             877 |
---------------------------------------
right -1.9204233561156574
right -10.375795050688957
right 1.3433401978523936
bad
bad
bad
right -4.40143482792916
bad
right -8.807921365918716
right -10.66543386876278
right -13.007830547326918
bad
right -3.9259508473726115
right -4.845119914343883
right -12.67329444866165
right 1.040463149843088
bad
bad
right 2.8047264869511155
right -7.1975620330708665
bad
right -2.633507091543132
right -5.587652738905877
right -3.310222551133508
right -0.1892295508253934
right -15.039747031535136
right -3.225987755009598
right 1.4285937226116214
right -4.814056612330324
right -14.50281358500812
right -2.6177966635475016
right -2.308961366580796
right -9.015552325428757
---------------------------------------
|             Epoch |               7 |
|             EpRet |            -147 |
|         EpRealRet |            -147 |
|         TestEpRet |            -113 |
|         AverageQ1 |           -49.1 |
|             StdQ1 |            3.81 |
|             MaxQ1 |            3.77 |
|             MinQ1 |           -57.8 |
|                Q2 |           -49.1 |
|       TestSuccess |               0 |
| TotalEnvInteracts |         1.6e+06 |
|         TotalTime |             990 |
---------------------------------------
right -4.861817870132674
right -0.0148232453007342
bad
right -23.85359181940585
right -1.1431731487965173
right -29.92098519649265
right -26.311742924667158
right 1.006375681268727
right 1.0461524530772834
right -3.1094985668254367
right 2.8813535832478525
right -22.022982385094053
right -14.43785895163461
right -8.743910839461225
right -2.4015778431774653
right -10.386593829215375
right 4.266129620574808
right -5.039990559008878
bad
right -1.5454545090947462
right 2.6318330564442967
right 3.6316161082241365
---------------------------------------
|             Epoch |               8 |
|             EpRet |            -165 |
|         EpRealRet |            -165 |
|         TestEpRet |           -68.7 |
|         AverageQ1 |           -49.2 |
|             StdQ1 |            3.32 |
|             MaxQ1 |             3.9 |
|             MinQ1 |           -55.3 |
|                Q2 |           -49.2 |
|       TestSuccess |               0 |
| TotalEnvInteracts |         1.8e+06 |
|         TotalTime |         1.1e+03 |
---------------------------------------
right -0.9251445831666985
bad
right 2.1172162609875835
right -10.674855621266449
right -5.534595654037917
right -0.6457061082942435
right -6.891231050178199
right -0.4905551593449644
right -16.026471693414127
bad
right -10.565965270629825
right -1.002227258295747
right -7.600199644639499
right -11.97662488116919
bad
right -31.30804145671877
right -2.071671660225718
right -22.29886559392115
bad
right -23.265113823202114
right -14.35258558111045
bad
right -14.557051218298692
right -6.973566920169798
right -0.2979774546022007
right -13.765061273339715
right -7.308229369465057
bad
---------------------------------------
|             Epoch |               9 |
|             EpRet |            -132 |
|         EpRealRet |            -132 |
|         TestEpRet |           -46.7 |
|         AverageQ1 |           -49.3 |
|             StdQ1 |            2.98 |
|             MaxQ1 |            4.08 |
|             MinQ1 |           -56.3 |
|                Q2 |           -49.3 |
|       TestSuccess |               0 |
| TotalEnvInteracts |        2.01e+06 |
|         TotalTime |        1.22e+03 |
---------------------------------------
bad
right 0.19743715847178933
right -21.412603803821426
bad
bad
right 4.557290844287312
bad
right -76.28137266081634
right 3.4612403136080037
right -5.619078091940841
right -60.84838199170429
right -1.0010939023743326
right 0.0827441370929538
bad
right -1.357531063695692
bad
right 1.837058084881349
right -28.281790078713264
right -23.065889409208737
right 2.2408631889216046
right -5.276083491896609
right 5.447461431485742
bad
bad
right -3.6231699699963045
bad
right -26.959981938767307
right 6.305273418001058
right -2.1745579010766196
bad
right -16.509017654554835
right 1.6257388434799989
right -4.9964277615878
right -4.576281590729536
right -36.553962782439214
right -4.094866901541245
---------------------------------------
|             Epoch |              10 |
|             EpRet |            -150 |
|         EpRealRet |            -150 |
|         TestEpRet |           -77.7 |
|         AverageQ1 |           -49.4 |
|             StdQ1 |            2.78 |
|             MaxQ1 |               3 |
|             MinQ1 |           -59.7 |
|                Q2 |           -49.4 |
|       TestSuccess |               0 |
| TotalEnvInteracts |        2.21e+06 |
|         TotalTime |        1.33e+03 |
---------------------------------------
right 2.40215488243516
right -10.742403422657368
right -12.950716888319693
bad
right 3.093335610460235
bad
right -18.350281018926182
right -110.08676632855845
right -0.4665104338882138
bad
right 0.5103421696926063
right 3.355757970336608
bad
right -15.052794229890779
bad
right 5.656835108844626
right -14.88812011409264
bad
right -1.0791378051345788
bad
right -18.274263731199774
right 0.9512439187602482
right -8.041071483660794
bad
right -18.55821750626845
bad
---------------------------------------
|             Epoch |              11 |
|             EpRet |            -154 |
|         EpRealRet |            -154 |
|         TestEpRet |           -63.9 |
|         AverageQ1 |           -49.5 |
|             StdQ1 |            2.41 |
|             MaxQ1 |           -2.59 |
|             MinQ1 |             -61 |
|                Q2 |           -49.5 |
|       TestSuccess |               0 |
| TotalEnvInteracts |        2.41e+06 |
|         TotalTime |        1.44e+03 |
---------------------------------------
bad
bad
right -20.70332065372866
right -7.709261223864978
right -1.6070491692894286
right 7.388155076835748
right -13.537858116778274
right -0.33884535977305674
right -22.809532512913385
right 3.820536655196591
bad
right -15.91854056730492
right 1.128085420713262
bad
bad
right -0.22844577820434075
bad
bad
right -21.053383110183365
right -22.521218739862874
bad
right 0.7823152272826235
right -3.1705843669699725
bad
right 4.731185963758246
bad
right -6.873936867616958
right -7.616779987951013
right -7.825698683830488
right -15.226078751339628
bad
right -11.90350872988158
bad
right 2.3808015239651183
right -9.640591802024595
bad
right 9.11524825182635
right -0.4551247220269179
bad
right 1.59826970220975
right -53.37383082516176
---------------------------------------
|             Epoch |              12 |
|             EpRet |            -159 |
|         EpRealRet |            -159 |
|         TestEpRet |           -33.3 |
|         AverageQ1 |           -49.5 |
|             StdQ1 |            2.25 |
|             MaxQ1 |           -11.3 |
|             MinQ1 |           -55.3 |
|                Q2 |           -49.5 |
|       TestSuccess |               0 |
| TotalEnvInteracts |        2.61e+06 |
|         TotalTime |        1.56e+03 |
---------------------------------------
bad
right -1.7812864474062344
right -25.57047107697929
right 2.0265105365423866
right -0.7591138261918964
bad
bad
right 3.308453634132386
right -5.774967303778338
right 3.867362151406609
bad
right 5.103062742095139
bad
right 5.980329331242217
right -15.536789667336699
right 6.1406392342935865
right -42.57144157986929
right 8.829953745999557
right 0.5872224661998064
right 2.0806955658190676
right -8.061745625790618
bad
right 4.041008320652288
right -17.510196053043508
right -3.6340246215518395
right -3.2004360138342136
bad
right 8.22747701659879
right -116.30913845663119
right -12.871535678885849
bad
right 4.096958486573115
bad
right -2.4665939666830745
right -0.5727411589882987
right 7.019207737153474
---------------------------------------
|             Epoch |              13 |
|             EpRet |            -154 |
|         EpRealRet |            -154 |
|         TestEpRet |           -61.7 |
|         AverageQ1 |           -49.5 |
|             StdQ1 |            2.22 |
|             MaxQ1 |           -19.9 |
|             MinQ1 |           -57.6 |
|                Q2 |           -49.5 |
|       TestSuccess |               0 |
| TotalEnvInteracts |        2.81e+06 |
|         TotalTime |        1.67e+03 |
---------------------------------------
bad
right -3.31367920806084
bad
bad
right -22.327777764989882
bad
right -1.5669523110498655
bad
right 2.5295640919910483
bad
bad
right 2.17331412114199
bad
right 0.703158280850122
right 4.93859094474548
right -24.995017393394797
bad
right -2.5102537198439876
right -16.004673866061832
right 3.5312189523002218
bad
bad
bad
bad
---------------------------------------
|             Epoch |              14 |
|             EpRet |            -155 |
|         EpRealRet |            -155 |
|         TestEpRet |           -86.9 |
|         AverageQ1 |           -49.5 |
|             StdQ1 |            2.12 |
|             MaxQ1 |           -22.7 |
|             MinQ1 |             -57 |
|                Q2 |           -49.5 |
|       TestSuccess |               0 |
| TotalEnvInteracts |        3.01e+06 |
|         TotalTime |        1.79e+03 |
---------------------------------------
bad
right 2.8696579082101845
bad
right -21.910079787395365
right 4.563763119326252
right 0.9327038925740609
bad
right -20.87298995201055
bad
right 1.8243323413971684
right -37.21712435985765
right -5.419554192873511
right -9.289801392081092
right -17.376186163734996
bad
right -24.01536880937889
bad
right 6.997706009206216
right -2.5581095520185073
right 3.2316336364709013
right -15.239080877662769
right -16.147995602664732
bad
right -14.537672410994261
right -8.92113210287338
bad
right -5.209474403894053
right 5.726281807332882
bad
right 0.9298083399072059
right -3.544722906545349
bad
right -2.8966420600143135
bad
right 2.3285848492019054
right 2.4938884560681105
right -12.507821762360539
right -32.82528437002707
right 0.3252169345466953
bad
---------------------------------------
|             Epoch |              15 |
|             EpRet |            -137 |
|         EpRealRet |            -137 |
|         TestEpRet |           -67.3 |
|         AverageQ1 |           -49.5 |
|             StdQ1 |            2.14 |
|             MaxQ1 |           -24.4 |
|             MinQ1 |             -70 |
|                Q2 |           -49.5 |
|       TestSuccess |               0 |
| TotalEnvInteracts |        3.21e+06 |
|         TotalTime |         1.9e+03 |
---------------------------------------
right -10.152255487791525
right -13.262547882724629
right -9.943225259552047
right -5.562309312344668
right -2.2612651873740663
bad
bad
bad
right -0.9685099524700984
bad
right 0.16479959161005553
right -7.341555969568734
right -4.107062061419189
bad
bad
right -0.21974967676909785
right -2.3879074413996104
bad
right -84.19181418733749
right -24.5359126653888
right 4.478768224661092
right -0.884859894482716
bad
bad
bad
right -6.791543336127557
bad
bad
right 4.062769253606241
right 4.468414374158797
---------------------------------------
|             Epoch |              16 |
|             EpRet |            -158 |
|         EpRealRet |            -158 |
|         TestEpRet |           -48.5 |
|         AverageQ1 |           -49.5 |
|             StdQ1 |            2.11 |
|             MaxQ1 |           -22.2 |
|             MinQ1 |           -57.9 |
|                Q2 |           -49.5 |
|       TestSuccess |               0 |
| TotalEnvInteracts |        3.41e+06 |
|         TotalTime |        2.01e+03 |
---------------------------------------
right -0.9214647603090853
right -8.20095078948389
bad
right 2.6610561842372293
right -19.41860142733543
right 6.272881952501672
bad
right -15.007805334789257
right -18.309808865037947
right -1.3006693208781641
right 8.380185069628933
right -11.63294470128087
right -3.5084321817742037
right 7.691951763560452
right -16.81273615320257
bad
bad
right 4.306250881073787
right 6.41639870246807
bad
right -55.12371419258608
right 5.11303806584222
right 1.4265265360607131
right 4.397434277919094
right 0.37721761336819526
right -31.88442976089216
bad
right 1.2053432617049253
bad
---------------------------------------
|             Epoch |              17 |
|             EpRet |            -155 |
|         EpRealRet |            -155 |
|         TestEpRet |           -46.9 |
|         AverageQ1 |           -49.5 |
|             StdQ1 |            2.04 |
|             MaxQ1 |           -21.2 |
|             MinQ1 |           -56.7 |
|                Q2 |           -49.5 |
|       TestSuccess |               0 |
| TotalEnvInteracts |        3.61e+06 |
|         TotalTime |        2.13e+03 |
---------------------------------------
right -14.495012504888443
right -3.4165003841056745
right 2.092026107050108
right -30.32815891226121
right -29.546895171134942
right -1.4616064107207176
bad
right 2.179872235015777
right -17.028631931299284
bad
right -1.6353541964541023
very well
epoch: 18 	ep: 15 	ep_rew: 59.22012480755374 	time: 1.417 	done: 1
right -21.02851273937635
right -2.693110644942557
right -21.644387816969783
right -32.34975049168433
bad
bad
right -4.219290761506841
bad
right 4.10437584385011
right 2.4099450561224796
bad
right 0.6409836613966888
right -0.5871552503434927
right -14.482376766995571
right 6.648104412689662
bad
right 4.485708255185114
right -6.553916807081574
right -46.559160906188026
right -8.633240141403384
right 6.41700195078111
bad
---------------------------------------
|             Epoch |              18 |
|             EpRet |            -145 |
|         EpRealRet |            -145 |
|         TestEpRet |           -60.1 |
|         AverageQ1 |           -49.5 |
|             StdQ1 |             2.2 |
|             MaxQ1 |            2.02 |
|             MinQ1 |             -54 |
|                Q2 |           -49.5 |
|       TestSuccess |               0 |
| TotalEnvInteracts |        3.81e+06 |
|         TotalTime |        2.24e+03 |
---------------------------------------
bad
right 8.297496829801883
right -55.948943999503385
right -13.119961894966327
right -1.507884034816044
bad
right 0.7558854611002825
right 3.1890440652422134
bad
right -1.888460416363266
right -162.93157996625143
right 0.6611112864927087
right 4.446337885833561
right 2.1900768235890453
bad
right 0.984136507063587
right -36.80503877819252
bad
bad
right -22.500942930399184
right 5.349386778782458
bad
bad
right 5.813785274959061
right -31.998593297216935
right 5.710123342212265
right -15.926940375406978
right 1.5665839787000007
right 6.649870080677196
bad
right -36.709022201444995
bad
right 5.467739628302902
---------------------------------------
|             Epoch |              19 |
|             EpRet |            -154 |
|         EpRealRet |            -154 |
|         TestEpRet |           -28.3 |
|         AverageQ1 |           -49.5 |
|             StdQ1 |             2.4 |
|             MaxQ1 |            1.98 |
|             MinQ1 |           -54.4 |
|                Q2 |           -49.5 |
|       TestSuccess |               0 |
| TotalEnvInteracts |        4.02e+06 |
|         TotalTime |        2.36e+03 |
---------------------------------------
right -1.4813192539721456
right -6.286569234641604
right 1.913086070795675
right -1.5364738475595558
right -1.2189552243994477
right -2.27547304709487
right -1.5169241353814567
bad
right -25.14305323027841
right -17.881933583688905
right 0.6406389947487074
bad
bad
bad
right 1.369978408793946
right -6.309726278747171
bad
right -0.0888758946451702
right -15.189253150904186
right -10.438442181010366
right -6.015884658721081
right -21.73427833191195
right 6.474021369873736
bad
right -3.693614659863547
bad
bad
right -0.8933838164332322
bad
right -0.8250760827503534
bad
right -8.858155803966422
right -1.0324799848185684
right -14.484560232566807
right 1.9337372027831083
right 8.508168478390271
right 3.0340695954987273
bad
bad
---------------------------------------
|             Epoch |              20 |
|             EpRet |            -147 |
|         EpRealRet |            -147 |
|         TestEpRet |           -26.5 |
|         AverageQ1 |           -49.5 |
|             StdQ1 |            2.39 |
|             MaxQ1 |            3.13 |
|             MinQ1 |             -56 |
|                Q2 |           -49.5 |
|       TestSuccess |               0 |
| TotalEnvInteracts |        4.22e+06 |
|         TotalTime |        2.48e+03 |
---------------------------------------
right -15.780052289577974
right 2.407843157087422
right -28.49446781825398
bad
right -3.928126854690472
right 2.980296024583166
right -10.401603029475627
right 1.3060257016714498
bad
bad
bad
right 3.6380429727568764
bad
bad
right 1.123897068734868
right -41.70298524408806
right -19.373787030912336
right -4.448307958279358
bad
right 9.415601688550913
bad
right 6.01285378374765
right 1.399906419375279
bad
right 2.8086010824541585
bad
right 6.253884591971879
bad
right 1.894318163966453
bad
right 5.250719125533106
right 6.860585727915894
right 5.855825286876499
right -0.29775893803160614
right 4.782194339281371
right 5.102672406000927
---------------------------------------
|             Epoch |              21 |
|             EpRet |            -147 |
|         EpRealRet |            -147 |
|         TestEpRet |           -76.9 |
|         AverageQ1 |           -49.5 |
|             StdQ1 |            2.19 |
|             MaxQ1 |            2.64 |
|             MinQ1 |           -53.6 |
|                Q2 |           -49.5 |
|       TestSuccess |               0 |
| TotalEnvInteracts |        4.42e+06 |
|         TotalTime |         2.6e+03 |
---------------------------------------
bad
right -1.3412819784059096
right -18.70646579654922
right -84.81577250575695
right 6.818884827522497
right -13.698719606550949
bad
right -22.58435101282126
right -9.358793829041886
right 0.37038365995598355
right 0.24693971841197104
bad
right 5.9216858419777765
right -11.913717184789508
right -1.432777145023067
right 0.2906892732437836
right -50.810091190680026
bad
right -3.721591608360754
right 1.6081307113819712
bad
right -10.468284038081212
right -15.097389319709276
bad
right 0.7616617006042379
right 7.933074278260081
right 2.7798811547785274
right 2.242548209979283
right 3.1605576375658337
bad
right -37.671332427582755
---------------------------------------
|             Epoch |              22 |
|             EpRet |            -162 |
|         EpRealRet |            -162 |
|         TestEpRet |           -28.9 |
|         AverageQ1 |           -49.5 |
|             StdQ1 |            2.15 |
|             MaxQ1 |            2.79 |
|             MinQ1 |           -54.6 |
|                Q2 |           -49.5 |
|       TestSuccess |               0 |
| TotalEnvInteracts |        4.62e+06 |
|         TotalTime |        2.71e+03 |
---------------------------------------
right 2.735293781044751
right -19.63025755353771
bad
right -6.079126382883167
right 3.8108053425830732
bad
bad
bad
right 2.0857370016465158
bad
bad
right 1.090444310204287
bad
right 4.121678877229776
bad
right -0.30704907934269343
right 3.2232471711511046
right -27.112623462628704
right 9.539097182275524
bad
right -9.148349238498952
bad
right -0.20257985852432547
bad
right 7.832755849786421
right 7.379494076670893
right -19.005041549472136
right 4.011552928457823
right 0.3828297572719066
bad
bad
bad
bad
---------------------------------------
|             Epoch |              23 |
|             EpRet |            -160 |
|         EpRealRet |            -160 |
|         TestEpRet |           -30.1 |
|         AverageQ1 |           -49.6 |
|             StdQ1 |            2.03 |
|             MaxQ1 |            2.39 |
|             MinQ1 |           -63.8 |
|                Q2 |           -49.6 |
|       TestSuccess |               0 |
| TotalEnvInteracts |        4.82e+06 |
|         TotalTime |        2.82e+03 |
---------------------------------------
bad
right -18.520311684240202
right 0.6278456057269928
right -4.291224249222502
right -0.3951229320929688
right -1.9303613853950363
right -18.511719018143783
right 8.389230578672551
right -6.120066037343015
bad
right -23.32363631323596
right 0.3883767309408004
bad
right 0.6482742751817288
right -27.13659183763282
right -2.7048186209351215
right -21.595443043203918
bad
right -20.407404799691825
right -3.8914251570366805
right -9.643107800960276
right -73.61539498391107
bad
right 5.083120524310162
right -54.30652084312618
right 1.3961864413446712
bad
bad
right -9.929562559763237
bad
right 4.751814859655001
bad
right 4.823338966652761
bad
right 5.944756935139161
right -4.5095726826489795
bad
right -2.614895243961133
bad
right 4.4066363759333305
right 1.3667877640565802
very well
right 7.295412270435214
right -36.85392324029077
---------------------------------------
|             Epoch |              24 |
|             EpRet |            -148 |
|         EpRealRet |            -148 |
|         TestEpRet |           -9.14 |
|         AverageQ1 |           -49.6 |
|             StdQ1 |            1.94 |
|             MaxQ1 |            3.46 |
|             MinQ1 |           -56.9 |
|                Q2 |           -49.6 |
|       TestSuccess |             0.1 |
| TotalEnvInteracts |        5.02e+06 |
|         TotalTime |        2.94e+03 |
---------------------------------------
right 7.75763766716576
bad
right -2.9171557268479056
bad
right -9.780455775675012
right 2.1833806794411696
bad
bad
bad
right 4.22165559944527
right -3.227139028006331
right -1.9228845850883598
bad
bad
right 0.23937842238858487
right 6.747702056561475
bad
right 0.7939410411110348
right -14.101337003841063
right -3.3093559250395206
right 5.812883284688414
right -30.132221538860165
right 2.175414631367243
right -5.323536172207042
bad
right -1.2038659803070022
right -4.262647099136716
bad
right 2.1364014204034634
bad
bad
right 2.87928234976341
---------------------------------------
|             Epoch |              25 |
|             EpRet |            -140 |
|         EpRealRet |            -140 |
|         TestEpRet |           -81.5 |
|         AverageQ1 |           -49.6 |
|             StdQ1 |            1.84 |
|             MaxQ1 |               3 |
|             MinQ1 |             -53 |
|                Q2 |           -49.6 |
|       TestSuccess |               0 |
| TotalEnvInteracts |        5.22e+06 |
|         TotalTime |        3.04e+03 |
---------------------------------------
right -21.27011406018092
right 4.575157108774087
right -1.6381746008673144
right -27.098399765220783
right -18.18646264826059
right 1.8451968023245513
right -7.980617913815983
bad
right -29.449587416881194
right -35.61077194501847
bad
bad
bad
right 1.2378752190177629
right -16.951454833956507
bad
bad
right 4.973366865112279
bad
bad
bad
right 0.9781263610403954
right 4.740945060349859
right -13.539368664832839
bad
bad
bad
right 4.844124875612522
right 1.3900948740377679
right -42.13016622963278
right 8.941892040343582
right 1.9309547227354713
right -17.743331066645744
right 9.392177211065132
bad
right 1.482525832202036
bad
---------------------------------------
|             Epoch |              26 |
|             EpRet |            -150 |
|         EpRealRet |            -150 |
|         TestEpRet |           -49.8 |
|         AverageQ1 |           -49.6 |
|             StdQ1 |            1.85 |
|             MaxQ1 |            2.93 |
|             MinQ1 |           -53.4 |
|                Q2 |           -49.6 |
|       TestSuccess |               0 |
| TotalEnvInteracts |        5.42e+06 |
|         TotalTime |        3.15e+03 |
---------------------------------------
right 4.29027278326695
right -65.84473580532253
right -23.658064957183228
right -5.024766619562557
right -4.221127657256346
right 5.416832178913134
bad
bad
bad
right 2.1838307186458756
bad
right -15.93425833471208
right -5.379328272347191
bad
right 5.164585689626749
right -24.552941423068326
right -16.137345807423614
bad
bad
bad
right -1.1849367003363689
right -0.31674237836293884
bad
bad
right -4.565129632772555
right -4.595503940723596
right -42.70792494083203
bad
right -37.59301916833561
bad
bad
right 4.823133529696005
right -14.676146240888652
bad
right -0.2564230802678491
right 2.8584783096714608
right 1.5741156141248815
right -0.762304426102185
right -6.19734051674142
right -22.66880283848314
right 3.3944318721652476
bad
bad
bad
right 0.026771423173233444
---------------------------------------
|             Epoch |              27 |
|             EpRet |            -153 |
|         EpRealRet |            -153 |
|         TestEpRet |           -39.2 |
|         AverageQ1 |           -49.6 |
|             StdQ1 |            1.75 |
|             MaxQ1 |            3.93 |
|             MinQ1 |           -53.6 |
|                Q2 |           -49.6 |
|       TestSuccess |               0 |
| TotalEnvInteracts |        5.62e+06 |
|         TotalTime |        3.26e+03 |
---------------------------------------
right -28.68785051362785
right 2.4273204526404495
right 2.5154672437158077
right 0.02372976927484416
right -2.8011846901532635
right -52.20293579743857
right -2.1841493735779594
bad
right -5.7441964165608095
bad
right -4.015209642360844
bad
right -1.4283786467248039
right 1.5007552207447503
right 0.9133955575288795
bad
right -35.81123339524558
bad
right -25.679256124121565
right -1.647632642992976
bad
bad
bad
bad
right 4.695414861612347
bad
right -4.933009631637898
bad
bad
bad
right -0.02956403613383074
right 3.2280011843170815
bad
right 0.4369251957804927
right -9.42990343146294
right 3.407229745653898
right 3.7275493958433357
right -22.180317993329325
right -5.982493429093328
right -4.7393157910154144
right -16.389079235543992
right 2.90501973487512
bad
---------------------------------------
|             Epoch |              28 |
|             EpRet |            -159 |
|         EpRealRet |            -159 |
|         TestEpRet |           -31.7 |
|         AverageQ1 |           -49.7 |
|             StdQ1 |            1.71 |
|             MaxQ1 |            2.46 |
|             MinQ1 |           -54.1 |
|                Q2 |           -49.7 |
|       TestSuccess |               0 |
| TotalEnvInteracts |        5.82e+06 |
|         TotalTime |        3.37e+03 |
---------------------------------------
bad
right -7.6844252028789555
right -6.235533494933485
bad
right -6.3855901237021016
right 6.157613886414275
bad
right -29.63061213569175
right 1.2154596981937882
right -10.102620465077209
right 1.9680006121678808
right -20.562268561978673
bad
right -31.334748535617535
right -6.488507413968481
right 3.209836664134972
right 4.434937544836286
bad
right -2.329700468742267
right 6.248836545373317
bad
bad
right -18.601652561281647
bad
right -34.06685163341679
right 6.169274895226017
bad
right 0.2629679778753573
right 0.7261355293014979
right -0.4778028698554433
right -16.703462619161463
right -71.738883169576
right 2.4697318245292017
right -65.26284413716564
right -1.799519409926308
right 0.3443868859143109
---------------------------------------
|             Epoch |              29 |
|             EpRet |            -138 |
|         EpRealRet |            -138 |
|         TestEpRet |           -49.8 |
|         AverageQ1 |           -49.7 |
|             StdQ1 |            1.65 |
|             MaxQ1 |            5.02 |
|             MinQ1 |           -55.4 |
|                Q2 |           -49.7 |
|       TestSuccess |               0 |
| TotalEnvInteracts |        6.03e+06 |
|         TotalTime |        3.48e+03 |
---------------------------------------
right -0.5487471601761769
bad
right -0.9053693627668871
right -2.250525226747925
right -2.614610422112607
bad
bad
bad
bad
right 3.1295232539246163
right -23.117369532674786
right -17.763687052781634
bad
right -44.155291524755846
bad
right 1.0363976971501554
right -2.994116125631251
bad
right -0.5987253872442455
right -9.782058653736339
right -2.954624349012347
bad
bad
right -37.5977496925098
right 4.853371581855025
right 1.8685600910978888
right 2.598065118354576
bad
bad
bad
right 1.1654304151582426
bad
right 4.423530407895248
right 0.9387331971079469
right -43.056308072007994
right -2.075842274928249
right 4.341771504109176
right 3.600896904265328
bad
right 3.9249934631892147
right -8.621673039502507
---------------------------------------
|             Epoch |              30 |
|             EpRet |            -154 |
|         EpRealRet |            -154 |
|         TestEpRet |           -30.8 |
|         AverageQ1 |           -49.7 |
|             StdQ1 |            1.62 |
|             MaxQ1 |            3.58 |
|             MinQ1 |             -54 |
|                Q2 |           -49.7 |
|       TestSuccess |               0 |
| TotalEnvInteracts |        6.23e+06 |
|         TotalTime |         3.6e+03 |
---------------------------------------
right -29.51082989945577
bad
right -3.087968167189585
right -15.514052201176156
bad
right 7.004688837537059
right -2.0639994714697494
right 0.76463562523959
right -21.802564664449694
bad
right 5.144218448884349
bad
right 0.12492921243393518
right 8.935606959264707
right -1.5616256894132334
right 5.868760363503954
right -32.34537482510308
bad
right 8.827230643934366
right -15.8402601312828
bad
right 5.056523261505663
right 1.442531312679348
bad
right -30.11854154431147
right -22.909714309737154
bad
right -26.615124404032144
right -3.6618262930894474
right -14.86917866138915
right 0.12174738708260868
right -8.171066123514564
right 7.165921350629324
right -34.51103135211365
right 0.3514534256384323
bad
right 3.1135159165149586
bad
bad
right 4.915609438034626
bad
bad
right 2.083520710421971
bad
---------------------------------------
|             Epoch |              31 |
|             EpRet |            -148 |
|         EpRealRet |            -148 |
|         TestEpRet |           -19.1 |
|         AverageQ1 |           -49.7 |
|             StdQ1 |             1.6 |
|             MaxQ1 |            3.39 |
|             MinQ1 |           -56.8 |
|                Q2 |           -49.7 |
|       TestSuccess |               0 |
| TotalEnvInteracts |        6.43e+06 |
|         TotalTime |        3.72e+03 |
---------------------------------------
right 4.595058513093431
right -0.372359496372761
right -4.938120333333309
bad
right 1.54634693574347
bad
right 3.2737429759721905
right -7.597350779739212
bad
bad
bad
right 6.688890280816802
right 2.5819294080476336
right -41.478326492754405
right 0.9571726595583936
right 0.44621064289731827
right -1.3549192960603271
bad
bad
right 5.598431534833626
right -21.70631351752678
right 1.32742894740624
bad
right 0.018774295306776878
bad
right 8.181239079007074
right 8.168615202039163
bad
right 9.632889798567524
right 6.937687712879445
bad
right 7.720563761616415
right -66.34298989971764
right -0.45655899337352324
bad
right 2.792241875474014
---------------------------------------
|             Epoch |              32 |
|             EpRet |            -142 |
|         EpRealRet |            -142 |
|         TestEpRet |           -32.2 |
|         AverageQ1 |           -49.7 |
|             StdQ1 |             1.6 |
|             MaxQ1 |             3.4 |
|             MinQ1 |           -56.2 |
|                Q2 |           -49.7 |
|       TestSuccess |               0 |
| TotalEnvInteracts |        6.63e+06 |
|         TotalTime |        3.83e+03 |
---------------------------------------
right 7.351866564453166
right -8.844545377888863
right 2.967806736116726
right -0.3821945351159517
bad
right -5.538059803643645
bad
right -3.2931673197158755
right -8.371003991800876
right 1.8256553809912734
right -8.988375249535878
right 0.11072939762540202
right 8.842911965734125
bad
right 5.561322364878857
bad
right 2.5726039802746703
right 3.76754531071942
bad
right 2.4475098507509765
right -18.273057134675415
right -14.449300373264329
right -6.835197012574362
bad
right -0.17132968946317462
right 7.0957173414238
bad
right 5.331611650172083
bad
bad
right -1.8873977343747121
bad
bad
right 2.899083287611197
right 6.634175286469217
right 6.48114543090078
---------------------------------------
|             Epoch |              33 |
|             EpRet |            -154 |
|         EpRealRet |            -154 |
|         TestEpRet |             -69 |
|         AverageQ1 |           -49.7 |
|             StdQ1 |            1.55 |
|             MaxQ1 |            3.81 |
|             MinQ1 |           -53.7 |
|                Q2 |           -49.7 |
|       TestSuccess |               0 |
| TotalEnvInteracts |        6.83e+06 |
|         TotalTime |        3.95e+03 |
---------------------------------------
bad
right 3.49332549131491
right 7.353629414960997
bad
right 7.893933873993776
right -14.543786602871286
right 0.6013941902671522
bad
right -0.19426314762568353
right -59.913650064271565
right -0.11551719792246296
bad
right -2.025197600931925
bad
right -1.7469671517364347
right -1.2971474134288545
right -0.6826619476746778
right -6.564490180565098
right -8.42638536554444
bad
right -15.956703007257897
right 5.869144039678907
right 4.920362164602969
right -13.600101987710289
right -33.13763165287696
right -26.03744908190439
bad
right -1.6080864682684535
right -5.0011394502263595
right 8.841691585261724
bad
right -23.671584305372512
bad
right 1.0464174796617023
right -6.772254000242349
right -19.938381194082893
right 8.191556182864499
right 8.033013530383505
right 5.3965674457455135
right -2.435023322998827
right 3.7762085770777096
bad
right 5.125744423535978
bad
right -3.6624326105569427
right 2.8520694091137235
---------------------------------------
|             Epoch |              34 |
|             EpRet |            -153 |
|         EpRealRet |            -153 |
|         TestEpRet |           -49.1 |
|         AverageQ1 |           -49.7 |
|             StdQ1 |            1.55 |
|             MaxQ1 |            4.35 |
|             MinQ1 |           -55.2 |
|                Q2 |           -49.7 |
|       TestSuccess |               0 |
| TotalEnvInteracts |        7.03e+06 |
|         TotalTime |        4.06e+03 |
---------------------------------------
right -8.334495265538834
bad
bad
right -41.75150903379651
right -12.427012722941093
bad
right -26.16918910781869
right 2.9127778893513847
bad
bad
bad
right -1.3998926173535935
right -43.62848234515252
bad
right 0.650262690679206
bad
bad
bad
bad
right 9.232169025925993
right 0.03223131128611101
right -31.533569897741188
bad
right -5.479358871465433
right -34.73975500762955
bad
bad
right 6.920466777958824
right 4.146071489363974
bad
right 6.8126706144399805
right -23.50406510468015
bad
bad
right 0.8406929284842626
---------------------------------------
|             Epoch |              35 |
|             EpRet |            -151 |
|         EpRealRet |            -151 |
|         TestEpRet |           -34.1 |
|         AverageQ1 |           -49.7 |
|             StdQ1 |            1.56 |
|             MaxQ1 |            3.85 |
|             MinQ1 |           -52.6 |
|                Q2 |           -49.7 |
|       TestSuccess |               0 |
| TotalEnvInteracts |        7.23e+06 |
|         TotalTime |        4.18e+03 |
---------------------------------------
right 2.6633460604764094
bad
right -3.063566365287482
right 0.46483888187897904
bad
bad
right 2.0835770928235133
bad
right -83.17621337737828
right 6.462893870808302
right -21.30630008272849
right -67.870606595541
right 7.739988508356911
right -34.10542872036874
bad
right -22.31663031153454
right -75.33258034686058
right -0.10897061006404485
bad
right 0.6872080530078843
right -25.661377360754535
right 7.350542569253238
right -13.327050980793999
right 7.529458282585415
right -31.6344978166725
right -4.973240018786264
right -15.92605815073188
right 6.2829495743920365
right 5.648973939096922
very well
epoch: 36 	ep: 39 	ep_rew: 111.93192351348895 	time: 1.425 	done: 1
right -96.13351856575208
right 7.041894044274802
right -47.21791663001059
bad
right -27.02403836435966
bad
bad
right 9.542028466854198
right -5.6278879506395825
bad
right 7.141533059151012
bad
right 7.859728537173412
right -25.986921380566514
bad
right -56.10929630387736
bad
right 6.821101515328756
right -28.803835212842287
---------------------------------------
|             Epoch |              36 |
|             EpRet |            -147 |
|         EpRealRet |            -147 |
|         TestEpRet |           -18.9 |
|         AverageQ1 |           -49.7 |
|             StdQ1 |            1.57 |
|             MaxQ1 |            10.7 |
|             MinQ1 |           -53.2 |
|                Q2 |           -49.7 |
|       TestSuccess |               0 |
| TotalEnvInteracts |        7.43e+06 |
|         TotalTime |         4.3e+03 |
---------------------------------------
right -11.105394111172473
bad
right -23.266084072532742
right -10.27572223188331
right -7.4402973043216285
bad
right -30.088722495857056
right -2.3011837986350603
bad
bad
right 3.4255023496286885
right -0.5913524781684636
right 2.2133982237605396
right 0.14447009377299835
right -12.18262542351787
right 1.4819962279804368
right -18.483915532121685
bad
bad
right -29.19976151648755
right 6.262558925905157
bad
right 3.7677622546395106
bad
right -1.7719752961356576
right 3.8268404024523797
right -38.96467145367331
bad
bad
right -13.027327009533774
right -4.0039631652338805
right 5.586402540490884
right -5.722080169892823
bad
right 0.8743812387681533
right -36.28341100003999
right -20.747898309343963
bad
right 7.132902370389546
bad
right 3.171947894201316
right -11.649397911016806
right 4.932362547484217
right 8.150591089618981
bad
right -42.011728631434025
right 3.434587704100297
right 7.735099471447658
bad
---------------------------------------
|             Epoch |              37 |
|             EpRet |            -155 |
|         EpRealRet |            -155 |
|         TestEpRet |           -45.1 |
|         AverageQ1 |           -49.7 |
|             StdQ1 |            1.73 |
|             MaxQ1 |             5.6 |
|             MinQ1 |             -54 |
|                Q2 |           -49.7 |
|       TestSuccess |               0 |
| TotalEnvInteracts |        7.63e+06 |
|         TotalTime |        4.42e+03 |
---------------------------------------
right 3.950401299557975
right -47.55332717178861
right -25.675421728817803
right -30.993661817439104
bad
bad
right -20.38201998130065
right 3.9161411518971736
right 6.405599877891175
bad
bad
right -0.49423717204988726
right 5.885320265225359
right -25.45233079012678
bad
right 3.7728496523495654
right -13.437787178592746
bad
bad
right 4.272307803128942
right 5.912802861846675
bad
bad
right -12.92095155076693
right 5.784505037349667
right 4.372681919559266
right -0.5939073080412278
right -10.941383495315641
right -2.2624212424738275
right -20.96698114897753
right 2.617594899483179
right -10.808375409788397
right 2.3496122298165343
right 6.680396397857269
bad
right 7.498268479278142
right -27.491683941757003
right 6.27698830648339
bad
bad
right 8.88090239827676
bad
right -54.11100342717778
right 5.975157851513942
bad
bad
---------------------------------------
|             Epoch |              38 |
|             EpRet |            -155 |
|         EpRealRet |            -155 |
|         TestEpRet |           -25.2 |
|         AverageQ1 |           -49.7 |
|             StdQ1 |            1.76 |
|             MaxQ1 |            11.5 |
|             MinQ1 |           -53.3 |
|                Q2 |           -49.7 |
|       TestSuccess |               0 |
| TotalEnvInteracts |        7.83e+06 |
|         TotalTime |        4.53e+03 |
---------------------------------------
right 3.89174607650311
bad
right 2.6164174860619145
right 5.182673279376392
bad
right 4.931417863821536
right 6.9918215297755
right -2.565076685870004
right -22.54981668825635
right 5.214580747818741
bad
bad
right -25.51284493794074
right -3.1330574492235836
bad
right -15.581133396920201
bad
right 1.5135877771385555
bad
bad
bad
right 2.280216013536802
right 7.489410303878448
right 2.0187974597664553
right 3.5416444268949228
right 3.4070719904032885
bad
right 2.121480405618655
right 1.5288669799247288
right -40.54706335250429
bad
right 6.349613176207843
bad
bad
right 4.444883696097487
right 2.2335592493991356
right 3.9127516198207033
bad
bad
bad
bad
right 7.0749966382699725
bad
right 5.199542937611675
bad
---------------------------------------
|             Epoch |              39 |
|             EpRet |            -150 |
|         EpRealRet |            -150 |
|         TestEpRet |           -22.7 |
|         AverageQ1 |           -49.7 |
|             StdQ1 |            1.73 |
|             MaxQ1 |            10.1 |
|             MinQ1 |             -57 |
|                Q2 |           -49.7 |
|       TestSuccess |               0 |
| TotalEnvInteracts |        8.04e+06 |
|         TotalTime |        4.65e+03 |
---------------------------------------
bad
bad
right 7.633879946858206
right 2.398907215965261
bad
right 2.812691066325753
right -2.4474856516092025
bad
bad
right -10.521726323046892
bad
right 5.228590431604167
right 7.782908850511357
right 8.37872272872023
bad
bad
bad
right -3.5840957730037726
bad
bad
right 0.46836526137375323
bad
bad
bad
bad
right -6.01197059226368
right -0.9070687816298992
right -32.642668674303
bad
bad
right 7.678022771084641
bad
right 9.341892908304592
right 5.64860885234218
right 6.149838964135127
bad
right -0.3996912510907773
right -17.557437858137437
bad
bad
right 3.7435943695093084
right -22.523519113916194
right 8.041854861111707
right -38.58493984559112
---------------------------------------
|             Epoch |              40 |
|             EpRet |            -157 |
|         EpRealRet |            -157 |
|         TestEpRet |           -12.1 |
|         AverageQ1 |           -49.7 |
|             StdQ1 |            1.75 |
|             MaxQ1 |            7.38 |
|             MinQ1 |             -54 |
|                Q2 |           -49.7 |
|       TestSuccess |               0 |
| TotalEnvInteracts |        8.24e+06 |
|         TotalTime |        4.77e+03 |
---------------------------------------
right -8.6666308281522
bad
bad
right 4.422306165672493
right 1.7731699326552413
bad
right -13.307356459128457
right -1.5522185191691875
right -10.657314337439509
bad
right 0.908461694995804
right -35.57960075598045
right 1.9545768836572215
right 0.9545562747719991
right 7.156557788797818
right 5.40608880336125
right 4.033005116391805
right -58.04150868181371
right -58.768042679881844
bad
bad
right 0.42372318111065255
bad
bad
bad
right -23.661160978347667
right -11.575359015292253
right 6.10985067249981
bad
bad
right 4.782390105360013
right 7.229342453868144
right -39.632048389960545
right -3.0112274194194217
right 6.485602240668233
right 2.4493267856076013
bad
---------------------------------------
|             Epoch |              41 |
|             EpRet |            -150 |
|         EpRealRet |            -150 |
|         TestEpRet |           -28.3 |
|         AverageQ1 |           -49.7 |
|             StdQ1 |            1.76 |
|             MaxQ1 |             9.2 |
|             MinQ1 |           -53.7 |
|                Q2 |           -49.7 |
|       TestSuccess |               0 |
| TotalEnvInteracts |        8.44e+06 |
|         TotalTime |        4.88e+03 |
---------------------------------------
bad
right -1.7628065690685517
bad
right 4.29938267463212
right -40.57109639928303
right 3.0640011384028645
right -21.72365194403426
right 9.008621852494851
bad
bad
bad
right 8.135092433729023
right 5.246387654331098
bad
right 2.330090073820177
bad
bad
bad
right -32.65983603509612
right 8.055646662451228
right -38.53263676926215
bad
bad
right -0.2497603912688966
right 5.266987926322475
bad
right 3.1507972048841326
right -14.633377717104779
right -27.635683615520946
right -6.854873826982896
right 3.517185741461798
bad
right 6.697615216892904
right 0.5865090356636209
right -8.826660556067282
---------------------------------------
|             Epoch |              42 |
|             EpRet |            -145 |
|         EpRealRet |            -145 |
|         TestEpRet |           -51.9 |
|         AverageQ1 |           -49.7 |
|             StdQ1 |            1.73 |
|             MaxQ1 |            5.79 |
|             MinQ1 |           -53.7 |
|                Q2 |           -49.7 |
|       TestSuccess |               0 |
| TotalEnvInteracts |        8.64e+06 |
|         TotalTime |        4.99e+03 |
---------------------------------------
right -5.100247552245946
bad
right -4.956672050213918
right 7.977868315133205
right -2.8841867426283123
bad
right -9.33621844072061
right 0.863163216946667
bad
right 4.970207420926766
right 8.921560974122976
bad
bad
bad
right 5.974378138148931
right 5.418505922723819
right -38.69534076181036
bad
right 7.199780005972357
right -9.755790415686711
bad
bad
right -3.4161227801019667
right 5.512733498310824
bad
right -2.1757878274975333
right 2.0442627200303596
right -2.934846924700029
bad
bad
bad
bad
bad
right 6.471367007719005
right 7.273024484049646
bad
right 4.586067292752286
bad
right 8.06809307823142
right -41.98558997225855
right 3.9080698601901744
right 7.579478540483931
---------------------------------------
|             Epoch |              43 |
|             EpRet |            -155 |
|         EpRealRet |            -155 |
|         TestEpRet |             -56 |
|         AverageQ1 |           -49.7 |
|             StdQ1 |            1.66 |
|             MaxQ1 |            6.68 |
|             MinQ1 |           -53.4 |
|                Q2 |           -49.7 |
|       TestSuccess |               0 |
| TotalEnvInteracts |        8.84e+06 |
|         TotalTime |        5.11e+03 |
---------------------------------------
bad
right -12.8856499996063
bad
right -17.719129601818395
bad
bad
bad
right 0.7727757999824618
bad
right -3.4793616317356353
bad
right -17.71835507336131
right 5.6737152112909675
right 3.940968343656774
right -21.41895086374032
right -11.62539314249311
bad
bad
bad
right -8.402525334372182
right 7.039545690270428
right -17.00091593816675
right 8.077832151073666
bad
bad
right 4.780667450386222
right -69.389415258888
bad
---------------------------------------
|             Epoch |              44 |
|             EpRet |            -153 |
|         EpRealRet |            -153 |
|         TestEpRet |           -57.9 |
|         AverageQ1 |           -49.7 |
|             StdQ1 |            1.74 |
|             MaxQ1 |            6.83 |
|             MinQ1 |           -53.7 |
|                Q2 |           -49.7 |
|       TestSuccess |               0 |
| TotalEnvInteracts |        9.04e+06 |
|         TotalTime |        5.23e+03 |
---------------------------------------
right 3.005758022972909
bad
right 5.597604799608259
right -51.16477793656368
bad
right -15.742828743430781
right -4.309381282080132
right -2.478427707754074
right -15.697135620424923
right -21.371262593226724
right 7.588072361211376
right 8.870114715382991
right 7.046996756188415
right 5.490242137355211
right 0.35833112641830667
right -21.149562483776453
bad
bad
bad
bad
bad
bad
right -4.217684530114251
bad
bad
bad
right 6.041004709996267
right -8.032322743190235
bad
right 5.58465225984131
right 7.498515391769707
bad
---------------------------------------
|             Epoch |              45 |
|             EpRet |            -154 |
|         EpRealRet |            -154 |
|         TestEpRet |           -17.6 |
|         AverageQ1 |           -49.7 |
|             StdQ1 |            1.72 |
|             MaxQ1 |            10.3 |
|             MinQ1 |           -54.1 |
|                Q2 |           -49.7 |
|       TestSuccess |               0 |
| TotalEnvInteracts |        9.24e+06 |
|         TotalTime |        5.34e+03 |
---------------------------------------
bad
right 4.581685869375535
right 2.2731632949426306
bad
right -37.780815184509436
right -9.25206551041201
right -3.595888728255325
bad
right -33.80965021206298
bad
right -43.492442925059
right -16.403401552312765
bad
bad
right 8.307475583194691
right -89.68171338776224
bad
right 4.8656750451340205
bad
right 0.45308612066218146
right 4.9803664976243835
right 5.8064949904114345
bad
bad
right 1.507942603746919
bad
right -21.488948378134616
right 7.066843113251199
bad
right -4.222241831393712
bad
right 3.776665587228111
right -17.866736038459543
bad
right 5.6723978802429516
bad
right 7.569203153249855
right 5.446513964190965
right -28.666821208677334
right 5.958216439157777
bad
right 4.627474275749162
right 6.10478629624566
right -35.25712627614783
---------------------------------------
|             Epoch |              46 |
|             EpRet |            -151 |
|         EpRealRet |            -151 |
|         TestEpRet |           -45.9 |
|         AverageQ1 |           -49.7 |
|             StdQ1 |            1.72 |
|             MaxQ1 |            7.16 |
|             MinQ1 |             -55 |
|                Q2 |           -49.7 |
|       TestSuccess |               0 |
| TotalEnvInteracts |        9.44e+06 |
|         TotalTime |        5.46e+03 |
---------------------------------------
right 5.79077230709865
bad
bad
right 2.2661442496131876
right 4.900351236124299
right -23.489215767943854
right 6.27019160338917
bad
right -20.673376945557465
right -13.347555322538103
right 8.61386906363456
right -8.002592296481662
right 1.4843477841799775
right -2.3110734521908824
right -40.94304000409569
right -143.43471524439548
right 7.373960381526435
right -8.168588882641856
bad
right 1.9210229632171245
right -29.37070869543455
bad
right 2.8692485505303615
bad
bad
right -21.858486722780263
right 2.6905267190950086
right 4.8538488583187265
right 4.362740315715462
right -34.98592041869444
right -5.373685088649671
bad
right -8.147017458670973
right 5.508282622842084
bad
bad
bad
bad
bad
right 1.855801353726715
right -7.113280252853215
right -48.0582369926335
right -7.306495548093071
right -0.47060455846408544
bad
bad
right 5.1011048527894145
---------------------------------------
|             Epoch |              47 |
|             EpRet |            -150 |
|         EpRealRet |            -150 |
|         TestEpRet |           -40.2 |
|         AverageQ1 |           -49.7 |
|             StdQ1 |             1.7 |
|             MaxQ1 |            7.08 |
|             MinQ1 |           -58.2 |
|                Q2 |           -49.7 |
|       TestSuccess |               0 |
| TotalEnvInteracts |        9.64e+06 |
|         TotalTime |        5.58e+03 |
---------------------------------------
bad
right 7.277773091800885
right 6.378374068819611
right 8.696006123789287
right 6.582100502688615
right 7.170103657786907
bad
right 0.5649863422752723
bad
bad
bad
right 0.9480165708274981
right 2.625096458812374
right -0.6189844382813803
bad
bad
bad
right -61.35298133232847
right -20.885466992865204
bad
right 4.967285383422534
right -1.1993203940189456
right 5.666187474177565
bad
right 1.9721526639252058
right -9.260989318045574
right 4.1667081995062585
bad
right 3.843187530642674
bad
right -7.9451473179255885
right -39.56489794295918
right -14.779688453174138
---------------------------------------
|             Epoch |              48 |
|             EpRet |            -144 |
|         EpRealRet |            -144 |
|         TestEpRet |           -99.6 |
|         AverageQ1 |           -49.7 |
|             StdQ1 |            1.69 |
|             MaxQ1 |             5.8 |
|             MinQ1 |           -52.8 |
|                Q2 |           -49.7 |
|       TestSuccess |               0 |
| TotalEnvInteracts |        9.84e+06 |
|         TotalTime |         5.7e+03 |
---------------------------------------
bad
bad
bad
right -0.6778758821988884
right -21.82168187043796
right 4.673329095336555
bad
bad
right -2.9246718464572456
right -0.36192468230545494
right 6.915937566504262
right -51.162527114308396
right -11.506691981042877
right 8.07764094358777
right -25.01399051893447
bad
right -18.06581847351147
bad
right 7.917174316709167
bad
bad
bad
right 6.016901548403392
right 3.924076646967233
right 8.476862114143414
bad
bad
right 4.925368197553221
right 5.6347904106621645
bad
right 5.423803723224032
bad
bad
right 4.454924143396815
bad
bad
right 2.701628066077051
---------------------------------------
|             Epoch |              49 |
|             EpRet |            -173 |
|         EpRealRet |            -173 |
|         TestEpRet |           -5.15 |
|         AverageQ1 |           -49.7 |
|             StdQ1 |            1.75 |
|             MaxQ1 |            8.18 |
|             MinQ1 |           -59.6 |
|                Q2 |           -49.7 |
|       TestSuccess |               0 |
| TotalEnvInteracts |           1e+07 |
|         TotalTime |        5.81e+03 |
---------------------------------------
bad
right -0.22616225115225674
right -124.60238129965478
right 6.5466581454535335
right 4.622831047429342
right 1.554354434956558
right 7.511583984118429
right -97.68475395764169
right -9.76178644405616
bad
right -23.756483538540365
right 7.12964579599265
bad
bad
right -9.94538821278914
right 7.369439008779505
right -4.284147757231247
right -4.892854395736457
right 5.328552599389157
bad
right -29.353759406826292
bad
bad
right 4.6123808342075865
bad
right -2.011583427734873
right -12.041677173392952
bad
right -3.814225035490054
bad
right 1.339511302809763
bad
right 5.876559696693513
bad
right 3.0049259521546485
bad
right 8.63203980898735
bad
right -52.24683140235621
right -4.05849148603669
right 6.88775080548101
bad
---------------------------------------
|             Epoch |              50 |
|             EpRet |            -141 |
|         EpRealRet |            -141 |
|         TestEpRet |           -26.1 |
|         AverageQ1 |           -49.7 |
|             StdQ1 |            1.68 |
|             MaxQ1 |            4.98 |
|             MinQ1 |           -56.1 |
|                Q2 |           -49.7 |
|       TestSuccess |               0 |
| TotalEnvInteracts |        1.02e+07 |
|         TotalTime |        5.92e+03 |
---------------------------------------
bad
right 3.983773436931184
bad
bad
bad
bad
bad
bad
right -36.99793670394551
bad
right 7.675345624420375
bad
right 3.7083803148855097
bad
right -1.7230641691812654
bad
right 3.655498735286282
bad
right 8.855836356232354
bad
right 8.725213197740224
bad
right 1.3150289677537366
bad
bad
right 8.174014470717468
bad
right 5.407985632807063
---------------------------------------
|             Epoch |              51 |
|             EpRet |            -133 |
|         EpRealRet |            -133 |
|         TestEpRet |           -10.3 |
|         AverageQ1 |           -49.7 |
|             StdQ1 |            1.71 |
|             MaxQ1 |            6.57 |
|             MinQ1 |           -54.2 |
|                Q2 |           -49.7 |
|       TestSuccess |               0 |
| TotalEnvInteracts |        1.04e+07 |
|         TotalTime |        6.04e+03 |
---------------------------------------
bad
right 5.943603316272822
bad
right 5.767436308562225
bad
right 3.8355628225006813
right 4.273454100153421
right -44.81631264099224
right 7.604357228964367
right 7.479899130714215
bad
right 7.248111000788372
right -63.75251687617278
right 5.092684983297202
right -30.8336801079222
bad
right 3.191687071328724
right 6.789835620157349
right -12.462417791677364
right -25.10585669013326
bad
bad
bad
right 4.941851584994243
bad
right 4.459420113928921
right 6.989287509666617
right -1.4634276515240057
bad
right -23.813358220108313
bad
right -15.260569088375611
bad
bad
right -22.31598024125696
bad
right -25.511305922031845
right 7.0279944319417424
bad
right 2.548139392227954
bad
right 6.223447584439043
right 6.607242798649135
right 5.840977777382256
bad
right 4.7832891551208645
right -1.3641436297315401
right 6.866340276305717
right 8.74031360793446
right 4.536594724313466
right -41.592134393962105
right 4.886731475085169
---------------------------------------
|             Epoch |              52 |
|             EpRet |            -129 |
|         EpRealRet |            -129 |
|         TestEpRet |           -23.5 |
|         AverageQ1 |           -49.7 |
|             StdQ1 |            1.69 |
|             MaxQ1 |            6.74 |
|             MinQ1 |           -52.6 |
|                Q2 |           -49.7 |
|       TestSuccess |               0 |
| TotalEnvInteracts |        1.06e+07 |
|         TotalTime |        6.15e+03 |
---------------------------------------
right 6.366166951492022
right -30.3643177481322
right 4.647953245381512
bad
right 0.39387884058078093
right -51.92238482772821
bad
right -9.70863788107945
right 8.69755286212662
right -50.30922896162443
right -11.16248565731222
bad
right -0.8744052402422948
bad
right 2.2741644577808326
right -24.36193381003666
bad
right -12.752557651643045
right 4.536750440561283
right -19.966958379207185
right 5.555984694070004
right -42.33525374802131
right -34.6302677086871
right 6.18942856182492
right -14.728323063746217
right -19.224151736960344
right -75.27458689312466
right -11.727082395483727
right -3.1756613772172866
right -2.186371917853844
bad
right 1.1315206693486104
right 7.038906463676903
right -19.209895785766168
bad
bad
right 3.8746372039900105
right 6.930106898574605
right 2.9342317200674657
right 4.973735000256241
right 5.245615932191578
right 8.754392979065527
right 3.5383092977595325
right -10.352536757725336
bad
bad
right 8.654483356839933
right -23.05631054314148
---------------------------------------
|             Epoch |              53 |
|             EpRet |            -140 |
|         EpRealRet |            -140 |
|         TestEpRet |           -19.6 |
|         AverageQ1 |           -49.7 |
|             StdQ1 |            1.66 |
|             MaxQ1 |            7.19 |
|             MinQ1 |           -54.4 |
|                Q2 |           -49.7 |
|       TestSuccess |               0 |
| TotalEnvInteracts |        1.08e+07 |
|         TotalTime |        6.26e+03 |
---------------------------------------
right 2.7061960763396726
right 3.5925006790654095
right -11.443164815065767
right 1.339299354096017
right -25.38670083289967
right 6.023492423505214
bad
right 5.986495904572069
right -38.51073253587501
right -17.31161996421392
right 3.9731670490220132
right 7.084477187197573
bad
right 7.782210074071215
right -29.765178920591282
right 8.475049490472415
bad
bad
right 2.7182949673201353
bad
bad
right 5.153018456860076
bad
bad
bad
bad
right 5.839389633866384
bad
bad
right 3.607185280649338
bad
right 1.9274439558647813
bad
right 8.647731162381586
---------------------------------------
|             Epoch |              54 |
|             EpRet |            -148 |
|         EpRealRet |            -148 |
|         TestEpRet |           -60.9 |
|         AverageQ1 |           -49.7 |
|             StdQ1 |            1.68 |
|             MaxQ1 |            7.29 |
|             MinQ1 |           -55.4 |
|                Q2 |           -49.7 |
|       TestSuccess |               0 |
| TotalEnvInteracts |        1.11e+07 |
|         TotalTime |        6.38e+03 |
---------------------------------------
bad
right -1.877643225948475
very well
epoch: 55 	ep: 2 	ep_rew: 48.098361598089845 	time: 1.371 	done: 1
right 8.630868026038678
right -10.139322796213634
bad
bad
bad
right -43.0832472061278
right 7.560585060837106
right -20.010154480027104
right 0.021787370525434113
bad
right 6.902016389127326
bad
right -15.248711770418346
bad
right -17.128896373942617
right 5.896288077211396
right 3.6652381418572926
bad
right 2.2826033299333295
bad
right 0.9919828657538545
right -27.68307661129282
bad
right -6.899619743778139
bad
bad
right 7.824043709302716
bad
right 6.8156183481765416
right -7.983483511045986
right 8.165289652130514
right 5.338462506653422
right -18.017125667808237
---------------------------------------
|             Epoch |              55 |
|             EpRet |            -147 |
|         EpRealRet |            -147 |
|         TestEpRet |             -22 |
|         AverageQ1 |           -49.7 |
|             StdQ1 |            1.69 |
|             MaxQ1 |            8.51 |
|             MinQ1 |           -54.7 |
|                Q2 |           -49.7 |
|       TestSuccess |               0 |
| TotalEnvInteracts |        1.13e+07 |
|         TotalTime |        6.49e+03 |
---------------------------------------
bad
right -5.010213881260201
right -1.705377860441109
bad
right 2.1852425378681914
right 7.51709748982532
right 0.9670519161402762
bad
right -18.510262464440267
right -13.531084981106488
bad
bad
bad
right 1.8685367158502881
right -6.002635778780004
bad
bad
right 7.624432404850074
right 6.247614093400612
right -20.027844026369582
right -5.390028897205516
bad
bad
right 7.579851782938178
bad
right 4.397334012404635
right -17.94090514983383
right 4.461809669640402
bad
bad
right -1.5759318334485268
right 8.952246902907918
right -39.4467376036887
right 6.044767590085709
right 6.760552401954236
right -24.853785559500558
right 5.156958326192139
right -36.23763781282942
right 9.320074138627334
right 5.061062974242137
right -40.84577857689686
right 4.435263707561549
right -6.746247491557288
right 5.595065109626372
---------------------------------------
|             Epoch |              56 |
|             EpRet |            -145 |
|         EpRealRet |            -145 |
|         TestEpRet |           -58.5 |
|         AverageQ1 |           -49.6 |
|             StdQ1 |            1.76 |
|             MaxQ1 |            10.6 |
|             MinQ1 |           -53.4 |
|                Q2 |           -49.6 |
|       TestSuccess |               0 |
| TotalEnvInteracts |        1.15e+07 |
|         TotalTime |        6.61e+03 |
---------------------------------------
right -83.8089995509414
right 1.426574031729892
right -54.026183044437104
right -19.237668531902827
bad
right 5.622632299574568
right 1.5761510445110787
right -3.7806376997048208
bad
right 6.702405192852343
bad
right 5.27856024660539
right -3.8128204412818683
right 4.902667961024157
right -9.346870127401392
right 3.428250981249013
bad
right 7.171410647700312
bad
right -8.443262095072068
right -44.43623865181414
right 1.1389379345521249
right 2.61459609081151
right -13.937216479747235
right 4.635103240550876
right 3.391118537506049
bad
bad
right 5.147380860566492
right 4.606694490462726
bad
right 3.469454618107407
right -26.204243970894055
right 2.6755114230067614
right -36.22053594214999
right 8.485045015349389
bad
right 6.551982083587134
bad
right 9.34134499696199
right -16.843941784613705
right 5.261747562935481
bad
right 5.674341001313549
right 5.157793894757149
---------------------------------------
|             Epoch |              57 |
|             EpRet |            -166 |
|         EpRealRet |            -166 |
|         TestEpRet |           -42.5 |
|         AverageQ1 |           -49.6 |
|             StdQ1 |            1.78 |
|             MaxQ1 |            8.15 |
|             MinQ1 |           -53.8 |
|                Q2 |           -49.6 |
|       TestSuccess |               0 |
| TotalEnvInteracts |        1.17e+07 |
|         TotalTime |        6.72e+03 |
---------------------------------------
right -15.516381687958688
bad
right 4.44191969905815
right 5.499853820561739
bad
right -21.380306050430512
bad
bad
right -28.119674047966903
bad
right 3.991069672382695
right -1.4862968091612565
bad
bad
bad
right -30.65242156339209
bad
right -0.9389588240246365
right 5.790741087107621
bad
bad
bad
bad
right 3.8005528719641104
right 2.5902600675652687
right -46.54583842099196
right 5.156232664480393
right 6.1683220862987245
bad
right 2.0751917920396936
right 3.3642142777455977
bad
right 4.858286844439929
---------------------------------------
|             Epoch |              58 |
|             EpRet |            -154 |
|         EpRealRet |            -154 |
|         TestEpRet |           -98.2 |
|         AverageQ1 |           -49.6 |
|             StdQ1 |            1.78 |
|             MaxQ1 |            7.48 |
|             MinQ1 |           -53.4 |
|                Q2 |           -49.6 |
|       TestSuccess |               0 |
| TotalEnvInteracts |        1.19e+07 |
|         TotalTime |        6.84e+03 |
---------------------------------------
right 7.970037535232853
right 3.900052835228335
right -20.54175754004712
right 4.222220715932301
right -51.85247084763469
right -22.560257395857406
bad
right -20.436542280966176
bad
right 4.885761857786698
right 3.9733834542560764
bad
bad
right -10.20258896521359
bad
right -1.5281883849121929
right -31.659810782993986
right 5.333940111629232
right 5.107573102306908
right -14.785974854590055
right -5.522747894044004
right -15.206363687562295
right -19.882895114448374
right 6.511464608410957
bad
bad
right -1.7093037999062908
right 7.440199899483559
right 2.669150151134958
right 3.979658159763682
right -51.148013988588055
right -9.084344060490658
right 2.2372476376294195
bad
right 8.82059304570397
right 4.326878009701671
bad
right 5.848373217461552
right -8.801721169504567
right -25.03373101860207
bad
right -5.039009919030743
right 4.971493611348325
bad
right 8.886299585502396
right 2.1014473220593217
right 6.102037698160622
bad
right 8.14482239950419
bad
---------------------------------------
|             Epoch |              59 |
|             EpRet |            -136 |
|         EpRealRet |            -136 |
|         TestEpRet |           -28.5 |
|         AverageQ1 |           -49.6 |
|             StdQ1 |            1.73 |
|             MaxQ1 |            7.13 |
|             MinQ1 |           -52.7 |
|                Q2 |           -49.6 |
|       TestSuccess |               0 |
| TotalEnvInteracts |        1.21e+07 |
|         TotalTime |        6.95e+03 |
---------------------------------------
right 8.188245290616564
right 5.965488069092087
bad
right 6.598247201320628
right -34.52129951223568
bad
right 0.2062997750597937
right -27.782988407104504
bad
bad
right -42.100924038802894
bad
right 2.877503576924296
bad
bad
bad
right 0.11229488205838756
right -0.46248270660704094
bad
right 0.14836527846791725
right -1.1437974816457412
right -14.191783535565907
right -24.674257606235777
bad
bad
right 6.215775424312131
right -20.64709114442747
right -18.57459940744581
right -13.742132129557834
right 5.962989816964021
right -0.9530530977900078
right -18.76664296286497
right 0.2712731410891749
bad
bad
right 3.8292952487405643
bad
right 7.503679077269469
bad
bad
right 6.988728843727145
right 5.948785285813914
right -31.461986465144626
---------------------------------------
|             Epoch |              60 |
|             EpRet |            -159 |
|         EpRealRet |            -159 |
|         TestEpRet |             -20 |
|         AverageQ1 |           -49.6 |
|             StdQ1 |            1.79 |
|             MaxQ1 |            8.73 |
|             MinQ1 |             -53 |
|                Q2 |           -49.6 |
|       TestSuccess |               0 |
| TotalEnvInteracts |        1.23e+07 |
|         TotalTime |        7.06e+03 |
---------------------------------------
right -0.5964784024263565
right -13.895554762170349
right -53.08349262578275
right -79.2821438091825
right 5.281735943126863
right 3.9140945313846043
bad
bad
right -4.3568764066330665
right 1.5698487286229472
right 7.2556120171817415
right -6.2470815759369565
right -11.110931575031255
right 1.1242374306674119
bad
right 2.9050934536952333
right -32.98987259602587
right -4.6783341037627615
bad
right 5.875660041771513
right 1.082743067759015
right 8.498955949181102
right -51.148204426720255
right -2.238763063459393
bad
right 1.9964800414288746
bad
right 2.249934573643908
right -13.332269752620892
right -8.145054145029025
bad
right 0.027100125769548455
right -0.8020969116123347
bad
right -84.08519818327127
bad
right 6.600475889383558
right 3.361176177325648
bad
right 0.22306526749307487
right 8.714929680439186
right 7.1669306751156405
right 2.022725054375223
right 6.973672610072816
right -26.20870942787792
right 5.360491024288045
bad
right 4.564321330012397
right -12.194631813205898
right 3.95421539441256
bad
right 5.2383812485127095
bad
bad
---------------------------------------
|             Epoch |              61 |
|             EpRet |            -158 |
|         EpRealRet |            -158 |
|         TestEpRet |           -58.1 |
|         AverageQ1 |           -49.6 |
|             StdQ1 |            1.77 |
|             MaxQ1 |            9.03 |
|             MinQ1 |           -53.9 |
|                Q2 |           -49.6 |
|       TestSuccess |               0 |
| TotalEnvInteracts |        1.25e+07 |
|         TotalTime |        7.18e+03 |
---------------------------------------
bad
right -54.757614298427285
bad
right -10.779462426217368
bad
right 5.631233890395698
bad
right -12.380891617487663
right -48.75069721363162
bad
bad
right -49.55519641712128
right -17.476453276296485
right 8.218161649915519
right 7.39306639030146
right 5.617970097177551
bad
right -89.30063847856665
right 6.378169679858889
right -35.63336995061469
right 7.322761427690995
right -21.216659698341616
right 2.284959283417879
bad
right 4.209749743991949
bad
bad
right 1.7829910447636337
bad
bad
right -2.82832119982017
right -28.63605818665323
right 0.24790959456089823
right 2.885198926977619
bad
right 6.2292061970693196
right 6.849331871604659
right 4.066098509697149
right -10.776030510176131
right 5.327993920852875
right 8.507878405163357
right 7.232856792309862
bad
right 3.7287765745221204
right -28.828310924260556
right 6.15033005961525
---------------------------------------
|             Epoch |              62 |
|             EpRet |            -156 |
|         EpRealRet |            -156 |
|         TestEpRet |           -36.8 |
|         AverageQ1 |           -49.7 |
|             StdQ1 |            1.73 |
|             MaxQ1 |            7.12 |
|             MinQ1 |           -57.5 |
|                Q2 |           -49.7 |
|       TestSuccess |               0 |
| TotalEnvInteracts |        1.27e+07 |
|         TotalTime |        7.29e+03 |
---------------------------------------
right 7.181181800385316
right 3.3499145815654474
right 2.7327148968919897
right 5.531282100923558
bad
right 0.5872685338723471
bad
bad
bad
bad
right -16.91875836177894
right 3.2129715163156627
right -6.697144528008348
right 4.383135730945141
right 6.752389933824492
right 3.2451008153730188
bad
right 3.9737923237448944
right -21.521226238683138
right -2.9535740510848534
bad
bad
right 2.368936420086998
right 7.302773153357947
right -35.16525825593508
bad
right -3.3902058878678627
bad
right 2.322606808685366
right -25.068170012464684
right 3.6130094291847055
right -28.60730411263893
right -18.321874453903447
right 4.531080593509454
bad
right 6.951116721743802
right 8.212317662790504
right 8.407800633490048
bad
right 6.896201381449225
right 7.869008406393771
right 6.154798625129243
---------------------------------------
|             Epoch |              63 |
|             EpRet |            -133 |
|         EpRealRet |            -133 |
|         TestEpRet |           -28.2 |
|         AverageQ1 |           -49.7 |
|             StdQ1 |            1.72 |
|             MaxQ1 |            7.61 |
|             MinQ1 |           -54.1 |
|                Q2 |           -49.7 |
|       TestSuccess |               0 |
| TotalEnvInteracts |        1.29e+07 |
|         TotalTime |        7.42e+03 |
---------------------------------------
bad
right -0.22542254207380985
bad
right -30.251370449286043
right 5.091281742983346
bad
bad
bad
right 5.649460820630164
bad
right 6.211285401098752
bad
bad
right -17.832275328485984
right 6.074636611520831
bad
right 5.179802283038636
right -40.32531061129107
right 5.284146917003833
bad
bad
right 4.910419114815142
right -36.189572908465024
right 4.475305748482929
right -8.39945507335485
right -21.526272378915504
right 7.530563021949332
right 0.7208401117432537
right -32.27711471320049
bad
right -13.479198423968242
right -3.203695669396252
right -0.7452300394603366
right -19.489911889102185
right 3.9049567248175237
bad
right 4.571003888913418
right -50.984396054893594
right 3.760958238061571
right 6.552000239485801
right 8.229867417485787
bad
bad
right 8.833592152502366
bad
---------------------------------------
|             Epoch |              64 |
|             EpRet |            -151 |
|         EpRealRet |            -151 |
|         TestEpRet |           -15.6 |
|         AverageQ1 |           -49.6 |
|             StdQ1 |            1.79 |
|             MaxQ1 |            11.6 |
|             MinQ1 |           -52.7 |
|                Q2 |           -49.6 |
|       TestSuccess |               0 |
| TotalEnvInteracts |        1.31e+07 |
|         TotalTime |        7.54e+03 |
---------------------------------------
right 2.943047222412103
right -10.021813409542979
bad
right -18.33509876787783
bad
right 2.6398267347580484
right 5.195256872373191
right 4.637983923181796
bad
right -32.931606483885176
bad
right -4.652261849100647
right 5.1031298426363305
right -23.43830795462275
right -43.74229977886096
right -1.9152575729631387
bad
right -21.721691993543402
right 5.164411809960939
right -4.54878610681053
bad
right 3.0935209755599153
right -28.896953797333722
right -5.674844401048343
bad
bad
bad
right -28.340762665139522
right -6.247409410316855
right 7.432062632766665
right 3.660693702003658
right -9.00299606283387
bad
right -10.793986247158092
bad
right 5.453765710039703
right -32.857375673570616
bad
right 8.330936465547996
right -99.2820779914384
bad
bad
right 6.856510173144556
bad
---------------------------------------
|             Epoch |              65 |
|             EpRet |            -150 |
|         EpRealRet |            -150 |
|         TestEpRet |           -54.9 |
|         AverageQ1 |           -49.6 |
|             StdQ1 |            1.73 |
|             MaxQ1 |            7.83 |
|             MinQ1 |             -54 |
|                Q2 |           -49.6 |
|       TestSuccess |               0 |
| TotalEnvInteracts |        1.33e+07 |
|         TotalTime |        7.65e+03 |
---------------------------------------
right 7.167232015002106
right -2.163646032416132
right 4.123330844803931
right -7.946933669253291
right -3.3307792378367385
bad
bad
right 4.12943741911114
right -31.495143054688057
bad
right -23.707444745386923
right -10.207573698910977
right 6.350980635710191
right -7.996961332213843
right -1.5193919500999975
right 7.620048567864609
bad
right -15.73289731046053
right 4.8200132540365495
right -31.793431695899358
bad
bad
bad
bad
right -21.680805964058678
right 1.7557030655481025
right 3.8568817584195383
bad
bad
right 6.316551030563662
bad
bad
right 6.241184174202372
right 4.710540099761415
bad
right 6.164238349124288
bad
bad
---------------------------------------
|             Epoch |              66 |
|             EpRet |            -142 |
|         EpRealRet |            -142 |
|         TestEpRet |           -11.1 |
|         AverageQ1 |           -49.6 |
|             StdQ1 |            1.74 |
|             MaxQ1 |            5.89 |
|             MinQ1 |           -53.9 |
|                Q2 |           -49.6 |
|       TestSuccess |               0 |
| TotalEnvInteracts |        1.35e+07 |
|         TotalTime |        7.76e+03 |
---------------------------------------
bad
right 7.455313543291515
right -46.072694211742586
bad
bad
right -22.061353246830123
bad
right 9.099179827213547
right 2.14491738287772
right 3.653824977312901
right -31.10159545829859
right -4.334431980652484
right 6.624288087727453
bad
bad
bad
right -6.724831963094957
right 8.002879580496005
bad
right 5.582745348113166
right 6.543965213727945
bad
bad
right 5.50418156005642
right -6.579668508070519
bad
right -13.086374545853761
right 7.294562398093639
right 4.8146492029001315
right -4.22914403604652
bad
right 0.060040835530321246
right -27.902348466517658
right 3.808358938666415
right -27.708097991621983
right 8.689043433200233
right -20.577519046715096
right -19.5593650722661
bad
right 5.416839806818408
right 6.8395905479114125
bad
right 4.750160566421142
right 8.721377810314664
bad
---------------------------------------
|             Epoch |              67 |
|             EpRet |            -141 |
|         EpRealRet |            -141 |
|         TestEpRet |           -22.7 |
|         AverageQ1 |           -49.6 |
|             StdQ1 |            1.72 |
|             MaxQ1 |            10.4 |
|             MinQ1 |           -55.5 |
|                Q2 |           -49.6 |
|       TestSuccess |               0 |
| TotalEnvInteracts |        1.37e+07 |
|         TotalTime |        7.88e+03 |
---------------------------------------
right 4.757916726728997
right 5.969577695643668
right 6.3265695317135355
right -12.58521539583851
right -8.822502051834242
bad
right 3.465811584944576
right 6.131450604283605
right -6.77495021499805
right -101.46025720670899
right 7.869692149329682
bad
bad
bad
right -23.246446211396872
right -38.84710042424984
right -22.789792501528602
right -14.78147215103214
bad
bad
right 6.919384235512792
right -56.654460518394686
right -27.3225149409842
right -25.96894370077581
right 3.005358093709093
bad
bad
right -18.986668958886916
bad
bad
right -6.6972116032144555
right -38.91423766569328
bad
right -56.328402176131405
bad
right 2.538115138009821
right -9.699570787077057
right -4.722790298671583
bad
bad
right 4.825221627860915
bad
right 4.6547122966328205
bad
bad
right 5.852338373386499
right -35.49752467361583
right 1.0033142978230494
right 3.8475688368851415
bad
right 6.177091196420058
bad
---------------------------------------
|             Epoch |              68 |
|             EpRet |            -164 |
|         EpRealRet |            -164 |
|         TestEpRet |           -50.7 |
|         AverageQ1 |           -49.6 |
|             StdQ1 |            1.76 |
|             MaxQ1 |            11.8 |
|             MinQ1 |           -53.3 |
|                Q2 |           -49.6 |
|       TestSuccess |               0 |
| TotalEnvInteracts |        1.39e+07 |
|         TotalTime |        7.99e+03 |
---------------------------------------
right 3.656890630916225
right 1.6484912315503397
right -18.92721186694113
bad
right -36.40629976886811
bad
bad
right 4.98742831598355
right 7.7108368889407535
bad
right 3.63938689173989
right 4.685440458516416
bad
right -0.24253732677120432
right -12.268740427331476
right 3.1756990554336815
right -1.0495275062314224
bad
bad
bad
right -14.64956159704115
bad
right 0.5049371110480223
right 6.459878794336511
right -26.279003946935646
right 3.2422067407819943
right -7.950385687670892
bad
right 5.1041079541314325
right -68.52023363410117
right 0.7971681891081843
right 3.7142584816349515
right 6.174793333141351
right -28.92353510810908
bad
right 3.606322864418158
bad
right 6.239032986619835
right 2.3013174445685927
right -12.34499009666067
right -24.506247076392725
right 6.4048544952528434
right -73.2857381699212
right 5.188794537438452
---------------------------------------
|             Epoch |              69 |
|             EpRet |            -144 |
|         EpRealRet |            -144 |
|         TestEpRet |           -72.8 |
|         AverageQ1 |           -49.6 |
|             StdQ1 |            1.78 |
|             MaxQ1 |            6.06 |
|             MinQ1 |           -52.8 |
|                Q2 |           -49.6 |
|       TestSuccess |               0 |
| TotalEnvInteracts |        1.41e+07 |
|         TotalTime |        8.11e+03 |
---------------------------------------
bad
right 5.738330644709303
right -9.936130979765515
right 7.502072456757972
bad
bad
right 6.548268322939064
right -0.7076377213841631
right -17.035068344590762
right 6.636163116359487
bad
right -12.050018687091665
right 4.503313292590887
bad
right -0.3361277672617735
bad
right -15.096373393682025
right 2.5176353141624643
right 2.9649996204675597
bad
right 8.635242125469272
bad
bad
right 6.414569716603929
bad
bad
bad
right -4.649766526193789
bad
right 4.931520862028105
right -30.839066678801494
bad
right -0.10549880608803797
right 5.36064133939986
bad
right 6.756686673816483
bad
bad
right 6.4839726996967
right 6.5236176331479125
right -9.726087144763184
right -17.43870413682362
right 8.808187143767055
bad
bad
right 5.195503359003972
right -3.5686903381596586
bad
bad
right -12.416057553561725
bad
---------------------------------------
|             Epoch |              70 |
|             EpRet |            -141 |
|         EpRealRet |            -141 |
|         TestEpRet |           -58.8 |
|         AverageQ1 |           -49.6 |
|             StdQ1 |            1.74 |
|             MaxQ1 |             6.7 |
|             MinQ1 |           -53.2 |
|                Q2 |           -49.6 |
|       TestSuccess |               0 |
| TotalEnvInteracts |        1.43e+07 |
|         TotalTime |        8.22e+03 |
---------------------------------------
bad
bad
right -27.889165608779166
right 0.6598341522497684
bad
bad
bad
right 4.301747284068977
right 8.103724137912023
right -10.534301628954104
bad
right 0.26283952099469765
bad
right -6.5057785173804135
right -43.52116410609142
bad
