[36;1mSaving config:
[0m
{
    "args":	null,
    "env":	null,
    "exp_name":	"HER_mpi1_random_TD3Torch_PandaReach-v2",
    "logger":	null,
    "logger_kwargs":	{
        "exp_name":	"HER_mpi1_random_TD3Torch_PandaReach-v2",
        "output_dir":	"HER_DRLib_Torch_exps/2022-12-31_HER_mpi1_random_TD3Torch_PandaReach-v2/2022-12-31_04-08-56-HER_mpi1_random_TD3Torch_PandaReach-v2_s300"
    },
    "net":	null
}
bad
bad
bad
bad
bad
bad
right 6.767859290579896
bad
epoch: 0 	ep: 14 	ep_rew: -42.45952647937013 	time: 0.365 	done: 1
bad
bad
bad
bad
bad
right 0.5523594157844673
epoch: 0 	ep: 32 	ep_rew: -65.22931703927753 	time: 0.376 	done: 1
bad
bad
right 2.5812802929629974
epoch: 0 	ep: 40 	ep_rew: -38.51599287358958 	time: 0.314 	done: 1
right -1.8851698432472936
epoch: 0 	ep: 41 	ep_rew: -69.65521271123865 	time: 0.265 	done: 1
right 0.029982535150528733
epoch: 0 	ep: 43 	ep_rew: -46.01535437362584 	time: 0.363 	done: 1
bad
right 2.081313364825811
right 2.081313364825811
right 2.081313364825811
right 2.081313364825811
right 2.081313364825811
right 2.081313364825811
right 2.081313364825811
right 2.081313364825811
right 2.081313364825811
right 2.081313364825811
---------------------------------------
|             Epoch |               0 |
|             EpRet |           -35.1 |
|         EpRealRet |           -35.1 |
|         TestEpRet |           -72.3 |
|         AverageQ1 |           -26.8 |
|             StdQ1 |            10.4 |
|             MaxQ1 |          0.0113 |
|             MinQ1 |           -59.2 |
|                Q2 |           -26.7 |
|       TestSuccess |               1 |
| TotalEnvInteracts |        1.97e+05 |
|         TotalTime |            33.4 |
---------------------------------------
right -0.11632605328306411
epoch: 1 	ep: 3 	ep_rew: -63.174310395333734 	time: 0.355 	done: 1
bad
right 7.121497185120894
epoch: 1 	ep: 6 	ep_rew: -56.55531912757422 	time: 0.296 	done: 1
right -0.3241421193909222
epoch: 1 	ep: 7 	ep_rew: -79.043509684778 	time: 0.294 	done: 1
bad
bad
bad
bad
right 2.753906198864512
bad
epoch: 1 	ep: 12 	ep_rew: -38.913008855896734 	time: 0.294 	done: 1
bad
right -20.61619694725366
epoch: 1 	ep: 16 	ep_rew: -69.69359990000659 	time: 0.286 	done: 1
right 1.3882616547618625
bad
epoch: 1 	ep: 17 	ep_rew: -41.60407139892746 	time: 0.267 	done: 1
bad
bad
bad
bad
bad
right 0.2917178442536805
epoch: 1 	ep: 24 	ep_rew: -30.702604929263934 	time: 0.443 	done: 1
bad
