[36;1mSaving config:
[0m
{
    "args":	null,
    "env":	null,
    "exp_name":	"HER_mpi1_random_TD3Torch_PandaReach-v2",
    "logger":	null,
    "logger_kwargs":	{
        "exp_name":	"HER_mpi1_random_TD3Torch_PandaReach-v2",
        "output_dir":	"HER_DRLib_Torch_exps/2022-12-31_HER_mpi1_random_TD3Torch_PandaReach-v2/2022-12-31_04-56-19-HER_mpi1_random_TD3Torch_PandaReach-v2_s300"
    },
    "net":	null
}
bad
bad
bad
bad
bad
bad
bad
bad
bad
bad
bad
bad
bad
bad
->>>>>>>>>>>>>>>>>>>>>>>>>>>>>>>>>>>>>>>
---------------------------------------
|             Epoch |               0 |
|             EpRet |           -12.7 |
|         EpRealRet |           -12.7 |
|         TestEpRet |               0 |
|         AverageQ1 |           -44.2 |
|             StdQ1 |            10.2 |
|             MaxQ1 |          0.0113 |
|             MinQ1 |           -55.1 |
|                Q2 |           -44.1 |
|       TestSuccess |               0 |
| TotalEnvInteracts |        1.97e+05 |
|         TotalTime |              30 |
---------------------------------------
bad
bad
bad
bad
