[36;1mSaving config:
[0m
{
    "args":	null,
    "env":	null,
    "exp_name":	"HER_mpi1_random_TD3Torch_PandaReach-v2",
    "logger":	null,
    "logger_kwargs":	{
        "exp_name":	"HER_mpi1_random_TD3Torch_PandaReach-v2",
        "output_dir":	"HER_DRLib_Torch_exps/2023-02-27_HER_mpi1_random_TD3Torch_PandaReach-v2\\2023-02-27_10-29-32-HER_mpi1_random_TD3Torch_PandaReach-v2_s300"
    },
    "net":	null
}
right -15.025058546246107
right 0.5316237891883411
right -1.5011931617627852
bad
bad
right 0.5731286317397633
right -22.93026601347197
bad
bad
right -11.565243235179864
right -5.4490120064095535
right -0.2656987401757327
right -12.081347893458634
right 3.422665490114544
bad
right -5.689698542836041
bad
right -6.3849124747098
bad
bad
right -7.594040590169783
right -16.66411209159166
right -3.1848386323389057
right -16.724783945412693
right -0.32259068382042244
right 2.558774521188857
right 0.8627354393119404
right -1.6581268423699562
right 5.937034296915609
bad
right -3.328655880741282
right -22.157461797920377
right -9.602345400377217
bad
right -8.68181273040949
bad
right -34.11195700457323
bad
right -1.9436358805285625
right -12.66705958032922
bad
right -0.5291848228770579
right -28.5029249663704
right 1.0260418693364652
bad
right -3.054750251355804
right -7.054690107205065
right -4.054984492521299
right 1.2658483591323542
right 3.371588921903637
bad
right -26.45384492584779
right -11.966655588858327
right -11.280298453966182
right -7.8217802981707365
right -7.830929996396534
right -5.894008164494807
right 5.724669935317207
right -19.9290914056984
right 0.7207191195868106
right -9.291693419588999
right 7.392774425560394
bad
right 3.3340941076472728
right 1.0382708369509714
right 3.319247454014863
right 0.02302597461752498
right -11.660893184024545
right 2.200330742122497
right 6.86721122935672
right 5.715135561891368
bad
right 3.050750200892157
bad
bad
right 2.3737356731382953
right 2.3476495148436385
right 1.9613755159663437
bad
right 1.2672835001510698
---------------------------------------
|             Epoch |               0 |
|             EpRet |            -678 |
|         EpRealRet |            -678 |
|         TestEpRet |            -465 |
|         AverageQ1 |           -48.6 |
|             StdQ1 |            6.67 |
|             MaxQ1 |         -0.0493 |
|             MinQ1 |            -109 |
|                Q2 |           -48.6 |
|       TestSuccess |               0 |
| TotalEnvInteracts |        1.97e+05 |
|         TotalTime |             137 |
---------------------------------------
right -41.03674143701071
right 0.830934189468632
right 3.7988592941752364
right -12.007224300488716
right -3.5942678226001377
right -10.154007386072223
right -7.4550800670964605
right 3.3467284951867518
right -10.732810671765893
bad
right -13.188853617208647
right -1.4580913862895493
bad
right -11.458596974751124
right 1.5092832194171333
right -11.376712467460777
right -2.4675871801060527
right -6.767476155008044
bad
right 9.47997230085542
right -1.0132516837911254
right -1.4224686153001915
right -18.611617997624826
right -16.5643677456808
right -1.3136267951839624
right -56.76238256094358
right -6.353547353546084
bad
right -4.739612726269463
right -8.595677016619746
right -17.571059309095062
right 3.119434993307867
right -13.369355868296083
right 1.730489430505875
right 1.4242991713022608
bad
bad
right -66.83876842858277
right -3.9031629164314197
right 4.6325289537407555
right -34.93704117095018
right -0.8457359315934454
right -45.29245481592699
right 3.6999445079604616
bad
bad
right -10.160708260920007
bad
bad
right -0.6988812468278809
right 8.603516262819122
right -17.635418834742666
right 6.443880664541193
right -4.271451333314085
right -5.710113203401349
right 0.5599960941997484
right -5.3394513164128234
right -13.459147648732255
bad
---------------------------------------
|             Epoch |               1 |
|             EpRet |            -662 |
|         EpRealRet |            -662 |
|         TestEpRet |            -468 |
|         AverageQ1 |           -49.9 |
|             StdQ1 |           0.803 |
|             MaxQ1 |           -37.2 |
|             MinQ1 |           -57.4 |
|                Q2 |           -49.9 |
|       TestSuccess |               0 |
| TotalEnvInteracts |        3.98e+05 |
|         TotalTime |             276 |
---------------------------------------
right -12.768798480613786
right 6.150092263828579
right 4.35837651035262
right 1.1032663287187248
right -25.92560573687789
right -2.3200313955993437
right -13.78900714594485
right -16.66387985860455
right 1.7379397121674742
right -32.58946509514658
right -2.6175901940126316
right -2.478260390447989
right 6.684105826267082
right -5.277580564916221
right -21.916466632833128
right -1.595909514095581
bad
bad
bad
right -10.161840806952757
right 4.391152373547953
right 1.3253721251731054
right -45.241369431857976
right -5.171170687870783
right -3.3184748109107183
right -5.720179355914269
right -28.19272372480814
right -7.700231761727817
bad
right -0.5130483820672023
right 1.6782275279280796
right -5.347771511088199
right -20.67364771386967
right -13.262256311717046
right -14.615655470502674
right 0.3412257095792537
right -2.1564926918025957
right 0.3056798143942725
bad
right 0.8125814651716645
right -5.231557153093579
right -9.861014642211618
right 5.322720659687105
right -17.196590797898597
right -35.04910357938117
right -4.333532216827882
right -1.5798882899673927
right 1.8096239282413933
bad
right 5.04136908608879
right 4.221046171396068
right -12.391993259701543
right 7.655364602417132
right -1.0951577975776097
right 3.2282782448249367
right -8.566310128528542
bad
right 2.1053923094068345
right -5.688742437854472
bad
right 4.181359598451512
right 3.2387719906824497
right 1.4174265913280468
right -11.846523804628866
right -2.2835190161650516
right 5.698820995837527
right -7.15804544714587
right 2.2808018888171713
right 4.2471998106067055
bad
---------------------------------------
|             Epoch |               2 |
|             EpRet |            -650 |
|         EpRealRet |            -650 |
|         TestEpRet |            -615 |
|         AverageQ1 |           -49.9 |
|             StdQ1 |           0.872 |
|             MaxQ1 |           -35.7 |
|             MinQ1 |           -56.4 |
|                Q2 |           -49.9 |
|       TestSuccess |               0 |
| TotalEnvInteracts |        5.99e+05 |
|         TotalTime |             415 |
---------------------------------------
right -13.715558604439849
right -7.298654423777101
bad
right -1.0259438813730313
right -6.889783325651994
right -5.9596652444422915
right 4.503258444107501
right -0.6616154279443993
right -6.9023885976452775
right 2.42407197803065
right 1.4909583513690787
bad
bad
right 1.9321928436857885
bad
right 2.8979277607084057
right 1.490502012198485
right -0.9716663424277723
right -9.649976478974288
right -57.62411885771445
right -4.683611307720314
right -9.30134660013315
right -59.99551582611376
bad
right 5.495405282849733
bad
right -2.6174350692570485
bad
right 3.788206954447708
bad
bad
right -26.30669531297923
right 3.4016872522723975
right 4.763178172990539
right -0.7596678239019603
bad
bad
right -46.51870678454914
bad
bad
bad
right -8.628749298381223
bad
bad
right -40.0536595624518
right -56.69472292743117
right -1.8892129907454205
right -0.6946650580958806
right 0.587701203142343
right -13.104664664956776
right 1.3306056260919839
right -23.876111054970025
right 1.4398213569808824
bad
bad
right -1.835981367391195
right 3.920407257992432
bad
right 2.467098954266195
right 2.247245299639811
right -3.9895825029492986
right -22.703400492981984
right -24.065689324259303
right 1.6719621330341958
bad
right -0.7094355349289536
right -26.353502643468993
right -12.376676055131838
right 5.152957524990897
---------------------------------------
|             Epoch |               3 |
|             EpRet |            -566 |
|         EpRealRet |            -566 |
|         TestEpRet |            -624 |
|         AverageQ1 |           -49.9 |
|             StdQ1 |           0.887 |
|             MaxQ1 |           -35.1 |
|             MinQ1 |           -54.6 |
|                Q2 |           -49.9 |
|       TestSuccess |               0 |
| TotalEnvInteracts |           8e+05 |
|         TotalTime |             552 |
---------------------------------------
right -4.219210717327616
bad
right -1.0364558913312134
bad
right -27.325009994855378
right 5.861450826956739
bad
right -62.47673559007163
right -12.196985517729267
right -39.682601091487456
right -7.468752366762629
bad
right -20.436828167710882
right 7.846824260294655
right 2.2933456951688207
right -9.585919068843126
right 2.3287704640110505
right -4.700838123178777
right -2.1412738816476846
right -3.2269198391042497
bad
right -16.4644130791347
bad
right 5.62699001091913
right 4.627695234354645
right 5.8932576795471885
right -4.4525008917130755
right -10.30920689881011
bad
bad
right -10.53800081543351
right -9.011711093337361
right -10.302427332839525
right -27.180754666991987
right -32.44254407116852
bad
right -11.012393221843617
right -3.365334766066555
bad
bad
right -42.52470949347712
right -23.749082858311226
right -10.943159761492069
bad
right 4.189434862862029
right -3.5085777532030153
right 1.0201441947786414
bad
right 9.002947603275405
right -1.5459150250896094
right -9.212928730918463
right -7.992283261268206
right 2.6221160213300205
right 4.334417163933878
right -57.8126079538259
right 4.261606686311254
right 2.001107765288798
right -2.7748897512385167
right -31.640078682178448
right -3.360704397725369
right -13.22592303049101
right -9.510913345422065
right 7.668722332687147
right 4.308272122126794
right -11.043042101861037
right 4.416055403691741
right 1.6058412581303152
bad
---------------------------------------
|             Epoch |               4 |
|             EpRet |            -641 |
|         EpRealRet |            -641 |
|         TestEpRet |            -586 |
|         AverageQ1 |           -49.9 |
|             StdQ1 |           0.894 |
|             MaxQ1 |           -35.2 |
|             MinQ1 |           -55.6 |
|                Q2 |           -49.9 |
|       TestSuccess |               0 |
| TotalEnvInteracts |           1e+06 |
|         TotalTime |             689 |
---------------------------------------
right -7.623451655260176
bad
right 5.495210202081596
right -21.123452018997433
right 3.3796127652489973
right -12.600852898704161
right -11.185312685446817
right -0.7861303499410504
right 2.4719078073524354
right -3.8857847057220507
bad
right -6.392181889997026
right -20.324062971697963
right -150.3682190642714
bad
right -17.76388158307874
bad
right -11.341173334940574
right -5.307811395464942
bad
right 5.609064485707268
right 8.074889798827863
right 0.9881640455195964
right -25.057625476657222
bad
right 2.3061795441305044
right -0.4142222306643184
right -12.291055002814502
right -114.35263072270409
right -10.331875274028128
right 5.73910830682351
right 2.960997923850738
right -8.973645299677045
bad
right -25.043935391932877
right -17.981335610022544
right 0.9918315119515029
right -26.51382333022562
bad
right -53.24585534368647
right 3.5276955717248706
right -4.875406000838199
bad
bad
bad
right -1.357205417415642
right -32.44692166076425
right -8.544553421233324
right 4.96699439647009
right -1.6184044540184832
right -42.39573176364141
right -21.242132889268813
right 2.5898299745262685
bad
right -6.379826402731862
right 2.9795798737258936
right 8.735388932974374
right -4.131928933458578
right 2.145117951281426
right -4.611963003721012
right 5.372772753506471
right 1.545429604384358
right -0.8501647395123868
right 3.4448574358324704
right 3.373463792804081
right -10.286476276558219
right -36.40807405553484
right -14.463314610080346
right -22.877758502265266
right -23.959374207949402
right -29.232218745483834
right 2.6234870867841673
bad
right 0.9379471559606891
right -9.614854162578574
right 4.031135240410439
right -38.74873358942787
right 5.431599022870483
right -9.885536039159202
right -26.48996645343138
---------------------------------------
|             Epoch |               5 |
|             EpRet |            -591 |
|         EpRealRet |            -591 |
|         TestEpRet |            -675 |
|         AverageQ1 |           -49.8 |
|             StdQ1 |           0.942 |
|             MaxQ1 |             -35 |
|             MinQ1 |           -55.3 |
|                Q2 |           -49.8 |
|       TestSuccess |               0 |
| TotalEnvInteracts |         1.2e+06 |
|         TotalTime |             825 |
---------------------------------------
right -10.895063392345172
right -18.68322600092528
bad
bad
right -8.6334779578732
right -9.427493336043145
right 0.6039469792577776
right 1.500413222805573
right -6.267722995172321
right -1.4591580006097118
bad
bad
right -0.8690264947887645
right 3.8577167292608125
right -10.589734851914319
right -4.19499831715372
right 1.4083323397132848
right -3.5284853163952654
right -26.47818364072038
right 5.420238107392787
right 0.45358381760231303
right -2.6377193738891247
right -9.192850308970751
right -1.180246229421451
right -3.0951848838455724
bad
bad
right -0.6827354102937928
right -16.926417557702482
right -0.09584008341688843
right -27.668229762631135
right -28.347128362333834
right -10.098859545795023
right -16.17360843417407
right -11.265367279742922
right -5.424793174729745
right -27.015107079689322
right -18.47427713705372
right 4.98869263165194
right -3.0124116959899503
right -5.430857757243322
right -0.4465364586347391
bad
right 4.427291072609045
bad
right 0.3108595266354435
bad
right 5.477370308297429
right -8.994217045808362
right -0.08766110104876113
right -4.622280418480278
right -8.810980821726211
right 3.3578533137392395
bad
right -1.486697673630335
right -15.538133400251194
right 5.1736043808670376
right -14.630836116363
right -14.221970110915969
right -41.658520246201185
right -5.037343733859235
right -13.087365769597639
---------------------------------------
|             Epoch |               6 |
|             EpRet |            -591 |
|         EpRealRet |            -591 |
|         TestEpRet |            -623 |
|         AverageQ1 |           -49.8 |
|             StdQ1 |           0.938 |
|             MaxQ1 |           -36.1 |
|             MinQ1 |           -56.5 |
|                Q2 |           -49.8 |
|       TestSuccess |               0 |
| TotalEnvInteracts |         1.4e+06 |
|         TotalTime |             961 |
---------------------------------------
right -11.762292144170466
bad
right -10.288882465175774
right -4.732689553856236
bad
right -3.063747164236778
right -10.783305104924281
right 2.5522767700467996
bad
right 4.20560093543493
right -33.38551146185752
right 3.00677109863868
right -3.718344310754354
right -4.484573623793322
right -0.4562872422811104
right 0.695329576828323
bad
right -0.575331328028275
right -11.612164959972688
bad
right -4.0205000853938255
bad
right -4.061173741801278
bad
right -7.954698786228477
right 8.24708478622681
bad
right -6.498923525280006
right 2.5344042420382653
right 1.0351577538472085
right -8.677901555891392
right -13.550264316946713
right -4.900051675737894
right -0.5842477848632583
right -7.501397802867068
right -2.7706323386946323
right 0.9528261801456157
right 2.4978693852541536
right 2.112439004096335
right -13.374573030936496
right -3.6108431273417434
right 3.1795124472038294
right -18.330664411282577
right -54.29268559726316
right -4.892772939660887
right -4.031218640779544
right -70.45511180930012
right 3.2978233167611313
right -57.878521958585495
right 6.012921096410764
right -5.696609126112534
right -9.717669495586144
right -8.08027078181226
right 7.0817993734675255
right -6.410847739666043
right 4.7145971364062245
right -11.9103324765541
right -21.82599224197324
right -4.0141358880812845
right -13.799063645799833
right -2.9890531658917965
bad
right -21.401972407592396
right 8.30910267318471
right -9.984555779783054
right -12.334687511112485
bad
bad
right -21.93168525517095
right 1.8564389768938163
right -17.988448345743166
right 4.377802266869284
right -18.25750666957219
right -6.368780108768089
right -12.845399633521808
right -21.516896032632644
right 3.212170861697836
bad
right -16.19975533793042
right -26.975763344155986
right 2.945185320271686
right 3.958115714303874
right -14.315750546281386
---------------------------------------
|             Epoch |               7 |
|             EpRet |            -547 |
|         EpRealRet |            -547 |
|         TestEpRet |            -433 |
|         AverageQ1 |           -49.8 |
|             StdQ1 |           0.891 |
|             MaxQ1 |           -36.7 |
|             MinQ1 |           -58.9 |
|                Q2 |           -49.8 |
|       TestSuccess |               0 |
| TotalEnvInteracts |         1.6e+06 |
|         TotalTime |         1.1e+03 |
---------------------------------------
right -9.797838056805766
right 7.293989232460633
right -1.2645478372185508
right 5.107166786429593
bad
right -2.62875851429893
right -10.82646652124648
right 6.95892221150876
right -26.84217249421394
right 6.547098869914748
right 3.6428287690844634
right 5.986470059298395
right -31.17363383894692
right 3.71718278485607
bad
right 8.154559230773994
right 1.8473119725881162
right -2.3424435189689152
bad
right 3.012889962800492
right -4.732719618989945
right -2.886868976764541
right 3.6809985137739885
right 7.984931809463069
right 8.290823109217735
right -0.41966584286791964
right -14.176180497423736
right -16.306746595360252
bad
right 6.022420288476436
right -25.352794841626647
bad
right -12.424442181382425
right 4.2636765376359325
right 4.740133195202734
right -0.3922606029889941
right -13.763496429277975
bad
right 7.260236449252257
right 6.52103780309071
bad
right 4.794434237314219
right -5.165553409100914
right -7.043283646972629
right -52.644470365218766
right -24.227494006254197
right -31.365557326532837
right 7.059234257557662
right -8.275367480003208
right -3.6523445988559686
right 6.336191309228718
right -24.40998714983968
right -2.730340341734262
right -8.490836138433057
right -8.571405291712225
bad
right -18.31767761590011
right -17.886098674782115
right 0.8621177756029397
right 2.454337394326636
right -1.3075887316202195
right 0.9078597960515005
right -21.14478277641144
right -9.92696425656402
right 4.187216589782922
right -13.139864762339641
right -1.5627744819474128
right -7.056615819308345
bad
right -4.0878130353145465
right 7.093633027442712
bad
---------------------------------------
|             Epoch |               8 |
|             EpRet |            -591 |
|         EpRealRet |            -591 |
|         TestEpRet |            -600 |
|         AverageQ1 |           -49.8 |
|             StdQ1 |           0.919 |
|             MaxQ1 |           -36.3 |
|             MinQ1 |           -58.7 |
|                Q2 |           -49.8 |
|       TestSuccess |               0 |
| TotalEnvInteracts |         1.8e+06 |
|         TotalTime |        1.24e+03 |
---------------------------------------
right -19.560367870553286
right -6.28346558774874
right -1.9944395450828054
bad
right 2.9686090621931616
right -76.29547223226858
right 2.0257078537919293
bad
right 1.2522319817904641
right -103.06061624083347
right 5.605578347621832
right 0.18349944159865217
bad
right -34.197386921316316
right -0.669227396428786
right -10.296090835342369
bad
right -7.410755359775358
bad
right 8.123850778817857
right 1.5559024855821697
bad
right -7.569015514540361
right -24.356543604170547
right -9.497385966348418
right -10.229621471978511
bad
right 3.194926535120536
bad
right 1.5248162345575746
right -29.591987925267063
right -24.40841971364199
right -11.37207315066465
right -39.878616535870336
right -19.578872035364817
right -11.443931290010198
right 2.234545557481753
right 7.05537273707038
bad
right 5.432841489798416
bad
right 6.3826205156416
right -3.0009896591766
right 3.3840325844041477
right -5.26101852882271
right 6.739530076060931
right 6.099014172663245
right 4.721227777653713
right 5.071126492418603
bad
right -9.680025265672619
right -9.455804260891153
right -18.411052571826193
right -22.266079798915527
right 7.453184880299196
right 5.802989696485861
bad
right 5.578451029738577
right -2.568300054451207
right 6.6882665246460835
right 7.327964926967772
right 0.7433618542466398
right -43.502870091417876
bad
right 6.837692045529623
right -18.857136553104645
right -11.17387343744003
---------------------------------------
|             Epoch |               9 |
|             EpRet |            -635 |
|         EpRealRet |            -635 |
|         TestEpRet |            -554 |
|         AverageQ1 |           -49.8 |
|             StdQ1 |           0.926 |
|             MaxQ1 |           -37.6 |
|             MinQ1 |           -53.7 |
|                Q2 |           -49.8 |
|       TestSuccess |               0 |
| TotalEnvInteracts |        2.01e+06 |
|         TotalTime |        1.38e+03 |
---------------------------------------
bad
right -4.699550255132456
right -81.29522201647454
right -77.17118797986882
bad
right 3.9210292587092512
right -11.214766467402288
right -0.054051084208561306
right 3.006628215203734
bad
right 2.7081461260772812
right -6.4482338067220155
bad
right -4.753633721752525
right -4.325694018470296
bad
right 0.27461423595804213
right -2.424905064233716
right 6.234199094269075
bad
right 7.636847238572203
right -24.143690725378136
right -19.66727647016865
right -0.01199152472820586
right 8.286201746779941
bad
bad
bad
right -3.910646553900335
right -1.3757564606812789
right -1.5959766306330962
right -6.036687922108317
right -8.837317006237672
right 6.086828935061021
right -109.60161448046102
right -0.7963146964815238
bad
right 2.676720927448515
bad
right 4.465771022500956
right 6.84870601340271
right 0.3115867289534435
bad
right -11.147484841823978
right -20.83745392439257
right 6.027241522166366
right 7.0427906273172525
right -7.9601370693151345
right -10.407124450100195
bad
right 5.979667876831113
bad
right -11.7873935791065
right -16.734789178712106
right -0.6846369527616822
right -5.782882506027885
right -11.592987709846984
bad
right 4.802936364098789
right 2.253146128914297
---------------------------------------
|             Epoch |              10 |
|             EpRet |            -613 |
|         EpRealRet |            -613 |
|         TestEpRet |            -650 |
|         AverageQ1 |           -49.8 |
|             StdQ1 |           0.928 |
|             MaxQ1 |           -37.1 |
|             MinQ1 |           -54.7 |
|                Q2 |           -49.8 |
|       TestSuccess |               0 |
| TotalEnvInteracts |        2.21e+06 |
|         TotalTime |        1.52e+03 |
---------------------------------------
right -21.949914241634353
right -2.58207454597221
right -25.19501971501556
right 3.5804049120628445
right 5.600450622767674
right -15.33240306067647
right -10.000637724538556
right -4.361318035405601
right -15.730567433635244
right -5.778188140635766
right 6.108977710492132
right 7.77284856529414
right 1.9468748339050652
right 5.597504515691674
right 7.217348807696341
right 5.40158070180908
right -23.016857796108795
right 2.7114145817356423
right -18.102380265789964
right 9.533852619399518
right -17.11802932736041
right 7.040339602717346
right -5.9046800645586455
right 0.11730640562083217
right -5.0827452342391215
right -20.31284587803405
right 1.97621950878853
right -27.191053291519992
right -7.743442696487541
right 0.4859787750722404
right 5.1561336840226835
right 0.19895162842332148
right 2.156112086278414
right 5.97159646169434
right 2.1803815271399003
right 5.358851987427156
right -20.073194653565658
right -74.38153368521984
right -7.755771824647816
right 1.8818917158545094
right 2.7662725698490265
right -4.569402500441473
bad
right -0.43615463898292894
right -67.98368396787511
right -0.17598370296309795
right -2.5450354089628426
right 3.4877726175641834
right -16.151624096109174
bad
right -16.991757197441668
right 2.4802253536382457
right 4.593079339008929
right -1.6832168768810458
right -17.143220223035943
bad
right -9.15111857700363
right -2.779510909606609
right 2.016094249480079
right -11.124039302173493
right 1.1358346469209373
right 0.7406284897989277
right -4.560507758726061
right -4.064976445730377
right -29.281666683293395
right -14.581461195380967
right 5.945473431638522
right -32.85791102440055
bad
right 5.717217992017412
---------------------------------------
|             Epoch |              11 |
|             EpRet |            -666 |
|         EpRealRet |            -666 |
|         TestEpRet |            -601 |
|         AverageQ1 |           -49.8 |
|             StdQ1 |           0.931 |
|             MaxQ1 |           -36.9 |
|             MinQ1 |           -54.5 |
|                Q2 |           -49.8 |
|       TestSuccess |               0 |
| TotalEnvInteracts |        2.41e+06 |
|         TotalTime |        1.66e+03 |
---------------------------------------
right -1.222763170187731
bad
right -29.485535293415467
right -0.3157710718515023
right -12.578742041411086
bad
right 1.081809458240274
right -11.21131006706202
right 3.4235684669236086
bad
right -0.9789100494540861
right -5.034185021410762
right -10.746808811580806
right 0.8424426975755459
right 8.651153852965322
right 3.3279293629370796
bad
right 3.0946899912353096
right -12.05224474094242
right 2.3830553423337193
bad
right 4.134105986418465
right -5.097826806532499
right -18.59295489648419
right 3.8352631177842564
right -46.14809051675358
bad
bad
right -10.289693572722737
right 2.77063485925167
right 3.8707350449950306
right -5.560646810439769
right 2.6676239638594073
right 4.560927829057856
right -26.87402413813289
right -0.5105283667260689
right -13.089100725641316
right -15.468637557689696
right -14.497089787715108
right 0.5025419624721632
right -11.685759532998674
right 5.881549429058908
right -7.055652695267234
right 2.9571846813501947
bad
right 0.40897528585918685
right -55.63061962910213
right -0.08091088365268817
right 4.799544929739121
right -13.475871216894255
bad
right -1.183320213733774
right -13.950623389068305
right 5.5163235285868275
right -5.745505421950625
right 4.433006968835151
bad
right -14.870970946946475
right -4.188830818910894
bad
right -11.702774907639451
right -3.207547434476691
right -0.39008580080899513
right 1.5298898743281804
bad
bad
right -17.115035967688033
right -28.507641832605835
right 8.464294388640198
right -41.37333122363422
right -5.495972425739151
right -5.157984677316222
bad
bad
right 7.142829774588892
---------------------------------------
|             Epoch |              12 |
|             EpRet |            -633 |
|         EpRealRet |            -633 |
|         TestEpRet |            -481 |
|         AverageQ1 |           -49.8 |
|             StdQ1 |            0.94 |
|             MaxQ1 |           -36.3 |
|             MinQ1 |           -54.4 |
|                Q2 |           -49.8 |
|       TestSuccess |               0 |
| TotalEnvInteracts |        2.61e+06 |
|         TotalTime |         1.8e+03 |
---------------------------------------
right -9.547741366522068
right -2.167271250511021
right -11.343371096252142
bad
right 6.105104764087521
right 7.440381109000342
bad
right 7.2052942613028765
right 2.540899313445296
bad
bad
right 4.285658593947426
right -7.493747015484587
right -12.041742352619984
right -17.552903711467003
right -29.391491714474277
right -10.16936892647168
right 6.246310797818071
right 1.3763972524816044
right 7.694724720349312
right -55.15689356819132
right -2.021788878124136
right -14.725687218360978
bad
right -27.14328180543552
bad
right -28.869123652660925
right -3.512363660618183
right 5.106994903337501
right 6.629228359092919
right 3.7859075439048766
right -16.13154137748007
right -316.3798244246759
right 3.584946192019963
right -8.718657195288912
bad
right 5.073251229873989
right -10.93728023734322
bad
right -14.056441984370625
bad
right -1.1128923459857187
right 4.874126953588114
right 5.928880191719999
right -1.4698214985198081
right 0.8082654572011769
right -33.47436217550181
right -4.78329291271198
right -3.163956016171195
right -11.811068781822552
bad
bad
right 4.25832652755857
right -5.953983395116232
right -0.4077982423861357
bad
right 7.695873258380575
right -11.940598043083984
right -11.277126847232992
bad
right 3.8896908600166196
right -2.2774046481572228
right 4.319773028924468
bad
right -33.32629994781265
right -11.919726408677953
right -3.4788828456901815
right -34.383210717949346
right -6.964593380144418
right -14.358090043727628
right -7.491874090555683
right -26.070961800669096
right -12.782267372588429
right 7.7875882676159005
right -15.312575753918868
right 2.8231013559469638
right 6.471955810558752
right 4.156636745926442
right 6.157231587712058
---------------------------------------
|             Epoch |              13 |
|             EpRet |            -632 |
|         EpRealRet |            -632 |
|         TestEpRet |            -587 |
|         AverageQ1 |           -49.8 |
|             StdQ1 |           0.929 |
|             MaxQ1 |           -35.6 |
|             MinQ1 |           -55.2 |
|                Q2 |           -49.8 |
|       TestSuccess |               0 |
| TotalEnvInteracts |        2.81e+06 |
|         TotalTime |        1.94e+03 |
---------------------------------------
bad
right -51.94345347570867
right 6.086117457777878
right -1.5111583708923977
right 1.3074500621375442
right -6.8941930650189605
bad
bad
right -0.05968844948957752
right -14.944621088031344
right -11.060647272931924
right 2.5942879689291605
bad
right 3.8628532308153174
right -16.24365465763658
right 1.5281956463086193
right -24.11069278656622
bad
right 6.772473492134121
right -12.169436141673444
right 3.690529320171313
right -3.278978312761339
right -9.615497087492901
right -6.56353317197884
right 3.536745837910197
right 5.6103687781204705
right -12.05927081497817
right -4.273371204791845
right -7.735033022246473
bad
right -11.540358969658921
right -2.1721057772604304
right -1.7214955331862853
right 6.3102406206807276
bad
right 6.853289449079968
right 7.613468869754877
bad
right -20.291883302220626
right 3.685808431047704
right -6.458251735277429
right 3.0461766951713543
bad
right 5.570183298816975
right -13.828525684301013
right -2.8627970352251353
right -116.62332264038638
right -71.97054411930125
right 0.8054321264890945
right -49.643743653476406
right 2.9948311990150387
right 4.863002126950484
right 6.512090897030563
right -0.14250951182318872
right -11.844397820450435
right -18.071427465696726
right -12.221300965228458
right -12.262253524225425
right -2.1750088408773927
right 7.206143433034846
right -2.8957063716968694
right -13.406255560448848
right 5.717114104166097
right -14.759806228422555
right 3.7239536117439638
bad
right -5.70635794662242
right 5.662814722541306
right -2.222371621111467
bad
right -5.108220650838584
right 5.8871899737832125
right -14.415134356627085
---------------------------------------
|             Epoch |              14 |
|             EpRet |            -637 |
|         EpRealRet |            -637 |
|         TestEpRet |            -554 |
|         AverageQ1 |           -49.8 |
|             StdQ1 |            0.93 |
|             MaxQ1 |           -35.9 |
|             MinQ1 |           -55.5 |
|                Q2 |           -49.8 |
|       TestSuccess |               0 |
| TotalEnvInteracts |        3.01e+06 |
|         TotalTime |        2.08e+03 |
---------------------------------------
right -16.747180979663035
right -3.160676795700354
right -3.1531038931784554
right -10.77378382014496
right -2.3780211704842884
right -8.778500716963894
right 5.0252437937116765
right 2.5126283672542984
right -0.32884283831600314
right 6.181109411193682
right -5.869676911354889
right 3.620425744424674
right -2.8234678877595893
right -6.365265073919343
right -53.45835687937023
right 5.012064206871968
right -6.95405616223692
right -3.2615890099335445
right -28.166794805872122
right -42.13767057534363
right 1.6401592562613647
bad
right -6.9592470114329785
right 5.192372063302251
right -39.04074083154433
right -4.562810192246733
right -13.976778389257817
right -7.534623529578276
right -24.6116262040769
right -17.702893496594605
right -6.9594043305388915
bad
right 5.357875798237516
right -15.690928127504733
right 6.8845680462061445
right 0.3310444721130601
bad
right -6.285416153488178
bad
right -7.2919233150091465
bad
right -6.119720664683076
right -16.761405331494416
right -19.90466792838053
right -6.31569227207963
right -13.566745878945603
bad
right 5.998926636211952
right -16.68583950841453
right -6.6460525810564235
right -27.71951212976765
right -18.09620278395223
right 2.213756613663886
right -12.89960670774478
right -1.4754376376862481
right -3.7556996902878126
right -82.91261931964557
right 1.7968701398205145
right 8.678673040301119
right 4.26787474989709
bad
right -9.904643638455756
right 5.141989699144311
right 7.962927235982265
right 0.9314813249311769
right -48.62245382700341
right -21.275610361490838
right 4.781471301812022
right -30.64307161583534
right 4.4072846138527595
right 7.153000949856435
right -17.782594221881883
right 4.935374270120148
right 1.6200777650021632
right 6.721948669025828
right 4.728512019681346
right 7.1311787991559505
right -28.24807238442782
right 2.6099580845444015
right -6.725956907284637
right 5.366876925507139
right -19.254765481228446
right 1.3499722207551574
right -16.057386477698113
right -6.0215272779517015
---------------------------------------
|             Epoch |              15 |
|             EpRet |            -643 |
|         EpRealRet |            -643 |
|         TestEpRet |            -594 |
|         AverageQ1 |           -49.8 |
|             StdQ1 |           0.931 |
|             MaxQ1 |           -37.5 |
|             MinQ1 |           -55.4 |
|                Q2 |           -49.8 |
|       TestSuccess |               0 |
| TotalEnvInteracts |        3.21e+06 |
|         TotalTime |        2.22e+03 |
---------------------------------------
right 5.905054423612865
right -9.054620422102843
right -16.324411874185067
right -2.8063640563826358
right -48.27074459628506
right -65.25539026039473
right 4.797192966762529
right -2.1564725615171287
right 6.914639924584571
right -24.566907218001766
right 0.28307352066284075
bad
right -6.564605154829636
bad
bad
right 4.6849109444554315
right -10.328981135776601
right -35.26296445971787
right -26.90360742008911
bad
right 6.103681733071951
right 0.701616435357014
right -19.89059484423486
right 2.0215056264923934
right 2.922644567781438
right -8.050098392137386
right -22.911803602286234
right -9.21502451631629
right 5.712108169711929
right -14.54448122420282
right -17.407385864686486
right -42.570157805250155
right -55.43200715525754
right 3.1929891369260535
right -5.524541914888593
right -65.76364048042839
bad
right -46.14891082643144
right -23.004011447883116
right -36.0171993466622
right -3.3853242150856175
right -9.204805053140081
bad
right 0.007333729677739598
right -12.375712693352074
right 7.280892167639527
right -26.569029406227152
right 5.568577914750128
right -1.9090380949841155
right 0.07207535274007348
right 6.643175577093397
bad
right 6.918112565531856
right -5.279542721574572
bad
right 6.297394061258553
right 1.4214228291760929
bad
bad
right 4.460649341739096
right 4.181348373455136
right -17.623130875091153
right 7.084905726355895
right -29.000698901136474
right 5.886314220930537
right 5.2765745025877955
right 5.291994585830241
right 2.3493437389710596
bad
right 5.623124981884087
right -0.03482735229166245
right 0.4215607916418449
right -13.13118293627468
right -3.994221024121485
right -8.646198428574554
---------------------------------------
|             Epoch |              16 |
|             EpRet |            -615 |
|         EpRealRet |            -615 |
|         TestEpRet |            -505 |
|         AverageQ1 |           -49.8 |
|             StdQ1 |           0.923 |
|             MaxQ1 |           -37.3 |
|             MinQ1 |           -54.3 |
|                Q2 |           -49.8 |
|       TestSuccess |               0 |
| TotalEnvInteracts |        3.41e+06 |
|         TotalTime |        2.36e+03 |
---------------------------------------
right 3.766594297954984
bad
right 4.499685130601719
right -2.2449114846809604
right -1.2267163216107129
right 2.098969463499505
right -29.190580801073146
right -5.47307608555599
right -18.597421035091042
right -21.079535402911254
right 0.08494285125543044
bad
right 6.141054807940035
right 6.769974722710488
right -37.97470201759454
right 5.803531835942169
right 5.523729426132126
right 1.9324982165206777
right -0.20595014092860353
right 0.7740042357873058
bad
right -2.0925419902041185
right -7.462728594437255
right -29.3332857243509
right -19.47095181879874
right 7.820607968021694
right 4.215923108192393
right -24.201463471785715
right 4.792200937653236
right -1.4449058264799923
right -10.287822617491162
bad
bad
right -4.367661167505737
right -42.02958117880668
bad
right -18.77931184129357
right -0.35308495288025554
bad
right 6.035322252415617
right 0.019366995918886687
right -13.998360629479873
right -5.683600395731503
bad
right -16.29463664894597
bad
right 5.001566630821736
bad
bad
right 4.327532766421736
right -14.421569874259372
right -0.9811925743553385
right -0.5707656676490487
right -2.8613843684092934
bad
right 0.07546596487226331
right -17.52038371709181
right -5.584051347094823
right 6.200299000568046
right -5.359462640363802
bad
right 6.351571269622831
right -34.993546653110315
right 1.607888292980606
right -1.6561462525560167
bad
right 4.305232050117338
right 1.743491948940152
right 6.664285778999724
bad
right 7.204734792438798
bad
right 4.652777893137437
right 5.825601167835384
---------------------------------------
|             Epoch |              17 |
|             EpRet |            -591 |
|         EpRealRet |            -591 |
|         TestEpRet |            -451 |
|         AverageQ1 |           -49.8 |
|             StdQ1 |           0.944 |
|             MaxQ1 |           -37.3 |
|             MinQ1 |           -55.1 |
|                Q2 |           -49.8 |
|       TestSuccess |               0 |
| TotalEnvInteracts |        3.61e+06 |
|         TotalTime |         2.5e+03 |
---------------------------------------
right 4.871590074623963
right -7.369110681314808
