[36;1mSaving config:
[0m
{
    "args":	null,
    "env":	null,
    "exp_name":	"HER_mpi1_random_TD3Torch_PandaReach-v2",
    "logger":	null,
    "logger_kwargs":	{
        "exp_name":	"HER_mpi1_random_TD3Torch_PandaReach-v2",
        "output_dir":	"HER_DRLib_Torch_exps/2023-01-06_HER_mpi1_random_TD3Torch_PandaReach-v2/2023-01-06_14-00-23-HER_mpi1_random_TD3Torch_PandaReach-v2_s300"
    },
    "net":	null
}
begin->>> (0.7339736819267273, -0.5530350804328918, 0.01304825209081173) (0.68, 0.25, 0.3)
bad
midle [-0.013493420481681784, 0.20075877010822296, 0.07173793697729706]
re_midle [0.013493420481681784, -0.20075877010822296, -0.07173793697729706]
return (0.7549821138381958, -0.48897242546081543, 0.03845524042844772)
bad
begin->>> (0.7339736819267273, -0.5530350804328918, 0.01304825209081173) (0.68, 0.25, 0.3)
bad
midle [-0.013493420481681784, 0.20075877010822296, 0.07173793697729706]
re_midle [0.013493420481681784, -0.20075877010822296, -0.07173793697729706]
return (0.7549821138381958, -0.48897242546081543, 0.03845524042844772)
begin->>> (0.7339736819267273, -0.5530350804328918, 0.01304825209081173) (0.68, 0.25, 0.3)
bad
midle [-0.013493420481681784, 0.20075877010822296, 0.07173793697729706]
re_midle [0.013493420481681784, -0.20075877010822296, -0.07173793697729706]
return (0.7549821138381958, -0.48897242546081543, 0.03845524042844772)
begin->>> (0.7339736819267273, -0.5530350804328918, 0.01304825209081173) (0.68, 0.25, 0.3)
bad
midle [-0.013493420481681784, 0.20075877010822296, 0.07173793697729706]
re_midle [0.013493420481681784, -0.20075877010822296, -0.07173793697729706]
return (0.7549821138381958, -0.48897242546081543, 0.03845524042844772)
bad
begin->>> (0.7339736819267273, -0.5530350804328918, 0.01304825209081173) (0.68, 0.25, 0.3)
bad
midle [-0.013493420481681784, 0.20075877010822296, 0.07173793697729706]
re_midle [0.013493420481681784, -0.20075877010822296, -0.07173793697729706]
return (0.7549821138381958, -0.48897242546081543, 0.03845524042844772)
begin->>> (0.7339736819267273, -0.5530350804328918, 0.01304825209081173) (0.68, 0.25, 0.3)
bad
midle [-0.013493420481681784, 0.20075877010822296, 0.07173793697729706]
re_midle [0.013493420481681784, -0.20075877010822296, -0.07173793697729706]
return (0.7549821138381958, -0.48897242546081543, 0.03845524042844772)
begin->>> (0.7339736819267273, -0.5530350804328918, 0.01304825209081173) (0.68, 0.25, 0.3)
bad
midle [-0.013493420481681784, 0.20075877010822296, 0.07173793697729706]
re_midle [0.013493420481681784, -0.20075877010822296, -0.07173793697729706]
return (0.7549821138381958, -0.48897242546081543, 0.03845524042844772)
begin->>> (0.7339736819267273, -0.5530350804328918, 0.01304825209081173) (0.68, 0.25, 0.3)
bad
midle [-0.013493420481681784, 0.20075877010822296, 0.07173793697729706]
re_midle [0.013493420481681784, -0.20075877010822296, -0.07173793697729706]
return (0.7549821138381958, -0.48897242546081543, 0.03845524042844772)
bad
begin->>> (0.7339736819267273, -0.5530350804328918, 0.01304825209081173) (0.68, 0.25, 0.3)
bad
midle [-0.013493420481681784, 0.20075877010822296, 0.07173793697729706]
re_midle [0.013493420481681784, -0.20075877010822296, -0.07173793697729706]
return (0.7549821138381958, -0.48897242546081543, 0.03845524042844772)
begin->>> (0.7339736819267273, -0.5530350804328918, 0.01304825209081173) (0.68, 0.25, 0.3)
bad
midle [-0.013493420481681784, 0.20075877010822296, 0.07173793697729706]
re_midle [0.013493420481681784, -0.20075877010822296, -0.07173793697729706]
return (0.7549821138381958, -0.48897242546081543, 0.03845524042844772)
begin->>> (0.7339736819267273, -0.5530350804328918, 0.01304825209081173) (0.68, 0.25, 0.3)
bad
midle [-0.013493420481681784, 0.20075877010822296, 0.07173793697729706]
re_midle [0.013493420481681784, -0.20075877010822296, -0.07173793697729706]
return (0.7549821138381958, -0.48897242546081543, 0.03845524042844772)
begin->>> (0.7339736819267273, -0.5530350804328918, 0.01304825209081173) (0.68, 0.25, 0.3)
bad
midle [-0.013493420481681784, 0.20075877010822296, 0.07173793697729706]
re_midle [0.013493420481681784, -0.20075877010822296, -0.07173793697729706]
return (0.7549821138381958, -0.48897242546081543, 0.03845524042844772)
begin->>> (0.7339736819267273, -0.5530350804328918, 0.01304825209081173) (0.68, 0.25, 0.3)
bad
midle [-0.013493420481681784, 0.20075877010822296, 0.07173793697729706]
re_midle [0.013493420481681784, -0.20075877010822296, -0.07173793697729706]
return (0.7549821138381958, -0.48897242546081543, 0.03845524042844772)
