[36;1mSaving config:
[0m
{
    "args":	null,
    "env":	null,
    "exp_name":	"HER_mpi1_random_TD3Torch_PandaReach-v2",
    "logger":	null,
    "logger_kwargs":	{
        "exp_name":	"HER_mpi1_random_TD3Torch_PandaReach-v2",
        "output_dir":	"HER_DRLib_Torch_exps/2023-01-06_HER_mpi1_random_TD3Torch_PandaReach-v2/2023-01-06_16-31-03-HER_mpi1_random_TD3Torch_PandaReach-v2_s300"
    },
    "net":	null
}
begin->>> (0.7361989617347717, -0.5551938414573669, 0.19635266065597534)
bad
adjusting
return (0.7332634925842285, -0.552966296672821, 0.1965056210756302)
bad
begin->>> (0.7361989617347717, -0.5551938414573669, 0.19635266065597534)
bad
adjusting
return (0.7332634925842285, -0.552966296672821, 0.1965056210756302)
begin->>> (0.7361989617347717, -0.5551938414573669, 0.19635266065597534)
bad
adjusting
return (0.7332634925842285, -0.552966296672821, 0.1965056210756302)
begin->>> (0.7361989617347717, -0.5551938414573669, 0.19635266065597534)
bad
adjusting
return (0.7332634925842285, -0.552966296672821, 0.1965056210756302)
bad
begin->>> (0.7361989617347717, -0.5551938414573669, 0.19635266065597534)
bad
adjusting
return (0.7332634925842285, -0.552966296672821, 0.1965056210756302)
begin->>> (0.7361989617347717, -0.5551938414573669, 0.19635266065597534)
bad
adjusting
return (0.7332634925842285, -0.552966296672821, 0.1965056210756302)
begin->>> (0.7361989617347717, -0.5551938414573669, 0.19635266065597534)
bad
adjusting
return (0.7332634925842285, -0.552966296672821, 0.1965056210756302)
begin->>> (0.7361989617347717, -0.5551938414573669, 0.19635266065597534)
bad
adjusting
return (0.7332634925842285, -0.552966296672821, 0.1965056210756302)
bad
begin->>> (0.7361989617347717, -0.5551938414573669, 0.19635266065597534)
bad
adjusting
return (0.7332634925842285, -0.552966296672821, 0.1965056210756302)
