[36;1mSaving config:
[0m
{
    "args":	null,
    "env":	null,
    "exp_name":	"HER_mpi1_random_TD3Torch_PandaReach-v2",
    "logger":	null,
    "logger_kwargs":	{
        "exp_name":	"HER_mpi1_random_TD3Torch_PandaReach-v2",
        "output_dir":	"HER_DRLib_Torch_exps/2023-01-06_HER_mpi1_random_TD3Torch_PandaReach-v2/2023-01-06_16-28-03-HER_mpi1_random_TD3Torch_PandaReach-v2_s300"
    },
    "net":	null
}
begin->>> (0.7339736819267273, -0.5530350804328918, 0.01304825209081173)
bad
adjusting
adjusting
adjusting
return (0.7115294933319092, -0.5361289381980896, 0.02046624757349491)
bad
begin->>> (0.7339736819267273, -0.5530350804328918, 0.01304825209081173)
bad
adjusting
adjusting
adjusting
return (0.7115294933319092, -0.5361289381980896, 0.02046624757349491)
begin->>> (0.7339736819267273, -0.5530350804328918, 0.01304825209081173)
bad
adjusting
adjusting
adjusting
return (0.7115294933319092, -0.5361289381980896, 0.02046624757349491)
begin->>> (0.7339736819267273, -0.5530350804328918, 0.01304825209081173)
bad
adjusting
adjusting
adjusting
return (0.7115294933319092, -0.5361289381980896, 0.02046624757349491)
bad
begin->>> (0.7339736819267273, -0.5530350804328918, 0.01304825209081173)
bad
adjusting
adjusting
adjusting
return (0.7115294933319092, -0.5361289381980896, 0.02046624757349491)
begin->>> (0.7339736819267273, -0.5530350804328918, 0.01304825209081173)
bad
adjusting
adjusting
adjusting
return (0.7115294933319092, -0.5361289381980896, 0.02046624757349491)
begin->>> (0.7339736819267273, -0.5530350804328918, 0.01304825209081173)
bad
adjusting
adjusting
adjusting
return (0.7115294933319092, -0.5361289381980896, 0.02046624757349491)
begin->>> (0.7339736819267273, -0.5530350804328918, 0.01304825209081173)
bad
adjusting
adjusting
adjusting
return (0.7115294933319092, -0.5361289381980896, 0.02046624757349491)
bad
begin->>> (0.7339736819267273, -0.5530350804328918, 0.01304825209081173)
bad
adjusting
adjusting
adjusting
return (0.7115294933319092, -0.5361289381980896, 0.02046624757349491)
begin->>> (0.7339736819267273, -0.5530350804328918, 0.01304825209081173)
bad
adjusting
adjusting
adjusting
return (0.7115294933319092, -0.5361289381980896, 0.02046624757349491)
begin->>> (0.7339736819267273, -0.5530350804328918, 0.01304825209081173)
bad
adjusting
adjusting
adjusting
return (0.7115294933319092, -0.5361289381980896, 0.02046624757349491)
