[36;1mSaving config:
[0m
{
    "args":	null,
    "env":	null,
    "exp_name":	"HER_mpi1_random_TD3Torch_PandaReach-v2",
    "logger":	null,
    "logger_kwargs":	{
        "exp_name":	"HER_mpi1_random_TD3Torch_PandaReach-v2",
        "output_dir":	"HER_DRLib_Torch_exps/2023-01-06_HER_mpi1_random_TD3Torch_PandaReach-v2/2023-01-06_16-30-37-HER_mpi1_random_TD3Torch_PandaReach-v2_s300"
    },
    "net":	null
}
begin->>> (0.7383790016174316, -0.557307243347168, 0.10462287813425064)
bad
adjusting
return (0.7257173657417297, -0.5477381348609924, 0.10705574601888657)
bad
begin->>> (0.7383790016174316, -0.557307243347168, 0.10462287813425064)
bad
adjusting
return (0.7257173657417297, -0.5477381348609924, 0.10705574601888657)
begin->>> (0.7383790016174316, -0.557307243347168, 0.10462287813425064)
bad
adjusting
return (0.7257173657417297, -0.5477381348609924, 0.10705574601888657)
begin->>> (0.7383790016174316, -0.557307243347168, 0.10462287813425064)
bad
adjusting
return (0.7257173657417297, -0.5477381348609924, 0.10705574601888657)
bad
begin->>> (0.7383790016174316, -0.557307243347168, 0.10462287813425064)
bad
adjusting
return (0.7257173657417297, -0.5477381348609924, 0.10705574601888657)
begin->>> (0.7383790016174316, -0.557307243347168, 0.10462287813425064)
bad
adjusting
return (0.7257173657417297, -0.5477381348609924, 0.10705574601888657)
begin->>> (0.7383790016174316, -0.557307243347168, 0.10462287813425064)
bad
adjusting
return (0.7257173657417297, -0.5477381348609924, 0.10705574601888657)
