[36;1mSaving config:
[0m
{
    "args":	null,
    "env":	null,
    "exp_name":	"HER_mpi1_random_TD3Torch_PandaReach-v2",
    "logger":	null,
    "logger_kwargs":	{
        "exp_name":	"HER_mpi1_random_TD3Torch_PandaReach-v2",
        "output_dir":	"HER_DRLib_Torch_exps/2023-01-06_HER_mpi1_random_TD3Torch_PandaReach-v2/2023-01-06_15-14-49-HER_mpi1_random_TD3Torch_PandaReach-v2_s300"
    },
    "net":	null
}
begin->>> (0.7339736819267273, -0.5530350804328918, 0.01304825209081173)
bad
return (0.711176335811615, -0.5358473062515259, 0.020600587129592896)
bad
begin->>> (0.7339736819267273, -0.5530350804328918, 0.01304825209081173)
bad
return (0.711176335811615, -0.5358473062515259, 0.020600587129592896)
begin->>> (0.7339736819267273, -0.5530350804328918, 0.01304825209081173)
bad
return (0.711176335811615, -0.5358473062515259, 0.020600587129592896)
