[36;1mSaving config:
[0m
{
    "args":	null,
    "env":	null,
    "exp_name":	"HER_mpi1_random_TD3Torch_PandaReach-v2",
    "logger":	null,
    "logger_kwargs":	{
        "exp_name":	"HER_mpi1_random_TD3Torch_PandaReach-v2",
        "output_dir":	"HER_DRLib_Torch_exps/2023-02-24_HER_mpi1_random_TD3Torch_PandaReach-v2\\2023-02-24_15-40-14-HER_mpi1_random_TD3Torch_PandaReach-v2_s300"
    },
    "net":	null
}
bad
right -17.200370565245592
right -26.85038682414345
right -18.912352969795407
right -19.00570193171034
right -17.92214096121301
right -14.642622908644391
right -22.403391544434406
right -26.681074116697012
right -19.573229986666412
right -16.938682181445387
right -17.37465463415067
right -17.45825965611334
right -16.038665374900823
right -26.187065765132793
right -17.064057690055257
bad
right -19.169497167989277
right -9.895751553316842
right -9.963444160919032
right -7.9458512815346545
right -7.774942485848243
right -7.4682338495136165
---------------------------------------
|             Epoch |               0 |
|             EpRet |            -134 |
|         EpRealRet |            -134 |
|         TestEpRet |           -73.6 |
|         AverageQ1 |           -43.5 |
|             StdQ1 |            9.65 |
|             MaxQ1 |        -0.00713 |
|             MinQ1 |           -89.3 |
|                Q2 |           -43.6 |
|       TestSuccess |               0 |
| TotalEnvInteracts |        1.97e+05 |
|         TotalTime |             100 |
---------------------------------------
right -16.949971996408728
right -29.44244940850607
right -15.634553133193837
right -20.74156707174545
right -11.417973345975167
right -0.7462241901927982
right -13.187172276963118
bad
right -24.358139144135826
right 1.8189075725951867
right -22.664477681918477
right -22.87452481343631
right -21.234730035378632
right 3.789898958748104
right -7.995934420089064
right -14.243031858708516
bad
right -23.68388359105517
right -24.421246458267532
right -14.177282857086666
right -25.95430276285323
right -15.95346249736247
right -0.7775139876339505
right -22.74522316240573
right -14.337643650923951
bad
right -15.025082105062687
right -21.80934464688501
right -20.60177337605179
right -19.233664230409726
bad
right -32.66778785370134
bad
right -14.350011645220171
right -87.27060133065106
right -4.86716109055283
right -23.99833718560763
right -16.838458082030343
---------------------------------------
|             Epoch |               1 |
|             EpRet |            -163 |
|         EpRealRet |            -163 |
|         TestEpRet |           -89.2 |
|         AverageQ1 |           -42.8 |
|             StdQ1 |            10.4 |
|             MaxQ1 |             6.1 |
|             MinQ1 |           -77.4 |
|                Q2 |           -42.8 |
|       TestSuccess |               0 |
| TotalEnvInteracts |        3.98e+05 |
|         TotalTime |             218 |
---------------------------------------
bad
right -1.468867267802736
right -19.072777102758
bad
0.24275171855731545 0.4566904412109298
bad
right -17.759172471050046
right -16.639200440418634
right 1.9063631527028146
right -19.468302447020164
right 3.6731683405467503
right -4.523914374208463
right -20.927817252118523
right -18.529395658777794
right 0.5429901931276255
right -11.757223999099828
right -21.038173208037264
right 2.078031546242693
right -11.571618004269844
bad
right -14.33646358172868
right -3.3295448365414835
right 0.8359384828356085
right -6.325571331444081
right -1.125214529594416
right -7.66156522257868
right 6.977889342196673
right -9.102666623616638
right -21.893301648195088
right -6.71863161265815
right -19.863474491952836
right -5.025683310888255
right -18.90465233510151
right -13.096876274050718
right -18.250398672964856
right -26.27729433297035
---------------------------------------
|             Epoch |               2 |
|             EpRet |            -174 |
|         EpRealRet |            -174 |
|         TestEpRet |           -40.3 |
|         AverageQ1 |           -41.6 |
|             StdQ1 |            11.8 |
|             MaxQ1 |            6.52 |
|             MinQ1 |           -79.8 |
|                Q2 |           -41.6 |
|       TestSuccess |               0 |
| TotalEnvInteracts |        5.99e+05 |
|         TotalTime |             337 |
---------------------------------------
right -20.04647609690645
right 1.7456211514348912
right -19.126194265327598
right -23.454692164993638
right -9.734808116158565
0.13897360622007918 0.5485161357682068
bad
bad
bad
bad
bad
right -19.79698580953194
right -23.39954179396299
right -16.27555809733762
right -15.045598399573361
right -15.714170975695563
right -15.371599365827585
right -7.224028392924367
right -18.28128806161045
right -16.328201692888655
right -13.675457982067325
right -11.152348764938843
right -13.506423988489011
right -15.663306132598315
right -22.211099347336194
bad
right -3.2322357691933927
right -4.836003058910192
right -15.335952308756053
right -19.193265830040012
right -9.381272149745769
right -16.90049876145664
right -7.567075918989893
right -22.528459782773936
right -14.433309744214778
right -7.939852083807885
right -20.103816252421524
bad
right -31.624326077416136
right 0.08962047595657907
right -29.22111729349298
right -5.069518973472032
right -7.116083433946155
right -23.767066049797933
right -7.6540824935324
right -7.113322907102436
---------------------------------------
|             Epoch |               3 |
|             EpRet |            -163 |
|         EpRealRet |            -163 |
|         TestEpRet |           -93.5 |
|         AverageQ1 |           -39.5 |
|             StdQ1 |            14.4 |
|             MaxQ1 |             7.5 |
|             MinQ1 |           -94.3 |
|                Q2 |           -39.5 |
|       TestSuccess |               0 |
| TotalEnvInteracts |           8e+05 |
|         TotalTime |             455 |
---------------------------------------
right -29.7280576846156
right -18.95822555024653
right -17.92072484946281
right -19.104284703244115
right 9.022167896840362
right -15.163540022994425
right -22.086454411295
right 1.7209021005457696
bad
right -13.173052291469812
right 6.121128236524815
right -6.316377555478599
right -15.456115909399951
right -10.567808654040682
right 0.47227977333435334
right -19.220757531397776
right -16.526396264197857
right -0.6343288638988156
bad
right -21.84398758453554
right 5.469421190159255
right -26.855910182175272
right -22.720909716760943
right -4.487731785868071
0.399574070764163 0.41204857957793994
bad
right -24.831993648176798
right -6.903462243259288
right -15.733437487228258
0.06416013941909512 0.3208626609694169
bad
right -16.412284360886353
right -9.487787342770947
right -24.056289981911355
right -27.33161396657041
right -3.0845400481574874
right -4.986849947542316
right -10.437707838187254
right 3.9046372680215446
right -17.646505334510245
right -11.324329672599912
right -17.668042145412617
right -23.78577915108469
right -13.46466760545768
right -30.843955366734434
right -23.307401491126114
---------------------------------------
|             Epoch |               4 |
|             EpRet |            -149 |
|         EpRealRet |            -149 |
|         TestEpRet |           -88.5 |
|         AverageQ1 |           -40.2 |
|             StdQ1 |            13.8 |
|             MaxQ1 |            12.1 |
|             MinQ1 |           -78.4 |
|                Q2 |           -40.2 |
|       TestSuccess |               0 |
| TotalEnvInteracts |           1e+06 |
|         TotalTime |             583 |
---------------------------------------
right -16.64019135258965
bad
right 0.8458260386335699
right -26.56345236134574
right -21.214274178187033
right -14.140250371937043
right -3.0913602399074556
right -3.9824159001495385
right -5.529367487754115
right -11.393648024430341
right -6.75781839190882
right -11.112369830352304
bad
right -12.987813762946075
bad
right -15.265136725774234
right -15.766957107989224
right -5.197590027514146
right -1.9414248969402017
right -10.360742241699
right -12.743329811117519
bad
right -10.147300906127722
right -11.060782246133115
right -20.058410431671252
right -7.657289683690344
right -13.760336542519198
right -7.282035026397779
right -2.8448194871483867
right -7.670799503102643
right -20.920436076097833
right -2.0727716262881977
bad
right -16.711409056889096
right -17.533896956662836
right -13.0497231459588
bad
right -25.2641266190645
bad
right -18.808813430385495
right -1.6890360034594174
bad
---------------------------------------
|             Epoch |               5 |
|             EpRet |            -161 |
|         EpRealRet |            -161 |
|         TestEpRet |           -77.7 |
|         AverageQ1 |           -39.5 |
|             StdQ1 |            14.3 |
|             MaxQ1 |            16.1 |
|             MinQ1 |           -70.5 |
|                Q2 |           -39.5 |
|       TestSuccess |               0 |
| TotalEnvInteracts |         1.2e+06 |
|         TotalTime |             697 |
---------------------------------------
right -13.436315662419183
right -25.816856956469792
right -19.38017324211291
right -10.913893972350483
right 3.1794499941885315
right -10.497760480715733
right -10.161891725169681
right -13.952835759384552
right -9.801186779672697
right -15.565473693233997
right 8.569769258743229
right -8.468143233779632
right -72.86913486064557
bad
right -11.233692014677953
right -12.254930225976075
right -11.616707814734127
right -10.962945849660258
right -20.74693021308287
right -4.61924604724312
right -0.5575874798183005
right -20.1581537325521
right -20.862083321834636
right -10.960831296697041
right -12.223193717733128
right -2.107315838310315
right -20.401290704481386
right -14.988330942520044
right -2.374643214154311
right -14.238275227361058
right -19.924136196579745
0.06061129633593347 0.49497452734984937
bad
right -25.879649471080825
right -20.187852621593038
right -18.522065103066264
right -1.915368476265213
right 0.7662233411162234
right -16.418858528003582
right -4.378312876575999
right -14.678749715874268
right -3.378410446055293
right -3.4280460822377385
bad
---------------------------------------
|             Epoch |               6 |
|             EpRet |            -164 |
|         EpRealRet |            -164 |
|         TestEpRet |            -126 |
|         AverageQ1 |           -40.3 |
|             StdQ1 |            13.4 |
|             MaxQ1 |            6.03 |
|             MinQ1 |           -75.5 |
|                Q2 |           -40.3 |
|       TestSuccess |               0 |
| TotalEnvInteracts |         1.4e+06 |
|         TotalTime |             863 |
---------------------------------------
right -24.09763637899428
right -9.895126297964282
right -19.826187806058453
right -7.494153615162368
bad
right -4.253106923517503
right -10.133420653140309
right -13.808729660476548
right -10.64719664744942
right -22.92991056287123
right -5.322354676138181
bad
right -17.41473008661412
right -22.504755552585983
right -23.93351033842658
right 0.34607340588791935
right -12.574394977378084
right -2.9049949914231696
right -7.159221411873784
right -19.00476906402057
right -5.865161490919608
right -28.064280593204053
bad
bad
right -12.22679093047736
right -14.423690662120801
right -10.592547759674034
right -13.227357371088885
right -2.8601461987738404
right -2.4929759791337247
right -13.628178504965028
right -1.6591175900048523
right -41.73813453965528
bad
right -15.652583162627977
right -24.294852625833137
right -2.666576775327316
right -12.899863344593232
bad
right -15.014262331117184
right -7.696033621088418
right -20.15126321147385
right -10.745120323543741
right -14.27440909907834
right 4.603821997158945
right -7.9355479871298975
right -21.88849021037448
right -4.272253056025718
right -2.8720982154316026
right -7.441330055490813
right -9.440578911248714
right -38.236037333435114
bad
---------------------------------------
|             Epoch |               7 |
|             EpRet |            -173 |
|         EpRealRet |            -173 |
|         TestEpRet |           -66.1 |
|         AverageQ1 |           -40.9 |
|             StdQ1 |            12.8 |
|             MaxQ1 |            4.03 |
|             MinQ1 |           -68.6 |
|                Q2 |           -40.9 |
|       TestSuccess |               0 |
| TotalEnvInteracts |         1.6e+06 |
|         TotalTime |        1.01e+03 |
---------------------------------------
right -19.142604449060627
right -8.38124818218223
bad
right -17.163309185466158
right -18.65111282253844
right -12.536042725968336
bad
right -9.886946406907246
right -14.039053512191003
bad
bad
right -4.581041985046916
right -15.545799482065522
right -4.816097587744823
bad
0.25504497355707206 0.5673084952478843
bad
right -32.24214063249629
right -6.6833478140124924
right -20.941026435341307
right 0.37657127277478963
right -9.784836539674831
right -21.447452177291982
right -1.1523924864952662
right -4.0943059223573535
0.23439872060180203 0.3940166658880848
bad
right -13.566475006741321
right -12.037032888990993
right -18.572601094514845
right -7.201107721246746
right -28.86413974951943
right -17.787970948203466
right -18.291206323332396
right -14.957280722268731
right -9.64222162995711
right -6.69742486524126
right -13.408196338362156
right -16.326784557840426
right -8.848460740735195
right -2.601974433676272
right -17.042591358781053
right -4.686681937984144
right -7.738852900273255
right -4.865772862393092
right -19.341443342932664
right -4.835202426671607
0.5482514485292065 0.596630393855265
bad
right 1.00741390261671
right -14.357373358139508
0.37667069581519375 0.5908866683236295
bad
right -23.928179229039756
right -8.417575295309902
right 4.635596608242489
right -10.322535671101637
right -4.007935510969304
right -31.176526312257167
bad
---------------------------------------
|             Epoch |               8 |
|             EpRet |            -169 |
|         EpRealRet |            -169 |
|         TestEpRet |            -136 |
|         AverageQ1 |           -40.2 |
|             StdQ1 |            13.4 |
|             MaxQ1 |            10.1 |
|             MinQ1 |           -86.2 |
|                Q2 |           -40.2 |
|       TestSuccess |               0 |
| TotalEnvInteracts |         1.8e+06 |
|         TotalTime |         1.2e+03 |
---------------------------------------
right -19.819137008006283
right -30.381364206673915
right -27.90796057918265
right -2.0835964996351706
right -8.988017431443772
right 5.263346827410541
right -27.710972979146057
right 2.806427675418714
right -9.882332518054543
right -6.250460094282285
right -13.13475316816648
bad
right -15.462318933388008
right -21.073747817037027
right -12.790684389216601
right -3.6759864178579438
right -12.79060823280642
right -5.829114237246056
right -18.01217442288362
right -17.943209009945708
right -3.593102280713003
right -6.05924631106182
right -17.69772573795191
right -13.70000792036381
right -4.593032944004818
right -17.949997801768983
right -8.725213508863817
right -23.5550933209474
right -2.973443868544363
bad
right -23.586170112247586
right -16.512875078144845
right -14.552634711799875
bad
right -16.445524451577175
right -8.541098839409479
right -2.1433168718681976
right -17.520180729184776
right -11.63480663039321
right -30.859538051732486
right -31.491768404994815
right -14.466556004986906
right -0.24591316134508645
right -25.782719792867383
right -14.15428443119767
right 6.0326645330588935
bad
right -29.853444873416947
bad
right -15.01739906382356
right -20.215703573845367
right -21.56774574458506
right -10.045272945147708
right -2.1268858454370427
right -6.987834581527839
right -1.7112208770434538
right 6.128289107880356
right -12.404333924580037
right -17.39742761251167
right -16.533240000116077
right -18.03819169996451
right -5.096203889469793
right -2.838563152852407
---------------------------------------
|             Epoch |               9 |
|             EpRet |            -179 |
|         EpRealRet |            -179 |
|         TestEpRet |            -120 |
|         AverageQ1 |           -40.3 |
|             StdQ1 |            13.2 |
|             MaxQ1 |            8.65 |
|             MinQ1 |           -72.7 |
|                Q2 |           -40.3 |
|       TestSuccess |               0 |
| TotalEnvInteracts |        2.01e+06 |
|         TotalTime |        1.39e+03 |
---------------------------------------
right -13.288234893399085
right -4.855865425376219
right -12.078952455088675
right -0.3961422468227376
bad
right 1.4601151515928557
bad
right -11.29084389213498
right -18.47571694554832
right 2.3197414721639396
right -21.27833433264847
bad
right -31.462391507556482
right 4.698682134364173
bad
right -9.622064678863563
right -13.826584129326953
right -19.950174031286885
right -5.418344779729114
right -14.983742695548372
right 1.3650113425231822
right -24.010485676092543
right -14.040685535859847
right -19.347128716739753
right -6.0233335133221
right -20.566532461514488
right -15.761935299175338
right -12.211161026744946
right -20.727217820374616
right -13.711751363186167
right -22.814740407316258
right -3.676170568556108
right -15.454566025178767
right -14.836882407026572
right -12.113134820947835
right -8.768872775717103
right 0.5729295346834711
right -10.151576975050489
right -0.6155920382037579
0.35277621866860714 0.3367470084747172
bad
right -23.679633176630404
right -2.024438710567507
right -30.922620467499762
right -23.910706698408518
right -4.339118833285134
right -4.191611360315626
right -2.867841839155476
right -19.991535485929084
right -16.543964994401648
right -1.929991733664023
right -27.317008204791513
right -14.234733296630047
right -7.112280561806273
right -19.473535750751726
right -12.554549190124291
right -4.938463944685054
right -2.089291140470648
right -15.688797778716467
right -2.7419009548200215
right -7.248560695243775
right -23.702337905236647
right -5.227032024493019
---------------------------------------
|             Epoch |              10 |
|             EpRet |            -171 |
|         EpRealRet |            -171 |
|         TestEpRet |            -121 |
|         AverageQ1 |           -40.9 |
|             StdQ1 |            12.5 |
|             MaxQ1 |            9.04 |
|             MinQ1 |           -74.1 |
|                Q2 |           -40.9 |
|       TestSuccess |               0 |
| TotalEnvInteracts |        2.21e+06 |
|         TotalTime |        1.57e+03 |
---------------------------------------
right -21.209866441782115
right -14.285441527617255
right -21.34589582879563
right -7.530913172449573
right -19.22757173233908
right -15.707424394485848
0.4112961841931666 0.5446970710084987
bad
bad
right -23.826700904043633
right -6.714030288357435
right -47.532432140926
right -16.784593701462455
right 2.4028201770297306
right 1.1228793317801582
right 3.7018227538707107
right 4.184350309548444
right -16.442444658330864
right 0.5626097001156918
bad
right -12.784958782239151
bad
right -9.975337924665858
bad
right -2.906809824791196
right -15.549817639920263
bad
right -8.504358912429623
right -12.87256616814463
right -7.960769566044952
right -17.878258675819943
right -13.529801181798259
right -1.7512488964129158
0.24736843852143173 0.6161287065888683
bad
right -1.307850986558993
bad
right -21.188985882884435
bad
right -12.623529119734492
right -0.4174012659946502
right -26.17345099292907
right -19.355429862360513
right -4.168496451978459
right 0.9321836812778947
right 7.777970541756926
right -16.384032849727426
right -13.847263428473696
---------------------------------------
|             Epoch |              11 |
|             EpRet |            -171 |
|         EpRealRet |            -171 |
|         TestEpRet |            -106 |
|         AverageQ1 |           -41.7 |
|             StdQ1 |            11.7 |
|             MaxQ1 |            5.56 |
|             MinQ1 |           -74.9 |
|                Q2 |           -41.7 |
|       TestSuccess |               0 |
| TotalEnvInteracts |        2.41e+06 |
|         TotalTime |        1.71e+03 |
---------------------------------------
right -15.844327431801965
