[36;1mSaving config:
[0m
{
    "args":	null,
    "env":	null,
    "exp_name":	"HER_mpi1_random_TD3Torch_PandaReach-v2",
    "logger":	null,
    "logger_kwargs":	{
        "exp_name":	"HER_mpi1_random_TD3Torch_PandaReach-v2",
        "output_dir":	"HER_DRLib_Torch_exps/2023-02-24_HER_mpi1_random_TD3Torch_PandaReach-v2\\2023-02-24_16-18-37-HER_mpi1_random_TD3Torch_PandaReach-v2_s300"
    },
    "net":	null
}
bad
[[0.24339499 3.1830373  5.596593   ... 0.16788231 0.07292603 0.06012597]
 [0.07306799 2.4596891  4.11997    ... 0.16788231 0.07292603 0.06012597]
 [0.39292815 3.656547   5.595721   ... 0.15875931 0.055824   0.04965772]
 ...
 [0.24339499 3.1830373  5.596593   ... 0.16788231 0.07292603 0.06012597]
 [0.40119484 3.5836892  5.5054083  ... 0.16788231 0.07292603 0.06012597]
 [0.23487039 3.1771479  4.068809   ... 0.12053971 0.08241333 0.03866294]]
