[36;1mSaving config:
[0m
{
    "args":	null,
    "env":	null,
    "exp_name":	"HER_mpi1_random_TD3Torch_PandaReach-v2",
    "logger":	null,
    "logger_kwargs":	{
        "exp_name":	"HER_mpi1_random_TD3Torch_PandaReach-v2",
        "output_dir":	"HER_DRLib_Torch_exps/2023-02-24_HER_mpi1_random_TD3Torch_PandaReach-v2\\2023-02-24_18-58-48-HER_mpi1_random_TD3Torch_PandaReach-v2_s300"
    },
    "net":	null
}
right 9.236270903504687
bad
right -11.414022309248047
right -37.0461346841466
bad
bad
right -18.935085179236918
right -19.355093768042316
right 3.953767858158149
right -15.723807969150624
right -23.28392059512681
right -32.19555133187569
right -144.8320426179488
right -0.5059907282464611
bad
bad
right -21.767049827616674
right -20.193533242252542
right -29.085799470901726
right -17.78746182907387
right -27.33905323846256
right -35.266529230487336
---------------------------------------
|             Epoch |               0 |
|             EpRet |            -155 |
|         EpRealRet |            -155 |
|         TestEpRet |            -197 |
|         AverageQ1 |           -42.1 |
|             StdQ1 |            12.2 |
|             MaxQ1 |            0.52 |
|             MinQ1 |            -245 |
|                Q2 |           -42.1 |
|       TestSuccess |               0 |
| TotalEnvInteracts |        1.97e+05 |
|         TotalTime |             163 |
---------------------------------------
right -17.565264479426055
right -14.443668150826952
right -28.537953910808923
right -20.553471268974857
right -12.972214765942923
right -8.867225547420873
right 3.0082919056336603
right -2.401549259013745
right -11.911043103183143
right -8.328615484457568
right -9.685645730955763
right -10.966359238017485
right -7.578543002542098
right -6.158055533660097
right -8.772525580142435
right -5.149620036287391
right -5.061167942107099
right -4.400495725473952
bad
right -6.690282920002176
right -5.686841044594139
right -6.26300459165514
right -14.024818433795701
right -1.4591213724917154
right 0.9022426776259032
right -4.461026307625499
right -1.9581299849259377
right -7.742101205625474
right -0.4434715423461082
right -20.340233741389504
right -9.635001973849327
right -5.457061032588301
---------------------------------------
|             Epoch |               1 |
|             EpRet |            -160 |
|         EpRealRet |            -160 |
|         TestEpRet |            -124 |
|         AverageQ1 |           -47.7 |
|             StdQ1 |            6.73 |
|             MaxQ1 |             0.9 |
|             MinQ1 |           -82.2 |
|                Q2 |           -47.7 |
|       TestSuccess |               0 |
| TotalEnvInteracts |        3.98e+05 |
|         TotalTime |             329 |
---------------------------------------
right -10.854996086792958
right -13.395279773671923
bad
right -14.773412916778653
right -5.29117931209063
right -11.574748299562284
right -15.933321835016642
right -18.20528010747546
right -16.823560334486267
right -11.075471383599371
right -8.173569461635704
right 0.7738599520982454
right -22.920652779367778
right -9.435178793051232
right -17.768143137951363
right -0.11493307513612905
right -9.389665683209238
right -14.289350515743095
right -11.624026826514651
right -9.155409812349845
right -6.09998331661928
right -3.3395341252084343
right -2.733530639902444
right -10.750504739815025
right -13.507344289545745
right -0.15174857200618064
right -15.025694395121299
right -18.035764723827636
bad
right -17.17334673736541
right -14.879098054135081
right -11.2243440977403
right -12.692028471614169
right -6.4510382641877335
right -6.7942389272383465
right -7.834992459812188
right -7.6005856887880405
right 5.13306792931771
right -8.875092546714512
right -5.489309496262971
right -8.67485189401323
right -12.340533241366131
right -9.417928761634464
right -6.812325326539725
right -4.019258738596426
right -4.433550184301394
right -1.7754715366279754
bad
---------------------------------------
|             Epoch |               2 |
|             EpRet |            -186 |
|         EpRealRet |            -186 |
|         TestEpRet |            -110 |
|         AverageQ1 |           -46.9 |
|             StdQ1 |            7.13 |
|             MaxQ1 |            2.03 |
|             MinQ1 |           -88.9 |
|                Q2 |           -46.9 |
|       TestSuccess |               0 |
| TotalEnvInteracts |        5.99e+05 |
|         TotalTime |             502 |
---------------------------------------
right -23.377591181483467
right -9.572263581199863
right -11.723580856212212
right -7.193082821994707
right -11.357662531482802
right -13.734550718735896
right -7.156664396958895
right -6.654295271663834
right -10.793099389080783
right -7.67225105503891
right -4.128158949009155
bad
right -9.787978555535958
right 3.4487507781957447
right -9.1332016788634
right -10.51153680042065
bad
right -11.454744385796722
right -18.313683994036584
bad
right -10.95447886674863
right -21.31406194894961
right -6.492306385477356
right -8.033550743098935
right -26.70970425793149
bad
right -4.305290117684276
right -8.804874071443919
right -7.328429771914042
right -7.905184372377999
right -10.330825322600226
right -10.957265388521723
right -7.007076668080671
right -11.453314210017368
bad
right -25.537954727757615
right -10.106327048202871
right -13.807349401370956
right -1.3088353672329909
right -4.367894123110744
right -4.9241050542743
right -18.710644405216108
right -5.481644175023527
right -11.270236661569552
right -1.3049042052236448
right -11.082446902555073
right 3.201594991183775
right -12.116367961109287
right -6.787876085305452
right -3.2896308411611095
right 1.3437160028660706
right -10.567193606088885
right -1.8266939142042418
right -2.907219834465968
right -13.808136735639359
right -8.985595999783886
right -19.34215816465283
---------------------------------------
|             Epoch |               3 |
|             EpRet |            -158 |
|         EpRealRet |            -158 |
|         TestEpRet |            -104 |
|         AverageQ1 |           -46.7 |
|             StdQ1 |            6.89 |
|             MaxQ1 |            2.58 |
|             MinQ1 |           -77.9 |
|                Q2 |           -46.7 |
|       TestSuccess |               0 |
| TotalEnvInteracts |           8e+05 |
|         TotalTime |             697 |
---------------------------------------
right 0.16960043367546263
right -8.902742217784688
right -13.306302800802104
right 4.056525208065326
right 1.351934229692203
bad
right -6.700850718024643
right -0.8367683254629767
right -8.779735514147728
right -8.840136458271111
right -1.867930604048322
right -20.668267947889465
bad
right -4.5182070807963655
right -12.618170890566802
right -11.213796372538333
right -5.056513882571476
right -7.684512300921284
right -5.684252477423959
right -2.084235670756618
right -17.01146099936946
right -12.779690189694275
right -13.452374522381348
right -20.384613609525157
right -2.323496896935975
right -9.465691825406196
right -4.493216707184384
right -7.834183477160387
right -9.405374220314076
right -9.639156790198435
right -4.964377547193129
right -16.00563461260784
right -1.3980688541783781
right -11.059811495432736
right -3.0424214466963555
right -16.15457168744195
right -11.366831493108084
right -13.37698139246072
right -4.78999734773339
right -11.70669621348111
right -5.940623731841921
right -5.42938300856237
right -6.835179999262305
right -1.4914335582982492
right -10.23033915847719
right -9.83759325989757
right -11.65006957196486
right -16.222764904090038
right -9.662434680910945
right -11.247619289277626
right -16.081647275066704
right -6.529504318999567
right -4.1845960780318965
right -48.789906251874825
bad
---------------------------------------
|             Epoch |               4 |
|             EpRet |            -176 |
|         EpRealRet |            -176 |
|         TestEpRet |           -82.3 |
|         AverageQ1 |           -46.7 |
|             StdQ1 |            6.58 |
|             MaxQ1 |            2.39 |
|             MinQ1 |           -76.1 |
|                Q2 |           -46.7 |
|       TestSuccess |               0 |
| TotalEnvInteracts |           1e+06 |
|         TotalTime |             911 |
---------------------------------------
bad
right -3.7958232489670056
right -9.073641932926183
right -30.93333469517424
right 3.7879172621144663
right -8.908239180291943
bad
right -5.963368366409828
right -7.972997841818163
right -15.988763720104537
right -6.079708701550608
right -10.049415410023531
right -8.739231417095986
right -14.55980112340626
right -15.497560391679066
right 2.8869216213988826
right -13.256729950575256
bad
right -23.059249826556105
right -4.691025774021309
right -1.7672128999261787
right -10.269106632236596
right -18.99002593953348
right -6.986136491932381
bad
right -18.85410462583028
right -20.602451990226804
right -5.034074771919894
right -1.358359693329703
