[36;1mSaving config:
[0m
{
    "args":	null,
    "env":	null,
    "exp_name":	"HER_mpi1_random_TD3Torch_PandaReach-v2",
    "logger":	null,
    "logger_kwargs":	{
        "exp_name":	"HER_mpi1_random_TD3Torch_PandaReach-v2",
        "output_dir":	"HER_DRLib_Torch_exps/2023-02-24_HER_mpi1_random_TD3Torch_PandaReach-v2\\2023-02-24_18-59-33-HER_mpi1_random_TD3Torch_PandaReach-v2_s300"
    },
    "net":	null
}
right 8.235068631049034
bad
right -19.73140601030427
right -30.793134135282386
right -11.681990059946163
right -11.221599765333853
bad
bad
bad
right -22.470614888616687
bad
right -20.575499223125814
bad
right -38.48514886105938
---------------------------------------
|             Epoch |               0 |
|             EpRet |            -151 |
|         EpRealRet |            -151 |
|         TestEpRet |           -69.1 |
|         AverageQ1 |           -47.4 |
|             StdQ1 |            7.63 |
|             MaxQ1 |            1.34 |
|             MinQ1 |           -80.3 |
|                Q2 |           -47.4 |
|       TestSuccess |               0 |
| TotalEnvInteracts |        1.97e+05 |
|         TotalTime |             125 |
---------------------------------------
right -18.946012246103564
bad
right -16.303159987992778
bad
bad
bad
bad
bad
right -15.643721815364788
right 4.1136259542938465
right -15.524085844103972
right -5.7984941354000075
right -8.112201054456222
right -23.95007799662568
bad
right -17.98511243579167
right -6.0562573009584995
right -12.381611048171955
right -12.769075013449424
right -4.443774047491711
right 6.733931378205841
right -11.508725774769623
right -14.762335761422655
right -7.930670576757045
right -24.25229383774286
right -24.965771264424326
right 8.141424657420707
bad
right -3.6458576840631345
right -15.39607341962099
---------------------------------------
|             Epoch |               1 |
|             EpRet |            -180 |
|         EpRealRet |            -180 |
|         TestEpRet |           -46.3 |
|         AverageQ1 |           -49.8 |
|             StdQ1 |            1.87 |
|             MaxQ1 |           -13.3 |
|             MinQ1 |           -67.1 |
|                Q2 |           -49.8 |
|       TestSuccess |               0 |
| TotalEnvInteracts |        3.98e+05 |
|         TotalTime |             245 |
---------------------------------------
right 4.860987407298714
right -19.899052668368633
right -17.135259416105203
bad
right -19.79202926326526
bad
bad
right -18.565699366910145
right -10.86086402525659
right -6.557090132872364
right -15.363969972050832
right 1.3737590191314712
bad
right -7.846966088777144
right -24.540144197821313
bad
right -20.47270619348199
right -1.0732191094188686
right 4.999872832118173
bad
right -6.778246837996708
right -2.3896943452073938
bad
right -2.4343848641255548
right 1.845181918886377
right -14.361339997294703
---------------------------------------
|             Epoch |               2 |
|             EpRet |            -145 |
|         EpRealRet |            -145 |
|         TestEpRet |           -58.9 |
|         AverageQ1 |           -49.8 |
|             StdQ1 |            1.61 |
|             MaxQ1 |           -25.4 |
|             MinQ1 |           -64.6 |
|                Q2 |           -49.8 |
|       TestSuccess |               0 |
| TotalEnvInteracts |        5.99e+05 |
|         TotalTime |             372 |
---------------------------------------
right 2.37651085549796
bad
right -6.963657431065972
bad
right -26.137680211519864
right -4.954464522921377
bad
right -8.83915059097927
bad
right -11.80209274983713
right 2.6276144775102512
bad
right 4.07738531051087
right 6.638632220184647
right -3.8679257231002335
right -23.19946285716911
right -6.947234860882009
bad
---------------------------------------
|             Epoch |               3 |
|             EpRet |            -147 |
|         EpRealRet |            -147 |
|         TestEpRet |            -132 |
|         AverageQ1 |           -49.8 |
|             StdQ1 |            1.73 |
|             MaxQ1 |           -23.3 |
|             MinQ1 |           -56.2 |
|                Q2 |           -49.8 |
|       TestSuccess |               0 |
| TotalEnvInteracts |           8e+05 |
|         TotalTime |             497 |
---------------------------------------
right 6.472611154289101
right 1.5095792921027122
bad
right 5.9303324147998175
right -9.234287919116028
right -6.313842603656433
right 2.996888397544711
right 5.919029463498752
right -81.81232825767822
right -0.9667605225145195
right -3.3002981983007107
right -11.437933476209917
right -7.036730162111404
bad
right -25.856070477503366
bad
right -2.8023143320346406
right -22.279672075745985
bad
right -15.398540289134264
right 2.219904142244898
right 4.730247702982265
bad
---------------------------------------
|             Epoch |               4 |
|             EpRet |            -154 |
|         EpRealRet |            -154 |
|         TestEpRet |           -35.1 |
|         AverageQ1 |           -49.8 |
|             StdQ1 |            1.44 |
|             MaxQ1 |           -25.5 |
|             MinQ1 |           -62.4 |
|                Q2 |           -49.8 |
|       TestSuccess |               0 |
| TotalEnvInteracts |           1e+06 |
|         TotalTime |             627 |
---------------------------------------
right -32.71978392786313
right 1.6840421920701392
right -16.727212071659658
right 7.483403538578173
right -2.7700272433963207
right -4.273543455266031
right 1.4763355477796054
right -16.062974572609154
right -46.490577812931875
right 2.021415484608461
bad
right -35.164696032643185
right -1.0522690568296955
right 1.3151706266009597
bad
right 0.4048484240734105
right 4.923794955841584
right -3.6716563259204484
right -13.401416573521612
right -0.5947329602083542
right -16.031206154445083
right -15.561446210672539
right -72.06958335111806
right -14.677617713420545
right 2.3949019924717962
right -1.78755903341135
bad
right -2.4573605271212564
right -1.795279716357994
right -4.416725189438221
right -25.23713371175961
right 7.3914995767048355
right -29.01245151399214
---------------------------------------
|             Epoch |               5 |
|             EpRet |            -155 |
|         EpRealRet |            -155 |
|         TestEpRet |           -96.2 |
|         AverageQ1 |           -49.8 |
|             StdQ1 |            1.23 |
|             MaxQ1 |           -31.9 |
|             MinQ1 |           -54.6 |
|                Q2 |           -49.8 |
|       TestSuccess |               0 |
| TotalEnvInteracts |         1.2e+06 |
|         TotalTime |             760 |
---------------------------------------
right -0.26047195035136284
right -38.48366832372348
right 0.24477213327009295
right -3.9298869232655242
bad
right -44.1271616599175
right -6.641152417356825
right -3.841492621939782
bad
right -12.949642983823342
right 0.5542098038191732
right -0.7382251661918975
bad
bad
right -18.78486061819302
right -0.7803103479390234
bad
right -12.530759449503748
right -3.6422738285152185
right -28.494288580871405
right 3.6924823972757164
bad
right -9.984206625892003
right -14.334774303048093
bad
right -15.913798293684135
bad
right -10.196783521083855
right 0.6149502468473571
bad
bad
bad
right 3.3018661017686526
right 3.687130972023529
right -1.0428420473524564
right -14.965320984998229
right 2.0929324161955343
right 3.1217078062201224
right 5.4113230570286515
bad
---------------------------------------
|             Epoch |               6 |
|             EpRet |            -170 |
|         EpRealRet |            -170 |
|         TestEpRet |           -41.7 |
|         AverageQ1 |           -49.8 |
|             StdQ1 |            1.09 |
|             MaxQ1 |           -35.5 |
|             MinQ1 |           -56.7 |
|                Q2 |           -49.8 |
|       TestSuccess |               0 |
| TotalEnvInteracts |         1.4e+06 |
|         TotalTime |             889 |
---------------------------------------
right -8.657050888199585
right -25.626986827843616
bad
bad
right 5.060338522689442
bad
right -7.188635090771399
right -7.521701228403721
right -10.715460947313655
bad
right 0.9344789314216371
right -15.60368708883938
right -1.8968868391229972
right -15.171890481452195
right -29.676589656064102
right -46.37123922828147
bad
right -4.850493282898572
right -21.593042976649144
right 5.944446467526917
bad
right 6.0440282127094065
right -14.8927778294656
right -21.892850793930123
bad
right 6.268508848471772
right -17.62890007996607
right -24.393965664596408
right -36.47582226812669
right 2.595968824077472
right 8.996426915670364
bad
right -16.582310096705474
bad
---------------------------------------
|             Epoch |               7 |
|             EpRet |            -149 |
|         EpRealRet |            -149 |
|         TestEpRet |           -55.2 |
|         AverageQ1 |           -49.8 |
|             StdQ1 |            1.06 |
|             MaxQ1 |           -37.5 |
|             MinQ1 |           -59.8 |
|                Q2 |           -49.8 |
|       TestSuccess |               0 |
| TotalEnvInteracts |         1.6e+06 |
|         TotalTime |        1.02e+03 |
---------------------------------------
right -0.2124197084422761
bad
right -25.63575323122476
right -25.054474853539908
right 0.9819662537825131
bad
bad
