[36;1mSaving config:
[0m
{
    "args":	null,
    "env":	null,
    "exp_name":	"HER_mpi1_random_TD3Torch_PandaReach-v2",
    "logger":	null,
    "logger_kwargs":	{
        "exp_name":	"HER_mpi1_random_TD3Torch_PandaReach-v2",
        "output_dir":	"HER_DRLib_Torch_exps/2023-02-24_HER_mpi1_random_TD3Torch_PandaReach-v2/2023-02-24_09-49-23-HER_mpi1_random_TD3Torch_PandaReach-v2_s300"
    },
    "net":	null
}
bad
right -13.986285530981391
right -20.72660784103592
right -17.35897698309799
bad
right -24.702798501951698
right -23.567554512200353
right -12.847586967608066
right -17.998484201104226
right -29.69414281962581
right -12.832371690339869
right -17.165829272799826
---------------------------------------
|             Epoch |               0 |
|             EpRet |            -121 |
|         EpRealRet |            -121 |
|         TestEpRet |               0 |
|         AverageQ1 |           -48.4 |
|             StdQ1 |            6.59 |
|             MaxQ1 |          -0.091 |
|             MinQ1 |           -81.9 |
|                Q2 |           -48.5 |
|       TestSuccess |               0 |
| TotalEnvInteracts |        1.97e+05 |
|         TotalTime |              84 |
---------------------------------------
right -14.619088456626468
right -7.392035661942451
right -20.15343300417247
right -18.49261022302823
right -10.058809852910446
bad
right -10.264056372307707
bad
right -18.468051418605857
bad
right -38.99565136126803
right -29.557018914409547
right -33.21553691323487
---------------------------------------
|             Epoch |               1 |
|             EpRet |            -134 |
|         EpRealRet |            -134 |
|         TestEpRet |           -8.42 |
|         AverageQ1 |             -50 |
|             StdQ1 |           0.282 |
|             MaxQ1 |             -36 |
|             MinQ1 |           -53.2 |
|                Q2 |             -50 |
|       TestSuccess |               0 |
| TotalEnvInteracts |        3.98e+05 |
|         TotalTime |             169 |
---------------------------------------
right -12.247599120576425
right -4.95090081163983
right 3.7209415938209487
right -11.357390244732652
right 3.5857448772564773
right -5.264019220904196
bad
right -15.556886693386414
right -19.60742695593829
bad
bad
right -14.874579434988195
right 4.907287243734463
right -36.22855919370128
right -16.077452582404838
right -1.938572593951772
right -1.636403372279755
bad
right -3.077527256265032
right -9.086815379966847
right 2.1744230974596954
right -3.5435849245408697
right -28.943695418600342
right -21.07621452703032
---------------------------------------
|             Epoch |               2 |
|             EpRet |            -172 |
|         EpRealRet |            -172 |
|         TestEpRet |           -37.4 |
|         AverageQ1 |             -50 |
|             StdQ1 |           0.483 |
|             MaxQ1 |           -42.2 |
|             MinQ1 |           -63.9 |
|                Q2 |             -50 |
|       TestSuccess |               0 |
| TotalEnvInteracts |        5.99e+05 |
|         TotalTime |             254 |
---------------------------------------
right -22.50609961082339
bad
right -4.322618727389031
right -9.07976526883494
bad
bad
bad
right -13.724278884758007
right -19.49828959085415
bad
right -0.8776041085044177
right -31.199425756925876
right -29.67915963318886
right 1.6428445710844883
right -5.666556675500196
right -34.48805311957477
bad
bad
bad
right -18.593843050126978
bad
bad
right -29.258599087565493
bad
bad
right -3.6597680995569366
right -4.185915452381517
bad
right -13.286709343375158
right -17.597296714699745
bad
right -13.203768648760438
right -31.816455946400694
---------------------------------------
|             Epoch |               3 |
|             EpRet |            -168 |
|         EpRealRet |            -168 |
|         TestEpRet |             -55 |
|         AverageQ1 |           -49.9 |
|             StdQ1 |            0.59 |
|             MaxQ1 |           -38.7 |
|             MinQ1 |           -54.7 |
|                Q2 |           -49.9 |
|       TestSuccess |               0 |
| TotalEnvInteracts |           8e+05 |
|         TotalTime |             339 |
---------------------------------------
right -19.481043559254772
right -13.563174674681715
right -38.17866441518117
bad
right -0.9021378420768258
right -3.54797650350344
right -24.568977710218284
bad
bad
right -56.67845678348836
right -14.93780992342662
right -10.193826445167623
right -18.76804300216389
right -21.549329650043887
---------------------------------------
|             Epoch |               4 |
|             EpRet |            -134 |
|         EpRealRet |            -134 |
|         TestEpRet |           -17.7 |
|         AverageQ1 |             -50 |
|             StdQ1 |           0.578 |
|             MaxQ1 |           -39.2 |
|             MinQ1 |           -60.6 |
|                Q2 |           -49.9 |
|       TestSuccess |               0 |
| TotalEnvInteracts |           1e+06 |
|         TotalTime |             423 |
---------------------------------------
bad
right -8.748531977470982
bad
bad
right -3.9497473940649357
right -8.2298892368039
bad
right -11.8359539401979
bad
bad
right -8.584687840859495
right -22.511234737907728
right -16.999331628951726
right -12.334772538345035
right -21.302287185394984
right -4.243040530362199
right -17.878391975570082
---------------------------------------
|             Epoch |               5 |
|             EpRet |            -122 |
|         EpRealRet |            -122 |
|         TestEpRet |           -31.5 |
|         AverageQ1 |             -50 |
|             StdQ1 |           0.508 |
|             MaxQ1 |             -40 |
|             MinQ1 |           -54.9 |
|                Q2 |             -50 |
|       TestSuccess |               0 |
| TotalEnvInteracts |         1.2e+06 |
|         TotalTime |             509 |
---------------------------------------
bad
right -8.492296227646726
right -9.101231164599202
right -28.174131648911057
right -17.077892509278687
right -7.537472675525279
right -20.979797554637287
bad
right 7.203815641724824
right -13.446019714340409
bad
right -1.618667281157041
right -17.444859326550883
bad
right -37.623862981408664
---------------------------------------
|             Epoch |               6 |
|             EpRet |            -126 |
|         EpRealRet |            -126 |
|         TestEpRet |             -71 |
|         AverageQ1 |             -50 |
|             StdQ1 |           0.476 |
|             MaxQ1 |           -41.4 |
|             MinQ1 |           -57.6 |
|                Q2 |             -50 |
|       TestSuccess |               0 |
| TotalEnvInteracts |         1.4e+06 |
|         TotalTime |             592 |
---------------------------------------
bad
right 3.262772990484785
right -15.210979886838047
bad
right -19.241057236365503
right -11.540360492825023
bad
right -9.643456463974058
right -15.870952572000512
right -21.98813436423254
right -2.5781484615664887
---------------------------------------
|             Epoch |               7 |
|             EpRet |            -132 |
|         EpRealRet |            -132 |
|         TestEpRet |           -95.3 |
|         AverageQ1 |             -50 |
|             StdQ1 |           0.546 |
|             MaxQ1 |           -40.6 |
|             MinQ1 |           -53.5 |
|                Q2 |             -50 |
|       TestSuccess |               0 |
| TotalEnvInteracts |         1.6e+06 |
|         TotalTime |             677 |
---------------------------------------
right -11.59890274733284
bad
bad
right -14.277657553622056
right -16.58496103924728
right -9.339294690384293
right -3.4797058773187857
right -3.687735631757757
right -16.19334662999254
right -20.361440325129692
right -17.894826906954986
bad
right -44.689517352841335
right -5.831419455640061
right -16.937291142893663
bad
---------------------------------------
|             Epoch |               8 |
|             EpRet |            -166 |
|         EpRealRet |            -166 |
|         TestEpRet |           -54.5 |
|         AverageQ1 |             -50 |
|             StdQ1 |           0.529 |
|             MaxQ1 |           -40.3 |
|             MinQ1 |             -57 |
|                Q2 |             -50 |
|       TestSuccess |               0 |
| TotalEnvInteracts |         1.8e+06 |
|         TotalTime |             762 |
---------------------------------------
bad
right -15.327905433622039
right -6.797611052133629
right -22.53293314446487
right -13.1833863785554
right -34.09523085146632
right -14.701945841384735
right -23.812178838916942
right -4.303046703324805
right -29.603044528984533
right -114.65520374707435
right -16.141859136007476
bad
bad
right -10.015480430923716
right -14.22563064976569
right -11.924757887043256
---------------------------------------
|             Epoch |               9 |
|             EpRet |            -149 |
|         EpRealRet |            -149 |
|         TestEpRet |             -32 |
|         AverageQ1 |             -50 |
|             StdQ1 |           0.502 |
|             MaxQ1 |           -40.3 |
|             MinQ1 |           -53.3 |
|                Q2 |             -50 |
|       TestSuccess |               0 |
| TotalEnvInteracts |        2.01e+06 |
|         TotalTime |             847 |
---------------------------------------
right -30.487957129454976
right -20.626692250123547
right -30.118879464770515
right 6.71950425480712
bad
right 1.9853751478609283
right -19.253725082861763
bad
right -11.935484054347064
right -25.22524424345223
right -13.829249229828836
bad
right -16.377128518136452
bad
right -21.83041056070651
bad
right -17.615012944051124
right 8.574287314825906
bad
right -24.73334187138893
---------------------------------------
|             Epoch |              10 |
|             EpRet |            -158 |
|         EpRealRet |            -158 |
|         TestEpRet |           -70.5 |
|         AverageQ1 |             -50 |
|             StdQ1 |            0.49 |
|             MaxQ1 |           -41.2 |
|             MinQ1 |           -64.8 |
|                Q2 |             -50 |
|       TestSuccess |               0 |
| TotalEnvInteracts |        2.21e+06 |
|         TotalTime |             932 |
---------------------------------------
right -33.18041139074799
right -8.409073477494427
bad
bad
bad
right -12.10640869144467
right -17.27586958419102
bad
right -8.612394931923518
right -16.550157132432485
bad
right 0.8084940689746283
right -22.577068650015434
right -12.11796303904299
right -37.00795423325051
bad
right -24.46645965179001
bad
bad
bad
right -15.746599413350765
right -1.6971062759493964
---------------------------------------
|             Epoch |              11 |
|             EpRet |            -143 |
|         EpRealRet |            -143 |
|         TestEpRet |           -81.7 |
|         AverageQ1 |             -50 |
|             StdQ1 |           0.573 |
|             MaxQ1 |           -38.9 |
|             MinQ1 |           -53.2 |
|                Q2 |             -50 |
|       TestSuccess |               0 |
| TotalEnvInteracts |        2.41e+06 |
|         TotalTime |        1.02e+03 |
---------------------------------------
right -21.957500927616568
right -13.905703490331135
right 1.5694409372546758
bad
right -5.758714155948734
bad
right -71.50464441630163
right -2.2067550463184666
right 7.36454597578008
right -2.3626450737007083
right -18.279547679544628
bad
---------------------------------------
|             Epoch |              12 |
|             EpRet |            -140 |
|         EpRealRet |            -140 |
|         TestEpRet |             -36 |
|         AverageQ1 |             -50 |
|             StdQ1 |           0.553 |
|             MaxQ1 |           -39.4 |
|             MinQ1 |           -54.5 |
|                Q2 |             -50 |
|       TestSuccess |               0 |
| TotalEnvInteracts |        2.61e+06 |
|         TotalTime |         1.1e+03 |
---------------------------------------
right -21.381208487828474
bad
bad
right -10.335379620180717
right -31.45370882370095
bad
bad
right -20.107315658142035
right 2.916772151829176
right -17.29654880398455
right -25.256699762012893
bad
right -18.464613695910224
bad
right -12.707189707474178
right -14.16686159323941
bad
bad
---------------------------------------
|             Epoch |              13 |
|             EpRet |            -144 |
|         EpRealRet |            -144 |
|         TestEpRet |           -19.7 |
|         AverageQ1 |           -49.9 |
|             StdQ1 |           0.565 |
|             MaxQ1 |           -40.4 |
|             MinQ1 |           -53.2 |
|                Q2 |           -49.9 |
|       TestSuccess |               0 |
| TotalEnvInteracts |        2.81e+06 |
|         TotalTime |        1.19e+03 |
---------------------------------------
right -9.262056007823663
right -16.744354539314365
right -27.415873807164395
bad
right -13.836148106179355
right -22.44615167003984
right -24.81580274568651
right -19.86035472258157
right -18.217261384626443
bad
bad
bad
right -6.105034371492668
bad
---------------------------------------
|             Epoch |              14 |
|             EpRet |            -141 |
|         EpRealRet |            -141 |
|         TestEpRet |           -28.2 |
|         AverageQ1 |           -49.9 |
|             StdQ1 |           0.576 |
|             MaxQ1 |           -40.4 |
|             MinQ1 |           -55.6 |
|                Q2 |           -49.9 |
|       TestSuccess |               0 |
| TotalEnvInteracts |        3.01e+06 |
|         TotalTime |        1.27e+03 |
---------------------------------------
right 3.4654620157664686
right -3.7883837778686402
right -2.7898381489224526
right -28.972757723493743
right -3.192865805185088
right -10.452738136897402
bad
right -3.228737308800353
right 0.12516398334136802
right -5.4984056618367205
right -12.639222678186432
bad
right -17.684074240070082
right -6.811444372097647
bad
right -12.60601548660243
right -4.581494929218373
right -21.00037910301681
right -13.769438157041169
right -32.973197266762575
right 5.528193194500756
---------------------------------------
|             Epoch |              15 |
|             EpRet |            -136 |
|         EpRealRet |            -136 |
|         TestEpRet |             -50 |
|         AverageQ1 |           -49.9 |
|             StdQ1 |           0.576 |
|             MaxQ1 |           -39.9 |
|             MinQ1 |           -55.9 |
|                Q2 |           -49.9 |
|       TestSuccess |               0 |
| TotalEnvInteracts |        3.21e+06 |
|         TotalTime |        1.36e+03 |
---------------------------------------
right -19.91682554057531
bad
right -14.284890835857297
bad
bad
right -6.949130620244471
right -6.003326690233916
right -22.88883400777047
right -17.702115352639343
bad
right -17.070575094049786
right -16.82146302479133
bad
---------------------------------------
|             Epoch |              16 |
|             EpRet |            -147 |
|         EpRealRet |            -147 |
|         TestEpRet |           -62.5 |
|         AverageQ1 |           -49.9 |
|             StdQ1 |           0.577 |
|             MaxQ1 |           -39.5 |
|             MinQ1 |           -52.8 |
|                Q2 |           -49.9 |
|       TestSuccess |               0 |
| TotalEnvInteracts |        3.41e+06 |
|         TotalTime |        1.44e+03 |
---------------------------------------
bad
right -18.80571132138195
right -1.3534299061545099
bad
right -18.914579563178474
bad
bad
right -14.526854389406736
right -17.293785814715697
right -11.933400157120474
right -24.10083053957191
bad
right -14.275404622324444
right -0.7360586576248807
right -14.04766220724484
bad
---------------------------------------
|             Epoch |              17 |
|             EpRet |            -152 |
|         EpRealRet |            -152 |
|         TestEpRet |             -38 |
|         AverageQ1 |             -50 |
|             StdQ1 |           0.537 |
|             MaxQ1 |           -38.6 |
|             MinQ1 |           -53.4 |
|                Q2 |             -50 |
|       TestSuccess |               0 |
| TotalEnvInteracts |        3.61e+06 |
|         TotalTime |        1.53e+03 |
---------------------------------------
right -13.510525869037874
bad
bad
right -17.884111512180162
right -7.360085589860379
bad
right -4.564934670999715
bad
right -33.433222831322794
right -21.849485459882636
right -14.592529566658161
bad
right -22.16315234524577
right -9.681224621758421
bad
bad
---------------------------------------
|             Epoch |              18 |
|             EpRet |            -140 |
|         EpRealRet |            -140 |
|         TestEpRet |           -10.3 |
|         AverageQ1 |             -50 |
|             StdQ1 |           0.536 |
|             MaxQ1 |           -38.3 |
|             MinQ1 |           -52.9 |
|                Q2 |             -50 |
|       TestSuccess |               0 |
| TotalEnvInteracts |        3.81e+06 |
|         TotalTime |        1.61e+03 |
---------------------------------------
right -5.940368219275843
right -10.06451494057735
bad
right -14.534824800953253
right -7.302391719665351
bad
right -17.91257433230085
bad
bad
right -23.782096992751015
bad
right -21.843709028723865
right -23.46934403098394
bad
right -3.027211022315612
right -14.223772680114205
right 2.9661140500470164
---------------------------------------
|             Epoch |              19 |
|             EpRet |            -150 |
|         EpRealRet |            -150 |
|         TestEpRet |           -69.5 |
|         AverageQ1 |             -50 |
|             StdQ1 |           0.525 |
|             MaxQ1 |           -37.2 |
|             MinQ1 |           -54.1 |
|                Q2 |             -50 |
|       TestSuccess |               0 |
| TotalEnvInteracts |        4.02e+06 |
|         TotalTime |        1.69e+03 |
---------------------------------------
right -57.51711500415948
right -5.429356791787406
right -17.25149265358937
right -13.550129618190965
bad
bad
---------------------------------------
|             Epoch |              20 |
|             EpRet |            -136 |
|         EpRealRet |            -136 |
|         TestEpRet |           -52.6 |
|         AverageQ1 |             -50 |
|             StdQ1 |           0.515 |
|             MaxQ1 |           -37.3 |
|             MinQ1 |             -57 |
|                Q2 |             -50 |
|       TestSuccess |               0 |
| TotalEnvInteracts |        4.22e+06 |
|         TotalTime |        1.78e+03 |
---------------------------------------
right -30.197922410290225
bad
right -26.194179191303135
right -21.891799674319262
right -25.30496342564397
bad
right -11.353364195401387
bad
bad
right -14.819580799147197
right -9.945544433274808
bad
right -5.400368794209744
right -4.8564222468351925
right -12.528058500281809
bad
---------------------------------------
|             Epoch |              21 |
|             EpRet |            -156 |
|         EpRealRet |            -156 |
|         TestEpRet |           -13.7 |
|         AverageQ1 |             -50 |
|             StdQ1 |           0.525 |
|             MaxQ1 |           -36.9 |
|             MinQ1 |           -55.1 |
|                Q2 |             -50 |
|       TestSuccess |               0 |
| TotalEnvInteracts |        4.42e+06 |
|         TotalTime |        1.86e+03 |
---------------------------------------
bad
right -32.59695223236114
bad
bad
right -12.806396224643947
bad
bad
right 0.6664692761957216
bad
bad
bad
right -11.190339938600957
---------------------------------------
|             Epoch |              22 |
|             EpRet |            -142 |
|         EpRealRet |            -142 |
|         TestEpRet |           -53.9 |
|         AverageQ1 |             -50 |
|             StdQ1 |           0.532 |
|             MaxQ1 |           -35.6 |
|             MinQ1 |           -53.5 |
|                Q2 |             -50 |
|       TestSuccess |               0 |
| TotalEnvInteracts |        4.62e+06 |
|         TotalTime |        1.95e+03 |
---------------------------------------
bad
bad
right -4.829919612103668
bad
bad
bad
right -15.027859551109252
right -40.11445416124203
right -24.63908130562401
bad
bad
right -16.30165405335655
bad
right -9.47983314053085
right -16.74133348688194
right -11.160486457174414
---------------------------------------
|             Epoch |              23 |
|             EpRet |            -145 |
|         EpRealRet |            -145 |
|         TestEpRet |           -48.3 |
|         AverageQ1 |             -50 |
|             StdQ1 |            0.52 |
|             MaxQ1 |           -36.2 |
|             MinQ1 |           -54.2 |
|                Q2 |             -50 |
|       TestSuccess |               0 |
| TotalEnvInteracts |        4.82e+06 |
|         TotalTime |        2.03e+03 |
---------------------------------------
right -19.242648744813753
bad
right -26.078113448560828
right -1.0109307670385839
right -15.938076987220132
right -11.820746690590124
right -16.090841927447507
right -13.570221892776019
right -8.79187442571563
bad
right -28.402900492828117
right -17.554105180246417
bad
right -9.117172450300998
right -23.63584797675118
right -17.651607422862913
---------------------------------------
|             Epoch |              24 |
|             EpRet |            -134 |
|         EpRealRet |            -134 |
|         TestEpRet |           -42.6 |
|         AverageQ1 |             -50 |
|             StdQ1 |           0.538 |
|             MaxQ1 |           -37.1 |
|             MinQ1 |           -74.4 |
|                Q2 |             -50 |
|       TestSuccess |               0 |
| TotalEnvInteracts |        5.02e+06 |
|         TotalTime |        2.12e+03 |
---------------------------------------
bad
right -8.449284526660378
right -3.6831048221411002
right 3.702330235466601
right 4.376612404259208
right -4.5918346513918795
bad
bad
bad
right -3.1210331781450247
bad
right -39.07162254329121
bad
right -23.26421828391937
right -1.8877750940950797
right 2.6139860206477596
bad
bad
right -24.56929242562198
bad
right -6.451342859042029
bad
---------------------------------------
|             Epoch |              25 |
|             EpRet |            -133 |
|         EpRealRet |            -133 |
|         TestEpRet |           -25.8 |
|         AverageQ1 |             -50 |
|             StdQ1 |           0.536 |
|             MaxQ1 |           -37.2 |
|             MinQ1 |           -52.5 |
|                Q2 |             -50 |
|       TestSuccess |               0 |
| TotalEnvInteracts |        5.22e+06 |
|         TotalTime |         2.2e+03 |
---------------------------------------
right -27.506548037327754
right -4.406108890943173
right -5.343404604649159
right -14.214318866883726
bad
right -18.72423328181316
right -0.9076765637874864
right -27.435677852185023
right -5.336569708265134
right -18.34560808782711
bad
right -17.80302414692325
right -26.905550232886306
right -10.697440058981115
bad
---------------------------------------
|             Epoch |              26 |
|             EpRet |            -129 |
|         EpRealRet |            -129 |
|         TestEpRet |             -33 |
|         AverageQ1 |             -50 |
|             StdQ1 |            0.55 |
|             MaxQ1 |             -36 |
|             MinQ1 |             -53 |
|                Q2 |             -50 |
|       TestSuccess |               0 |
| TotalEnvInteracts |        5.42e+06 |
|         TotalTime |        2.29e+03 |
---------------------------------------
bad
right -2.485892042984341
bad
bad
right 4.754787152316435
bad
right -6.52168865418567
right -10.99697147196181
right -0.5299480534351382
right -7.78424806070602
right -5.576652780628844
bad
---------------------------------------
|             Epoch |              27 |
|             EpRet |            -129 |
|         EpRealRet |            -129 |
|         TestEpRet |           -14.7 |
|         AverageQ1 |             -50 |
|             StdQ1 |           0.542 |
|             MaxQ1 |           -35.3 |
|             MinQ1 |           -51.7 |
|                Q2 |             -50 |
|       TestSuccess |               0 |
| TotalEnvInteracts |        5.62e+06 |
|         TotalTime |        2.37e+03 |
---------------------------------------
right -12.775182691575978
right -2.3383909907418303
right -12.76843818413137
bad
bad
bad
right -26.54276109475027
right -2.457265912542484
right 4.316535423055303
right -47.356802686918584
right -0.0876671308646042
right -14.09975427899521
bad
right -29.371515078214998
right -8.184729240931215
right -21.435678026767878
---------------------------------------
|             Epoch |              28 |
|             EpRet |            -123 |
|         EpRealRet |            -123 |
|         TestEpRet |           -12.2 |
|         AverageQ1 |             -50 |
|             StdQ1 |           0.549 |
|             MaxQ1 |           -35.5 |
|             MinQ1 |           -51.9 |
|                Q2 |             -50 |
|       TestSuccess |               0 |
| TotalEnvInteracts |        5.82e+06 |
|         TotalTime |        2.46e+03 |
---------------------------------------
right -19.31624538434179
bad
bad
bad
right -51.789850448492
bad
right -6.146865499148927
right -14.323406532977355
bad
right -8.531076494232533
right -6.450590461272316
bad
right -5.274459610999125
bad
right -20.914345113352812
---------------------------------------
|             Epoch |              29 |
|             EpRet |            -157 |
|         EpRealRet |            -157 |
|         TestEpRet |           -40.1 |
|         AverageQ1 |             -50 |
|             StdQ1 |            0.54 |
|             MaxQ1 |           -34.6 |
|             MinQ1 |           -52.8 |
|                Q2 |             -50 |
|       TestSuccess |               0 |
| TotalEnvInteracts |        6.03e+06 |
|         TotalTime |        2.54e+03 |
---------------------------------------
bad
right 7.225829798249906
right -23.64579895299513
right -25.927270332457496
right -8.963863335586936
right 1.2767500474727012
right -16.535762814306953
bad
right -13.124768875027257
right -7.990059231047482
right -11.941359814137225
right -15.91422705681001
right 6.025396605740301
bad
right -10.134618217603531
right -21.39439695708576
bad
bad
bad
right -4.7272752610465485
---------------------------------------
|             Epoch |              30 |
|             EpRet |            -143 |
|         EpRealRet |            -143 |
|         TestEpRet |             -28 |
|         AverageQ1 |             -50 |
|             StdQ1 |           0.567 |
|             MaxQ1 |           -34.4 |
|             MinQ1 |           -52.9 |
|                Q2 |             -50 |
|       TestSuccess |               0 |
| TotalEnvInteracts |        6.23e+06 |
|         TotalTime |        2.63e+03 |
---------------------------------------
bad
bad
right -16.96918013220475
bad
right -5.290154926926773
bad
right -9.091940011013527
right -25.910134613820183
bad
right -27.37511591841669
bad
bad
right -18.6551060534558
right -4.253767693924397
bad
bad
right -2.4032387639901316
---------------------------------------
|             Epoch |              31 |
|             EpRet |            -140 |
|         EpRealRet |            -140 |
|         TestEpRet |           -28.5 |
|         AverageQ1 |             -50 |
|             StdQ1 |           0.579 |
|             MaxQ1 |           -34.8 |
|             MinQ1 |           -56.1 |
|                Q2 |             -50 |
|       TestSuccess |               0 |
| TotalEnvInteracts |        6.43e+06 |
|         TotalTime |        2.71e+03 |
---------------------------------------
right -4.16908626473813
right -23.287673918975123
right -17.91621688623724
right -8.070843919139541
right 3.5978205737721227
bad
right -1.385482148903975
bad
right -38.27245957444224
right -2.269023202696591
bad
---------------------------------------
|             Epoch |              32 |
|             EpRet |            -143 |
|         EpRealRet |            -143 |
|         TestEpRet |           -22.7 |
|         AverageQ1 |             -50 |
|             StdQ1 |           0.582 |
|             MaxQ1 |           -35.6 |
|             MinQ1 |           -54.2 |
|                Q2 |             -50 |
|       TestSuccess |               0 |
| TotalEnvInteracts |        6.63e+06 |
|         TotalTime |         2.8e+03 |
---------------------------------------
bad
right -11.827074581907851
right -0.5872259970198677
bad
bad
right -5.333631252060764
right -21.677588285053893
bad
right -24.525720185342223
right -14.110473862330373
right -18.60893259781377
right -22.011861105381165
bad
right -9.835491338420677
right -13.020298449320133
right -11.146208067276984
---------------------------------------
|             Epoch |              33 |
|             EpRet |            -141 |
|         EpRealRet |            -141 |
|         TestEpRet |           -47.9 |
|         AverageQ1 |             -50 |
|             StdQ1 |           0.556 |
|             MaxQ1 |           -35.9 |
|             MinQ1 |           -53.5 |
|                Q2 |             -50 |
|       TestSuccess |               0 |
| TotalEnvInteracts |        6.83e+06 |
|         TotalTime |        2.88e+03 |
---------------------------------------
right -21.755583356150957
right 2.6590686041569276
right -27.439353527025673
bad
right 0.9678420242855985
right -11.026063675988588
right -14.363342725284525
bad
right 4.524877052815253
right -33.17333324878285
right -12.545778338253697
bad
bad
bad
---------------------------------------
|             Epoch |              34 |
|             EpRet |            -139 |
|         EpRealRet |            -139 |
|         TestEpRet |           -38.9 |
|         AverageQ1 |             -50 |
|             StdQ1 |           0.557 |
|             MaxQ1 |           -36.3 |
|             MinQ1 |           -52.1 |
|                Q2 |             -50 |
|       TestSuccess |               0 |
| TotalEnvInteracts |        7.03e+06 |
|         TotalTime |        2.97e+03 |
---------------------------------------
right -14.954937256967614
bad
right -17.777598721562107
right -12.62573835252562
bad
bad
bad
right -12.500259578972752
right -24.977978953053423
right -4.265269064615255
bad
right -21.606628984382674
---------------------------------------
|             Epoch |              35 |
|             EpRet |            -138 |
|         EpRealRet |            -138 |
|         TestEpRet |           -16.4 |
|         AverageQ1 |             -50 |
|             StdQ1 |           0.561 |
|             MaxQ1 |             -38 |
|             MinQ1 |           -58.6 |
|                Q2 |             -50 |
|       TestSuccess |               0 |
| TotalEnvInteracts |        7.23e+06 |
|         TotalTime |        3.05e+03 |
---------------------------------------
right -1.8343919027913458
bad
right -19.739639780556487
right -2.0031319880657534
right 0.7601258174887846
right -13.867937200376875
right -20.134299324351396
right -24.54435857875854
right -23.097463022072667
bad
right -15.749125044375813
right -6.103532691948665
right -23.362634719464673
bad
right -2.0291881684782798
bad
right -9.593294967064683
bad
right 0.8169176885667522
right -17.98325713260389
right -31.311143588808648
---------------------------------------
|             Epoch |              36 |
|             EpRet |            -144 |
|         EpRealRet |            -144 |
|         TestEpRet |             -32 |
|         AverageQ1 |             -50 |
|             StdQ1 |           0.553 |
|             MaxQ1 |           -37.7 |
|             MinQ1 |           -53.1 |
|                Q2 |             -50 |
|       TestSuccess |               0 |
| TotalEnvInteracts |        7.43e+06 |
|         TotalTime |        3.14e+03 |
---------------------------------------
bad
right 5.496239305714651
bad
right -25.833803122114837
right -3.9541985520953666
bad
right -7.7548123118871715
right -13.581995093931202
right -15.80067253392393
bad
right -12.709475856626948
right 5.857001006061129
right -1.5458163690682447
right -6.748054068189813
bad
---------------------------------------
|             Epoch |              37 |
|             EpRet |            -137 |
|         EpRealRet |            -137 |
|         TestEpRet |           -23.3 |
|         AverageQ1 |             -50 |
|             StdQ1 |           0.568 |
|             MaxQ1 |           -36.1 |
|             MinQ1 |           -57.7 |
|                Q2 |             -50 |
|       TestSuccess |               0 |
| TotalEnvInteracts |        7.63e+06 |
|         TotalTime |        3.22e+03 |
---------------------------------------
bad
right -0.17862588164581972
right -36.51799668257489
right -8.05234957728781
right -10.519931566701125
right -13.257933771681074
right -17.500147633508327
bad
right -30.499537398447558
right 2.978118066694762
right -14.283827409187726
bad
right -2.733981611827282
right -0.9552033906505422
right -7.592396668406913
---------------------------------------
|             Epoch |              38 |
|             EpRet |            -155 |
|         EpRealRet |            -155 |
|         TestEpRet |           -75.3 |
|         AverageQ1 |             -50 |
|             StdQ1 |           0.586 |
|             MaxQ1 |           -35.4 |
|             MinQ1 |           -54.1 |
|                Q2 |             -50 |
|       TestSuccess |               0 |
| TotalEnvInteracts |        7.83e+06 |
|         TotalTime |        3.31e+03 |
---------------------------------------
right -13.321390672100826
right 2.7760971100063516
bad
right -16.69471651073922
bad
right -15.025433455699023
right -4.529058758961437
bad
bad
right -5.469052484607161
bad
right -28.813801694120563
right -25.891177420200485
bad
right 3.857961422901597
right -21.356046558773727
---------------------------------------
|             Epoch |              39 |
|             EpRet |            -149 |
|         EpRealRet |            -149 |
|         TestEpRet |           -58.3 |
|         AverageQ1 |             -50 |
|             StdQ1 |           0.564 |
|             MaxQ1 |           -35.1 |
|             MinQ1 |           -53.6 |
|                Q2 |             -50 |
|       TestSuccess |               0 |
| TotalEnvInteracts |        8.04e+06 |
|         TotalTime |        3.39e+03 |
---------------------------------------
bad
right -4.184910185148329
right -11.46663329491799
bad
right -27.02085031913328
right -0.6098400113580205
right -10.469107647401419
right 0.3572848929508119
right -3.920510896642199
right -7.553527989811794
right -17.71817122164556
bad
bad
---------------------------------------
|             Epoch |              40 |
|             EpRet |            -146 |
|         EpRealRet |            -146 |
|         TestEpRet |           -43.5 |
|         AverageQ1 |             -50 |
|             StdQ1 |            0.57 |
|             MaxQ1 |           -34.8 |
|             MinQ1 |           -53.8 |
|                Q2 |             -50 |
|       TestSuccess |               0 |
| TotalEnvInteracts |        8.24e+06 |
|         TotalTime |        3.48e+03 |
---------------------------------------
bad
right -41.54104342799276
bad
bad
right -17.514061670647216
right 0.15701010878785482
right -10.748433354663636
right -21.693994374567907
right -3.519153904769624
right -9.768248153918723
right -8.555917051058294
right -20.129583467453106
bad
right 4.180928854394486
---------------------------------------
|             Epoch |              41 |
|             EpRet |            -132 |
|         EpRealRet |            -132 |
|         TestEpRet |           -58.1 |
|         AverageQ1 |             -50 |
|             StdQ1 |           0.554 |
|             MaxQ1 |           -34.5 |
|             MinQ1 |           -53.5 |
|                Q2 |             -50 |
|       TestSuccess |               0 |
| TotalEnvInteracts |        8.44e+06 |
|         TotalTime |        3.56e+03 |
---------------------------------------
right -0.07073542695980706
bad
bad
right -24.51078478911795
right -7.8593812562178655
right -18.70136627149259
right -10.583205414602151
right -0.5965442916678132
right -10.232322465805122
bad
---------------------------------------
|             Epoch |              42 |
|             EpRet |            -139 |
|         EpRealRet |            -139 |
|         TestEpRet |           -26.1 |
|         AverageQ1 |             -50 |
|             StdQ1 |           0.552 |
|             MaxQ1 |           -34.2 |
|             MinQ1 |           -53.8 |
|                Q2 |             -50 |
|       TestSuccess |               0 |
| TotalEnvInteracts |        8.64e+06 |
|         TotalTime |        3.65e+03 |
---------------------------------------
right -21.434898434367177
right 1.9888580716585924
right -14.083057847337741
right -26.77681647927968
bad
right -4.753588048527924
right -20.200364483766716
right -16.61610408093047
right -29.957313985280308
right -22.28959691618242
right -18.132493434771817
right -9.651789316768877
bad
right -19.56744104612384
right -13.112058734883412
bad
right -9.266019160798571
---------------------------------------
|             Epoch |              43 |
|             EpRet |            -145 |
|         EpRealRet |            -145 |
|         TestEpRet |           -63.5 |
|         AverageQ1 |             -50 |
|             StdQ1 |           0.539 |
|             MaxQ1 |             -34 |
|             MinQ1 |           -52.7 |
|                Q2 |             -50 |
|       TestSuccess |               0 |
| TotalEnvInteracts |        8.84e+06 |
|         TotalTime |        3.73e+03 |
---------------------------------------
bad
right -2.9340389906662914
bad
right -11.224145819662503
right -25.750787688676795
right -0.36037885656643276
bad
bad
right -18.208402006473293
bad
bad
right -13.925339393213253
right 6.647780632817794
bad
---------------------------------------
|             Epoch |              44 |
|             EpRet |            -144 |
|         EpRealRet |            -144 |
|         TestEpRet |           -57.3 |
|         AverageQ1 |             -50 |
|             StdQ1 |            0.54 |
|             MaxQ1 |           -34.1 |
|             MinQ1 |           -55.9 |
|                Q2 |             -50 |
|       TestSuccess |               0 |
| TotalEnvInteracts |        9.04e+06 |
|         TotalTime |        3.81e+03 |
---------------------------------------
right -18.413740832713238
right -6.101573051573293
bad
right -10.305556497562169
right -12.789223400587503
right -17.52749071656925
bad
right -34.15272867855173
right -33.7630684363142
right -14.054452401114034
right -3.4126420443317045
bad
bad
right -7.885001942085022
bad
---------------------------------------
|             Epoch |              45 |
|             EpRet |            -164 |
|         EpRealRet |            -164 |
|         TestEpRet |           -63.3 |
|         AverageQ1 |             -50 |
|             StdQ1 |           0.536 |
|             MaxQ1 |           -35.3 |
|             MinQ1 |           -53.4 |
|                Q2 |             -50 |
|       TestSuccess |               0 |
| TotalEnvInteracts |        9.24e+06 |
|         TotalTime |         3.9e+03 |
---------------------------------------
bad
right -17.458093913851002
right -2.7805519652670014
right 2.8920083763807023
right -14.20011298633058
right -0.6679094323517791
right -12.051548723634657
bad
right -19.5361960721581
bad
right -21.650301384485083
right 1.124257708770818
bad
right -17.44473324451473
right -25.75155326112138
bad
---------------------------------------
|             Epoch |              46 |
|             EpRet |            -135 |
|         EpRealRet |            -135 |
|         TestEpRet |           -47.1 |
|         AverageQ1 |             -50 |
|             StdQ1 |           0.514 |
|             MaxQ1 |           -36.8 |
|             MinQ1 |             -53 |
|                Q2 |             -50 |
|       TestSuccess |               0 |
| TotalEnvInteracts |        9.44e+06 |
|         TotalTime |        3.98e+03 |
---------------------------------------
right -22.300585264129353
bad
right -14.74321952830827
right -18.100842708005686
right -2.629194734771845
right -17.457943174484804
bad
right -9.45845277523826
right 0.721527843040036
bad
right -36.48976366719815
right -22.07475638728087
right -12.581501947804995
bad
right -6.203727673945249
bad
right 1.9417791733738063
---------------------------------------
|             Epoch |              47 |
|             EpRet |            -137 |
|         EpRealRet |            -137 |
|         TestEpRet |             -48 |
|         AverageQ1 |             -50 |
|             StdQ1 |           0.516 |
|             MaxQ1 |           -36.4 |
|             MinQ1 |           -53.2 |
|                Q2 |             -50 |
|       TestSuccess |               0 |
| TotalEnvInteracts |        9.64e+06 |
|         TotalTime |        4.07e+03 |
---------------------------------------
right -24.987184680172852
bad
bad
right -2.513797117803202
right -5.331958961848871
right 1.865635513698356
right -52.030215890169956
right -8.178066277969684
bad
bad
bad
bad
bad
right -10.962005146542442
right -10.98382669085018
right 4.164257301684753
right -29.234122233235993
bad
right -16.6046870007392
right -27.30982325744187
right -16.334874055722928
bad
---------------------------------------
|             Epoch |              48 |
|             EpRet |            -154 |
|         EpRealRet |            -154 |
|         TestEpRet |           -15.3 |
|         AverageQ1 |             -50 |
|             StdQ1 |           0.515 |
|             MaxQ1 |           -36.2 |
|             MinQ1 |           -52.6 |
|                Q2 |             -50 |
|       TestSuccess |               0 |
| TotalEnvInteracts |        9.84e+06 |
|         TotalTime |        4.15e+03 |
---------------------------------------
right -21.685534465080764
right -9.58154464960965
right -23.18613791122435
bad
right -34.56924384162333
right -1.1022778370518527
bad
right -13.604624870790278
bad
right -48.94697973323849
bad
right -7.968134950342268
right -3.048897209695898
right -9.314367362375371
right -6.358792092347414
right -8.144004376712193
right -1.3637077528294732
bad
right -5.634006732759557
right -28.857037644775247
---------------------------------------
|             Epoch |              49 |
|             EpRet |            -148 |
|         EpRealRet |            -148 |
|         TestEpRet |           -20.2 |
|         AverageQ1 |             -50 |
|             StdQ1 |           0.514 |
|             MaxQ1 |           -33.9 |
|             MinQ1 |           -56.2 |
|                Q2 |             -50 |
|       TestSuccess |               0 |
| TotalEnvInteracts |           1e+07 |
|         TotalTime |        4.24e+03 |
---------------------------------------
right -6.855153617878258
right -51.75882015098891
bad
right -31.158970399220742
bad
bad
right -12.012299400702318
right -47.061690560547646
right -17.392131649300637
bad
right -3.101368839584895
bad
right -4.528122412318435
right -23.885535927644234
right -20.955564745586873
right -12.306610706042665
right -22.11159353842981
right -11.081413150315448
bad
bad
right -11.173798188321275
right -10.341957049531946
bad
---------------------------------------
|             Epoch |              50 |
|             EpRet |            -137 |
|         EpRealRet |            -137 |
|         TestEpRet |           -32.2 |
|         AverageQ1 |             -50 |
|             StdQ1 |           0.498 |
|             MaxQ1 |           -34.9 |
|             MinQ1 |           -52.8 |
|                Q2 |             -50 |
|       TestSuccess |               0 |
| TotalEnvInteracts |        1.02e+07 |
|         TotalTime |        4.33e+03 |
---------------------------------------
right -4.117339291946276
right -22.247216941939087
right -18.040917245883183
right -14.621604483769609
right -24.110551362639242
bad
right -0.4107528757185275
bad
right -4.421970694429662
bad
right 7.517085462328569
---------------------------------------
|             Epoch |              51 |
|             EpRet |            -138 |
|         EpRealRet |            -138 |
|         TestEpRet |           -50.6 |
|         AverageQ1 |             -50 |
|             StdQ1 |           0.507 |
|             MaxQ1 |           -34.7 |
|             MinQ1 |           -53.1 |
|                Q2 |             -50 |
|       TestSuccess |               0 |
| TotalEnvInteracts |        1.04e+07 |
|         TotalTime |        4.41e+03 |
---------------------------------------
right -38.37937189113421
bad
bad
right 3.2814190336224733
right -32.80452631724511
right -6.343037142930008
right -19.65870843649239
bad
bad
right -11.75858835103767
right -22.999215772907206
right -15.283971854135999
right -19.643466294711132
right -16.06045314187074
right -25.016203174946128
right 5.023881158625664
---------------------------------------
|             Epoch |              52 |
|             EpRet |            -162 |
|         EpRealRet |            -162 |
|         TestEpRet |           -48.7 |
|         AverageQ1 |             -50 |
|             StdQ1 |           0.517 |
|             MaxQ1 |           -34.2 |
|             MinQ1 |           -56.7 |
|                Q2 |             -50 |
|       TestSuccess |               0 |
| TotalEnvInteracts |        1.06e+07 |
|         TotalTime |        4.49e+03 |
---------------------------------------
right -17.721483085405715
right -12.19123740594252
bad
right -4.916179484492599
right -9.949126966921241
right -23.02783388201422
right -23.147404765767853
right 5.272903391960599
right -17.763588438755384
right -2.845359284762548
right -0.2513205560947096
right -15.78952953343903
right 8.662259013466185
right -1.0998837409078472
bad
right 3.4342422237853008
right -10.141198774504584
right -11.73948135698382
right -0.11929555507611589
right 6.175081757528924
right -34.78772416707351
right -15.967446275272422
right 0.7669760994119574
bad
right -2.986052276217631
right -11.876575280498727
right -6.302666704595556
right -6.872769871137386
---------------------------------------
|             Epoch |              53 |
|             EpRet |            -147 |
|         EpRealRet |            -147 |
|         TestEpRet |           -33.5 |
|         AverageQ1 |             -50 |
|             StdQ1 |           0.522 |
|             MaxQ1 |           -33.2 |
|             MinQ1 |           -52.5 |
|                Q2 |             -50 |
|       TestSuccess |               0 |
| TotalEnvInteracts |        1.08e+07 |
|         TotalTime |        4.58e+03 |
---------------------------------------
right -13.695111075855277
bad
bad
bad
right -17.233499426432918
right 0.8438664537543197
right -25.10337899518384
right -19.36089014056039
right 0.11407757057093448
right -11.159591273565486
right 4.304464955613049
right -7.2409011494525615
right -1.5022932395194477
right -72.30004035648903
right -21.66766549101193
right -2.7440822220759404
right -7.128597108368886
bad
right 0.3121049362636743
---------------------------------------
|             Epoch |              54 |
|             EpRet |            -146 |
|         EpRealRet |            -146 |
|         TestEpRet |           -31.7 |
|         AverageQ1 |             -50 |
|             StdQ1 |            0.54 |
|             MaxQ1 |           -33.4 |
|             MinQ1 |           -53.1 |
|                Q2 |             -50 |
|       TestSuccess |               0 |
| TotalEnvInteracts |        1.11e+07 |
|         TotalTime |        4.66e+03 |
---------------------------------------
right -17.32282085332768
right -3.672779019722155
bad
right -19.601519550936295
bad
bad
bad
right -16.037127534828358
right -1.3617224258929213
right -13.31850434897379
right -3.0363903235388356
right -27.72646084596105
right -17.598142243883107
right -10.33982718034547
right -64.02532005984449
right -6.93612330245962
right -19.095613314651665
right -9.313422832921809
right -12.785480742439468
---------------------------------------
|             Epoch |              55 |
|             EpRet |            -154 |
|         EpRealRet |            -154 |
|         TestEpRet |           -38.6 |
|         AverageQ1 |             -50 |
|             StdQ1 |           0.553 |
|             MaxQ1 |             -33 |
|             MinQ1 |           -54.1 |
|                Q2 |             -50 |
|       TestSuccess |               0 |
| TotalEnvInteracts |        1.13e+07 |
|         TotalTime |        4.75e+03 |
---------------------------------------
right -13.590393174096263
right -27.254567594395162
right -5.68554853844795
right -6.138320842941901
bad
right -13.410279891631767
right -17.370482808720627
right -19.88535734870117
bad
right -34.798558532686314
right -1.5505601331172247
right -20.442503286320495
right 1.6720165704559147
bad
bad
right -7.440669337431768
right 3.390242872666679
---------------------------------------
|             Epoch |              56 |
|             EpRet |            -149 |
|         EpRealRet |            -149 |
|         TestEpRet |             -44 |
|         AverageQ1 |             -50 |
|             StdQ1 |           0.536 |
|             MaxQ1 |           -32.9 |
|             MinQ1 |           -53.1 |
|                Q2 |             -50 |
|       TestSuccess |               0 |
| TotalEnvInteracts |        1.15e+07 |
|         TotalTime |        4.83e+03 |
---------------------------------------
right -11.50955889389623
right -12.854938759162124
right 4.190975034463791
bad
right 2.695084069578529
right -2.458012400695175
right 4.1494343115310635
right -4.779556166186969
right 0.7937068238698544
bad
right -5.673006110593414
right 8.679880606259786
right -46.692946220369784
right 3.8652143862752535
right -6.821888203908625
right -20.90942504382355
right -14.135620368144867
bad
right -17.772758672121647
---------------------------------------
|             Epoch |              57 |
|             EpRet |            -150 |
|         EpRealRet |            -150 |
|         TestEpRet |           -47.6 |
|         AverageQ1 |             -50 |
|             StdQ1 |           0.539 |
|             MaxQ1 |           -32.6 |
|             MinQ1 |           -52.1 |
|                Q2 |             -50 |
|       TestSuccess |               0 |
| TotalEnvInteracts |        1.17e+07 |
|         TotalTime |        4.92e+03 |
---------------------------------------
bad
right -28.14474077946081
bad
right -11.12653395072801
bad
right -5.50633769273311
right -8.441261496035992
right 1.9827837040586456
right -31.5764780667455
right 0.10003274449691624
right -11.966237530491739
right -9.487711346779438
bad
right -8.21370127070514
bad
right -52.96057756555774
right 4.224298955002604
---------------------------------------
|             Epoch |              58 |
|             EpRet |            -138 |
|         EpRealRet |            -138 |
|         TestEpRet |           -29.7 |
|         AverageQ1 |             -50 |
|             StdQ1 |           0.547 |
|             MaxQ1 |           -32.8 |
|             MinQ1 |           -52.5 |
|                Q2 |             -50 |
|       TestSuccess |               0 |
| TotalEnvInteracts |        1.19e+07 |
|         TotalTime |           5e+03 |
---------------------------------------
right -16.998535167751992
bad
right -4.384708428005165
right -37.51583699685017
bad
right 1.6365694939518587
bad
right -24.588463765396085
right -13.218283760497815
right -2.688750654641776
right -9.901319098688724
right -13.80377821476177
right -5.316633372395607
right -9.370281835787353
bad
right -78.29543665445689
right 2.5197224941951015
right -3.788687174248187
right -12.62868205044606
---------------------------------------
|             Epoch |              59 |
|             EpRet |            -154 |
|         EpRealRet |            -154 |
|         TestEpRet |           -83.2 |
|         AverageQ1 |             -50 |
|             StdQ1 |           0.557 |
|             MaxQ1 |           -31.8 |
|             MinQ1 |           -54.7 |
|                Q2 |             -50 |
|       TestSuccess |               0 |
| TotalEnvInteracts |        1.21e+07 |
|         TotalTime |        5.09e+03 |
---------------------------------------
right -17.79488321240148
bad
right -21.7288237415897
right -6.279675722851685
right -16.884716610576817
right -19.55052232264392
right -13.959415530312661
