[36;1mSaving config:
[0m
{
    "args":	null,
    "env":	null,
    "exp_name":	"HER_mpi1_random_TD3Torch_PandaReach-v2",
    "logger":	null,
    "logger_kwargs":	{
        "exp_name":	"HER_mpi1_random_TD3Torch_PandaReach-v2",
        "output_dir":	"HER_DRLib_Torch_exps/2023-02-24_HER_mpi1_random_TD3Torch_PandaReach-v2/2023-02-24_09-48-07-HER_mpi1_random_TD3Torch_PandaReach-v2_s300"
    },
    "net":	null
}
bad
right -15.547207793050212
right -19.13601565109007
right -24.66636749490985
right -14.784979232047387
right -26.916629322727267
right -22.897512392907004
right -20.47502121243444
right -15.965953489440924
right -15.718288594803909
right -15.887519774491068
right -15.160439025149014
right -30.91093183699555
right -12.359481097526569
right -15.405880239450227
right 5.642388242278674
right -28.292420323565274
bad
---------------------------------------
|             Epoch |               0 |
|             EpRet |            -120 |
|         EpRealRet |            -120 |
|         TestEpRet |               0 |
|         AverageQ1 |           -48.1 |
|             StdQ1 |             7.4 |
|             MaxQ1 |          -0.109 |
|             MinQ1 |           -64.5 |
|                Q2 |           -48.1 |
|       TestSuccess |               0 |
| TotalEnvInteracts |        1.97e+05 |
|         TotalTime |             103 |
---------------------------------------
right -4.411830299747377
bad
right 3.905704645342251
bad
right -13.893492380312864
right -30.264647264556046
right -8.955354766248341
bad
bad
right -16.9985711003485
right 3.0720380855062634
right 5.399912339390597
right -24.238422983951367
bad
right -18.649914876178233
right -33.85634577062575
bad
bad
bad
---------------------------------------
|             Epoch |               1 |
|             EpRet |            -151 |
|         EpRealRet |            -151 |
|         TestEpRet |             -98 |
|         AverageQ1 |           -49.8 |
|             StdQ1 |             1.5 |
|             MaxQ1 |           -31.5 |
|             MinQ1 |           -63.1 |
|                Q2 |           -49.8 |
|       TestSuccess |               0 |
| TotalEnvInteracts |        3.98e+05 |
|         TotalTime |             208 |
---------------------------------------
right -8.205672111023915
bad
right -7.032468927357353
right -7.7878206847289455
right -9.679963932162718
right -18.177112323295308
right -7.264195965503458
right -25.558561900295366
bad
right 8.1323785259407
bad
bad
bad
right -18.168166616574297
right -28.16578701040796
right -7.340021489100383
right -3.4879813920161418
right -10.275325180481751
---------------------------------------
|             Epoch |               2 |
|             EpRet |            -163 |
|         EpRealRet |            -163 |
|         TestEpRet |           -54.7 |
|         AverageQ1 |           -49.8 |
|             StdQ1 |            1.71 |
|             MaxQ1 |           -27.2 |
|             MinQ1 |           -66.8 |
|                Q2 |           -49.8 |
|       TestSuccess |               0 |
| TotalEnvInteracts |        5.99e+05 |
|         TotalTime |             316 |
---------------------------------------
right -6.495319033978507
right -3.282468239952154
right -11.260884302930837
right 0.737349714513865
right -15.059994481442025
right -35.91658671531739
right -23.6736677819229
right -4.265552945732638
right -11.789036351688317
bad
bad
right -3.4390145038970417
bad
right -17.56484646335744
right -0.31687686567602213
bad
right -9.749844209751132
right 7.657451582335895
bad
bad
---------------------------------------
|             Epoch |               3 |
|             EpRet |            -159 |
|         EpRealRet |            -159 |
|         TestEpRet |           -26.2 |
|         AverageQ1 |           -49.8 |
|             StdQ1 |            1.77 |
|             MaxQ1 |           -26.1 |
|             MinQ1 |           -63.5 |
|                Q2 |           -49.8 |
|       TestSuccess |               0 |
| TotalEnvInteracts |           8e+05 |
|         TotalTime |             421 |
---------------------------------------
bad
right 6.033917439663199
bad
bad
bad
right 1.9457695556411227
right 3.2594596288411584
bad
bad
bad
bad
bad
right 2.057751630822114
right -26.476131009360472
right -17.042285826561915
right -19.829137150826874
bad
bad
right 1.5615598881089703
bad
right -2.431218881213992
right -7.563600209578894
bad
right -59.56358525847173
bad
right -22.313218253732806
bad
bad
bad
bad
right 4.922272375091669
right -55.81965813382632
---------------------------------------
|             Epoch |               4 |
|             EpRet |            -157 |
|         EpRealRet |            -157 |
|         TestEpRet |           -56.9 |
|         AverageQ1 |           -49.8 |
|             StdQ1 |            1.58 |
|             MaxQ1 |           -25.9 |
|             MinQ1 |           -57.7 |
|                Q2 |           -49.8 |
|       TestSuccess |               0 |
| TotalEnvInteracts |           1e+06 |
|         TotalTime |             527 |
---------------------------------------
right -0.3190678295207654
right -1.6397120437303965
right -7.915354872357703
bad
right -16.69337157172079
bad
bad
right -202.71634324294558
bad
right -17.485523805693308
right -3.5285157698199736
bad
bad
right -35.06026694642016
right -22.35460684326239
right 1.098947928023419
bad
right -8.413222025317204
right 7.761655111359153
bad
bad
bad
bad
bad
right 3.400348680912396
bad
right -1.1569647410826036
bad
right 9.347252945704083
right 5.100501931470146
bad
right 2.9760056444459027
right -2.061706422936185
bad
---------------------------------------
|             Epoch |               5 |
|             EpRet |            -147 |
|         EpRealRet |            -147 |
|         TestEpRet |           -65.4 |
|         AverageQ1 |           -49.8 |
|             StdQ1 |            1.65 |
|             MaxQ1 |           -25.1 |
|             MinQ1 |           -54.9 |
|                Q2 |           -49.8 |
|       TestSuccess |               0 |
| TotalEnvInteracts |         1.2e+06 |
|         TotalTime |             632 |
---------------------------------------
right 1.4084075832174143
right -16.747163162671374
bad
bad
right -14.633366597816927
right -2.718965107699347
bad
bad
right 2.9454934389130525
right 4.085895610494753
right -19.359400247860034
right 1.6918222921594932
right -2.8975380905248898
bad
bad
right -1.802376341895176
right -2.4704717496740543
bad
right 7.556206938787845
right -74.57729094558547
---------------------------------------
|             Epoch |               6 |
|             EpRet |            -150 |
|         EpRealRet |            -150 |
|         TestEpRet |            -127 |
|         AverageQ1 |           -49.8 |
|             StdQ1 |            1.47 |
|             MaxQ1 |           -27.8 |
|             MinQ1 |           -57.6 |
|                Q2 |           -49.8 |
|       TestSuccess |               0 |
| TotalEnvInteracts |         1.4e+06 |
|         TotalTime |             737 |
---------------------------------------
bad
bad
bad
bad
bad
bad
right -18.13480784122565
right 1.4434411838094903
right -2.4056836623079096
right -0.3795940010442109
bad
bad
bad
right -8.208300063994749
right -17.198731696732455
bad
bad
right 0.5701182158334959
bad
bad
bad
bad
bad
bad
right -5.489731252696487
bad
bad
bad
right 5.937850701773017
bad
bad
bad
bad
right -33.703081025974186
right 1.3034901872393139
right -3.9040810083264255
right -28.662144569761388
---------------------------------------
|             Epoch |               7 |
|             EpRet |            -151 |
|         EpRealRet |            -151 |
|         TestEpRet |           -83.6 |
|         AverageQ1 |           -49.8 |
|             StdQ1 |            1.29 |
|             MaxQ1 |           -28.8 |
|             MinQ1 |           -58.4 |
|                Q2 |           -49.8 |
|       TestSuccess |               0 |
| TotalEnvInteracts |         1.6e+06 |
|         TotalTime |             843 |
---------------------------------------
bad
bad
right -2.9113091322437334
right -27.343119338771828
bad
right -44.91106298430988
bad
right -34.76700504036643
bad
bad
right 3.642217037955813
right 1.5945468763084687
right -19.842978158686122
right -13.849176051453274
right -1.3731347999120587
bad
right 2.7623872520056576
right -8.23976669486111
right 1.402519492095994
right -20.125695319757163
bad
bad
right -9.373093151982783
bad
right -0.16794404251468364
bad
bad
right 2.985696289108592
---------------------------------------
|             Epoch |               8 |
|             EpRet |            -153 |
|         EpRealRet |            -153 |
|         TestEpRet |           -63.3 |
|         AverageQ1 |           -49.8 |
|             StdQ1 |             1.2 |
|             MaxQ1 |             -32 |
|             MinQ1 |           -55.4 |
|                Q2 |           -49.8 |
|       TestSuccess |               0 |
| TotalEnvInteracts |         1.8e+06 |
|         TotalTime |             949 |
---------------------------------------
right 6.846656778455884
right 4.408314626752789
right 1.1506305486290387
bad
right -15.93685836650372
right 5.415670017514796
right -15.40092407868908
right -25.815983649140584
right 6.2544267563223
bad
right -23.335254180265004
right -42.67414520868758
right -2.4855494575478723
bad
right 0.0897875164612909
right -1.6514661780105868
right -3.902209017180816
right 7.299108937512896
right 5.147474096601526
bad
bad
bad
right 5.183942380591786
right -25.18375780282858
bad
bad
right 2.8474085741772406
bad
right -16.01699540281714
right -14.703634755289894
bad
right -19.221365304404017
---------------------------------------
|             Epoch |               9 |
|             EpRet |            -151 |
|         EpRealRet |            -151 |
|         TestEpRet |           -74.4 |
|         AverageQ1 |           -49.8 |
|             StdQ1 |             1.3 |
|             MaxQ1 |           -31.5 |
|             MinQ1 |           -58.8 |
|                Q2 |           -49.8 |
|       TestSuccess |               0 |
| TotalEnvInteracts |        2.01e+06 |
|         TotalTime |        1.05e+03 |
---------------------------------------
right 0.7466952226062222
bad
right -0.24047642181220752
right -18.868947217239807
right -2.111647863843986
right -15.768743168475474
right -3.4956227061090352
right 8.337049995837079
right -12.400687977523113
bad
right -2.579436346084824
bad
bad
right -24.215562084022217
right -1.6474840132051796
bad
right -30.572156448757312
right -3.9705633782192233
bad
bad
bad
bad
right 2.8487306094756617
bad
right 3.8188349014153307
bad
right 4.9385656281152235
bad
right 6.004888384561813
bad
right -3.4257231276738125
right 3.5671832099782232
bad
---------------------------------------
|             Epoch |              10 |
|             EpRet |            -157 |
|         EpRealRet |            -157 |
|         TestEpRet |           -43.7 |
|         AverageQ1 |           -49.8 |
|             StdQ1 |            1.43 |
|             MaxQ1 |             -29 |
|             MinQ1 |           -55.1 |
|                Q2 |           -49.8 |
|       TestSuccess |               0 |
| TotalEnvInteracts |        2.21e+06 |
|         TotalTime |        1.16e+03 |
---------------------------------------
bad
right 3.4774469376664054
right 6.652896272293326
right -5.745686240341403
bad
bad
right 8.429848126069928
right -10.594434302807766
bad
bad
right -31.323226150325
right -22.398021282853144
right -6.80844975805261
bad
right -3.058022777242151
right -9.26808807138243
right -57.826956586530514
bad
bad
bad
right -17.09259125280439
bad
right 8.000325801215116
bad
bad
bad
right 7.319722037390662
bad
bad
right -42.15225285711759
right -62.45666200333288
right 2.642100474624307
right -0.6741840659000751
bad
---------------------------------------
|             Epoch |              11 |
|             EpRet |            -160 |
|         EpRealRet |            -160 |
|         TestEpRet |           -34.5 |
|         AverageQ1 |           -49.7 |
|             StdQ1 |            1.47 |
|             MaxQ1 |           -26.9 |
|             MinQ1 |           -59.2 |
|                Q2 |           -49.7 |
|       TestSuccess |               0 |
| TotalEnvInteracts |        2.41e+06 |
|         TotalTime |        1.27e+03 |
---------------------------------------
bad
right 6.633463617047869
right 6.5754113733702315
right -1.6656299909073198
bad
bad
right -13.768565695520138
bad
bad
right 0.3073930592656424
right -0.46765694967322347
right -2.4852587023506523
right 4.417247254432587
right -14.088866792083394
right -4.333588634357001
right -1.9408417573239731
right -4.059882721755068
right 8.492816023936415
right -1.1234844497265062
right -62.40374134110766
right 0.5305939566283655
bad
bad
bad
right -5.869950502231514
right -1.5319670232118021
right 6.537486216928441
right 3.535691083751038
right -3.217755871322332
right 2.1399460100323147
right -45.0167827603604
bad
right 3.7972236692551444
---------------------------------------
|             Epoch |              12 |
|             EpRet |            -159 |
|         EpRealRet |            -159 |
|         TestEpRet |           -88.5 |
|         AverageQ1 |           -49.7 |
|             StdQ1 |            1.48 |
|             MaxQ1 |           -27.8 |
|             MinQ1 |           -68.7 |
|                Q2 |           -49.7 |
|       TestSuccess |               0 |
| TotalEnvInteracts |        2.61e+06 |
|         TotalTime |        1.37e+03 |
---------------------------------------
right -110.0728541426063
bad
right 7.0493449056282
bad
right 1.685156399425388
right -14.768667031626094
right -3.533501699438828
bad
right -39.83836701415047
right -13.920085512168097
right -58.74520508154143
right 7.006832373049843
right 5.049320119456403
right 1.1273650205140449
bad
right -3.7373438670468655
right 0.5404627229561907
right 4.16298131462206
bad
bad
bad
right -1.650609550811975
right -1.7067250837870311
bad
bad
bad
bad
right 3.240713589209995
bad
bad
right 1.8074065261882648
right -8.811884809515327
right 2.6797529736153836
right -57.03525533622532
bad
right 2.627904045266666
---------------------------------------
|             Epoch |              13 |
|             EpRet |            -159 |
|         EpRealRet |            -159 |
|         TestEpRet |           -40.2 |
|         AverageQ1 |           -49.7 |
|             StdQ1 |             1.5 |
|             MaxQ1 |           -28.9 |
|             MinQ1 |           -64.9 |
|                Q2 |           -49.7 |
|       TestSuccess |               0 |
| TotalEnvInteracts |        2.81e+06 |
|         TotalTime |        1.48e+03 |
---------------------------------------
right 2.148804845112161
bad
right 6.250555170075483
bad
bad
right -0.7249909182269914
right -22.84894304688399
bad
right -4.443645535280037
right -28.383031790805838
bad
bad
right 1.7469993666507495
bad
right -57.8104787973913
right -203.80250389664238
right 3.3145062478217486
right -2.092674401040167
right -0.5468950644247101
right -5.8797939382376345
right -19.46260134116599
right 4.065881990340565
bad
bad
right -34.11289193066004
bad
right 6.027660772405717
right -8.578339145585819
right 3.8559930723249494
right -2.331479035698756
right -3.6026066477044854
right -18.36944232265097
right -2.1226230180900885
right -33.36539744160029
bad
right 6.891389354986564
right 8.484090638596447
right -75.86945236533077
right 2.5238656775591384
bad
right 6.1379463363973885
right -19.194647631165694
right -29.71170053458927
right 8.565493145287016
right -1.0616511307186762
right -9.459510275410675
bad
bad
right -3.0727342286733172
right 3.1961023085898743
right -6.772670739346594
right -43.60140613047165
---------------------------------------
|             Epoch |              14 |
|             EpRet |            -154 |
|         EpRealRet |            -154 |
|         TestEpRet |            -123 |
|         AverageQ1 |           -49.7 |
|             StdQ1 |            1.43 |
|             MaxQ1 |           -29.8 |
|             MinQ1 |           -57.4 |
|                Q2 |           -49.7 |
|       TestSuccess |               0 |
| TotalEnvInteracts |        3.01e+06 |
|         TotalTime |        1.59e+03 |
---------------------------------------
right 5.600233196494825
bad
bad
right -19.19096163212552
right -1.0334540348622951
right 8.772955740279901
bad
right 1.4964774738715327
bad
bad
right 0.8733786819698022
right -34.73397541768839
right 4.64434129144574
right -19.28710059423654
right -2.6398335998462166
right -41.283328432570386
right 7.442606338989146
bad
bad
right -16.618198579410386
right -4.705637310254183
bad
right -0.23759997346871486
bad
right 0.5073421882722791
right -21.740402366940184
right -5.726142458445423
right 7.019031124520229
right 1.0264932710553296
right 7.415520005150461
right -18.363664279251076
right 5.750478706249783
right -18.018435498670357
bad
right 7.718993926474376
bad
right 6.565505395249052
right 9.231280337513425
bad
right 7.203435155974444
bad
right 7.187601713749963
---------------------------------------
|             Epoch |              15 |
|             EpRet |            -165 |
|         EpRealRet |            -165 |
|         TestEpRet |           -76.5 |
|         AverageQ1 |           -49.7 |
|             StdQ1 |             1.5 |
|             MaxQ1 |           -28.6 |
|             MinQ1 |           -54.1 |
|                Q2 |           -49.7 |
|       TestSuccess |               0 |
| TotalEnvInteracts |        3.21e+06 |
|         TotalTime |        1.69e+03 |
---------------------------------------
bad
bad
right -7.634284935389953
right -70.05554613205184
right 5.576979096585207
right 0.7072450558896808
bad
bad
right -3.286424090289053
right 8.976872831365391
right -16.498593962690368
right 8.40741131154272
right -1.7686893590941928
right 0.13043664096618812
right 7.251998149523946
right -16.041490849206504
right 6.725296717237319
bad
right -0.6391222877227971
right -37.108638515745895
right -75.27210805957924
bad
right 7.485592425521983
bad
right 0.844438271385437
bad
bad
right 3.107710772651596
right 5.1321865709253505
bad
right 4.850821217028347
bad
right 7.687256312508431
bad
right 5.712184610903173
right 0.8248851207377879
---------------------------------------
|             Epoch |              16 |
|             EpRet |            -162 |
|         EpRealRet |            -162 |
|         TestEpRet |           -54.6 |
|         AverageQ1 |           -49.7 |
|             StdQ1 |            1.46 |
|             MaxQ1 |           -30.8 |
|             MinQ1 |             -59 |
|                Q2 |           -49.7 |
|       TestSuccess |               0 |
| TotalEnvInteracts |        3.41e+06 |
|         TotalTime |         1.8e+03 |
---------------------------------------
bad
bad
right -1.5620228677702634
right -19.46248960043889
right -3.431012019854405
right -1.462281127227893
right 1.5664482846367171
right -30.719462567608247
right 2.166945472123272
right 4.736156511869667
right 4.157796160189254
right -23.57721757576921
bad
right -18.428211454732946
right 7.685373362286869
right -13.579095321259569
bad
bad
right 0.45120607604394536
right -11.11877570550243
right -22.042447867185693
right -1.2233315613418618
right 2.2190772579311524
bad
right 3.767803519912677
right 0.1337506002997273
right -4.574716088741102
right -8.609161977470457
bad
right -17.04923708627833
right -26.902278926534564
right -15.372995847938185
right 3.0397341196994745
bad
right -15.717074364418117
right 6.6307885473968575
bad
right 7.299175930635114
right -15.910210765610131
right 6.248812627028918
right -35.94289193588595
right -15.970694125043359
right -0.65360053705305
right 5.853337622284337
bad
bad
right -60.892549518568586
---------------------------------------
|             Epoch |              17 |
|             EpRet |            -164 |
|         EpRealRet |            -164 |
|         TestEpRet |           -75.2 |
|         AverageQ1 |           -49.7 |
|             StdQ1 |            1.48 |
|             MaxQ1 |           -31.9 |
|             MinQ1 |           -63.4 |
|                Q2 |           -49.7 |
|       TestSuccess |               0 |
| TotalEnvInteracts |        3.61e+06 |
|         TotalTime |         1.9e+03 |
---------------------------------------
bad
right -29.961334220623478
right -0.7201667888550372
right -2.1757266883002284
bad
right 2.236590820097753
bad
right 1.4137825319372581
right -7.064491767033086
right -19.853101518124383
right -18.419988054630263
bad
right 7.006408318121675
bad
right 2.171884516316865
bad
right -10.064160889808626
bad
right 2.402321949745555
right -33.57902730046332
right -0.32258634591443425
right -31.53050704347634
right 0.1446596842201835
right -6.000187572584487
bad
right -10.746182363405389
right -0.19248162334546137
right -22.17638163876859
right 4.75937815458696
right -40.08673147004685
right -13.970961295376437
right -1.1153501641421588
bad
right -17.086870319199832
right 7.631461521190578
right -53.13061254756637
right 2.1691531187720257
right -38.09950284025994
bad
right 5.959911650093632
right -0.15885695274459444
right -138.20030776077806
right -0.10090355909866666
right -41.944607954318435
bad
right -4.5681005560791395
---------------------------------------
|             Epoch |              18 |
|             EpRet |            -164 |
|         EpRealRet |            -164 |
|         TestEpRet |           -92.8 |
|         AverageQ1 |           -49.7 |
|             StdQ1 |             1.5 |
|             MaxQ1 |             -33 |
|             MinQ1 |           -55.3 |
|                Q2 |           -49.7 |
|       TestSuccess |               0 |
| TotalEnvInteracts |        3.81e+06 |
|         TotalTime |        2.01e+03 |
---------------------------------------
right 3.620114743683038
bad
bad
right 6.669359510764071
bad
right -99.92302841506863
right 3.1659992421811713
bad
right -19.49378414259135
right -0.4281153920237717
bad
right -15.679387582807923
right -2.400134815082577
right -2.7103851920776574
bad
bad
right 3.2183306209179534
right -6.964324380614176
bad
right -5.736490621172782
bad
right -9.235313056864086
bad
right 4.1329951880296925
bad
right -5.849439684981226
right 6.929659671314851
right -22.99901832846882
bad
bad
right -26.56891255334733
bad
right 1.1398187305815188
right -58.85618151025581
right 4.3782851335732715
right -42.26738147754979
right 5.296670848856483
bad
right 0.8067070397363505
right 5.484229023921547
bad
right 2.0828305287803994
---------------------------------------
|             Epoch |              19 |
|             EpRet |            -158 |
|         EpRealRet |            -158 |
|         TestEpRet |           -63.9 |
|         AverageQ1 |           -49.7 |
|             StdQ1 |            1.47 |
|             MaxQ1 |           -31.3 |
|             MinQ1 |           -57.9 |
|                Q2 |           -49.7 |
|       TestSuccess |               0 |
| TotalEnvInteracts |        4.02e+06 |
|         TotalTime |        2.12e+03 |
---------------------------------------
bad
right -0.8575928105125907
right -9.137947729900493
right -10.227305615584935
bad
bad
right -5.242880150734683
right -14.277251407884556
bad
right 3.3298597372660153
right -1.9299034142285478
right -17.909582341769486
bad
bad
bad
bad
bad
right 7.343372326984864
right -24.77755120204742
bad
right 4.4377633131822165
right 4.1660646174257385
right 2.3114143473478705
right -29.402626063080113
bad
right 6.492488710271743
right -0.9845990371981035
right 0.7406264966366489
bad
bad
right -2.692330952878738
right 8.528332527472163
right -24.33925660802312
right 0.3461864860058288
right -7.127408803191319
right 3.7747469501751842
right 6.482447444719049
bad
bad
right 2.101200555065689
bad
right 6.276033539903055
bad
right 2.2617780726027092
bad
---------------------------------------
|             Epoch |              20 |
|             EpRet |            -159 |
|         EpRealRet |            -159 |
|         TestEpRet |           -64.5 |
|         AverageQ1 |           -49.7 |
|             StdQ1 |            1.46 |
|             MaxQ1 |           -32.3 |
|             MinQ1 |           -61.9 |
|                Q2 |           -49.7 |
|       TestSuccess |               0 |
| TotalEnvInteracts |        4.22e+06 |
|         TotalTime |        2.22e+03 |
---------------------------------------
bad
right 4.07065218688391
right 8.545521203652248
bad
right 8.332057731035382
right -17.00423241193123
bad
right 6.003601390577783
right -17.103924609971628
right -13.24851287079365
right 4.490214912350839
bad
bad
right 6.0946810744224305
right 1.9603013933669775
right 3.119291619330495
bad
right -1.9558874913176112
bad
bad
right -3.076808394421228
bad
bad
right 3.900969667566483
right -13.7321652183658
right -19.705687192658488
right -6.013091749224955
right 0.019679054741391866
bad
right -1.7398623171028849
bad
bad
right -19.15014468245978
right -9.938061998096742
right -8.600310907039901
bad
right -22.069115796182906
right 2.846423640200948
right -25.875221360782625
bad
right 3.105036127340698
right -3.2935360158935474
right 0.8935212390144738
right 2.7905707024900392
---------------------------------------
|             Epoch |              21 |
|             EpRet |            -133 |
|         EpRealRet |            -133 |
|         TestEpRet |           -97.9 |
|         AverageQ1 |           -49.7 |
|             StdQ1 |            1.53 |
|             MaxQ1 |           -32.3 |
|             MinQ1 |           -52.8 |
|                Q2 |           -49.7 |
|       TestSuccess |               0 |
| TotalEnvInteracts |        4.42e+06 |
|         TotalTime |        2.33e+03 |
---------------------------------------
right 1.635047586429062
bad
right 7.0654994828626005
right -21.95973118602999
bad
bad
right 4.722336942353545
right 2.75029612136915
right -11.678548615498965
right 7.549507080499796
right -0.14543964456223435
bad
right 8.651733193509912
bad
right -7.737780229060476
right -18.988703748440354
right 3.102442486514807
right -3.2515597553520834
right 2.679647932012042
bad
bad
bad
bad
bad
right 3.3888030171185166
right -22.578725609782076
bad
right 6.035779277344068
bad
right -66.45267717109309
right -20.765108012988428
right -34.09446472804032
bad
right 2.6487370231755225
right -9.145604894521284
right 5.4268398864394465
right 8.93356396652408
right -5.553463745360554
right -14.292386673222882
bad
right -1.603452502302991
right -7.868207332876935
bad
right -15.438552852571114
right 3.0078903857443677
---------------------------------------
|             Epoch |              22 |
|             EpRet |            -162 |
|         EpRealRet |            -162 |
|         TestEpRet |           -62.8 |
|         AverageQ1 |           -49.7 |
|             StdQ1 |            1.54 |
|             MaxQ1 |           -32.9 |
|             MinQ1 |           -54.6 |
|                Q2 |           -49.7 |
|       TestSuccess |               0 |
| TotalEnvInteracts |        4.62e+06 |
|         TotalTime |        2.43e+03 |
---------------------------------------
bad
right -96.53935353299028
bad
right -56.50288721018764
right -10.618444154902498
right -20.360254425792995
right -9.09454373325486
right 6.576062438067103
bad
right -17.704028393379335
bad
bad
bad
right -0.6627278457847385
bad
right -23.242499147602935
right -3.6150200583879553
right 3.956194530249828
right 4.253087993233238
bad
bad
right 5.508075663523173
bad
bad
right -26.356509185707566
right -4.133216684214979
right 6.568911860467613
bad
right 7.6151224233929895
bad
bad
right 4.875956736306751
right -26.93165531538621
bad
right -1.593591452809406
right 4.437818232761249
bad
bad
right 7.840006794152508
right 5.5405501231439525
right -15.226438488355495
bad
bad
bad
bad
right 4.840521039362704
---------------------------------------
|             Epoch |              23 |
|             EpRet |            -165 |
|         EpRealRet |            -165 |
|         TestEpRet |           -39.5 |
|         AverageQ1 |           -49.7 |
|             StdQ1 |            1.53 |
|             MaxQ1 |           -32.9 |
|             MinQ1 |           -63.5 |
|                Q2 |           -49.7 |
|       TestSuccess |               0 |
| TotalEnvInteracts |        4.82e+06 |
|         TotalTime |        2.54e+03 |
---------------------------------------
bad
right 6.186750882475335
bad
right -4.8069902985319075
right -9.324121962533013
right -6.53043560317127
right -5.915735671607143
right -18.234600584850806
right -9.549519706730692
bad
right 3.429853445435821
right 1.928262548425245
right 7.814885005692158
right 7.980183272031434
bad
right -1.5458384733681072
right 1.274595436766628
right -43.25214835301214
right 4.824554807533471
right 4.2820195087121435
bad
right 6.916494739753865
right 2.0414555104185306
right -2.316495324834996
right -20.848250661799852
right 6.45948209461109
bad
right 4.675398423121222
right 8.849228669179599
bad
bad
right -11.588285946519665
bad
right -39.06462241036653
right 7.666860853690863
right -35.21800205908136
right 4.536060683091523
right 5.03326439370215
bad
right 5.311773375069789
bad
right 6.351402607476581
right -25.786365034610448
bad
right 5.272127350932523
bad
right -11.36110934170269
right 6.172008037750388
right 6.700781425426558
right 7.415976001495881
right -36.837684916476654
---------------------------------------
|             Epoch |              24 |
|             EpRet |            -167 |
|         EpRealRet |            -167 |
|         TestEpRet |           -57.7 |
|         AverageQ1 |           -49.7 |
|             StdQ1 |            1.55 |
|             MaxQ1 |           -33.6 |
|             MinQ1 |           -53.3 |
|                Q2 |           -49.7 |
|       TestSuccess |               0 |
| TotalEnvInteracts |        5.02e+06 |
|         TotalTime |        2.64e+03 |
---------------------------------------
bad
right 5.983132160563132
right -25.91924094824678
right -40.16889788414201
bad
right 3.8692887187448557
bad
right 4.565908317089581
right -0.7518939733319474
bad
right -38.434073388541705
bad
right -11.521151945371706
right -9.030506499951137
right 6.95243924753508
right -50.47076851732016
right -26.858232645886304
right -4.032276844854737
bad
right 8.372634001928496
bad
right 5.544830632333103
right 3.6468733311730723
bad
right -66.7899087541876
right -25.85014237955445
right -24.909363538600992
bad
bad
right 5.1947262101957605
right -64.51832513112547
bad
right 5.596408698992256
right 7.508965420935365
right 4.450672270421482
right -25.914220760985245
right 7.181126108544554
bad
---------------------------------------
|             Epoch |              25 |
|             EpRet |            -164 |
|         EpRealRet |            -164 |
|         TestEpRet |           -65.6 |
|         AverageQ1 |           -49.6 |
|             StdQ1 |            1.59 |
|             MaxQ1 |           -31.6 |
|             MinQ1 |             -55 |
|                Q2 |           -49.6 |
|       TestSuccess |               0 |
| TotalEnvInteracts |        5.22e+06 |
|         TotalTime |        2.75e+03 |
---------------------------------------
right 4.841783682540036
right 7.068480188647146
right -35.3098356797802
bad
right -17.847975854089988
right -22.407444347498583
right -55.15984716719704
bad
right -25.04735108937024
right -2.8094214519556004
right -62.845797444185635
right -1.3417404347296973
right 6.8515473428649685
right -33.276572145476145
bad
right -39.723729831598995
bad
right -20.89883481398559
right -29.32431958740584
right -22.060159432513053
bad
right 1.1720368117816307
bad
bad
right 2.1902194693097297
right -7.191305894726668
bad
bad
right 4.891117138395856
right -3.1958752027400905
right -16.10957236625639
right -0.9231714413798269
right -16.389601433286995
bad
right 5.376213888149337
right -35.69798776570528
right -19.49915254852396
bad
right 8.83087784059699
right 6.2142586437930625
right 7.284049380750641
right 2.992022707602392
bad
right -22.195313892800513
right -16.02791898719147
right 6.523968512108768
bad
right -53.79137512158243
bad
right 8.919036015056102
right -63.07551534906381
right -15.053590800372408
right -20.62940932498023
right 6.640262624408294
bad
---------------------------------------
|             Epoch |              26 |
|             EpRet |            -164 |
|         EpRealRet |            -164 |
|         TestEpRet |           -54.7 |
|         AverageQ1 |           -49.6 |
|             StdQ1 |            1.59 |
|             MaxQ1 |           -32.5 |
|             MinQ1 |           -57.6 |
|                Q2 |           -49.6 |
|       TestSuccess |               0 |
| TotalEnvInteracts |        5.42e+06 |
|         TotalTime |        2.86e+03 |
---------------------------------------
bad
right -4.318297552157578
right -1.2991039642145985
bad
bad
bad
bad
bad
right 1.5595581406000907
right 6.363199388580677
right -54.64388594501081
bad
bad
right 3.754404101577987
right -39.638494683474164
right 0.12420973022407011
right -3.561417126411609
right -7.765134769699557
right 5.936386050690131
bad
right -0.376768794182869
bad
bad
right 4.698797269589577
right 0.9450554573974106
bad
right 4.216291519449282
right 6.020475104821489
right 7.063970726125318
bad
bad
bad
bad
bad
right -29.045714024473625
right -10.294274056469469
right 8.026295040648616
right -26.775121414215505
bad
right 4.380007935239279
bad
right 6.192427272962364
right 3.229907119625203
---------------------------------------
|             Epoch |              27 |
|             EpRet |            -148 |
|         EpRealRet |            -148 |
|         TestEpRet |           -48.2 |
|         AverageQ1 |           -49.6 |
|             StdQ1 |            1.58 |
|             MaxQ1 |           -33.7 |
|             MinQ1 |           -53.5 |
|                Q2 |           -49.6 |
|       TestSuccess |               0 |
| TotalEnvInteracts |        5.62e+06 |
|         TotalTime |        2.96e+03 |
---------------------------------------
right 6.667348740211371
right 1.3466572050947772
bad
right 6.749773018531897
right 7.250684445098307
bad
bad
right 3.9077125100479693
right -23.842374068723103
right 0.08846326029393659
bad
right 6.553603725324599
right -49.2999701762821
right 4.389362743049109
right -29.935366904638684
right 0.12984443825100556
bad
right 3.463520058576874
right -4.346056488090044
right 1.8306826887405396
bad
right -51.858906309747624
right -39.57836094324031
right -17.046487625069467
bad
right -1.6810384400636345
right 2.355305811086673
bad
bad
right 7.260089757755082
right 6.749577633187843
bad
right 5.980257104899501
---------------------------------------
|             Epoch |              28 |
|             EpRet |            -165 |
|         EpRealRet |            -165 |
|         TestEpRet |             -80 |
|         AverageQ1 |           -49.6 |
|             StdQ1 |             1.6 |
|             MaxQ1 |           -34.4 |
|             MinQ1 |           -53.6 |
|                Q2 |           -49.6 |
|       TestSuccess |               0 |
| TotalEnvInteracts |        5.82e+06 |
|         TotalTime |        3.07e+03 |
---------------------------------------
right 3.0814294741063444
bad
right -22.42589763867523
bad
right -12.09942579235701
right -19.485386426047626
right -20.563181838526532
right 6.945816261829959
right -30.71480928368753
right -38.23574896515896
right 4.782681314350764
bad
right 2.0845429348382716
bad
right -10.717222291907909
right -17.063947402433364
right -124.5919320055213
bad
bad
bad
bad
bad
right -34.89919248794813
bad
right -0.3352721112007515
bad
right 1.6849236225435096
right 6.260819445162545
right 1.8369768562884339
bad
bad
right -3.238196933214308
bad
right 8.855073638531838
right 4.786909699662801
bad
right -47.9183688653582
right 9.12142397240414
right -35.657845813798524
right -6.939404940734185
bad
right 5.282259775651285
right 8.213278012434516
bad
right 4.6924773319387905
right -12.35545991086908
right 0.45771222758283514
right 6.439598694372575
right -37.77644060786851
right -75.35549439045715
bad
right 6.365185741684031
right -23.89123221666238
right 7.4603139470697455
right 7.667345575860686
right 3.595844660432128
right -3.825944147407549
right -1.6467879961495697
right 7.268039835093977
right -56.034008643858584
right 3.4395094983193673
bad
---------------------------------------
|             Epoch |              29 |
|             EpRet |            -145 |
|         EpRealRet |            -145 |
|         TestEpRet |           -68.6 |
|         AverageQ1 |           -49.6 |
|             StdQ1 |             1.6 |
|             MaxQ1 |           -34.1 |
|             MinQ1 |           -59.8 |
|                Q2 |           -49.6 |
|       TestSuccess |               0 |
| TotalEnvInteracts |        6.03e+06 |
|         TotalTime |        3.17e+03 |
---------------------------------------
right 4.419375102655404
right -2.1314849620453415
right -22.821228863870644
bad
right -55.85980415655705
right -0.32869986303014187
right -27.44454862166593
bad
bad
right -50.94078002204331
bad
right 2.7748529066989853
right -33.8159111845394
bad
right -22.377719864755903
right -8.359955043693901
right 5.772583153619875
right -19.89661799527958
right 7.151483933148345
bad
right 0.3555672999883246
bad
right 0.2266874550310849
right -9.008252966066667
right 6.566353459506431
bad
bad
right 6.643388980163859
right 3.350791969341481
right 3.0372715560421293
right -8.490801184319928
right -5.608290813957266
right 8.611602533870135
right -53.910791347953534
right -12.79535293151849
right -5.833226201789401
right -5.835622591520961
right 7.837205787223475
bad
right 3.660573174300846
right -31.849175167403473
right 6.44460053015635
right 3.3614973063978146
bad
right -3.5154809616643483
bad
---------------------------------------
|             Epoch |              30 |
|             EpRet |            -171 |
|         EpRealRet |            -171 |
|         TestEpRet |           -76.5 |
|         AverageQ1 |           -49.6 |
|             StdQ1 |            1.62 |
|             MaxQ1 |           -34.5 |
|             MinQ1 |           -55.2 |
|                Q2 |           -49.6 |
|       TestSuccess |               0 |
| TotalEnvInteracts |        6.23e+06 |
|         TotalTime |        3.28e+03 |
---------------------------------------
bad
bad
right 6.735161719930154
right -53.08046921169873
right 3.147212195419188
bad
bad
right -0.3891886945279861
bad
right -18.691949440679444
bad
bad
right 6.3586474507597375
right 4.714799908995282
right -12.608129662274855
right 3.0347271223868972
right -57.31917677700237
bad
bad
right -5.721965463296323
bad
right 5.598307775821846
right -1.68115123606011
bad
right 6.634220260742786
right -8.756735704392813
right 6.132687174342291
bad
bad
right 6.499937905896951
bad
right 5.560794519707523
right -34.659737054385474
right -31.437442174431013
right 7.238707518790723
bad
right 3.400606525752252
right -51.226140829570106
bad
right 2.368609529051227
right -15.225885617890608
right 6.503756995409294
right -13.20349469878628
bad
right 7.464680042279245
---------------------------------------
|             Epoch |              31 |
|             EpRet |            -142 |
|         EpRealRet |            -142 |
|         TestEpRet |           -46.1 |
|         AverageQ1 |           -49.6 |
|             StdQ1 |            1.63 |
|             MaxQ1 |           -34.5 |
|             MinQ1 |           -53.1 |
|                Q2 |           -49.6 |
|       TestSuccess |               0 |
| TotalEnvInteracts |        6.43e+06 |
|         TotalTime |        3.39e+03 |
---------------------------------------
right 3.49241342317264
bad
bad
right 3.5839213012120394
bad
bad
bad
right 8.278886863456771
right -57.464363808037916
right -10.353557991866783
right -80.53959440926775
right 8.670308426202837
right -36.964989135626
right -7.628653200637206
right -29.058729231037233
bad
bad
right -46.55247328984737
bad
right -75.49846289557495
right -9.981153747548554
right 5.111513635137484
right 6.747064379337664
right -86.42961412891019
bad
right 5.7123169848801885
bad
right 8.185005635396685
right -60.15743363175838
right -37.03543335336746
right -103.5576146104977
right -4.129952276462214
right 8.444575117061385
right 1.448582879150404
bad
right 8.379779702752018
bad
bad
right 8.054446185707782
right -40.96668793486181
bad
right 7.379765117848208
right 3.0815537195931313
right 4.906927812515731
bad
right 4.303674157607697
bad
---------------------------------------
|             Epoch |              32 |
|             EpRet |            -160 |
|         EpRealRet |            -160 |
|         TestEpRet |           -45.3 |
|         AverageQ1 |           -49.6 |
|             StdQ1 |            1.64 |
|             MaxQ1 |           -33.2 |
|             MinQ1 |           -53.8 |
|                Q2 |           -49.6 |
|       TestSuccess |               0 |
| TotalEnvInteracts |        6.63e+06 |
|         TotalTime |        3.49e+03 |
---------------------------------------
right -21.027165677850327
bad
right 0.8358172860527695
bad
right -9.556255302631687
right 6.897397065114273
right 0.11996515642008099
right 2.2095897305558836
bad
right -29.895929564360216
bad
right -17.315278619667538
right 7.810227448870027
right 5.560427028391031
right 5.24386645406293
bad
right 6.641924106041218
right -51.37639686795691
bad
right -15.595378468583124
bad
right -4.297113275214111
right 2.8659156696255836
bad
right -18.73015197120347
right -0.44606527512629945
right 0.2675370693690091
bad
right -26.75126494479469
right -9.104972090148586
right -3.8894699523908898
right 4.624300978012852
right -15.743391153839333
bad
bad
bad
bad
right -36.46290532722504
right -30.645376985323658
right 7.330404294345178
bad
bad
right 3.294430987607445
right 5.565761371354753
bad
right 5.414472182787526
---------------------------------------
|             Epoch |              33 |
|             EpRet |            -142 |
|         EpRealRet |            -142 |
|         TestEpRet |           -57.5 |
|         AverageQ1 |           -49.6 |
|             StdQ1 |            1.64 |
|             MaxQ1 |             -32 |
|             MinQ1 |           -53.5 |
|                Q2 |           -49.6 |
|       TestSuccess |               0 |
| TotalEnvInteracts |        6.83e+06 |
|         TotalTime |         3.6e+03 |
---------------------------------------
right -22.61007265941035
right -13.908727862024332
right 7.268172659291271
bad
bad
right 7.79346123600288
bad
right 5.903208873831166
bad
right 0.01304885451849458
right -6.233244033479785
bad
right 0.4737819164605881
right 3.8882143319323266
bad
bad
right 9.583734621482185
right -22.947169613197353
bad
right -26.095460753628082
right -28.272889433680398
right 5.889053413002961
right -14.996665723666467
bad
right -58.07519810082117
bad
bad
bad
right 5.9710289687532425
bad
right -8.42448568545371
bad
right 7.176721928396601
right -46.48641074923219
right -8.486281793754017
right 2.6928243669959677
right 0.7689265246563366
bad
right 0.09841956106631677
bad
bad
right 6.8528390516731825
bad
right 8.813502371096355
bad
right 5.672031715224307
right -51.82137441014333
right -42.070714763668136
right 7.215691731392363
bad
right 7.355733969453691
right -13.900953519746174
right 8.639080473195246
bad
---------------------------------------
|             Epoch |              34 |
|             EpRet |            -135 |
|         EpRealRet |            -135 |
|         TestEpRet |           -54.9 |
|         AverageQ1 |           -49.6 |
|             StdQ1 |            1.67 |
|             MaxQ1 |           -31.9 |
|             MinQ1 |           -52.3 |
|                Q2 |           -49.6 |
|       TestSuccess |               0 |
| TotalEnvInteracts |        7.03e+06 |
|         TotalTime |         3.7e+03 |
---------------------------------------
right -26.42369252481415
right 7.912722071845384
right -13.969080037355972
right 7.505507715471464
right -18.641418236202924
bad
bad
right 4.2898373270038075
bad
bad
right 0.08128999064900988
bad
right 7.590700712713339
right -31.96652179226446
bad
right 5.783441327629467
right 6.232078167228469
bad
right -54.816998659196145
bad
right -81.79036878551075
bad
right 5.337912230687411
right -21.522630312296457
bad
right 3.0367969106634254
bad
bad
bad
right -14.583299059221048
right 7.831314159182901
right -18.362462080637588
right -2.760724719151458
bad
right 1.5570230677638541
bad
bad
right 5.510415122517138
right -40.17341466964016
right -16.857860145252815
bad
bad
right 7.821623803073096
right -16.21133704130841
right -2.3338804001536158
bad
right 9.051278952696787
right -63.01153367311271
right 2.0781064566626135
right -12.729372106877335
right 5.167345634247998
---------------------------------------
|             Epoch |              35 |
|             EpRet |            -157 |
|         EpRealRet |            -157 |
|         TestEpRet |           -43.9 |
|         AverageQ1 |           -49.6 |
|             StdQ1 |            1.68 |
|             MaxQ1 |           -32.1 |
|             MinQ1 |           -54.6 |
|                Q2 |           -49.6 |
|       TestSuccess |               0 |
| TotalEnvInteracts |        7.23e+06 |
|         TotalTime |        3.81e+03 |
---------------------------------------
bad
right 8.96553023373762
right -77.79707648450513
right -21.907969058006437
bad
bad
right 3.7736822519715147
bad
right -1.435834262085141
right -71.30767554960752
right -93.9550619040775
right 6.962717136067952
right 4.952475913833934
bad
right -31.94237329382289
right -23.429593723019877
bad
bad
right 2.6533833009012744
bad
bad
bad
bad
bad
right -48.665866628894754
bad
right 5.166593466612764
right 7.69351515754502
bad
bad
right 5.88639894694169
right -53.89232122027057
right 0.42750359257312276
right 9.183539421854022
bad
right -5.046402393080493
bad
right -20.880630235615115
bad
bad
right -81.6476008084018
right 7.194441230267711
right -26.434349531543944
bad
---------------------------------------
|             Epoch |              36 |
|             EpRet |            -149 |
|         EpRealRet |            -149 |
|         TestEpRet |           -85.4 |
|         AverageQ1 |           -49.6 |
|             StdQ1 |            1.68 |
|             MaxQ1 |             -32 |
|             MinQ1 |           -55.9 |
|                Q2 |           -49.6 |
|       TestSuccess |               0 |
| TotalEnvInteracts |        7.43e+06 |
|         TotalTime |        3.91e+03 |
---------------------------------------
right 6.43226258354469
right -108.50893538899372
right -108.38211021010605
right 8.1269256668628
right -35.46395428819608
bad
right 8.38596405009301
bad
right -22.467362871560745
right 0.09534946052216142
right -9.852719417261607
bad
right 2.1484261408661984
right 7.429702441263446
bad
right 7.439768457286112
right -25.931440979902703
bad
right 8.679130327703172
right 4.499199111253227
right -23.720948703374106
right -6.583013018872968
right -1.3955284022579235
bad
bad
bad
bad
right -21.10209504881866
right -47.99764715350628
right -28.42204907208186
right -49.28085704904078
right -0.4386079960314593
right -4.385123486655402
right -13.979379702618964
bad
bad
right -0.5974895493707333
right 2.0972625690971363
bad
right 6.747378555339088
bad
right 9.406516570646142
bad
right 6.577022330836382
right -37.52429271270788
bad
bad
right 6.055147377946914
right 3.962864146206929
bad
right 7.458799120079366
bad
right 4.557602628335059
right 7.913855834400158
---------------------------------------
|             Epoch |              37 |
|             EpRet |            -149 |
|         EpRealRet |            -149 |
|         TestEpRet |           -34.3 |
|         AverageQ1 |           -49.6 |
|             StdQ1 |            1.69 |
|             MaxQ1 |           -31.8 |
|             MinQ1 |           -52.9 |
|                Q2 |           -49.6 |
|       TestSuccess |               0 |
| TotalEnvInteracts |        7.63e+06 |
|         TotalTime |        4.02e+03 |
---------------------------------------
right -19.618327453875665
bad
right 6.041254847258656
right 5.1206872675249855
bad
bad
right 8.846804649381296
bad
bad
bad
right 8.508381604342892
bad
right -33.46045498914322
right 3.322823878998287
bad
right -18.70832133436449
right -3.2089083569701806
bad
bad
right 7.568110613586612
bad
right -6.573893432545283
right -40.89171062707167
bad
right -15.302248987821368
bad
bad
right -28.624856813074807
right 3.30200084939311
right -18.533996241526737
bad
right -7.243141229732082
right 4.276543609563246
bad
right 3.2146983193983054
bad
right 1.8788462550404699
bad
right 3.702415180743878
right -12.284363549570486
right 6.528934529228532
right -30.49768459273021
right 8.838523535133357
bad
right 5.212294324966629
bad
right 7.789453839288205
right 8.700178448345413
right -23.97967252014255
right -47.97347774141269
bad
---------------------------------------
|             Epoch |              38 |
|             EpRet |            -146 |
|         EpRealRet |            -146 |
|         TestEpRet |           -26.3 |
|         AverageQ1 |           -49.6 |
|             StdQ1 |            1.68 |
|             MaxQ1 |             -32 |
|             MinQ1 |           -52.9 |
|                Q2 |           -49.6 |
|       TestSuccess |               0 |
| TotalEnvInteracts |        7.83e+06 |
|         TotalTime |        4.12e+03 |
---------------------------------------
bad
right 4.876194910670898
bad
bad
right 8.738896944919794
right -9.932278853779312
right 4.852528314182452
bad
bad
bad
right -21.23067969591618
right -20.890088757765504
right 3.3534293303636398
bad
right 0.93800559509679
right 5.035367425769107
right -46.862068168581104
bad
right -6.625187971584733
bad
bad
right -10.104766948963544
bad
bad
bad
bad
right -9.123282343626261
bad
right 4.703700012935396
right -15.847109644078067
right 5.636240978225208
right -1.468456224154986
right 9.226263822646484
bad
bad
right 8.478511541440515
right 5.878074771929042
bad
right 4.811105960614045
right 7.545125656878996
bad
---------------------------------------
|             Epoch |              39 |
|             EpRet |            -144 |
|         EpRealRet |            -144 |
|         TestEpRet |           -23.8 |
|         AverageQ1 |           -49.6 |
|             StdQ1 |            1.69 |
|             MaxQ1 |           -32.2 |
|             MinQ1 |           -52.7 |
|                Q2 |           -49.6 |
|       TestSuccess |               0 |
| TotalEnvInteracts |        8.04e+06 |
|         TotalTime |        4.23e+03 |
---------------------------------------
right 4.578957699185869
bad
right 5.3227544520846255
bad
right 7.118121927101244
right 5.5469407762270855
right -1.1846379043280884
right 1.3136552528687453
bad
right 5.446985183070216
right -5.773026039830073
right -26.700896026773727
right 7.458071282129574
bad
right -20.525901693060856
right -17.65122244447108
right -23.49339163787534
right -33.811890368720896
bad
right 0.974243746036894
bad
right 4.516101504453639
bad
right 0.7345848955863943
right -3.180209736713106
right 3.86432950802776
right -34.98162470565039
right 5.232169030521435
right 3.617747334556192
right 4.816577029099226
right -37.77318587266669
right 5.623917048091587
bad
right -56.441088841886966
right 3.4950271530824795
bad
right 8.326836621709036
right -13.236964865533857
right -1.0842125513190144
bad
right -10.675839527803298
right -25.550067843394828
right 1.4984111282059196
bad
right 5.193792337000468
bad
bad
bad
right 6.706741123820002
right -26.94812456943359
right 6.400205170760773
right -29.199968819131342
right 4.847504389741433
bad
right 9.2017091572689
right -52.8772957706167
right 2.7653098267003173
right 3.5894017953242896
---------------------------------------
|             Epoch |              40 |
|             EpRet |            -162 |
|         EpRealRet |            -162 |
|         TestEpRet |             -38 |
|         AverageQ1 |           -49.6 |
|             StdQ1 |            1.72 |
|             MaxQ1 |           -32.3 |
|             MinQ1 |           -55.1 |
|                Q2 |           -49.6 |
|       TestSuccess |               0 |
| TotalEnvInteracts |        8.24e+06 |
|         TotalTime |        4.34e+03 |
---------------------------------------
bad
right 4.250743026308657
right -15.302304339572899
bad
right -22.410764004993304
bad
right 1.6794970713571384
right 5.64152281070353
right 5.21058460765894
right 6.6456223923578115
bad
right 5.5992866121601095
right -5.097676645415758
right 6.517910909510447
right 1.410231497645242
right -44.91999705846909
right 6.1171977686626064
right -49.29471559287133
right 4.0876639934146315
right 9.272710383643346
bad
right -15.877669156384158
bad
right 6.428871025043926
right -15.241123716288204
right 6.189753345748539
bad
bad
right -7.5528375225783115
right 4.748291148440185
right 8.19252215177949
right -7.342723800538543
right 5.091559975576157
right -32.496976276134504
right 5.062204524939701
right -5.9336474112446
bad
right 6.008465183890577
bad
right 7.880568522189263
right 6.912144427903773
bad
right 6.039958988497786
bad
bad
right 9.275494419342156
right -46.635870007425666
---------------------------------------
|             Epoch |              41 |
|             EpRet |            -130 |
|         EpRealRet |            -130 |
|         TestEpRet |           -31.3 |
|         AverageQ1 |           -49.6 |
|             StdQ1 |            1.72 |
|             MaxQ1 |           -32.9 |
|             MinQ1 |           -57.8 |
|                Q2 |           -49.6 |
|       TestSuccess |               0 |
| TotalEnvInteracts |        8.44e+06 |
|         TotalTime |        4.44e+03 |
---------------------------------------
right -16.990257480334705
bad
right 1.3378405184634836
bad
right -0.19026591347231658
bad
bad
right -66.66633136125088
bad
right 5.81592503756049
right -5.2633715630286275
right 8.972762397678633
right 8.131610520176569
right 9.083131125095724
right 4.26188980662095
bad
bad
right 2.277412946184084
bad
right 0.835437346886371
bad
right -84.22343204530323
right 1.8632315363715737
bad
right -22.116976189658175
bad
right 7.856542146904044
right 3.8361483004550507
right 7.357179952215813
right -52.342403092187965
right 7.400806991128995
right 4.454878009108773
bad
right -7.455845251693184
right 0.310626254542008
bad
right 6.849604685919601
bad
right 5.964941950054187
right -4.127623425998605
right 4.945983667569794
right 3.134584436030732
right 8.081271594544411
right -30.43602164267397
bad
right 6.748601009661936
bad
bad
right 6.631999310121671
right -2.575255190752843
bad
---------------------------------------
|             Epoch |              42 |
|             EpRet |            -131 |
|         EpRealRet |            -131 |
|         TestEpRet |           -21.5 |
|         AverageQ1 |           -49.6 |
|             StdQ1 |            1.75 |
|             MaxQ1 |           -32.3 |
|             MinQ1 |           -55.8 |
|                Q2 |           -49.6 |
|       TestSuccess |               0 |
| TotalEnvInteracts |        8.64e+06 |
|         TotalTime |        4.55e+03 |
---------------------------------------
right 4.608803051703183
right -8.646034862037354
right 5.598560473905192
right -25.510283376372684
bad
right 1.8872008616564546
right 2.197323506560716
bad
bad
right -1.8619874986923648
bad
bad
bad
right 4.724866338230141
right -2.7118506648013874
right -12.904712565627104
right 4.344867912083391
bad
right -27.32886175988051
right -12.272098157163853
bad
right 6.228634040121505
bad
right -52.13444301211014
bad
right -32.86836463962632
right -51.50196868691245
right -1.2065525181754317
bad
right 2.579993332348809
bad
bad
right 5.74141369664778
right 5.901003033919253
right -60.6565077715737
right -2.107652547699688
bad
right 6.929822965707624
right 2.8771385506868006
right -15.260772874697714
right 6.155134201594835
bad
right 6.339021552650617
right 8.028521725011196
bad
right 5.395240831370688
right 2.7480275088662545
right 8.631985419263714
---------------------------------------
|             Epoch |              43 |
|             EpRet |            -155 |
|         EpRealRet |            -155 |
|         TestEpRet |           -50.8 |
|         AverageQ1 |           -49.6 |
|             StdQ1 |            1.75 |
|             MaxQ1 |             -34 |
|             MinQ1 |             -54 |
|                Q2 |           -49.6 |
|       TestSuccess |               0 |
| TotalEnvInteracts |        8.84e+06 |
|         TotalTime |        4.65e+03 |
---------------------------------------
right 7.017428547385614
right -15.9268116178199
right 3.72014632902178
right -42.70638946382064
bad
right 6.845845637627463
right 4.456553917685941
bad
bad
right 8.828286253173326
right 2.1349556565856265
bad
bad
bad
right 6.6262334831710765
bad
right -13.85273120720774
right -11.09043361522792
right 8.335101404660115
bad
right -22.448390335382754
right -22.670000419440825
right 1.75122305889699
bad
bad
right -2.495205523226968
bad
right 5.659359533426621
bad
bad
right -47.374088438156406
right 5.6184593911182725
right -11.53906434523046
right -22.432202691862045
right -0.8902589974612383
bad
right 6.939997049571982
bad
bad
right 7.692303048552824
right -41.4255349637806
right 7.749823435066645
right 7.166372290830643
bad
right 8.802191309568311
right 8.953656723711601
bad
right 3.3566650262279287
right -54.35330077531627
right 3.801120377720107
---------------------------------------
|             Epoch |              44 |
|             EpRet |            -165 |
|         EpRealRet |            -165 |
|         TestEpRet |           -37.7 |
|         AverageQ1 |           -49.6 |
|             StdQ1 |            1.75 |
|             MaxQ1 |           -32.4 |
|             MinQ1 |           -55.3 |
|                Q2 |           -49.6 |
|       TestSuccess |               0 |
| TotalEnvInteracts |        9.04e+06 |
|         TotalTime |        4.76e+03 |
---------------------------------------
right 6.414208371745913
bad
right -2.13208778337923
bad
right 7.214091893830111
right -16.9428010968452
right 5.481486230386617
right -6.967463618662329
bad
right -71.05154572779048
right -23.822515630515284
right 7.2546091241015285
right -6.716321671794152
bad
right -17.09177231309252
right 3.518077836808966
right -56.56067121231095
right 1.9319483954932988
right 7.821666837548903
bad
right 7.3871280504143435
right 8.12667849658499
bad
bad
right -1.3717398195625279
right 1.6300460985238043
bad
bad
right -3.830520549802319
right -30.149351163209772
right -78.88279666824558
right 3.1777962539277933
right -60.1467155222998
right 8.080013446407982
bad
right 4.574576269315554
bad
right 4.359850423814585
bad
right 9.132970261149685
bad
right 6.228078005468238
right 5.592183053714669
bad
right 9.133771827060055
right 6.011739077943068
right 6.4039438693124575
right -43.48633401921781
bad
bad
---------------------------------------
|             Epoch |              45 |
|             EpRet |            -168 |
|         EpRealRet |            -168 |
|         TestEpRet |           -29.9 |
|         AverageQ1 |           -49.5 |
|             StdQ1 |            1.75 |
|             MaxQ1 |           -34.3 |
|             MinQ1 |           -54.7 |
|                Q2 |           -49.5 |
|       TestSuccess |               0 |
| TotalEnvInteracts |        9.24e+06 |
|         TotalTime |        4.87e+03 |
---------------------------------------
right -73.58633580410874
right 7.338458498214336
right -69.7074759670845
right 1.1474402847267005
right 7.845334616890015
right -27.00358719205741
right 2.298324311575003
bad
right -40.88389698976875
right 7.479843268871398
right -16.334569782589302
right 2.710904117122527
right 5.045852393914393
right -28.671857741122423
bad
right 9.752433716495357
right -87.32340454153963
right -5.888278836754683
right 5.621141730492777
right -36.5391837350219
bad
right 5.5778008837302675
right -46.92413045678372
right 2.0109750887628133
right 5.284502898442288
bad
bad
right 8.431795478057769
right 5.450501403720925
right -27.028762127396064
right 6.248877569728398
right -20.99999766511081
bad
bad
right 6.504594531984109
bad
right -11.622793588027331
right 8.188205745541598
right -20.62548252244308
right 3.514577273727056
bad
right 5.434654386847779
right 4.787064426302217
bad
right -5.172262736205733
bad
right 7.574809668124871
bad
bad
right 7.288986896448861
right 7.097193976585972
right 3.032598974225115
right 7.9699995021273375
---------------------------------------
|             Epoch |              46 |
|             EpRet |            -160 |
|         EpRealRet |            -160 |
|         TestEpRet |           -72.9 |
|         AverageQ1 |           -49.6 |
|             StdQ1 |            1.74 |
|             MaxQ1 |           -33.7 |
|             MinQ1 |           -69.6 |
|                Q2 |           -49.6 |
|       TestSuccess |               0 |
| TotalEnvInteracts |        9.44e+06 |
|         TotalTime |        4.97e+03 |
---------------------------------------
bad
bad
bad
right 4.820958028057066
right -15.306427522377358
right 1.8724618995066304
right -17.63494453140207
right -39.5519672881112
bad
right 5.6425334893353
bad
right 4.119237815216424
bad
right -18.319196321113516
bad
right 4.979505204777714
bad
bad
right -65.82092484990403
right 6.021943083681932
bad
bad
right -6.2740443173750045
right -5.264109020898836
bad
bad
bad
right 4.13249019239997
right -46.150606034883
right 2.3370049761340823
bad
right 7.786704250220369
right -23.80614740873331
right -316.95520111423366
right -8.637873868590678
right -1.1432680284807333
right -32.05663392951198
right 7.728169827265555
bad
right 8.47681654334693
right -7.637882317829515
bad
right -16.889570506047214
right -22.35078905020908
right 7.128708423467909
bad
bad
bad
right 9.222955700554113
right 7.973888094353224
bad
right 5.459775425969008
right -16.811038312074878
right 0.5012071738081794
right -11.962512386000284
bad
---------------------------------------
|             Epoch |              47 |
|             EpRet |            -175 |
|         EpRealRet |            -175 |
|         TestEpRet |           -61.7 |
|         AverageQ1 |           -49.5 |
|             StdQ1 |            1.75 |
|             MaxQ1 |             -35 |
|             MinQ1 |           -54.4 |
|                Q2 |           -49.5 |
|       TestSuccess |               0 |
| TotalEnvInteracts |        9.64e+06 |
|         TotalTime |        5.08e+03 |
---------------------------------------
bad
bad
right 6.8513470723092755
right 1.0260007989621194
bad
right -17.990578223027978
bad
right -27.019465275668765
bad
bad
bad
right 3.078509300905168
very well
epoch: 48 	ep: 16 	ep_rew: 84.90121822370031 	time: 0.688 	done: 1
bad
right 3.4634008164373054
bad
right 2.935183840073532
right -29.46330511039909
right 3.3659360342061504
right -17.354842317596272
bad
right 3.8351046150901267
right -61.18625996900015
bad
right -17.5264098090842
right -48.710552506751526
right 8.977804289304032
bad
bad
right -9.803907444117531
right 6.972638714720117
right -48.41494773979048
right -2.182699199082565
right 6.27461220844084
bad
right 6.561942484428149
right 1.765892018818013
right 8.029728992604142
right -9.585003786893168
bad
right 8.490901051134934
right -49.05476133472463
right 5.424885375285166
right 3.964572009914761
right -1.5480137123925264
bad
right 4.325306861429193
right -9.729618596125892
bad
right 9.106926285900661
right 3.14233077366881
right -69.06162783875656
right 3.9930003483146503
bad
right -52.149417720685165
---------------------------------------
|             Epoch |              48 |
|             EpRet |            -151 |
|         EpRealRet |            -151 |
|         TestEpRet |           -45.6 |
|         AverageQ1 |           -49.5 |
|             StdQ1 |            1.76 |
|             MaxQ1 |           -33.1 |
|             MinQ1 |           -58.4 |
|                Q2 |           -49.5 |
|       TestSuccess |               0 |
| TotalEnvInteracts |        9.84e+06 |
|         TotalTime |        5.18e+03 |
---------------------------------------
right -12.02295210683181
