[36;1mSaving config:
[0m
{
    "args":	null,
    "env":	null,
    "exp_name":	"HER_mpi1_random_TD3Torch_PandaReach-v2",
    "logger":	null,
    "logger_kwargs":	{
        "exp_name":	"HER_mpi1_random_TD3Torch_PandaReach-v2",
        "output_dir":	"HER_DRLib_Torch_exps/2023-02-24_HER_mpi1_random_TD3Torch_PandaReach-v2\\2023-02-24_14-55-15-HER_mpi1_random_TD3Torch_PandaReach-v2_s300"
    },
    "net":	null
}
bad
right -20.239896414137387
right -16.101712898667188
bad
right -16.876918031731293
right -18.148927299751847
right -24.207752061269872
right -8.663115582357047
right -18.781609233466995
right -8.755899448911912
right 2.986854361674113
right 0.3977261613784808
bad
right -22.118659715461156
right -11.816788367591535
---------------------------------------
|             Epoch |               0 |
|             EpRet |            -139 |
|         EpRealRet |            -139 |
|         TestEpRet |               0 |
|         AverageQ1 |           -48.2 |
|             StdQ1 |            6.54 |
|             MaxQ1 |          -0.101 |
|             MinQ1 |           -73.4 |
|                Q2 |           -48.2 |
|       TestSuccess |               0 |
| TotalEnvInteracts |        1.97e+05 |
|         TotalTime |            98.7 |
---------------------------------------
right -12.190560318019212
right -13.903152637456195
right -15.844291551146629
right -22.83188409608647
right -14.734785814486251
right -5.014425486528534
right -16.566494355846327
bad
right -14.211284113522087
right -24.159850619721446
right -4.870853731665539
right -21.437618796006525
right -19.43803488086594
right 0.6531316506269409
right 4.864725570282392
right -15.629801163898517
right -8.077886488303577
right -26.48332313406707
right 1.8302684165188978
---------------------------------------
|             Epoch |               1 |
|             EpRet |            -158 |
|         EpRealRet |            -158 |
|         TestEpRet |           -51.2 |
|         AverageQ1 |             -50 |
|             StdQ1 |           0.501 |
|             MaxQ1 |           -40.7 |
|             MinQ1 |           -68.8 |
|                Q2 |             -50 |
|       TestSuccess |               0 |
| TotalEnvInteracts |        3.98e+05 |
|         TotalTime |             201 |
---------------------------------------
right -19.890924254051598
right -7.150805196765408
right 0.2710310980108197
bad
right -13.619731417361436
bad
right -12.23408495621932
right -13.325508033389081
right -16.393831461473326
right -13.156658788511557
bad
bad
right 0.01571649672098374
bad
bad
bad
bad
bad
bad
right 1.426019808335333
bad
bad
right -9.35951810962812
right -22.004936849766324
bad
bad
bad
---------------------------------------
|             Epoch |               2 |
|             EpRet |            -156 |
|         EpRealRet |            -156 |
|         TestEpRet |           -24.1 |
|         AverageQ1 |           -49.9 |
|             StdQ1 |           0.841 |
|             MaxQ1 |           -36.5 |
|             MinQ1 |           -58.8 |
|                Q2 |           -49.9 |
|       TestSuccess |               0 |
| TotalEnvInteracts |        5.99e+05 |
|         TotalTime |             302 |
---------------------------------------
right 2.2539471301591893
right -1.7244558552640932
right -18.0789434615701
right -18.3720153700789
right -0.4243341542816559
right -25.903568984330605
right 8.458152136923491
right 5.723400029947758
right -9.01366493697569
right -0.01770755696294657
bad
right 3.690705447331646
right -11.061226834147849
right -17.91436570582327
right 4.79712013711849
right -7.521107576875327
right -4.447608865596322
bad
bad
right -1.2678734834287848
bad
right -9.980439966920155
bad
---------------------------------------
|             Epoch |               3 |
|             EpRet |            -167 |
|         EpRealRet |            -167 |
|         TestEpRet |           -16.5 |
|         AverageQ1 |           -49.8 |
|             StdQ1 |            1.17 |
|             MaxQ1 |           -33.4 |
|             MinQ1 |           -69.7 |
|                Q2 |           -49.8 |
|       TestSuccess |               0 |
| TotalEnvInteracts |           8e+05 |
|         TotalTime |             404 |
---------------------------------------
right -15.798082364462879
right -22.026389310152922
right -21.32687512515477
bad
right -19.904910929411173
bad
bad
bad
bad
bad
right -26.899352289266403
right 0.6637553511581409
right -19.84859637815964
right -24.58291080135899
right -1.991325686564803
right -27.269807101453956
bad
right -5.290487551568667
right -66.58775289385667
right -13.879094784162518
bad
right -10.282403147654282
bad
right -16.073953438801453
right -3.478013967443962
bad
right -17.5740337518789
bad
right -4.167912648403988
bad
right -9.49704190364385
---------------------------------------
|             Epoch |               4 |
|             EpRet |            -172 |
|         EpRealRet |            -172 |
|         TestEpRet |           -38.7 |
|         AverageQ1 |           -49.8 |
|             StdQ1 |             1.9 |
|             MaxQ1 |            0.85 |
|             MinQ1 |           -59.6 |
|                Q2 |           -49.8 |
|       TestSuccess |               0 |
| TotalEnvInteracts |           1e+06 |
|         TotalTime |             489 |
---------------------------------------
right -30.122669979377967
right -12.688552440514155
right -11.067675165803458
right -0.022442026494399414
right -12.824519351855933
right -15.733996228831899
right -15.272706419679217
bad
right -15.712000103201834
right -18.858015511119856
bad
right -25.729679695833887
right -13.436455972088893
right -16.245185362124673
right -17.99753388922835
right -20.72756901818515
right -20.666555127070446
right -15.082014395556378
right 2.1335935881154366
right -21.26511107292592
right -15.666145256751971
right -12.480798682471594
right -3.5371838262751982
right -22.63549542117395
right -2.536146676937218
right -10.81434481970718
right -21.361555010116522
---------------------------------------
|             Epoch |               5 |
|             EpRet |            -137 |
|         EpRealRet |            -137 |
|         TestEpRet |           -4.91 |
|         AverageQ1 |           -49.8 |
|             StdQ1 |            1.78 |
|             MaxQ1 |           0.492 |
|             MinQ1 |           -61.5 |
|                Q2 |           -49.8 |
|       TestSuccess |               0 |
| TotalEnvInteracts |         1.2e+06 |
|         TotalTime |             585 |
---------------------------------------
right -15.769330171122988
right -17.70195354470045
right -17.194067882443175
right -18.1970577487262
right -15.218100522747871
right -21.479791781848615
right -0.953049767245659
right -29.365414378743722
right 1.7858547237292424
right -25.218822302852033
right -23.188556572891486
right -35.838169057506505
right -0.9111683516007236
right -30.135280451335767
right -4.8352766701616705
right -24.53712582087193
bad
right -25.16333633798218
right -13.731534367980117
right -22.313623900436326
bad
right -19.075817853421743
right 1.979639439503588
bad
right -27.629310918877913
right -23.11260958732558
---------------------------------------
|             Epoch |               6 |
|             EpRet |            -141 |
|         EpRealRet |            -141 |
|         TestEpRet |           -18.8 |
|         AverageQ1 |           -49.9 |
|             StdQ1 |            1.15 |
|             MaxQ1 |           -23.9 |
|             MinQ1 |           -59.5 |
|                Q2 |           -49.9 |
|       TestSuccess |               0 |
| TotalEnvInteracts |         1.4e+06 |
|         TotalTime |             692 |
---------------------------------------
right -6.52873324516268
right 0.3264907304896507
right -23.265923680448225
bad
right -13.867428963688212
right -9.289117708654228
right -5.350267469097801
bad
right -1.3460038656047182
bad
right -8.25260013350384
bad
right -4.375354989072449
right -9.603014663263103
right 1.047248171728949
right -4.651149206384444
---------------------------------------
|             Epoch |               7 |
|             EpRet |            -161 |
|         EpRealRet |            -161 |
|         TestEpRet |            -106 |
|         AverageQ1 |           -49.9 |
|             StdQ1 |           0.992 |
|             MaxQ1 |           -27.8 |
|             MinQ1 |           -59.1 |
|                Q2 |           -49.9 |
|       TestSuccess |               0 |
| TotalEnvInteracts |         1.6e+06 |
|         TotalTime |             783 |
---------------------------------------
right 4.245126974638026
right 6.4781280602835025
right -9.85806441878405
bad
right -37.36161307600382
right -13.947325250135915
right 2.6661381802649196
right -0.7088174779791281
right -3.743579710664635
right -13.289194494989918
right -15.365129364417292
right -22.741872483000265
bad
right -6.548861171424868
right 3.4776895463604536
---------------------------------------
|             Epoch |               8 |
|             EpRet |            -150 |
|         EpRealRet |            -150 |
|         TestEpRet |            -102 |
|         AverageQ1 |           -49.9 |
|             StdQ1 |            0.91 |
|             MaxQ1 |             -31 |
|             MinQ1 |           -57.4 |
|                Q2 |           -49.9 |
|       TestSuccess |               0 |
| TotalEnvInteracts |         1.8e+06 |
|         TotalTime |             871 |
---------------------------------------
right -5.063573337416795
right -24.49263337748433
right 6.98829922463422
right -4.370860313771134
right -0.10548235506686332
right -3.1139267245239584
right -69.69655744578235
right 1.583572211445821
bad
right -4.7829369596103035
bad
bad
right -6.778720605116334
right -0.8255902221458467
right -12.605439932954347
right -27.022682261913786
right -3.9779656237811967
bad
bad
bad
right 0.955158462350715
right 0.13378818365537093
---------------------------------------
|             Epoch |               9 |
|             EpRet |            -184 |
|         EpRealRet |            -184 |
|         TestEpRet |            -121 |
|         AverageQ1 |           -49.9 |
|             StdQ1 |           0.823 |
|             MaxQ1 |             -37 |
|             MinQ1 |           -55.2 |
|                Q2 |           -49.9 |
|       TestSuccess |               0 |
| TotalEnvInteracts |        2.01e+06 |
|         TotalTime |             984 |
---------------------------------------
right 2.0586396350336953
right -7.615771065981598
right 3.510002923156362
right -16.72098970390433
right -6.314230183191491
right -11.770481618645725
bad
right -2.350394458922306
right -6.026510270432311
right -2.124107536948241
right -11.101909763011697
right -20.58356606569366
right -10.383559819942995
right -11.519180190601116
right -2.6874244341869904
right -20.849037194257384
right -20.95295800804264
right -17.368527148473802
right -15.391785433504204
right -15.330028558146509
right -14.672716828492334
right -15.577698203438679
right -16.52406216778133
right -8.50397566679528
right -12.734990698437656
right -15.777231285310094
right -11.544286920928165
right -15.104061025763109
right -14.947635039199557
right 3.1897119564422916
right -23.55531663541533
---------------------------------------
|             Epoch |              10 |
|             EpRet |            -163 |
|         EpRealRet |            -163 |
|         TestEpRet |           -64.7 |
|         AverageQ1 |           -49.9 |
|             StdQ1 |           0.798 |
|             MaxQ1 |           -37.3 |
|             MinQ1 |             -55 |
|                Q2 |           -49.9 |
|       TestSuccess |               0 |
| TotalEnvInteracts |        2.21e+06 |
|         TotalTime |         1.1e+03 |
---------------------------------------
right -12.821921270854034
right -13.37013495613126
bad
right -19.62651181730577
right -17.284931791531495
bad
bad
right -9.967173620931153
---------------------------------------
|             Epoch |              11 |
|             EpRet |            -132 |
|         EpRealRet |            -132 |
|         TestEpRet |               0 |
|         AverageQ1 |           -49.9 |
|             StdQ1 |           0.783 |
|             MaxQ1 |           -38.1 |
|             MinQ1 |           -53.7 |
|                Q2 |           -49.9 |
|       TestSuccess |               0 |
| TotalEnvInteracts |        2.41e+06 |
|         TotalTime |        1.22e+03 |
---------------------------------------
right -19.88415787822906
bad
bad
right -4.079840950378667
---------------------------------------
|             Epoch |              12 |
|             EpRet |            -137 |
|         EpRealRet |            -137 |
|         TestEpRet |           -9.39 |
|         AverageQ1 |           -49.9 |
|             StdQ1 |           0.744 |
|             MaxQ1 |           -38.1 |
|             MinQ1 |           -58.2 |
|                Q2 |           -49.9 |
|       TestSuccess |               0 |
| TotalEnvInteracts |        2.61e+06 |
|         TotalTime |        1.34e+03 |
---------------------------------------
right -20.178579079408525
right -28.830796366022163
bad
right -21.361227579029883
right -3.8385468101424998
right -16.202476952005735
right -23.342216650247167
bad
right -31.178303292065777
bad
right -13.552568618774128
right -5.324108271421412
right -16.615513062511425
right -22.828818306213464
right 4.676283674961226
right -13.159297638210063
bad
right -22.162525521803552
right -56.82908624708027
right -9.662240160236529
right -27.599371818804002
right -6.301679513910454
right -16.590068565079733
right -14.70223452153201
right -16.126855113908974
right -2.824557055369951
right -16.914929070386584
right -25.773446425485375
bad
right -15.520048370149226
right -21.1829808743233
right -21.70077564204076
right 5.622755779770632
right -13.06745543799568
---------------------------------------
|             Epoch |              13 |
|             EpRet |            -151 |
|         EpRealRet |            -151 |
|         TestEpRet |           -11.1 |
|         AverageQ1 |           -49.9 |
|             StdQ1 |           0.743 |
|             MaxQ1 |           -38.1 |
|             MinQ1 |           -56.2 |
|                Q2 |           -49.9 |
|       TestSuccess |               0 |
| TotalEnvInteracts |        2.81e+06 |
|         TotalTime |        1.46e+03 |
---------------------------------------
right -20.090681993644928
bad
right -13.063066955064684
right -1.306362310581406
right -20.892216850076423
right -30.06477901451713
right -22.617177221672478
right -25.83741834124914
right -1.4310769172489906
bad
right -34.066974223645275
right -19.877577731887605
right -27.454122911432897
right -19.94561643318773
right -16.605285086749404
right -24.899778966108578
right -17.53951805534793
right 5.290385178406946
right -15.723343123989757
right -14.39301418298717
right -26.37903418009529
right -10.544570719433434
right -10.413406076379257
right -26.14131242449639
right -22.469835490035635
right -2.8279004680705775
right -11.145690456649163
right -13.334277442707055
bad
right -9.474696570639306
right -12.067866403723102
right -11.6045221273097
right -43.2177648946971
right -27.564260540336917
right -17.430796778790352
right -0.23450202554162125
right -14.291547213560008
bad
right -15.335653821377832
right -2.243737975283029
right -14.50801753772026
---------------------------------------
|             Epoch |              14 |
|             EpRet |            -155 |
|         EpRealRet |            -155 |
|         TestEpRet |            -125 |
|         AverageQ1 |           -49.9 |
|             StdQ1 |           0.737 |
|             MaxQ1 |           -38.2 |
|             MinQ1 |           -56.4 |
|                Q2 |           -49.9 |
|       TestSuccess |               0 |
| TotalEnvInteracts |        3.01e+06 |
|         TotalTime |        1.57e+03 |
---------------------------------------
right -11.342426199944398
right -9.777213188401834
right -21.474027578736823
right -14.465999867252929
right -14.836226547093645
right -8.040839974428632
right -6.530870614792409
right -15.244595274901556
right -13.608992336454754
right -19.724400057736766
right 1.4683071093756368
right -0.45959170103236424
bad
bad
right -16.137457127221552
right -21.738354087640044
right 8.64205226635101
right -3.869645814132106
right 4.654464015386523
right 0.49549135766492647
---------------------------------------
|             Epoch |              15 |
|             EpRet |            -163 |
|         EpRealRet |            -163 |
|         TestEpRet |            -125 |
|         AverageQ1 |           -49.9 |
|             StdQ1 |           0.691 |
|             MaxQ1 |             -39 |
|             MinQ1 |           -54.6 |
|                Q2 |           -49.9 |
|       TestSuccess |               0 |
| TotalEnvInteracts |        3.21e+06 |
|         TotalTime |         1.7e+03 |
---------------------------------------
right -18.373808666751774
bad
right -5.89761760617513
bad
bad
right -27.933439927012785
right -0.8635380087723892
right -11.93825853636778
right -2.0735680921544315
right -9.575434286241546
right -8.731818728493927
right -27.683792253116188
right -13.749999129696452
right -17.105236929886058
bad
right -30.647140684994845
right -11.280612483569634
right -15.399040700512785
right 0.3851624100532334
right 2.822869575907828
right -10.247757723363545
right -17.24557443024105
right -20.64255105797669
bad
right -16.756918135903256
right -19.64316957186562
right -25.241432967926215
right -8.548127358147081
---------------------------------------
|             Epoch |              16 |
|             EpRet |            -183 |
|         EpRealRet |            -183 |
|         TestEpRet |           -19.4 |
|         AverageQ1 |           -49.9 |
|             StdQ1 |           0.772 |
|             MaxQ1 |           -36.7 |
|             MinQ1 |           -90.2 |
|                Q2 |           -49.9 |
|       TestSuccess |               0 |
| TotalEnvInteracts |        3.41e+06 |
|         TotalTime |         1.8e+03 |
---------------------------------------
bad
right -71.11668894096574
bad
right -18.639324568117907
right -9.512678879212547
bad
right -11.371436698668571
right -18.739549517977956
right -8.257578689607346
right -17.135385134205627
right -18.146694826904483
right -14.725069310243782
bad
right 0.8365218221213304
bad
bad
right -14.57320612184217
right -25.978540568073747
right -25.597143905293365
bad
right -22.808571386556224
---------------------------------------
|             Epoch |              17 |
|             EpRet |            -140 |
|         EpRealRet |            -140 |
|         TestEpRet |           -62.3 |
|         AverageQ1 |           -49.9 |
|             StdQ1 |           0.747 |
|             MaxQ1 |           -35.9 |
|             MinQ1 |           -53.2 |
|                Q2 |           -49.9 |
|       TestSuccess |               0 |
| TotalEnvInteracts |        3.61e+06 |
|         TotalTime |        1.89e+03 |
---------------------------------------
right -0.27620336946693413
bad
right -10.026974760352047
right -18.08865022906638
bad
right -12.814895937849794
right -33.805068781015954
bad
bad
right -4.5013823844787275
right -6.59860804311726
right -17.67274136794164
right -13.618229667962318
right -6.926653038899012
---------------------------------------
|             Epoch |              18 |
|             EpRet |            -156 |
|         EpRealRet |            -156 |
|         TestEpRet |           -26.1 |
|         AverageQ1 |           -49.9 |
|             StdQ1 |           0.764 |
|             MaxQ1 |           -32.9 |
|             MinQ1 |           -53.2 |
|                Q2 |           -49.9 |
|       TestSuccess |               0 |
| TotalEnvInteracts |        3.81e+06 |
|         TotalTime |        1.98e+03 |
---------------------------------------
right -14.223173795513546
right -2.8277546731049092
right -22.235357553181657
bad
right -9.56933718031317
right -10.828758491053875
right -14.181858240088768
right -9.411094469884326
bad
right -9.53636811200947
bad
right -11.348534948790402
right -7.870431269410936
right -15.136069705591673
right -6.654757375544843
right -9.482441873467906
bad
right -8.343384167169386
right -10.629805921025067
right -16.13601059310833
right -9.083859378104037
right -16.997568887869487
right -13.448353930513704
right -9.954703077349564
right -7.448107031802401
right -7.792679941982467
right -20.35128201962131
right -5.69180389506152
---------------------------------------
|             Epoch |              19 |
|             EpRet |            -161 |
|         EpRealRet |            -161 |
|         TestEpRet |           -72.9 |
|         AverageQ1 |           -49.9 |
|             StdQ1 |           0.731 |
|             MaxQ1 |             -34 |
|             MinQ1 |           -60.2 |
|                Q2 |           -49.9 |
|       TestSuccess |               0 |
| TotalEnvInteracts |        4.02e+06 |
|         TotalTime |        2.07e+03 |
---------------------------------------
right -8.015922967483316
right -31.07883410652815
right -19.154350370649404
bad
right -0.793152709556793
right -18.449031704342293
right -17.071511128168424
right -12.861031520650812
right -0.4736538038159317
right -12.511450023577165
right -19.962381882418576
right -20.253535611992362
right 0.25645446475321876
bad
right -11.772817690499604
right -23.84569303286745
bad
right -22.770034501699655
right -14.694301767642997
right -15.991432981665369
right -14.547164193416538
right -12.718836535315063
bad
right -23.556262827593997
right -24.264441068388017
right -1.9162606487883913
right -18.34107125971689
right -5.166774577335186
bad
---------------------------------------
|             Epoch |              20 |
|             EpRet |            -148 |
|         EpRealRet |            -148 |
|         TestEpRet |           -43.9 |
|         AverageQ1 |           -49.9 |
|             StdQ1 |           0.704 |
|             MaxQ1 |           -34.3 |
|             MinQ1 |           -54.9 |
|                Q2 |           -49.9 |
|       TestSuccess |               0 |
| TotalEnvInteracts |        4.22e+06 |
|         TotalTime |        2.15e+03 |
---------------------------------------
right -27.076324330515796
right -19.77261110327829
right -18.74453748332913
right 3.1175433779370216
right -14.990647880017658
right 2.417228424696974
right -4.164580511982285
right -26.18321850876385
right -15.735181925567773
right -19.27303757410645
right -20.225402893493914
right -4.614373293049859
right -10.435776268995724
right -1.440298019851955
right -23.81338369342658
right -16.732785872383722
right -10.164519715292233
right -17.127577244402307
right -9.620477858142806
right -22.01790882346984
right -5.385642982867742
right -16.638768967477752
right -17.636019411832564
right -12.515494264548373
right -11.212572145769858
right -4.222453516589578
right -17.01205991906846
right -12.135833921548564
right 7.4719075865143125
right -8.274831478143927
right -20.121995853485963
right -12.094070280037865
right -11.116574389621135
right -8.835094659388897
---------------------------------------
|             Epoch |              21 |
|             EpRet |            -143 |
|         EpRealRet |            -143 |
|         TestEpRet |           -65.6 |
|         AverageQ1 |           -49.9 |
|             StdQ1 |            0.68 |
|             MaxQ1 |           -34.8 |
|             MinQ1 |             -63 |
|                Q2 |           -49.9 |
|       TestSuccess |               0 |
| TotalEnvInteracts |        4.42e+06 |
|         TotalTime |        2.24e+03 |
---------------------------------------
right -17.678195904454455
right -0.2531949080561251
right -17.7051337442583
right -9.196410748936469
right -8.75010622417167
right -16.407373077120692
right -24.830260207836602
right -7.973536742373799
right -14.7698477194734
bad
right -18.6481255448912
right -5.964713791211679
right -24.79017553576886
right -27.226748931633622
right -10.57601834395907
right -21.47747664796508
right -16.68814851535402
right -15.314261566673405
right -33.557885600164
right -20.594926127861818
right -15.442265855852021
right 3.2955716828055444
right -26.566973165357567
right 3.2868675952153
right -15.513400698361075
right -19.520923911205497
right -21.477529665335577
right 1.5509674367250135
right -12.177565864853115
right -25.172697265585803
right -19.350055235275807
bad
bad
bad
right -10.208717467761375
bad
right -31.59302444918555
right -25.069925093334348
bad
---------------------------------------
|             Epoch |              22 |
|             EpRet |            -144 |
|         EpRealRet |            -144 |
|         TestEpRet |           -33.3 |
|         AverageQ1 |           -49.9 |
|             StdQ1 |           0.674 |
|             MaxQ1 |           -35.7 |
|             MinQ1 |           -53.7 |
|                Q2 |           -49.9 |
|       TestSuccess |               0 |
| TotalEnvInteracts |        4.62e+06 |
|         TotalTime |        2.33e+03 |
---------------------------------------
right -4.7548402290557235
right -13.42535334416084
right -15.059414707059517
right -14.57243004339487
bad
right -5.665411622183489
right -14.665161309753728
right -16.474775064883357
right -14.478171202791824
right 2.7546634341596015
---------------------------------------
|             Epoch |              23 |
|             EpRet |            -126 |
|         EpRealRet |            -126 |
|         TestEpRet |           -6.04 |
|         AverageQ1 |           -49.9 |
|             StdQ1 |           0.689 |
|             MaxQ1 |           -35.8 |
|             MinQ1 |           -52.8 |
|                Q2 |           -49.9 |
|       TestSuccess |               0 |
| TotalEnvInteracts |        4.82e+06 |
|         TotalTime |        2.42e+03 |
---------------------------------------
bad
right -8.956550878843
right -7.5153189935459075
right -0.8355056231590936
right -17.541940089540155
right -13.793785766056786
right -18.70861461592736
right -25.33886733536159
right -21.5217383867487
right -9.388055122008552
right -14.798401051450195
right -12.084244820115273
right -4.876513693614026
right -4.130764395295813
right -17.74519485845376
right -11.83423264372038
bad
right -6.980913994101201
bad
right -15.142940434569702
right -11.763025417086116
right -12.071283961346122
right -24.405348724102353
---------------------------------------
|             Epoch |              24 |
|             EpRet |            -143 |
|         EpRealRet |            -143 |
|         TestEpRet |           -49.8 |
|         AverageQ1 |           -49.9 |
|             StdQ1 |           0.691 |
|             MaxQ1 |           -35.6 |
|             MinQ1 |             -56 |
|                Q2 |           -49.9 |
|       TestSuccess |               0 |
| TotalEnvInteracts |        5.02e+06 |
|         TotalTime |        2.52e+03 |
---------------------------------------
right -20.486313223449287
bad
right -31.333983869307282
right -13.124132512596546
right -18.134873192471147
right -26.754257211848056
